[2024-11-10T11:37:23.693+0000] {local_task_job_runner.py:123} INFO - ::group::Pre task execution logs
[2024-11-10T11:37:23.723+0000] {taskinstance.py:2613} INFO - Dependencies all met for dep_context=non-requeueable deps ti=<TaskInstance: fetch_and_store_amazon_books.create_table scheduled__2024-07-06T00:00:00+00:00 [queued]>
[2024-11-10T11:37:23.739+0000] {taskinstance.py:2613} INFO - Dependencies all met for dep_context=requeueable deps ti=<TaskInstance: fetch_and_store_amazon_books.create_table scheduled__2024-07-06T00:00:00+00:00 [queued]>
[2024-11-10T11:37:23.740+0000] {taskinstance.py:2866} INFO - Starting attempt 1 of 2
[2024-11-10T11:37:23.763+0000] {taskinstance.py:2889} INFO - Executing <Task(PostgresOperator): create_table> on 2024-07-06 00:00:00+00:00
[2024-11-10T11:37:23.784+0000] {warnings.py:112} WARNING - /home/***/.local/lib/python3.12/site-packages/***/task/task_runner/standard_task_runner.py:70: DeprecationWarning: This process (pid=1408) is multi-threaded, use of fork() may lead to deadlocks in the child.
  pid = os.fork()

[2024-11-10T11:37:23.788+0000] {standard_task_runner.py:72} INFO - Started process 1444 to run task
[2024-11-10T11:37:23.787+0000] {standard_task_runner.py:104} INFO - Running: ['***', 'tasks', 'run', 'fetch_and_store_amazon_books', 'create_table', 'scheduled__2024-07-06T00:00:00+00:00', '--job-id', '87', '--raw', '--subdir', 'DAGS_FOLDER/app.py', '--cfg-path', '/tmp/tmp4_o1j3n9']
[2024-11-10T11:37:23.789+0000] {standard_task_runner.py:105} INFO - Job 87: Subtask create_table
[2024-11-10T11:37:23.879+0000] {task_command.py:467} INFO - Running <TaskInstance: fetch_and_store_amazon_books.create_table scheduled__2024-07-06T00:00:00+00:00 [running]> on host 0afc8c4a15bb
[2024-11-10T11:37:24.076+0000] {taskinstance.py:3132} INFO - Exporting env vars: AIRFLOW_CTX_DAG_OWNER='***' AIRFLOW_CTX_DAG_ID='fetch_and_store_amazon_books' AIRFLOW_CTX_TASK_ID='create_table' AIRFLOW_CTX_EXECUTION_DATE='2024-07-06T00:00:00+00:00' AIRFLOW_CTX_TRY_NUMBER='1' AIRFLOW_CTX_DAG_RUN_ID='scheduled__2024-07-06T00:00:00+00:00'
[2024-11-10T11:37:24.089+0000] {logging_mixin.py:190} INFO - Task instance is in running state
[2024-11-10T11:37:24.090+0000] {logging_mixin.py:190} INFO -  Previous state of the Task instance: queued
[2024-11-10T11:37:24.090+0000] {logging_mixin.py:190} INFO - Current task name:create_table state:running start_date:2024-11-10 11:37:23.724486+00:00
[2024-11-10T11:37:24.091+0000] {logging_mixin.py:190} INFO - Dag name:fetch_and_store_amazon_books and current dag run status:running
[2024-11-10T11:37:24.091+0000] {taskinstance.py:731} INFO - ::endgroup::
[2024-11-10T11:37:24.091+0000] {sql.py:278} INFO - Executing: 
    CREATE TABLE IF NOT EXISTS books (
        id SERIAL PRIMARY KEY,
        title TEXT NOT NULL,
        authors TEXT,
        price TEXT,
        rating TEXT
    );
    
[2024-11-10T11:37:24.130+0000] {base.py:84} INFO - Retrieving connection 'books_connection'
[2024-11-10T11:37:24.156+0000] {base.py:84} INFO - Retrieving connection 'books_connection'
[2024-11-10T11:37:24.172+0000] {sql.py:544} INFO - Running statement: 
    CREATE TABLE IF NOT EXISTS books (
        id SERIAL PRIMARY KEY,
        title TEXT NOT NULL,
        authors TEXT,
        price TEXT,
        rating TEXT
    );
    , parameters: None
[2024-11-10T11:37:24.203+0000] {taskinstance.py:340} INFO - ::group::Post task execution logs
[2024-11-10T11:37:24.204+0000] {taskinstance.py:352} INFO - Marking task as SUCCESS. dag_id=fetch_and_store_amazon_books, task_id=create_table, run_id=scheduled__2024-07-06T00:00:00+00:00, execution_date=20240706T000000, start_date=20241110T113723, end_date=20241110T113724
[2024-11-10T11:37:24.235+0000] {logging_mixin.py:190} INFO - Task instance in success state
[2024-11-10T11:37:24.235+0000] {logging_mixin.py:190} INFO -  Previous state of the Task instance: running
[2024-11-10T11:37:24.236+0000] {logging_mixin.py:190} INFO - Dag name:fetch_and_store_amazon_books queued_at:2024-11-10 11:37:03.195381+00:00
[2024-11-10T11:37:24.236+0000] {logging_mixin.py:190} INFO - Task hostname:0afc8c4a15bb operator:PostgresOperator
[2024-11-10T11:37:24.288+0000] {local_task_job_runner.py:266} INFO - Task exited with return code 0
[2024-11-10T11:37:24.308+0000] {local_task_job_runner.py:245} INFO - ::endgroup::
[2024-11-10T14:07:12.744+0000] {local_task_job_runner.py:123} INFO - ::group::Pre task execution logs
[2024-11-10T14:07:12.800+0000] {taskinstance.py:2613} INFO - Dependencies all met for dep_context=non-requeueable deps ti=<TaskInstance: fetch_and_store_amazon_books.create_table scheduled__2024-07-06T00:00:00+00:00 [queued]>
[2024-11-10T14:07:12.845+0000] {taskinstance.py:2613} INFO - Dependencies all met for dep_context=requeueable deps ti=<TaskInstance: fetch_and_store_amazon_books.create_table scheduled__2024-07-06T00:00:00+00:00 [queued]>
[2024-11-10T14:07:12.845+0000] {taskinstance.py:2866} INFO - Starting attempt 1 of 2
[2024-11-10T14:07:12.900+0000] {taskinstance.py:2889} INFO - Executing <Task(PostgresOperator): create_table> on 2024-07-06 00:00:00+00:00
[2024-11-10T14:07:12.944+0000] {standard_task_runner.py:104} INFO - Running: ['***', 'tasks', 'run', 'fetch_and_store_amazon_books', 'create_table', 'scheduled__2024-07-06T00:00:00+00:00', '--job-id', '301', '--raw', '--subdir', 'DAGS_FOLDER/app.py', '--cfg-path', '/tmp/tmppm36voeu']
[2024-11-10T14:07:12.936+0000] {warnings.py:112} WARNING - /home/***/.local/lib/python3.12/site-packages/***/task/task_runner/standard_task_runner.py:70: DeprecationWarning: This process (pid=4143) is multi-threaded, use of fork() may lead to deadlocks in the child.
  pid = os.fork()

[2024-11-10T14:07:12.946+0000] {standard_task_runner.py:105} INFO - Job 301: Subtask create_table
[2024-11-10T14:07:12.946+0000] {standard_task_runner.py:72} INFO - Started process 4180 to run task
[2024-11-10T14:07:13.195+0000] {task_command.py:467} INFO - Running <TaskInstance: fetch_and_store_amazon_books.create_table scheduled__2024-07-06T00:00:00+00:00 [running]> on host 0afc8c4a15bb
[2024-11-10T14:07:13.641+0000] {taskinstance.py:3132} INFO - Exporting env vars: AIRFLOW_CTX_DAG_OWNER='***' AIRFLOW_CTX_DAG_ID='fetch_and_store_amazon_books' AIRFLOW_CTX_TASK_ID='create_table' AIRFLOW_CTX_EXECUTION_DATE='2024-07-06T00:00:00+00:00' AIRFLOW_CTX_TRY_NUMBER='1' AIRFLOW_CTX_DAG_RUN_ID='scheduled__2024-07-06T00:00:00+00:00'
[2024-11-10T14:07:13.653+0000] {logging_mixin.py:190} INFO - Task instance is in running state
[2024-11-10T14:07:13.655+0000] {logging_mixin.py:190} INFO -  Previous state of the Task instance: queued
[2024-11-10T14:07:13.656+0000] {logging_mixin.py:190} INFO - Current task name:create_table state:running start_date:2024-11-10 14:07:12.801716+00:00
[2024-11-10T14:07:13.656+0000] {logging_mixin.py:190} INFO - Dag name:fetch_and_store_amazon_books and current dag run status:running
[2024-11-10T14:07:13.657+0000] {taskinstance.py:731} INFO - ::endgroup::
[2024-11-10T14:07:13.657+0000] {sql.py:278} INFO - Executing: 
    CREATE TABLE IF NOT EXISTS books (
        id SERIAL PRIMARY KEY,
        title TEXT NOT NULL,
        authors TEXT,
        price TEXT,
        rating TEXT
    );
    
[2024-11-10T14:07:13.702+0000] {base.py:84} INFO - Retrieving connection 'books_connection'
[2024-11-10T14:07:13.763+0000] {base.py:84} INFO - Retrieving connection 'books_connection'
[2024-11-10T14:07:13.785+0000] {sql.py:544} INFO - Running statement: 
    CREATE TABLE IF NOT EXISTS books (
        id SERIAL PRIMARY KEY,
        title TEXT NOT NULL,
        authors TEXT,
        price TEXT,
        rating TEXT
    );
    , parameters: None
[2024-11-10T14:07:13.844+0000] {taskinstance.py:340} INFO - ::group::Post task execution logs
[2024-11-10T14:07:13.845+0000] {taskinstance.py:352} INFO - Marking task as SUCCESS. dag_id=fetch_and_store_amazon_books, task_id=create_table, run_id=scheduled__2024-07-06T00:00:00+00:00, execution_date=20240706T000000, start_date=20241110T140712, end_date=20241110T140713
[2024-11-10T14:07:13.873+0000] {logging_mixin.py:190} INFO - Task instance in success state
[2024-11-10T14:07:13.874+0000] {logging_mixin.py:190} INFO -  Previous state of the Task instance: running
[2024-11-10T14:07:13.874+0000] {logging_mixin.py:190} INFO - Dag name:fetch_and_store_amazon_books queued_at:2024-11-10 14:06:49.140435+00:00
[2024-11-10T14:07:13.874+0000] {logging_mixin.py:190} INFO - Task hostname:0afc8c4a15bb operator:PostgresOperator
[2024-11-10T14:07:13.934+0000] {local_task_job_runner.py:266} INFO - Task exited with return code 0
[2024-11-10T14:07:14.034+0000] {taskinstance.py:3895} INFO - 1 downstream tasks scheduled from follow-on schedule check
[2024-11-10T14:07:14.044+0000] {local_task_job_runner.py:245} INFO - ::endgroup::
