[2024-11-10T11:37:18.966+0000] {local_task_job_runner.py:123} INFO - ::group::Pre task execution logs
[2024-11-10T11:37:19.013+0000] {taskinstance.py:2613} INFO - Dependencies all met for dep_context=non-requeueable deps ti=<TaskInstance: fetch_and_store_amazon_books.fetch_book_data scheduled__2024-07-15T00:00:00+00:00 [queued]>
[2024-11-10T11:37:19.037+0000] {taskinstance.py:2613} INFO - Dependencies all met for dep_context=requeueable deps ti=<TaskInstance: fetch_and_store_amazon_books.fetch_book_data scheduled__2024-07-15T00:00:00+00:00 [queued]>
[2024-11-10T11:37:19.037+0000] {taskinstance.py:2866} INFO - Starting attempt 1 of 2
[2024-11-10T11:37:19.064+0000] {taskinstance.py:2889} INFO - Executing <Task(PythonOperator): fetch_book_data> on 2024-07-15 00:00:00+00:00
[2024-11-10T11:37:19.098+0000] {warnings.py:112} WARNING - /home/***/.local/lib/python3.12/site-packages/***/task/task_runner/standard_task_runner.py:70: DeprecationWarning: This process (pid=1383) is multi-threaded, use of fork() may lead to deadlocks in the child.
  pid = os.fork()

[2024-11-10T11:37:19.103+0000] {standard_task_runner.py:72} INFO - Started process 1414 to run task
[2024-11-10T11:37:19.104+0000] {standard_task_runner.py:104} INFO - Running: ['***', 'tasks', 'run', 'fetch_and_store_amazon_books', 'fetch_book_data', 'scheduled__2024-07-15T00:00:00+00:00', '--job-id', '83', '--raw', '--subdir', 'DAGS_FOLDER/app.py', '--cfg-path', '/tmp/tmp7haxit5_']
[2024-11-10T11:37:19.107+0000] {standard_task_runner.py:105} INFO - Job 83: Subtask fetch_book_data
[2024-11-10T11:37:19.215+0000] {task_command.py:467} INFO - Running <TaskInstance: fetch_and_store_amazon_books.fetch_book_data scheduled__2024-07-15T00:00:00+00:00 [running]> on host 0afc8c4a15bb
[2024-11-10T11:37:19.469+0000] {taskinstance.py:3132} INFO - Exporting env vars: AIRFLOW_CTX_DAG_OWNER='***' AIRFLOW_CTX_DAG_ID='fetch_and_store_amazon_books' AIRFLOW_CTX_TASK_ID='fetch_book_data' AIRFLOW_CTX_EXECUTION_DATE='2024-07-15T00:00:00+00:00' AIRFLOW_CTX_TRY_NUMBER='1' AIRFLOW_CTX_DAG_RUN_ID='scheduled__2024-07-15T00:00:00+00:00'
[2024-11-10T11:37:19.475+0000] {logging_mixin.py:190} INFO - Task instance is in running state
[2024-11-10T11:37:19.476+0000] {logging_mixin.py:190} INFO -  Previous state of the Task instance: queued
[2024-11-10T11:37:19.476+0000] {logging_mixin.py:190} INFO - Current task name:fetch_book_data state:running start_date:2024-11-10 11:37:19.014983+00:00
[2024-11-10T11:37:19.476+0000] {logging_mixin.py:190} INFO - Dag name:fetch_and_store_amazon_books and current dag run status:running
[2024-11-10T11:37:19.477+0000] {taskinstance.py:731} INFO - ::endgroup::
[2024-11-10T11:37:21.181+0000] {logging_mixin.py:190} INFO - Failed to retrieve the page
[2024-11-10T11:37:21.210+0000] {python.py:240} INFO - Done. Returned value was: None
[2024-11-10T11:37:21.227+0000] {taskinstance.py:340} INFO - ::group::Post task execution logs
[2024-11-10T11:37:21.227+0000] {taskinstance.py:352} INFO - Marking task as SUCCESS. dag_id=fetch_and_store_amazon_books, task_id=fetch_book_data, run_id=scheduled__2024-07-15T00:00:00+00:00, execution_date=20240715T000000, start_date=20241110T113719, end_date=20241110T113721
[2024-11-10T11:37:21.244+0000] {logging_mixin.py:190} INFO - Task instance in success state
[2024-11-10T11:37:21.245+0000] {logging_mixin.py:190} INFO -  Previous state of the Task instance: running
[2024-11-10T11:37:21.246+0000] {logging_mixin.py:190} INFO - Dag name:fetch_and_store_amazon_books queued_at:2024-11-10 11:37:05.466085+00:00
[2024-11-10T11:37:21.246+0000] {logging_mixin.py:190} INFO - Task hostname:0afc8c4a15bb operator:PythonOperator
[2024-11-10T11:37:21.298+0000] {local_task_job_runner.py:266} INFO - Task exited with return code 0
[2024-11-10T11:37:21.315+0000] {local_task_job_runner.py:245} INFO - ::endgroup::
[2024-11-10T14:07:00.900+0000] {local_task_job_runner.py:123} INFO - ::group::Pre task execution logs
[2024-11-10T14:07:00.940+0000] {taskinstance.py:2613} INFO - Dependencies all met for dep_context=non-requeueable deps ti=<TaskInstance: fetch_and_store_amazon_books.fetch_book_data scheduled__2024-07-15T00:00:00+00:00 [queued]>
[2024-11-10T14:07:00.960+0000] {taskinstance.py:2613} INFO - Dependencies all met for dep_context=requeueable deps ti=<TaskInstance: fetch_and_store_amazon_books.fetch_book_data scheduled__2024-07-15T00:00:00+00:00 [queued]>
[2024-11-10T14:07:00.960+0000] {taskinstance.py:2866} INFO - Starting attempt 1 of 2
[2024-11-10T14:07:00.989+0000] {taskinstance.py:2889} INFO - Executing <Task(PythonOperator): fetch_book_data> on 2024-07-15 00:00:00+00:00
[2024-11-10T14:07:01.015+0000] {warnings.py:112} WARNING - /home/***/.local/lib/python3.12/site-packages/***/task/task_runner/standard_task_runner.py:70: DeprecationWarning: This process (pid=4108) is multi-threaded, use of fork() may lead to deadlocks in the child.
  pid = os.fork()

[2024-11-10T14:07:01.020+0000] {standard_task_runner.py:72} INFO - Started process 4137 to run task
[2024-11-10T14:07:01.023+0000] {standard_task_runner.py:104} INFO - Running: ['***', 'tasks', 'run', 'fetch_and_store_amazon_books', 'fetch_book_data', 'scheduled__2024-07-15T00:00:00+00:00', '--job-id', '296', '--raw', '--subdir', 'DAGS_FOLDER/app.py', '--cfg-path', '/tmp/tmpjx4q8mab']
[2024-11-10T14:07:01.025+0000] {standard_task_runner.py:105} INFO - Job 296: Subtask fetch_book_data
[2024-11-10T14:07:01.131+0000] {task_command.py:467} INFO - Running <TaskInstance: fetch_and_store_amazon_books.fetch_book_data scheduled__2024-07-15T00:00:00+00:00 [running]> on host 0afc8c4a15bb
[2024-11-10T14:07:01.295+0000] {taskinstance.py:3132} INFO - Exporting env vars: AIRFLOW_CTX_DAG_OWNER='***' AIRFLOW_CTX_DAG_ID='fetch_and_store_amazon_books' AIRFLOW_CTX_TASK_ID='fetch_book_data' AIRFLOW_CTX_EXECUTION_DATE='2024-07-15T00:00:00+00:00' AIRFLOW_CTX_TRY_NUMBER='1' AIRFLOW_CTX_DAG_RUN_ID='scheduled__2024-07-15T00:00:00+00:00'
[2024-11-10T14:07:01.298+0000] {logging_mixin.py:190} INFO - Task instance is in running state
[2024-11-10T14:07:01.299+0000] {logging_mixin.py:190} INFO -  Previous state of the Task instance: queued
[2024-11-10T14:07:01.300+0000] {logging_mixin.py:190} INFO - Current task name:fetch_book_data state:running start_date:2024-11-10 14:07:00.941160+00:00
[2024-11-10T14:07:01.300+0000] {logging_mixin.py:190} INFO - Dag name:fetch_and_store_amazon_books and current dag run status:running
[2024-11-10T14:07:01.301+0000] {taskinstance.py:731} INFO - ::endgroup::
[2024-11-10T14:07:04.804+0000] {python.py:240} INFO - Done. Returned value was: None
[2024-11-10T14:07:04.829+0000] {taskinstance.py:340} INFO - ::group::Post task execution logs
[2024-11-10T14:07:04.830+0000] {taskinstance.py:352} INFO - Marking task as SUCCESS. dag_id=fetch_and_store_amazon_books, task_id=fetch_book_data, run_id=scheduled__2024-07-15T00:00:00+00:00, execution_date=20240715T000000, start_date=20241110T140700, end_date=20241110T140704
[2024-11-10T14:07:05.063+0000] {logging_mixin.py:190} INFO - Task instance in success state
[2024-11-10T14:07:05.064+0000] {logging_mixin.py:190} INFO -  Previous state of the Task instance: running
[2024-11-10T14:07:05.065+0000] {logging_mixin.py:190} INFO - Dag name:fetch_and_store_amazon_books queued_at:2024-11-10 14:06:51.582205+00:00
[2024-11-10T14:07:05.066+0000] {logging_mixin.py:190} INFO - Task hostname:0afc8c4a15bb operator:PythonOperator
[2024-11-10T14:07:05.165+0000] {local_task_job_runner.py:266} INFO - Task exited with return code 0
[2024-11-10T14:07:05.255+0000] {taskinstance.py:3895} INFO - 1 downstream tasks scheduled from follow-on schedule check
[2024-11-10T14:07:05.266+0000] {local_task_job_runner.py:245} INFO - ::endgroup::
