[2024-11-10T11:37:18.786+0000] {local_task_job_runner.py:123} INFO - ::group::Pre task execution logs
[2024-11-10T11:37:18.889+0000] {taskinstance.py:2613} INFO - Dependencies all met for dep_context=non-requeueable deps ti=<TaskInstance: fetch_and_store_amazon_books.fetch_book_data scheduled__2024-07-13T00:00:00+00:00 [queued]>
[2024-11-10T11:37:18.933+0000] {taskinstance.py:2613} INFO - Dependencies all met for dep_context=requeueable deps ti=<TaskInstance: fetch_and_store_amazon_books.fetch_book_data scheduled__2024-07-13T00:00:00+00:00 [queued]>
[2024-11-10T11:37:18.934+0000] {taskinstance.py:2866} INFO - Starting attempt 1 of 2
[2024-11-10T11:37:19.186+0000] {taskinstance.py:2889} INFO - Executing <Task(PythonOperator): fetch_book_data> on 2024-07-13 00:00:00+00:00
[2024-11-10T11:37:19.217+0000] {warnings.py:112} WARNING - /home/***/.local/lib/python3.12/site-packages/***/task/task_runner/standard_task_runner.py:70: DeprecationWarning: This process (pid=1379) is multi-threaded, use of fork() may lead to deadlocks in the child.
  pid = os.fork()

[2024-11-10T11:37:19.221+0000] {standard_task_runner.py:72} INFO - Started process 1416 to run task
[2024-11-10T11:37:19.229+0000] {standard_task_runner.py:104} INFO - Running: ['***', 'tasks', 'run', 'fetch_and_store_amazon_books', 'fetch_book_data', 'scheduled__2024-07-13T00:00:00+00:00', '--job-id', '82', '--raw', '--subdir', 'DAGS_FOLDER/app.py', '--cfg-path', '/tmp/tmprt2va2wy']
[2024-11-10T11:37:19.231+0000] {standard_task_runner.py:105} INFO - Job 82: Subtask fetch_book_data
[2024-11-10T11:37:19.352+0000] {task_command.py:467} INFO - Running <TaskInstance: fetch_and_store_amazon_books.fetch_book_data scheduled__2024-07-13T00:00:00+00:00 [running]> on host 0afc8c4a15bb
[2024-11-10T11:37:19.529+0000] {taskinstance.py:3132} INFO - Exporting env vars: AIRFLOW_CTX_DAG_OWNER='***' AIRFLOW_CTX_DAG_ID='fetch_and_store_amazon_books' AIRFLOW_CTX_TASK_ID='fetch_book_data' AIRFLOW_CTX_EXECUTION_DATE='2024-07-13T00:00:00+00:00' AIRFLOW_CTX_TRY_NUMBER='1' AIRFLOW_CTX_DAG_RUN_ID='scheduled__2024-07-13T00:00:00+00:00'
[2024-11-10T11:37:19.532+0000] {logging_mixin.py:190} INFO - Task instance is in running state
[2024-11-10T11:37:19.533+0000] {logging_mixin.py:190} INFO -  Previous state of the Task instance: queued
[2024-11-10T11:37:19.533+0000] {logging_mixin.py:190} INFO - Current task name:fetch_book_data state:running start_date:2024-11-10 11:37:18.891090+00:00
[2024-11-10T11:37:19.533+0000] {logging_mixin.py:190} INFO - Dag name:fetch_and_store_amazon_books and current dag run status:running
[2024-11-10T11:37:19.533+0000] {taskinstance.py:731} INFO - ::endgroup::
[2024-11-10T11:37:20.920+0000] {logging_mixin.py:190} INFO - Failed to retrieve the page
[2024-11-10T11:37:20.947+0000] {python.py:240} INFO - Done. Returned value was: None
[2024-11-10T11:37:20.962+0000] {taskinstance.py:340} INFO - ::group::Post task execution logs
[2024-11-10T11:37:20.963+0000] {taskinstance.py:352} INFO - Marking task as SUCCESS. dag_id=fetch_and_store_amazon_books, task_id=fetch_book_data, run_id=scheduled__2024-07-13T00:00:00+00:00, execution_date=20240713T000000, start_date=20241110T113718, end_date=20241110T113720
[2024-11-10T11:37:20.976+0000] {logging_mixin.py:190} INFO - Task instance in success state
[2024-11-10T11:37:20.976+0000] {logging_mixin.py:190} INFO -  Previous state of the Task instance: running
[2024-11-10T11:37:20.977+0000] {logging_mixin.py:190} INFO - Dag name:fetch_and_store_amazon_books queued_at:2024-11-10 11:37:04.783056+00:00
[2024-11-10T11:37:20.977+0000] {logging_mixin.py:190} INFO - Task hostname:0afc8c4a15bb operator:PythonOperator
[2024-11-10T11:37:21.018+0000] {local_task_job_runner.py:266} INFO - Task exited with return code 0
[2024-11-10T11:37:21.034+0000] {local_task_job_runner.py:245} INFO - ::endgroup::
[2024-11-10T14:07:00.647+0000] {local_task_job_runner.py:123} INFO - ::group::Pre task execution logs
[2024-11-10T14:07:00.682+0000] {taskinstance.py:2613} INFO - Dependencies all met for dep_context=non-requeueable deps ti=<TaskInstance: fetch_and_store_amazon_books.fetch_book_data scheduled__2024-07-13T00:00:00+00:00 [queued]>
[2024-11-10T14:07:00.704+0000] {taskinstance.py:2613} INFO - Dependencies all met for dep_context=requeueable deps ti=<TaskInstance: fetch_and_store_amazon_books.fetch_book_data scheduled__2024-07-13T00:00:00+00:00 [queued]>
[2024-11-10T14:07:00.704+0000] {taskinstance.py:2866} INFO - Starting attempt 1 of 2
[2024-11-10T14:07:00.738+0000] {taskinstance.py:2889} INFO - Executing <Task(PythonOperator): fetch_book_data> on 2024-07-13 00:00:00+00:00
[2024-11-10T14:07:00.763+0000] {warnings.py:112} WARNING - /home/***/.local/lib/python3.12/site-packages/***/task/task_runner/standard_task_runner.py:70: DeprecationWarning: This process (pid=4103) is multi-threaded, use of fork() may lead to deadlocks in the child.
  pid = os.fork()

[2024-11-10T14:07:00.770+0000] {standard_task_runner.py:72} INFO - Started process 4133 to run task
[2024-11-10T14:07:00.770+0000] {standard_task_runner.py:104} INFO - Running: ['***', 'tasks', 'run', 'fetch_and_store_amazon_books', 'fetch_book_data', 'scheduled__2024-07-13T00:00:00+00:00', '--job-id', '294', '--raw', '--subdir', 'DAGS_FOLDER/app.py', '--cfg-path', '/tmp/tmp26stl_82']
[2024-11-10T14:07:00.771+0000] {standard_task_runner.py:105} INFO - Job 294: Subtask fetch_book_data
[2024-11-10T14:07:00.890+0000] {task_command.py:467} INFO - Running <TaskInstance: fetch_and_store_amazon_books.fetch_book_data scheduled__2024-07-13T00:00:00+00:00 [running]> on host 0afc8c4a15bb
[2024-11-10T14:07:01.096+0000] {taskinstance.py:3132} INFO - Exporting env vars: AIRFLOW_CTX_DAG_OWNER='***' AIRFLOW_CTX_DAG_ID='fetch_and_store_amazon_books' AIRFLOW_CTX_TASK_ID='fetch_book_data' AIRFLOW_CTX_EXECUTION_DATE='2024-07-13T00:00:00+00:00' AIRFLOW_CTX_TRY_NUMBER='1' AIRFLOW_CTX_DAG_RUN_ID='scheduled__2024-07-13T00:00:00+00:00'
[2024-11-10T14:07:01.101+0000] {logging_mixin.py:190} INFO - Task instance is in running state
[2024-11-10T14:07:01.103+0000] {logging_mixin.py:190} INFO -  Previous state of the Task instance: queued
[2024-11-10T14:07:01.104+0000] {logging_mixin.py:190} INFO - Current task name:fetch_book_data state:running start_date:2024-11-10 14:07:00.683821+00:00
[2024-11-10T14:07:01.105+0000] {logging_mixin.py:190} INFO - Dag name:fetch_and_store_amazon_books and current dag run status:running
[2024-11-10T14:07:01.106+0000] {taskinstance.py:731} INFO - ::endgroup::
[2024-11-10T14:07:03.451+0000] {python.py:240} INFO - Done. Returned value was: None
[2024-11-10T14:07:03.484+0000] {taskinstance.py:340} INFO - ::group::Post task execution logs
[2024-11-10T14:07:03.485+0000] {taskinstance.py:352} INFO - Marking task as SUCCESS. dag_id=fetch_and_store_amazon_books, task_id=fetch_book_data, run_id=scheduled__2024-07-13T00:00:00+00:00, execution_date=20240713T000000, start_date=20241110T140700, end_date=20241110T140703
[2024-11-10T14:07:03.511+0000] {logging_mixin.py:190} INFO - Task instance in success state
[2024-11-10T14:07:03.513+0000] {logging_mixin.py:190} INFO -  Previous state of the Task instance: running
[2024-11-10T14:07:03.514+0000] {logging_mixin.py:190} INFO - Dag name:fetch_and_store_amazon_books queued_at:2024-11-10 14:06:50.666136+00:00
[2024-11-10T14:07:03.515+0000] {logging_mixin.py:190} INFO - Task hostname:0afc8c4a15bb operator:PythonOperator
[2024-11-10T14:07:03.568+0000] {local_task_job_runner.py:266} INFO - Task exited with return code 0
[2024-11-10T14:07:03.606+0000] {local_task_job_runner.py:245} INFO - ::endgroup::
