[2024-11-10T11:30:55.336+0000] {local_task_job_runner.py:123} INFO - ::group::Pre task execution logs
[2024-11-10T11:30:55.465+0000] {taskinstance.py:2613} INFO - Dependencies all met for dep_context=non-requeueable deps ti=<TaskInstance: fetch_and_store_amazon_books.fetch_book_data scheduled__2024-06-25T00:00:00+00:00 [queued]>
[2024-11-10T11:30:55.504+0000] {taskinstance.py:2613} INFO - Dependencies all met for dep_context=requeueable deps ti=<TaskInstance: fetch_and_store_amazon_books.fetch_book_data scheduled__2024-06-25T00:00:00+00:00 [queued]>
[2024-11-10T11:30:55.506+0000] {taskinstance.py:2866} INFO - Starting attempt 1 of 2
[2024-11-10T11:30:55.558+0000] {taskinstance.py:2889} INFO - Executing <Task(PythonOperator): fetch_book_data> on 2024-06-25 00:00:00+00:00
[2024-11-10T11:30:55.600+0000] {warnings.py:112} WARNING - /home/***/.local/lib/python3.12/site-packages/***/task/task_runner/standard_task_runner.py:70: DeprecationWarning: This process (pid=1021) is multi-threaded, use of fork() may lead to deadlocks in the child.
  pid = os.fork()

[2024-11-10T11:30:55.605+0000] {standard_task_runner.py:72} INFO - Started process 1096 to run task
[2024-11-10T11:30:55.631+0000] {standard_task_runner.py:104} INFO - Running: ['***', 'tasks', 'run', 'fetch_and_store_amazon_books', 'fetch_book_data', 'scheduled__2024-06-25T00:00:00+00:00', '--job-id', '20', '--raw', '--subdir', 'DAGS_FOLDER/app.py', '--cfg-path', '/tmp/tmpwb7drv6m']
[2024-11-10T11:30:55.633+0000] {standard_task_runner.py:105} INFO - Job 20: Subtask fetch_book_data
[2024-11-10T11:30:55.861+0000] {task_command.py:467} INFO - Running <TaskInstance: fetch_and_store_amazon_books.fetch_book_data scheduled__2024-06-25T00:00:00+00:00 [running]> on host 0afc8c4a15bb
[2024-11-10T11:30:56.112+0000] {taskinstance.py:3132} INFO - Exporting env vars: AIRFLOW_CTX_DAG_OWNER='***' AIRFLOW_CTX_DAG_ID='fetch_and_store_amazon_books' AIRFLOW_CTX_TASK_ID='fetch_book_data' AIRFLOW_CTX_EXECUTION_DATE='2024-06-25T00:00:00+00:00' AIRFLOW_CTX_TRY_NUMBER='1' AIRFLOW_CTX_DAG_RUN_ID='scheduled__2024-06-25T00:00:00+00:00'
[2024-11-10T11:30:56.115+0000] {logging_mixin.py:190} INFO - Task instance is in running state
[2024-11-10T11:30:56.115+0000] {logging_mixin.py:190} INFO -  Previous state of the Task instance: queued
[2024-11-10T11:30:56.115+0000] {logging_mixin.py:190} INFO - Current task name:fetch_book_data state:running start_date:2024-11-10 11:30:55.467062+00:00
[2024-11-10T11:30:56.116+0000] {logging_mixin.py:190} INFO - Dag name:fetch_and_store_amazon_books and current dag run status:running
[2024-11-10T11:30:56.116+0000] {taskinstance.py:731} INFO - ::endgroup::
[2024-11-10T11:30:57.272+0000] {logging_mixin.py:190} INFO - Failed to retrieve the page
[2024-11-10T11:30:57.380+0000] {python.py:240} INFO - Done. Returned value was: None
[2024-11-10T11:30:57.427+0000] {taskinstance.py:340} INFO - ::group::Post task execution logs
[2024-11-10T11:30:57.430+0000] {taskinstance.py:352} INFO - Marking task as SUCCESS. dag_id=fetch_and_store_amazon_books, task_id=fetch_book_data, run_id=scheduled__2024-06-25T00:00:00+00:00, execution_date=20240625T000000, start_date=20241110T113055, end_date=20241110T113057
[2024-11-10T11:30:57.476+0000] {logging_mixin.py:190} INFO - Task instance in success state
[2024-11-10T11:30:57.477+0000] {logging_mixin.py:190} INFO -  Previous state of the Task instance: running
[2024-11-10T11:30:57.480+0000] {logging_mixin.py:190} INFO - Dag name:fetch_and_store_amazon_books queued_at:2024-11-10 11:30:17.312387+00:00
[2024-11-10T11:30:57.480+0000] {logging_mixin.py:190} INFO - Task hostname:0afc8c4a15bb operator:PythonOperator
[2024-11-10T11:30:57.521+0000] {local_task_job_runner.py:266} INFO - Task exited with return code 0
[2024-11-10T11:30:57.579+0000] {taskinstance.py:3895} INFO - 1 downstream tasks scheduled from follow-on schedule check
[2024-11-10T11:30:57.586+0000] {local_task_job_runner.py:245} INFO - ::endgroup::
[2024-11-10T14:06:06.694+0000] {local_task_job_runner.py:123} INFO - ::group::Pre task execution logs
[2024-11-10T14:06:06.781+0000] {taskinstance.py:2613} INFO - Dependencies all met for dep_context=non-requeueable deps ti=<TaskInstance: fetch_and_store_amazon_books.fetch_book_data scheduled__2024-06-25T00:00:00+00:00 [queued]>
[2024-11-10T14:06:06.829+0000] {taskinstance.py:2613} INFO - Dependencies all met for dep_context=requeueable deps ti=<TaskInstance: fetch_and_store_amazon_books.fetch_book_data scheduled__2024-06-25T00:00:00+00:00 [queued]>
[2024-11-10T14:06:06.829+0000] {taskinstance.py:2866} INFO - Starting attempt 1 of 2
[2024-11-10T14:06:07.213+0000] {taskinstance.py:2889} INFO - Executing <Task(PythonOperator): fetch_book_data> on 2024-06-25 00:00:00+00:00
[2024-11-10T14:06:07.335+0000] {warnings.py:112} WARNING - /home/***/.local/lib/python3.12/site-packages/***/task/task_runner/standard_task_runner.py:70: DeprecationWarning: This process (pid=3892) is multi-threaded, use of fork() may lead to deadlocks in the child.
  pid = os.fork()

[2024-11-10T14:06:07.340+0000] {standard_task_runner.py:72} INFO - Started process 3932 to run task
[2024-11-10T14:06:07.364+0000] {standard_task_runner.py:104} INFO - Running: ['***', 'tasks', 'run', 'fetch_and_store_amazon_books', 'fetch_book_data', 'scheduled__2024-06-25T00:00:00+00:00', '--job-id', '245', '--raw', '--subdir', 'DAGS_FOLDER/app.py', '--cfg-path', '/tmp/tmp5siskij6']
[2024-11-10T14:06:07.366+0000] {standard_task_runner.py:105} INFO - Job 245: Subtask fetch_book_data
[2024-11-10T14:06:07.742+0000] {task_command.py:467} INFO - Running <TaskInstance: fetch_and_store_amazon_books.fetch_book_data scheduled__2024-06-25T00:00:00+00:00 [running]> on host 0afc8c4a15bb
[2024-11-10T14:06:08.340+0000] {taskinstance.py:3132} INFO - Exporting env vars: AIRFLOW_CTX_DAG_OWNER='***' AIRFLOW_CTX_DAG_ID='fetch_and_store_amazon_books' AIRFLOW_CTX_TASK_ID='fetch_book_data' AIRFLOW_CTX_EXECUTION_DATE='2024-06-25T00:00:00+00:00' AIRFLOW_CTX_TRY_NUMBER='1' AIRFLOW_CTX_DAG_RUN_ID='scheduled__2024-06-25T00:00:00+00:00'
[2024-11-10T14:06:08.343+0000] {logging_mixin.py:190} INFO - Task instance is in running state
[2024-11-10T14:06:08.344+0000] {logging_mixin.py:190} INFO -  Previous state of the Task instance: queued
[2024-11-10T14:06:08.345+0000] {logging_mixin.py:190} INFO - Current task name:fetch_book_data state:running start_date:2024-11-10 14:06:06.782238+00:00
[2024-11-10T14:06:08.345+0000] {logging_mixin.py:190} INFO - Dag name:fetch_and_store_amazon_books and current dag run status:running
[2024-11-10T14:06:08.345+0000] {taskinstance.py:731} INFO - ::endgroup::
[2024-11-10T14:06:10.908+0000] {python.py:240} INFO - Done. Returned value was: None
[2024-11-10T14:06:10.961+0000] {taskinstance.py:340} INFO - ::group::Post task execution logs
[2024-11-10T14:06:10.962+0000] {taskinstance.py:352} INFO - Marking task as SUCCESS. dag_id=fetch_and_store_amazon_books, task_id=fetch_book_data, run_id=scheduled__2024-06-25T00:00:00+00:00, execution_date=20240625T000000, start_date=20241110T140606, end_date=20241110T140610
[2024-11-10T14:06:11.000+0000] {logging_mixin.py:190} INFO - Task instance in success state
[2024-11-10T14:06:11.005+0000] {logging_mixin.py:190} INFO -  Previous state of the Task instance: running
[2024-11-10T14:06:11.009+0000] {logging_mixin.py:190} INFO - Dag name:fetch_and_store_amazon_books queued_at:2024-11-10 14:05:19.239270+00:00
[2024-11-10T14:06:11.013+0000] {logging_mixin.py:190} INFO - Task hostname:0afc8c4a15bb operator:PythonOperator
[2024-11-10T14:06:11.100+0000] {local_task_job_runner.py:266} INFO - Task exited with return code 0
[2024-11-10T14:06:11.221+0000] {taskinstance.py:3895} INFO - 1 downstream tasks scheduled from follow-on schedule check
[2024-11-10T14:06:11.229+0000] {local_task_job_runner.py:245} INFO - ::endgroup::
