[2024-11-10T11:42:54.975+0000] {local_task_job_runner.py:123} INFO - ::group::Pre task execution logs
[2024-11-10T11:42:55.001+0000] {taskinstance.py:2613} INFO - Dependencies all met for dep_context=non-requeueable deps ti=<TaskInstance: fetch_and_store_amazon_books.fetch_book_data scheduled__2024-07-21T00:00:00+00:00 [queued]>
[2024-11-10T11:42:55.011+0000] {taskinstance.py:2613} INFO - Dependencies all met for dep_context=requeueable deps ti=<TaskInstance: fetch_and_store_amazon_books.fetch_book_data scheduled__2024-07-21T00:00:00+00:00 [queued]>
[2024-11-10T11:42:55.011+0000] {taskinstance.py:2866} INFO - Starting attempt 1 of 2
[2024-11-10T11:42:55.027+0000] {taskinstance.py:2889} INFO - Executing <Task(PythonOperator): fetch_book_data> on 2024-07-21 00:00:00+00:00
[2024-11-10T11:42:55.043+0000] {warnings.py:112} WARNING - /home/***/.local/lib/python3.12/site-packages/***/task/task_runner/standard_task_runner.py:70: DeprecationWarning: This process (pid=1681) is multi-threaded, use of fork() may lead to deadlocks in the child.
  pid = os.fork()

[2024-11-10T11:42:55.044+0000] {standard_task_runner.py:72} INFO - Started process 1695 to run task
[2024-11-10T11:42:55.047+0000] {standard_task_runner.py:104} INFO - Running: ['***', 'tasks', 'run', 'fetch_and_store_amazon_books', 'fetch_book_data', 'scheduled__2024-07-21T00:00:00+00:00', '--job-id', '137', '--raw', '--subdir', 'DAGS_FOLDER/app.py', '--cfg-path', '/tmp/tmpsxwreqo8']
[2024-11-10T11:42:55.048+0000] {standard_task_runner.py:105} INFO - Job 137: Subtask fetch_book_data
[2024-11-10T11:42:55.130+0000] {task_command.py:467} INFO - Running <TaskInstance: fetch_and_store_amazon_books.fetch_book_data scheduled__2024-07-21T00:00:00+00:00 [running]> on host 0afc8c4a15bb
[2024-11-10T11:42:55.265+0000] {taskinstance.py:3132} INFO - Exporting env vars: AIRFLOW_CTX_DAG_OWNER='***' AIRFLOW_CTX_DAG_ID='fetch_and_store_amazon_books' AIRFLOW_CTX_TASK_ID='fetch_book_data' AIRFLOW_CTX_EXECUTION_DATE='2024-07-21T00:00:00+00:00' AIRFLOW_CTX_TRY_NUMBER='1' AIRFLOW_CTX_DAG_RUN_ID='scheduled__2024-07-21T00:00:00+00:00'
[2024-11-10T11:42:55.268+0000] {logging_mixin.py:190} INFO - Task instance is in running state
[2024-11-10T11:42:55.268+0000] {logging_mixin.py:190} INFO -  Previous state of the Task instance: queued
[2024-11-10T11:42:55.269+0000] {logging_mixin.py:190} INFO - Current task name:fetch_book_data state:running start_date:2024-11-10 11:42:55.002157+00:00
[2024-11-10T11:42:55.269+0000] {logging_mixin.py:190} INFO - Dag name:fetch_and_store_amazon_books and current dag run status:running
[2024-11-10T11:42:55.269+0000] {taskinstance.py:731} INFO - ::endgroup::
[2024-11-10T11:42:57.228+0000] {logging_mixin.py:190} INFO - Failed to retrieve the page
[2024-11-10T11:42:57.252+0000] {python.py:240} INFO - Done. Returned value was: None
[2024-11-10T11:42:57.265+0000] {taskinstance.py:340} INFO - ::group::Post task execution logs
[2024-11-10T11:42:57.265+0000] {taskinstance.py:352} INFO - Marking task as SUCCESS. dag_id=fetch_and_store_amazon_books, task_id=fetch_book_data, run_id=scheduled__2024-07-21T00:00:00+00:00, execution_date=20240721T000000, start_date=20241110T114255, end_date=20241110T114257
[2024-11-10T11:42:57.277+0000] {logging_mixin.py:190} INFO - Task instance in success state
[2024-11-10T11:42:57.278+0000] {logging_mixin.py:190} INFO -  Previous state of the Task instance: running
[2024-11-10T11:42:57.278+0000] {logging_mixin.py:190} INFO - Dag name:fetch_and_store_amazon_books queued_at:2024-11-10 11:42:47.622879+00:00
[2024-11-10T11:42:57.278+0000] {logging_mixin.py:190} INFO - Task hostname:0afc8c4a15bb operator:PythonOperator
[2024-11-10T11:42:57.307+0000] {local_task_job_runner.py:266} INFO - Task exited with return code 0
[2024-11-10T11:42:57.344+0000] {taskinstance.py:3895} INFO - 1 downstream tasks scheduled from follow-on schedule check
[2024-11-10T11:42:57.346+0000] {local_task_job_runner.py:245} INFO - ::endgroup::
[2024-11-10T14:07:35.283+0000] {local_task_job_runner.py:123} INFO - ::group::Pre task execution logs
[2024-11-10T14:07:35.363+0000] {taskinstance.py:2613} INFO - Dependencies all met for dep_context=non-requeueable deps ti=<TaskInstance: fetch_and_store_amazon_books.fetch_book_data scheduled__2024-07-21T00:00:00+00:00 [queued]>
[2024-11-10T14:07:35.388+0000] {taskinstance.py:2613} INFO - Dependencies all met for dep_context=requeueable deps ti=<TaskInstance: fetch_and_store_amazon_books.fetch_book_data scheduled__2024-07-21T00:00:00+00:00 [queued]>
[2024-11-10T14:07:35.389+0000] {taskinstance.py:2866} INFO - Starting attempt 1 of 2
[2024-11-10T14:07:35.429+0000] {taskinstance.py:2889} INFO - Executing <Task(PythonOperator): fetch_book_data> on 2024-07-21 00:00:00+00:00
[2024-11-10T14:07:35.471+0000] {warnings.py:112} WARNING - /home/***/.local/lib/python3.12/site-packages/***/task/task_runner/standard_task_runner.py:70: DeprecationWarning: This process (pid=4258) is multi-threaded, use of fork() may lead to deadlocks in the child.
  pid = os.fork()

[2024-11-10T14:07:35.475+0000] {standard_task_runner.py:72} INFO - Started process 4282 to run task
[2024-11-10T14:07:35.484+0000] {standard_task_runner.py:104} INFO - Running: ['***', 'tasks', 'run', 'fetch_and_store_amazon_books', 'fetch_book_data', 'scheduled__2024-07-21T00:00:00+00:00', '--job-id', '328', '--raw', '--subdir', 'DAGS_FOLDER/app.py', '--cfg-path', '/tmp/tmpmw5sma5n']
[2024-11-10T14:07:35.498+0000] {standard_task_runner.py:105} INFO - Job 328: Subtask fetch_book_data
[2024-11-10T14:07:35.676+0000] {task_command.py:467} INFO - Running <TaskInstance: fetch_and_store_amazon_books.fetch_book_data scheduled__2024-07-21T00:00:00+00:00 [running]> on host 0afc8c4a15bb
[2024-11-10T14:07:35.885+0000] {taskinstance.py:3132} INFO - Exporting env vars: AIRFLOW_CTX_DAG_OWNER='***' AIRFLOW_CTX_DAG_ID='fetch_and_store_amazon_books' AIRFLOW_CTX_TASK_ID='fetch_book_data' AIRFLOW_CTX_EXECUTION_DATE='2024-07-21T00:00:00+00:00' AIRFLOW_CTX_TRY_NUMBER='1' AIRFLOW_CTX_DAG_RUN_ID='scheduled__2024-07-21T00:00:00+00:00'
[2024-11-10T14:07:35.888+0000] {logging_mixin.py:190} INFO - Task instance is in running state
[2024-11-10T14:07:35.889+0000] {logging_mixin.py:190} INFO -  Previous state of the Task instance: queued
[2024-11-10T14:07:35.889+0000] {logging_mixin.py:190} INFO - Current task name:fetch_book_data state:running start_date:2024-11-10 14:07:35.364110+00:00
[2024-11-10T14:07:35.889+0000] {logging_mixin.py:190} INFO - Dag name:fetch_and_store_amazon_books and current dag run status:running
[2024-11-10T14:07:35.890+0000] {taskinstance.py:731} INFO - ::endgroup::
[2024-11-10T14:07:38.173+0000] {python.py:240} INFO - Done. Returned value was: None
[2024-11-10T14:07:38.192+0000] {taskinstance.py:340} INFO - ::group::Post task execution logs
[2024-11-10T14:07:38.193+0000] {taskinstance.py:352} INFO - Marking task as SUCCESS. dag_id=fetch_and_store_amazon_books, task_id=fetch_book_data, run_id=scheduled__2024-07-21T00:00:00+00:00, execution_date=20240721T000000, start_date=20241110T140735, end_date=20241110T140738
[2024-11-10T14:07:38.214+0000] {logging_mixin.py:190} INFO - Task instance in success state
[2024-11-10T14:07:38.215+0000] {logging_mixin.py:190} INFO -  Previous state of the Task instance: running
[2024-11-10T14:07:38.216+0000] {logging_mixin.py:190} INFO - Dag name:fetch_and_store_amazon_books queued_at:2024-11-10 14:07:30.154866+00:00
[2024-11-10T14:07:38.216+0000] {logging_mixin.py:190} INFO - Task hostname:0afc8c4a15bb operator:PythonOperator
[2024-11-10T14:07:38.277+0000] {local_task_job_runner.py:266} INFO - Task exited with return code 0
[2024-11-10T14:07:38.323+0000] {taskinstance.py:3895} INFO - 1 downstream tasks scheduled from follow-on schedule check
[2024-11-10T14:07:38.330+0000] {local_task_job_runner.py:245} INFO - ::endgroup::
