[2024-11-21T10:41:45.627+0000] {local_task_job_runner.py:123} INFO - ::group::Pre task execution logs
[2024-11-21T10:41:45.687+0000] {taskinstance.py:2613} INFO - Dependencies all met for dep_context=non-requeueable deps ti=<TaskInstance: fetch_and_store_amazon_books.fetch_book_data scheduled__2024-11-18T00:00:00+00:00 [queued]>
[2024-11-21T10:41:45.777+0000] {taskinstance.py:2613} INFO - Dependencies all met for dep_context=requeueable deps ti=<TaskInstance: fetch_and_store_amazon_books.fetch_book_data scheduled__2024-11-18T00:00:00+00:00 [queued]>
[2024-11-21T10:41:45.778+0000] {taskinstance.py:2866} INFO - Starting attempt 1 of 2
[2024-11-21T10:41:45.827+0000] {taskinstance.py:2889} INFO - Executing <Task(PythonOperator): fetch_book_data> on 2024-11-18 00:00:00+00:00
[2024-11-21T10:41:45.918+0000] {warnings.py:112} WARNING - /home/***/.local/lib/python3.12/site-packages/***/task/task_runner/standard_task_runner.py:70: DeprecationWarning: This process (pid=86) is multi-threaded, use of fork() may lead to deadlocks in the child.
  pid = os.fork()

[2024-11-21T10:41:45.926+0000] {standard_task_runner.py:72} INFO - Started process 115 to run task
[2024-11-21T10:41:45.929+0000] {standard_task_runner.py:104} INFO - Running: ['***', 'tasks', 'run', 'fetch_and_store_amazon_books', 'fetch_book_data', 'scheduled__2024-11-18T00:00:00+00:00', '--job-id', '730', '--raw', '--subdir', 'DAGS_FOLDER/app.py', '--cfg-path', '/tmp/tmpalacy880']
[2024-11-21T10:41:45.932+0000] {standard_task_runner.py:105} INFO - Job 730: Subtask fetch_book_data
[2024-11-21T10:41:46.307+0000] {task_command.py:467} INFO - Running <TaskInstance: fetch_and_store_amazon_books.fetch_book_data scheduled__2024-11-18T00:00:00+00:00 [running]> on host d7c00e6bf294
[2024-11-21T10:41:46.598+0000] {taskinstance.py:3132} INFO - Exporting env vars: AIRFLOW_CTX_DAG_OWNER='***' AIRFLOW_CTX_DAG_ID='fetch_and_store_amazon_books' AIRFLOW_CTX_TASK_ID='fetch_book_data' AIRFLOW_CTX_EXECUTION_DATE='2024-11-18T00:00:00+00:00' AIRFLOW_CTX_TRY_NUMBER='1' AIRFLOW_CTX_DAG_RUN_ID='scheduled__2024-11-18T00:00:00+00:00'
[2024-11-21T10:41:46.604+0000] {logging_mixin.py:190} INFO - Task instance is in running state
[2024-11-21T10:41:46.604+0000] {logging_mixin.py:190} INFO -  Previous state of the Task instance: queued
[2024-11-21T10:41:46.605+0000] {logging_mixin.py:190} INFO - Current task name:fetch_book_data state:running start_date:2024-11-21 10:41:45.691856+00:00
[2024-11-21T10:41:46.605+0000] {logging_mixin.py:190} INFO - Dag name:fetch_and_store_amazon_books and current dag run status:running
[2024-11-21T10:41:46.605+0000] {taskinstance.py:731} INFO - ::endgroup::
[2024-11-21T10:41:51.871+0000] {python.py:240} INFO - Done. Returned value was: None
[2024-11-21T10:41:51.886+0000] {taskinstance.py:340} INFO - ::group::Post task execution logs
[2024-11-21T10:41:51.887+0000] {taskinstance.py:352} INFO - Marking task as SUCCESS. dag_id=fetch_and_store_amazon_books, task_id=fetch_book_data, run_id=scheduled__2024-11-18T00:00:00+00:00, execution_date=20241118T000000, start_date=20241121T104145, end_date=20241121T104151
[2024-11-21T10:41:51.909+0000] {logging_mixin.py:190} INFO - Task instance in success state
[2024-11-21T10:41:51.910+0000] {logging_mixin.py:190} INFO -  Previous state of the Task instance: running
[2024-11-21T10:41:51.910+0000] {logging_mixin.py:190} INFO - Dag name:fetch_and_store_amazon_books queued_at:2024-11-21 10:41:34.263142+00:00
[2024-11-21T10:41:51.911+0000] {logging_mixin.py:190} INFO - Task hostname:d7c00e6bf294 operator:PythonOperator
[2024-11-21T10:41:51.950+0000] {local_task_job_runner.py:266} INFO - Task exited with return code 0
[2024-11-21T10:41:51.999+0000] {taskinstance.py:3895} INFO - 1 downstream tasks scheduled from follow-on schedule check
[2024-11-21T10:41:52.003+0000] {local_task_job_runner.py:245} INFO - ::endgroup::
