[2024-11-10T11:41:20.815+0000] {local_task_job_runner.py:123} INFO - ::group::Pre task execution logs
[2024-11-10T11:41:20.840+0000] {taskinstance.py:2613} INFO - Dependencies all met for dep_context=non-requeueable deps ti=<TaskInstance: fetch_and_store_amazon_books.create_table scheduled__2024-07-18T00:00:00+00:00 [queued]>
[2024-11-10T11:41:20.850+0000] {taskinstance.py:2613} INFO - Dependencies all met for dep_context=requeueable deps ti=<TaskInstance: fetch_and_store_amazon_books.create_table scheduled__2024-07-18T00:00:00+00:00 [queued]>
[2024-11-10T11:41:20.851+0000] {taskinstance.py:2866} INFO - Starting attempt 1 of 2
[2024-11-10T11:41:20.867+0000] {taskinstance.py:2889} INFO - Executing <Task(PostgresOperator): create_table> on 2024-07-18 00:00:00+00:00
[2024-11-10T11:41:20.885+0000] {warnings.py:112} WARNING - /home/***/.local/lib/python3.12/site-packages/***/task/task_runner/standard_task_runner.py:70: DeprecationWarning: This process (pid=1578) is multi-threaded, use of fork() may lead to deadlocks in the child.
  pid = os.fork()

[2024-11-10T11:41:20.887+0000] {standard_task_runner.py:72} INFO - Started process 1580 to run task
[2024-11-10T11:41:20.888+0000] {standard_task_runner.py:104} INFO - Running: ['***', 'tasks', 'run', 'fetch_and_store_amazon_books', 'create_table', 'scheduled__2024-07-18T00:00:00+00:00', '--job-id', '114', '--raw', '--subdir', 'DAGS_FOLDER/app.py', '--cfg-path', '/tmp/tmp82vozd8d']
[2024-11-10T11:41:20.889+0000] {standard_task_runner.py:105} INFO - Job 114: Subtask create_table
[2024-11-10T11:41:20.950+0000] {task_command.py:467} INFO - Running <TaskInstance: fetch_and_store_amazon_books.create_table scheduled__2024-07-18T00:00:00+00:00 [running]> on host 0afc8c4a15bb
[2024-11-10T11:41:21.049+0000] {taskinstance.py:3132} INFO - Exporting env vars: AIRFLOW_CTX_DAG_OWNER='***' AIRFLOW_CTX_DAG_ID='fetch_and_store_amazon_books' AIRFLOW_CTX_TASK_ID='create_table' AIRFLOW_CTX_EXECUTION_DATE='2024-07-18T00:00:00+00:00' AIRFLOW_CTX_TRY_NUMBER='1' AIRFLOW_CTX_DAG_RUN_ID='scheduled__2024-07-18T00:00:00+00:00'
[2024-11-10T11:41:21.050+0000] {logging_mixin.py:190} INFO - Task instance is in running state
[2024-11-10T11:41:21.051+0000] {logging_mixin.py:190} INFO -  Previous state of the Task instance: queued
[2024-11-10T11:41:21.051+0000] {logging_mixin.py:190} INFO - Current task name:create_table state:running start_date:2024-11-10 11:41:20.840468+00:00
[2024-11-10T11:41:21.051+0000] {logging_mixin.py:190} INFO - Dag name:fetch_and_store_amazon_books and current dag run status:running
[2024-11-10T11:41:21.051+0000] {taskinstance.py:731} INFO - ::endgroup::
[2024-11-10T11:41:21.052+0000] {sql.py:278} INFO - Executing: 
    CREATE TABLE IF NOT EXISTS books (
        id SERIAL PRIMARY KEY,
        title TEXT NOT NULL,
        authors TEXT,
        price TEXT,
        rating TEXT
    );
    
[2024-11-10T11:41:21.063+0000] {base.py:84} INFO - Retrieving connection 'books_connection'
[2024-11-10T11:41:21.073+0000] {base.py:84} INFO - Retrieving connection 'books_connection'
[2024-11-10T11:41:21.082+0000] {sql.py:544} INFO - Running statement: 
    CREATE TABLE IF NOT EXISTS books (
        id SERIAL PRIMARY KEY,
        title TEXT NOT NULL,
        authors TEXT,
        price TEXT,
        rating TEXT
    );
    , parameters: None
[2024-11-10T11:41:21.100+0000] {taskinstance.py:340} INFO - ::group::Post task execution logs
[2024-11-10T11:41:21.101+0000] {taskinstance.py:352} INFO - Marking task as SUCCESS. dag_id=fetch_and_store_amazon_books, task_id=create_table, run_id=scheduled__2024-07-18T00:00:00+00:00, execution_date=20240718T000000, start_date=20241110T114120, end_date=20241110T114121
[2024-11-10T11:41:21.114+0000] {logging_mixin.py:190} INFO - Task instance in success state
[2024-11-10T11:41:21.115+0000] {logging_mixin.py:190} INFO -  Previous state of the Task instance: running
[2024-11-10T11:41:21.115+0000] {logging_mixin.py:190} INFO - Dag name:fetch_and_store_amazon_books queued_at:2024-11-10 11:41:14.300505+00:00
[2024-11-10T11:41:21.115+0000] {logging_mixin.py:190} INFO - Task hostname:0afc8c4a15bb operator:PostgresOperator
[2024-11-10T11:41:21.142+0000] {local_task_job_runner.py:266} INFO - Task exited with return code 0
[2024-11-10T11:41:21.168+0000] {taskinstance.py:3895} INFO - 1 downstream tasks scheduled from follow-on schedule check
[2024-11-10T11:41:21.170+0000] {local_task_job_runner.py:245} INFO - ::endgroup::
[2024-11-10T14:07:44.109+0000] {local_task_job_runner.py:123} INFO - ::group::Pre task execution logs
[2024-11-10T14:07:44.156+0000] {taskinstance.py:2613} INFO - Dependencies all met for dep_context=non-requeueable deps ti=<TaskInstance: fetch_and_store_amazon_books.create_table scheduled__2024-07-18T00:00:00+00:00 [queued]>
[2024-11-10T14:07:44.189+0000] {taskinstance.py:2613} INFO - Dependencies all met for dep_context=requeueable deps ti=<TaskInstance: fetch_and_store_amazon_books.create_table scheduled__2024-07-18T00:00:00+00:00 [queued]>
[2024-11-10T14:07:44.190+0000] {taskinstance.py:2866} INFO - Starting attempt 1 of 2
[2024-11-10T14:07:44.591+0000] {taskinstance.py:2889} INFO - Executing <Task(PostgresOperator): create_table> on 2024-07-18 00:00:00+00:00
[2024-11-10T14:07:44.623+0000] {warnings.py:112} WARNING - /home/***/.local/lib/python3.12/site-packages/***/task/task_runner/standard_task_runner.py:70: DeprecationWarning: This process (pid=4298) is multi-threaded, use of fork() may lead to deadlocks in the child.
  pid = os.fork()

[2024-11-10T14:07:44.627+0000] {standard_task_runner.py:72} INFO - Started process 4331 to run task
[2024-11-10T14:07:44.639+0000] {standard_task_runner.py:104} INFO - Running: ['***', 'tasks', 'run', 'fetch_and_store_amazon_books', 'create_table', 'scheduled__2024-07-18T00:00:00+00:00', '--job-id', '341', '--raw', '--subdir', 'DAGS_FOLDER/app.py', '--cfg-path', '/tmp/tmp6xwtwf86']
[2024-11-10T14:07:44.643+0000] {standard_task_runner.py:105} INFO - Job 341: Subtask create_table
[2024-11-10T14:07:44.823+0000] {task_command.py:467} INFO - Running <TaskInstance: fetch_and_store_amazon_books.create_table scheduled__2024-07-18T00:00:00+00:00 [running]> on host 0afc8c4a15bb
[2024-11-10T14:07:45.106+0000] {taskinstance.py:3132} INFO - Exporting env vars: AIRFLOW_CTX_DAG_OWNER='***' AIRFLOW_CTX_DAG_ID='fetch_and_store_amazon_books' AIRFLOW_CTX_TASK_ID='create_table' AIRFLOW_CTX_EXECUTION_DATE='2024-07-18T00:00:00+00:00' AIRFLOW_CTX_TRY_NUMBER='1' AIRFLOW_CTX_DAG_RUN_ID='scheduled__2024-07-18T00:00:00+00:00'
[2024-11-10T14:07:45.110+0000] {logging_mixin.py:190} INFO - Task instance is in running state
[2024-11-10T14:07:45.110+0000] {logging_mixin.py:190} INFO -  Previous state of the Task instance: queued
[2024-11-10T14:07:45.112+0000] {logging_mixin.py:190} INFO - Current task name:create_table state:running start_date:2024-11-10 14:07:44.156971+00:00
[2024-11-10T14:07:45.112+0000] {logging_mixin.py:190} INFO - Dag name:fetch_and_store_amazon_books and current dag run status:running
[2024-11-10T14:07:45.113+0000] {taskinstance.py:731} INFO - ::endgroup::
[2024-11-10T14:07:45.113+0000] {sql.py:278} INFO - Executing: 
    CREATE TABLE IF NOT EXISTS books (
        id SERIAL PRIMARY KEY,
        title TEXT NOT NULL,
        authors TEXT,
        price TEXT,
        rating TEXT
    );
    
[2024-11-10T14:07:45.136+0000] {base.py:84} INFO - Retrieving connection 'books_connection'
[2024-11-10T14:07:45.157+0000] {base.py:84} INFO - Retrieving connection 'books_connection'
[2024-11-10T14:07:45.170+0000] {sql.py:544} INFO - Running statement: 
    CREATE TABLE IF NOT EXISTS books (
        id SERIAL PRIMARY KEY,
        title TEXT NOT NULL,
        authors TEXT,
        price TEXT,
        rating TEXT
    );
    , parameters: None
[2024-11-10T14:07:45.195+0000] {taskinstance.py:340} INFO - ::group::Post task execution logs
[2024-11-10T14:07:45.196+0000] {taskinstance.py:352} INFO - Marking task as SUCCESS. dag_id=fetch_and_store_amazon_books, task_id=create_table, run_id=scheduled__2024-07-18T00:00:00+00:00, execution_date=20240718T000000, start_date=20241110T140744, end_date=20241110T140745
[2024-11-10T14:07:45.225+0000] {logging_mixin.py:190} INFO - Task instance in success state
[2024-11-10T14:07:45.226+0000] {logging_mixin.py:190} INFO -  Previous state of the Task instance: running
[2024-11-10T14:07:45.226+0000] {logging_mixin.py:190} INFO - Dag name:fetch_and_store_amazon_books queued_at:2024-11-10 14:07:29.699689+00:00
[2024-11-10T14:07:45.227+0000] {logging_mixin.py:190} INFO - Task hostname:0afc8c4a15bb operator:PostgresOperator
[2024-11-10T14:07:45.297+0000] {local_task_job_runner.py:266} INFO - Task exited with return code 0
[2024-11-10T14:07:45.361+0000] {taskinstance.py:3895} INFO - 1 downstream tasks scheduled from follow-on schedule check
[2024-11-10T14:07:45.366+0000] {local_task_job_runner.py:245} INFO - ::endgroup::
