[2024-11-10T11:43:24.616+0000] {local_task_job_runner.py:123} INFO - ::group::Pre task execution logs
[2024-11-10T11:43:24.735+0000] {taskinstance.py:2613} INFO - Dependencies all met for dep_context=non-requeueable deps ti=<TaskInstance: fetch_and_store_amazon_books.create_table scheduled__2024-08-01T00:00:00+00:00 [queued]>
[2024-11-10T11:43:24.785+0000] {taskinstance.py:2613} INFO - Dependencies all met for dep_context=requeueable deps ti=<TaskInstance: fetch_and_store_amazon_books.create_table scheduled__2024-08-01T00:00:00+00:00 [queued]>
[2024-11-10T11:43:24.786+0000] {taskinstance.py:2866} INFO - Starting attempt 1 of 2
[2024-11-10T11:43:24.946+0000] {taskinstance.py:2889} INFO - Executing <Task(PostgresOperator): create_table> on 2024-08-01 00:00:00+00:00
[2024-11-10T11:43:24.991+0000] {warnings.py:112} WARNING - /home/***/.local/lib/python3.12/site-packages/***/task/task_runner/standard_task_runner.py:70: DeprecationWarning: This process (pid=1775) is multi-threaded, use of fork() may lead to deadlocks in the child.
  pid = os.fork()

[2024-11-10T11:43:24.999+0000] {standard_task_runner.py:72} INFO - Started process 1819 to run task
[2024-11-10T11:43:25.003+0000] {standard_task_runner.py:104} INFO - Running: ['***', 'tasks', 'run', 'fetch_and_store_amazon_books', 'create_table', 'scheduled__2024-08-01T00:00:00+00:00', '--job-id', '164', '--raw', '--subdir', 'DAGS_FOLDER/app.py', '--cfg-path', '/tmp/tmputjhgzfv']
[2024-11-10T11:43:25.005+0000] {standard_task_runner.py:105} INFO - Job 164: Subtask create_table
[2024-11-10T11:43:25.214+0000] {task_command.py:467} INFO - Running <TaskInstance: fetch_and_store_amazon_books.create_table scheduled__2024-08-01T00:00:00+00:00 [running]> on host 0afc8c4a15bb
[2024-11-10T11:43:25.625+0000] {taskinstance.py:3132} INFO - Exporting env vars: AIRFLOW_CTX_DAG_OWNER='***' AIRFLOW_CTX_DAG_ID='fetch_and_store_amazon_books' AIRFLOW_CTX_TASK_ID='create_table' AIRFLOW_CTX_EXECUTION_DATE='2024-08-01T00:00:00+00:00' AIRFLOW_CTX_TRY_NUMBER='1' AIRFLOW_CTX_DAG_RUN_ID='scheduled__2024-08-01T00:00:00+00:00'
[2024-11-10T11:43:25.631+0000] {logging_mixin.py:190} INFO - Task instance is in running state
[2024-11-10T11:43:25.632+0000] {logging_mixin.py:190} INFO -  Previous state of the Task instance: queued
[2024-11-10T11:43:25.633+0000] {logging_mixin.py:190} INFO - Current task name:create_table state:running start_date:2024-11-10 11:43:24.739589+00:00
[2024-11-10T11:43:25.633+0000] {logging_mixin.py:190} INFO - Dag name:fetch_and_store_amazon_books and current dag run status:running
[2024-11-10T11:43:25.633+0000] {taskinstance.py:731} INFO - ::endgroup::
[2024-11-10T11:43:25.634+0000] {sql.py:278} INFO - Executing: 
    CREATE TABLE IF NOT EXISTS books (
        id SERIAL PRIMARY KEY,
        title TEXT NOT NULL,
        authors TEXT,
        price TEXT,
        rating TEXT
    );
    
[2024-11-10T11:43:25.661+0000] {base.py:84} INFO - Retrieving connection 'books_connection'
[2024-11-10T11:43:25.702+0000] {base.py:84} INFO - Retrieving connection 'books_connection'
[2024-11-10T11:43:25.718+0000] {sql.py:544} INFO - Running statement: 
    CREATE TABLE IF NOT EXISTS books (
        id SERIAL PRIMARY KEY,
        title TEXT NOT NULL,
        authors TEXT,
        price TEXT,
        rating TEXT
    );
    , parameters: None
[2024-11-10T11:43:25.750+0000] {taskinstance.py:340} INFO - ::group::Post task execution logs
[2024-11-10T11:43:25.751+0000] {taskinstance.py:352} INFO - Marking task as SUCCESS. dag_id=fetch_and_store_amazon_books, task_id=create_table, run_id=scheduled__2024-08-01T00:00:00+00:00, execution_date=20240801T000000, start_date=20241110T114324, end_date=20241110T114325
[2024-11-10T11:43:25.770+0000] {logging_mixin.py:190} INFO - Task instance in success state
[2024-11-10T11:43:25.770+0000] {logging_mixin.py:190} INFO -  Previous state of the Task instance: running
[2024-11-10T11:43:25.771+0000] {logging_mixin.py:190} INFO - Dag name:fetch_and_store_amazon_books queued_at:2024-11-10 11:43:06.083125+00:00
[2024-11-10T11:43:25.771+0000] {logging_mixin.py:190} INFO - Task hostname:0afc8c4a15bb operator:PostgresOperator
[2024-11-10T11:43:25.844+0000] {local_task_job_runner.py:266} INFO - Task exited with return code 0
[2024-11-10T11:43:25.911+0000] {taskinstance.py:3895} INFO - 1 downstream tasks scheduled from follow-on schedule check
[2024-11-10T11:43:25.920+0000] {local_task_job_runner.py:245} INFO - ::endgroup::
[2024-11-10T14:08:13.534+0000] {local_task_job_runner.py:123} INFO - ::group::Pre task execution logs
[2024-11-10T14:08:13.571+0000] {taskinstance.py:2613} INFO - Dependencies all met for dep_context=non-requeueable deps ti=<TaskInstance: fetch_and_store_amazon_books.create_table scheduled__2024-08-01T00:00:00+00:00 [queued]>
[2024-11-10T14:08:13.590+0000] {taskinstance.py:2613} INFO - Dependencies all met for dep_context=requeueable deps ti=<TaskInstance: fetch_and_store_amazon_books.create_table scheduled__2024-08-01T00:00:00+00:00 [queued]>
[2024-11-10T14:08:13.591+0000] {taskinstance.py:2866} INFO - Starting attempt 1 of 2
[2024-11-10T14:08:13.620+0000] {taskinstance.py:2889} INFO - Executing <Task(PostgresOperator): create_table> on 2024-08-01 00:00:00+00:00
[2024-11-10T14:08:13.645+0000] {warnings.py:112} WARNING - /home/***/.local/lib/python3.12/site-packages/***/task/task_runner/standard_task_runner.py:70: DeprecationWarning: This process (pid=4450) is multi-threaded, use of fork() may lead to deadlocks in the child.
  pid = os.fork()

[2024-11-10T14:08:13.649+0000] {standard_task_runner.py:72} INFO - Started process 4472 to run task
[2024-11-10T14:08:13.652+0000] {standard_task_runner.py:104} INFO - Running: ['***', 'tasks', 'run', 'fetch_and_store_amazon_books', 'create_table', 'scheduled__2024-08-01T00:00:00+00:00', '--job-id', '374', '--raw', '--subdir', 'DAGS_FOLDER/app.py', '--cfg-path', '/tmp/tmpvmg66qmz']
[2024-11-10T14:08:13.654+0000] {standard_task_runner.py:105} INFO - Job 374: Subtask create_table
[2024-11-10T14:08:13.762+0000] {task_command.py:467} INFO - Running <TaskInstance: fetch_and_store_amazon_books.create_table scheduled__2024-08-01T00:00:00+00:00 [running]> on host 0afc8c4a15bb
[2024-11-10T14:08:13.954+0000] {taskinstance.py:3132} INFO - Exporting env vars: AIRFLOW_CTX_DAG_OWNER='***' AIRFLOW_CTX_DAG_ID='fetch_and_store_amazon_books' AIRFLOW_CTX_TASK_ID='create_table' AIRFLOW_CTX_EXECUTION_DATE='2024-08-01T00:00:00+00:00' AIRFLOW_CTX_TRY_NUMBER='1' AIRFLOW_CTX_DAG_RUN_ID='scheduled__2024-08-01T00:00:00+00:00'
[2024-11-10T14:08:13.957+0000] {logging_mixin.py:190} INFO - Task instance is in running state
[2024-11-10T14:08:13.958+0000] {logging_mixin.py:190} INFO -  Previous state of the Task instance: queued
[2024-11-10T14:08:13.958+0000] {logging_mixin.py:190} INFO - Current task name:create_table state:running start_date:2024-11-10 14:08:13.571677+00:00
[2024-11-10T14:08:13.958+0000] {logging_mixin.py:190} INFO - Dag name:fetch_and_store_amazon_books and current dag run status:running
[2024-11-10T14:08:13.959+0000] {taskinstance.py:731} INFO - ::endgroup::
[2024-11-10T14:08:13.959+0000] {sql.py:278} INFO - Executing: 
    CREATE TABLE IF NOT EXISTS books (
        id SERIAL PRIMARY KEY,
        title TEXT NOT NULL,
        authors TEXT,
        price TEXT,
        rating TEXT
    );
    
[2024-11-10T14:08:13.979+0000] {base.py:84} INFO - Retrieving connection 'books_connection'
[2024-11-10T14:08:14.002+0000] {base.py:84} INFO - Retrieving connection 'books_connection'
[2024-11-10T14:08:14.021+0000] {sql.py:544} INFO - Running statement: 
    CREATE TABLE IF NOT EXISTS books (
        id SERIAL PRIMARY KEY,
        title TEXT NOT NULL,
        authors TEXT,
        price TEXT,
        rating TEXT
    );
    , parameters: None
[2024-11-10T14:08:14.055+0000] {taskinstance.py:340} INFO - ::group::Post task execution logs
[2024-11-10T14:08:14.056+0000] {taskinstance.py:352} INFO - Marking task as SUCCESS. dag_id=fetch_and_store_amazon_books, task_id=create_table, run_id=scheduled__2024-08-01T00:00:00+00:00, execution_date=20240801T000000, start_date=20241110T140813, end_date=20241110T140814
[2024-11-10T14:08:14.079+0000] {logging_mixin.py:190} INFO - Task instance in success state
[2024-11-10T14:08:14.080+0000] {logging_mixin.py:190} INFO -  Previous state of the Task instance: running
[2024-11-10T14:08:14.081+0000] {logging_mixin.py:190} INFO - Dag name:fetch_and_store_amazon_books queued_at:2024-11-10 14:08:01.908215+00:00
[2024-11-10T14:08:14.081+0000] {logging_mixin.py:190} INFO - Task hostname:0afc8c4a15bb operator:PostgresOperator
[2024-11-10T14:08:14.151+0000] {local_task_job_runner.py:266} INFO - Task exited with return code 0
[2024-11-10T14:08:14.175+0000] {local_task_job_runner.py:245} INFO - ::endgroup::
