[2024-11-10T11:31:12.276+0000] {local_task_job_runner.py:123} INFO - ::group::Pre task execution logs
[2024-11-10T11:31:12.342+0000] {taskinstance.py:2613} INFO - Dependencies all met for dep_context=non-requeueable deps ti=<TaskInstance: fetch_and_store_amazon_books.create_table scheduled__2024-06-23T00:00:00+00:00 [queued]>
[2024-11-10T11:31:12.365+0000] {taskinstance.py:2613} INFO - Dependencies all met for dep_context=requeueable deps ti=<TaskInstance: fetch_and_store_amazon_books.create_table scheduled__2024-06-23T00:00:00+00:00 [queued]>
[2024-11-10T11:31:12.365+0000] {taskinstance.py:2866} INFO - Starting attempt 1 of 2
[2024-11-10T11:31:12.437+0000] {taskinstance.py:2889} INFO - Executing <Task(PostgresOperator): create_table> on 2024-06-23 00:00:00+00:00
[2024-11-10T11:31:12.469+0000] {warnings.py:112} WARNING - /home/***/.local/lib/python3.12/site-packages/***/task/task_runner/standard_task_runner.py:70: DeprecationWarning: This process (pid=1071) is multi-threaded, use of fork() may lead to deadlocks in the child.
  pid = os.fork()

[2024-11-10T11:31:12.474+0000] {standard_task_runner.py:72} INFO - Started process 1122 to run task
[2024-11-10T11:31:12.481+0000] {standard_task_runner.py:104} INFO - Running: ['***', 'tasks', 'run', 'fetch_and_store_amazon_books', 'create_table', 'scheduled__2024-06-23T00:00:00+00:00', '--job-id', '26', '--raw', '--subdir', 'DAGS_FOLDER/app.py', '--cfg-path', '/tmp/tmp_b9pjnzc']
[2024-11-10T11:31:12.484+0000] {standard_task_runner.py:105} INFO - Job 26: Subtask create_table
[2024-11-10T11:31:12.650+0000] {task_command.py:467} INFO - Running <TaskInstance: fetch_and_store_amazon_books.create_table scheduled__2024-06-23T00:00:00+00:00 [running]> on host 0afc8c4a15bb
[2024-11-10T11:31:13.056+0000] {taskinstance.py:3132} INFO - Exporting env vars: AIRFLOW_CTX_DAG_OWNER='***' AIRFLOW_CTX_DAG_ID='fetch_and_store_amazon_books' AIRFLOW_CTX_TASK_ID='create_table' AIRFLOW_CTX_EXECUTION_DATE='2024-06-23T00:00:00+00:00' AIRFLOW_CTX_TRY_NUMBER='1' AIRFLOW_CTX_DAG_RUN_ID='scheduled__2024-06-23T00:00:00+00:00'
[2024-11-10T11:31:13.083+0000] {logging_mixin.py:190} INFO - Task instance is in running state
[2024-11-10T11:31:13.084+0000] {logging_mixin.py:190} INFO -  Previous state of the Task instance: queued
[2024-11-10T11:31:13.085+0000] {logging_mixin.py:190} INFO - Current task name:create_table state:running start_date:2024-11-10 11:31:12.343434+00:00
[2024-11-10T11:31:13.086+0000] {logging_mixin.py:190} INFO - Dag name:fetch_and_store_amazon_books and current dag run status:running
[2024-11-10T11:31:13.086+0000] {taskinstance.py:731} INFO - ::endgroup::
[2024-11-10T11:31:13.088+0000] {sql.py:278} INFO - Executing: 
    CREATE TABLE IF NOT EXISTS books (
        id SERIAL PRIMARY KEY,
        title TEXT NOT NULL,
        authors TEXT,
        price TEXT,
        rating TEXT
    );
    
[2024-11-10T11:31:13.135+0000] {base.py:84} INFO - Retrieving connection 'books_connection'
[2024-11-10T11:31:13.227+0000] {base.py:84} INFO - Retrieving connection 'books_connection'
[2024-11-10T11:31:13.273+0000] {sql.py:544} INFO - Running statement: 
    CREATE TABLE IF NOT EXISTS books (
        id SERIAL PRIMARY KEY,
        title TEXT NOT NULL,
        authors TEXT,
        price TEXT,
        rating TEXT
    );
    , parameters: None
[2024-11-10T11:31:13.359+0000] {taskinstance.py:340} INFO - ::group::Post task execution logs
[2024-11-10T11:31:13.365+0000] {taskinstance.py:352} INFO - Marking task as SUCCESS. dag_id=fetch_and_store_amazon_books, task_id=create_table, run_id=scheduled__2024-06-23T00:00:00+00:00, execution_date=20240623T000000, start_date=20241110T113112, end_date=20241110T113113
[2024-11-10T11:31:13.434+0000] {logging_mixin.py:190} INFO - Task instance in success state
[2024-11-10T11:31:13.439+0000] {logging_mixin.py:190} INFO -  Previous state of the Task instance: running
[2024-11-10T11:31:13.441+0000] {logging_mixin.py:190} INFO - Dag name:fetch_and_store_amazon_books queued_at:2024-11-10 11:30:17.036906+00:00
[2024-11-10T11:31:13.441+0000] {logging_mixin.py:190} INFO - Task hostname:0afc8c4a15bb operator:PostgresOperator
[2024-11-10T11:31:13.514+0000] {local_task_job_runner.py:266} INFO - Task exited with return code 0
[2024-11-10T11:31:13.566+0000] {local_task_job_runner.py:245} INFO - ::endgroup::
[2024-11-10T14:06:22.988+0000] {local_task_job_runner.py:123} INFO - ::group::Pre task execution logs
[2024-11-10T14:06:23.065+0000] {taskinstance.py:2613} INFO - Dependencies all met for dep_context=non-requeueable deps ti=<TaskInstance: fetch_and_store_amazon_books.create_table scheduled__2024-06-23T00:00:00+00:00 [queued]>
[2024-11-10T14:06:23.134+0000] {taskinstance.py:2613} INFO - Dependencies all met for dep_context=requeueable deps ti=<TaskInstance: fetch_and_store_amazon_books.create_table scheduled__2024-06-23T00:00:00+00:00 [queued]>
[2024-11-10T14:06:23.144+0000] {taskinstance.py:2866} INFO - Starting attempt 1 of 2
[2024-11-10T14:06:23.305+0000] {taskinstance.py:2889} INFO - Executing <Task(PostgresOperator): create_table> on 2024-06-23 00:00:00+00:00
[2024-11-10T14:06:23.448+0000] {warnings.py:112} WARNING - /home/***/.local/lib/python3.12/site-packages/***/task/task_runner/standard_task_runner.py:70: DeprecationWarning: This process (pid=3953) is multi-threaded, use of fork() may lead to deadlocks in the child.
  pid = os.fork()

[2024-11-10T14:06:23.450+0000] {standard_task_runner.py:104} INFO - Running: ['***', 'tasks', 'run', 'fetch_and_store_amazon_books', 'create_table', 'scheduled__2024-06-23T00:00:00+00:00', '--job-id', '263', '--raw', '--subdir', 'DAGS_FOLDER/app.py', '--cfg-path', '/tmp/tmpuuegf1wp']
[2024-11-10T14:06:23.455+0000] {standard_task_runner.py:72} INFO - Started process 4003 to run task
[2024-11-10T14:06:23.455+0000] {standard_task_runner.py:105} INFO - Job 263: Subtask create_table
[2024-11-10T14:06:23.641+0000] {task_command.py:467} INFO - Running <TaskInstance: fetch_and_store_amazon_books.create_table scheduled__2024-06-23T00:00:00+00:00 [running]> on host 0afc8c4a15bb
[2024-11-10T14:06:23.990+0000] {taskinstance.py:3132} INFO - Exporting env vars: AIRFLOW_CTX_DAG_OWNER='***' AIRFLOW_CTX_DAG_ID='fetch_and_store_amazon_books' AIRFLOW_CTX_TASK_ID='create_table' AIRFLOW_CTX_EXECUTION_DATE='2024-06-23T00:00:00+00:00' AIRFLOW_CTX_TRY_NUMBER='1' AIRFLOW_CTX_DAG_RUN_ID='scheduled__2024-06-23T00:00:00+00:00'
[2024-11-10T14:06:23.998+0000] {logging_mixin.py:190} INFO - Task instance is in running state
[2024-11-10T14:06:23.999+0000] {logging_mixin.py:190} INFO -  Previous state of the Task instance: queued
[2024-11-10T14:06:24.000+0000] {logging_mixin.py:190} INFO - Current task name:create_table state:running start_date:2024-11-10 14:06:23.066641+00:00
[2024-11-10T14:06:24.000+0000] {logging_mixin.py:190} INFO - Dag name:fetch_and_store_amazon_books and current dag run status:running
[2024-11-10T14:06:24.000+0000] {taskinstance.py:731} INFO - ::endgroup::
[2024-11-10T14:06:24.001+0000] {sql.py:278} INFO - Executing: 
    CREATE TABLE IF NOT EXISTS books (
        id SERIAL PRIMARY KEY,
        title TEXT NOT NULL,
        authors TEXT,
        price TEXT,
        rating TEXT
    );
    
[2024-11-10T14:06:24.084+0000] {base.py:84} INFO - Retrieving connection 'books_connection'
[2024-11-10T14:06:24.124+0000] {base.py:84} INFO - Retrieving connection 'books_connection'
[2024-11-10T14:06:24.141+0000] {sql.py:544} INFO - Running statement: 
    CREATE TABLE IF NOT EXISTS books (
        id SERIAL PRIMARY KEY,
        title TEXT NOT NULL,
        authors TEXT,
        price TEXT,
        rating TEXT
    );
    , parameters: None
[2024-11-10T14:06:24.198+0000] {taskinstance.py:340} INFO - ::group::Post task execution logs
[2024-11-10T14:06:24.198+0000] {taskinstance.py:352} INFO - Marking task as SUCCESS. dag_id=fetch_and_store_amazon_books, task_id=create_table, run_id=scheduled__2024-06-23T00:00:00+00:00, execution_date=20240623T000000, start_date=20241110T140623, end_date=20241110T140624
[2024-11-10T14:06:24.236+0000] {logging_mixin.py:190} INFO - Task instance in success state
[2024-11-10T14:06:24.237+0000] {logging_mixin.py:190} INFO -  Previous state of the Task instance: running
[2024-11-10T14:06:24.237+0000] {logging_mixin.py:190} INFO - Dag name:fetch_and_store_amazon_books queued_at:2024-11-10 14:05:18.767154+00:00
[2024-11-10T14:06:24.237+0000] {logging_mixin.py:190} INFO - Task hostname:0afc8c4a15bb operator:PostgresOperator
[2024-11-10T14:06:24.307+0000] {local_task_job_runner.py:266} INFO - Task exited with return code 0
[2024-11-10T14:06:24.360+0000] {taskinstance.py:3895} INFO - 1 downstream tasks scheduled from follow-on schedule check
[2024-11-10T14:06:24.366+0000] {local_task_job_runner.py:245} INFO - ::endgroup::
