[2024-11-10T11:31:24.471+0000] {local_task_job_runner.py:123} INFO - ::group::Pre task execution logs
[2024-11-10T11:31:24.529+0000] {taskinstance.py:2613} INFO - Dependencies all met for dep_context=non-requeueable deps ti=<TaskInstance: fetch_and_store_amazon_books.create_table scheduled__2024-06-30T00:00:00+00:00 [queued]>
[2024-11-10T11:31:24.554+0000] {taskinstance.py:2613} INFO - Dependencies all met for dep_context=requeueable deps ti=<TaskInstance: fetch_and_store_amazon_books.create_table scheduled__2024-06-30T00:00:00+00:00 [queued]>
[2024-11-10T11:31:24.555+0000] {taskinstance.py:2866} INFO - Starting attempt 1 of 2
[2024-11-10T11:31:24.587+0000] {taskinstance.py:2889} INFO - Executing <Task(PostgresOperator): create_table> on 2024-06-30 00:00:00+00:00
[2024-11-10T11:31:24.629+0000] {warnings.py:112} WARNING - /home/***/.local/lib/python3.12/site-packages/***/task/task_runner/standard_task_runner.py:70: DeprecationWarning: This process (pid=1104) is multi-threaded, use of fork() may lead to deadlocks in the child.
  pid = os.fork()

[2024-11-10T11:31:24.633+0000] {standard_task_runner.py:72} INFO - Started process 1150 to run task
[2024-11-10T11:31:24.715+0000] {standard_task_runner.py:104} INFO - Running: ['***', 'tasks', 'run', 'fetch_and_store_amazon_books', 'create_table', 'scheduled__2024-06-30T00:00:00+00:00', '--job-id', '30', '--raw', '--subdir', 'DAGS_FOLDER/app.py', '--cfg-path', '/tmp/tmpzzpcqx1f']
[2024-11-10T11:31:24.724+0000] {standard_task_runner.py:105} INFO - Job 30: Subtask create_table
[2024-11-10T11:31:24.976+0000] {task_command.py:467} INFO - Running <TaskInstance: fetch_and_store_amazon_books.create_table scheduled__2024-06-30T00:00:00+00:00 [running]> on host 0afc8c4a15bb
[2024-11-10T11:31:25.493+0000] {taskinstance.py:3132} INFO - Exporting env vars: AIRFLOW_CTX_DAG_OWNER='***' AIRFLOW_CTX_DAG_ID='fetch_and_store_amazon_books' AIRFLOW_CTX_TASK_ID='create_table' AIRFLOW_CTX_EXECUTION_DATE='2024-06-30T00:00:00+00:00' AIRFLOW_CTX_TRY_NUMBER='1' AIRFLOW_CTX_DAG_RUN_ID='scheduled__2024-06-30T00:00:00+00:00'
[2024-11-10T11:31:25.499+0000] {logging_mixin.py:190} INFO - Task instance is in running state
[2024-11-10T11:31:25.499+0000] {logging_mixin.py:190} INFO -  Previous state of the Task instance: queued
[2024-11-10T11:31:25.500+0000] {logging_mixin.py:190} INFO - Current task name:create_table state:running start_date:2024-11-10 11:31:24.530166+00:00
[2024-11-10T11:31:25.500+0000] {logging_mixin.py:190} INFO - Dag name:fetch_and_store_amazon_books and current dag run status:running
[2024-11-10T11:31:25.503+0000] {taskinstance.py:731} INFO - ::endgroup::
[2024-11-10T11:31:25.503+0000] {sql.py:278} INFO - Executing: 
    CREATE TABLE IF NOT EXISTS books (
        id SERIAL PRIMARY KEY,
        title TEXT NOT NULL,
        authors TEXT,
        price TEXT,
        rating TEXT
    );
    
[2024-11-10T11:31:25.552+0000] {base.py:84} INFO - Retrieving connection 'books_connection'
[2024-11-10T11:31:25.598+0000] {base.py:84} INFO - Retrieving connection 'books_connection'
[2024-11-10T11:31:25.696+0000] {sql.py:544} INFO - Running statement: 
    CREATE TABLE IF NOT EXISTS books (
        id SERIAL PRIMARY KEY,
        title TEXT NOT NULL,
        authors TEXT,
        price TEXT,
        rating TEXT
    );
    , parameters: None
[2024-11-10T11:31:25.808+0000] {taskinstance.py:340} INFO - ::group::Post task execution logs
[2024-11-10T11:31:25.809+0000] {taskinstance.py:352} INFO - Marking task as SUCCESS. dag_id=fetch_and_store_amazon_books, task_id=create_table, run_id=scheduled__2024-06-30T00:00:00+00:00, execution_date=20240630T000000, start_date=20241110T113124, end_date=20241110T113125
[2024-11-10T11:31:25.837+0000] {logging_mixin.py:190} INFO - Task instance in success state
[2024-11-10T11:31:25.838+0000] {logging_mixin.py:190} INFO -  Previous state of the Task instance: running
[2024-11-10T11:31:25.845+0000] {logging_mixin.py:190} INFO - Dag name:fetch_and_store_amazon_books queued_at:2024-11-10 11:30:18.298539+00:00
[2024-11-10T11:31:25.845+0000] {logging_mixin.py:190} INFO - Task hostname:0afc8c4a15bb operator:PostgresOperator
[2024-11-10T11:31:25.910+0000] {local_task_job_runner.py:266} INFO - Task exited with return code 0
[2024-11-10T11:31:25.977+0000] {taskinstance.py:3895} INFO - 1 downstream tasks scheduled from follow-on schedule check
[2024-11-10T11:31:25.983+0000] {local_task_job_runner.py:245} INFO - ::endgroup::
[2024-11-10T14:06:22.417+0000] {local_task_job_runner.py:123} INFO - ::group::Pre task execution logs
[2024-11-10T14:06:22.504+0000] {taskinstance.py:2613} INFO - Dependencies all met for dep_context=non-requeueable deps ti=<TaskInstance: fetch_and_store_amazon_books.create_table scheduled__2024-06-30T00:00:00+00:00 [queued]>
[2024-11-10T14:06:22.543+0000] {taskinstance.py:2613} INFO - Dependencies all met for dep_context=requeueable deps ti=<TaskInstance: fetch_and_store_amazon_books.create_table scheduled__2024-06-30T00:00:00+00:00 [queued]>
[2024-11-10T14:06:22.545+0000] {taskinstance.py:2866} INFO - Starting attempt 1 of 2
[2024-11-10T14:06:22.617+0000] {taskinstance.py:2889} INFO - Executing <Task(PostgresOperator): create_table> on 2024-06-30 00:00:00+00:00
[2024-11-10T14:06:22.671+0000] {warnings.py:112} WARNING - /home/***/.local/lib/python3.12/site-packages/***/task/task_runner/standard_task_runner.py:70: DeprecationWarning: This process (pid=3959) is multi-threaded, use of fork() may lead to deadlocks in the child.
  pid = os.fork()

[2024-11-10T14:06:22.678+0000] {standard_task_runner.py:72} INFO - Started process 3987 to run task
[2024-11-10T14:06:22.696+0000] {standard_task_runner.py:104} INFO - Running: ['***', 'tasks', 'run', 'fetch_and_store_amazon_books', 'create_table', 'scheduled__2024-06-30T00:00:00+00:00', '--job-id', '255', '--raw', '--subdir', 'DAGS_FOLDER/app.py', '--cfg-path', '/tmp/tmpl0wqe865']
[2024-11-10T14:06:22.698+0000] {standard_task_runner.py:105} INFO - Job 255: Subtask create_table
[2024-11-10T14:06:22.846+0000] {task_command.py:467} INFO - Running <TaskInstance: fetch_and_store_amazon_books.create_table scheduled__2024-06-30T00:00:00+00:00 [running]> on host 0afc8c4a15bb
[2024-11-10T14:06:23.218+0000] {taskinstance.py:3132} INFO - Exporting env vars: AIRFLOW_CTX_DAG_OWNER='***' AIRFLOW_CTX_DAG_ID='fetch_and_store_amazon_books' AIRFLOW_CTX_TASK_ID='create_table' AIRFLOW_CTX_EXECUTION_DATE='2024-06-30T00:00:00+00:00' AIRFLOW_CTX_TRY_NUMBER='1' AIRFLOW_CTX_DAG_RUN_ID='scheduled__2024-06-30T00:00:00+00:00'
[2024-11-10T14:06:23.223+0000] {logging_mixin.py:190} INFO - Task instance is in running state
[2024-11-10T14:06:23.224+0000] {logging_mixin.py:190} INFO -  Previous state of the Task instance: queued
[2024-11-10T14:06:23.226+0000] {logging_mixin.py:190} INFO - Current task name:create_table state:running start_date:2024-11-10 14:06:22.506591+00:00
[2024-11-10T14:06:23.227+0000] {logging_mixin.py:190} INFO - Dag name:fetch_and_store_amazon_books and current dag run status:running
[2024-11-10T14:06:23.228+0000] {taskinstance.py:731} INFO - ::endgroup::
[2024-11-10T14:06:23.228+0000] {sql.py:278} INFO - Executing: 
    CREATE TABLE IF NOT EXISTS books (
        id SERIAL PRIMARY KEY,
        title TEXT NOT NULL,
        authors TEXT,
        price TEXT,
        rating TEXT
    );
    
[2024-11-10T14:06:23.299+0000] {base.py:84} INFO - Retrieving connection 'books_connection'
[2024-11-10T14:06:23.343+0000] {base.py:84} INFO - Retrieving connection 'books_connection'
[2024-11-10T14:06:23.381+0000] {sql.py:544} INFO - Running statement: 
    CREATE TABLE IF NOT EXISTS books (
        id SERIAL PRIMARY KEY,
        title TEXT NOT NULL,
        authors TEXT,
        price TEXT,
        rating TEXT
    );
    , parameters: None
[2024-11-10T14:06:23.438+0000] {taskinstance.py:340} INFO - ::group::Post task execution logs
[2024-11-10T14:06:23.440+0000] {taskinstance.py:352} INFO - Marking task as SUCCESS. dag_id=fetch_and_store_amazon_books, task_id=create_table, run_id=scheduled__2024-06-30T00:00:00+00:00, execution_date=20240630T000000, start_date=20241110T140622, end_date=20241110T140623
[2024-11-10T14:06:23.606+0000] {logging_mixin.py:190} INFO - Task instance in success state
[2024-11-10T14:06:23.607+0000] {logging_mixin.py:190} INFO -  Previous state of the Task instance: running
[2024-11-10T14:06:23.608+0000] {logging_mixin.py:190} INFO - Dag name:fetch_and_store_amazon_books queued_at:2024-11-10 14:05:20.612066+00:00
[2024-11-10T14:06:23.609+0000] {logging_mixin.py:190} INFO - Task hostname:0afc8c4a15bb operator:PostgresOperator
[2024-11-10T14:06:23.664+0000] {local_task_job_runner.py:266} INFO - Task exited with return code 0
[2024-11-10T14:06:23.737+0000] {taskinstance.py:3895} INFO - 1 downstream tasks scheduled from follow-on schedule check
[2024-11-10T14:06:23.741+0000] {local_task_job_runner.py:245} INFO - ::endgroup::
