[2024-11-10T11:43:11.231+0000] {local_task_job_runner.py:123} INFO - ::group::Pre task execution logs
[2024-11-10T11:43:11.259+0000] {taskinstance.py:2613} INFO - Dependencies all met for dep_context=non-requeueable deps ti=<TaskInstance: fetch_and_store_amazon_books.fetch_book_data scheduled__2024-07-27T00:00:00+00:00 [queued]>
[2024-11-10T11:43:11.292+0000] {taskinstance.py:2613} INFO - Dependencies all met for dep_context=requeueable deps ti=<TaskInstance: fetch_and_store_amazon_books.fetch_book_data scheduled__2024-07-27T00:00:00+00:00 [queued]>
[2024-11-10T11:43:11.293+0000] {taskinstance.py:2866} INFO - Starting attempt 1 of 2
[2024-11-10T11:43:11.326+0000] {taskinstance.py:2889} INFO - Executing <Task(PythonOperator): fetch_book_data> on 2024-07-27 00:00:00+00:00
[2024-11-10T11:43:11.351+0000] {warnings.py:112} WARNING - /home/***/.local/lib/python3.12/site-packages/***/task/task_runner/standard_task_runner.py:70: DeprecationWarning: This process (pid=1731) is multi-threaded, use of fork() may lead to deadlocks in the child.
  pid = os.fork()

[2024-11-10T11:43:11.358+0000] {standard_task_runner.py:72} INFO - Started process 1753 to run task
[2024-11-10T11:43:11.356+0000] {standard_task_runner.py:104} INFO - Running: ['***', 'tasks', 'run', 'fetch_and_store_amazon_books', 'fetch_book_data', 'scheduled__2024-07-27T00:00:00+00:00', '--job-id', '149', '--raw', '--subdir', 'DAGS_FOLDER/app.py', '--cfg-path', '/tmp/tmpnazloyei']
[2024-11-10T11:43:11.361+0000] {standard_task_runner.py:105} INFO - Job 149: Subtask fetch_book_data
[2024-11-10T11:43:11.477+0000] {task_command.py:467} INFO - Running <TaskInstance: fetch_and_store_amazon_books.fetch_book_data scheduled__2024-07-27T00:00:00+00:00 [running]> on host 0afc8c4a15bb
[2024-11-10T11:43:11.692+0000] {taskinstance.py:3132} INFO - Exporting env vars: AIRFLOW_CTX_DAG_OWNER='***' AIRFLOW_CTX_DAG_ID='fetch_and_store_amazon_books' AIRFLOW_CTX_TASK_ID='fetch_book_data' AIRFLOW_CTX_EXECUTION_DATE='2024-07-27T00:00:00+00:00' AIRFLOW_CTX_TRY_NUMBER='1' AIRFLOW_CTX_DAG_RUN_ID='scheduled__2024-07-27T00:00:00+00:00'
[2024-11-10T11:43:11.696+0000] {logging_mixin.py:190} INFO - Task instance is in running state
[2024-11-10T11:43:11.697+0000] {logging_mixin.py:190} INFO -  Previous state of the Task instance: queued
[2024-11-10T11:43:11.698+0000] {logging_mixin.py:190} INFO - Current task name:fetch_book_data state:running start_date:2024-11-10 11:43:11.259965+00:00
[2024-11-10T11:43:11.698+0000] {logging_mixin.py:190} INFO - Dag name:fetch_and_store_amazon_books and current dag run status:running
[2024-11-10T11:43:11.698+0000] {taskinstance.py:731} INFO - ::endgroup::
[2024-11-10T11:43:13.087+0000] {logging_mixin.py:190} INFO - Failed to retrieve the page
[2024-11-10T11:43:13.139+0000] {python.py:240} INFO - Done. Returned value was: None
[2024-11-10T11:43:13.158+0000] {taskinstance.py:340} INFO - ::group::Post task execution logs
[2024-11-10T11:43:13.159+0000] {taskinstance.py:352} INFO - Marking task as SUCCESS. dag_id=fetch_and_store_amazon_books, task_id=fetch_book_data, run_id=scheduled__2024-07-27T00:00:00+00:00, execution_date=20240727T000000, start_date=20241110T114311, end_date=20241110T114313
[2024-11-10T11:43:13.253+0000] {logging_mixin.py:190} INFO - Task instance in success state
[2024-11-10T11:43:13.254+0000] {logging_mixin.py:190} INFO -  Previous state of the Task instance: running
[2024-11-10T11:43:13.255+0000] {logging_mixin.py:190} INFO - Dag name:fetch_and_store_amazon_books queued_at:2024-11-10 11:43:04.699398+00:00
[2024-11-10T11:43:13.255+0000] {logging_mixin.py:190} INFO - Task hostname:0afc8c4a15bb operator:PythonOperator
[2024-11-10T11:43:13.285+0000] {local_task_job_runner.py:266} INFO - Task exited with return code 0
[2024-11-10T11:43:13.328+0000] {taskinstance.py:3895} INFO - 1 downstream tasks scheduled from follow-on schedule check
[2024-11-10T11:43:13.331+0000] {local_task_job_runner.py:245} INFO - ::endgroup::
[2024-11-10T14:07:37.009+0000] {local_task_job_runner.py:123} INFO - ::group::Pre task execution logs
[2024-11-10T14:07:37.036+0000] {taskinstance.py:2613} INFO - Dependencies all met for dep_context=non-requeueable deps ti=<TaskInstance: fetch_and_store_amazon_books.fetch_book_data scheduled__2024-07-27T00:00:00+00:00 [queued]>
[2024-11-10T14:07:37.047+0000] {taskinstance.py:2613} INFO - Dependencies all met for dep_context=requeueable deps ti=<TaskInstance: fetch_and_store_amazon_books.fetch_book_data scheduled__2024-07-27T00:00:00+00:00 [queued]>
[2024-11-10T14:07:37.048+0000] {taskinstance.py:2866} INFO - Starting attempt 1 of 2
[2024-11-10T14:07:37.069+0000] {taskinstance.py:2889} INFO - Executing <Task(PythonOperator): fetch_book_data> on 2024-07-27 00:00:00+00:00
[2024-11-10T14:07:37.089+0000] {warnings.py:112} WARNING - /home/***/.local/lib/python3.12/site-packages/***/task/task_runner/standard_task_runner.py:70: DeprecationWarning: This process (pid=4270) is multi-threaded, use of fork() may lead to deadlocks in the child.
  pid = os.fork()

[2024-11-10T14:07:37.091+0000] {standard_task_runner.py:72} INFO - Started process 4294 to run task
[2024-11-10T14:07:37.091+0000] {standard_task_runner.py:104} INFO - Running: ['***', 'tasks', 'run', 'fetch_and_store_amazon_books', 'fetch_book_data', 'scheduled__2024-07-27T00:00:00+00:00', '--job-id', '334', '--raw', '--subdir', 'DAGS_FOLDER/app.py', '--cfg-path', '/tmp/tmptw1gaing']
[2024-11-10T14:07:37.093+0000] {standard_task_runner.py:105} INFO - Job 334: Subtask fetch_book_data
[2024-11-10T14:07:37.164+0000] {task_command.py:467} INFO - Running <TaskInstance: fetch_and_store_amazon_books.fetch_book_data scheduled__2024-07-27T00:00:00+00:00 [running]> on host 0afc8c4a15bb
[2024-11-10T14:07:37.291+0000] {taskinstance.py:3132} INFO - Exporting env vars: AIRFLOW_CTX_DAG_OWNER='***' AIRFLOW_CTX_DAG_ID='fetch_and_store_amazon_books' AIRFLOW_CTX_TASK_ID='fetch_book_data' AIRFLOW_CTX_EXECUTION_DATE='2024-07-27T00:00:00+00:00' AIRFLOW_CTX_TRY_NUMBER='1' AIRFLOW_CTX_DAG_RUN_ID='scheduled__2024-07-27T00:00:00+00:00'
[2024-11-10T14:07:37.293+0000] {logging_mixin.py:190} INFO - Task instance is in running state
[2024-11-10T14:07:37.293+0000] {logging_mixin.py:190} INFO -  Previous state of the Task instance: queued
[2024-11-10T14:07:37.294+0000] {logging_mixin.py:190} INFO - Current task name:fetch_book_data state:running start_date:2024-11-10 14:07:37.036717+00:00
[2024-11-10T14:07:37.294+0000] {logging_mixin.py:190} INFO - Dag name:fetch_and_store_amazon_books and current dag run status:running
[2024-11-10T14:07:37.294+0000] {taskinstance.py:731} INFO - ::endgroup::
[2024-11-10T14:07:40.085+0000] {python.py:240} INFO - Done. Returned value was: None
[2024-11-10T14:07:40.109+0000] {taskinstance.py:340} INFO - ::group::Post task execution logs
[2024-11-10T14:07:40.110+0000] {taskinstance.py:352} INFO - Marking task as SUCCESS. dag_id=fetch_and_store_amazon_books, task_id=fetch_book_data, run_id=scheduled__2024-07-27T00:00:00+00:00, execution_date=20240727T000000, start_date=20241110T140737, end_date=20241110T140740
[2024-11-10T14:07:40.136+0000] {logging_mixin.py:190} INFO - Task instance in success state
[2024-11-10T14:07:40.137+0000] {logging_mixin.py:190} INFO -  Previous state of the Task instance: running
[2024-11-10T14:07:40.138+0000] {logging_mixin.py:190} INFO - Dag name:fetch_and_store_amazon_books queued_at:2024-11-10 14:07:31.728664+00:00
[2024-11-10T14:07:40.138+0000] {logging_mixin.py:190} INFO - Task hostname:0afc8c4a15bb operator:PythonOperator
[2024-11-10T14:07:40.202+0000] {local_task_job_runner.py:266} INFO - Task exited with return code 0
[2024-11-10T14:07:40.253+0000] {taskinstance.py:3895} INFO - 1 downstream tasks scheduled from follow-on schedule check
[2024-11-10T14:07:40.260+0000] {local_task_job_runner.py:245} INFO - ::endgroup::
