[2024-11-10T11:49:03.007+0000] {local_task_job_runner.py:123} INFO - ::group::Pre task execution logs
[2024-11-10T11:49:03.039+0000] {taskinstance.py:2613} INFO - Dependencies all met for dep_context=non-requeueable deps ti=<TaskInstance: fetch_and_store_amazon_books.fetch_book_data scheduled__2024-08-13T00:00:00+00:00 [queued]>
[2024-11-10T11:49:03.052+0000] {taskinstance.py:2613} INFO - Dependencies all met for dep_context=requeueable deps ti=<TaskInstance: fetch_and_store_amazon_books.fetch_book_data scheduled__2024-08-13T00:00:00+00:00 [queued]>
[2024-11-10T11:49:03.053+0000] {taskinstance.py:2866} INFO - Starting attempt 1 of 2
[2024-11-10T11:49:03.076+0000] {taskinstance.py:2889} INFO - Executing <Task(PythonOperator): fetch_book_data> on 2024-08-13 00:00:00+00:00
[2024-11-10T11:49:03.095+0000] {warnings.py:112} WARNING - /home/***/.local/lib/python3.12/site-packages/***/task/task_runner/standard_task_runner.py:70: DeprecationWarning: This process (pid=2070) is multi-threaded, use of fork() may lead to deadlocks in the child.
  pid = os.fork()

[2024-11-10T11:49:03.099+0000] {standard_task_runner.py:72} INFO - Started process 2094 to run task
[2024-11-10T11:49:03.100+0000] {standard_task_runner.py:104} INFO - Running: ['***', 'tasks', 'run', 'fetch_and_store_amazon_books', 'fetch_book_data', 'scheduled__2024-08-13T00:00:00+00:00', '--job-id', '217', '--raw', '--subdir', 'DAGS_FOLDER/app.py', '--cfg-path', '/tmp/tmpwo56h431']
[2024-11-10T11:49:03.102+0000] {standard_task_runner.py:105} INFO - Job 217: Subtask fetch_book_data
[2024-11-10T11:49:03.182+0000] {task_command.py:467} INFO - Running <TaskInstance: fetch_and_store_amazon_books.fetch_book_data scheduled__2024-08-13T00:00:00+00:00 [running]> on host 0afc8c4a15bb
[2024-11-10T11:49:03.326+0000] {taskinstance.py:3132} INFO - Exporting env vars: AIRFLOW_CTX_DAG_OWNER='***' AIRFLOW_CTX_DAG_ID='fetch_and_store_amazon_books' AIRFLOW_CTX_TASK_ID='fetch_book_data' AIRFLOW_CTX_EXECUTION_DATE='2024-08-13T00:00:00+00:00' AIRFLOW_CTX_TRY_NUMBER='1' AIRFLOW_CTX_DAG_RUN_ID='scheduled__2024-08-13T00:00:00+00:00'
[2024-11-10T11:49:03.328+0000] {logging_mixin.py:190} INFO - Task instance is in running state
[2024-11-10T11:49:03.328+0000] {logging_mixin.py:190} INFO -  Previous state of the Task instance: queued
[2024-11-10T11:49:03.328+0000] {logging_mixin.py:190} INFO - Current task name:fetch_book_data state:running start_date:2024-11-10 11:49:03.040197+00:00
[2024-11-10T11:49:03.328+0000] {logging_mixin.py:190} INFO - Dag name:fetch_and_store_amazon_books and current dag run status:running
[2024-11-10T11:49:03.329+0000] {taskinstance.py:731} INFO - ::endgroup::
[2024-11-10T11:49:04.347+0000] {app.py:32} ERROR - Failed to retrieve page 1: 503 Server Error: Service Unavailable for url: https://www.amazon.com/s?k=data+engineering+books&page=1
[2024-11-10T11:49:04.386+0000] {python.py:240} INFO - Done. Returned value was: None
[2024-11-10T11:49:04.406+0000] {taskinstance.py:340} INFO - ::group::Post task execution logs
[2024-11-10T11:49:04.406+0000] {taskinstance.py:352} INFO - Marking task as SUCCESS. dag_id=fetch_and_store_amazon_books, task_id=fetch_book_data, run_id=scheduled__2024-08-13T00:00:00+00:00, execution_date=20240813T000000, start_date=20241110T114903, end_date=20241110T114904
[2024-11-10T11:49:04.577+0000] {logging_mixin.py:190} INFO - Task instance in success state
[2024-11-10T11:49:04.577+0000] {logging_mixin.py:190} INFO -  Previous state of the Task instance: running
[2024-11-10T11:49:04.578+0000] {logging_mixin.py:190} INFO - Dag name:fetch_and_store_amazon_books queued_at:2024-11-10 11:48:56.138355+00:00
[2024-11-10T11:49:04.578+0000] {logging_mixin.py:190} INFO - Task hostname:0afc8c4a15bb operator:PythonOperator
[2024-11-10T11:49:04.645+0000] {local_task_job_runner.py:266} INFO - Task exited with return code 0
[2024-11-10T11:49:04.681+0000] {taskinstance.py:3895} INFO - 1 downstream tasks scheduled from follow-on schedule check
[2024-11-10T11:49:04.684+0000] {local_task_job_runner.py:245} INFO - ::endgroup::
[2024-11-10T14:08:30.540+0000] {local_task_job_runner.py:123} INFO - ::group::Pre task execution logs
[2024-11-10T14:08:30.573+0000] {taskinstance.py:2613} INFO - Dependencies all met for dep_context=non-requeueable deps ti=<TaskInstance: fetch_and_store_amazon_books.fetch_book_data scheduled__2024-08-13T00:00:00+00:00 [queued]>
[2024-11-10T14:08:30.589+0000] {taskinstance.py:2613} INFO - Dependencies all met for dep_context=requeueable deps ti=<TaskInstance: fetch_and_store_amazon_books.fetch_book_data scheduled__2024-08-13T00:00:00+00:00 [queued]>
[2024-11-10T14:08:30.589+0000] {taskinstance.py:2866} INFO - Starting attempt 1 of 2
[2024-11-10T14:08:30.624+0000] {taskinstance.py:2889} INFO - Executing <Task(PythonOperator): fetch_book_data> on 2024-08-13 00:00:00+00:00
[2024-11-10T14:08:30.649+0000] {warnings.py:112} WARNING - /home/***/.local/lib/python3.12/site-packages/***/task/task_runner/standard_task_runner.py:70: DeprecationWarning: This process (pid=4540) is multi-threaded, use of fork() may lead to deadlocks in the child.
  pid = os.fork()

[2024-11-10T14:08:30.655+0000] {standard_task_runner.py:72} INFO - Started process 4567 to run task
[2024-11-10T14:08:30.661+0000] {standard_task_runner.py:104} INFO - Running: ['***', 'tasks', 'run', 'fetch_and_store_amazon_books', 'fetch_book_data', 'scheduled__2024-08-13T00:00:00+00:00', '--job-id', '397', '--raw', '--subdir', 'DAGS_FOLDER/app.py', '--cfg-path', '/tmp/tmp307_h3vh']
[2024-11-10T14:08:30.663+0000] {standard_task_runner.py:105} INFO - Job 397: Subtask fetch_book_data
[2024-11-10T14:08:30.779+0000] {task_command.py:467} INFO - Running <TaskInstance: fetch_and_store_amazon_books.fetch_book_data scheduled__2024-08-13T00:00:00+00:00 [running]> on host 0afc8c4a15bb
[2024-11-10T14:08:31.018+0000] {taskinstance.py:3132} INFO - Exporting env vars: AIRFLOW_CTX_DAG_OWNER='***' AIRFLOW_CTX_DAG_ID='fetch_and_store_amazon_books' AIRFLOW_CTX_TASK_ID='fetch_book_data' AIRFLOW_CTX_EXECUTION_DATE='2024-08-13T00:00:00+00:00' AIRFLOW_CTX_TRY_NUMBER='1' AIRFLOW_CTX_DAG_RUN_ID='scheduled__2024-08-13T00:00:00+00:00'
[2024-11-10T14:08:31.022+0000] {logging_mixin.py:190} INFO - Task instance is in running state
[2024-11-10T14:08:31.023+0000] {logging_mixin.py:190} INFO -  Previous state of the Task instance: queued
[2024-11-10T14:08:31.023+0000] {logging_mixin.py:190} INFO - Current task name:fetch_book_data state:running start_date:2024-11-10 14:08:30.574265+00:00
[2024-11-10T14:08:31.023+0000] {logging_mixin.py:190} INFO - Dag name:fetch_and_store_amazon_books and current dag run status:running
[2024-11-10T14:08:31.024+0000] {taskinstance.py:731} INFO - ::endgroup::
[2024-11-10T14:08:34.460+0000] {python.py:240} INFO - Done. Returned value was: None
[2024-11-10T14:08:34.477+0000] {taskinstance.py:340} INFO - ::group::Post task execution logs
[2024-11-10T14:08:34.478+0000] {taskinstance.py:352} INFO - Marking task as SUCCESS. dag_id=fetch_and_store_amazon_books, task_id=fetch_book_data, run_id=scheduled__2024-08-13T00:00:00+00:00, execution_date=20240813T000000, start_date=20241110T140830, end_date=20241110T140834
[2024-11-10T14:08:34.496+0000] {logging_mixin.py:190} INFO - Task instance in success state
[2024-11-10T14:08:34.497+0000] {logging_mixin.py:190} INFO -  Previous state of the Task instance: running
[2024-11-10T14:08:34.497+0000] {logging_mixin.py:190} INFO - Dag name:fetch_and_store_amazon_books queued_at:2024-11-10 14:08:26.581851+00:00
[2024-11-10T14:08:34.497+0000] {logging_mixin.py:190} INFO - Task hostname:0afc8c4a15bb operator:PythonOperator
[2024-11-10T14:08:34.551+0000] {local_task_job_runner.py:266} INFO - Task exited with return code 0
[2024-11-10T14:08:34.596+0000] {taskinstance.py:3895} INFO - 1 downstream tasks scheduled from follow-on schedule check
[2024-11-10T14:08:34.602+0000] {local_task_job_runner.py:245} INFO - ::endgroup::
