[2024-11-10T11:49:09.678+0000] {local_task_job_runner.py:123} INFO - ::group::Pre task execution logs
[2024-11-10T11:49:09.722+0000] {taskinstance.py:2613} INFO - Dependencies all met for dep_context=non-requeueable deps ti=<TaskInstance: fetch_and_store_amazon_books.create_table scheduled__2024-08-11T00:00:00+00:00 [queued]>
[2024-11-10T11:49:09.744+0000] {taskinstance.py:2613} INFO - Dependencies all met for dep_context=requeueable deps ti=<TaskInstance: fetch_and_store_amazon_books.create_table scheduled__2024-08-11T00:00:00+00:00 [queued]>
[2024-11-10T11:49:09.745+0000] {taskinstance.py:2866} INFO - Starting attempt 1 of 2
[2024-11-10T11:49:09.889+0000] {taskinstance.py:2889} INFO - Executing <Task(PostgresOperator): create_table> on 2024-08-11 00:00:00+00:00
[2024-11-10T11:49:09.915+0000] {warnings.py:112} WARNING - /home/***/.local/lib/python3.12/site-packages/***/task/task_runner/standard_task_runner.py:70: DeprecationWarning: This process (pid=2104) is multi-threaded, use of fork() may lead to deadlocks in the child.
  pid = os.fork()

[2024-11-10T11:49:09.922+0000] {standard_task_runner.py:72} INFO - Started process 2126 to run task
[2024-11-10T11:49:09.921+0000] {standard_task_runner.py:104} INFO - Running: ['***', 'tasks', 'run', 'fetch_and_store_amazon_books', 'create_table', 'scheduled__2024-08-11T00:00:00+00:00', '--job-id', '225', '--raw', '--subdir', 'DAGS_FOLDER/app.py', '--cfg-path', '/tmp/tmpkbpn2ctf']
[2024-11-10T11:49:09.923+0000] {standard_task_runner.py:105} INFO - Job 225: Subtask create_table
[2024-11-10T11:49:10.070+0000] {task_command.py:467} INFO - Running <TaskInstance: fetch_and_store_amazon_books.create_table scheduled__2024-08-11T00:00:00+00:00 [running]> on host 0afc8c4a15bb
[2024-11-10T11:49:10.304+0000] {taskinstance.py:3132} INFO - Exporting env vars: AIRFLOW_CTX_DAG_OWNER='***' AIRFLOW_CTX_DAG_ID='fetch_and_store_amazon_books' AIRFLOW_CTX_TASK_ID='create_table' AIRFLOW_CTX_EXECUTION_DATE='2024-08-11T00:00:00+00:00' AIRFLOW_CTX_TRY_NUMBER='1' AIRFLOW_CTX_DAG_RUN_ID='scheduled__2024-08-11T00:00:00+00:00'
[2024-11-10T11:49:10.307+0000] {logging_mixin.py:190} INFO - Task instance is in running state
[2024-11-10T11:49:10.308+0000] {logging_mixin.py:190} INFO -  Previous state of the Task instance: queued
[2024-11-10T11:49:10.308+0000] {logging_mixin.py:190} INFO - Current task name:create_table state:running start_date:2024-11-10 11:49:09.725452+00:00
[2024-11-10T11:49:10.308+0000] {logging_mixin.py:190} INFO - Dag name:fetch_and_store_amazon_books and current dag run status:running
[2024-11-10T11:49:10.309+0000] {taskinstance.py:731} INFO - ::endgroup::
[2024-11-10T11:49:10.310+0000] {sql.py:278} INFO - Executing: 
    CREATE TABLE IF NOT EXISTS books (
        id SERIAL PRIMARY KEY,
        title TEXT NOT NULL,
        authors TEXT,
        price TEXT,
        rating TEXT
    );
    
[2024-11-10T11:49:10.347+0000] {base.py:84} INFO - Retrieving connection 'books_connection'
[2024-11-10T11:49:10.378+0000] {base.py:84} INFO - Retrieving connection 'books_connection'
[2024-11-10T11:49:10.389+0000] {sql.py:544} INFO - Running statement: 
    CREATE TABLE IF NOT EXISTS books (
        id SERIAL PRIMARY KEY,
        title TEXT NOT NULL,
        authors TEXT,
        price TEXT,
        rating TEXT
    );
    , parameters: None
[2024-11-10T11:49:10.419+0000] {taskinstance.py:340} INFO - ::group::Post task execution logs
[2024-11-10T11:49:10.420+0000] {taskinstance.py:352} INFO - Marking task as SUCCESS. dag_id=fetch_and_store_amazon_books, task_id=create_table, run_id=scheduled__2024-08-11T00:00:00+00:00, execution_date=20240811T000000, start_date=20241110T114909, end_date=20241110T114910
[2024-11-10T11:49:10.448+0000] {logging_mixin.py:190} INFO - Task instance in success state
[2024-11-10T11:49:10.449+0000] {logging_mixin.py:190} INFO -  Previous state of the Task instance: running
[2024-11-10T11:49:10.449+0000] {logging_mixin.py:190} INFO - Dag name:fetch_and_store_amazon_books queued_at:2024-11-10 11:48:55.686695+00:00
[2024-11-10T11:49:10.449+0000] {logging_mixin.py:190} INFO - Task hostname:0afc8c4a15bb operator:PostgresOperator
[2024-11-10T11:49:10.519+0000] {local_task_job_runner.py:266} INFO - Task exited with return code 0
[2024-11-10T11:49:10.561+0000] {taskinstance.py:3895} INFO - 1 downstream tasks scheduled from follow-on schedule check
[2024-11-10T11:49:10.564+0000] {local_task_job_runner.py:245} INFO - ::endgroup::
[2024-11-10T14:08:38.052+0000] {local_task_job_runner.py:123} INFO - ::group::Pre task execution logs
[2024-11-10T14:08:38.090+0000] {taskinstance.py:2613} INFO - Dependencies all met for dep_context=non-requeueable deps ti=<TaskInstance: fetch_and_store_amazon_books.create_table scheduled__2024-08-11T00:00:00+00:00 [queued]>
[2024-11-10T14:08:38.111+0000] {taskinstance.py:2613} INFO - Dependencies all met for dep_context=requeueable deps ti=<TaskInstance: fetch_and_store_amazon_books.create_table scheduled__2024-08-11T00:00:00+00:00 [queued]>
[2024-11-10T14:08:38.111+0000] {taskinstance.py:2866} INFO - Starting attempt 1 of 2
[2024-11-10T14:08:38.140+0000] {taskinstance.py:2889} INFO - Executing <Task(PostgresOperator): create_table> on 2024-08-11 00:00:00+00:00
[2024-11-10T14:08:38.163+0000] {warnings.py:112} WARNING - /home/***/.local/lib/python3.12/site-packages/***/task/task_runner/standard_task_runner.py:70: DeprecationWarning: This process (pid=4582) is multi-threaded, use of fork() may lead to deadlocks in the child.
  pid = os.fork()

[2024-11-10T14:08:38.167+0000] {standard_task_runner.py:72} INFO - Started process 4601 to run task
[2024-11-10T14:08:38.175+0000] {standard_task_runner.py:104} INFO - Running: ['***', 'tasks', 'run', 'fetch_and_store_amazon_books', 'create_table', 'scheduled__2024-08-11T00:00:00+00:00', '--job-id', '405', '--raw', '--subdir', 'DAGS_FOLDER/app.py', '--cfg-path', '/tmp/tmpno1ozrwo']
[2024-11-10T14:08:38.176+0000] {standard_task_runner.py:105} INFO - Job 405: Subtask create_table
[2024-11-10T14:08:38.311+0000] {task_command.py:467} INFO - Running <TaskInstance: fetch_and_store_amazon_books.create_table scheduled__2024-08-11T00:00:00+00:00 [running]> on host 0afc8c4a15bb
[2024-11-10T14:08:38.564+0000] {taskinstance.py:3132} INFO - Exporting env vars: AIRFLOW_CTX_DAG_OWNER='***' AIRFLOW_CTX_DAG_ID='fetch_and_store_amazon_books' AIRFLOW_CTX_TASK_ID='create_table' AIRFLOW_CTX_EXECUTION_DATE='2024-08-11T00:00:00+00:00' AIRFLOW_CTX_TRY_NUMBER='1' AIRFLOW_CTX_DAG_RUN_ID='scheduled__2024-08-11T00:00:00+00:00'
[2024-11-10T14:08:38.569+0000] {logging_mixin.py:190} INFO - Task instance is in running state
[2024-11-10T14:08:38.569+0000] {logging_mixin.py:190} INFO -  Previous state of the Task instance: queued
[2024-11-10T14:08:38.570+0000] {logging_mixin.py:190} INFO - Current task name:create_table state:running start_date:2024-11-10 14:08:38.091038+00:00
[2024-11-10T14:08:38.570+0000] {logging_mixin.py:190} INFO - Dag name:fetch_and_store_amazon_books and current dag run status:running
[2024-11-10T14:08:38.571+0000] {taskinstance.py:731} INFO - ::endgroup::
[2024-11-10T14:08:38.571+0000] {sql.py:278} INFO - Executing: 
    CREATE TABLE IF NOT EXISTS books (
        id SERIAL PRIMARY KEY,
        title TEXT NOT NULL,
        authors TEXT,
        price TEXT,
        rating TEXT
    );
    
[2024-11-10T14:08:38.598+0000] {base.py:84} INFO - Retrieving connection 'books_connection'
[2024-11-10T14:08:38.621+0000] {base.py:84} INFO - Retrieving connection 'books_connection'
[2024-11-10T14:08:38.633+0000] {sql.py:544} INFO - Running statement: 
    CREATE TABLE IF NOT EXISTS books (
        id SERIAL PRIMARY KEY,
        title TEXT NOT NULL,
        authors TEXT,
        price TEXT,
        rating TEXT
    );
    , parameters: None
[2024-11-10T14:08:38.657+0000] {taskinstance.py:340} INFO - ::group::Post task execution logs
[2024-11-10T14:08:38.658+0000] {taskinstance.py:352} INFO - Marking task as SUCCESS. dag_id=fetch_and_store_amazon_books, task_id=create_table, run_id=scheduled__2024-08-11T00:00:00+00:00, execution_date=20240811T000000, start_date=20241110T140838, end_date=20241110T140838
[2024-11-10T14:08:38.678+0000] {logging_mixin.py:190} INFO - Task instance in success state
[2024-11-10T14:08:38.679+0000] {logging_mixin.py:190} INFO -  Previous state of the Task instance: running
[2024-11-10T14:08:38.680+0000] {logging_mixin.py:190} INFO - Dag name:fetch_and_store_amazon_books queued_at:2024-11-10 14:08:26.246087+00:00
[2024-11-10T14:08:38.681+0000] {logging_mixin.py:190} INFO - Task hostname:0afc8c4a15bb operator:PostgresOperator
[2024-11-10T14:08:38.721+0000] {local_task_job_runner.py:266} INFO - Task exited with return code 0
[2024-11-10T14:08:38.742+0000] {local_task_job_runner.py:245} INFO - ::endgroup::
