[2024-11-10T11:43:12.608+0000] {local_task_job_runner.py:123} INFO - ::group::Pre task execution logs
[2024-11-10T11:43:12.648+0000] {taskinstance.py:2613} INFO - Dependencies all met for dep_context=non-requeueable deps ti=<TaskInstance: fetch_and_store_amazon_books.fetch_book_data scheduled__2024-07-31T00:00:00+00:00 [queued]>
[2024-11-10T11:43:12.669+0000] {taskinstance.py:2613} INFO - Dependencies all met for dep_context=requeueable deps ti=<TaskInstance: fetch_and_store_amazon_books.fetch_book_data scheduled__2024-07-31T00:00:00+00:00 [queued]>
[2024-11-10T11:43:12.670+0000] {taskinstance.py:2866} INFO - Starting attempt 1 of 2
[2024-11-10T11:43:12.691+0000] {taskinstance.py:2889} INFO - Executing <Task(PythonOperator): fetch_book_data> on 2024-07-31 00:00:00+00:00
[2024-11-10T11:43:12.717+0000] {warnings.py:112} WARNING - /home/***/.local/lib/python3.12/site-packages/***/task/task_runner/standard_task_runner.py:70: DeprecationWarning: This process (pid=1738) is multi-threaded, use of fork() may lead to deadlocks in the child.
  pid = os.fork()

[2024-11-10T11:43:12.721+0000] {standard_task_runner.py:72} INFO - Started process 1765 to run task
[2024-11-10T11:43:12.722+0000] {standard_task_runner.py:104} INFO - Running: ['***', 'tasks', 'run', 'fetch_and_store_amazon_books', 'fetch_book_data', 'scheduled__2024-07-31T00:00:00+00:00', '--job-id', '153', '--raw', '--subdir', 'DAGS_FOLDER/app.py', '--cfg-path', '/tmp/tmpwwnbxmfj']
[2024-11-10T11:43:12.724+0000] {standard_task_runner.py:105} INFO - Job 153: Subtask fetch_book_data
[2024-11-10T11:43:12.828+0000] {task_command.py:467} INFO - Running <TaskInstance: fetch_and_store_amazon_books.fetch_book_data scheduled__2024-07-31T00:00:00+00:00 [running]> on host 0afc8c4a15bb
[2024-11-10T11:43:13.011+0000] {taskinstance.py:3132} INFO - Exporting env vars: AIRFLOW_CTX_DAG_OWNER='***' AIRFLOW_CTX_DAG_ID='fetch_and_store_amazon_books' AIRFLOW_CTX_TASK_ID='fetch_book_data' AIRFLOW_CTX_EXECUTION_DATE='2024-07-31T00:00:00+00:00' AIRFLOW_CTX_TRY_NUMBER='1' AIRFLOW_CTX_DAG_RUN_ID='scheduled__2024-07-31T00:00:00+00:00'
[2024-11-10T11:43:13.014+0000] {logging_mixin.py:190} INFO - Task instance is in running state
[2024-11-10T11:43:13.014+0000] {logging_mixin.py:190} INFO -  Previous state of the Task instance: queued
[2024-11-10T11:43:13.014+0000] {logging_mixin.py:190} INFO - Current task name:fetch_book_data state:running start_date:2024-11-10 11:43:12.648938+00:00
[2024-11-10T11:43:13.015+0000] {logging_mixin.py:190} INFO - Dag name:fetch_and_store_amazon_books and current dag run status:running
[2024-11-10T11:43:13.015+0000] {taskinstance.py:731} INFO - ::endgroup::
[2024-11-10T11:43:14.665+0000] {logging_mixin.py:190} INFO - Failed to retrieve the page
[2024-11-10T11:43:14.716+0000] {python.py:240} INFO - Done. Returned value was: None
[2024-11-10T11:43:14.753+0000] {taskinstance.py:340} INFO - ::group::Post task execution logs
[2024-11-10T11:43:14.756+0000] {taskinstance.py:352} INFO - Marking task as SUCCESS. dag_id=fetch_and_store_amazon_books, task_id=fetch_book_data, run_id=scheduled__2024-07-31T00:00:00+00:00, execution_date=20240731T000000, start_date=20241110T114312, end_date=20241110T114314
[2024-11-10T11:43:14.802+0000] {logging_mixin.py:190} INFO - Task instance in success state
[2024-11-10T11:43:14.803+0000] {logging_mixin.py:190} INFO -  Previous state of the Task instance: running
[2024-11-10T11:43:14.804+0000] {logging_mixin.py:190} INFO - Dag name:fetch_and_store_amazon_books queued_at:2024-11-10 11:43:05.688505+00:00
[2024-11-10T11:43:14.804+0000] {logging_mixin.py:190} INFO - Task hostname:0afc8c4a15bb operator:PythonOperator
[2024-11-10T11:43:14.869+0000] {local_task_job_runner.py:266} INFO - Task exited with return code 0
[2024-11-10T11:43:14.891+0000] {local_task_job_runner.py:245} INFO - ::endgroup::
[2024-11-10T14:08:06.170+0000] {local_task_job_runner.py:123} INFO - ::group::Pre task execution logs
[2024-11-10T14:08:06.219+0000] {taskinstance.py:2613} INFO - Dependencies all met for dep_context=non-requeueable deps ti=<TaskInstance: fetch_and_store_amazon_books.fetch_book_data scheduled__2024-07-31T00:00:00+00:00 [queued]>
[2024-11-10T14:08:06.242+0000] {taskinstance.py:2613} INFO - Dependencies all met for dep_context=requeueable deps ti=<TaskInstance: fetch_and_store_amazon_books.fetch_book_data scheduled__2024-07-31T00:00:00+00:00 [queued]>
[2024-11-10T14:08:06.243+0000] {taskinstance.py:2866} INFO - Starting attempt 1 of 2
[2024-11-10T14:08:06.285+0000] {taskinstance.py:2889} INFO - Executing <Task(PythonOperator): fetch_book_data> on 2024-07-31 00:00:00+00:00
[2024-11-10T14:08:06.317+0000] {warnings.py:112} WARNING - /home/***/.local/lib/python3.12/site-packages/***/task/task_runner/standard_task_runner.py:70: DeprecationWarning: This process (pid=4404) is multi-threaded, use of fork() may lead to deadlocks in the child.
  pid = os.fork()

[2024-11-10T14:08:06.321+0000] {standard_task_runner.py:72} INFO - Started process 4426 to run task
[2024-11-10T14:08:06.324+0000] {standard_task_runner.py:104} INFO - Running: ['***', 'tasks', 'run', 'fetch_and_store_amazon_books', 'fetch_book_data', 'scheduled__2024-07-31T00:00:00+00:00', '--job-id', '362', '--raw', '--subdir', 'DAGS_FOLDER/app.py', '--cfg-path', '/tmp/tmp1019cujw']
[2024-11-10T14:08:06.327+0000] {standard_task_runner.py:105} INFO - Job 362: Subtask fetch_book_data
[2024-11-10T14:08:06.457+0000] {task_command.py:467} INFO - Running <TaskInstance: fetch_and_store_amazon_books.fetch_book_data scheduled__2024-07-31T00:00:00+00:00 [running]> on host 0afc8c4a15bb
[2024-11-10T14:08:06.671+0000] {taskinstance.py:3132} INFO - Exporting env vars: AIRFLOW_CTX_DAG_OWNER='***' AIRFLOW_CTX_DAG_ID='fetch_and_store_amazon_books' AIRFLOW_CTX_TASK_ID='fetch_book_data' AIRFLOW_CTX_EXECUTION_DATE='2024-07-31T00:00:00+00:00' AIRFLOW_CTX_TRY_NUMBER='1' AIRFLOW_CTX_DAG_RUN_ID='scheduled__2024-07-31T00:00:00+00:00'
[2024-11-10T14:08:06.673+0000] {logging_mixin.py:190} INFO - Task instance is in running state
[2024-11-10T14:08:06.674+0000] {logging_mixin.py:190} INFO -  Previous state of the Task instance: queued
[2024-11-10T14:08:06.674+0000] {logging_mixin.py:190} INFO - Current task name:fetch_book_data state:running start_date:2024-11-10 14:08:06.220992+00:00
[2024-11-10T14:08:06.675+0000] {logging_mixin.py:190} INFO - Dag name:fetch_and_store_amazon_books and current dag run status:running
[2024-11-10T14:08:06.675+0000] {taskinstance.py:731} INFO - ::endgroup::
[2024-11-10T14:08:08.587+0000] {python.py:240} INFO - Done. Returned value was: None
[2024-11-10T14:08:08.605+0000] {taskinstance.py:340} INFO - ::group::Post task execution logs
[2024-11-10T14:08:08.606+0000] {taskinstance.py:352} INFO - Marking task as SUCCESS. dag_id=fetch_and_store_amazon_books, task_id=fetch_book_data, run_id=scheduled__2024-07-31T00:00:00+00:00, execution_date=20240731T000000, start_date=20241110T140806, end_date=20241110T140808
[2024-11-10T14:08:08.624+0000] {logging_mixin.py:190} INFO - Task instance in success state
[2024-11-10T14:08:08.625+0000] {logging_mixin.py:190} INFO -  Previous state of the Task instance: running
[2024-11-10T14:08:08.625+0000] {logging_mixin.py:190} INFO - Dag name:fetch_and_store_amazon_books queued_at:2024-11-10 14:08:01.745788+00:00
[2024-11-10T14:08:08.626+0000] {logging_mixin.py:190} INFO - Task hostname:0afc8c4a15bb operator:PythonOperator
[2024-11-10T14:08:08.682+0000] {local_task_job_runner.py:266} INFO - Task exited with return code 0
[2024-11-10T14:08:08.721+0000] {taskinstance.py:3895} INFO - 1 downstream tasks scheduled from follow-on schedule check
[2024-11-10T14:08:08.725+0000] {local_task_job_runner.py:245} INFO - ::endgroup::
