[2024-11-10T11:49:03.430+0000] {local_task_job_runner.py:123} INFO - ::group::Pre task execution logs
[2024-11-10T11:49:03.457+0000] {taskinstance.py:2613} INFO - Dependencies all met for dep_context=non-requeueable deps ti=<TaskInstance: fetch_and_store_amazon_books.fetch_book_data scheduled__2024-08-15T00:00:00+00:00 [queued]>
[2024-11-10T11:49:03.472+0000] {taskinstance.py:2613} INFO - Dependencies all met for dep_context=requeueable deps ti=<TaskInstance: fetch_and_store_amazon_books.fetch_book_data scheduled__2024-08-15T00:00:00+00:00 [queued]>
[2024-11-10T11:49:03.472+0000] {taskinstance.py:2866} INFO - Starting attempt 1 of 2
[2024-11-10T11:49:03.494+0000] {taskinstance.py:2889} INFO - Executing <Task(PythonOperator): fetch_book_data> on 2024-08-15 00:00:00+00:00
[2024-11-10T11:49:03.515+0000] {warnings.py:112} WARNING - /home/***/.local/lib/python3.12/site-packages/***/task/task_runner/standard_task_runner.py:70: DeprecationWarning: This process (pid=2072) is multi-threaded, use of fork() may lead to deadlocks in the child.
  pid = os.fork()

[2024-11-10T11:49:03.519+0000] {standard_task_runner.py:72} INFO - Started process 2098 to run task
[2024-11-10T11:49:03.519+0000] {standard_task_runner.py:104} INFO - Running: ['***', 'tasks', 'run', 'fetch_and_store_amazon_books', 'fetch_book_data', 'scheduled__2024-08-15T00:00:00+00:00', '--job-id', '219', '--raw', '--subdir', 'DAGS_FOLDER/app.py', '--cfg-path', '/tmp/tmpjpsnfwxs']
[2024-11-10T11:49:03.521+0000] {standard_task_runner.py:105} INFO - Job 219: Subtask fetch_book_data
[2024-11-10T11:49:03.599+0000] {task_command.py:467} INFO - Running <TaskInstance: fetch_and_store_amazon_books.fetch_book_data scheduled__2024-08-15T00:00:00+00:00 [running]> on host 0afc8c4a15bb
[2024-11-10T11:49:03.740+0000] {taskinstance.py:3132} INFO - Exporting env vars: AIRFLOW_CTX_DAG_OWNER='***' AIRFLOW_CTX_DAG_ID='fetch_and_store_amazon_books' AIRFLOW_CTX_TASK_ID='fetch_book_data' AIRFLOW_CTX_EXECUTION_DATE='2024-08-15T00:00:00+00:00' AIRFLOW_CTX_TRY_NUMBER='1' AIRFLOW_CTX_DAG_RUN_ID='scheduled__2024-08-15T00:00:00+00:00'
[2024-11-10T11:49:03.744+0000] {logging_mixin.py:190} INFO - Task instance is in running state
[2024-11-10T11:49:03.745+0000] {logging_mixin.py:190} INFO -  Previous state of the Task instance: queued
[2024-11-10T11:49:03.745+0000] {logging_mixin.py:190} INFO - Current task name:fetch_book_data state:running start_date:2024-11-10 11:49:03.457982+00:00
[2024-11-10T11:49:03.745+0000] {logging_mixin.py:190} INFO - Dag name:fetch_and_store_amazon_books and current dag run status:running
[2024-11-10T11:49:03.746+0000] {taskinstance.py:731} INFO - ::endgroup::
[2024-11-10T11:49:04.702+0000] {app.py:32} ERROR - Failed to retrieve page 1: 503 Server Error: Service Unavailable for url: https://www.amazon.com/s?k=data+engineering+books&page=1
[2024-11-10T11:49:04.730+0000] {python.py:240} INFO - Done. Returned value was: None
[2024-11-10T11:49:04.749+0000] {taskinstance.py:340} INFO - ::group::Post task execution logs
[2024-11-10T11:49:04.749+0000] {taskinstance.py:352} INFO - Marking task as SUCCESS. dag_id=fetch_and_store_amazon_books, task_id=fetch_book_data, run_id=scheduled__2024-08-15T00:00:00+00:00, execution_date=20240815T000000, start_date=20241110T114903, end_date=20241110T114904
[2024-11-10T11:49:04.767+0000] {logging_mixin.py:190} INFO - Task instance in success state
[2024-11-10T11:49:04.768+0000] {logging_mixin.py:190} INFO -  Previous state of the Task instance: running
[2024-11-10T11:49:04.769+0000] {logging_mixin.py:190} INFO - Dag name:fetch_and_store_amazon_books queued_at:2024-11-10 11:48:56.617873+00:00
[2024-11-10T11:49:04.769+0000] {logging_mixin.py:190} INFO - Task hostname:0afc8c4a15bb operator:PythonOperator
[2024-11-10T11:49:04.824+0000] {local_task_job_runner.py:266} INFO - Task exited with return code 0
[2024-11-10T11:49:04.859+0000] {taskinstance.py:3895} INFO - 1 downstream tasks scheduled from follow-on schedule check
[2024-11-10T11:49:04.861+0000] {local_task_job_runner.py:245} INFO - ::endgroup::
[2024-11-10T14:08:31.432+0000] {local_task_job_runner.py:123} INFO - ::group::Pre task execution logs
[2024-11-10T14:08:31.460+0000] {taskinstance.py:2613} INFO - Dependencies all met for dep_context=non-requeueable deps ti=<TaskInstance: fetch_and_store_amazon_books.fetch_book_data scheduled__2024-08-15T00:00:00+00:00 [queued]>
[2024-11-10T14:08:31.476+0000] {taskinstance.py:2613} INFO - Dependencies all met for dep_context=requeueable deps ti=<TaskInstance: fetch_and_store_amazon_books.fetch_book_data scheduled__2024-08-15T00:00:00+00:00 [queued]>
[2024-11-10T14:08:31.476+0000] {taskinstance.py:2866} INFO - Starting attempt 1 of 2
[2024-11-10T14:08:31.500+0000] {taskinstance.py:2889} INFO - Executing <Task(PythonOperator): fetch_book_data> on 2024-08-15 00:00:00+00:00
[2024-11-10T14:08:31.519+0000] {warnings.py:112} WARNING - /home/***/.local/lib/python3.12/site-packages/***/task/task_runner/standard_task_runner.py:70: DeprecationWarning: This process (pid=4544) is multi-threaded, use of fork() may lead to deadlocks in the child.
  pid = os.fork()

[2024-11-10T14:08:31.523+0000] {standard_task_runner.py:72} INFO - Started process 4571 to run task
[2024-11-10T14:08:31.524+0000] {standard_task_runner.py:104} INFO - Running: ['***', 'tasks', 'run', 'fetch_and_store_amazon_books', 'fetch_book_data', 'scheduled__2024-08-15T00:00:00+00:00', '--job-id', '399', '--raw', '--subdir', 'DAGS_FOLDER/app.py', '--cfg-path', '/tmp/tmpkiwf4fhx']
[2024-11-10T14:08:31.525+0000] {standard_task_runner.py:105} INFO - Job 399: Subtask fetch_book_data
[2024-11-10T14:08:31.630+0000] {task_command.py:467} INFO - Running <TaskInstance: fetch_and_store_amazon_books.fetch_book_data scheduled__2024-08-15T00:00:00+00:00 [running]> on host 0afc8c4a15bb
[2024-11-10T14:08:31.803+0000] {taskinstance.py:3132} INFO - Exporting env vars: AIRFLOW_CTX_DAG_OWNER='***' AIRFLOW_CTX_DAG_ID='fetch_and_store_amazon_books' AIRFLOW_CTX_TASK_ID='fetch_book_data' AIRFLOW_CTX_EXECUTION_DATE='2024-08-15T00:00:00+00:00' AIRFLOW_CTX_TRY_NUMBER='1' AIRFLOW_CTX_DAG_RUN_ID='scheduled__2024-08-15T00:00:00+00:00'
[2024-11-10T14:08:31.805+0000] {logging_mixin.py:190} INFO - Task instance is in running state
[2024-11-10T14:08:31.806+0000] {logging_mixin.py:190} INFO -  Previous state of the Task instance: queued
[2024-11-10T14:08:31.807+0000] {logging_mixin.py:190} INFO - Current task name:fetch_book_data state:running start_date:2024-11-10 14:08:31.461473+00:00
[2024-11-10T14:08:31.807+0000] {logging_mixin.py:190} INFO - Dag name:fetch_and_store_amazon_books and current dag run status:running
[2024-11-10T14:08:31.808+0000] {taskinstance.py:731} INFO - ::endgroup::
[2024-11-10T14:08:34.944+0000] {python.py:240} INFO - Done. Returned value was: None
[2024-11-10T14:08:34.962+0000] {taskinstance.py:340} INFO - ::group::Post task execution logs
[2024-11-10T14:08:34.962+0000] {taskinstance.py:352} INFO - Marking task as SUCCESS. dag_id=fetch_and_store_amazon_books, task_id=fetch_book_data, run_id=scheduled__2024-08-15T00:00:00+00:00, execution_date=20240815T000000, start_date=20241110T140831, end_date=20241110T140834
[2024-11-10T14:08:34.980+0000] {logging_mixin.py:190} INFO - Task instance in success state
[2024-11-10T14:08:34.981+0000] {logging_mixin.py:190} INFO -  Previous state of the Task instance: running
[2024-11-10T14:08:34.982+0000] {logging_mixin.py:190} INFO - Dag name:fetch_and_store_amazon_books queued_at:2024-11-10 14:08:27.020225+00:00
[2024-11-10T14:08:34.982+0000] {logging_mixin.py:190} INFO - Task hostname:0afc8c4a15bb operator:PythonOperator
[2024-11-10T14:08:35.036+0000] {local_task_job_runner.py:266} INFO - Task exited with return code 0
[2024-11-10T14:08:35.089+0000] {taskinstance.py:3895} INFO - 1 downstream tasks scheduled from follow-on schedule check
[2024-11-10T14:08:35.094+0000] {local_task_job_runner.py:245} INFO - ::endgroup::
