[2024-11-10T11:30:47.841+0000] {local_task_job_runner.py:123} INFO - ::group::Pre task execution logs
[2024-11-10T11:30:47.968+0000] {taskinstance.py:2613} INFO - Dependencies all met for dep_context=non-requeueable deps ti=<TaskInstance: fetch_and_store_amazon_books.fetch_book_data scheduled__2024-06-22T00:00:00+00:00 [queued]>
[2024-11-10T11:30:48.008+0000] {taskinstance.py:2613} INFO - Dependencies all met for dep_context=requeueable deps ti=<TaskInstance: fetch_and_store_amazon_books.fetch_book_data scheduled__2024-06-22T00:00:00+00:00 [queued]>
[2024-11-10T11:30:48.009+0000] {taskinstance.py:2866} INFO - Starting attempt 1 of 2
[2024-11-10T11:30:48.111+0000] {taskinstance.py:2889} INFO - Executing <Task(PythonOperator): fetch_book_data> on 2024-06-22 00:00:00+00:00
[2024-11-10T11:30:48.167+0000] {warnings.py:112} WARNING - /home/***/.local/lib/python3.12/site-packages/***/task/task_runner/standard_task_runner.py:70: DeprecationWarning: This process (pid=1013) is multi-threaded, use of fork() may lead to deadlocks in the child.
  pid = os.fork()

[2024-11-10T11:30:48.171+0000] {standard_task_runner.py:72} INFO - Started process 1050 to run task
[2024-11-10T11:30:48.180+0000] {standard_task_runner.py:104} INFO - Running: ['***', 'tasks', 'run', 'fetch_and_store_amazon_books', 'fetch_book_data', 'scheduled__2024-06-22T00:00:00+00:00', '--job-id', '6', '--raw', '--subdir', 'DAGS_FOLDER/app.py', '--cfg-path', '/tmp/tmpp9t3gy1p']
[2024-11-10T11:30:48.184+0000] {standard_task_runner.py:105} INFO - Job 6: Subtask fetch_book_data
[2024-11-10T11:30:48.457+0000] {task_command.py:467} INFO - Running <TaskInstance: fetch_and_store_amazon_books.fetch_book_data scheduled__2024-06-22T00:00:00+00:00 [running]> on host 0afc8c4a15bb
[2024-11-10T11:30:48.971+0000] {taskinstance.py:3132} INFO - Exporting env vars: AIRFLOW_CTX_DAG_OWNER='***' AIRFLOW_CTX_DAG_ID='fetch_and_store_amazon_books' AIRFLOW_CTX_TASK_ID='fetch_book_data' AIRFLOW_CTX_EXECUTION_DATE='2024-06-22T00:00:00+00:00' AIRFLOW_CTX_TRY_NUMBER='1' AIRFLOW_CTX_DAG_RUN_ID='scheduled__2024-06-22T00:00:00+00:00'
[2024-11-10T11:30:48.991+0000] {logging_mixin.py:190} INFO - Task instance is in running state
[2024-11-10T11:30:48.991+0000] {logging_mixin.py:190} INFO -  Previous state of the Task instance: queued
[2024-11-10T11:30:48.992+0000] {logging_mixin.py:190} INFO - Current task name:fetch_book_data state:running start_date:2024-11-10 11:30:47.969213+00:00
[2024-11-10T11:30:48.992+0000] {logging_mixin.py:190} INFO - Dag name:fetch_and_store_amazon_books and current dag run status:running
[2024-11-10T11:30:48.993+0000] {taskinstance.py:731} INFO - ::endgroup::
[2024-11-10T11:30:50.573+0000] {logging_mixin.py:190} INFO - Failed to retrieve the page
[2024-11-10T11:30:50.734+0000] {python.py:240} INFO - Done. Returned value was: None
[2024-11-10T11:30:50.793+0000] {taskinstance.py:340} INFO - ::group::Post task execution logs
[2024-11-10T11:30:50.797+0000] {taskinstance.py:352} INFO - Marking task as SUCCESS. dag_id=fetch_and_store_amazon_books, task_id=fetch_book_data, run_id=scheduled__2024-06-22T00:00:00+00:00, execution_date=20240622T000000, start_date=20241110T113047, end_date=20241110T113050
[2024-11-10T11:30:50.841+0000] {logging_mixin.py:190} INFO - Task instance in success state
[2024-11-10T11:30:50.842+0000] {logging_mixin.py:190} INFO -  Previous state of the Task instance: running
[2024-11-10T11:30:50.842+0000] {logging_mixin.py:190} INFO - Dag name:fetch_and_store_amazon_books queued_at:2024-11-10 11:30:16.910852+00:00
[2024-11-10T11:30:50.842+0000] {logging_mixin.py:190} INFO - Task hostname:0afc8c4a15bb operator:PythonOperator
[2024-11-10T11:30:50.920+0000] {local_task_job_runner.py:266} INFO - Task exited with return code 0
[2024-11-10T11:30:51.038+0000] {taskinstance.py:3895} INFO - 1 downstream tasks scheduled from follow-on schedule check
[2024-11-10T11:30:51.049+0000] {local_task_job_runner.py:245} INFO - ::endgroup::
[2024-11-10T14:06:06.453+0000] {local_task_job_runner.py:123} INFO - ::group::Pre task execution logs
[2024-11-10T14:06:06.559+0000] {taskinstance.py:2613} INFO - Dependencies all met for dep_context=non-requeueable deps ti=<TaskInstance: fetch_and_store_amazon_books.fetch_book_data scheduled__2024-06-22T00:00:00+00:00 [queued]>
[2024-11-10T14:06:06.635+0000] {taskinstance.py:2613} INFO - Dependencies all met for dep_context=requeueable deps ti=<TaskInstance: fetch_and_store_amazon_books.fetch_book_data scheduled__2024-06-22T00:00:00+00:00 [queued]>
[2024-11-10T14:06:06.639+0000] {taskinstance.py:2866} INFO - Starting attempt 1 of 2
[2024-11-10T14:06:07.202+0000] {taskinstance.py:2889} INFO - Executing <Task(PythonOperator): fetch_book_data> on 2024-06-22 00:00:00+00:00
[2024-11-10T14:06:07.417+0000] {warnings.py:112} WARNING - /home/***/.local/lib/python3.12/site-packages/***/task/task_runner/standard_task_runner.py:70: DeprecationWarning: This process (pid=3886) is multi-threaded, use of fork() may lead to deadlocks in the child.
  pid = os.fork()

[2024-11-10T14:06:07.470+0000] {standard_task_runner.py:104} INFO - Running: ['***', 'tasks', 'run', 'fetch_and_store_amazon_books', 'fetch_book_data', 'scheduled__2024-06-22T00:00:00+00:00', '--job-id', '241', '--raw', '--subdir', 'DAGS_FOLDER/app.py', '--cfg-path', '/tmp/tmpu3xcwsa7']
[2024-11-10T14:06:07.477+0000] {standard_task_runner.py:105} INFO - Job 241: Subtask fetch_book_data
[2024-11-10T14:06:07.486+0000] {standard_task_runner.py:72} INFO - Started process 3935 to run task
[2024-11-10T14:06:07.821+0000] {task_command.py:467} INFO - Running <TaskInstance: fetch_and_store_amazon_books.fetch_book_data scheduled__2024-06-22T00:00:00+00:00 [running]> on host 0afc8c4a15bb
[2024-11-10T14:06:08.409+0000] {taskinstance.py:3132} INFO - Exporting env vars: AIRFLOW_CTX_DAG_OWNER='***' AIRFLOW_CTX_DAG_ID='fetch_and_store_amazon_books' AIRFLOW_CTX_TASK_ID='fetch_book_data' AIRFLOW_CTX_EXECUTION_DATE='2024-06-22T00:00:00+00:00' AIRFLOW_CTX_TRY_NUMBER='1' AIRFLOW_CTX_DAG_RUN_ID='scheduled__2024-06-22T00:00:00+00:00'
[2024-11-10T14:06:08.417+0000] {logging_mixin.py:190} INFO - Task instance is in running state
[2024-11-10T14:06:08.418+0000] {logging_mixin.py:190} INFO -  Previous state of the Task instance: queued
[2024-11-10T14:06:08.419+0000] {logging_mixin.py:190} INFO - Current task name:fetch_book_data state:running start_date:2024-11-10 14:06:06.560304+00:00
[2024-11-10T14:06:08.419+0000] {logging_mixin.py:190} INFO - Dag name:fetch_and_store_amazon_books and current dag run status:running
[2024-11-10T14:06:08.420+0000] {taskinstance.py:731} INFO - ::endgroup::
[2024-11-10T14:06:11.548+0000] {python.py:240} INFO - Done. Returned value was: None
[2024-11-10T14:06:11.599+0000] {taskinstance.py:340} INFO - ::group::Post task execution logs
[2024-11-10T14:06:11.600+0000] {taskinstance.py:352} INFO - Marking task as SUCCESS. dag_id=fetch_and_store_amazon_books, task_id=fetch_book_data, run_id=scheduled__2024-06-22T00:00:00+00:00, execution_date=20240622T000000, start_date=20241110T140606, end_date=20241110T140611
[2024-11-10T14:06:11.635+0000] {logging_mixin.py:190} INFO - Task instance in success state
[2024-11-10T14:06:11.639+0000] {logging_mixin.py:190} INFO -  Previous state of the Task instance: running
[2024-11-10T14:06:11.643+0000] {logging_mixin.py:190} INFO - Dag name:fetch_and_store_amazon_books queued_at:2024-11-10 14:05:18.493130+00:00
[2024-11-10T14:06:11.646+0000] {logging_mixin.py:190} INFO - Task hostname:0afc8c4a15bb operator:PythonOperator
[2024-11-10T14:06:11.697+0000] {local_task_job_runner.py:266} INFO - Task exited with return code 0
[2024-11-10T14:06:11.829+0000] {taskinstance.py:3895} INFO - 1 downstream tasks scheduled from follow-on schedule check
[2024-11-10T14:06:11.835+0000] {local_task_job_runner.py:245} INFO - ::endgroup::
