[2024-11-10T11:49:07.888+0000] {local_task_job_runner.py:123} INFO - ::group::Pre task execution logs
[2024-11-10T11:49:07.947+0000] {taskinstance.py:2613} INFO - Dependencies all met for dep_context=non-requeueable deps ti=<TaskInstance: fetch_and_store_amazon_books.create_table scheduled__2024-08-12T00:00:00+00:00 [queued]>
[2024-11-10T11:49:07.968+0000] {taskinstance.py:2613} INFO - Dependencies all met for dep_context=requeueable deps ti=<TaskInstance: fetch_and_store_amazon_books.create_table scheduled__2024-08-12T00:00:00+00:00 [queued]>
[2024-11-10T11:49:07.969+0000] {taskinstance.py:2866} INFO - Starting attempt 1 of 2
[2024-11-10T11:49:07.999+0000] {taskinstance.py:2889} INFO - Executing <Task(PostgresOperator): create_table> on 2024-08-12 00:00:00+00:00
[2024-11-10T11:49:08.033+0000] {warnings.py:112} WARNING - /home/***/.local/lib/python3.12/site-packages/***/task/task_runner/standard_task_runner.py:70: DeprecationWarning: This process (pid=2090) is multi-threaded, use of fork() may lead to deadlocks in the child.
  pid = os.fork()

[2024-11-10T11:49:08.043+0000] {standard_task_runner.py:72} INFO - Started process 2121 to run task
[2024-11-10T11:49:08.044+0000] {standard_task_runner.py:104} INFO - Running: ['***', 'tasks', 'run', 'fetch_and_store_amazon_books', 'create_table', 'scheduled__2024-08-12T00:00:00+00:00', '--job-id', '224', '--raw', '--subdir', 'DAGS_FOLDER/app.py', '--cfg-path', '/tmp/tmpx7gkiy8n']
[2024-11-10T11:49:08.047+0000] {standard_task_runner.py:105} INFO - Job 224: Subtask create_table
[2024-11-10T11:49:08.203+0000] {task_command.py:467} INFO - Running <TaskInstance: fetch_and_store_amazon_books.create_table scheduled__2024-08-12T00:00:00+00:00 [running]> on host 0afc8c4a15bb
[2024-11-10T11:49:08.473+0000] {taskinstance.py:3132} INFO - Exporting env vars: AIRFLOW_CTX_DAG_OWNER='***' AIRFLOW_CTX_DAG_ID='fetch_and_store_amazon_books' AIRFLOW_CTX_TASK_ID='create_table' AIRFLOW_CTX_EXECUTION_DATE='2024-08-12T00:00:00+00:00' AIRFLOW_CTX_TRY_NUMBER='1' AIRFLOW_CTX_DAG_RUN_ID='scheduled__2024-08-12T00:00:00+00:00'
[2024-11-10T11:49:08.480+0000] {logging_mixin.py:190} INFO - Task instance is in running state
[2024-11-10T11:49:08.483+0000] {logging_mixin.py:190} INFO -  Previous state of the Task instance: queued
[2024-11-10T11:49:08.483+0000] {logging_mixin.py:190} INFO - Current task name:create_table state:running start_date:2024-11-10 11:49:07.948185+00:00
[2024-11-10T11:49:08.484+0000] {logging_mixin.py:190} INFO - Dag name:fetch_and_store_amazon_books and current dag run status:running
[2024-11-10T11:49:08.484+0000] {taskinstance.py:731} INFO - ::endgroup::
[2024-11-10T11:49:08.484+0000] {sql.py:278} INFO - Executing: 
    CREATE TABLE IF NOT EXISTS books (
        id SERIAL PRIMARY KEY,
        title TEXT NOT NULL,
        authors TEXT,
        price TEXT,
        rating TEXT
    );
    
[2024-11-10T11:49:08.518+0000] {base.py:84} INFO - Retrieving connection 'books_connection'
[2024-11-10T11:49:08.553+0000] {base.py:84} INFO - Retrieving connection 'books_connection'
[2024-11-10T11:49:08.570+0000] {sql.py:544} INFO - Running statement: 
    CREATE TABLE IF NOT EXISTS books (
        id SERIAL PRIMARY KEY,
        title TEXT NOT NULL,
        authors TEXT,
        price TEXT,
        rating TEXT
    );
    , parameters: None
[2024-11-10T11:49:08.601+0000] {taskinstance.py:340} INFO - ::group::Post task execution logs
[2024-11-10T11:49:08.602+0000] {taskinstance.py:352} INFO - Marking task as SUCCESS. dag_id=fetch_and_store_amazon_books, task_id=create_table, run_id=scheduled__2024-08-12T00:00:00+00:00, execution_date=20240812T000000, start_date=20241110T114907, end_date=20241110T114908
[2024-11-10T11:49:08.648+0000] {logging_mixin.py:190} INFO - Task instance in success state
[2024-11-10T11:49:08.648+0000] {logging_mixin.py:190} INFO -  Previous state of the Task instance: running
[2024-11-10T11:49:08.649+0000] {logging_mixin.py:190} INFO - Dag name:fetch_and_store_amazon_books queued_at:2024-11-10 11:48:55.910682+00:00
[2024-11-10T11:49:08.649+0000] {logging_mixin.py:190} INFO - Task hostname:0afc8c4a15bb operator:PostgresOperator
[2024-11-10T11:49:08.715+0000] {local_task_job_runner.py:266} INFO - Task exited with return code 0
[2024-11-10T11:49:08.753+0000] {taskinstance.py:3895} INFO - 1 downstream tasks scheduled from follow-on schedule check
[2024-11-10T11:49:08.756+0000] {local_task_job_runner.py:245} INFO - ::endgroup::
[2024-11-10T14:08:39.073+0000] {local_task_job_runner.py:123} INFO - ::group::Pre task execution logs
[2024-11-10T14:08:39.119+0000] {taskinstance.py:2613} INFO - Dependencies all met for dep_context=non-requeueable deps ti=<TaskInstance: fetch_and_store_amazon_books.create_table scheduled__2024-08-12T00:00:00+00:00 [queued]>
[2024-11-10T14:08:39.136+0000] {taskinstance.py:2613} INFO - Dependencies all met for dep_context=requeueable deps ti=<TaskInstance: fetch_and_store_amazon_books.create_table scheduled__2024-08-12T00:00:00+00:00 [queued]>
[2024-11-10T14:08:39.137+0000] {taskinstance.py:2866} INFO - Starting attempt 1 of 2
[2024-11-10T14:08:39.245+0000] {taskinstance.py:2889} INFO - Executing <Task(PostgresOperator): create_table> on 2024-08-12 00:00:00+00:00
[2024-11-10T14:08:39.269+0000] {warnings.py:112} WARNING - /home/***/.local/lib/python3.12/site-packages/***/task/task_runner/standard_task_runner.py:70: DeprecationWarning: This process (pid=4586) is multi-threaded, use of fork() may lead to deadlocks in the child.
  pid = os.fork()

[2024-11-10T14:08:39.274+0000] {standard_task_runner.py:72} INFO - Started process 4609 to run task
[2024-11-10T14:08:39.275+0000] {standard_task_runner.py:104} INFO - Running: ['***', 'tasks', 'run', 'fetch_and_store_amazon_books', 'create_table', 'scheduled__2024-08-12T00:00:00+00:00', '--job-id', '407', '--raw', '--subdir', 'DAGS_FOLDER/app.py', '--cfg-path', '/tmp/tmpxat7k_so']
[2024-11-10T14:08:39.277+0000] {standard_task_runner.py:105} INFO - Job 407: Subtask create_table
[2024-11-10T14:08:39.402+0000] {task_command.py:467} INFO - Running <TaskInstance: fetch_and_store_amazon_books.create_table scheduled__2024-08-12T00:00:00+00:00 [running]> on host 0afc8c4a15bb
[2024-11-10T14:08:39.612+0000] {taskinstance.py:3132} INFO - Exporting env vars: AIRFLOW_CTX_DAG_OWNER='***' AIRFLOW_CTX_DAG_ID='fetch_and_store_amazon_books' AIRFLOW_CTX_TASK_ID='create_table' AIRFLOW_CTX_EXECUTION_DATE='2024-08-12T00:00:00+00:00' AIRFLOW_CTX_TRY_NUMBER='1' AIRFLOW_CTX_DAG_RUN_ID='scheduled__2024-08-12T00:00:00+00:00'
[2024-11-10T14:08:39.615+0000] {logging_mixin.py:190} INFO - Task instance is in running state
[2024-11-10T14:08:39.616+0000] {logging_mixin.py:190} INFO -  Previous state of the Task instance: queued
[2024-11-10T14:08:39.617+0000] {logging_mixin.py:190} INFO - Current task name:create_table state:running start_date:2024-11-10 14:08:39.119892+00:00
[2024-11-10T14:08:39.617+0000] {logging_mixin.py:190} INFO - Dag name:fetch_and_store_amazon_books and current dag run status:running
[2024-11-10T14:08:39.619+0000] {taskinstance.py:731} INFO - ::endgroup::
[2024-11-10T14:08:39.620+0000] {sql.py:278} INFO - Executing: 
    CREATE TABLE IF NOT EXISTS books (
        id SERIAL PRIMARY KEY,
        title TEXT NOT NULL,
        authors TEXT,
        price TEXT,
        rating TEXT
    );
    
[2024-11-10T14:08:39.656+0000] {base.py:84} INFO - Retrieving connection 'books_connection'
[2024-11-10T14:08:39.674+0000] {base.py:84} INFO - Retrieving connection 'books_connection'
[2024-11-10T14:08:39.689+0000] {sql.py:544} INFO - Running statement: 
    CREATE TABLE IF NOT EXISTS books (
        id SERIAL PRIMARY KEY,
        title TEXT NOT NULL,
        authors TEXT,
        price TEXT,
        rating TEXT
    );
    , parameters: None
[2024-11-10T14:08:39.734+0000] {taskinstance.py:340} INFO - ::group::Post task execution logs
[2024-11-10T14:08:39.734+0000] {taskinstance.py:352} INFO - Marking task as SUCCESS. dag_id=fetch_and_store_amazon_books, task_id=create_table, run_id=scheduled__2024-08-12T00:00:00+00:00, execution_date=20240812T000000, start_date=20241110T140839, end_date=20241110T140839
[2024-11-10T14:08:39.762+0000] {logging_mixin.py:190} INFO - Task instance in success state
[2024-11-10T14:08:39.762+0000] {logging_mixin.py:190} INFO -  Previous state of the Task instance: running
[2024-11-10T14:08:39.763+0000] {logging_mixin.py:190} INFO - Dag name:fetch_and_store_amazon_books queued_at:2024-11-10 14:08:26.415894+00:00
[2024-11-10T14:08:39.771+0000] {logging_mixin.py:190} INFO - Task hostname:0afc8c4a15bb operator:PostgresOperator
[2024-11-10T14:08:39.828+0000] {local_task_job_runner.py:266} INFO - Task exited with return code 0
[2024-11-10T14:08:39.848+0000] {local_task_job_runner.py:245} INFO - ::endgroup::
