[2024-11-10T11:43:24.965+0000] {local_task_job_runner.py:123} INFO - ::group::Pre task execution logs
[2024-11-10T11:43:25.021+0000] {taskinstance.py:2613} INFO - Dependencies all met for dep_context=non-requeueable deps ti=<TaskInstance: fetch_and_store_amazon_books.create_table scheduled__2024-07-31T00:00:00+00:00 [queued]>
[2024-11-10T11:43:25.048+0000] {taskinstance.py:2613} INFO - Dependencies all met for dep_context=requeueable deps ti=<TaskInstance: fetch_and_store_amazon_books.create_table scheduled__2024-07-31T00:00:00+00:00 [queued]>
[2024-11-10T11:43:25.049+0000] {taskinstance.py:2866} INFO - Starting attempt 1 of 2
[2024-11-10T11:43:25.097+0000] {taskinstance.py:2889} INFO - Executing <Task(PostgresOperator): create_table> on 2024-07-31 00:00:00+00:00
[2024-11-10T11:43:25.131+0000] {warnings.py:112} WARNING - /home/***/.local/lib/python3.12/site-packages/***/task/task_runner/standard_task_runner.py:70: DeprecationWarning: This process (pid=1776) is multi-threaded, use of fork() may lead to deadlocks in the child.
  pid = os.fork()

[2024-11-10T11:43:25.140+0000] {standard_task_runner.py:72} INFO - Started process 1821 to run task
[2024-11-10T11:43:25.139+0000] {standard_task_runner.py:104} INFO - Running: ['***', 'tasks', 'run', 'fetch_and_store_amazon_books', 'create_table', 'scheduled__2024-07-31T00:00:00+00:00', '--job-id', '165', '--raw', '--subdir', 'DAGS_FOLDER/app.py', '--cfg-path', '/tmp/tmpapufoy_e']
[2024-11-10T11:43:25.143+0000] {standard_task_runner.py:105} INFO - Job 165: Subtask create_table
[2024-11-10T11:43:25.440+0000] {task_command.py:467} INFO - Running <TaskInstance: fetch_and_store_amazon_books.create_table scheduled__2024-07-31T00:00:00+00:00 [running]> on host 0afc8c4a15bb
[2024-11-10T11:43:25.811+0000] {taskinstance.py:3132} INFO - Exporting env vars: AIRFLOW_CTX_DAG_OWNER='***' AIRFLOW_CTX_DAG_ID='fetch_and_store_amazon_books' AIRFLOW_CTX_TASK_ID='create_table' AIRFLOW_CTX_EXECUTION_DATE='2024-07-31T00:00:00+00:00' AIRFLOW_CTX_TRY_NUMBER='1' AIRFLOW_CTX_DAG_RUN_ID='scheduled__2024-07-31T00:00:00+00:00'
[2024-11-10T11:43:25.816+0000] {logging_mixin.py:190} INFO - Task instance is in running state
[2024-11-10T11:43:25.817+0000] {logging_mixin.py:190} INFO -  Previous state of the Task instance: queued
[2024-11-10T11:43:25.817+0000] {logging_mixin.py:190} INFO - Current task name:create_table state:running start_date:2024-11-10 11:43:25.022521+00:00
[2024-11-10T11:43:25.817+0000] {logging_mixin.py:190} INFO - Dag name:fetch_and_store_amazon_books and current dag run status:running
[2024-11-10T11:43:25.818+0000] {taskinstance.py:731} INFO - ::endgroup::
[2024-11-10T11:43:25.819+0000] {sql.py:278} INFO - Executing: 
    CREATE TABLE IF NOT EXISTS books (
        id SERIAL PRIMARY KEY,
        title TEXT NOT NULL,
        authors TEXT,
        price TEXT,
        rating TEXT
    );
    
[2024-11-10T11:43:25.856+0000] {base.py:84} INFO - Retrieving connection 'books_connection'
[2024-11-10T11:43:25.903+0000] {base.py:84} INFO - Retrieving connection 'books_connection'
[2024-11-10T11:43:25.936+0000] {sql.py:544} INFO - Running statement: 
    CREATE TABLE IF NOT EXISTS books (
        id SERIAL PRIMARY KEY,
        title TEXT NOT NULL,
        authors TEXT,
        price TEXT,
        rating TEXT
    );
    , parameters: None
[2024-11-10T11:43:25.998+0000] {taskinstance.py:340} INFO - ::group::Post task execution logs
[2024-11-10T11:43:26.001+0000] {taskinstance.py:352} INFO - Marking task as SUCCESS. dag_id=fetch_and_store_amazon_books, task_id=create_table, run_id=scheduled__2024-07-31T00:00:00+00:00, execution_date=20240731T000000, start_date=20241110T114325, end_date=20241110T114325
[2024-11-10T11:43:26.057+0000] {logging_mixin.py:190} INFO - Task instance in success state
[2024-11-10T11:43:26.058+0000] {logging_mixin.py:190} INFO -  Previous state of the Task instance: running
[2024-11-10T11:43:26.058+0000] {logging_mixin.py:190} INFO - Dag name:fetch_and_store_amazon_books queued_at:2024-11-10 11:43:05.688505+00:00
[2024-11-10T11:43:26.059+0000] {logging_mixin.py:190} INFO - Task hostname:0afc8c4a15bb operator:PostgresOperator
[2024-11-10T11:43:26.165+0000] {local_task_job_runner.py:266} INFO - Task exited with return code 0
[2024-11-10T11:43:26.235+0000] {local_task_job_runner.py:245} INFO - ::endgroup::
[2024-11-10T14:08:12.817+0000] {local_task_job_runner.py:123} INFO - ::group::Pre task execution logs
[2024-11-10T14:08:12.866+0000] {taskinstance.py:2613} INFO - Dependencies all met for dep_context=non-requeueable deps ti=<TaskInstance: fetch_and_store_amazon_books.create_table scheduled__2024-07-31T00:00:00+00:00 [queued]>
[2024-11-10T14:08:12.888+0000] {taskinstance.py:2613} INFO - Dependencies all met for dep_context=requeueable deps ti=<TaskInstance: fetch_and_store_amazon_books.create_table scheduled__2024-07-31T00:00:00+00:00 [queued]>
[2024-11-10T14:08:12.890+0000] {taskinstance.py:2866} INFO - Starting attempt 1 of 2
[2024-11-10T14:08:12.924+0000] {taskinstance.py:2889} INFO - Executing <Task(PostgresOperator): create_table> on 2024-07-31 00:00:00+00:00
[2024-11-10T14:08:12.955+0000] {warnings.py:112} WARNING - /home/***/.local/lib/python3.12/site-packages/***/task/task_runner/standard_task_runner.py:70: DeprecationWarning: This process (pid=4446) is multi-threaded, use of fork() may lead to deadlocks in the child.
  pid = os.fork()

[2024-11-10T14:08:12.958+0000] {standard_task_runner.py:72} INFO - Started process 4470 to run task
[2024-11-10T14:08:12.963+0000] {standard_task_runner.py:104} INFO - Running: ['***', 'tasks', 'run', 'fetch_and_store_amazon_books', 'create_table', 'scheduled__2024-07-31T00:00:00+00:00', '--job-id', '373', '--raw', '--subdir', 'DAGS_FOLDER/app.py', '--cfg-path', '/tmp/tmpm9o4e_dc']
[2024-11-10T14:08:12.968+0000] {standard_task_runner.py:105} INFO - Job 373: Subtask create_table
[2024-11-10T14:08:13.088+0000] {task_command.py:467} INFO - Running <TaskInstance: fetch_and_store_amazon_books.create_table scheduled__2024-07-31T00:00:00+00:00 [running]> on host 0afc8c4a15bb
[2024-11-10T14:08:13.291+0000] {taskinstance.py:3132} INFO - Exporting env vars: AIRFLOW_CTX_DAG_OWNER='***' AIRFLOW_CTX_DAG_ID='fetch_and_store_amazon_books' AIRFLOW_CTX_TASK_ID='create_table' AIRFLOW_CTX_EXECUTION_DATE='2024-07-31T00:00:00+00:00' AIRFLOW_CTX_TRY_NUMBER='1' AIRFLOW_CTX_DAG_RUN_ID='scheduled__2024-07-31T00:00:00+00:00'
[2024-11-10T14:08:13.294+0000] {logging_mixin.py:190} INFO - Task instance is in running state
[2024-11-10T14:08:13.295+0000] {logging_mixin.py:190} INFO -  Previous state of the Task instance: queued
[2024-11-10T14:08:13.295+0000] {logging_mixin.py:190} INFO - Current task name:create_table state:running start_date:2024-11-10 14:08:12.867203+00:00
[2024-11-10T14:08:13.295+0000] {logging_mixin.py:190} INFO - Dag name:fetch_and_store_amazon_books and current dag run status:running
[2024-11-10T14:08:13.296+0000] {taskinstance.py:731} INFO - ::endgroup::
[2024-11-10T14:08:13.296+0000] {sql.py:278} INFO - Executing: 
    CREATE TABLE IF NOT EXISTS books (
        id SERIAL PRIMARY KEY,
        title TEXT NOT NULL,
        authors TEXT,
        price TEXT,
        rating TEXT
    );
    
[2024-11-10T14:08:13.329+0000] {base.py:84} INFO - Retrieving connection 'books_connection'
[2024-11-10T14:08:13.353+0000] {base.py:84} INFO - Retrieving connection 'books_connection'
[2024-11-10T14:08:13.364+0000] {sql.py:544} INFO - Running statement: 
    CREATE TABLE IF NOT EXISTS books (
        id SERIAL PRIMARY KEY,
        title TEXT NOT NULL,
        authors TEXT,
        price TEXT,
        rating TEXT
    );
    , parameters: None
[2024-11-10T14:08:13.390+0000] {taskinstance.py:340} INFO - ::group::Post task execution logs
[2024-11-10T14:08:13.390+0000] {taskinstance.py:352} INFO - Marking task as SUCCESS. dag_id=fetch_and_store_amazon_books, task_id=create_table, run_id=scheduled__2024-07-31T00:00:00+00:00, execution_date=20240731T000000, start_date=20241110T140812, end_date=20241110T140813
[2024-11-10T14:08:13.414+0000] {logging_mixin.py:190} INFO - Task instance in success state
[2024-11-10T14:08:13.415+0000] {logging_mixin.py:190} INFO -  Previous state of the Task instance: running
[2024-11-10T14:08:13.423+0000] {logging_mixin.py:190} INFO - Dag name:fetch_and_store_amazon_books queued_at:2024-11-10 14:08:01.745788+00:00
[2024-11-10T14:08:13.424+0000] {logging_mixin.py:190} INFO - Task hostname:0afc8c4a15bb operator:PostgresOperator
[2024-11-10T14:08:13.498+0000] {local_task_job_runner.py:266} INFO - Task exited with return code 0
[2024-11-10T14:08:13.538+0000] {taskinstance.py:3895} INFO - 1 downstream tasks scheduled from follow-on schedule check
[2024-11-10T14:08:13.545+0000] {local_task_job_runner.py:245} INFO - ::endgroup::
