[2024-11-10T11:48:28.588+0000] {local_task_job_runner.py:123} INFO - ::group::Pre task execution logs
[2024-11-10T11:48:28.614+0000] {taskinstance.py:2613} INFO - Dependencies all met for dep_context=non-requeueable deps ti=<TaskInstance: fetch_and_store_amazon_books.fetch_book_data scheduled__2024-08-08T00:00:00+00:00 [queued]>
[2024-11-10T11:48:28.625+0000] {taskinstance.py:2613} INFO - Dependencies all met for dep_context=requeueable deps ti=<TaskInstance: fetch_and_store_amazon_books.fetch_book_data scheduled__2024-08-08T00:00:00+00:00 [queued]>
[2024-11-10T11:48:28.626+0000] {taskinstance.py:2866} INFO - Starting attempt 1 of 2
[2024-11-10T11:48:28.642+0000] {taskinstance.py:2889} INFO - Executing <Task(PythonOperator): fetch_book_data> on 2024-08-08 00:00:00+00:00
[2024-11-10T11:48:28.659+0000] {warnings.py:112} WARNING - /home/***/.local/lib/python3.12/site-packages/***/task/task_runner/standard_task_runner.py:70: DeprecationWarning: This process (pid=1971) is multi-threaded, use of fork() may lead to deadlocks in the child.
  pid = os.fork()

[2024-11-10T11:48:28.661+0000] {standard_task_runner.py:72} INFO - Started process 1977 to run task
[2024-11-10T11:48:28.663+0000] {standard_task_runner.py:104} INFO - Running: ['***', 'tasks', 'run', 'fetch_and_store_amazon_books', 'fetch_book_data', 'scheduled__2024-08-08T00:00:00+00:00', '--job-id', '192', '--raw', '--subdir', 'DAGS_FOLDER/app.py', '--cfg-path', '/tmp/tmp1trzpfni']
[2024-11-10T11:48:28.664+0000] {standard_task_runner.py:105} INFO - Job 192: Subtask fetch_book_data
[2024-11-10T11:48:28.731+0000] {task_command.py:467} INFO - Running <TaskInstance: fetch_and_store_amazon_books.fetch_book_data scheduled__2024-08-08T00:00:00+00:00 [running]> on host 0afc8c4a15bb
[2024-11-10T11:48:28.884+0000] {taskinstance.py:3132} INFO - Exporting env vars: AIRFLOW_CTX_DAG_OWNER='***' AIRFLOW_CTX_DAG_ID='fetch_and_store_amazon_books' AIRFLOW_CTX_TASK_ID='fetch_book_data' AIRFLOW_CTX_EXECUTION_DATE='2024-08-08T00:00:00+00:00' AIRFLOW_CTX_TRY_NUMBER='1' AIRFLOW_CTX_DAG_RUN_ID='scheduled__2024-08-08T00:00:00+00:00'
[2024-11-10T11:48:28.887+0000] {logging_mixin.py:190} INFO - Task instance is in running state
[2024-11-10T11:48:28.888+0000] {logging_mixin.py:190} INFO -  Previous state of the Task instance: queued
[2024-11-10T11:48:28.888+0000] {logging_mixin.py:190} INFO - Current task name:fetch_book_data state:running start_date:2024-11-10 11:48:28.614852+00:00
[2024-11-10T11:48:28.888+0000] {logging_mixin.py:190} INFO - Dag name:fetch_and_store_amazon_books and current dag run status:running
[2024-11-10T11:48:28.889+0000] {taskinstance.py:731} INFO - ::endgroup::
[2024-11-10T11:48:30.308+0000] {app.py:32} ERROR - Failed to retrieve page 1: 503 Server Error: Service Unavailable for url: https://www.amazon.com/s?k=data+engineering+books&page=1
[2024-11-10T11:48:30.335+0000] {python.py:240} INFO - Done. Returned value was: None
[2024-11-10T11:48:30.351+0000] {taskinstance.py:340} INFO - ::group::Post task execution logs
[2024-11-10T11:48:30.352+0000] {taskinstance.py:352} INFO - Marking task as SUCCESS. dag_id=fetch_and_store_amazon_books, task_id=fetch_book_data, run_id=scheduled__2024-08-08T00:00:00+00:00, execution_date=20240808T000000, start_date=20241110T114828, end_date=20241110T114830
[2024-11-10T11:48:30.368+0000] {logging_mixin.py:190} INFO - Task instance in success state
[2024-11-10T11:48:30.369+0000] {logging_mixin.py:190} INFO -  Previous state of the Task instance: running
[2024-11-10T11:48:30.369+0000] {logging_mixin.py:190} INFO - Dag name:fetch_and_store_amazon_books queued_at:2024-11-10 11:48:25.734974+00:00
[2024-11-10T11:48:30.369+0000] {logging_mixin.py:190} INFO - Task hostname:0afc8c4a15bb operator:PythonOperator
[2024-11-10T11:48:30.402+0000] {local_task_job_runner.py:266} INFO - Task exited with return code 0
[2024-11-10T11:48:30.416+0000] {local_task_job_runner.py:245} INFO - ::endgroup::
[2024-11-10T14:08:08.652+0000] {local_task_job_runner.py:123} INFO - ::group::Pre task execution logs
[2024-11-10T14:08:08.683+0000] {taskinstance.py:2613} INFO - Dependencies all met for dep_context=non-requeueable deps ti=<TaskInstance: fetch_and_store_amazon_books.fetch_book_data scheduled__2024-08-08T00:00:00+00:00 [queued]>
[2024-11-10T14:08:08.698+0000] {taskinstance.py:2613} INFO - Dependencies all met for dep_context=requeueable deps ti=<TaskInstance: fetch_and_store_amazon_books.fetch_book_data scheduled__2024-08-08T00:00:00+00:00 [queued]>
[2024-11-10T14:08:08.699+0000] {taskinstance.py:2866} INFO - Starting attempt 1 of 2
[2024-11-10T14:08:08.718+0000] {taskinstance.py:2889} INFO - Executing <Task(PythonOperator): fetch_book_data> on 2024-08-08 00:00:00+00:00
[2024-11-10T14:08:08.737+0000] {warnings.py:112} WARNING - /home/***/.local/lib/python3.12/site-packages/***/task/task_runner/standard_task_runner.py:70: DeprecationWarning: This process (pid=4422) is multi-threaded, use of fork() may lead to deadlocks in the child.
  pid = os.fork()

[2024-11-10T14:08:08.740+0000] {standard_task_runner.py:72} INFO - Started process 4444 to run task
[2024-11-10T14:08:08.742+0000] {standard_task_runner.py:104} INFO - Running: ['***', 'tasks', 'run', 'fetch_and_store_amazon_books', 'fetch_book_data', 'scheduled__2024-08-08T00:00:00+00:00', '--job-id', '370', '--raw', '--subdir', 'DAGS_FOLDER/app.py', '--cfg-path', '/tmp/tmp2mjtvqxv']
[2024-11-10T14:08:08.743+0000] {standard_task_runner.py:105} INFO - Job 370: Subtask fetch_book_data
[2024-11-10T14:08:08.820+0000] {task_command.py:467} INFO - Running <TaskInstance: fetch_and_store_amazon_books.fetch_book_data scheduled__2024-08-08T00:00:00+00:00 [running]> on host 0afc8c4a15bb
[2024-11-10T14:08:08.941+0000] {taskinstance.py:3132} INFO - Exporting env vars: AIRFLOW_CTX_DAG_OWNER='***' AIRFLOW_CTX_DAG_ID='fetch_and_store_amazon_books' AIRFLOW_CTX_TASK_ID='fetch_book_data' AIRFLOW_CTX_EXECUTION_DATE='2024-08-08T00:00:00+00:00' AIRFLOW_CTX_TRY_NUMBER='1' AIRFLOW_CTX_DAG_RUN_ID='scheduled__2024-08-08T00:00:00+00:00'
[2024-11-10T14:08:08.943+0000] {logging_mixin.py:190} INFO - Task instance is in running state
[2024-11-10T14:08:08.944+0000] {logging_mixin.py:190} INFO -  Previous state of the Task instance: queued
[2024-11-10T14:08:08.944+0000] {logging_mixin.py:190} INFO - Current task name:fetch_book_data state:running start_date:2024-11-10 14:08:08.684198+00:00
[2024-11-10T14:08:08.944+0000] {logging_mixin.py:190} INFO - Dag name:fetch_and_store_amazon_books and current dag run status:running
[2024-11-10T14:08:08.945+0000] {taskinstance.py:731} INFO - ::endgroup::
[2024-11-10T14:08:14.361+0000] {app.py:32} ERROR - Failed to retrieve page 1: Response ended prematurely
[2024-11-10T14:08:14.404+0000] {python.py:240} INFO - Done. Returned value was: None
[2024-11-10T14:08:14.428+0000] {taskinstance.py:340} INFO - ::group::Post task execution logs
[2024-11-10T14:08:14.430+0000] {taskinstance.py:352} INFO - Marking task as SUCCESS. dag_id=fetch_and_store_amazon_books, task_id=fetch_book_data, run_id=scheduled__2024-08-08T00:00:00+00:00, execution_date=20240808T000000, start_date=20241110T140808, end_date=20241110T140814
[2024-11-10T14:08:14.456+0000] {logging_mixin.py:190} INFO - Task instance in success state
[2024-11-10T14:08:14.457+0000] {logging_mixin.py:190} INFO -  Previous state of the Task instance: running
[2024-11-10T14:08:14.457+0000] {logging_mixin.py:190} INFO - Dag name:fetch_and_store_amazon_books queued_at:2024-11-10 14:08:03.738947+00:00
[2024-11-10T14:08:14.458+0000] {logging_mixin.py:190} INFO - Task hostname:0afc8c4a15bb operator:PythonOperator
[2024-11-10T14:08:14.518+0000] {local_task_job_runner.py:266} INFO - Task exited with return code 0
[2024-11-10T14:08:14.570+0000] {taskinstance.py:3895} INFO - 1 downstream tasks scheduled from follow-on schedule check
[2024-11-10T14:08:14.575+0000] {local_task_job_runner.py:245} INFO - ::endgroup::
