[2024-11-10T11:37:15.004+0000] {local_task_job_runner.py:123} INFO - ::group::Pre task execution logs
[2024-11-10T11:37:15.087+0000] {taskinstance.py:2613} INFO - Dependencies all met for dep_context=non-requeueable deps ti=<TaskInstance: fetch_and_store_amazon_books.fetch_book_data scheduled__2024-07-06T00:00:00+00:00 [queued]>
[2024-11-10T11:37:15.132+0000] {taskinstance.py:2613} INFO - Dependencies all met for dep_context=requeueable deps ti=<TaskInstance: fetch_and_store_amazon_books.fetch_book_data scheduled__2024-07-06T00:00:00+00:00 [queued]>
[2024-11-10T11:37:15.136+0000] {taskinstance.py:2866} INFO - Starting attempt 1 of 2
[2024-11-10T11:37:15.196+0000] {taskinstance.py:2889} INFO - Executing <Task(PythonOperator): fetch_book_data> on 2024-07-06 00:00:00+00:00
[2024-11-10T11:37:15.261+0000] {warnings.py:112} WARNING - /home/***/.local/lib/python3.12/site-packages/***/task/task_runner/standard_task_runner.py:70: DeprecationWarning: This process (pid=1366) is multi-threaded, use of fork() may lead to deadlocks in the child.
  pid = os.fork()

[2024-11-10T11:37:15.265+0000] {standard_task_runner.py:72} INFO - Started process 1393 to run task
[2024-11-10T11:37:15.266+0000] {standard_task_runner.py:104} INFO - Running: ['***', 'tasks', 'run', 'fetch_and_store_amazon_books', 'fetch_book_data', 'scheduled__2024-07-06T00:00:00+00:00', '--job-id', '74', '--raw', '--subdir', 'DAGS_FOLDER/app.py', '--cfg-path', '/tmp/tmpksnirym1']
[2024-11-10T11:37:15.268+0000] {standard_task_runner.py:105} INFO - Job 74: Subtask fetch_book_data
[2024-11-10T11:37:15.422+0000] {task_command.py:467} INFO - Running <TaskInstance: fetch_and_store_amazon_books.fetch_book_data scheduled__2024-07-06T00:00:00+00:00 [running]> on host 0afc8c4a15bb
[2024-11-10T11:37:15.736+0000] {taskinstance.py:3132} INFO - Exporting env vars: AIRFLOW_CTX_DAG_OWNER='***' AIRFLOW_CTX_DAG_ID='fetch_and_store_amazon_books' AIRFLOW_CTX_TASK_ID='fetch_book_data' AIRFLOW_CTX_EXECUTION_DATE='2024-07-06T00:00:00+00:00' AIRFLOW_CTX_TRY_NUMBER='1' AIRFLOW_CTX_DAG_RUN_ID='scheduled__2024-07-06T00:00:00+00:00'
[2024-11-10T11:37:15.742+0000] {logging_mixin.py:190} INFO - Task instance is in running state
[2024-11-10T11:37:15.742+0000] {logging_mixin.py:190} INFO -  Previous state of the Task instance: queued
[2024-11-10T11:37:15.743+0000] {logging_mixin.py:190} INFO - Current task name:fetch_book_data state:running start_date:2024-11-10 11:37:15.088807+00:00
[2024-11-10T11:37:15.745+0000] {logging_mixin.py:190} INFO - Dag name:fetch_and_store_amazon_books and current dag run status:running
[2024-11-10T11:37:15.745+0000] {taskinstance.py:731} INFO - ::endgroup::
[2024-11-10T11:37:16.621+0000] {logging_mixin.py:190} INFO - Failed to retrieve the page
[2024-11-10T11:37:16.689+0000] {python.py:240} INFO - Done. Returned value was: None
[2024-11-10T11:37:16.720+0000] {taskinstance.py:340} INFO - ::group::Post task execution logs
[2024-11-10T11:37:16.721+0000] {taskinstance.py:352} INFO - Marking task as SUCCESS. dag_id=fetch_and_store_amazon_books, task_id=fetch_book_data, run_id=scheduled__2024-07-06T00:00:00+00:00, execution_date=20240706T000000, start_date=20241110T113715, end_date=20241110T113716
[2024-11-10T11:37:16.741+0000] {logging_mixin.py:190} INFO - Task instance in success state
[2024-11-10T11:37:16.742+0000] {logging_mixin.py:190} INFO -  Previous state of the Task instance: running
[2024-11-10T11:37:16.742+0000] {logging_mixin.py:190} INFO - Dag name:fetch_and_store_amazon_books queued_at:2024-11-10 11:37:03.195381+00:00
[2024-11-10T11:37:16.742+0000] {logging_mixin.py:190} INFO - Task hostname:0afc8c4a15bb operator:PythonOperator
[2024-11-10T11:37:16.799+0000] {local_task_job_runner.py:266} INFO - Task exited with return code 0
[2024-11-10T11:37:16.893+0000] {taskinstance.py:3895} INFO - 1 downstream tasks scheduled from follow-on schedule check
[2024-11-10T11:37:16.898+0000] {local_task_job_runner.py:245} INFO - ::endgroup::
[2024-11-10T14:06:57.483+0000] {local_task_job_runner.py:123} INFO - ::group::Pre task execution logs
[2024-11-10T14:06:57.533+0000] {taskinstance.py:2613} INFO - Dependencies all met for dep_context=non-requeueable deps ti=<TaskInstance: fetch_and_store_amazon_books.fetch_book_data scheduled__2024-07-06T00:00:00+00:00 [queued]>
[2024-11-10T14:06:57.575+0000] {taskinstance.py:2613} INFO - Dependencies all met for dep_context=requeueable deps ti=<TaskInstance: fetch_and_store_amazon_books.fetch_book_data scheduled__2024-07-06T00:00:00+00:00 [queued]>
[2024-11-10T14:06:57.576+0000] {taskinstance.py:2866} INFO - Starting attempt 1 of 2
[2024-11-10T14:06:57.614+0000] {taskinstance.py:2889} INFO - Executing <Task(PythonOperator): fetch_book_data> on 2024-07-06 00:00:00+00:00
[2024-11-10T14:06:57.692+0000] {warnings.py:112} WARNING - /home/***/.local/lib/python3.12/site-packages/***/task/task_runner/standard_task_runner.py:70: DeprecationWarning: This process (pid=4091) is multi-threaded, use of fork() may lead to deadlocks in the child.
  pid = os.fork()

[2024-11-10T14:06:57.696+0000] {standard_task_runner.py:72} INFO - Started process 4117 to run task
[2024-11-10T14:06:57.702+0000] {standard_task_runner.py:104} INFO - Running: ['***', 'tasks', 'run', 'fetch_and_store_amazon_books', 'fetch_book_data', 'scheduled__2024-07-06T00:00:00+00:00', '--job-id', '287', '--raw', '--subdir', 'DAGS_FOLDER/app.py', '--cfg-path', '/tmp/tmpa5224254']
[2024-11-10T14:06:57.709+0000] {standard_task_runner.py:105} INFO - Job 287: Subtask fetch_book_data
[2024-11-10T14:06:57.906+0000] {task_command.py:467} INFO - Running <TaskInstance: fetch_and_store_amazon_books.fetch_book_data scheduled__2024-07-06T00:00:00+00:00 [running]> on host 0afc8c4a15bb
[2024-11-10T14:06:58.404+0000] {taskinstance.py:3132} INFO - Exporting env vars: AIRFLOW_CTX_DAG_OWNER='***' AIRFLOW_CTX_DAG_ID='fetch_and_store_amazon_books' AIRFLOW_CTX_TASK_ID='fetch_book_data' AIRFLOW_CTX_EXECUTION_DATE='2024-07-06T00:00:00+00:00' AIRFLOW_CTX_TRY_NUMBER='1' AIRFLOW_CTX_DAG_RUN_ID='scheduled__2024-07-06T00:00:00+00:00'
[2024-11-10T14:06:58.409+0000] {logging_mixin.py:190} INFO - Task instance is in running state
[2024-11-10T14:06:58.414+0000] {logging_mixin.py:190} INFO -  Previous state of the Task instance: queued
[2024-11-10T14:06:58.415+0000] {logging_mixin.py:190} INFO - Current task name:fetch_book_data state:running start_date:2024-11-10 14:06:57.535955+00:00
[2024-11-10T14:06:58.415+0000] {logging_mixin.py:190} INFO - Dag name:fetch_and_store_amazon_books and current dag run status:running
[2024-11-10T14:06:58.416+0000] {taskinstance.py:731} INFO - ::endgroup::
[2024-11-10T14:07:01.983+0000] {python.py:240} INFO - Done. Returned value was: None
[2024-11-10T14:07:02.003+0000] {taskinstance.py:340} INFO - ::group::Post task execution logs
[2024-11-10T14:07:02.004+0000] {taskinstance.py:352} INFO - Marking task as SUCCESS. dag_id=fetch_and_store_amazon_books, task_id=fetch_book_data, run_id=scheduled__2024-07-06T00:00:00+00:00, execution_date=20240706T000000, start_date=20241110T140657, end_date=20241110T140702
[2024-11-10T14:07:02.025+0000] {logging_mixin.py:190} INFO - Task instance in success state
[2024-11-10T14:07:02.026+0000] {logging_mixin.py:190} INFO -  Previous state of the Task instance: running
[2024-11-10T14:07:02.027+0000] {logging_mixin.py:190} INFO - Dag name:fetch_and_store_amazon_books queued_at:2024-11-10 14:06:49.140435+00:00
[2024-11-10T14:07:02.027+0000] {logging_mixin.py:190} INFO - Task hostname:0afc8c4a15bb operator:PythonOperator
[2024-11-10T14:07:02.062+0000] {local_task_job_runner.py:266} INFO - Task exited with return code 0
[2024-11-10T14:07:02.108+0000] {taskinstance.py:3895} INFO - 1 downstream tasks scheduled from follow-on schedule check
[2024-11-10T14:07:02.112+0000] {local_task_job_runner.py:245} INFO - ::endgroup::
