[2024-11-11T09:27:30.520+0000] {processor.py:186} INFO - Started process (PID=69) to work on /opt/airflow/dags/app.py
[2024-11-11T09:27:30.523+0000] {processor.py:914} INFO - Processing file /opt/airflow/dags/app.py for tasks to queue
[2024-11-11T09:27:30.529+0000] {logging_mixin.py:190} INFO - [2024-11-11T09:27:30.528+0000] {dagbag.py:588} INFO - Filling up the DagBag from /opt/airflow/dags/app.py
[2024-11-11T09:27:30.918+0000] {processor.py:925} INFO - DAG(s) 'fetch_and_store_amazon_books' retrieved from /opt/airflow/dags/app.py
[2024-11-11T09:27:30.973+0000] {logging_mixin.py:190} INFO - [2024-11-11T09:27:30.972+0000] {dag.py:3239} INFO - Sync 1 DAGs
[2024-11-11T09:27:31.038+0000] {logging_mixin.py:190} INFO - [2024-11-11T09:27:31.038+0000] {dag.py:4180} INFO - Setting next_dagrun for fetch_and_store_amazon_books to 2024-11-11 00:00:00+00:00, run_after=2024-11-12 00:00:00+00:00
[2024-11-11T09:27:31.088+0000] {processor.py:208} INFO - Processing /opt/airflow/dags/app.py took 0.580 seconds
[2024-11-11T09:28:01.728+0000] {processor.py:186} INFO - Started process (PID=132) to work on /opt/airflow/dags/app.py
[2024-11-11T09:28:01.730+0000] {processor.py:914} INFO - Processing file /opt/airflow/dags/app.py for tasks to queue
[2024-11-11T09:28:01.737+0000] {logging_mixin.py:190} INFO - [2024-11-11T09:28:01.736+0000] {dagbag.py:588} INFO - Filling up the DagBag from /opt/airflow/dags/app.py
[2024-11-11T09:28:01.969+0000] {processor.py:925} INFO - DAG(s) 'fetch_and_store_amazon_books' retrieved from /opt/airflow/dags/app.py
[2024-11-11T09:28:02.013+0000] {logging_mixin.py:190} INFO - [2024-11-11T09:28:02.011+0000] {dag.py:3239} INFO - Sync 1 DAGs
[2024-11-11T09:28:02.061+0000] {logging_mixin.py:190} INFO - [2024-11-11T09:28:02.061+0000] {dag.py:4180} INFO - Setting next_dagrun for fetch_and_store_amazon_books to 2024-11-11 00:00:00+00:00, run_after=2024-11-12 00:00:00+00:00
[2024-11-11T09:28:02.092+0000] {processor.py:208} INFO - Processing /opt/airflow/dags/app.py took 0.380 seconds
[2024-11-11T09:28:32.852+0000] {processor.py:186} INFO - Started process (PID=196) to work on /opt/airflow/dags/app.py
[2024-11-11T09:28:32.854+0000] {processor.py:914} INFO - Processing file /opt/airflow/dags/app.py for tasks to queue
[2024-11-11T09:28:32.866+0000] {logging_mixin.py:190} INFO - [2024-11-11T09:28:32.865+0000] {dagbag.py:588} INFO - Filling up the DagBag from /opt/airflow/dags/app.py
[2024-11-11T09:28:33.120+0000] {processor.py:925} INFO - DAG(s) 'fetch_and_store_amazon_books' retrieved from /opt/airflow/dags/app.py
[2024-11-11T09:28:33.158+0000] {logging_mixin.py:190} INFO - [2024-11-11T09:28:33.157+0000] {dag.py:3239} INFO - Sync 1 DAGs
[2024-11-11T09:28:33.205+0000] {logging_mixin.py:190} INFO - [2024-11-11T09:28:33.204+0000] {dag.py:4180} INFO - Setting next_dagrun for fetch_and_store_amazon_books to 2024-11-11 00:00:00+00:00, run_after=2024-11-12 00:00:00+00:00
[2024-11-11T09:28:33.237+0000] {processor.py:208} INFO - Processing /opt/airflow/dags/app.py took 0.407 seconds
[2024-11-11T09:29:03.972+0000] {processor.py:186} INFO - Started process (PID=260) to work on /opt/airflow/dags/app.py
[2024-11-11T09:29:03.974+0000] {processor.py:914} INFO - Processing file /opt/airflow/dags/app.py for tasks to queue
[2024-11-11T09:29:03.981+0000] {logging_mixin.py:190} INFO - [2024-11-11T09:29:03.980+0000] {dagbag.py:588} INFO - Filling up the DagBag from /opt/airflow/dags/app.py
[2024-11-11T09:29:04.228+0000] {processor.py:925} INFO - DAG(s) 'fetch_and_store_amazon_books' retrieved from /opt/airflow/dags/app.py
[2024-11-11T09:29:04.263+0000] {logging_mixin.py:190} INFO - [2024-11-11T09:29:04.262+0000] {dag.py:3239} INFO - Sync 1 DAGs
[2024-11-11T09:29:04.306+0000] {logging_mixin.py:190} INFO - [2024-11-11T09:29:04.306+0000] {dag.py:4180} INFO - Setting next_dagrun for fetch_and_store_amazon_books to 2024-11-11 00:00:00+00:00, run_after=2024-11-12 00:00:00+00:00
[2024-11-11T09:29:04.333+0000] {processor.py:208} INFO - Processing /opt/airflow/dags/app.py took 0.379 seconds
[2024-11-11T09:29:35.203+0000] {processor.py:186} INFO - Started process (PID=323) to work on /opt/airflow/dags/app.py
[2024-11-11T09:29:35.206+0000] {processor.py:914} INFO - Processing file /opt/airflow/dags/app.py for tasks to queue
[2024-11-11T09:29:35.230+0000] {logging_mixin.py:190} INFO - [2024-11-11T09:29:35.226+0000] {dagbag.py:588} INFO - Filling up the DagBag from /opt/airflow/dags/app.py
[2024-11-11T09:29:35.553+0000] {processor.py:925} INFO - DAG(s) 'fetch_and_store_amazon_books' retrieved from /opt/airflow/dags/app.py
[2024-11-11T09:29:35.594+0000] {logging_mixin.py:190} INFO - [2024-11-11T09:29:35.594+0000] {dag.py:3239} INFO - Sync 1 DAGs
[2024-11-11T09:29:35.633+0000] {logging_mixin.py:190} INFO - [2024-11-11T09:29:35.633+0000] {dag.py:4180} INFO - Setting next_dagrun for fetch_and_store_amazon_books to 2024-11-11 00:00:00+00:00, run_after=2024-11-12 00:00:00+00:00
[2024-11-11T09:29:35.665+0000] {processor.py:208} INFO - Processing /opt/airflow/dags/app.py took 0.496 seconds
[2024-11-11T09:30:05.894+0000] {processor.py:186} INFO - Started process (PID=393) to work on /opt/airflow/dags/app.py
[2024-11-11T09:30:05.896+0000] {processor.py:914} INFO - Processing file /opt/airflow/dags/app.py for tasks to queue
[2024-11-11T09:30:05.912+0000] {logging_mixin.py:190} INFO - [2024-11-11T09:30:05.910+0000] {dagbag.py:588} INFO - Filling up the DagBag from /opt/airflow/dags/app.py
[2024-11-11T09:30:06.140+0000] {processor.py:925} INFO - DAG(s) 'fetch_and_store_amazon_books' retrieved from /opt/airflow/dags/app.py
[2024-11-11T09:30:06.170+0000] {logging_mixin.py:190} INFO - [2024-11-11T09:30:06.170+0000] {dag.py:3239} INFO - Sync 1 DAGs
[2024-11-11T09:30:06.204+0000] {logging_mixin.py:190} INFO - [2024-11-11T09:30:06.203+0000] {dag.py:4180} INFO - Setting next_dagrun for fetch_and_store_amazon_books to 2024-11-11 00:00:00+00:00, run_after=2024-11-12 00:00:00+00:00
[2024-11-11T09:30:06.230+0000] {processor.py:208} INFO - Processing /opt/airflow/dags/app.py took 0.362 seconds
[2024-11-11T09:30:36.823+0000] {processor.py:186} INFO - Started process (PID=457) to work on /opt/airflow/dags/app.py
[2024-11-11T09:30:36.825+0000] {processor.py:914} INFO - Processing file /opt/airflow/dags/app.py for tasks to queue
[2024-11-11T09:30:36.843+0000] {logging_mixin.py:190} INFO - [2024-11-11T09:30:36.836+0000] {dagbag.py:588} INFO - Filling up the DagBag from /opt/airflow/dags/app.py
[2024-11-11T09:30:37.067+0000] {processor.py:925} INFO - DAG(s) 'fetch_and_store_amazon_books' retrieved from /opt/airflow/dags/app.py
[2024-11-11T09:30:37.110+0000] {logging_mixin.py:190} INFO - [2024-11-11T09:30:37.109+0000] {dag.py:3239} INFO - Sync 1 DAGs
[2024-11-11T09:30:37.155+0000] {logging_mixin.py:190} INFO - [2024-11-11T09:30:37.155+0000] {dag.py:4180} INFO - Setting next_dagrun for fetch_and_store_amazon_books to 2024-11-11 00:00:00+00:00, run_after=2024-11-12 00:00:00+00:00
[2024-11-11T09:30:37.185+0000] {processor.py:208} INFO - Processing /opt/airflow/dags/app.py took 0.386 seconds
[2024-11-11T09:31:07.791+0000] {processor.py:186} INFO - Started process (PID=521) to work on /opt/airflow/dags/app.py
[2024-11-11T09:31:07.793+0000] {processor.py:914} INFO - Processing file /opt/airflow/dags/app.py for tasks to queue
[2024-11-11T09:31:07.798+0000] {logging_mixin.py:190} INFO - [2024-11-11T09:31:07.798+0000] {dagbag.py:588} INFO - Filling up the DagBag from /opt/airflow/dags/app.py
[2024-11-11T09:31:07.958+0000] {processor.py:925} INFO - DAG(s) 'fetch_and_store_amazon_books' retrieved from /opt/airflow/dags/app.py
[2024-11-11T09:31:07.996+0000] {logging_mixin.py:190} INFO - [2024-11-11T09:31:07.995+0000] {dag.py:3239} INFO - Sync 1 DAGs
[2024-11-11T09:31:08.036+0000] {logging_mixin.py:190} INFO - [2024-11-11T09:31:08.035+0000] {dag.py:4180} INFO - Setting next_dagrun for fetch_and_store_amazon_books to 2024-11-11 00:00:00+00:00, run_after=2024-11-12 00:00:00+00:00
[2024-11-11T09:31:08.067+0000] {processor.py:208} INFO - Processing /opt/airflow/dags/app.py took 0.287 seconds
[2024-11-11T09:31:38.156+0000] {processor.py:186} INFO - Started process (PID=585) to work on /opt/airflow/dags/app.py
[2024-11-11T09:31:38.157+0000] {processor.py:914} INFO - Processing file /opt/airflow/dags/app.py for tasks to queue
[2024-11-11T09:31:38.164+0000] {logging_mixin.py:190} INFO - [2024-11-11T09:31:38.163+0000] {dagbag.py:588} INFO - Filling up the DagBag from /opt/airflow/dags/app.py
[2024-11-11T09:31:38.351+0000] {processor.py:925} INFO - DAG(s) 'fetch_and_store_amazon_books' retrieved from /opt/airflow/dags/app.py
[2024-11-11T09:31:38.387+0000] {logging_mixin.py:190} INFO - [2024-11-11T09:31:38.386+0000] {dag.py:3239} INFO - Sync 1 DAGs
[2024-11-11T09:31:38.432+0000] {logging_mixin.py:190} INFO - [2024-11-11T09:31:38.431+0000] {dag.py:4180} INFO - Setting next_dagrun for fetch_and_store_amazon_books to 2024-11-11 00:00:00+00:00, run_after=2024-11-12 00:00:00+00:00
[2024-11-11T09:31:38.461+0000] {processor.py:208} INFO - Processing /opt/airflow/dags/app.py took 0.318 seconds
[2024-11-11T09:32:08.808+0000] {processor.py:186} INFO - Started process (PID=649) to work on /opt/airflow/dags/app.py
[2024-11-11T09:32:08.811+0000] {processor.py:914} INFO - Processing file /opt/airflow/dags/app.py for tasks to queue
[2024-11-11T09:32:08.816+0000] {logging_mixin.py:190} INFO - [2024-11-11T09:32:08.816+0000] {dagbag.py:588} INFO - Filling up the DagBag from /opt/airflow/dags/app.py
[2024-11-11T09:32:08.976+0000] {processor.py:925} INFO - DAG(s) 'fetch_and_store_amazon_books' retrieved from /opt/airflow/dags/app.py
[2024-11-11T09:32:09.016+0000] {logging_mixin.py:190} INFO - [2024-11-11T09:32:09.015+0000] {dag.py:3239} INFO - Sync 1 DAGs
[2024-11-11T09:32:09.056+0000] {logging_mixin.py:190} INFO - [2024-11-11T09:32:09.055+0000] {dag.py:4180} INFO - Setting next_dagrun for fetch_and_store_amazon_books to 2024-11-11 00:00:00+00:00, run_after=2024-11-12 00:00:00+00:00
[2024-11-11T09:32:09.087+0000] {processor.py:208} INFO - Processing /opt/airflow/dags/app.py took 0.293 seconds
[2024-11-11T09:32:39.176+0000] {processor.py:186} INFO - Started process (PID=713) to work on /opt/airflow/dags/app.py
[2024-11-11T09:32:39.177+0000] {processor.py:914} INFO - Processing file /opt/airflow/dags/app.py for tasks to queue
[2024-11-11T09:32:39.181+0000] {logging_mixin.py:190} INFO - [2024-11-11T09:32:39.181+0000] {dagbag.py:588} INFO - Filling up the DagBag from /opt/airflow/dags/app.py
[2024-11-11T09:32:39.361+0000] {processor.py:925} INFO - DAG(s) 'fetch_and_store_amazon_books' retrieved from /opt/airflow/dags/app.py
[2024-11-11T09:32:39.396+0000] {logging_mixin.py:190} INFO - [2024-11-11T09:32:39.396+0000] {dag.py:3239} INFO - Sync 1 DAGs
[2024-11-11T09:32:39.434+0000] {logging_mixin.py:190} INFO - [2024-11-11T09:32:39.434+0000] {dag.py:4180} INFO - Setting next_dagrun for fetch_and_store_amazon_books to 2024-11-11 00:00:00+00:00, run_after=2024-11-12 00:00:00+00:00
[2024-11-11T09:32:39.463+0000] {processor.py:208} INFO - Processing /opt/airflow/dags/app.py took 0.297 seconds
[2024-11-11T09:33:10.103+0000] {processor.py:186} INFO - Started process (PID=777) to work on /opt/airflow/dags/app.py
[2024-11-11T09:33:10.104+0000] {processor.py:914} INFO - Processing file /opt/airflow/dags/app.py for tasks to queue
[2024-11-11T09:33:10.109+0000] {logging_mixin.py:190} INFO - [2024-11-11T09:33:10.108+0000] {dagbag.py:588} INFO - Filling up the DagBag from /opt/airflow/dags/app.py
[2024-11-11T09:33:10.258+0000] {processor.py:925} INFO - DAG(s) 'fetch_and_store_amazon_books' retrieved from /opt/airflow/dags/app.py
[2024-11-11T09:33:10.289+0000] {logging_mixin.py:190} INFO - [2024-11-11T09:33:10.288+0000] {dag.py:3239} INFO - Sync 1 DAGs
[2024-11-11T09:33:10.324+0000] {logging_mixin.py:190} INFO - [2024-11-11T09:33:10.324+0000] {dag.py:4180} INFO - Setting next_dagrun for fetch_and_store_amazon_books to 2024-11-11 00:00:00+00:00, run_after=2024-11-12 00:00:00+00:00
[2024-11-11T09:33:10.353+0000] {processor.py:208} INFO - Processing /opt/airflow/dags/app.py took 0.260 seconds
[2024-11-11T09:33:40.456+0000] {processor.py:186} INFO - Started process (PID=841) to work on /opt/airflow/dags/app.py
[2024-11-11T09:33:40.458+0000] {processor.py:914} INFO - Processing file /opt/airflow/dags/app.py for tasks to queue
[2024-11-11T09:33:40.464+0000] {logging_mixin.py:190} INFO - [2024-11-11T09:33:40.464+0000] {dagbag.py:588} INFO - Filling up the DagBag from /opt/airflow/dags/app.py
[2024-11-11T09:33:40.674+0000] {processor.py:925} INFO - DAG(s) 'fetch_and_store_amazon_books' retrieved from /opt/airflow/dags/app.py
[2024-11-11T09:33:40.709+0000] {logging_mixin.py:190} INFO - [2024-11-11T09:33:40.708+0000] {dag.py:3239} INFO - Sync 1 DAGs
[2024-11-11T09:33:40.754+0000] {logging_mixin.py:190} INFO - [2024-11-11T09:33:40.754+0000] {dag.py:4180} INFO - Setting next_dagrun for fetch_and_store_amazon_books to 2024-11-11 00:00:00+00:00, run_after=2024-11-12 00:00:00+00:00
[2024-11-11T09:33:40.802+0000] {processor.py:208} INFO - Processing /opt/airflow/dags/app.py took 0.363 seconds
[2024-11-11T09:34:11.020+0000] {processor.py:186} INFO - Started process (PID=905) to work on /opt/airflow/dags/app.py
[2024-11-11T09:34:11.022+0000] {processor.py:914} INFO - Processing file /opt/airflow/dags/app.py for tasks to queue
[2024-11-11T09:34:11.028+0000] {logging_mixin.py:190} INFO - [2024-11-11T09:34:11.027+0000] {dagbag.py:588} INFO - Filling up the DagBag from /opt/airflow/dags/app.py
[2024-11-11T09:34:11.185+0000] {processor.py:925} INFO - DAG(s) 'fetch_and_store_amazon_books' retrieved from /opt/airflow/dags/app.py
[2024-11-11T09:34:11.236+0000] {logging_mixin.py:190} INFO - [2024-11-11T09:34:11.235+0000] {dag.py:3239} INFO - Sync 1 DAGs
[2024-11-11T09:34:11.277+0000] {logging_mixin.py:190} INFO - [2024-11-11T09:34:11.276+0000] {dag.py:4180} INFO - Setting next_dagrun for fetch_and_store_amazon_books to 2024-11-11 00:00:00+00:00, run_after=2024-11-12 00:00:00+00:00
[2024-11-11T09:34:11.309+0000] {processor.py:208} INFO - Processing /opt/airflow/dags/app.py took 0.301 seconds
[2024-11-11T09:34:41.423+0000] {processor.py:186} INFO - Started process (PID=970) to work on /opt/airflow/dags/app.py
[2024-11-11T09:34:41.424+0000] {processor.py:914} INFO - Processing file /opt/airflow/dags/app.py for tasks to queue
[2024-11-11T09:34:41.429+0000] {logging_mixin.py:190} INFO - [2024-11-11T09:34:41.428+0000] {dagbag.py:588} INFO - Filling up the DagBag from /opt/airflow/dags/app.py
[2024-11-11T09:34:41.580+0000] {processor.py:925} INFO - DAG(s) 'fetch_and_store_amazon_books' retrieved from /opt/airflow/dags/app.py
[2024-11-11T09:34:41.617+0000] {logging_mixin.py:190} INFO - [2024-11-11T09:34:41.616+0000] {dag.py:3239} INFO - Sync 1 DAGs
[2024-11-11T09:34:41.656+0000] {logging_mixin.py:190} INFO - [2024-11-11T09:34:41.656+0000] {dag.py:4180} INFO - Setting next_dagrun for fetch_and_store_amazon_books to 2024-11-11 00:00:00+00:00, run_after=2024-11-12 00:00:00+00:00
[2024-11-11T09:34:41.686+0000] {processor.py:208} INFO - Processing /opt/airflow/dags/app.py took 0.275 seconds
[2024-11-11T09:35:12.526+0000] {processor.py:186} INFO - Started process (PID=1034) to work on /opt/airflow/dags/app.py
[2024-11-11T09:35:12.528+0000] {processor.py:914} INFO - Processing file /opt/airflow/dags/app.py for tasks to queue
[2024-11-11T09:35:12.534+0000] {logging_mixin.py:190} INFO - [2024-11-11T09:35:12.533+0000] {dagbag.py:588} INFO - Filling up the DagBag from /opt/airflow/dags/app.py
[2024-11-11T09:35:12.738+0000] {processor.py:925} INFO - DAG(s) 'fetch_and_store_amazon_books' retrieved from /opt/airflow/dags/app.py
[2024-11-11T09:35:12.790+0000] {logging_mixin.py:190} INFO - [2024-11-11T09:35:12.789+0000] {dag.py:3239} INFO - Sync 1 DAGs
[2024-11-11T09:35:12.839+0000] {logging_mixin.py:190} INFO - [2024-11-11T09:35:12.839+0000] {dag.py:4180} INFO - Setting next_dagrun for fetch_and_store_amazon_books to 2024-11-11 00:00:00+00:00, run_after=2024-11-12 00:00:00+00:00
[2024-11-11T09:35:12.875+0000] {processor.py:208} INFO - Processing /opt/airflow/dags/app.py took 0.362 seconds
[2024-11-11T09:35:43.437+0000] {processor.py:186} INFO - Started process (PID=1098) to work on /opt/airflow/dags/app.py
[2024-11-11T09:35:43.439+0000] {processor.py:914} INFO - Processing file /opt/airflow/dags/app.py for tasks to queue
[2024-11-11T09:35:43.444+0000] {logging_mixin.py:190} INFO - [2024-11-11T09:35:43.444+0000] {dagbag.py:588} INFO - Filling up the DagBag from /opt/airflow/dags/app.py
[2024-11-11T09:35:43.618+0000] {processor.py:925} INFO - DAG(s) 'fetch_and_store_amazon_books' retrieved from /opt/airflow/dags/app.py
[2024-11-11T09:35:43.655+0000] {logging_mixin.py:190} INFO - [2024-11-11T09:35:43.654+0000] {dag.py:3239} INFO - Sync 1 DAGs
[2024-11-11T09:35:43.695+0000] {logging_mixin.py:190} INFO - [2024-11-11T09:35:43.695+0000] {dag.py:4180} INFO - Setting next_dagrun for fetch_and_store_amazon_books to 2024-11-11 00:00:00+00:00, run_after=2024-11-12 00:00:00+00:00
[2024-11-11T09:35:43.727+0000] {processor.py:208} INFO - Processing /opt/airflow/dags/app.py took 0.302 seconds
[2024-11-11T09:36:14.643+0000] {processor.py:186} INFO - Started process (PID=1163) to work on /opt/airflow/dags/app.py
[2024-11-11T09:36:14.644+0000] {processor.py:914} INFO - Processing file /opt/airflow/dags/app.py for tasks to queue
[2024-11-11T09:36:14.647+0000] {logging_mixin.py:190} INFO - [2024-11-11T09:36:14.647+0000] {dagbag.py:588} INFO - Filling up the DagBag from /opt/airflow/dags/app.py
[2024-11-11T09:36:14.771+0000] {processor.py:925} INFO - DAG(s) 'fetch_and_store_amazon_books' retrieved from /opt/airflow/dags/app.py
[2024-11-11T09:36:14.798+0000] {logging_mixin.py:190} INFO - [2024-11-11T09:36:14.798+0000] {dag.py:3239} INFO - Sync 1 DAGs
[2024-11-11T09:36:14.832+0000] {logging_mixin.py:190} INFO - [2024-11-11T09:36:14.832+0000] {dag.py:4180} INFO - Setting next_dagrun for fetch_and_store_amazon_books to 2024-11-11 00:00:00+00:00, run_after=2024-11-12 00:00:00+00:00
[2024-11-11T09:36:14.855+0000] {processor.py:208} INFO - Processing /opt/airflow/dags/app.py took 0.218 seconds
[2024-11-11T09:36:45.090+0000] {processor.py:186} INFO - Started process (PID=1227) to work on /opt/airflow/dags/app.py
[2024-11-11T09:36:45.091+0000] {processor.py:914} INFO - Processing file /opt/airflow/dags/app.py for tasks to queue
[2024-11-11T09:36:45.095+0000] {logging_mixin.py:190} INFO - [2024-11-11T09:36:45.094+0000] {dagbag.py:588} INFO - Filling up the DagBag from /opt/airflow/dags/app.py
[2024-11-11T09:36:45.313+0000] {processor.py:925} INFO - DAG(s) 'fetch_and_store_amazon_books' retrieved from /opt/airflow/dags/app.py
[2024-11-11T09:36:45.342+0000] {logging_mixin.py:190} INFO - [2024-11-11T09:36:45.342+0000] {dag.py:3239} INFO - Sync 1 DAGs
[2024-11-11T09:36:45.374+0000] {logging_mixin.py:190} INFO - [2024-11-11T09:36:45.374+0000] {dag.py:4180} INFO - Setting next_dagrun for fetch_and_store_amazon_books to 2024-11-11 00:00:00+00:00, run_after=2024-11-12 00:00:00+00:00
[2024-11-11T09:36:45.397+0000] {processor.py:208} INFO - Processing /opt/airflow/dags/app.py took 0.316 seconds
[2024-11-11T09:37:15.825+0000] {processor.py:186} INFO - Started process (PID=1292) to work on /opt/airflow/dags/app.py
[2024-11-11T09:37:15.826+0000] {processor.py:914} INFO - Processing file /opt/airflow/dags/app.py for tasks to queue
[2024-11-11T09:37:15.830+0000] {logging_mixin.py:190} INFO - [2024-11-11T09:37:15.829+0000] {dagbag.py:588} INFO - Filling up the DagBag from /opt/airflow/dags/app.py
[2024-11-11T09:37:15.981+0000] {processor.py:925} INFO - DAG(s) 'fetch_and_store_amazon_books' retrieved from /opt/airflow/dags/app.py
[2024-11-11T09:37:16.010+0000] {logging_mixin.py:190} INFO - [2024-11-11T09:37:16.010+0000] {dag.py:3239} INFO - Sync 1 DAGs
[2024-11-11T09:37:16.045+0000] {logging_mixin.py:190} INFO - [2024-11-11T09:37:16.045+0000] {dag.py:4180} INFO - Setting next_dagrun for fetch_and_store_amazon_books to 2024-11-11 00:00:00+00:00, run_after=2024-11-12 00:00:00+00:00
[2024-11-11T09:37:16.072+0000] {processor.py:208} INFO - Processing /opt/airflow/dags/app.py took 0.257 seconds
[2024-11-11T09:37:46.243+0000] {processor.py:186} INFO - Started process (PID=1341) to work on /opt/airflow/dags/app.py
[2024-11-11T09:37:46.244+0000] {processor.py:914} INFO - Processing file /opt/airflow/dags/app.py for tasks to queue
[2024-11-11T09:37:46.248+0000] {logging_mixin.py:190} INFO - [2024-11-11T09:37:46.248+0000] {dagbag.py:588} INFO - Filling up the DagBag from /opt/airflow/dags/app.py
[2024-11-11T09:37:46.411+0000] {processor.py:925} INFO - DAG(s) 'fetch_and_store_amazon_books' retrieved from /opt/airflow/dags/app.py
[2024-11-11T09:37:46.442+0000] {logging_mixin.py:190} INFO - [2024-11-11T09:37:46.441+0000] {dag.py:3239} INFO - Sync 1 DAGs
[2024-11-11T09:37:46.476+0000] {logging_mixin.py:190} INFO - [2024-11-11T09:37:46.476+0000] {dag.py:4180} INFO - Setting next_dagrun for fetch_and_store_amazon_books to 2024-11-11 00:00:00+00:00, run_after=2024-11-12 00:00:00+00:00
[2024-11-11T09:37:46.504+0000] {processor.py:208} INFO - Processing /opt/airflow/dags/app.py took 0.271 seconds
[2024-11-11T09:38:17.001+0000] {processor.py:186} INFO - Started process (PID=1400) to work on /opt/airflow/dags/app.py
[2024-11-11T09:38:17.002+0000] {processor.py:914} INFO - Processing file /opt/airflow/dags/app.py for tasks to queue
[2024-11-11T09:38:17.006+0000] {logging_mixin.py:190} INFO - [2024-11-11T09:38:17.005+0000] {dagbag.py:588} INFO - Filling up the DagBag from /opt/airflow/dags/app.py
[2024-11-11T09:38:17.152+0000] {processor.py:925} INFO - DAG(s) 'fetch_and_store_amazon_books' retrieved from /opt/airflow/dags/app.py
[2024-11-11T09:38:17.188+0000] {logging_mixin.py:190} INFO - [2024-11-11T09:38:17.187+0000] {dag.py:3239} INFO - Sync 1 DAGs
[2024-11-11T09:38:17.223+0000] {logging_mixin.py:190} INFO - [2024-11-11T09:38:17.223+0000] {dag.py:4180} INFO - Setting next_dagrun for fetch_and_store_amazon_books to 2024-11-11 00:00:00+00:00, run_after=2024-11-12 00:00:00+00:00
[2024-11-11T09:38:17.251+0000] {processor.py:208} INFO - Processing /opt/airflow/dags/app.py took 0.260 seconds
[2024-11-11T09:38:47.359+0000] {processor.py:186} INFO - Started process (PID=1450) to work on /opt/airflow/dags/app.py
[2024-11-11T09:38:47.360+0000] {processor.py:914} INFO - Processing file /opt/airflow/dags/app.py for tasks to queue
[2024-11-11T09:38:47.364+0000] {logging_mixin.py:190} INFO - [2024-11-11T09:38:47.363+0000] {dagbag.py:588} INFO - Filling up the DagBag from /opt/airflow/dags/app.py
[2024-11-11T09:38:47.510+0000] {processor.py:925} INFO - DAG(s) 'fetch_and_store_amazon_books' retrieved from /opt/airflow/dags/app.py
[2024-11-11T09:38:47.549+0000] {logging_mixin.py:190} INFO - [2024-11-11T09:38:47.549+0000] {dag.py:3239} INFO - Sync 1 DAGs
[2024-11-11T09:38:47.591+0000] {logging_mixin.py:190} INFO - [2024-11-11T09:38:47.590+0000] {dag.py:4180} INFO - Setting next_dagrun for fetch_and_store_amazon_books to 2024-11-11 00:00:00+00:00, run_after=2024-11-12 00:00:00+00:00
[2024-11-11T09:38:47.622+0000] {processor.py:208} INFO - Processing /opt/airflow/dags/app.py took 0.273 seconds
[2024-11-11T09:39:19.754+0000] {processor.py:186} INFO - Started process (PID=1512) to work on /opt/airflow/dags/app.py
[2024-11-11T09:39:19.755+0000] {processor.py:914} INFO - Processing file /opt/airflow/dags/app.py for tasks to queue
[2024-11-11T09:39:19.761+0000] {logging_mixin.py:190} INFO - [2024-11-11T09:39:19.760+0000] {dagbag.py:588} INFO - Filling up the DagBag from /opt/airflow/dags/app.py
[2024-11-11T09:39:19.945+0000] {processor.py:925} INFO - DAG(s) 'fetch_and_store_amazon_books' retrieved from /opt/airflow/dags/app.py
[2024-11-11T09:39:19.976+0000] {logging_mixin.py:190} INFO - [2024-11-11T09:39:19.975+0000] {dag.py:3239} INFO - Sync 1 DAGs
[2024-11-11T09:39:20.011+0000] {logging_mixin.py:190} INFO - [2024-11-11T09:39:20.011+0000] {dag.py:4180} INFO - Setting next_dagrun for fetch_and_store_amazon_books to 2024-11-11 00:00:00+00:00, run_after=2024-11-12 00:00:00+00:00
[2024-11-11T09:39:20.038+0000] {processor.py:208} INFO - Processing /opt/airflow/dags/app.py took 0.294 seconds
[2024-11-11T09:39:50.107+0000] {processor.py:186} INFO - Started process (PID=1568) to work on /opt/airflow/dags/app.py
[2024-11-11T09:39:50.109+0000] {processor.py:914} INFO - Processing file /opt/airflow/dags/app.py for tasks to queue
[2024-11-11T09:39:50.115+0000] {logging_mixin.py:190} INFO - [2024-11-11T09:39:50.114+0000] {dagbag.py:588} INFO - Filling up the DagBag from /opt/airflow/dags/app.py
[2024-11-11T09:39:50.282+0000] {processor.py:925} INFO - DAG(s) 'fetch_and_store_amazon_books' retrieved from /opt/airflow/dags/app.py
[2024-11-11T09:39:50.322+0000] {logging_mixin.py:190} INFO - [2024-11-11T09:39:50.321+0000] {dag.py:3239} INFO - Sync 1 DAGs
[2024-11-11T09:39:50.363+0000] {logging_mixin.py:190} INFO - [2024-11-11T09:39:50.363+0000] {dag.py:4180} INFO - Setting next_dagrun for fetch_and_store_amazon_books to 2024-11-11 00:00:00+00:00, run_after=2024-11-12 00:00:00+00:00
[2024-11-11T09:39:50.398+0000] {processor.py:208} INFO - Processing /opt/airflow/dags/app.py took 0.302 seconds
[2024-11-11T09:40:20.655+0000] {processor.py:186} INFO - Started process (PID=1632) to work on /opt/airflow/dags/app.py
[2024-11-11T09:40:20.656+0000] {processor.py:914} INFO - Processing file /opt/airflow/dags/app.py for tasks to queue
[2024-11-11T09:40:20.664+0000] {logging_mixin.py:190} INFO - [2024-11-11T09:40:20.663+0000] {dagbag.py:588} INFO - Filling up the DagBag from /opt/airflow/dags/app.py
[2024-11-11T09:40:20.831+0000] {processor.py:925} INFO - DAG(s) 'fetch_and_store_amazon_books' retrieved from /opt/airflow/dags/app.py
[2024-11-11T09:40:20.860+0000] {logging_mixin.py:190} INFO - [2024-11-11T09:40:20.859+0000] {dag.py:3239} INFO - Sync 1 DAGs
[2024-11-11T09:40:20.896+0000] {logging_mixin.py:190} INFO - [2024-11-11T09:40:20.895+0000] {dag.py:4180} INFO - Setting next_dagrun for fetch_and_store_amazon_books to 2024-11-11 00:00:00+00:00, run_after=2024-11-12 00:00:00+00:00
[2024-11-11T09:40:21.235+0000] {processor.py:208} INFO - Processing /opt/airflow/dags/app.py took 0.595 seconds
[2024-11-11T09:40:51.808+0000] {processor.py:186} INFO - Started process (PID=1696) to work on /opt/airflow/dags/app.py
[2024-11-11T09:40:51.810+0000] {processor.py:914} INFO - Processing file /opt/airflow/dags/app.py for tasks to queue
[2024-11-11T09:40:51.816+0000] {logging_mixin.py:190} INFO - [2024-11-11T09:40:51.815+0000] {dagbag.py:588} INFO - Filling up the DagBag from /opt/airflow/dags/app.py
[2024-11-11T09:40:51.978+0000] {processor.py:925} INFO - DAG(s) 'fetch_and_store_amazon_books' retrieved from /opt/airflow/dags/app.py
[2024-11-11T09:40:52.014+0000] {logging_mixin.py:190} INFO - [2024-11-11T09:40:52.013+0000] {dag.py:3239} INFO - Sync 1 DAGs
[2024-11-11T09:40:52.050+0000] {logging_mixin.py:190} INFO - [2024-11-11T09:40:52.050+0000] {dag.py:4180} INFO - Setting next_dagrun for fetch_and_store_amazon_books to 2024-11-11 00:00:00+00:00, run_after=2024-11-12 00:00:00+00:00
[2024-11-11T09:40:52.082+0000] {processor.py:208} INFO - Processing /opt/airflow/dags/app.py took 0.286 seconds
[2024-11-11T09:41:22.367+0000] {processor.py:186} INFO - Started process (PID=1760) to work on /opt/airflow/dags/app.py
[2024-11-11T09:41:22.369+0000] {processor.py:914} INFO - Processing file /opt/airflow/dags/app.py for tasks to queue
[2024-11-11T09:41:22.374+0000] {logging_mixin.py:190} INFO - [2024-11-11T09:41:22.374+0000] {dagbag.py:588} INFO - Filling up the DagBag from /opt/airflow/dags/app.py
[2024-11-11T09:41:22.561+0000] {processor.py:925} INFO - DAG(s) 'fetch_and_store_amazon_books' retrieved from /opt/airflow/dags/app.py
[2024-11-11T09:41:22.594+0000] {logging_mixin.py:190} INFO - [2024-11-11T09:41:22.593+0000] {dag.py:3239} INFO - Sync 1 DAGs
[2024-11-11T09:41:22.629+0000] {logging_mixin.py:190} INFO - [2024-11-11T09:41:22.628+0000] {dag.py:4180} INFO - Setting next_dagrun for fetch_and_store_amazon_books to 2024-11-11 00:00:00+00:00, run_after=2024-11-12 00:00:00+00:00
[2024-11-11T09:41:22.661+0000] {processor.py:208} INFO - Processing /opt/airflow/dags/app.py took 0.305 seconds
[2024-11-11T09:41:52.955+0000] {processor.py:186} INFO - Started process (PID=1824) to work on /opt/airflow/dags/app.py
[2024-11-11T09:41:52.957+0000] {processor.py:914} INFO - Processing file /opt/airflow/dags/app.py for tasks to queue
[2024-11-11T09:41:52.962+0000] {logging_mixin.py:190} INFO - [2024-11-11T09:41:52.961+0000] {dagbag.py:588} INFO - Filling up the DagBag from /opt/airflow/dags/app.py
[2024-11-11T09:41:53.132+0000] {processor.py:925} INFO - DAG(s) 'fetch_and_store_amazon_books' retrieved from /opt/airflow/dags/app.py
[2024-11-11T09:41:53.168+0000] {logging_mixin.py:190} INFO - [2024-11-11T09:41:53.167+0000] {dag.py:3239} INFO - Sync 1 DAGs
[2024-11-11T09:41:53.207+0000] {logging_mixin.py:190} INFO - [2024-11-11T09:41:53.206+0000] {dag.py:4180} INFO - Setting next_dagrun for fetch_and_store_amazon_books to 2024-11-11 00:00:00+00:00, run_after=2024-11-12 00:00:00+00:00
[2024-11-11T09:41:53.239+0000] {processor.py:208} INFO - Processing /opt/airflow/dags/app.py took 0.295 seconds
[2024-11-11T09:42:23.406+0000] {processor.py:186} INFO - Started process (PID=1888) to work on /opt/airflow/dags/app.py
[2024-11-11T09:42:23.408+0000] {processor.py:914} INFO - Processing file /opt/airflow/dags/app.py for tasks to queue
[2024-11-11T09:42:23.414+0000] {logging_mixin.py:190} INFO - [2024-11-11T09:42:23.414+0000] {dagbag.py:588} INFO - Filling up the DagBag from /opt/airflow/dags/app.py
[2024-11-11T09:42:23.638+0000] {processor.py:925} INFO - DAG(s) 'fetch_and_store_amazon_books' retrieved from /opt/airflow/dags/app.py
[2024-11-11T09:42:23.679+0000] {logging_mixin.py:190} INFO - [2024-11-11T09:42:23.678+0000] {dag.py:3239} INFO - Sync 1 DAGs
[2024-11-11T09:42:23.721+0000] {logging_mixin.py:190} INFO - [2024-11-11T09:42:23.721+0000] {dag.py:4180} INFO - Setting next_dagrun for fetch_and_store_amazon_books to 2024-11-11 00:00:00+00:00, run_after=2024-11-12 00:00:00+00:00
[2024-11-11T09:42:23.757+0000] {processor.py:208} INFO - Processing /opt/airflow/dags/app.py took 0.364 seconds
[2024-11-11T09:42:54.047+0000] {processor.py:186} INFO - Started process (PID=1953) to work on /opt/airflow/dags/app.py
[2024-11-11T09:42:54.048+0000] {processor.py:914} INFO - Processing file /opt/airflow/dags/app.py for tasks to queue
[2024-11-11T09:42:54.053+0000] {logging_mixin.py:190} INFO - [2024-11-11T09:42:54.052+0000] {dagbag.py:588} INFO - Filling up the DagBag from /opt/airflow/dags/app.py
[2024-11-11T09:42:54.221+0000] {processor.py:925} INFO - DAG(s) 'fetch_and_store_amazon_books' retrieved from /opt/airflow/dags/app.py
[2024-11-11T09:42:54.258+0000] {logging_mixin.py:190} INFO - [2024-11-11T09:42:54.257+0000] {dag.py:3239} INFO - Sync 1 DAGs
[2024-11-11T09:42:54.295+0000] {logging_mixin.py:190} INFO - [2024-11-11T09:42:54.295+0000] {dag.py:4180} INFO - Setting next_dagrun for fetch_and_store_amazon_books to 2024-11-11 00:00:00+00:00, run_after=2024-11-12 00:00:00+00:00
[2024-11-11T09:42:54.326+0000] {processor.py:208} INFO - Processing /opt/airflow/dags/app.py took 0.291 seconds
[2024-11-11T09:43:24.414+0000] {processor.py:186} INFO - Started process (PID=2017) to work on /opt/airflow/dags/app.py
[2024-11-11T09:43:24.416+0000] {processor.py:914} INFO - Processing file /opt/airflow/dags/app.py for tasks to queue
[2024-11-11T09:43:24.421+0000] {logging_mixin.py:190} INFO - [2024-11-11T09:43:24.420+0000] {dagbag.py:588} INFO - Filling up the DagBag from /opt/airflow/dags/app.py
[2024-11-11T09:43:24.574+0000] {processor.py:925} INFO - DAG(s) 'fetch_and_store_amazon_books' retrieved from /opt/airflow/dags/app.py
[2024-11-11T09:43:24.611+0000] {logging_mixin.py:190} INFO - [2024-11-11T09:43:24.610+0000] {dag.py:3239} INFO - Sync 1 DAGs
[2024-11-11T09:43:25.064+0000] {logging_mixin.py:190} INFO - [2024-11-11T09:43:25.063+0000] {dag.py:4180} INFO - Setting next_dagrun for fetch_and_store_amazon_books to 2024-11-11 00:00:00+00:00, run_after=2024-11-12 00:00:00+00:00
[2024-11-11T09:43:25.091+0000] {processor.py:208} INFO - Processing /opt/airflow/dags/app.py took 0.688 seconds
[2024-11-11T09:43:55.345+0000] {processor.py:186} INFO - Started process (PID=2080) to work on /opt/airflow/dags/app.py
[2024-11-11T09:43:55.348+0000] {processor.py:914} INFO - Processing file /opt/airflow/dags/app.py for tasks to queue
[2024-11-11T09:43:55.355+0000] {logging_mixin.py:190} INFO - [2024-11-11T09:43:55.354+0000] {dagbag.py:588} INFO - Filling up the DagBag from /opt/airflow/dags/app.py
[2024-11-11T09:43:55.612+0000] {processor.py:925} INFO - DAG(s) 'fetch_and_store_amazon_books' retrieved from /opt/airflow/dags/app.py
[2024-11-11T09:43:55.664+0000] {logging_mixin.py:190} INFO - [2024-11-11T09:43:55.663+0000] {dag.py:3239} INFO - Sync 1 DAGs
[2024-11-11T09:43:55.707+0000] {logging_mixin.py:190} INFO - [2024-11-11T09:43:55.706+0000] {dag.py:4180} INFO - Setting next_dagrun for fetch_and_store_amazon_books to 2024-11-11 00:00:00+00:00, run_after=2024-11-12 00:00:00+00:00
[2024-11-11T09:43:56.373+0000] {processor.py:208} INFO - Processing /opt/airflow/dags/app.py took 1.049 seconds
[2024-11-11T09:44:26.582+0000] {processor.py:186} INFO - Started process (PID=2145) to work on /opt/airflow/dags/app.py
[2024-11-11T09:44:26.583+0000] {processor.py:914} INFO - Processing file /opt/airflow/dags/app.py for tasks to queue
[2024-11-11T09:44:26.588+0000] {logging_mixin.py:190} INFO - [2024-11-11T09:44:26.588+0000] {dagbag.py:588} INFO - Filling up the DagBag from /opt/airflow/dags/app.py
[2024-11-11T09:44:26.749+0000] {processor.py:925} INFO - DAG(s) 'fetch_and_store_amazon_books' retrieved from /opt/airflow/dags/app.py
[2024-11-11T09:44:26.788+0000] {logging_mixin.py:190} INFO - [2024-11-11T09:44:26.788+0000] {dag.py:3239} INFO - Sync 1 DAGs
[2024-11-11T09:44:26.828+0000] {logging_mixin.py:190} INFO - [2024-11-11T09:44:26.828+0000] {dag.py:4180} INFO - Setting next_dagrun for fetch_and_store_amazon_books to 2024-11-11 00:00:00+00:00, run_after=2024-11-12 00:00:00+00:00
[2024-11-11T09:44:26.859+0000] {processor.py:208} INFO - Processing /opt/airflow/dags/app.py took 0.288 seconds
[2024-11-11T09:44:57.472+0000] {processor.py:186} INFO - Started process (PID=2208) to work on /opt/airflow/dags/app.py
[2024-11-11T09:44:57.475+0000] {processor.py:914} INFO - Processing file /opt/airflow/dags/app.py for tasks to queue
[2024-11-11T09:44:57.483+0000] {logging_mixin.py:190} INFO - [2024-11-11T09:44:57.482+0000] {dagbag.py:588} INFO - Filling up the DagBag from /opt/airflow/dags/app.py
[2024-11-11T09:44:57.678+0000] {processor.py:925} INFO - DAG(s) 'fetch_and_store_amazon_books' retrieved from /opt/airflow/dags/app.py
[2024-11-11T09:44:57.728+0000] {logging_mixin.py:190} INFO - [2024-11-11T09:44:57.727+0000] {dag.py:3239} INFO - Sync 1 DAGs
[2024-11-11T09:44:57.775+0000] {logging_mixin.py:190} INFO - [2024-11-11T09:44:57.775+0000] {dag.py:4180} INFO - Setting next_dagrun for fetch_and_store_amazon_books to 2024-11-11 00:00:00+00:00, run_after=2024-11-12 00:00:00+00:00
[2024-11-11T09:44:57.825+0000] {processor.py:208} INFO - Processing /opt/airflow/dags/app.py took 0.369 seconds
[2024-11-11T09:45:28.121+0000] {processor.py:186} INFO - Started process (PID=2272) to work on /opt/airflow/dags/app.py
[2024-11-11T09:45:28.122+0000] {processor.py:914} INFO - Processing file /opt/airflow/dags/app.py for tasks to queue
[2024-11-11T09:45:28.127+0000] {logging_mixin.py:190} INFO - [2024-11-11T09:45:28.127+0000] {dagbag.py:588} INFO - Filling up the DagBag from /opt/airflow/dags/app.py
[2024-11-11T09:45:28.328+0000] {processor.py:925} INFO - DAG(s) 'fetch_and_store_amazon_books' retrieved from /opt/airflow/dags/app.py
[2024-11-11T09:45:28.365+0000] {logging_mixin.py:190} INFO - [2024-11-11T09:45:28.364+0000] {dag.py:3239} INFO - Sync 1 DAGs
[2024-11-11T09:45:28.412+0000] {logging_mixin.py:190} INFO - [2024-11-11T09:45:28.411+0000] {dag.py:4180} INFO - Setting next_dagrun for fetch_and_store_amazon_books to 2024-11-11 00:00:00+00:00, run_after=2024-11-12 00:00:00+00:00
[2024-11-11T09:45:28.440+0000] {processor.py:208} INFO - Processing /opt/airflow/dags/app.py took 0.332 seconds
[2024-11-11T09:45:58.944+0000] {processor.py:186} INFO - Started process (PID=2336) to work on /opt/airflow/dags/app.py
[2024-11-11T09:45:58.946+0000] {processor.py:914} INFO - Processing file /opt/airflow/dags/app.py for tasks to queue
[2024-11-11T09:45:58.978+0000] {logging_mixin.py:190} INFO - [2024-11-11T09:45:58.975+0000] {dagbag.py:588} INFO - Filling up the DagBag from /opt/airflow/dags/app.py
[2024-11-11T09:45:59.222+0000] {processor.py:925} INFO - DAG(s) 'fetch_and_store_amazon_books' retrieved from /opt/airflow/dags/app.py
[2024-11-11T09:45:59.271+0000] {logging_mixin.py:190} INFO - [2024-11-11T09:45:59.270+0000] {dag.py:3239} INFO - Sync 1 DAGs
[2024-11-11T09:45:59.925+0000] {logging_mixin.py:190} INFO - [2024-11-11T09:45:59.925+0000] {dag.py:4180} INFO - Setting next_dagrun for fetch_and_store_amazon_books to 2024-11-11 00:00:00+00:00, run_after=2024-11-12 00:00:00+00:00
[2024-11-11T09:45:59.952+0000] {processor.py:208} INFO - Processing /opt/airflow/dags/app.py took 1.052 seconds
[2024-11-11T09:46:30.390+0000] {processor.py:186} INFO - Started process (PID=2401) to work on /opt/airflow/dags/app.py
[2024-11-11T09:46:30.394+0000] {processor.py:914} INFO - Processing file /opt/airflow/dags/app.py for tasks to queue
[2024-11-11T09:46:30.400+0000] {logging_mixin.py:190} INFO - [2024-11-11T09:46:30.399+0000] {dagbag.py:588} INFO - Filling up the DagBag from /opt/airflow/dags/app.py
[2024-11-11T09:46:30.565+0000] {processor.py:925} INFO - DAG(s) 'fetch_and_store_amazon_books' retrieved from /opt/airflow/dags/app.py
[2024-11-11T09:46:30.599+0000] {logging_mixin.py:190} INFO - [2024-11-11T09:46:30.599+0000] {dag.py:3239} INFO - Sync 1 DAGs
[2024-11-11T09:46:31.093+0000] {logging_mixin.py:190} INFO - [2024-11-11T09:46:31.093+0000] {dag.py:4180} INFO - Setting next_dagrun for fetch_and_store_amazon_books to 2024-11-11 00:00:00+00:00, run_after=2024-11-12 00:00:00+00:00
[2024-11-11T09:46:31.116+0000] {processor.py:208} INFO - Processing /opt/airflow/dags/app.py took 0.737 seconds
[2024-11-11T09:47:01.221+0000] {processor.py:186} INFO - Started process (PID=2468) to work on /opt/airflow/dags/app.py
[2024-11-11T09:47:01.223+0000] {processor.py:914} INFO - Processing file /opt/airflow/dags/app.py for tasks to queue
[2024-11-11T09:47:01.229+0000] {logging_mixin.py:190} INFO - [2024-11-11T09:47:01.228+0000] {dagbag.py:588} INFO - Filling up the DagBag from /opt/airflow/dags/app.py
[2024-11-11T09:47:01.811+0000] {processor.py:925} INFO - DAG(s) 'fetch_and_store_amazon_books' retrieved from /opt/airflow/dags/app.py
[2024-11-11T09:47:01.834+0000] {logging_mixin.py:190} INFO - [2024-11-11T09:47:01.834+0000] {dag.py:3239} INFO - Sync 1 DAGs
[2024-11-11T09:47:01.863+0000] {logging_mixin.py:190} INFO - [2024-11-11T09:47:01.863+0000] {dag.py:4180} INFO - Setting next_dagrun for fetch_and_store_amazon_books to 2024-11-11 00:00:00+00:00, run_after=2024-11-12 00:00:00+00:00
[2024-11-11T09:47:01.891+0000] {processor.py:208} INFO - Processing /opt/airflow/dags/app.py took 0.681 seconds
[2024-11-11T09:47:32.463+0000] {processor.py:186} INFO - Started process (PID=2533) to work on /opt/airflow/dags/app.py
[2024-11-11T09:47:32.465+0000] {processor.py:914} INFO - Processing file /opt/airflow/dags/app.py for tasks to queue
[2024-11-11T09:47:32.470+0000] {logging_mixin.py:190} INFO - [2024-11-11T09:47:32.469+0000] {dagbag.py:588} INFO - Filling up the DagBag from /opt/airflow/dags/app.py
[2024-11-11T09:47:33.056+0000] {processor.py:925} INFO - DAG(s) 'fetch_and_store_amazon_books' retrieved from /opt/airflow/dags/app.py
[2024-11-11T09:47:33.084+0000] {logging_mixin.py:190} INFO - [2024-11-11T09:47:33.083+0000] {dag.py:3239} INFO - Sync 1 DAGs
[2024-11-11T09:47:33.114+0000] {logging_mixin.py:190} INFO - [2024-11-11T09:47:33.113+0000] {dag.py:4180} INFO - Setting next_dagrun for fetch_and_store_amazon_books to 2024-11-11 00:00:00+00:00, run_after=2024-11-12 00:00:00+00:00
[2024-11-11T09:47:33.137+0000] {processor.py:208} INFO - Processing /opt/airflow/dags/app.py took 0.686 seconds
[2024-11-11T09:48:03.300+0000] {processor.py:186} INFO - Started process (PID=2599) to work on /opt/airflow/dags/app.py
[2024-11-11T09:48:03.302+0000] {processor.py:914} INFO - Processing file /opt/airflow/dags/app.py for tasks to queue
[2024-11-11T09:48:03.307+0000] {logging_mixin.py:190} INFO - [2024-11-11T09:48:03.306+0000] {dagbag.py:588} INFO - Filling up the DagBag from /opt/airflow/dags/app.py
[2024-11-11T09:48:03.768+0000] {processor.py:925} INFO - DAG(s) 'fetch_and_store_amazon_books' retrieved from /opt/airflow/dags/app.py
[2024-11-11T09:48:03.793+0000] {logging_mixin.py:190} INFO - [2024-11-11T09:48:03.793+0000] {dag.py:3239} INFO - Sync 1 DAGs
[2024-11-11T09:48:03.822+0000] {logging_mixin.py:190} INFO - [2024-11-11T09:48:03.822+0000] {dag.py:4180} INFO - Setting next_dagrun for fetch_and_store_amazon_books to 2024-11-11 00:00:00+00:00, run_after=2024-11-12 00:00:00+00:00
[2024-11-11T09:48:03.844+0000] {processor.py:208} INFO - Processing /opt/airflow/dags/app.py took 0.556 seconds
[2024-11-11T09:48:34.173+0000] {processor.py:186} INFO - Started process (PID=2661) to work on /opt/airflow/dags/app.py
[2024-11-11T09:48:34.174+0000] {processor.py:914} INFO - Processing file /opt/airflow/dags/app.py for tasks to queue
[2024-11-11T09:48:34.179+0000] {logging_mixin.py:190} INFO - [2024-11-11T09:48:34.179+0000] {dagbag.py:588} INFO - Filling up the DagBag from /opt/airflow/dags/app.py
[2024-11-11T09:48:34.783+0000] {processor.py:925} INFO - DAG(s) 'fetch_and_store_amazon_books' retrieved from /opt/airflow/dags/app.py
[2024-11-11T09:48:34.811+0000] {logging_mixin.py:190} INFO - [2024-11-11T09:48:34.810+0000] {dag.py:3239} INFO - Sync 1 DAGs
[2024-11-11T09:48:34.844+0000] {logging_mixin.py:190} INFO - [2024-11-11T09:48:34.843+0000] {dag.py:4180} INFO - Setting next_dagrun for fetch_and_store_amazon_books to 2024-11-11 00:00:00+00:00, run_after=2024-11-12 00:00:00+00:00
[2024-11-11T09:48:34.873+0000] {processor.py:208} INFO - Processing /opt/airflow/dags/app.py took 0.712 seconds
[2024-11-11T09:49:05.008+0000] {processor.py:186} INFO - Started process (PID=2728) to work on /opt/airflow/dags/app.py
[2024-11-11T09:49:05.010+0000] {processor.py:914} INFO - Processing file /opt/airflow/dags/app.py for tasks to queue
[2024-11-11T09:49:05.015+0000] {logging_mixin.py:190} INFO - [2024-11-11T09:49:05.015+0000] {dagbag.py:588} INFO - Filling up the DagBag from /opt/airflow/dags/app.py
[2024-11-11T09:49:05.502+0000] {processor.py:925} INFO - DAG(s) 'fetch_and_store_amazon_books' retrieved from /opt/airflow/dags/app.py
[2024-11-11T09:49:05.528+0000] {logging_mixin.py:190} INFO - [2024-11-11T09:49:05.527+0000] {dag.py:3239} INFO - Sync 1 DAGs
[2024-11-11T09:49:05.557+0000] {logging_mixin.py:190} INFO - [2024-11-11T09:49:05.556+0000] {dag.py:4180} INFO - Setting next_dagrun for fetch_and_store_amazon_books to 2024-11-11 00:00:00+00:00, run_after=2024-11-12 00:00:00+00:00
[2024-11-11T09:49:05.580+0000] {processor.py:208} INFO - Processing /opt/airflow/dags/app.py took 0.583 seconds
[2024-11-11T09:49:36.274+0000] {processor.py:186} INFO - Started process (PID=2793) to work on /opt/airflow/dags/app.py
[2024-11-11T09:49:36.276+0000] {processor.py:914} INFO - Processing file /opt/airflow/dags/app.py for tasks to queue
[2024-11-11T09:49:36.280+0000] {logging_mixin.py:190} INFO - [2024-11-11T09:49:36.279+0000] {dagbag.py:588} INFO - Filling up the DagBag from /opt/airflow/dags/app.py
[2024-11-11T09:49:36.711+0000] {processor.py:925} INFO - DAG(s) 'fetch_and_store_amazon_books' retrieved from /opt/airflow/dags/app.py
[2024-11-11T09:49:36.734+0000] {logging_mixin.py:190} INFO - [2024-11-11T09:49:36.734+0000] {dag.py:3239} INFO - Sync 1 DAGs
[2024-11-11T09:49:36.762+0000] {logging_mixin.py:190} INFO - [2024-11-11T09:49:36.762+0000] {dag.py:4180} INFO - Setting next_dagrun for fetch_and_store_amazon_books to 2024-11-11 00:00:00+00:00, run_after=2024-11-12 00:00:00+00:00
[2024-11-11T09:49:36.786+0000] {processor.py:208} INFO - Processing /opt/airflow/dags/app.py took 0.522 seconds
[2024-11-11T09:50:06.903+0000] {processor.py:186} INFO - Started process (PID=2857) to work on /opt/airflow/dags/app.py
[2024-11-11T09:50:06.905+0000] {processor.py:914} INFO - Processing file /opt/airflow/dags/app.py for tasks to queue
[2024-11-11T09:50:06.909+0000] {logging_mixin.py:190} INFO - [2024-11-11T09:50:06.908+0000] {dagbag.py:588} INFO - Filling up the DagBag from /opt/airflow/dags/app.py
[2024-11-11T09:50:07.332+0000] {processor.py:925} INFO - DAG(s) 'fetch_and_store_amazon_books' retrieved from /opt/airflow/dags/app.py
[2024-11-11T09:50:07.354+0000] {logging_mixin.py:190} INFO - [2024-11-11T09:50:07.353+0000] {dag.py:3239} INFO - Sync 1 DAGs
[2024-11-11T09:50:07.378+0000] {logging_mixin.py:190} INFO - [2024-11-11T09:50:07.378+0000] {dag.py:4180} INFO - Setting next_dagrun for fetch_and_store_amazon_books to 2024-11-11 00:00:00+00:00, run_after=2024-11-12 00:00:00+00:00
[2024-11-11T09:50:07.400+0000] {processor.py:208} INFO - Processing /opt/airflow/dags/app.py took 0.505 seconds
[2024-11-11T09:50:37.489+0000] {processor.py:186} INFO - Started process (PID=2921) to work on /opt/airflow/dags/app.py
[2024-11-11T09:50:37.490+0000] {processor.py:914} INFO - Processing file /opt/airflow/dags/app.py for tasks to queue
[2024-11-11T09:50:37.495+0000] {logging_mixin.py:190} INFO - [2024-11-11T09:50:37.494+0000] {dagbag.py:588} INFO - Filling up the DagBag from /opt/airflow/dags/app.py
[2024-11-11T09:50:37.645+0000] {processor.py:925} INFO - DAG(s) 'fetch_and_store_amazon_books' retrieved from /opt/airflow/dags/app.py
[2024-11-11T09:50:37.980+0000] {logging_mixin.py:190} INFO - [2024-11-11T09:50:37.979+0000] {dag.py:3239} INFO - Sync 1 DAGs
[2024-11-11T09:50:38.009+0000] {logging_mixin.py:190} INFO - [2024-11-11T09:50:38.009+0000] {dag.py:4180} INFO - Setting next_dagrun for fetch_and_store_amazon_books to 2024-11-11 00:00:00+00:00, run_after=2024-11-12 00:00:00+00:00
[2024-11-11T09:50:38.031+0000] {processor.py:208} INFO - Processing /opt/airflow/dags/app.py took 0.552 seconds
[2024-11-11T09:51:08.497+0000] {processor.py:186} INFO - Started process (PID=2982) to work on /opt/airflow/dags/app.py
[2024-11-11T09:51:08.498+0000] {processor.py:914} INFO - Processing file /opt/airflow/dags/app.py for tasks to queue
[2024-11-11T09:51:08.502+0000] {logging_mixin.py:190} INFO - [2024-11-11T09:51:08.502+0000] {dagbag.py:588} INFO - Filling up the DagBag from /opt/airflow/dags/app.py
[2024-11-11T09:51:08.969+0000] {processor.py:925} INFO - DAG(s) 'fetch_and_store_amazon_books' retrieved from /opt/airflow/dags/app.py
[2024-11-11T09:51:08.994+0000] {logging_mixin.py:190} INFO - [2024-11-11T09:51:08.994+0000] {dag.py:3239} INFO - Sync 1 DAGs
[2024-11-11T09:51:09.025+0000] {logging_mixin.py:190} INFO - [2024-11-11T09:51:09.025+0000] {dag.py:4180} INFO - Setting next_dagrun for fetch_and_store_amazon_books to 2024-11-11 00:00:00+00:00, run_after=2024-11-12 00:00:00+00:00
[2024-11-11T09:51:09.048+0000] {processor.py:208} INFO - Processing /opt/airflow/dags/app.py took 0.561 seconds
[2024-11-11T09:51:39.828+0000] {processor.py:186} INFO - Started process (PID=3044) to work on /opt/airflow/dags/app.py
[2024-11-11T09:51:39.830+0000] {processor.py:914} INFO - Processing file /opt/airflow/dags/app.py for tasks to queue
[2024-11-11T09:51:39.834+0000] {logging_mixin.py:190} INFO - [2024-11-11T09:51:39.833+0000] {dagbag.py:588} INFO - Filling up the DagBag from /opt/airflow/dags/app.py
[2024-11-11T09:51:40.654+0000] {processor.py:925} INFO - DAG(s) 'fetch_and_store_amazon_books' retrieved from /opt/airflow/dags/app.py
[2024-11-11T09:51:40.679+0000] {logging_mixin.py:190} INFO - [2024-11-11T09:51:40.678+0000] {dag.py:3239} INFO - Sync 1 DAGs
[2024-11-11T09:51:40.707+0000] {logging_mixin.py:190} INFO - [2024-11-11T09:51:40.707+0000] {dag.py:4180} INFO - Setting next_dagrun for fetch_and_store_amazon_books to 2024-11-11 00:00:00+00:00, run_after=2024-11-12 00:00:00+00:00
[2024-11-11T09:51:40.728+0000] {processor.py:208} INFO - Processing /opt/airflow/dags/app.py took 0.911 seconds
[2024-11-11T09:52:13.046+0000] {processor.py:186} INFO - Started process (PID=3108) to work on /opt/airflow/dags/app.py
[2024-11-11T09:52:13.047+0000] {processor.py:914} INFO - Processing file /opt/airflow/dags/app.py for tasks to queue
[2024-11-11T09:52:13.051+0000] {logging_mixin.py:190} INFO - [2024-11-11T09:52:13.050+0000] {dagbag.py:588} INFO - Filling up the DagBag from /opt/airflow/dags/app.py
[2024-11-11T09:52:13.189+0000] {processor.py:925} INFO - DAG(s) 'fetch_and_store_amazon_books' retrieved from /opt/airflow/dags/app.py
[2024-11-11T09:52:13.220+0000] {logging_mixin.py:190} INFO - [2024-11-11T09:52:13.220+0000] {dag.py:3239} INFO - Sync 1 DAGs
[2024-11-11T09:52:13.259+0000] {logging_mixin.py:190} INFO - [2024-11-11T09:52:13.258+0000] {dag.py:4180} INFO - Setting next_dagrun for fetch_and_store_amazon_books to 2024-11-11 00:00:00+00:00, run_after=2024-11-12 00:00:00+00:00
[2024-11-11T09:52:13.289+0000] {processor.py:208} INFO - Processing /opt/airflow/dags/app.py took 0.252 seconds
[2024-11-11T09:52:44.142+0000] {processor.py:186} INFO - Started process (PID=3168) to work on /opt/airflow/dags/app.py
[2024-11-11T09:52:44.143+0000] {processor.py:914} INFO - Processing file /opt/airflow/dags/app.py for tasks to queue
[2024-11-11T09:52:44.146+0000] {logging_mixin.py:190} INFO - [2024-11-11T09:52:44.146+0000] {dagbag.py:588} INFO - Filling up the DagBag from /opt/airflow/dags/app.py
[2024-11-11T09:52:44.288+0000] {processor.py:925} INFO - DAG(s) 'fetch_and_store_amazon_books' retrieved from /opt/airflow/dags/app.py
[2024-11-11T09:52:44.316+0000] {logging_mixin.py:190} INFO - [2024-11-11T09:52:44.316+0000] {dag.py:3239} INFO - Sync 1 DAGs
[2024-11-11T09:52:44.349+0000] {logging_mixin.py:190} INFO - [2024-11-11T09:52:44.349+0000] {dag.py:4180} INFO - Setting next_dagrun for fetch_and_store_amazon_books to 2024-11-11 00:00:00+00:00, run_after=2024-11-12 00:00:00+00:00
[2024-11-11T09:52:44.371+0000] {processor.py:208} INFO - Processing /opt/airflow/dags/app.py took 0.237 seconds
[2024-11-11T09:53:14.688+0000] {processor.py:186} INFO - Started process (PID=3225) to work on /opt/airflow/dags/app.py
[2024-11-11T09:53:14.689+0000] {processor.py:914} INFO - Processing file /opt/airflow/dags/app.py for tasks to queue
[2024-11-11T09:53:14.693+0000] {logging_mixin.py:190} INFO - [2024-11-11T09:53:14.693+0000] {dagbag.py:588} INFO - Filling up the DagBag from /opt/airflow/dags/app.py
[2024-11-11T09:53:14.846+0000] {processor.py:925} INFO - DAG(s) 'fetch_and_store_amazon_books' retrieved from /opt/airflow/dags/app.py
[2024-11-11T09:53:14.882+0000] {logging_mixin.py:190} INFO - [2024-11-11T09:53:14.881+0000] {dag.py:3239} INFO - Sync 1 DAGs
[2024-11-11T09:53:14.922+0000] {logging_mixin.py:190} INFO - [2024-11-11T09:53:14.921+0000] {dag.py:4180} INFO - Setting next_dagrun for fetch_and_store_amazon_books to 2024-11-11 00:00:00+00:00, run_after=2024-11-12 00:00:00+00:00
[2024-11-11T09:53:14.952+0000] {processor.py:208} INFO - Processing /opt/airflow/dags/app.py took 0.273 seconds
[2024-11-11T09:53:45.099+0000] {processor.py:186} INFO - Started process (PID=3290) to work on /opt/airflow/dags/app.py
[2024-11-11T09:53:45.101+0000] {processor.py:914} INFO - Processing file /opt/airflow/dags/app.py for tasks to queue
[2024-11-11T09:53:45.106+0000] {logging_mixin.py:190} INFO - [2024-11-11T09:53:45.105+0000] {dagbag.py:588} INFO - Filling up the DagBag from /opt/airflow/dags/app.py
[2024-11-11T09:53:45.257+0000] {processor.py:925} INFO - DAG(s) 'fetch_and_store_amazon_books' retrieved from /opt/airflow/dags/app.py
[2024-11-11T09:53:45.290+0000] {logging_mixin.py:190} INFO - [2024-11-11T09:53:45.289+0000] {dag.py:3239} INFO - Sync 1 DAGs
[2024-11-11T09:53:45.324+0000] {logging_mixin.py:190} INFO - [2024-11-11T09:53:45.324+0000] {dag.py:4180} INFO - Setting next_dagrun for fetch_and_store_amazon_books to 2024-11-11 00:00:00+00:00, run_after=2024-11-12 00:00:00+00:00
[2024-11-11T09:53:45.359+0000] {processor.py:208} INFO - Processing /opt/airflow/dags/app.py took 0.274 seconds
[2024-11-11T09:54:15.723+0000] {processor.py:186} INFO - Started process (PID=3353) to work on /opt/airflow/dags/app.py
[2024-11-11T09:54:15.725+0000] {processor.py:914} INFO - Processing file /opt/airflow/dags/app.py for tasks to queue
[2024-11-11T09:54:15.732+0000] {logging_mixin.py:190} INFO - [2024-11-11T09:54:15.731+0000] {dagbag.py:588} INFO - Filling up the DagBag from /opt/airflow/dags/app.py
[2024-11-11T09:54:15.903+0000] {processor.py:925} INFO - DAG(s) 'fetch_and_store_amazon_books' retrieved from /opt/airflow/dags/app.py
[2024-11-11T09:54:15.939+0000] {logging_mixin.py:190} INFO - [2024-11-11T09:54:15.938+0000] {dag.py:3239} INFO - Sync 1 DAGs
[2024-11-11T09:54:15.979+0000] {logging_mixin.py:190} INFO - [2024-11-11T09:54:15.978+0000] {dag.py:4180} INFO - Setting next_dagrun for fetch_and_store_amazon_books to 2024-11-11 00:00:00+00:00, run_after=2024-11-12 00:00:00+00:00
[2024-11-11T09:54:16.011+0000] {processor.py:208} INFO - Processing /opt/airflow/dags/app.py took 0.300 seconds
[2024-11-11T09:54:46.182+0000] {processor.py:186} INFO - Started process (PID=3417) to work on /opt/airflow/dags/app.py
[2024-11-11T09:54:46.183+0000] {processor.py:914} INFO - Processing file /opt/airflow/dags/app.py for tasks to queue
[2024-11-11T09:54:46.187+0000] {logging_mixin.py:190} INFO - [2024-11-11T09:54:46.187+0000] {dagbag.py:588} INFO - Filling up the DagBag from /opt/airflow/dags/app.py
[2024-11-11T09:54:46.331+0000] {processor.py:925} INFO - DAG(s) 'fetch_and_store_amazon_books' retrieved from /opt/airflow/dags/app.py
[2024-11-11T09:54:46.361+0000] {logging_mixin.py:190} INFO - [2024-11-11T09:54:46.361+0000] {dag.py:3239} INFO - Sync 1 DAGs
[2024-11-11T09:54:46.394+0000] {logging_mixin.py:190} INFO - [2024-11-11T09:54:46.394+0000] {dag.py:4180} INFO - Setting next_dagrun for fetch_and_store_amazon_books to 2024-11-11 00:00:00+00:00, run_after=2024-11-12 00:00:00+00:00
[2024-11-11T09:54:46.419+0000] {processor.py:208} INFO - Processing /opt/airflow/dags/app.py took 0.246 seconds
[2024-11-11T09:55:18.459+0000] {processor.py:186} INFO - Started process (PID=3481) to work on /opt/airflow/dags/app.py
[2024-11-11T09:55:18.461+0000] {processor.py:914} INFO - Processing file /opt/airflow/dags/app.py for tasks to queue
[2024-11-11T09:55:18.466+0000] {logging_mixin.py:190} INFO - [2024-11-11T09:55:18.465+0000] {dagbag.py:588} INFO - Filling up the DagBag from /opt/airflow/dags/app.py
[2024-11-11T09:55:18.629+0000] {processor.py:925} INFO - DAG(s) 'fetch_and_store_amazon_books' retrieved from /opt/airflow/dags/app.py
[2024-11-11T09:55:18.668+0000] {logging_mixin.py:190} INFO - [2024-11-11T09:55:18.667+0000] {dag.py:3239} INFO - Sync 1 DAGs
[2024-11-11T09:55:18.709+0000] {logging_mixin.py:190} INFO - [2024-11-11T09:55:18.708+0000] {dag.py:4180} INFO - Setting next_dagrun for fetch_and_store_amazon_books to 2024-11-11 00:00:00+00:00, run_after=2024-11-12 00:00:00+00:00
[2024-11-11T09:55:18.742+0000] {processor.py:208} INFO - Processing /opt/airflow/dags/app.py took 0.295 seconds
[2024-11-11T09:55:49.272+0000] {processor.py:186} INFO - Started process (PID=3546) to work on /opt/airflow/dags/app.py
[2024-11-11T09:55:49.273+0000] {processor.py:914} INFO - Processing file /opt/airflow/dags/app.py for tasks to queue
[2024-11-11T09:55:49.278+0000] {logging_mixin.py:190} INFO - [2024-11-11T09:55:49.277+0000] {dagbag.py:588} INFO - Filling up the DagBag from /opt/airflow/dags/app.py
[2024-11-11T09:55:49.430+0000] {processor.py:925} INFO - DAG(s) 'fetch_and_store_amazon_books' retrieved from /opt/airflow/dags/app.py
[2024-11-11T09:55:49.463+0000] {logging_mixin.py:190} INFO - [2024-11-11T09:55:49.462+0000] {dag.py:3239} INFO - Sync 1 DAGs
[2024-11-11T09:55:49.499+0000] {logging_mixin.py:190} INFO - [2024-11-11T09:55:49.499+0000] {dag.py:4180} INFO - Setting next_dagrun for fetch_and_store_amazon_books to 2024-11-11 00:00:00+00:00, run_after=2024-11-12 00:00:00+00:00
[2024-11-11T09:55:49.524+0000] {processor.py:208} INFO - Processing /opt/airflow/dags/app.py took 0.264 seconds
[2024-11-11T09:56:20.179+0000] {processor.py:186} INFO - Started process (PID=3609) to work on /opt/airflow/dags/app.py
[2024-11-11T09:56:20.180+0000] {processor.py:914} INFO - Processing file /opt/airflow/dags/app.py for tasks to queue
[2024-11-11T09:56:20.184+0000] {logging_mixin.py:190} INFO - [2024-11-11T09:56:20.184+0000] {dagbag.py:588} INFO - Filling up the DagBag from /opt/airflow/dags/app.py
[2024-11-11T09:56:20.324+0000] {processor.py:925} INFO - DAG(s) 'fetch_and_store_amazon_books' retrieved from /opt/airflow/dags/app.py
[2024-11-11T09:56:20.353+0000] {logging_mixin.py:190} INFO - [2024-11-11T09:56:20.352+0000] {dag.py:3239} INFO - Sync 1 DAGs
[2024-11-11T09:56:20.387+0000] {logging_mixin.py:190} INFO - [2024-11-11T09:56:20.387+0000] {dag.py:4180} INFO - Setting next_dagrun for fetch_and_store_amazon_books to 2024-11-11 00:00:00+00:00, run_after=2024-11-12 00:00:00+00:00
[2024-11-11T09:56:20.413+0000] {processor.py:208} INFO - Processing /opt/airflow/dags/app.py took 0.243 seconds
[2024-11-11T09:56:51.591+0000] {processor.py:186} INFO - Started process (PID=3674) to work on /opt/airflow/dags/app.py
[2024-11-11T09:56:51.592+0000] {processor.py:914} INFO - Processing file /opt/airflow/dags/app.py for tasks to queue
[2024-11-11T09:56:51.596+0000] {logging_mixin.py:190} INFO - [2024-11-11T09:56:51.596+0000] {dagbag.py:588} INFO - Filling up the DagBag from /opt/airflow/dags/app.py
[2024-11-11T09:56:51.754+0000] {processor.py:925} INFO - DAG(s) 'fetch_and_store_amazon_books' retrieved from /opt/airflow/dags/app.py
[2024-11-11T09:56:51.787+0000] {logging_mixin.py:190} INFO - [2024-11-11T09:56:51.786+0000] {dag.py:3239} INFO - Sync 1 DAGs
[2024-11-11T09:56:51.823+0000] {logging_mixin.py:190} INFO - [2024-11-11T09:56:51.822+0000] {dag.py:4180} INFO - Setting next_dagrun for fetch_and_store_amazon_books to 2024-11-11 00:00:00+00:00, run_after=2024-11-12 00:00:00+00:00
[2024-11-11T09:56:51.850+0000] {processor.py:208} INFO - Processing /opt/airflow/dags/app.py took 0.268 seconds
[2024-11-11T09:57:22.539+0000] {processor.py:186} INFO - Started process (PID=3739) to work on /opt/airflow/dags/app.py
[2024-11-11T09:57:22.541+0000] {processor.py:914} INFO - Processing file /opt/airflow/dags/app.py for tasks to queue
[2024-11-11T09:57:22.546+0000] {logging_mixin.py:190} INFO - [2024-11-11T09:57:22.545+0000] {dagbag.py:588} INFO - Filling up the DagBag from /opt/airflow/dags/app.py
[2024-11-11T09:57:22.740+0000] {processor.py:925} INFO - DAG(s) 'fetch_and_store_amazon_books' retrieved from /opt/airflow/dags/app.py
[2024-11-11T09:57:22.774+0000] {logging_mixin.py:190} INFO - [2024-11-11T09:57:22.774+0000] {dag.py:3239} INFO - Sync 1 DAGs
[2024-11-11T09:57:22.810+0000] {logging_mixin.py:190} INFO - [2024-11-11T09:57:22.809+0000] {dag.py:4180} INFO - Setting next_dagrun for fetch_and_store_amazon_books to 2024-11-11 00:00:00+00:00, run_after=2024-11-12 00:00:00+00:00
[2024-11-11T09:57:22.838+0000] {processor.py:208} INFO - Processing /opt/airflow/dags/app.py took 0.312 seconds
[2024-11-11T09:57:54.137+0000] {processor.py:186} INFO - Started process (PID=3803) to work on /opt/airflow/dags/app.py
[2024-11-11T09:57:54.139+0000] {processor.py:914} INFO - Processing file /opt/airflow/dags/app.py for tasks to queue
[2024-11-11T09:57:54.144+0000] {logging_mixin.py:190} INFO - [2024-11-11T09:57:54.144+0000] {dagbag.py:588} INFO - Filling up the DagBag from /opt/airflow/dags/app.py
[2024-11-11T09:57:54.303+0000] {processor.py:925} INFO - DAG(s) 'fetch_and_store_amazon_books' retrieved from /opt/airflow/dags/app.py
[2024-11-11T09:57:54.333+0000] {logging_mixin.py:190} INFO - [2024-11-11T09:57:54.332+0000] {dag.py:3239} INFO - Sync 1 DAGs
[2024-11-11T09:57:54.366+0000] {logging_mixin.py:190} INFO - [2024-11-11T09:57:54.366+0000] {dag.py:4180} INFO - Setting next_dagrun for fetch_and_store_amazon_books to 2024-11-11 00:00:00+00:00, run_after=2024-11-12 00:00:00+00:00
[2024-11-11T09:57:54.392+0000] {processor.py:208} INFO - Processing /opt/airflow/dags/app.py took 0.268 seconds
[2024-11-11T09:58:25.561+0000] {processor.py:186} INFO - Started process (PID=3866) to work on /opt/airflow/dags/app.py
[2024-11-11T09:58:25.562+0000] {processor.py:914} INFO - Processing file /opt/airflow/dags/app.py for tasks to queue
[2024-11-11T09:58:25.567+0000] {logging_mixin.py:190} INFO - [2024-11-11T09:58:25.567+0000] {dagbag.py:588} INFO - Filling up the DagBag from /opt/airflow/dags/app.py
[2024-11-11T09:58:25.718+0000] {processor.py:925} INFO - DAG(s) 'fetch_and_store_amazon_books' retrieved from /opt/airflow/dags/app.py
[2024-11-11T09:58:25.749+0000] {logging_mixin.py:190} INFO - [2024-11-11T09:58:25.748+0000] {dag.py:3239} INFO - Sync 1 DAGs
[2024-11-11T09:58:25.785+0000] {logging_mixin.py:190} INFO - [2024-11-11T09:58:25.785+0000] {dag.py:4180} INFO - Setting next_dagrun for fetch_and_store_amazon_books to 2024-11-11 00:00:00+00:00, run_after=2024-11-12 00:00:00+00:00
[2024-11-11T09:58:25.811+0000] {processor.py:208} INFO - Processing /opt/airflow/dags/app.py took 0.262 seconds
[2024-11-11T09:58:56.095+0000] {processor.py:186} INFO - Started process (PID=3921) to work on /opt/airflow/dags/app.py
[2024-11-11T09:58:56.097+0000] {processor.py:914} INFO - Processing file /opt/airflow/dags/app.py for tasks to queue
[2024-11-11T09:58:56.103+0000] {logging_mixin.py:190} INFO - [2024-11-11T09:58:56.102+0000] {dagbag.py:588} INFO - Filling up the DagBag from /opt/airflow/dags/app.py
[2024-11-11T09:58:56.309+0000] {processor.py:925} INFO - DAG(s) 'fetch_and_store_amazon_books' retrieved from /opt/airflow/dags/app.py
[2024-11-11T09:58:56.349+0000] {logging_mixin.py:190} INFO - [2024-11-11T09:58:56.348+0000] {dag.py:3239} INFO - Sync 1 DAGs
[2024-11-11T09:58:56.394+0000] {logging_mixin.py:190} INFO - [2024-11-11T09:58:56.393+0000] {dag.py:4180} INFO - Setting next_dagrun for fetch_and_store_amazon_books to 2024-11-11 00:00:00+00:00, run_after=2024-11-12 00:00:00+00:00
[2024-11-11T09:58:56.431+0000] {processor.py:208} INFO - Processing /opt/airflow/dags/app.py took 0.351 seconds
[2024-11-11T09:59:27.324+0000] {processor.py:186} INFO - Started process (PID=3985) to work on /opt/airflow/dags/app.py
[2024-11-11T09:59:27.326+0000] {processor.py:914} INFO - Processing file /opt/airflow/dags/app.py for tasks to queue
[2024-11-11T09:59:27.332+0000] {logging_mixin.py:190} INFO - [2024-11-11T09:59:27.331+0000] {dagbag.py:588} INFO - Filling up the DagBag from /opt/airflow/dags/app.py
[2024-11-11T09:59:27.513+0000] {processor.py:925} INFO - DAG(s) 'fetch_and_store_amazon_books' retrieved from /opt/airflow/dags/app.py
[2024-11-11T09:59:27.548+0000] {logging_mixin.py:190} INFO - [2024-11-11T09:59:27.547+0000] {dag.py:3239} INFO - Sync 1 DAGs
[2024-11-11T09:59:27.590+0000] {logging_mixin.py:190} INFO - [2024-11-11T09:59:27.590+0000] {dag.py:4180} INFO - Setting next_dagrun for fetch_and_store_amazon_books to 2024-11-11 00:00:00+00:00, run_after=2024-11-12 00:00:00+00:00
[2024-11-11T09:59:27.617+0000] {processor.py:208} INFO - Processing /opt/airflow/dags/app.py took 0.309 seconds
[2024-11-11T09:59:58.498+0000] {processor.py:186} INFO - Started process (PID=4048) to work on /opt/airflow/dags/app.py
[2024-11-11T09:59:58.500+0000] {processor.py:914} INFO - Processing file /opt/airflow/dags/app.py for tasks to queue
[2024-11-11T09:59:58.504+0000] {logging_mixin.py:190} INFO - [2024-11-11T09:59:58.503+0000] {dagbag.py:588} INFO - Filling up the DagBag from /opt/airflow/dags/app.py
[2024-11-11T09:59:58.655+0000] {processor.py:925} INFO - DAG(s) 'fetch_and_store_amazon_books' retrieved from /opt/airflow/dags/app.py
[2024-11-11T09:59:58.688+0000] {logging_mixin.py:190} INFO - [2024-11-11T09:59:58.687+0000] {dag.py:3239} INFO - Sync 1 DAGs
[2024-11-11T09:59:58.723+0000] {logging_mixin.py:190} INFO - [2024-11-11T09:59:58.723+0000] {dag.py:4180} INFO - Setting next_dagrun for fetch_and_store_amazon_books to 2024-11-11 00:00:00+00:00, run_after=2024-11-12 00:00:00+00:00
[2024-11-11T09:59:58.752+0000] {processor.py:208} INFO - Processing /opt/airflow/dags/app.py took 0.264 seconds
[2024-11-11T10:00:28.930+0000] {processor.py:186} INFO - Started process (PID=4109) to work on /opt/airflow/dags/app.py
[2024-11-11T10:00:28.932+0000] {processor.py:914} INFO - Processing file /opt/airflow/dags/app.py for tasks to queue
[2024-11-11T10:00:28.941+0000] {logging_mixin.py:190} INFO - [2024-11-11T10:00:28.939+0000] {dagbag.py:588} INFO - Filling up the DagBag from /opt/airflow/dags/app.py
[2024-11-11T10:00:29.163+0000] {processor.py:925} INFO - DAG(s) 'fetch_and_store_amazon_books' retrieved from /opt/airflow/dags/app.py
[2024-11-11T10:00:29.198+0000] {logging_mixin.py:190} INFO - [2024-11-11T10:00:29.197+0000] {dag.py:3239} INFO - Sync 1 DAGs
[2024-11-11T10:00:29.235+0000] {logging_mixin.py:190} INFO - [2024-11-11T10:00:29.235+0000] {dag.py:4180} INFO - Setting next_dagrun for fetch_and_store_amazon_books to 2024-11-11 00:00:00+00:00, run_after=2024-11-12 00:00:00+00:00
[2024-11-11T10:00:29.267+0000] {processor.py:208} INFO - Processing /opt/airflow/dags/app.py took 0.354 seconds
[2024-11-11T10:00:59.656+0000] {processor.py:186} INFO - Started process (PID=4173) to work on /opt/airflow/dags/app.py
[2024-11-11T10:00:59.658+0000] {processor.py:914} INFO - Processing file /opt/airflow/dags/app.py for tasks to queue
[2024-11-11T10:00:59.666+0000] {logging_mixin.py:190} INFO - [2024-11-11T10:00:59.665+0000] {dagbag.py:588} INFO - Filling up the DagBag from /opt/airflow/dags/app.py
[2024-11-11T10:00:59.861+0000] {processor.py:925} INFO - DAG(s) 'fetch_and_store_amazon_books' retrieved from /opt/airflow/dags/app.py
[2024-11-11T10:00:59.892+0000] {logging_mixin.py:190} INFO - [2024-11-11T10:00:59.892+0000] {dag.py:3239} INFO - Sync 1 DAGs
[2024-11-11T10:00:59.931+0000] {logging_mixin.py:190} INFO - [2024-11-11T10:00:59.930+0000] {dag.py:4180} INFO - Setting next_dagrun for fetch_and_store_amazon_books to 2024-11-11 00:00:00+00:00, run_after=2024-11-12 00:00:00+00:00
[2024-11-11T10:00:59.957+0000] {processor.py:208} INFO - Processing /opt/airflow/dags/app.py took 0.315 seconds
[2024-11-11T10:01:30.246+0000] {processor.py:186} INFO - Started process (PID=4237) to work on /opt/airflow/dags/app.py
[2024-11-11T10:01:30.248+0000] {processor.py:914} INFO - Processing file /opt/airflow/dags/app.py for tasks to queue
[2024-11-11T10:01:30.253+0000] {logging_mixin.py:190} INFO - [2024-11-11T10:01:30.253+0000] {dagbag.py:588} INFO - Filling up the DagBag from /opt/airflow/dags/app.py
[2024-11-11T10:01:30.441+0000] {processor.py:925} INFO - DAG(s) 'fetch_and_store_amazon_books' retrieved from /opt/airflow/dags/app.py
[2024-11-11T10:01:30.477+0000] {logging_mixin.py:190} INFO - [2024-11-11T10:01:30.477+0000] {dag.py:3239} INFO - Sync 1 DAGs
[2024-11-11T10:01:30.519+0000] {logging_mixin.py:190} INFO - [2024-11-11T10:01:30.518+0000] {dag.py:4180} INFO - Setting next_dagrun for fetch_and_store_amazon_books to 2024-11-11 00:00:00+00:00, run_after=2024-11-12 00:00:00+00:00
[2024-11-11T10:01:30.551+0000] {processor.py:208} INFO - Processing /opt/airflow/dags/app.py took 0.316 seconds
[2024-11-11T10:02:00.679+0000] {processor.py:186} INFO - Started process (PID=4302) to work on /opt/airflow/dags/app.py
[2024-11-11T10:02:00.682+0000] {processor.py:914} INFO - Processing file /opt/airflow/dags/app.py for tasks to queue
[2024-11-11T10:02:00.688+0000] {logging_mixin.py:190} INFO - [2024-11-11T10:02:00.687+0000] {dagbag.py:588} INFO - Filling up the DagBag from /opt/airflow/dags/app.py
[2024-11-11T10:02:00.881+0000] {processor.py:925} INFO - DAG(s) 'fetch_and_store_amazon_books' retrieved from /opt/airflow/dags/app.py
[2024-11-11T10:02:00.917+0000] {logging_mixin.py:190} INFO - [2024-11-11T10:02:00.917+0000] {dag.py:3239} INFO - Sync 1 DAGs
[2024-11-11T10:02:00.961+0000] {logging_mixin.py:190} INFO - [2024-11-11T10:02:00.961+0000] {dag.py:4180} INFO - Setting next_dagrun for fetch_and_store_amazon_books to 2024-11-11 00:00:00+00:00, run_after=2024-11-12 00:00:00+00:00
[2024-11-11T10:02:01.003+0000] {processor.py:208} INFO - Processing /opt/airflow/dags/app.py took 0.337 seconds
[2024-11-11T10:02:31.928+0000] {processor.py:186} INFO - Started process (PID=4366) to work on /opt/airflow/dags/app.py
[2024-11-11T10:02:31.932+0000] {processor.py:914} INFO - Processing file /opt/airflow/dags/app.py for tasks to queue
[2024-11-11T10:02:31.943+0000] {logging_mixin.py:190} INFO - [2024-11-11T10:02:31.942+0000] {dagbag.py:588} INFO - Filling up the DagBag from /opt/airflow/dags/app.py
[2024-11-11T10:02:32.134+0000] {processor.py:925} INFO - DAG(s) 'fetch_and_store_amazon_books' retrieved from /opt/airflow/dags/app.py
[2024-11-11T10:02:32.176+0000] {logging_mixin.py:190} INFO - [2024-11-11T10:02:32.175+0000] {dag.py:3239} INFO - Sync 1 DAGs
[2024-11-11T10:02:32.216+0000] {logging_mixin.py:190} INFO - [2024-11-11T10:02:32.215+0000] {dag.py:4180} INFO - Setting next_dagrun for fetch_and_store_amazon_books to 2024-11-11 00:00:00+00:00, run_after=2024-11-12 00:00:00+00:00
[2024-11-11T10:02:32.247+0000] {processor.py:208} INFO - Processing /opt/airflow/dags/app.py took 0.331 seconds
[2024-11-11T10:03:02.424+0000] {processor.py:186} INFO - Started process (PID=4430) to work on /opt/airflow/dags/app.py
[2024-11-11T10:03:02.426+0000] {processor.py:914} INFO - Processing file /opt/airflow/dags/app.py for tasks to queue
[2024-11-11T10:03:02.431+0000] {logging_mixin.py:190} INFO - [2024-11-11T10:03:02.430+0000] {dagbag.py:588} INFO - Filling up the DagBag from /opt/airflow/dags/app.py
[2024-11-11T10:03:02.597+0000] {processor.py:925} INFO - DAG(s) 'fetch_and_store_amazon_books' retrieved from /opt/airflow/dags/app.py
[2024-11-11T10:03:02.633+0000] {logging_mixin.py:190} INFO - [2024-11-11T10:03:02.632+0000] {dag.py:3239} INFO - Sync 1 DAGs
[2024-11-11T10:03:02.674+0000] {logging_mixin.py:190} INFO - [2024-11-11T10:03:02.673+0000] {dag.py:4180} INFO - Setting next_dagrun for fetch_and_store_amazon_books to 2024-11-11 00:00:00+00:00, run_after=2024-11-12 00:00:00+00:00
[2024-11-11T10:03:02.708+0000] {processor.py:208} INFO - Processing /opt/airflow/dags/app.py took 0.295 seconds
[2024-11-11T10:03:32.831+0000] {processor.py:186} INFO - Started process (PID=4495) to work on /opt/airflow/dags/app.py
[2024-11-11T10:03:32.832+0000] {processor.py:914} INFO - Processing file /opt/airflow/dags/app.py for tasks to queue
[2024-11-11T10:03:32.837+0000] {logging_mixin.py:190} INFO - [2024-11-11T10:03:32.836+0000] {dagbag.py:588} INFO - Filling up the DagBag from /opt/airflow/dags/app.py
[2024-11-11T10:03:32.999+0000] {processor.py:925} INFO - DAG(s) 'fetch_and_store_amazon_books' retrieved from /opt/airflow/dags/app.py
[2024-11-11T10:03:33.030+0000] {logging_mixin.py:190} INFO - [2024-11-11T10:03:33.030+0000] {dag.py:3239} INFO - Sync 1 DAGs
[2024-11-11T10:03:33.062+0000] {logging_mixin.py:190} INFO - [2024-11-11T10:03:33.062+0000] {dag.py:4180} INFO - Setting next_dagrun for fetch_and_store_amazon_books to 2024-11-11 00:00:00+00:00, run_after=2024-11-12 00:00:00+00:00
[2024-11-11T10:03:33.086+0000] {processor.py:208} INFO - Processing /opt/airflow/dags/app.py took 0.265 seconds
[2024-11-11T10:04:03.148+0000] {processor.py:186} INFO - Started process (PID=4559) to work on /opt/airflow/dags/app.py
[2024-11-11T10:04:03.149+0000] {processor.py:914} INFO - Processing file /opt/airflow/dags/app.py for tasks to queue
[2024-11-11T10:04:03.154+0000] {logging_mixin.py:190} INFO - [2024-11-11T10:04:03.153+0000] {dagbag.py:588} INFO - Filling up the DagBag from /opt/airflow/dags/app.py
[2024-11-11T10:04:03.434+0000] {processor.py:925} INFO - DAG(s) 'fetch_and_store_amazon_books' retrieved from /opt/airflow/dags/app.py
[2024-11-11T10:04:03.470+0000] {logging_mixin.py:190} INFO - [2024-11-11T10:04:03.469+0000] {dag.py:3239} INFO - Sync 1 DAGs
[2024-11-11T10:04:03.509+0000] {logging_mixin.py:190} INFO - [2024-11-11T10:04:03.509+0000] {dag.py:4180} INFO - Setting next_dagrun for fetch_and_store_amazon_books to 2024-11-11 00:00:00+00:00, run_after=2024-11-12 00:00:00+00:00
[2024-11-11T10:04:03.540+0000] {processor.py:208} INFO - Processing /opt/airflow/dags/app.py took 0.404 seconds
[2024-11-11T10:04:33.712+0000] {processor.py:186} INFO - Started process (PID=4622) to work on /opt/airflow/dags/app.py
[2024-11-11T10:04:33.713+0000] {processor.py:914} INFO - Processing file /opt/airflow/dags/app.py for tasks to queue
[2024-11-11T10:04:33.745+0000] {logging_mixin.py:190} INFO - [2024-11-11T10:04:33.740+0000] {dagbag.py:588} INFO - Filling up the DagBag from /opt/airflow/dags/app.py
[2024-11-11T10:04:33.952+0000] {processor.py:925} INFO - DAG(s) 'fetch_and_store_amazon_books' retrieved from /opt/airflow/dags/app.py
[2024-11-11T10:04:33.986+0000] {logging_mixin.py:190} INFO - [2024-11-11T10:04:33.985+0000] {dag.py:3239} INFO - Sync 1 DAGs
[2024-11-11T10:04:34.028+0000] {logging_mixin.py:190} INFO - [2024-11-11T10:04:34.027+0000] {dag.py:4180} INFO - Setting next_dagrun for fetch_and_store_amazon_books to 2024-11-11 00:00:00+00:00, run_after=2024-11-12 00:00:00+00:00
[2024-11-11T10:04:34.054+0000] {processor.py:208} INFO - Processing /opt/airflow/dags/app.py took 0.372 seconds
[2024-11-11T10:05:04.274+0000] {processor.py:186} INFO - Started process (PID=4686) to work on /opt/airflow/dags/app.py
[2024-11-11T10:05:04.275+0000] {processor.py:914} INFO - Processing file /opt/airflow/dags/app.py for tasks to queue
[2024-11-11T10:05:04.280+0000] {logging_mixin.py:190} INFO - [2024-11-11T10:05:04.279+0000] {dagbag.py:588} INFO - Filling up the DagBag from /opt/airflow/dags/app.py
[2024-11-11T10:05:04.441+0000] {processor.py:925} INFO - DAG(s) 'fetch_and_store_amazon_books' retrieved from /opt/airflow/dags/app.py
[2024-11-11T10:05:04.473+0000] {logging_mixin.py:190} INFO - [2024-11-11T10:05:04.473+0000] {dag.py:3239} INFO - Sync 1 DAGs
[2024-11-11T10:05:04.511+0000] {logging_mixin.py:190} INFO - [2024-11-11T10:05:04.511+0000] {dag.py:4180} INFO - Setting next_dagrun for fetch_and_store_amazon_books to 2024-11-11 00:00:00+00:00, run_after=2024-11-12 00:00:00+00:00
[2024-11-11T10:05:04.543+0000] {processor.py:208} INFO - Processing /opt/airflow/dags/app.py took 0.279 seconds
[2024-11-11T10:05:35.014+0000] {processor.py:186} INFO - Started process (PID=4750) to work on /opt/airflow/dags/app.py
[2024-11-11T10:05:35.015+0000] {processor.py:914} INFO - Processing file /opt/airflow/dags/app.py for tasks to queue
[2024-11-11T10:05:35.024+0000] {logging_mixin.py:190} INFO - [2024-11-11T10:05:35.023+0000] {dagbag.py:588} INFO - Filling up the DagBag from /opt/airflow/dags/app.py
[2024-11-11T10:05:35.234+0000] {processor.py:925} INFO - DAG(s) 'fetch_and_store_amazon_books' retrieved from /opt/airflow/dags/app.py
[2024-11-11T10:05:35.280+0000] {logging_mixin.py:190} INFO - [2024-11-11T10:05:35.279+0000] {dag.py:3239} INFO - Sync 1 DAGs
[2024-11-11T10:05:35.330+0000] {logging_mixin.py:190} INFO - [2024-11-11T10:05:35.330+0000] {dag.py:4180} INFO - Setting next_dagrun for fetch_and_store_amazon_books to 2024-11-11 00:00:00+00:00, run_after=2024-11-12 00:00:00+00:00
[2024-11-11T10:05:35.360+0000] {processor.py:208} INFO - Processing /opt/airflow/dags/app.py took 0.361 seconds
[2024-11-11T10:06:05.945+0000] {processor.py:186} INFO - Started process (PID=4814) to work on /opt/airflow/dags/app.py
[2024-11-11T10:06:05.948+0000] {processor.py:914} INFO - Processing file /opt/airflow/dags/app.py for tasks to queue
[2024-11-11T10:06:05.955+0000] {logging_mixin.py:190} INFO - [2024-11-11T10:06:05.954+0000] {dagbag.py:588} INFO - Filling up the DagBag from /opt/airflow/dags/app.py
[2024-11-11T10:06:06.380+0000] {processor.py:925} INFO - DAG(s) 'fetch_and_store_amazon_books' retrieved from /opt/airflow/dags/app.py
[2024-11-11T10:06:06.464+0000] {logging_mixin.py:190} INFO - [2024-11-11T10:06:06.463+0000] {dag.py:3239} INFO - Sync 1 DAGs
[2024-11-11T10:06:06.536+0000] {logging_mixin.py:190} INFO - [2024-11-11T10:06:06.536+0000] {dag.py:4180} INFO - Setting next_dagrun for fetch_and_store_amazon_books to 2024-11-11 00:00:00+00:00, run_after=2024-11-12 00:00:00+00:00
[2024-11-11T10:06:06.583+0000] {processor.py:208} INFO - Processing /opt/airflow/dags/app.py took 0.659 seconds
