[2024-11-10T11:43:18.255+0000] {local_task_job_runner.py:123} INFO - ::group::Pre task execution logs
[2024-11-10T11:43:18.299+0000] {taskinstance.py:2613} INFO - Dependencies all met for dep_context=non-requeueable deps ti=<TaskInstance: fetch_and_store_amazon_books.create_table scheduled__2024-07-25T00:00:00+00:00 [queued]>
[2024-11-10T11:43:18.322+0000] {taskinstance.py:2613} INFO - Dependencies all met for dep_context=requeueable deps ti=<TaskInstance: fetch_and_store_amazon_books.create_table scheduled__2024-07-25T00:00:00+00:00 [queued]>
[2024-11-10T11:43:18.323+0000] {taskinstance.py:2866} INFO - Starting attempt 1 of 2
[2024-11-10T11:43:18.353+0000] {taskinstance.py:2889} INFO - Executing <Task(PostgresOperator): create_table> on 2024-07-25 00:00:00+00:00
[2024-11-10T11:43:18.385+0000] {warnings.py:112} WARNING - /home/***/.local/lib/python3.12/site-packages/***/task/task_runner/standard_task_runner.py:70: DeprecationWarning: This process (pid=1757) is multi-threaded, use of fork() may lead to deadlocks in the child.
  pid = os.fork()

[2024-11-10T11:43:18.390+0000] {standard_task_runner.py:72} INFO - Started process 1791 to run task
[2024-11-10T11:43:18.390+0000] {standard_task_runner.py:104} INFO - Running: ['***', 'tasks', 'run', 'fetch_and_store_amazon_books', 'create_table', 'scheduled__2024-07-25T00:00:00+00:00', '--job-id', '158', '--raw', '--subdir', 'DAGS_FOLDER/app.py', '--cfg-path', '/tmp/tmpu532vkjr']
[2024-11-10T11:43:18.391+0000] {standard_task_runner.py:105} INFO - Job 158: Subtask create_table
[2024-11-10T11:43:18.505+0000] {task_command.py:467} INFO - Running <TaskInstance: fetch_and_store_amazon_books.create_table scheduled__2024-07-25T00:00:00+00:00 [running]> on host 0afc8c4a15bb
[2024-11-10T11:43:18.692+0000] {taskinstance.py:3132} INFO - Exporting env vars: AIRFLOW_CTX_DAG_OWNER='***' AIRFLOW_CTX_DAG_ID='fetch_and_store_amazon_books' AIRFLOW_CTX_TASK_ID='create_table' AIRFLOW_CTX_EXECUTION_DATE='2024-07-25T00:00:00+00:00' AIRFLOW_CTX_TRY_NUMBER='1' AIRFLOW_CTX_DAG_RUN_ID='scheduled__2024-07-25T00:00:00+00:00'
[2024-11-10T11:43:18.695+0000] {logging_mixin.py:190} INFO - Task instance is in running state
[2024-11-10T11:43:18.696+0000] {logging_mixin.py:190} INFO -  Previous state of the Task instance: queued
[2024-11-10T11:43:18.696+0000] {logging_mixin.py:190} INFO - Current task name:create_table state:running start_date:2024-11-10 11:43:18.300215+00:00
[2024-11-10T11:43:18.696+0000] {logging_mixin.py:190} INFO - Dag name:fetch_and_store_amazon_books and current dag run status:running
[2024-11-10T11:43:18.697+0000] {taskinstance.py:731} INFO - ::endgroup::
[2024-11-10T11:43:18.699+0000] {sql.py:278} INFO - Executing: 
    CREATE TABLE IF NOT EXISTS books (
        id SERIAL PRIMARY KEY,
        title TEXT NOT NULL,
        authors TEXT,
        price TEXT,
        rating TEXT
    );
    
[2024-11-10T11:43:18.727+0000] {base.py:84} INFO - Retrieving connection 'books_connection'
[2024-11-10T11:43:18.751+0000] {base.py:84} INFO - Retrieving connection 'books_connection'
[2024-11-10T11:43:18.767+0000] {sql.py:544} INFO - Running statement: 
    CREATE TABLE IF NOT EXISTS books (
        id SERIAL PRIMARY KEY,
        title TEXT NOT NULL,
        authors TEXT,
        price TEXT,
        rating TEXT
    );
    , parameters: None
[2024-11-10T11:43:18.791+0000] {taskinstance.py:340} INFO - ::group::Post task execution logs
[2024-11-10T11:43:18.792+0000] {taskinstance.py:352} INFO - Marking task as SUCCESS. dag_id=fetch_and_store_amazon_books, task_id=create_table, run_id=scheduled__2024-07-25T00:00:00+00:00, execution_date=20240725T000000, start_date=20241110T114318, end_date=20241110T114318
[2024-11-10T11:43:18.829+0000] {logging_mixin.py:190} INFO - Task instance in success state
[2024-11-10T11:43:18.830+0000] {logging_mixin.py:190} INFO -  Previous state of the Task instance: running
[2024-11-10T11:43:18.830+0000] {logging_mixin.py:190} INFO - Dag name:fetch_and_store_amazon_books queued_at:2024-11-10 11:43:04.371309+00:00
[2024-11-10T11:43:18.830+0000] {logging_mixin.py:190} INFO - Task hostname:0afc8c4a15bb operator:PostgresOperator
[2024-11-10T11:43:18.897+0000] {local_task_job_runner.py:266} INFO - Task exited with return code 0
[2024-11-10T11:43:18.917+0000] {local_task_job_runner.py:245} INFO - ::endgroup::
[2024-11-10T14:07:45.061+0000] {local_task_job_runner.py:123} INFO - ::group::Pre task execution logs
[2024-11-10T14:07:45.100+0000] {taskinstance.py:2613} INFO - Dependencies all met for dep_context=non-requeueable deps ti=<TaskInstance: fetch_and_store_amazon_books.create_table scheduled__2024-07-25T00:00:00+00:00 [queued]>
[2024-11-10T14:07:45.120+0000] {taskinstance.py:2613} INFO - Dependencies all met for dep_context=requeueable deps ti=<TaskInstance: fetch_and_store_amazon_books.create_table scheduled__2024-07-25T00:00:00+00:00 [queued]>
[2024-11-10T14:07:45.123+0000] {taskinstance.py:2866} INFO - Starting attempt 1 of 2
[2024-11-10T14:07:45.156+0000] {taskinstance.py:2889} INFO - Executing <Task(PostgresOperator): create_table> on 2024-07-25 00:00:00+00:00
[2024-11-10T14:07:45.180+0000] {warnings.py:112} WARNING - /home/***/.local/lib/python3.12/site-packages/***/task/task_runner/standard_task_runner.py:70: DeprecationWarning: This process (pid=4301) is multi-threaded, use of fork() may lead to deadlocks in the child.
  pid = os.fork()

[2024-11-10T14:07:45.185+0000] {standard_task_runner.py:72} INFO - Started process 4334 to run task
[2024-11-10T14:07:45.189+0000] {standard_task_runner.py:104} INFO - Running: ['***', 'tasks', 'run', 'fetch_and_store_amazon_books', 'create_table', 'scheduled__2024-07-25T00:00:00+00:00', '--job-id', '342', '--raw', '--subdir', 'DAGS_FOLDER/app.py', '--cfg-path', '/tmp/tmpcn76wsmj']
[2024-11-10T14:07:45.191+0000] {standard_task_runner.py:105} INFO - Job 342: Subtask create_table
[2024-11-10T14:07:45.305+0000] {task_command.py:467} INFO - Running <TaskInstance: fetch_and_store_amazon_books.create_table scheduled__2024-07-25T00:00:00+00:00 [running]> on host 0afc8c4a15bb
[2024-11-10T14:07:45.522+0000] {taskinstance.py:3132} INFO - Exporting env vars: AIRFLOW_CTX_DAG_OWNER='***' AIRFLOW_CTX_DAG_ID='fetch_and_store_amazon_books' AIRFLOW_CTX_TASK_ID='create_table' AIRFLOW_CTX_EXECUTION_DATE='2024-07-25T00:00:00+00:00' AIRFLOW_CTX_TRY_NUMBER='1' AIRFLOW_CTX_DAG_RUN_ID='scheduled__2024-07-25T00:00:00+00:00'
[2024-11-10T14:07:45.529+0000] {logging_mixin.py:190} INFO - Task instance is in running state
[2024-11-10T14:07:45.529+0000] {logging_mixin.py:190} INFO -  Previous state of the Task instance: queued
[2024-11-10T14:07:45.530+0000] {logging_mixin.py:190} INFO - Current task name:create_table state:running start_date:2024-11-10 14:07:45.101285+00:00
[2024-11-10T14:07:45.530+0000] {logging_mixin.py:190} INFO - Dag name:fetch_and_store_amazon_books and current dag run status:running
[2024-11-10T14:07:45.531+0000] {taskinstance.py:731} INFO - ::endgroup::
[2024-11-10T14:07:45.531+0000] {sql.py:278} INFO - Executing: 
    CREATE TABLE IF NOT EXISTS books (
        id SERIAL PRIMARY KEY,
        title TEXT NOT NULL,
        authors TEXT,
        price TEXT,
        rating TEXT
    );
    
[2024-11-10T14:07:45.557+0000] {base.py:84} INFO - Retrieving connection 'books_connection'
[2024-11-10T14:07:45.579+0000] {base.py:84} INFO - Retrieving connection 'books_connection'
[2024-11-10T14:07:45.599+0000] {sql.py:544} INFO - Running statement: 
    CREATE TABLE IF NOT EXISTS books (
        id SERIAL PRIMARY KEY,
        title TEXT NOT NULL,
        authors TEXT,
        price TEXT,
        rating TEXT
    );
    , parameters: None
[2024-11-10T14:07:45.632+0000] {taskinstance.py:340} INFO - ::group::Post task execution logs
[2024-11-10T14:07:45.633+0000] {taskinstance.py:352} INFO - Marking task as SUCCESS. dag_id=fetch_and_store_amazon_books, task_id=create_table, run_id=scheduled__2024-07-25T00:00:00+00:00, execution_date=20240725T000000, start_date=20241110T140745, end_date=20241110T140745
[2024-11-10T14:07:45.662+0000] {logging_mixin.py:190} INFO - Task instance in success state
[2024-11-10T14:07:45.667+0000] {logging_mixin.py:190} INFO -  Previous state of the Task instance: running
[2024-11-10T14:07:45.668+0000] {logging_mixin.py:190} INFO - Dag name:fetch_and_store_amazon_books queued_at:2024-11-10 14:07:31.015616+00:00
[2024-11-10T14:07:45.671+0000] {logging_mixin.py:190} INFO - Task hostname:0afc8c4a15bb operator:PostgresOperator
[2024-11-10T14:07:45.729+0000] {local_task_job_runner.py:266} INFO - Task exited with return code 0
[2024-11-10T14:07:45.765+0000] {local_task_job_runner.py:245} INFO - ::endgroup::
