[2024-11-10T11:49:10.506+0000] {local_task_job_runner.py:123} INFO - ::group::Pre task execution logs
[2024-11-10T11:49:10.540+0000] {taskinstance.py:2613} INFO - Dependencies all met for dep_context=non-requeueable deps ti=<TaskInstance: fetch_and_store_amazon_books.create_table scheduled__2024-08-14T00:00:00+00:00 [queued]>
[2024-11-10T11:49:10.561+0000] {taskinstance.py:2613} INFO - Dependencies all met for dep_context=requeueable deps ti=<TaskInstance: fetch_and_store_amazon_books.create_table scheduled__2024-08-14T00:00:00+00:00 [queued]>
[2024-11-10T11:49:10.562+0000] {taskinstance.py:2866} INFO - Starting attempt 1 of 2
[2024-11-10T11:49:10.584+0000] {taskinstance.py:2889} INFO - Executing <Task(PostgresOperator): create_table> on 2024-08-14 00:00:00+00:00
[2024-11-10T11:49:10.606+0000] {warnings.py:112} WARNING - /home/***/.local/lib/python3.12/site-packages/***/task/task_runner/standard_task_runner.py:70: DeprecationWarning: This process (pid=2108) is multi-threaded, use of fork() may lead to deadlocks in the child.
  pid = os.fork()

[2024-11-10T11:49:10.609+0000] {standard_task_runner.py:72} INFO - Started process 2132 to run task
[2024-11-10T11:49:10.614+0000] {standard_task_runner.py:104} INFO - Running: ['***', 'tasks', 'run', 'fetch_and_store_amazon_books', 'create_table', 'scheduled__2024-08-14T00:00:00+00:00', '--job-id', '227', '--raw', '--subdir', 'DAGS_FOLDER/app.py', '--cfg-path', '/tmp/tmpuqvo7gz5']
[2024-11-10T11:49:10.617+0000] {standard_task_runner.py:105} INFO - Job 227: Subtask create_table
[2024-11-10T11:49:10.726+0000] {task_command.py:467} INFO - Running <TaskInstance: fetch_and_store_amazon_books.create_table scheduled__2024-08-14T00:00:00+00:00 [running]> on host 0afc8c4a15bb
[2024-11-10T11:49:10.896+0000] {taskinstance.py:3132} INFO - Exporting env vars: AIRFLOW_CTX_DAG_OWNER='***' AIRFLOW_CTX_DAG_ID='fetch_and_store_amazon_books' AIRFLOW_CTX_TASK_ID='create_table' AIRFLOW_CTX_EXECUTION_DATE='2024-08-14T00:00:00+00:00' AIRFLOW_CTX_TRY_NUMBER='1' AIRFLOW_CTX_DAG_RUN_ID='scheduled__2024-08-14T00:00:00+00:00'
[2024-11-10T11:49:10.901+0000] {logging_mixin.py:190} INFO - Task instance is in running state
[2024-11-10T11:49:10.902+0000] {logging_mixin.py:190} INFO -  Previous state of the Task instance: queued
[2024-11-10T11:49:10.902+0000] {logging_mixin.py:190} INFO - Current task name:create_table state:running start_date:2024-11-10 11:49:10.540941+00:00
[2024-11-10T11:49:10.903+0000] {logging_mixin.py:190} INFO - Dag name:fetch_and_store_amazon_books and current dag run status:running
[2024-11-10T11:49:10.903+0000] {taskinstance.py:731} INFO - ::endgroup::
[2024-11-10T11:49:10.904+0000] {sql.py:278} INFO - Executing: 
    CREATE TABLE IF NOT EXISTS books (
        id SERIAL PRIMARY KEY,
        title TEXT NOT NULL,
        authors TEXT,
        price TEXT,
        rating TEXT
    );
    
[2024-11-10T11:49:10.928+0000] {base.py:84} INFO - Retrieving connection 'books_connection'
[2024-11-10T11:49:10.949+0000] {base.py:84} INFO - Retrieving connection 'books_connection'
[2024-11-10T11:49:10.963+0000] {sql.py:544} INFO - Running statement: 
    CREATE TABLE IF NOT EXISTS books (
        id SERIAL PRIMARY KEY,
        title TEXT NOT NULL,
        authors TEXT,
        price TEXT,
        rating TEXT
    );
    , parameters: None
[2024-11-10T11:49:10.990+0000] {taskinstance.py:340} INFO - ::group::Post task execution logs
[2024-11-10T11:49:10.991+0000] {taskinstance.py:352} INFO - Marking task as SUCCESS. dag_id=fetch_and_store_amazon_books, task_id=create_table, run_id=scheduled__2024-08-14T00:00:00+00:00, execution_date=20240814T000000, start_date=20241110T114910, end_date=20241110T114910
[2024-11-10T11:49:11.011+0000] {logging_mixin.py:190} INFO - Task instance in success state
[2024-11-10T11:49:11.012+0000] {logging_mixin.py:190} INFO -  Previous state of the Task instance: running
[2024-11-10T11:49:11.012+0000] {logging_mixin.py:190} INFO - Dag name:fetch_and_store_amazon_books queued_at:2024-11-10 11:48:56.360929+00:00
[2024-11-10T11:49:11.013+0000] {logging_mixin.py:190} INFO - Task hostname:0afc8c4a15bb operator:PostgresOperator
[2024-11-10T11:49:11.073+0000] {local_task_job_runner.py:266} INFO - Task exited with return code 0
[2024-11-10T11:49:11.096+0000] {local_task_job_runner.py:245} INFO - ::endgroup::
[2024-11-10T14:08:38.548+0000] {local_task_job_runner.py:123} INFO - ::group::Pre task execution logs
[2024-11-10T14:08:38.585+0000] {taskinstance.py:2613} INFO - Dependencies all met for dep_context=non-requeueable deps ti=<TaskInstance: fetch_and_store_amazon_books.create_table scheduled__2024-08-14T00:00:00+00:00 [queued]>
[2024-11-10T14:08:38.604+0000] {taskinstance.py:2613} INFO - Dependencies all met for dep_context=requeueable deps ti=<TaskInstance: fetch_and_store_amazon_books.create_table scheduled__2024-08-14T00:00:00+00:00 [queued]>
[2024-11-10T14:08:38.605+0000] {taskinstance.py:2866} INFO - Starting attempt 1 of 2
[2024-11-10T14:08:38.813+0000] {taskinstance.py:2889} INFO - Executing <Task(PostgresOperator): create_table> on 2024-08-14 00:00:00+00:00
[2024-11-10T14:08:38.846+0000] {warnings.py:112} WARNING - /home/***/.local/lib/python3.12/site-packages/***/task/task_runner/standard_task_runner.py:70: DeprecationWarning: This process (pid=4585) is multi-threaded, use of fork() may lead to deadlocks in the child.
  pid = os.fork()

[2024-11-10T14:08:38.853+0000] {standard_task_runner.py:104} INFO - Running: ['***', 'tasks', 'run', 'fetch_and_store_amazon_books', 'create_table', 'scheduled__2024-08-14T00:00:00+00:00', '--job-id', '406', '--raw', '--subdir', 'DAGS_FOLDER/app.py', '--cfg-path', '/tmp/tmpwbzlf6s0']
[2024-11-10T14:08:38.855+0000] {standard_task_runner.py:105} INFO - Job 406: Subtask create_table
[2024-11-10T14:08:38.853+0000] {standard_task_runner.py:72} INFO - Started process 4604 to run task
[2024-11-10T14:08:38.964+0000] {task_command.py:467} INFO - Running <TaskInstance: fetch_and_store_amazon_books.create_table scheduled__2024-08-14T00:00:00+00:00 [running]> on host 0afc8c4a15bb
[2024-11-10T14:08:39.160+0000] {taskinstance.py:3132} INFO - Exporting env vars: AIRFLOW_CTX_DAG_OWNER='***' AIRFLOW_CTX_DAG_ID='fetch_and_store_amazon_books' AIRFLOW_CTX_TASK_ID='create_table' AIRFLOW_CTX_EXECUTION_DATE='2024-08-14T00:00:00+00:00' AIRFLOW_CTX_TRY_NUMBER='1' AIRFLOW_CTX_DAG_RUN_ID='scheduled__2024-08-14T00:00:00+00:00'
[2024-11-10T14:08:39.164+0000] {logging_mixin.py:190} INFO - Task instance is in running state
[2024-11-10T14:08:39.164+0000] {logging_mixin.py:190} INFO -  Previous state of the Task instance: queued
[2024-11-10T14:08:39.165+0000] {logging_mixin.py:190} INFO - Current task name:create_table state:running start_date:2024-11-10 14:08:38.585936+00:00
[2024-11-10T14:08:39.165+0000] {logging_mixin.py:190} INFO - Dag name:fetch_and_store_amazon_books and current dag run status:running
[2024-11-10T14:08:39.165+0000] {taskinstance.py:731} INFO - ::endgroup::
[2024-11-10T14:08:39.166+0000] {sql.py:278} INFO - Executing: 
    CREATE TABLE IF NOT EXISTS books (
        id SERIAL PRIMARY KEY,
        title TEXT NOT NULL,
        authors TEXT,
        price TEXT,
        rating TEXT
    );
    
[2024-11-10T14:08:39.187+0000] {base.py:84} INFO - Retrieving connection 'books_connection'
[2024-11-10T14:08:39.205+0000] {base.py:84} INFO - Retrieving connection 'books_connection'
[2024-11-10T14:08:39.216+0000] {sql.py:544} INFO - Running statement: 
    CREATE TABLE IF NOT EXISTS books (
        id SERIAL PRIMARY KEY,
        title TEXT NOT NULL,
        authors TEXT,
        price TEXT,
        rating TEXT
    );
    , parameters: None
[2024-11-10T14:08:39.239+0000] {taskinstance.py:340} INFO - ::group::Post task execution logs
[2024-11-10T14:08:39.240+0000] {taskinstance.py:352} INFO - Marking task as SUCCESS. dag_id=fetch_and_store_amazon_books, task_id=create_table, run_id=scheduled__2024-08-14T00:00:00+00:00, execution_date=20240814T000000, start_date=20241110T140838, end_date=20241110T140839
[2024-11-10T14:08:39.265+0000] {logging_mixin.py:190} INFO - Task instance in success state
[2024-11-10T14:08:39.266+0000] {logging_mixin.py:190} INFO -  Previous state of the Task instance: running
[2024-11-10T14:08:39.267+0000] {logging_mixin.py:190} INFO - Dag name:fetch_and_store_amazon_books queued_at:2024-11-10 14:08:26.780395+00:00
[2024-11-10T14:08:39.267+0000] {logging_mixin.py:190} INFO - Task hostname:0afc8c4a15bb operator:PostgresOperator
[2024-11-10T14:08:39.320+0000] {local_task_job_runner.py:266} INFO - Task exited with return code 0
[2024-11-10T14:08:39.377+0000] {taskinstance.py:3895} INFO - 1 downstream tasks scheduled from follow-on schedule check
[2024-11-10T14:08:39.386+0000] {local_task_job_runner.py:245} INFO - ::endgroup::
