[2024-11-10T14:09:24.287+0000] {local_task_job_runner.py:123} INFO - ::group::Pre task execution logs
[2024-11-10T14:09:24.308+0000] {taskinstance.py:2613} INFO - Dependencies all met for dep_context=non-requeueable deps ti=<TaskInstance: fetch_and_store_amazon_books.create_table scheduled__2024-08-31T00:00:00+00:00 [queued]>
[2024-11-10T14:09:24.317+0000] {taskinstance.py:2613} INFO - Dependencies all met for dep_context=requeueable deps ti=<TaskInstance: fetch_and_store_amazon_books.create_table scheduled__2024-08-31T00:00:00+00:00 [queued]>
[2024-11-10T14:09:24.317+0000] {taskinstance.py:2866} INFO - Starting attempt 1 of 2
[2024-11-10T14:09:24.334+0000] {taskinstance.py:2889} INFO - Executing <Task(PostgresOperator): create_table> on 2024-08-31 00:00:00+00:00
[2024-11-10T14:09:24.348+0000] {warnings.py:112} WARNING - /home/***/.local/lib/python3.12/site-packages/***/task/task_runner/standard_task_runner.py:70: DeprecationWarning: This process (pid=4806) is multi-threaded, use of fork() may lead to deadlocks in the child.
  pid = os.fork()

[2024-11-10T14:09:24.350+0000] {standard_task_runner.py:72} INFO - Started process 4812 to run task
[2024-11-10T14:09:24.351+0000] {standard_task_runner.py:104} INFO - Running: ['***', 'tasks', 'run', 'fetch_and_store_amazon_books', 'create_table', 'scheduled__2024-08-31T00:00:00+00:00', '--job-id', '459', '--raw', '--subdir', 'DAGS_FOLDER/app.py', '--cfg-path', '/tmp/tmpw0mznlkf']
[2024-11-10T14:09:24.353+0000] {standard_task_runner.py:105} INFO - Job 459: Subtask create_table
[2024-11-10T14:09:24.417+0000] {task_command.py:467} INFO - Running <TaskInstance: fetch_and_store_amazon_books.create_table scheduled__2024-08-31T00:00:00+00:00 [running]> on host 0afc8c4a15bb
[2024-11-10T14:09:24.546+0000] {taskinstance.py:3132} INFO - Exporting env vars: AIRFLOW_CTX_DAG_OWNER='***' AIRFLOW_CTX_DAG_ID='fetch_and_store_amazon_books' AIRFLOW_CTX_TASK_ID='create_table' AIRFLOW_CTX_EXECUTION_DATE='2024-08-31T00:00:00+00:00' AIRFLOW_CTX_TRY_NUMBER='1' AIRFLOW_CTX_DAG_RUN_ID='scheduled__2024-08-31T00:00:00+00:00'
[2024-11-10T14:09:24.548+0000] {logging_mixin.py:190} INFO - Task instance is in running state
[2024-11-10T14:09:24.549+0000] {logging_mixin.py:190} INFO -  Previous state of the Task instance: queued
[2024-11-10T14:09:24.549+0000] {logging_mixin.py:190} INFO - Current task name:create_table state:running start_date:2024-11-10 14:09:24.308918+00:00
[2024-11-10T14:09:24.550+0000] {logging_mixin.py:190} INFO - Dag name:fetch_and_store_amazon_books and current dag run status:running
[2024-11-10T14:09:24.550+0000] {taskinstance.py:731} INFO - ::endgroup::
[2024-11-10T14:09:24.550+0000] {sql.py:278} INFO - Executing: 
    CREATE TABLE IF NOT EXISTS books (
        id SERIAL PRIMARY KEY,
        title TEXT NOT NULL,
        authors TEXT,
        price TEXT,
        rating TEXT
    );
    
[2024-11-10T14:09:24.563+0000] {base.py:84} INFO - Retrieving connection 'books_connection'
[2024-11-10T14:09:24.575+0000] {base.py:84} INFO - Retrieving connection 'books_connection'
[2024-11-10T14:09:24.581+0000] {sql.py:544} INFO - Running statement: 
    CREATE TABLE IF NOT EXISTS books (
        id SERIAL PRIMARY KEY,
        title TEXT NOT NULL,
        authors TEXT,
        price TEXT,
        rating TEXT
    );
    , parameters: None
[2024-11-10T14:09:24.600+0000] {taskinstance.py:340} INFO - ::group::Post task execution logs
[2024-11-10T14:09:24.601+0000] {taskinstance.py:352} INFO - Marking task as SUCCESS. dag_id=fetch_and_store_amazon_books, task_id=create_table, run_id=scheduled__2024-08-31T00:00:00+00:00, execution_date=20240831T000000, start_date=20241110T140924, end_date=20241110T140924
[2024-11-10T14:09:24.618+0000] {logging_mixin.py:190} INFO - Task instance in success state
[2024-11-10T14:09:24.619+0000] {logging_mixin.py:190} INFO -  Previous state of the Task instance: running
[2024-11-10T14:09:24.619+0000] {logging_mixin.py:190} INFO - Dag name:fetch_and_store_amazon_books queued_at:2024-11-10 14:09:16.942174+00:00
[2024-11-10T14:09:24.620+0000] {logging_mixin.py:190} INFO - Task hostname:0afc8c4a15bb operator:PostgresOperator
[2024-11-10T14:09:24.645+0000] {local_task_job_runner.py:266} INFO - Task exited with return code 0
[2024-11-10T14:09:24.679+0000] {taskinstance.py:3895} INFO - 1 downstream tasks scheduled from follow-on schedule check
[2024-11-10T14:09:24.682+0000] {local_task_job_runner.py:245} INFO - ::endgroup::
