[2024-11-21T10:41:58.818+0000] {local_task_job_runner.py:123} INFO - ::group::Pre task execution logs
[2024-11-21T10:41:58.852+0000] {taskinstance.py:2613} INFO - Dependencies all met for dep_context=non-requeueable deps ti=<TaskInstance: fetch_and_store_amazon_books.create_table scheduled__2024-11-13T00:00:00+00:00 [queued]>
[2024-11-21T10:41:58.869+0000] {taskinstance.py:2613} INFO - Dependencies all met for dep_context=requeueable deps ti=<TaskInstance: fetch_and_store_amazon_books.create_table scheduled__2024-11-13T00:00:00+00:00 [queued]>
[2024-11-21T10:41:58.870+0000] {taskinstance.py:2866} INFO - Starting attempt 1 of 2
[2024-11-21T10:41:58.896+0000] {taskinstance.py:2889} INFO - Executing <Task(PostgresOperator): create_table> on 2024-11-13 00:00:00+00:00
[2024-11-21T10:41:58.925+0000] {warnings.py:112} WARNING - /home/***/.local/lib/python3.12/site-packages/***/task/task_runner/standard_task_runner.py:70: DeprecationWarning: This process (pid=126) is multi-threaded, use of fork() may lead to deadlocks in the child.
  pid = os.fork()

[2024-11-21T10:41:58.929+0000] {standard_task_runner.py:72} INFO - Started process 145 to run task
[2024-11-21T10:41:58.934+0000] {standard_task_runner.py:104} INFO - Running: ['***', 'tasks', 'run', 'fetch_and_store_amazon_books', 'create_table', 'scheduled__2024-11-13T00:00:00+00:00', '--job-id', '737', '--raw', '--subdir', 'DAGS_FOLDER/app.py', '--cfg-path', '/tmp/tmpqfphoq_w']
[2024-11-21T10:41:58.936+0000] {standard_task_runner.py:105} INFO - Job 737: Subtask create_table
[2024-11-21T10:41:59.049+0000] {task_command.py:467} INFO - Running <TaskInstance: fetch_and_store_amazon_books.create_table scheduled__2024-11-13T00:00:00+00:00 [running]> on host d7c00e6bf294
[2024-11-21T10:41:59.252+0000] {taskinstance.py:3132} INFO - Exporting env vars: AIRFLOW_CTX_DAG_OWNER='***' AIRFLOW_CTX_DAG_ID='fetch_and_store_amazon_books' AIRFLOW_CTX_TASK_ID='create_table' AIRFLOW_CTX_EXECUTION_DATE='2024-11-13T00:00:00+00:00' AIRFLOW_CTX_TRY_NUMBER='1' AIRFLOW_CTX_DAG_RUN_ID='scheduled__2024-11-13T00:00:00+00:00'
[2024-11-21T10:41:59.255+0000] {logging_mixin.py:190} INFO - Task instance is in running state
[2024-11-21T10:41:59.256+0000] {logging_mixin.py:190} INFO -  Previous state of the Task instance: queued
[2024-11-21T10:41:59.256+0000] {logging_mixin.py:190} INFO - Current task name:create_table state:running start_date:2024-11-21 10:41:58.853238+00:00
[2024-11-21T10:41:59.256+0000] {logging_mixin.py:190} INFO - Dag name:fetch_and_store_amazon_books and current dag run status:running
[2024-11-21T10:41:59.257+0000] {taskinstance.py:731} INFO - ::endgroup::
[2024-11-21T10:41:59.258+0000] {sql.py:278} INFO - Executing: 
    CREATE TABLE IF NOT EXISTS books (
        id SERIAL PRIMARY KEY,
        title TEXT NOT NULL,
        authors TEXT,
        price TEXT,
        rating TEXT
    );
    
[2024-11-21T10:41:59.286+0000] {base.py:84} INFO - Retrieving connection 'books_connection'
[2024-11-21T10:41:59.311+0000] {base.py:84} INFO - Retrieving connection 'books_connection'
[2024-11-21T10:41:59.338+0000] {sql.py:544} INFO - Running statement: 
    CREATE TABLE IF NOT EXISTS books (
        id SERIAL PRIMARY KEY,
        title TEXT NOT NULL,
        authors TEXT,
        price TEXT,
        rating TEXT
    );
    , parameters: None
[2024-11-21T10:41:59.366+0000] {taskinstance.py:340} INFO - ::group::Post task execution logs
[2024-11-21T10:41:59.367+0000] {taskinstance.py:352} INFO - Marking task as SUCCESS. dag_id=fetch_and_store_amazon_books, task_id=create_table, run_id=scheduled__2024-11-13T00:00:00+00:00, execution_date=20241113T000000, start_date=20241121T104158, end_date=20241121T104159
[2024-11-21T10:41:59.386+0000] {logging_mixin.py:190} INFO - Task instance in success state
[2024-11-21T10:41:59.386+0000] {logging_mixin.py:190} INFO -  Previous state of the Task instance: running
[2024-11-21T10:41:59.387+0000] {logging_mixin.py:190} INFO - Dag name:fetch_and_store_amazon_books queued_at:2024-11-21 10:41:32.927356+00:00
[2024-11-21T10:41:59.388+0000] {logging_mixin.py:190} INFO - Task hostname:d7c00e6bf294 operator:PostgresOperator
[2024-11-21T10:41:59.434+0000] {local_task_job_runner.py:266} INFO - Task exited with return code 0
[2024-11-21T10:41:59.453+0000] {local_task_job_runner.py:245} INFO - ::endgroup::
