[2024-11-10T11:43:07.568+0000] {local_task_job_runner.py:123} INFO - ::group::Pre task execution logs
[2024-11-10T11:43:07.596+0000] {taskinstance.py:2613} INFO - Dependencies all met for dep_context=non-requeueable deps ti=<TaskInstance: fetch_and_store_amazon_books.fetch_book_data scheduled__2024-07-24T00:00:00+00:00 [queued]>
[2024-11-10T11:43:07.611+0000] {taskinstance.py:2613} INFO - Dependencies all met for dep_context=requeueable deps ti=<TaskInstance: fetch_and_store_amazon_books.fetch_book_data scheduled__2024-07-24T00:00:00+00:00 [queued]>
[2024-11-10T11:43:07.612+0000] {taskinstance.py:2866} INFO - Starting attempt 1 of 2
[2024-11-10T11:43:07.637+0000] {taskinstance.py:2889} INFO - Executing <Task(PythonOperator): fetch_book_data> on 2024-07-24 00:00:00+00:00
[2024-11-10T11:43:07.656+0000] {warnings.py:112} WARNING - /home/***/.local/lib/python3.12/site-packages/***/task/task_runner/standard_task_runner.py:70: DeprecationWarning: This process (pid=1725) is multi-threaded, use of fork() may lead to deadlocks in the child.
  pid = os.fork()

[2024-11-10T11:43:07.659+0000] {standard_task_runner.py:72} INFO - Started process 1745 to run task
[2024-11-10T11:43:07.662+0000] {standard_task_runner.py:104} INFO - Running: ['***', 'tasks', 'run', 'fetch_and_store_amazon_books', 'fetch_book_data', 'scheduled__2024-07-24T00:00:00+00:00', '--job-id', '146', '--raw', '--subdir', 'DAGS_FOLDER/app.py', '--cfg-path', '/tmp/tmpaa590ok9']
[2024-11-10T11:43:07.663+0000] {standard_task_runner.py:105} INFO - Job 146: Subtask fetch_book_data
[2024-11-10T11:43:07.755+0000] {task_command.py:467} INFO - Running <TaskInstance: fetch_and_store_amazon_books.fetch_book_data scheduled__2024-07-24T00:00:00+00:00 [running]> on host 0afc8c4a15bb
[2024-11-10T11:43:07.909+0000] {taskinstance.py:3132} INFO - Exporting env vars: AIRFLOW_CTX_DAG_OWNER='***' AIRFLOW_CTX_DAG_ID='fetch_and_store_amazon_books' AIRFLOW_CTX_TASK_ID='fetch_book_data' AIRFLOW_CTX_EXECUTION_DATE='2024-07-24T00:00:00+00:00' AIRFLOW_CTX_TRY_NUMBER='1' AIRFLOW_CTX_DAG_RUN_ID='scheduled__2024-07-24T00:00:00+00:00'
[2024-11-10T11:43:07.912+0000] {logging_mixin.py:190} INFO - Task instance is in running state
[2024-11-10T11:43:07.913+0000] {logging_mixin.py:190} INFO -  Previous state of the Task instance: queued
[2024-11-10T11:43:07.914+0000] {logging_mixin.py:190} INFO - Current task name:fetch_book_data state:running start_date:2024-11-10 11:43:07.596859+00:00
[2024-11-10T11:43:07.914+0000] {logging_mixin.py:190} INFO - Dag name:fetch_and_store_amazon_books and current dag run status:running
[2024-11-10T11:43:07.914+0000] {taskinstance.py:731} INFO - ::endgroup::
[2024-11-10T11:43:09.699+0000] {logging_mixin.py:190} INFO - Failed to retrieve the page
[2024-11-10T11:43:09.737+0000] {python.py:240} INFO - Done. Returned value was: None
[2024-11-10T11:43:09.757+0000] {taskinstance.py:340} INFO - ::group::Post task execution logs
[2024-11-10T11:43:09.758+0000] {taskinstance.py:352} INFO - Marking task as SUCCESS. dag_id=fetch_and_store_amazon_books, task_id=fetch_book_data, run_id=scheduled__2024-07-24T00:00:00+00:00, execution_date=20240724T000000, start_date=20241110T114307, end_date=20241110T114309
[2024-11-10T11:43:09.946+0000] {logging_mixin.py:190} INFO - Task instance in success state
[2024-11-10T11:43:09.947+0000] {logging_mixin.py:190} INFO -  Previous state of the Task instance: running
[2024-11-10T11:43:09.947+0000] {logging_mixin.py:190} INFO - Dag name:fetch_and_store_amazon_books queued_at:2024-11-10 11:43:04.222965+00:00
[2024-11-10T11:43:09.947+0000] {logging_mixin.py:190} INFO - Task hostname:0afc8c4a15bb operator:PythonOperator
[2024-11-10T11:43:10.009+0000] {local_task_job_runner.py:266} INFO - Task exited with return code 0
[2024-11-10T11:43:10.073+0000] {taskinstance.py:3895} INFO - 1 downstream tasks scheduled from follow-on schedule check
[2024-11-10T11:43:10.076+0000] {local_task_job_runner.py:245} INFO - ::endgroup::
[2024-11-10T14:07:36.275+0000] {local_task_job_runner.py:123} INFO - ::group::Pre task execution logs
[2024-11-10T14:07:36.304+0000] {taskinstance.py:2613} INFO - Dependencies all met for dep_context=non-requeueable deps ti=<TaskInstance: fetch_and_store_amazon_books.fetch_book_data scheduled__2024-07-24T00:00:00+00:00 [queued]>
[2024-11-10T14:07:36.317+0000] {taskinstance.py:2613} INFO - Dependencies all met for dep_context=requeueable deps ti=<TaskInstance: fetch_and_store_amazon_books.fetch_book_data scheduled__2024-07-24T00:00:00+00:00 [queued]>
[2024-11-10T14:07:36.317+0000] {taskinstance.py:2866} INFO - Starting attempt 1 of 2
[2024-11-10T14:07:36.340+0000] {taskinstance.py:2889} INFO - Executing <Task(PythonOperator): fetch_book_data> on 2024-07-24 00:00:00+00:00
[2024-11-10T14:07:36.357+0000] {warnings.py:112} WARNING - /home/***/.local/lib/python3.12/site-packages/***/task/task_runner/standard_task_runner.py:70: DeprecationWarning: This process (pid=4264) is multi-threaded, use of fork() may lead to deadlocks in the child.
  pid = os.fork()

[2024-11-10T14:07:36.360+0000] {standard_task_runner.py:72} INFO - Started process 4288 to run task
[2024-11-10T14:07:36.361+0000] {standard_task_runner.py:104} INFO - Running: ['***', 'tasks', 'run', 'fetch_and_store_amazon_books', 'fetch_book_data', 'scheduled__2024-07-24T00:00:00+00:00', '--job-id', '332', '--raw', '--subdir', 'DAGS_FOLDER/app.py', '--cfg-path', '/tmp/tmpdcv6puc6']
[2024-11-10T14:07:36.362+0000] {standard_task_runner.py:105} INFO - Job 332: Subtask fetch_book_data
[2024-11-10T14:07:36.435+0000] {task_command.py:467} INFO - Running <TaskInstance: fetch_and_store_amazon_books.fetch_book_data scheduled__2024-07-24T00:00:00+00:00 [running]> on host 0afc8c4a15bb
[2024-11-10T14:07:36.572+0000] {taskinstance.py:3132} INFO - Exporting env vars: AIRFLOW_CTX_DAG_OWNER='***' AIRFLOW_CTX_DAG_ID='fetch_and_store_amazon_books' AIRFLOW_CTX_TASK_ID='fetch_book_data' AIRFLOW_CTX_EXECUTION_DATE='2024-07-24T00:00:00+00:00' AIRFLOW_CTX_TRY_NUMBER='1' AIRFLOW_CTX_DAG_RUN_ID='scheduled__2024-07-24T00:00:00+00:00'
[2024-11-10T14:07:36.575+0000] {logging_mixin.py:190} INFO - Task instance is in running state
[2024-11-10T14:07:36.576+0000] {logging_mixin.py:190} INFO -  Previous state of the Task instance: queued
[2024-11-10T14:07:36.576+0000] {logging_mixin.py:190} INFO - Current task name:fetch_book_data state:running start_date:2024-11-10 14:07:36.305530+00:00
[2024-11-10T14:07:36.576+0000] {logging_mixin.py:190} INFO - Dag name:fetch_and_store_amazon_books and current dag run status:running
[2024-11-10T14:07:36.577+0000] {taskinstance.py:731} INFO - ::endgroup::
[2024-11-10T14:07:40.088+0000] {python.py:240} INFO - Done. Returned value was: None
[2024-11-10T14:07:40.109+0000] {taskinstance.py:340} INFO - ::group::Post task execution logs
[2024-11-10T14:07:40.110+0000] {taskinstance.py:352} INFO - Marking task as SUCCESS. dag_id=fetch_and_store_amazon_books, task_id=fetch_book_data, run_id=scheduled__2024-07-24T00:00:00+00:00, execution_date=20240724T000000, start_date=20241110T140736, end_date=20241110T140740
[2024-11-10T14:07:40.133+0000] {logging_mixin.py:190} INFO - Task instance in success state
[2024-11-10T14:07:40.134+0000] {logging_mixin.py:190} INFO -  Previous state of the Task instance: running
[2024-11-10T14:07:40.134+0000] {logging_mixin.py:190} INFO - Dag name:fetch_and_store_amazon_books queued_at:2024-11-10 14:07:30.767010+00:00
[2024-11-10T14:07:40.134+0000] {logging_mixin.py:190} INFO - Task hostname:0afc8c4a15bb operator:PythonOperator
[2024-11-10T14:07:40.202+0000] {local_task_job_runner.py:266} INFO - Task exited with return code 0
[2024-11-10T14:07:40.254+0000] {taskinstance.py:3895} INFO - 1 downstream tasks scheduled from follow-on schedule check
[2024-11-10T14:07:40.264+0000] {local_task_job_runner.py:245} INFO - ::endgroup::
