[2024-11-10T11:43:20.611+0000] {local_task_job_runner.py:123} INFO - ::group::Pre task execution logs
[2024-11-10T11:43:20.648+0000] {taskinstance.py:2613} INFO - Dependencies all met for dep_context=non-requeueable deps ti=<TaskInstance: fetch_and_store_amazon_books.create_table scheduled__2024-07-27T00:00:00+00:00 [queued]>
[2024-11-10T11:43:20.674+0000] {taskinstance.py:2613} INFO - Dependencies all met for dep_context=requeueable deps ti=<TaskInstance: fetch_and_store_amazon_books.create_table scheduled__2024-07-27T00:00:00+00:00 [queued]>
[2024-11-10T11:43:20.675+0000] {taskinstance.py:2866} INFO - Starting attempt 1 of 2
[2024-11-10T11:43:20.706+0000] {taskinstance.py:2889} INFO - Executing <Task(PostgresOperator): create_table> on 2024-07-27 00:00:00+00:00
[2024-11-10T11:43:20.731+0000] {warnings.py:112} WARNING - /home/***/.local/lib/python3.12/site-packages/***/task/task_runner/standard_task_runner.py:70: DeprecationWarning: This process (pid=1771) is multi-threaded, use of fork() may lead to deadlocks in the child.
  pid = os.fork()

[2024-11-10T11:43:20.735+0000] {standard_task_runner.py:72} INFO - Started process 1797 to run task
[2024-11-10T11:43:20.743+0000] {standard_task_runner.py:104} INFO - Running: ['***', 'tasks', 'run', 'fetch_and_store_amazon_books', 'create_table', 'scheduled__2024-07-27T00:00:00+00:00', '--job-id', '159', '--raw', '--subdir', 'DAGS_FOLDER/app.py', '--cfg-path', '/tmp/tmpgp8ujwwv']
[2024-11-10T11:43:20.747+0000] {standard_task_runner.py:105} INFO - Job 159: Subtask create_table
[2024-11-10T11:43:20.946+0000] {task_command.py:467} INFO - Running <TaskInstance: fetch_and_store_amazon_books.create_table scheduled__2024-07-27T00:00:00+00:00 [running]> on host 0afc8c4a15bb
[2024-11-10T11:43:21.297+0000] {taskinstance.py:3132} INFO - Exporting env vars: AIRFLOW_CTX_DAG_OWNER='***' AIRFLOW_CTX_DAG_ID='fetch_and_store_amazon_books' AIRFLOW_CTX_TASK_ID='create_table' AIRFLOW_CTX_EXECUTION_DATE='2024-07-27T00:00:00+00:00' AIRFLOW_CTX_TRY_NUMBER='1' AIRFLOW_CTX_DAG_RUN_ID='scheduled__2024-07-27T00:00:00+00:00'
[2024-11-10T11:43:21.305+0000] {logging_mixin.py:190} INFO - Task instance is in running state
[2024-11-10T11:43:21.307+0000] {logging_mixin.py:190} INFO -  Previous state of the Task instance: queued
[2024-11-10T11:43:21.309+0000] {logging_mixin.py:190} INFO - Current task name:create_table state:running start_date:2024-11-10 11:43:20.649503+00:00
[2024-11-10T11:43:21.310+0000] {logging_mixin.py:190} INFO - Dag name:fetch_and_store_amazon_books and current dag run status:running
[2024-11-10T11:43:21.311+0000] {taskinstance.py:731} INFO - ::endgroup::
[2024-11-10T11:43:21.311+0000] {sql.py:278} INFO - Executing: 
    CREATE TABLE IF NOT EXISTS books (
        id SERIAL PRIMARY KEY,
        title TEXT NOT NULL,
        authors TEXT,
        price TEXT,
        rating TEXT
    );
    
[2024-11-10T11:43:21.343+0000] {base.py:84} INFO - Retrieving connection 'books_connection'
[2024-11-10T11:43:21.389+0000] {base.py:84} INFO - Retrieving connection 'books_connection'
[2024-11-10T11:43:21.409+0000] {sql.py:544} INFO - Running statement: 
    CREATE TABLE IF NOT EXISTS books (
        id SERIAL PRIMARY KEY,
        title TEXT NOT NULL,
        authors TEXT,
        price TEXT,
        rating TEXT
    );
    , parameters: None
[2024-11-10T11:43:21.474+0000] {taskinstance.py:340} INFO - ::group::Post task execution logs
[2024-11-10T11:43:21.476+0000] {taskinstance.py:352} INFO - Marking task as SUCCESS. dag_id=fetch_and_store_amazon_books, task_id=create_table, run_id=scheduled__2024-07-27T00:00:00+00:00, execution_date=20240727T000000, start_date=20241110T114320, end_date=20241110T114321
[2024-11-10T11:43:21.524+0000] {logging_mixin.py:190} INFO - Task instance in success state
[2024-11-10T11:43:21.525+0000] {logging_mixin.py:190} INFO -  Previous state of the Task instance: running
[2024-11-10T11:43:21.526+0000] {logging_mixin.py:190} INFO - Dag name:fetch_and_store_amazon_books queued_at:2024-11-10 11:43:04.699398+00:00
[2024-11-10T11:43:21.526+0000] {logging_mixin.py:190} INFO - Task hostname:0afc8c4a15bb operator:PostgresOperator
[2024-11-10T11:43:21.600+0000] {local_task_job_runner.py:266} INFO - Task exited with return code 0
[2024-11-10T11:43:21.685+0000] {taskinstance.py:3895} INFO - 1 downstream tasks scheduled from follow-on schedule check
[2024-11-10T11:43:21.690+0000] {local_task_job_runner.py:245} INFO - ::endgroup::
[2024-11-10T14:07:46.848+0000] {local_task_job_runner.py:123} INFO - ::group::Pre task execution logs
[2024-11-10T14:07:46.916+0000] {taskinstance.py:2613} INFO - Dependencies all met for dep_context=non-requeueable deps ti=<TaskInstance: fetch_and_store_amazon_books.create_table scheduled__2024-07-27T00:00:00+00:00 [queued]>
[2024-11-10T14:07:46.963+0000] {taskinstance.py:2613} INFO - Dependencies all met for dep_context=requeueable deps ti=<TaskInstance: fetch_and_store_amazon_books.create_table scheduled__2024-07-27T00:00:00+00:00 [queued]>
[2024-11-10T14:07:46.964+0000] {taskinstance.py:2866} INFO - Starting attempt 1 of 2
[2024-11-10T14:07:47.081+0000] {taskinstance.py:2889} INFO - Executing <Task(PostgresOperator): create_table> on 2024-07-27 00:00:00+00:00
[2024-11-10T14:07:47.114+0000] {warnings.py:112} WARNING - /home/***/.local/lib/python3.12/site-packages/***/task/task_runner/standard_task_runner.py:70: DeprecationWarning: This process (pid=4312) is multi-threaded, use of fork() may lead to deadlocks in the child.
  pid = os.fork()

[2024-11-10T14:07:47.120+0000] {standard_task_runner.py:72} INFO - Started process 4349 to run task
[2024-11-10T14:07:47.126+0000] {standard_task_runner.py:104} INFO - Running: ['***', 'tasks', 'run', 'fetch_and_store_amazon_books', 'create_table', 'scheduled__2024-07-27T00:00:00+00:00', '--job-id', '344', '--raw', '--subdir', 'DAGS_FOLDER/app.py', '--cfg-path', '/tmp/tmpo80u6o46']
[2024-11-10T14:07:47.140+0000] {standard_task_runner.py:105} INFO - Job 344: Subtask create_table
[2024-11-10T14:07:47.436+0000] {task_command.py:467} INFO - Running <TaskInstance: fetch_and_store_amazon_books.create_table scheduled__2024-07-27T00:00:00+00:00 [running]> on host 0afc8c4a15bb
[2024-11-10T14:07:47.876+0000] {taskinstance.py:3132} INFO - Exporting env vars: AIRFLOW_CTX_DAG_OWNER='***' AIRFLOW_CTX_DAG_ID='fetch_and_store_amazon_books' AIRFLOW_CTX_TASK_ID='create_table' AIRFLOW_CTX_EXECUTION_DATE='2024-07-27T00:00:00+00:00' AIRFLOW_CTX_TRY_NUMBER='1' AIRFLOW_CTX_DAG_RUN_ID='scheduled__2024-07-27T00:00:00+00:00'
[2024-11-10T14:07:47.882+0000] {logging_mixin.py:190} INFO - Task instance is in running state
[2024-11-10T14:07:47.882+0000] {logging_mixin.py:190} INFO -  Previous state of the Task instance: queued
[2024-11-10T14:07:47.883+0000] {logging_mixin.py:190} INFO - Current task name:create_table state:running start_date:2024-11-10 14:07:46.917530+00:00
[2024-11-10T14:07:47.883+0000] {logging_mixin.py:190} INFO - Dag name:fetch_and_store_amazon_books and current dag run status:running
[2024-11-10T14:07:47.884+0000] {taskinstance.py:731} INFO - ::endgroup::
[2024-11-10T14:07:47.885+0000] {sql.py:278} INFO - Executing: 
    CREATE TABLE IF NOT EXISTS books (
        id SERIAL PRIMARY KEY,
        title TEXT NOT NULL,
        authors TEXT,
        price TEXT,
        rating TEXT
    );
    
[2024-11-10T14:07:47.911+0000] {base.py:84} INFO - Retrieving connection 'books_connection'
[2024-11-10T14:07:47.946+0000] {base.py:84} INFO - Retrieving connection 'books_connection'
[2024-11-10T14:07:47.963+0000] {sql.py:544} INFO - Running statement: 
    CREATE TABLE IF NOT EXISTS books (
        id SERIAL PRIMARY KEY,
        title TEXT NOT NULL,
        authors TEXT,
        price TEXT,
        rating TEXT
    );
    , parameters: None
[2024-11-10T14:07:48.015+0000] {taskinstance.py:340} INFO - ::group::Post task execution logs
[2024-11-10T14:07:48.016+0000] {taskinstance.py:352} INFO - Marking task as SUCCESS. dag_id=fetch_and_store_amazon_books, task_id=create_table, run_id=scheduled__2024-07-27T00:00:00+00:00, execution_date=20240727T000000, start_date=20241110T140746, end_date=20241110T140748
[2024-11-10T14:07:48.044+0000] {logging_mixin.py:190} INFO - Task instance in success state
[2024-11-10T14:07:48.044+0000] {logging_mixin.py:190} INFO -  Previous state of the Task instance: running
[2024-11-10T14:07:48.045+0000] {logging_mixin.py:190} INFO - Dag name:fetch_and_store_amazon_books queued_at:2024-11-10 14:07:31.728664+00:00
[2024-11-10T14:07:48.051+0000] {logging_mixin.py:190} INFO - Task hostname:0afc8c4a15bb operator:PostgresOperator
[2024-11-10T14:07:48.115+0000] {local_task_job_runner.py:266} INFO - Task exited with return code 0
[2024-11-10T14:07:48.168+0000] {local_task_job_runner.py:245} INFO - ::endgroup::
