[2024-11-10T11:31:12.474+0000] {local_task_job_runner.py:123} INFO - ::group::Pre task execution logs
[2024-11-10T11:31:12.566+0000] {taskinstance.py:2613} INFO - Dependencies all met for dep_context=non-requeueable deps ti=<TaskInstance: fetch_and_store_amazon_books.create_table scheduled__2024-06-24T00:00:00+00:00 [queued]>
[2024-11-10T11:31:12.587+0000] {taskinstance.py:2613} INFO - Dependencies all met for dep_context=requeueable deps ti=<TaskInstance: fetch_and_store_amazon_books.create_table scheduled__2024-06-24T00:00:00+00:00 [queued]>
[2024-11-10T11:31:12.588+0000] {taskinstance.py:2866} INFO - Starting attempt 1 of 2
[2024-11-10T11:31:12.624+0000] {taskinstance.py:2889} INFO - Executing <Task(PostgresOperator): create_table> on 2024-06-24 00:00:00+00:00
[2024-11-10T11:31:12.653+0000] {warnings.py:112} WARNING - /home/***/.local/lib/python3.12/site-packages/***/task/task_runner/standard_task_runner.py:70: DeprecationWarning: This process (pid=1068) is multi-threaded, use of fork() may lead to deadlocks in the child.
  pid = os.fork()

[2024-11-10T11:31:12.660+0000] {standard_task_runner.py:72} INFO - Started process 1126 to run task
[2024-11-10T11:31:12.660+0000] {standard_task_runner.py:104} INFO - Running: ['***', 'tasks', 'run', 'fetch_and_store_amazon_books', 'create_table', 'scheduled__2024-06-24T00:00:00+00:00', '--job-id', '27', '--raw', '--subdir', 'DAGS_FOLDER/app.py', '--cfg-path', '/tmp/tmpj7wgy2f5']
[2024-11-10T11:31:12.663+0000] {standard_task_runner.py:105} INFO - Job 27: Subtask create_table
[2024-11-10T11:31:12.956+0000] {task_command.py:467} INFO - Running <TaskInstance: fetch_and_store_amazon_books.create_table scheduled__2024-06-24T00:00:00+00:00 [running]> on host 0afc8c4a15bb
[2024-11-10T11:31:13.304+0000] {taskinstance.py:3132} INFO - Exporting env vars: AIRFLOW_CTX_DAG_OWNER='***' AIRFLOW_CTX_DAG_ID='fetch_and_store_amazon_books' AIRFLOW_CTX_TASK_ID='create_table' AIRFLOW_CTX_EXECUTION_DATE='2024-06-24T00:00:00+00:00' AIRFLOW_CTX_TRY_NUMBER='1' AIRFLOW_CTX_DAG_RUN_ID='scheduled__2024-06-24T00:00:00+00:00'
[2024-11-10T11:31:13.308+0000] {logging_mixin.py:190} INFO - Task instance is in running state
[2024-11-10T11:31:13.309+0000] {logging_mixin.py:190} INFO -  Previous state of the Task instance: queued
[2024-11-10T11:31:13.311+0000] {logging_mixin.py:190} INFO - Current task name:create_table state:running start_date:2024-11-10 11:31:12.566930+00:00
[2024-11-10T11:31:13.312+0000] {logging_mixin.py:190} INFO - Dag name:fetch_and_store_amazon_books and current dag run status:running
[2024-11-10T11:31:13.313+0000] {taskinstance.py:731} INFO - ::endgroup::
[2024-11-10T11:31:13.316+0000] {sql.py:278} INFO - Executing: 
    CREATE TABLE IF NOT EXISTS books (
        id SERIAL PRIMARY KEY,
        title TEXT NOT NULL,
        authors TEXT,
        price TEXT,
        rating TEXT
    );
    
[2024-11-10T11:31:13.358+0000] {base.py:84} INFO - Retrieving connection 'books_connection'
[2024-11-10T11:31:13.417+0000] {base.py:84} INFO - Retrieving connection 'books_connection'
[2024-11-10T11:31:13.455+0000] {sql.py:544} INFO - Running statement: 
    CREATE TABLE IF NOT EXISTS books (
        id SERIAL PRIMARY KEY,
        title TEXT NOT NULL,
        authors TEXT,
        price TEXT,
        rating TEXT
    );
    , parameters: None
[2024-11-10T11:31:13.522+0000] {taskinstance.py:340} INFO - ::group::Post task execution logs
[2024-11-10T11:31:13.523+0000] {taskinstance.py:352} INFO - Marking task as SUCCESS. dag_id=fetch_and_store_amazon_books, task_id=create_table, run_id=scheduled__2024-06-24T00:00:00+00:00, execution_date=20240624T000000, start_date=20241110T113112, end_date=20241110T113113
[2024-11-10T11:31:13.559+0000] {logging_mixin.py:190} INFO - Task instance in success state
[2024-11-10T11:31:13.560+0000] {logging_mixin.py:190} INFO -  Previous state of the Task instance: running
[2024-11-10T11:31:13.560+0000] {logging_mixin.py:190} INFO - Dag name:fetch_and_store_amazon_books queued_at:2024-11-10 11:30:17.167695+00:00
[2024-11-10T11:31:13.560+0000] {logging_mixin.py:190} INFO - Task hostname:0afc8c4a15bb operator:PostgresOperator
[2024-11-10T11:31:13.654+0000] {local_task_job_runner.py:266} INFO - Task exited with return code 0
[2024-11-10T11:31:13.705+0000] {local_task_job_runner.py:245} INFO - ::endgroup::
[2024-11-10T14:06:22.717+0000] {local_task_job_runner.py:123} INFO - ::group::Pre task execution logs
[2024-11-10T14:06:22.791+0000] {taskinstance.py:2613} INFO - Dependencies all met for dep_context=non-requeueable deps ti=<TaskInstance: fetch_and_store_amazon_books.create_table scheduled__2024-06-24T00:00:00+00:00 [queued]>
[2024-11-10T14:06:22.811+0000] {taskinstance.py:2613} INFO - Dependencies all met for dep_context=requeueable deps ti=<TaskInstance: fetch_and_store_amazon_books.create_table scheduled__2024-06-24T00:00:00+00:00 [queued]>
[2024-11-10T14:06:22.811+0000] {taskinstance.py:2866} INFO - Starting attempt 1 of 2
[2024-11-10T14:06:23.033+0000] {taskinstance.py:2889} INFO - Executing <Task(PostgresOperator): create_table> on 2024-06-24 00:00:00+00:00
[2024-11-10T14:06:23.091+0000] {warnings.py:112} WARNING - /home/***/.local/lib/python3.12/site-packages/***/task/task_runner/standard_task_runner.py:70: DeprecationWarning: This process (pid=3958) is multi-threaded, use of fork() may lead to deadlocks in the child.
  pid = os.fork()

[2024-11-10T14:06:23.096+0000] {standard_task_runner.py:72} INFO - Started process 3996 to run task
[2024-11-10T14:06:23.140+0000] {standard_task_runner.py:104} INFO - Running: ['***', 'tasks', 'run', 'fetch_and_store_amazon_books', 'create_table', 'scheduled__2024-06-24T00:00:00+00:00', '--job-id', '258', '--raw', '--subdir', 'DAGS_FOLDER/app.py', '--cfg-path', '/tmp/tmpuqdk4ff9']
[2024-11-10T14:06:23.141+0000] {standard_task_runner.py:105} INFO - Job 258: Subtask create_table
[2024-11-10T14:06:23.530+0000] {task_command.py:467} INFO - Running <TaskInstance: fetch_and_store_amazon_books.create_table scheduled__2024-06-24T00:00:00+00:00 [running]> on host 0afc8c4a15bb
[2024-11-10T14:06:23.833+0000] {taskinstance.py:3132} INFO - Exporting env vars: AIRFLOW_CTX_DAG_OWNER='***' AIRFLOW_CTX_DAG_ID='fetch_and_store_amazon_books' AIRFLOW_CTX_TASK_ID='create_table' AIRFLOW_CTX_EXECUTION_DATE='2024-06-24T00:00:00+00:00' AIRFLOW_CTX_TRY_NUMBER='1' AIRFLOW_CTX_DAG_RUN_ID='scheduled__2024-06-24T00:00:00+00:00'
[2024-11-10T14:06:23.840+0000] {logging_mixin.py:190} INFO - Task instance is in running state
[2024-11-10T14:06:23.841+0000] {logging_mixin.py:190} INFO -  Previous state of the Task instance: queued
[2024-11-10T14:06:23.841+0000] {logging_mixin.py:190} INFO - Current task name:create_table state:running start_date:2024-11-10 14:06:22.791970+00:00
[2024-11-10T14:06:23.841+0000] {logging_mixin.py:190} INFO - Dag name:fetch_and_store_amazon_books and current dag run status:running
[2024-11-10T14:06:23.842+0000] {taskinstance.py:731} INFO - ::endgroup::
[2024-11-10T14:06:23.846+0000] {sql.py:278} INFO - Executing: 
    CREATE TABLE IF NOT EXISTS books (
        id SERIAL PRIMARY KEY,
        title TEXT NOT NULL,
        authors TEXT,
        price TEXT,
        rating TEXT
    );
    
[2024-11-10T14:06:23.896+0000] {base.py:84} INFO - Retrieving connection 'books_connection'
[2024-11-10T14:06:23.981+0000] {base.py:84} INFO - Retrieving connection 'books_connection'
[2024-11-10T14:06:24.020+0000] {sql.py:544} INFO - Running statement: 
    CREATE TABLE IF NOT EXISTS books (
        id SERIAL PRIMARY KEY,
        title TEXT NOT NULL,
        authors TEXT,
        price TEXT,
        rating TEXT
    );
    , parameters: None
[2024-11-10T14:06:24.086+0000] {taskinstance.py:340} INFO - ::group::Post task execution logs
[2024-11-10T14:06:24.087+0000] {taskinstance.py:352} INFO - Marking task as SUCCESS. dag_id=fetch_and_store_amazon_books, task_id=create_table, run_id=scheduled__2024-06-24T00:00:00+00:00, execution_date=20240624T000000, start_date=20241110T140622, end_date=20241110T140624
[2024-11-10T14:06:24.136+0000] {logging_mixin.py:190} INFO - Task instance in success state
[2024-11-10T14:06:24.139+0000] {logging_mixin.py:190} INFO -  Previous state of the Task instance: running
[2024-11-10T14:06:24.140+0000] {logging_mixin.py:190} INFO - Dag name:fetch_and_store_amazon_books queued_at:2024-11-10 14:05:18.967073+00:00
[2024-11-10T14:06:24.141+0000] {logging_mixin.py:190} INFO - Task hostname:0afc8c4a15bb operator:PostgresOperator
[2024-11-10T14:06:24.232+0000] {local_task_job_runner.py:266} INFO - Task exited with return code 0
[2024-11-10T14:06:24.290+0000] {taskinstance.py:3895} INFO - 1 downstream tasks scheduled from follow-on schedule check
[2024-11-10T14:06:24.299+0000] {local_task_job_runner.py:245} INFO - ::endgroup::
