[2024-11-21T10:41:33.720+0000] {processor.py:186} INFO - Started process (PID=81) to work on /home/airflow/.local/lib/python3.12/site-packages/airflow/example_dags/example_bash_decorator.py
[2024-11-21T10:41:33.722+0000] {processor.py:914} INFO - Processing file /home/airflow/.local/lib/python3.12/site-packages/airflow/example_dags/example_bash_decorator.py for tasks to queue
[2024-11-21T10:41:33.728+0000] {logging_mixin.py:190} INFO - [2024-11-21T10:41:33.727+0000] {dagbag.py:588} INFO - Filling up the DagBag from /home/airflow/.local/lib/python3.12/site-packages/airflow/example_dags/example_bash_decorator.py
[2024-11-21T10:41:33.777+0000] {processor.py:925} INFO - DAG(s) 'example_bash_decorator' retrieved from /home/airflow/.local/lib/python3.12/site-packages/airflow/example_dags/example_bash_decorator.py
[2024-11-21T10:41:34.870+0000] {logging_mixin.py:190} INFO - [2024-11-21T10:41:34.866+0000] {dag.py:3239} INFO - Sync 1 DAGs
[2024-11-21T10:41:34.946+0000] {logging_mixin.py:190} INFO - [2024-11-21T10:41:34.944+0000] {dag.py:4180} INFO - Setting next_dagrun for example_bash_decorator to None, run_after=None
[2024-11-21T10:41:35.075+0000] {processor.py:208} INFO - Processing /home/airflow/.local/lib/python3.12/site-packages/airflow/example_dags/example_bash_decorator.py took 1.368 seconds
[2024-11-21T10:42:05.812+0000] {processor.py:186} INFO - Started process (PID=166) to work on /home/airflow/.local/lib/python3.12/site-packages/airflow/example_dags/example_bash_decorator.py
[2024-11-21T10:42:05.814+0000] {processor.py:914} INFO - Processing file /home/airflow/.local/lib/python3.12/site-packages/airflow/example_dags/example_bash_decorator.py for tasks to queue
[2024-11-21T10:42:05.826+0000] {logging_mixin.py:190} INFO - [2024-11-21T10:42:05.825+0000] {dagbag.py:588} INFO - Filling up the DagBag from /home/airflow/.local/lib/python3.12/site-packages/airflow/example_dags/example_bash_decorator.py
[2024-11-21T10:42:06.089+0000] {processor.py:925} INFO - DAG(s) 'example_bash_decorator' retrieved from /home/airflow/.local/lib/python3.12/site-packages/airflow/example_dags/example_bash_decorator.py
[2024-11-21T10:42:06.143+0000] {logging_mixin.py:190} INFO - [2024-11-21T10:42:06.142+0000] {dag.py:3239} INFO - Sync 1 DAGs
[2024-11-21T10:42:06.174+0000] {logging_mixin.py:190} INFO - [2024-11-21T10:42:06.173+0000] {dag.py:4180} INFO - Setting next_dagrun for example_bash_decorator to None, run_after=None
[2024-11-21T10:42:06.239+0000] {processor.py:208} INFO - Processing /home/airflow/.local/lib/python3.12/site-packages/airflow/example_dags/example_bash_decorator.py took 0.466 seconds
[2024-11-21T10:42:36.433+0000] {processor.py:186} INFO - Started process (PID=230) to work on /home/airflow/.local/lib/python3.12/site-packages/airflow/example_dags/example_bash_decorator.py
[2024-11-21T10:42:36.434+0000] {processor.py:914} INFO - Processing file /home/airflow/.local/lib/python3.12/site-packages/airflow/example_dags/example_bash_decorator.py for tasks to queue
[2024-11-21T10:42:36.438+0000] {logging_mixin.py:190} INFO - [2024-11-21T10:42:36.437+0000] {dagbag.py:588} INFO - Filling up the DagBag from /home/airflow/.local/lib/python3.12/site-packages/airflow/example_dags/example_bash_decorator.py
[2024-11-21T10:42:36.462+0000] {processor.py:925} INFO - DAG(s) 'example_bash_decorator' retrieved from /home/airflow/.local/lib/python3.12/site-packages/airflow/example_dags/example_bash_decorator.py
[2024-11-21T10:42:36.497+0000] {logging_mixin.py:190} INFO - [2024-11-21T10:42:36.497+0000] {dag.py:3239} INFO - Sync 1 DAGs
[2024-11-21T10:42:36.518+0000] {logging_mixin.py:190} INFO - [2024-11-21T10:42:36.518+0000] {dag.py:4180} INFO - Setting next_dagrun for example_bash_decorator to None, run_after=None
[2024-11-21T10:42:36.548+0000] {processor.py:208} INFO - Processing /home/airflow/.local/lib/python3.12/site-packages/airflow/example_dags/example_bash_decorator.py took 0.125 seconds
[2024-11-21T10:43:06.757+0000] {processor.py:186} INFO - Started process (PID=294) to work on /home/airflow/.local/lib/python3.12/site-packages/airflow/example_dags/example_bash_decorator.py
[2024-11-21T10:43:06.758+0000] {processor.py:914} INFO - Processing file /home/airflow/.local/lib/python3.12/site-packages/airflow/example_dags/example_bash_decorator.py for tasks to queue
[2024-11-21T10:43:06.763+0000] {logging_mixin.py:190} INFO - [2024-11-21T10:43:06.762+0000] {dagbag.py:588} INFO - Filling up the DagBag from /home/airflow/.local/lib/python3.12/site-packages/airflow/example_dags/example_bash_decorator.py
[2024-11-21T10:43:06.791+0000] {processor.py:925} INFO - DAG(s) 'example_bash_decorator' retrieved from /home/airflow/.local/lib/python3.12/site-packages/airflow/example_dags/example_bash_decorator.py
[2024-11-21T10:43:06.834+0000] {logging_mixin.py:190} INFO - [2024-11-21T10:43:06.833+0000] {dag.py:3239} INFO - Sync 1 DAGs
[2024-11-21T10:43:06.857+0000] {logging_mixin.py:190} INFO - [2024-11-21T10:43:06.857+0000] {dag.py:4180} INFO - Setting next_dagrun for example_bash_decorator to None, run_after=None
[2024-11-21T10:43:06.889+0000] {processor.py:208} INFO - Processing /home/airflow/.local/lib/python3.12/site-packages/airflow/example_dags/example_bash_decorator.py took 0.144 seconds
[2024-11-21T10:43:37.227+0000] {processor.py:186} INFO - Started process (PID=358) to work on /home/airflow/.local/lib/python3.12/site-packages/airflow/example_dags/example_bash_decorator.py
[2024-11-21T10:43:37.228+0000] {processor.py:914} INFO - Processing file /home/airflow/.local/lib/python3.12/site-packages/airflow/example_dags/example_bash_decorator.py for tasks to queue
[2024-11-21T10:43:37.234+0000] {logging_mixin.py:190} INFO - [2024-11-21T10:43:37.233+0000] {dagbag.py:588} INFO - Filling up the DagBag from /home/airflow/.local/lib/python3.12/site-packages/airflow/example_dags/example_bash_decorator.py
[2024-11-21T10:43:37.266+0000] {processor.py:925} INFO - DAG(s) 'example_bash_decorator' retrieved from /home/airflow/.local/lib/python3.12/site-packages/airflow/example_dags/example_bash_decorator.py
[2024-11-21T10:43:37.314+0000] {logging_mixin.py:190} INFO - [2024-11-21T10:43:37.313+0000] {dag.py:3239} INFO - Sync 1 DAGs
[2024-11-21T10:43:37.339+0000] {logging_mixin.py:190} INFO - [2024-11-21T10:43:37.338+0000] {dag.py:4180} INFO - Setting next_dagrun for example_bash_decorator to None, run_after=None
[2024-11-21T10:43:37.377+0000] {processor.py:208} INFO - Processing /home/airflow/.local/lib/python3.12/site-packages/airflow/example_dags/example_bash_decorator.py took 0.162 seconds
[2024-11-21T10:44:08.004+0000] {processor.py:186} INFO - Started process (PID=422) to work on /home/airflow/.local/lib/python3.12/site-packages/airflow/example_dags/example_bash_decorator.py
[2024-11-21T10:44:08.006+0000] {processor.py:914} INFO - Processing file /home/airflow/.local/lib/python3.12/site-packages/airflow/example_dags/example_bash_decorator.py for tasks to queue
[2024-11-21T10:44:08.011+0000] {logging_mixin.py:190} INFO - [2024-11-21T10:44:08.010+0000] {dagbag.py:588} INFO - Filling up the DagBag from /home/airflow/.local/lib/python3.12/site-packages/airflow/example_dags/example_bash_decorator.py
[2024-11-21T10:44:08.039+0000] {processor.py:925} INFO - DAG(s) 'example_bash_decorator' retrieved from /home/airflow/.local/lib/python3.12/site-packages/airflow/example_dags/example_bash_decorator.py
[2024-11-21T10:44:08.076+0000] {logging_mixin.py:190} INFO - [2024-11-21T10:44:08.076+0000] {dag.py:3239} INFO - Sync 1 DAGs
[2024-11-21T10:44:08.097+0000] {logging_mixin.py:190} INFO - [2024-11-21T10:44:08.096+0000] {dag.py:4180} INFO - Setting next_dagrun for example_bash_decorator to None, run_after=None
[2024-11-21T10:44:08.128+0000] {processor.py:208} INFO - Processing /home/airflow/.local/lib/python3.12/site-packages/airflow/example_dags/example_bash_decorator.py took 0.136 seconds
