[2024-11-21T10:41:47.755+0000] {processor.py:186} INFO - Started process (PID=117) to work on /home/airflow/.local/lib/python3.12/site-packages/airflow/example_dags/example_inlet_event_extra.py
[2024-11-21T10:41:47.757+0000] {processor.py:914} INFO - Processing file /home/airflow/.local/lib/python3.12/site-packages/airflow/example_dags/example_inlet_event_extra.py for tasks to queue
[2024-11-21T10:41:47.760+0000] {logging_mixin.py:190} INFO - [2024-11-21T10:41:47.760+0000] {dagbag.py:588} INFO - Filling up the DagBag from /home/airflow/.local/lib/python3.12/site-packages/airflow/example_dags/example_inlet_event_extra.py
[2024-11-21T10:41:48.994+0000] {processor.py:925} INFO - DAG(s) 'read_dataset_event', 'read_dataset_event_from_classic' retrieved from /home/airflow/.local/lib/python3.12/site-packages/airflow/example_dags/example_inlet_event_extra.py
[2024-11-21T10:41:49.026+0000] {logging_mixin.py:190} INFO - [2024-11-21T10:41:49.026+0000] {dag.py:3239} INFO - Sync 2 DAGs
[2024-11-21T10:41:49.069+0000] {logging_mixin.py:190} INFO - [2024-11-21T10:41:49.069+0000] {dag.py:4180} INFO - Setting next_dagrun for read_dataset_event to 2024-11-20 00:00:00+00:00, run_after=2024-11-21 00:00:00+00:00
[2024-11-21T10:41:49.077+0000] {logging_mixin.py:190} INFO - [2024-11-21T10:41:49.076+0000] {dag.py:4180} INFO - Setting next_dagrun for read_dataset_event_from_classic to 2024-11-20 00:00:00+00:00, run_after=2024-11-21 00:00:00+00:00
[2024-11-21T10:41:49.109+0000] {processor.py:208} INFO - Processing /home/airflow/.local/lib/python3.12/site-packages/airflow/example_dags/example_inlet_event_extra.py took 1.364 seconds
[2024-11-21T10:42:19.630+0000] {processor.py:186} INFO - Started process (PID=204) to work on /home/airflow/.local/lib/python3.12/site-packages/airflow/example_dags/example_inlet_event_extra.py
[2024-11-21T10:42:19.632+0000] {processor.py:914} INFO - Processing file /home/airflow/.local/lib/python3.12/site-packages/airflow/example_dags/example_inlet_event_extra.py for tasks to queue
[2024-11-21T10:42:19.637+0000] {logging_mixin.py:190} INFO - [2024-11-21T10:42:19.637+0000] {dagbag.py:588} INFO - Filling up the DagBag from /home/airflow/.local/lib/python3.12/site-packages/airflow/example_dags/example_inlet_event_extra.py
[2024-11-21T10:42:20.613+0000] {processor.py:925} INFO - DAG(s) 'read_dataset_event_from_classic', 'read_dataset_event' retrieved from /home/airflow/.local/lib/python3.12/site-packages/airflow/example_dags/example_inlet_event_extra.py
[2024-11-21T10:42:20.644+0000] {logging_mixin.py:190} INFO - [2024-11-21T10:42:20.643+0000] {dag.py:3239} INFO - Sync 2 DAGs
[2024-11-21T10:42:20.681+0000] {logging_mixin.py:190} INFO - [2024-11-21T10:42:20.681+0000] {dag.py:4180} INFO - Setting next_dagrun for read_dataset_event to 2024-11-20 00:00:00+00:00, run_after=2024-11-21 00:00:00+00:00
[2024-11-21T10:42:20.688+0000] {logging_mixin.py:190} INFO - [2024-11-21T10:42:20.688+0000] {dag.py:4180} INFO - Setting next_dagrun for read_dataset_event_from_classic to 2024-11-20 00:00:00+00:00, run_after=2024-11-21 00:00:00+00:00
[2024-11-21T10:42:20.712+0000] {processor.py:208} INFO - Processing /home/airflow/.local/lib/python3.12/site-packages/airflow/example_dags/example_inlet_event_extra.py took 1.092 seconds
[2024-11-21T10:42:51.025+0000] {processor.py:186} INFO - Started process (PID=268) to work on /home/airflow/.local/lib/python3.12/site-packages/airflow/example_dags/example_inlet_event_extra.py
[2024-11-21T10:42:51.026+0000] {processor.py:914} INFO - Processing file /home/airflow/.local/lib/python3.12/site-packages/airflow/example_dags/example_inlet_event_extra.py for tasks to queue
[2024-11-21T10:42:51.030+0000] {logging_mixin.py:190} INFO - [2024-11-21T10:42:51.029+0000] {dagbag.py:588} INFO - Filling up the DagBag from /home/airflow/.local/lib/python3.12/site-packages/airflow/example_dags/example_inlet_event_extra.py
[2024-11-21T10:42:51.900+0000] {processor.py:925} INFO - DAG(s) 'read_dataset_event_from_classic', 'read_dataset_event' retrieved from /home/airflow/.local/lib/python3.12/site-packages/airflow/example_dags/example_inlet_event_extra.py
[2024-11-21T10:42:51.931+0000] {logging_mixin.py:190} INFO - [2024-11-21T10:42:51.930+0000] {dag.py:3239} INFO - Sync 2 DAGs
[2024-11-21T10:42:51.961+0000] {logging_mixin.py:190} INFO - [2024-11-21T10:42:51.961+0000] {dag.py:4180} INFO - Setting next_dagrun for read_dataset_event to 2024-11-20 00:00:00+00:00, run_after=2024-11-21 00:00:00+00:00
[2024-11-21T10:42:51.968+0000] {logging_mixin.py:190} INFO - [2024-11-21T10:42:51.967+0000] {dag.py:4180} INFO - Setting next_dagrun for read_dataset_event_from_classic to 2024-11-20 00:00:00+00:00, run_after=2024-11-21 00:00:00+00:00
[2024-11-21T10:42:51.994+0000] {processor.py:208} INFO - Processing /home/airflow/.local/lib/python3.12/site-packages/airflow/example_dags/example_inlet_event_extra.py took 0.981 seconds
[2024-11-21T10:43:22.969+0000] {processor.py:186} INFO - Started process (PID=332) to work on /home/airflow/.local/lib/python3.12/site-packages/airflow/example_dags/example_inlet_event_extra.py
[2024-11-21T10:43:22.971+0000] {processor.py:914} INFO - Processing file /home/airflow/.local/lib/python3.12/site-packages/airflow/example_dags/example_inlet_event_extra.py for tasks to queue
[2024-11-21T10:43:22.976+0000] {logging_mixin.py:190} INFO - [2024-11-21T10:43:22.975+0000] {dagbag.py:588} INFO - Filling up the DagBag from /home/airflow/.local/lib/python3.12/site-packages/airflow/example_dags/example_inlet_event_extra.py
[2024-11-21T10:43:23.961+0000] {processor.py:925} INFO - DAG(s) 'read_dataset_event', 'read_dataset_event_from_classic' retrieved from /home/airflow/.local/lib/python3.12/site-packages/airflow/example_dags/example_inlet_event_extra.py
[2024-11-21T10:43:23.996+0000] {logging_mixin.py:190} INFO - [2024-11-21T10:43:23.995+0000] {dag.py:3239} INFO - Sync 2 DAGs
[2024-11-21T10:43:24.032+0000] {logging_mixin.py:190} INFO - [2024-11-21T10:43:24.032+0000] {dag.py:4180} INFO - Setting next_dagrun for read_dataset_event to 2024-11-20 00:00:00+00:00, run_after=2024-11-21 00:00:00+00:00
[2024-11-21T10:43:24.039+0000] {logging_mixin.py:190} INFO - [2024-11-21T10:43:24.039+0000] {dag.py:4180} INFO - Setting next_dagrun for read_dataset_event_from_classic to 2024-11-20 00:00:00+00:00, run_after=2024-11-21 00:00:00+00:00
[2024-11-21T10:43:24.064+0000] {processor.py:208} INFO - Processing /home/airflow/.local/lib/python3.12/site-packages/airflow/example_dags/example_inlet_event_extra.py took 1.106 seconds
[2024-11-21T10:43:54.151+0000] {processor.py:186} INFO - Started process (PID=396) to work on /home/airflow/.local/lib/python3.12/site-packages/airflow/example_dags/example_inlet_event_extra.py
[2024-11-21T10:43:54.152+0000] {processor.py:914} INFO - Processing file /home/airflow/.local/lib/python3.12/site-packages/airflow/example_dags/example_inlet_event_extra.py for tasks to queue
[2024-11-21T10:43:54.157+0000] {logging_mixin.py:190} INFO - [2024-11-21T10:43:54.156+0000] {dagbag.py:588} INFO - Filling up the DagBag from /home/airflow/.local/lib/python3.12/site-packages/airflow/example_dags/example_inlet_event_extra.py
[2024-11-21T10:43:55.170+0000] {processor.py:925} INFO - DAG(s) 'read_dataset_event_from_classic', 'read_dataset_event' retrieved from /home/airflow/.local/lib/python3.12/site-packages/airflow/example_dags/example_inlet_event_extra.py
[2024-11-21T10:43:55.203+0000] {logging_mixin.py:190} INFO - [2024-11-21T10:43:55.203+0000] {dag.py:3239} INFO - Sync 2 DAGs
[2024-11-21T10:43:55.237+0000] {logging_mixin.py:190} INFO - [2024-11-21T10:43:55.237+0000] {dag.py:4180} INFO - Setting next_dagrun for read_dataset_event to 2024-11-20 00:00:00+00:00, run_after=2024-11-21 00:00:00+00:00
[2024-11-21T10:43:55.243+0000] {logging_mixin.py:190} INFO - [2024-11-21T10:43:55.243+0000] {dag.py:4180} INFO - Setting next_dagrun for read_dataset_event_from_classic to 2024-11-20 00:00:00+00:00, run_after=2024-11-21 00:00:00+00:00
[2024-11-21T10:43:55.268+0000] {processor.py:208} INFO - Processing /home/airflow/.local/lib/python3.12/site-packages/airflow/example_dags/example_inlet_event_extra.py took 1.128 seconds
[2024-11-21T10:44:25.875+0000] {processor.py:186} INFO - Started process (PID=460) to work on /home/airflow/.local/lib/python3.12/site-packages/airflow/example_dags/example_inlet_event_extra.py
[2024-11-21T10:44:25.877+0000] {processor.py:914} INFO - Processing file /home/airflow/.local/lib/python3.12/site-packages/airflow/example_dags/example_inlet_event_extra.py for tasks to queue
[2024-11-21T10:44:25.882+0000] {logging_mixin.py:190} INFO - [2024-11-21T10:44:25.881+0000] {dagbag.py:588} INFO - Filling up the DagBag from /home/airflow/.local/lib/python3.12/site-packages/airflow/example_dags/example_inlet_event_extra.py
[2024-11-21T10:44:26.788+0000] {processor.py:925} INFO - DAG(s) 'read_dataset_event', 'read_dataset_event_from_classic' retrieved from /home/airflow/.local/lib/python3.12/site-packages/airflow/example_dags/example_inlet_event_extra.py
[2024-11-21T10:44:26.818+0000] {logging_mixin.py:190} INFO - [2024-11-21T10:44:26.818+0000] {dag.py:3239} INFO - Sync 2 DAGs
[2024-11-21T10:44:26.853+0000] {logging_mixin.py:190} INFO - [2024-11-21T10:44:26.853+0000] {dag.py:4180} INFO - Setting next_dagrun for read_dataset_event to 2024-11-20 00:00:00+00:00, run_after=2024-11-21 00:00:00+00:00
[2024-11-21T10:44:26.860+0000] {logging_mixin.py:190} INFO - [2024-11-21T10:44:26.860+0000] {dag.py:4180} INFO - Setting next_dagrun for read_dataset_event_from_classic to 2024-11-20 00:00:00+00:00, run_after=2024-11-21 00:00:00+00:00
[2024-11-21T10:44:26.883+0000] {processor.py:208} INFO - Processing /home/airflow/.local/lib/python3.12/site-packages/airflow/example_dags/example_inlet_event_extra.py took 1.019 seconds
