[2024-11-21T10:41:41.082+0000] {processor.py:186} INFO - Started process (PID=97) to work on /home/airflow/.local/lib/python3.12/site-packages/airflow/example_dags/example_bash_operator.py
[2024-11-21T10:41:41.084+0000] {processor.py:914} INFO - Processing file /home/airflow/.local/lib/python3.12/site-packages/airflow/example_dags/example_bash_operator.py for tasks to queue
[2024-11-21T10:41:41.090+0000] {logging_mixin.py:190} INFO - [2024-11-21T10:41:41.089+0000] {dagbag.py:588} INFO - Filling up the DagBag from /home/airflow/.local/lib/python3.12/site-packages/airflow/example_dags/example_bash_operator.py
[2024-11-21T10:41:41.144+0000] {processor.py:925} INFO - DAG(s) 'example_bash_operator' retrieved from /home/airflow/.local/lib/python3.12/site-packages/airflow/example_dags/example_bash_operator.py
[2024-11-21T10:41:41.285+0000] {logging_mixin.py:190} INFO - [2024-11-21T10:41:41.283+0000] {dag.py:3239} INFO - Sync 1 DAGs
[2024-11-21T10:41:41.372+0000] {logging_mixin.py:190} INFO - [2024-11-21T10:41:41.371+0000] {dag.py:4180} INFO - Setting next_dagrun for example_bash_operator to 2024-11-20 00:00:00+00:00, run_after=2024-11-21 00:00:00+00:00
[2024-11-21T10:41:41.471+0000] {processor.py:208} INFO - Processing /home/airflow/.local/lib/python3.12/site-packages/airflow/example_dags/example_bash_operator.py took 0.403 seconds
[2024-11-21T10:42:11.563+0000] {processor.py:186} INFO - Started process (PID=182) to work on /home/airflow/.local/lib/python3.12/site-packages/airflow/example_dags/example_bash_operator.py
[2024-11-21T10:42:11.564+0000] {processor.py:914} INFO - Processing file /home/airflow/.local/lib/python3.12/site-packages/airflow/example_dags/example_bash_operator.py for tasks to queue
[2024-11-21T10:42:11.567+0000] {logging_mixin.py:190} INFO - [2024-11-21T10:42:11.566+0000] {dagbag.py:588} INFO - Filling up the DagBag from /home/airflow/.local/lib/python3.12/site-packages/airflow/example_dags/example_bash_operator.py
[2024-11-21T10:42:11.581+0000] {processor.py:925} INFO - DAG(s) 'example_bash_operator' retrieved from /home/airflow/.local/lib/python3.12/site-packages/airflow/example_dags/example_bash_operator.py
[2024-11-21T10:42:11.614+0000] {logging_mixin.py:190} INFO - [2024-11-21T10:42:11.614+0000] {dag.py:3239} INFO - Sync 1 DAGs
[2024-11-21T10:42:11.640+0000] {logging_mixin.py:190} INFO - [2024-11-21T10:42:11.640+0000] {dag.py:4180} INFO - Setting next_dagrun for example_bash_operator to 2024-11-20 00:00:00+00:00, run_after=2024-11-21 00:00:00+00:00
[2024-11-21T10:42:11.663+0000] {processor.py:208} INFO - Processing /home/airflow/.local/lib/python3.12/site-packages/airflow/example_dags/example_bash_operator.py took 0.106 seconds
[2024-11-21T10:42:42.340+0000] {processor.py:186} INFO - Started process (PID=246) to work on /home/airflow/.local/lib/python3.12/site-packages/airflow/example_dags/example_bash_operator.py
[2024-11-21T10:42:42.341+0000] {processor.py:914} INFO - Processing file /home/airflow/.local/lib/python3.12/site-packages/airflow/example_dags/example_bash_operator.py for tasks to queue
[2024-11-21T10:42:42.347+0000] {logging_mixin.py:190} INFO - [2024-11-21T10:42:42.346+0000] {dagbag.py:588} INFO - Filling up the DagBag from /home/airflow/.local/lib/python3.12/site-packages/airflow/example_dags/example_bash_operator.py
[2024-11-21T10:42:42.376+0000] {processor.py:925} INFO - DAG(s) 'example_bash_operator' retrieved from /home/airflow/.local/lib/python3.12/site-packages/airflow/example_dags/example_bash_operator.py
[2024-11-21T10:42:42.430+0000] {logging_mixin.py:190} INFO - [2024-11-21T10:42:42.430+0000] {dag.py:3239} INFO - Sync 1 DAGs
[2024-11-21T10:42:42.475+0000] {logging_mixin.py:190} INFO - [2024-11-21T10:42:42.474+0000] {dag.py:4180} INFO - Setting next_dagrun for example_bash_operator to 2024-11-20 00:00:00+00:00, run_after=2024-11-21 00:00:00+00:00
[2024-11-21T10:42:42.515+0000] {processor.py:208} INFO - Processing /home/airflow/.local/lib/python3.12/site-packages/airflow/example_dags/example_bash_operator.py took 0.187 seconds
[2024-11-21T10:43:13.058+0000] {processor.py:186} INFO - Started process (PID=309) to work on /home/airflow/.local/lib/python3.12/site-packages/airflow/example_dags/example_bash_operator.py
[2024-11-21T10:43:13.059+0000] {processor.py:914} INFO - Processing file /home/airflow/.local/lib/python3.12/site-packages/airflow/example_dags/example_bash_operator.py for tasks to queue
[2024-11-21T10:43:13.065+0000] {logging_mixin.py:190} INFO - [2024-11-21T10:43:13.064+0000] {dagbag.py:588} INFO - Filling up the DagBag from /home/airflow/.local/lib/python3.12/site-packages/airflow/example_dags/example_bash_operator.py
[2024-11-21T10:43:13.092+0000] {processor.py:925} INFO - DAG(s) 'example_bash_operator' retrieved from /home/airflow/.local/lib/python3.12/site-packages/airflow/example_dags/example_bash_operator.py
[2024-11-21T10:43:13.142+0000] {logging_mixin.py:190} INFO - [2024-11-21T10:43:13.142+0000] {dag.py:3239} INFO - Sync 1 DAGs
[2024-11-21T10:43:13.183+0000] {logging_mixin.py:190} INFO - [2024-11-21T10:43:13.183+0000] {dag.py:4180} INFO - Setting next_dagrun for example_bash_operator to 2024-11-20 00:00:00+00:00, run_after=2024-11-21 00:00:00+00:00
[2024-11-21T10:43:13.218+0000] {processor.py:208} INFO - Processing /home/airflow/.local/lib/python3.12/site-packages/airflow/example_dags/example_bash_operator.py took 0.172 seconds
[2024-11-21T10:43:43.519+0000] {processor.py:186} INFO - Started process (PID=373) to work on /home/airflow/.local/lib/python3.12/site-packages/airflow/example_dags/example_bash_operator.py
[2024-11-21T10:43:43.521+0000] {processor.py:914} INFO - Processing file /home/airflow/.local/lib/python3.12/site-packages/airflow/example_dags/example_bash_operator.py for tasks to queue
[2024-11-21T10:43:43.526+0000] {logging_mixin.py:190} INFO - [2024-11-21T10:43:43.525+0000] {dagbag.py:588} INFO - Filling up the DagBag from /home/airflow/.local/lib/python3.12/site-packages/airflow/example_dags/example_bash_operator.py
[2024-11-21T10:43:43.557+0000] {processor.py:925} INFO - DAG(s) 'example_bash_operator' retrieved from /home/airflow/.local/lib/python3.12/site-packages/airflow/example_dags/example_bash_operator.py
[2024-11-21T10:43:43.605+0000] {logging_mixin.py:190} INFO - [2024-11-21T10:43:43.605+0000] {dag.py:3239} INFO - Sync 1 DAGs
[2024-11-21T10:43:43.647+0000] {logging_mixin.py:190} INFO - [2024-11-21T10:43:43.646+0000] {dag.py:4180} INFO - Setting next_dagrun for example_bash_operator to 2024-11-20 00:00:00+00:00, run_after=2024-11-21 00:00:00+00:00
[2024-11-21T10:43:43.679+0000] {processor.py:208} INFO - Processing /home/airflow/.local/lib/python3.12/site-packages/airflow/example_dags/example_bash_operator.py took 0.172 seconds
[2024-11-21T10:44:14.288+0000] {processor.py:186} INFO - Started process (PID=437) to work on /home/airflow/.local/lib/python3.12/site-packages/airflow/example_dags/example_bash_operator.py
[2024-11-21T10:44:14.290+0000] {processor.py:914} INFO - Processing file /home/airflow/.local/lib/python3.12/site-packages/airflow/example_dags/example_bash_operator.py for tasks to queue
[2024-11-21T10:44:14.295+0000] {logging_mixin.py:190} INFO - [2024-11-21T10:44:14.294+0000] {dagbag.py:588} INFO - Filling up the DagBag from /home/airflow/.local/lib/python3.12/site-packages/airflow/example_dags/example_bash_operator.py
[2024-11-21T10:44:14.327+0000] {processor.py:925} INFO - DAG(s) 'example_bash_operator' retrieved from /home/airflow/.local/lib/python3.12/site-packages/airflow/example_dags/example_bash_operator.py
[2024-11-21T10:44:14.375+0000] {logging_mixin.py:190} INFO - [2024-11-21T10:44:14.374+0000] {dag.py:3239} INFO - Sync 1 DAGs
[2024-11-21T10:44:14.414+0000] {logging_mixin.py:190} INFO - [2024-11-21T10:44:14.414+0000] {dag.py:4180} INFO - Setting next_dagrun for example_bash_operator to 2024-11-20 00:00:00+00:00, run_after=2024-11-21 00:00:00+00:00
[2024-11-21T10:44:14.443+0000] {processor.py:208} INFO - Processing /home/airflow/.local/lib/python3.12/site-packages/airflow/example_dags/example_bash_operator.py took 0.167 seconds
