[2024-11-21T10:41:46.397+0000] {processor.py:186} INFO - Started process (PID=110) to work on /home/airflow/.local/lib/python3.12/site-packages/airflow/example_dags/example_skip_dag.py
[2024-11-21T10:41:46.401+0000] {processor.py:914} INFO - Processing file /home/airflow/.local/lib/python3.12/site-packages/airflow/example_dags/example_skip_dag.py for tasks to queue
[2024-11-21T10:41:46.426+0000] {logging_mixin.py:190} INFO - [2024-11-21T10:41:46.425+0000] {dagbag.py:588} INFO - Filling up the DagBag from /home/airflow/.local/lib/python3.12/site-packages/airflow/example_dags/example_skip_dag.py
[2024-11-21T10:41:46.531+0000] {processor.py:925} INFO - DAG(s) 'example_skip_dag' retrieved from /home/airflow/.local/lib/python3.12/site-packages/airflow/example_dags/example_skip_dag.py
[2024-11-21T10:41:46.621+0000] {logging_mixin.py:190} INFO - [2024-11-21T10:41:46.621+0000] {dag.py:3239} INFO - Sync 1 DAGs
[2024-11-21T10:41:46.689+0000] {logging_mixin.py:190} INFO - [2024-11-21T10:41:46.688+0000] {dag.py:4180} INFO - Setting next_dagrun for example_skip_dag to 2024-11-20 00:00:00+00:00, run_after=2024-11-21 00:00:00+00:00
[2024-11-21T10:41:46.730+0000] {processor.py:208} INFO - Processing /home/airflow/.local/lib/python3.12/site-packages/airflow/example_dags/example_skip_dag.py took 0.363 seconds
[2024-11-21T10:42:17.223+0000] {processor.py:186} INFO - Started process (PID=195) to work on /home/airflow/.local/lib/python3.12/site-packages/airflow/example_dags/example_skip_dag.py
[2024-11-21T10:42:17.224+0000] {processor.py:914} INFO - Processing file /home/airflow/.local/lib/python3.12/site-packages/airflow/example_dags/example_skip_dag.py for tasks to queue
[2024-11-21T10:42:17.228+0000] {logging_mixin.py:190} INFO - [2024-11-21T10:42:17.228+0000] {dagbag.py:588} INFO - Filling up the DagBag from /home/airflow/.local/lib/python3.12/site-packages/airflow/example_dags/example_skip_dag.py
[2024-11-21T10:42:17.243+0000] {processor.py:925} INFO - DAG(s) 'example_skip_dag' retrieved from /home/airflow/.local/lib/python3.12/site-packages/airflow/example_dags/example_skip_dag.py
[2024-11-21T10:42:17.279+0000] {logging_mixin.py:190} INFO - [2024-11-21T10:42:17.278+0000] {dag.py:3239} INFO - Sync 1 DAGs
[2024-11-21T10:42:17.319+0000] {logging_mixin.py:190} INFO - [2024-11-21T10:42:17.318+0000] {dag.py:4180} INFO - Setting next_dagrun for example_skip_dag to 2024-11-20 00:00:00+00:00, run_after=2024-11-21 00:00:00+00:00
[2024-11-21T10:42:17.350+0000] {processor.py:208} INFO - Processing /home/airflow/.local/lib/python3.12/site-packages/airflow/example_dags/example_skip_dag.py took 0.138 seconds
[2024-11-21T10:42:48.259+0000] {processor.py:186} INFO - Started process (PID=259) to work on /home/airflow/.local/lib/python3.12/site-packages/airflow/example_dags/example_skip_dag.py
[2024-11-21T10:42:48.262+0000] {processor.py:914} INFO - Processing file /home/airflow/.local/lib/python3.12/site-packages/airflow/example_dags/example_skip_dag.py for tasks to queue
[2024-11-21T10:42:48.267+0000] {logging_mixin.py:190} INFO - [2024-11-21T10:42:48.266+0000] {dagbag.py:588} INFO - Filling up the DagBag from /home/airflow/.local/lib/python3.12/site-packages/airflow/example_dags/example_skip_dag.py
[2024-11-21T10:42:48.287+0000] {processor.py:925} INFO - DAG(s) 'example_skip_dag' retrieved from /home/airflow/.local/lib/python3.12/site-packages/airflow/example_dags/example_skip_dag.py
[2024-11-21T10:42:48.333+0000] {logging_mixin.py:190} INFO - [2024-11-21T10:42:48.333+0000] {dag.py:3239} INFO - Sync 1 DAGs
[2024-11-21T10:42:48.385+0000] {logging_mixin.py:190} INFO - [2024-11-21T10:42:48.384+0000] {dag.py:4180} INFO - Setting next_dagrun for example_skip_dag to 2024-11-20 00:00:00+00:00, run_after=2024-11-21 00:00:00+00:00
[2024-11-21T10:42:48.422+0000] {processor.py:208} INFO - Processing /home/airflow/.local/lib/python3.12/site-packages/airflow/example_dags/example_skip_dag.py took 0.175 seconds
[2024-11-21T10:43:19.023+0000] {processor.py:186} INFO - Started process (PID=323) to work on /home/airflow/.local/lib/python3.12/site-packages/airflow/example_dags/example_skip_dag.py
[2024-11-21T10:43:19.026+0000] {processor.py:914} INFO - Processing file /home/airflow/.local/lib/python3.12/site-packages/airflow/example_dags/example_skip_dag.py for tasks to queue
[2024-11-21T10:43:19.032+0000] {logging_mixin.py:190} INFO - [2024-11-21T10:43:19.032+0000] {dagbag.py:588} INFO - Filling up the DagBag from /home/airflow/.local/lib/python3.12/site-packages/airflow/example_dags/example_skip_dag.py
[2024-11-21T10:43:19.048+0000] {processor.py:925} INFO - DAG(s) 'example_skip_dag' retrieved from /home/airflow/.local/lib/python3.12/site-packages/airflow/example_dags/example_skip_dag.py
[2024-11-21T10:43:19.086+0000] {logging_mixin.py:190} INFO - [2024-11-21T10:43:19.086+0000] {dag.py:3239} INFO - Sync 1 DAGs
[2024-11-21T10:43:19.125+0000] {logging_mixin.py:190} INFO - [2024-11-21T10:43:19.125+0000] {dag.py:4180} INFO - Setting next_dagrun for example_skip_dag to 2024-11-20 00:00:00+00:00, run_after=2024-11-21 00:00:00+00:00
[2024-11-21T10:43:19.156+0000] {processor.py:208} INFO - Processing /home/airflow/.local/lib/python3.12/site-packages/airflow/example_dags/example_skip_dag.py took 0.146 seconds
[2024-11-21T10:43:49.259+0000] {processor.py:186} INFO - Started process (PID=387) to work on /home/airflow/.local/lib/python3.12/site-packages/airflow/example_dags/example_skip_dag.py
[2024-11-21T10:43:49.261+0000] {processor.py:914} INFO - Processing file /home/airflow/.local/lib/python3.12/site-packages/airflow/example_dags/example_skip_dag.py for tasks to queue
[2024-11-21T10:43:49.265+0000] {logging_mixin.py:190} INFO - [2024-11-21T10:43:49.264+0000] {dagbag.py:588} INFO - Filling up the DagBag from /home/airflow/.local/lib/python3.12/site-packages/airflow/example_dags/example_skip_dag.py
[2024-11-21T10:43:49.279+0000] {processor.py:925} INFO - DAG(s) 'example_skip_dag' retrieved from /home/airflow/.local/lib/python3.12/site-packages/airflow/example_dags/example_skip_dag.py
[2024-11-21T10:43:49.314+0000] {logging_mixin.py:190} INFO - [2024-11-21T10:43:49.313+0000] {dag.py:3239} INFO - Sync 1 DAGs
[2024-11-21T10:43:49.349+0000] {logging_mixin.py:190} INFO - [2024-11-21T10:43:49.349+0000] {dag.py:4180} INFO - Setting next_dagrun for example_skip_dag to 2024-11-20 00:00:00+00:00, run_after=2024-11-21 00:00:00+00:00
[2024-11-21T10:43:49.376+0000] {processor.py:208} INFO - Processing /home/airflow/.local/lib/python3.12/site-packages/airflow/example_dags/example_skip_dag.py took 0.127 seconds
[2024-11-21T10:44:19.716+0000] {processor.py:186} INFO - Started process (PID=451) to work on /home/airflow/.local/lib/python3.12/site-packages/airflow/example_dags/example_skip_dag.py
[2024-11-21T10:44:19.717+0000] {processor.py:914} INFO - Processing file /home/airflow/.local/lib/python3.12/site-packages/airflow/example_dags/example_skip_dag.py for tasks to queue
[2024-11-21T10:44:19.721+0000] {logging_mixin.py:190} INFO - [2024-11-21T10:44:19.720+0000] {dagbag.py:588} INFO - Filling up the DagBag from /home/airflow/.local/lib/python3.12/site-packages/airflow/example_dags/example_skip_dag.py
[2024-11-21T10:44:19.735+0000] {processor.py:925} INFO - DAG(s) 'example_skip_dag' retrieved from /home/airflow/.local/lib/python3.12/site-packages/airflow/example_dags/example_skip_dag.py
[2024-11-21T10:44:19.769+0000] {logging_mixin.py:190} INFO - [2024-11-21T10:44:19.768+0000] {dag.py:3239} INFO - Sync 1 DAGs
[2024-11-21T10:44:19.804+0000] {logging_mixin.py:190} INFO - [2024-11-21T10:44:19.804+0000] {dag.py:4180} INFO - Setting next_dagrun for example_skip_dag to 2024-11-20 00:00:00+00:00, run_after=2024-11-21 00:00:00+00:00
[2024-11-21T10:44:19.832+0000] {processor.py:208} INFO - Processing /home/airflow/.local/lib/python3.12/site-packages/airflow/example_dags/example_skip_dag.py took 0.126 seconds
