[2024-11-21T10:41:49.443+0000] {processor.py:186} INFO - Started process (PID=122) to work on /home/airflow/.local/lib/python3.12/site-packages/airflow/example_dags/example_xcomargs.py
[2024-11-21T10:41:49.444+0000] {processor.py:914} INFO - Processing file /home/airflow/.local/lib/python3.12/site-packages/airflow/example_dags/example_xcomargs.py for tasks to queue
[2024-11-21T10:41:49.446+0000] {logging_mixin.py:190} INFO - [2024-11-21T10:41:49.446+0000] {dagbag.py:588} INFO - Filling up the DagBag from /home/airflow/.local/lib/python3.12/site-packages/airflow/example_dags/example_xcomargs.py
[2024-11-21T10:41:49.460+0000] {processor.py:925} INFO - DAG(s) 'example_xcom_args_with_operators', 'example_xcom_args' retrieved from /home/airflow/.local/lib/python3.12/site-packages/airflow/example_dags/example_xcomargs.py
[2024-11-21T10:41:49.500+0000] {logging_mixin.py:190} INFO - [2024-11-21T10:41:49.500+0000] {dag.py:3239} INFO - Sync 2 DAGs
[2024-11-21T10:41:49.523+0000] {logging_mixin.py:190} INFO - [2024-11-21T10:41:49.522+0000] {dag.py:4180} INFO - Setting next_dagrun for example_xcom_args to None, run_after=None
[2024-11-21T10:41:49.529+0000] {logging_mixin.py:190} INFO - [2024-11-21T10:41:49.528+0000] {dag.py:4180} INFO - Setting next_dagrun for example_xcom_args_with_operators to None, run_after=None
[2024-11-21T10:41:49.552+0000] {processor.py:208} INFO - Processing /home/airflow/.local/lib/python3.12/site-packages/airflow/example_dags/example_xcomargs.py took 0.118 seconds
[2024-11-21T10:42:20.981+0000] {processor.py:186} INFO - Started process (PID=208) to work on /home/airflow/.local/lib/python3.12/site-packages/airflow/example_dags/example_xcomargs.py
[2024-11-21T10:42:20.983+0000] {processor.py:914} INFO - Processing file /home/airflow/.local/lib/python3.12/site-packages/airflow/example_dags/example_xcomargs.py for tasks to queue
[2024-11-21T10:42:20.989+0000] {logging_mixin.py:190} INFO - [2024-11-21T10:42:20.988+0000] {dagbag.py:588} INFO - Filling up the DagBag from /home/airflow/.local/lib/python3.12/site-packages/airflow/example_dags/example_xcomargs.py
[2024-11-21T10:42:21.016+0000] {processor.py:925} INFO - DAG(s) 'example_xcom_args_with_operators', 'example_xcom_args' retrieved from /home/airflow/.local/lib/python3.12/site-packages/airflow/example_dags/example_xcomargs.py
[2024-11-21T10:42:21.061+0000] {logging_mixin.py:190} INFO - [2024-11-21T10:42:21.061+0000] {dag.py:3239} INFO - Sync 2 DAGs
[2024-11-21T10:42:21.085+0000] {logging_mixin.py:190} INFO - [2024-11-21T10:42:21.085+0000] {dag.py:4180} INFO - Setting next_dagrun for example_xcom_args to None, run_after=None
[2024-11-21T10:42:21.090+0000] {logging_mixin.py:190} INFO - [2024-11-21T10:42:21.090+0000] {dag.py:4180} INFO - Setting next_dagrun for example_xcom_args_with_operators to None, run_after=None
[2024-11-21T10:42:21.117+0000] {processor.py:208} INFO - Processing /home/airflow/.local/lib/python3.12/site-packages/airflow/example_dags/example_xcomargs.py took 0.150 seconds
[2024-11-21T10:42:52.282+0000] {processor.py:186} INFO - Started process (PID=272) to work on /home/airflow/.local/lib/python3.12/site-packages/airflow/example_dags/example_xcomargs.py
[2024-11-21T10:42:52.284+0000] {processor.py:914} INFO - Processing file /home/airflow/.local/lib/python3.12/site-packages/airflow/example_dags/example_xcomargs.py for tasks to queue
[2024-11-21T10:42:52.288+0000] {logging_mixin.py:190} INFO - [2024-11-21T10:42:52.287+0000] {dagbag.py:588} INFO - Filling up the DagBag from /home/airflow/.local/lib/python3.12/site-packages/airflow/example_dags/example_xcomargs.py
[2024-11-21T10:42:52.305+0000] {processor.py:925} INFO - DAG(s) 'example_xcom_args_with_operators', 'example_xcom_args' retrieved from /home/airflow/.local/lib/python3.12/site-packages/airflow/example_dags/example_xcomargs.py
[2024-11-21T10:42:52.341+0000] {logging_mixin.py:190} INFO - [2024-11-21T10:42:52.341+0000] {dag.py:3239} INFO - Sync 2 DAGs
[2024-11-21T10:42:52.365+0000] {logging_mixin.py:190} INFO - [2024-11-21T10:42:52.365+0000] {dag.py:4180} INFO - Setting next_dagrun for example_xcom_args to None, run_after=None
[2024-11-21T10:42:52.373+0000] {logging_mixin.py:190} INFO - [2024-11-21T10:42:52.372+0000] {dag.py:4180} INFO - Setting next_dagrun for example_xcom_args_with_operators to None, run_after=None
[2024-11-21T10:42:52.409+0000] {processor.py:208} INFO - Processing /home/airflow/.local/lib/python3.12/site-packages/airflow/example_dags/example_xcomargs.py took 0.137 seconds
[2024-11-21T10:43:24.328+0000] {processor.py:186} INFO - Started process (PID=336) to work on /home/airflow/.local/lib/python3.12/site-packages/airflow/example_dags/example_xcomargs.py
[2024-11-21T10:43:24.329+0000] {processor.py:914} INFO - Processing file /home/airflow/.local/lib/python3.12/site-packages/airflow/example_dags/example_xcomargs.py for tasks to queue
[2024-11-21T10:43:24.333+0000] {logging_mixin.py:190} INFO - [2024-11-21T10:43:24.332+0000] {dagbag.py:588} INFO - Filling up the DagBag from /home/airflow/.local/lib/python3.12/site-packages/airflow/example_dags/example_xcomargs.py
[2024-11-21T10:43:24.350+0000] {processor.py:925} INFO - DAG(s) 'example_xcom_args', 'example_xcom_args_with_operators' retrieved from /home/airflow/.local/lib/python3.12/site-packages/airflow/example_dags/example_xcomargs.py
[2024-11-21T10:43:24.390+0000] {logging_mixin.py:190} INFO - [2024-11-21T10:43:24.389+0000] {dag.py:3239} INFO - Sync 2 DAGs
[2024-11-21T10:43:24.411+0000] {logging_mixin.py:190} INFO - [2024-11-21T10:43:24.411+0000] {dag.py:4180} INFO - Setting next_dagrun for example_xcom_args to None, run_after=None
[2024-11-21T10:43:24.416+0000] {logging_mixin.py:190} INFO - [2024-11-21T10:43:24.416+0000] {dag.py:4180} INFO - Setting next_dagrun for example_xcom_args_with_operators to None, run_after=None
[2024-11-21T10:43:24.440+0000] {processor.py:208} INFO - Processing /home/airflow/.local/lib/python3.12/site-packages/airflow/example_dags/example_xcomargs.py took 0.121 seconds
[2024-11-21T10:43:55.546+0000] {processor.py:186} INFO - Started process (PID=400) to work on /home/airflow/.local/lib/python3.12/site-packages/airflow/example_dags/example_xcomargs.py
[2024-11-21T10:43:55.547+0000] {processor.py:914} INFO - Processing file /home/airflow/.local/lib/python3.12/site-packages/airflow/example_dags/example_xcomargs.py for tasks to queue
[2024-11-21T10:43:55.551+0000] {logging_mixin.py:190} INFO - [2024-11-21T10:43:55.550+0000] {dagbag.py:588} INFO - Filling up the DagBag from /home/airflow/.local/lib/python3.12/site-packages/airflow/example_dags/example_xcomargs.py
[2024-11-21T10:43:55.578+0000] {processor.py:925} INFO - DAG(s) 'example_xcom_args_with_operators', 'example_xcom_args' retrieved from /home/airflow/.local/lib/python3.12/site-packages/airflow/example_dags/example_xcomargs.py
[2024-11-21T10:43:55.630+0000] {logging_mixin.py:190} INFO - [2024-11-21T10:43:55.630+0000] {dag.py:3239} INFO - Sync 2 DAGs
[2024-11-21T10:43:55.652+0000] {logging_mixin.py:190} INFO - [2024-11-21T10:43:55.652+0000] {dag.py:4180} INFO - Setting next_dagrun for example_xcom_args to None, run_after=None
[2024-11-21T10:43:55.658+0000] {logging_mixin.py:190} INFO - [2024-11-21T10:43:55.658+0000] {dag.py:4180} INFO - Setting next_dagrun for example_xcom_args_with_operators to None, run_after=None
[2024-11-21T10:43:55.682+0000] {processor.py:208} INFO - Processing /home/airflow/.local/lib/python3.12/site-packages/airflow/example_dags/example_xcomargs.py took 0.147 seconds
[2024-11-21T10:44:27.153+0000] {processor.py:186} INFO - Started process (PID=464) to work on /home/airflow/.local/lib/python3.12/site-packages/airflow/example_dags/example_xcomargs.py
[2024-11-21T10:44:27.155+0000] {processor.py:914} INFO - Processing file /home/airflow/.local/lib/python3.12/site-packages/airflow/example_dags/example_xcomargs.py for tasks to queue
[2024-11-21T10:44:27.160+0000] {logging_mixin.py:190} INFO - [2024-11-21T10:44:27.159+0000] {dagbag.py:588} INFO - Filling up the DagBag from /home/airflow/.local/lib/python3.12/site-packages/airflow/example_dags/example_xcomargs.py
[2024-11-21T10:44:27.179+0000] {processor.py:925} INFO - DAG(s) 'example_xcom_args', 'example_xcom_args_with_operators' retrieved from /home/airflow/.local/lib/python3.12/site-packages/airflow/example_dags/example_xcomargs.py
[2024-11-21T10:44:27.219+0000] {logging_mixin.py:190} INFO - [2024-11-21T10:44:27.219+0000] {dag.py:3239} INFO - Sync 2 DAGs
[2024-11-21T10:44:27.244+0000] {logging_mixin.py:190} INFO - [2024-11-21T10:44:27.244+0000] {dag.py:4180} INFO - Setting next_dagrun for example_xcom_args to None, run_after=None
[2024-11-21T10:44:27.250+0000] {logging_mixin.py:190} INFO - [2024-11-21T10:44:27.250+0000] {dag.py:4180} INFO - Setting next_dagrun for example_xcom_args_with_operators to None, run_after=None
[2024-11-21T10:44:27.278+0000] {processor.py:208} INFO - Processing /home/airflow/.local/lib/python3.12/site-packages/airflow/example_dags/example_xcomargs.py took 0.135 seconds
