[2024-11-21T10:41:45.318+0000] {processor.py:186} INFO - Started process (PID=108) to work on /home/airflow/.local/lib/python3.12/site-packages/airflow/example_dags/example_task_group.py
[2024-11-21T10:41:45.320+0000] {processor.py:914} INFO - Processing file /home/airflow/.local/lib/python3.12/site-packages/airflow/example_dags/example_task_group.py for tasks to queue
[2024-11-21T10:41:45.327+0000] {logging_mixin.py:190} INFO - [2024-11-21T10:41:45.326+0000] {dagbag.py:588} INFO - Filling up the DagBag from /home/airflow/.local/lib/python3.12/site-packages/airflow/example_dags/example_task_group.py
[2024-11-21T10:41:45.352+0000] {processor.py:925} INFO - DAG(s) 'example_task_group' retrieved from /home/airflow/.local/lib/python3.12/site-packages/airflow/example_dags/example_task_group.py
[2024-11-21T10:41:45.418+0000] {logging_mixin.py:190} INFO - [2024-11-21T10:41:45.418+0000] {dag.py:3239} INFO - Sync 1 DAGs
[2024-11-21T10:41:45.476+0000] {logging_mixin.py:190} INFO - [2024-11-21T10:41:45.476+0000] {dag.py:4180} INFO - Setting next_dagrun for example_task_group to None, run_after=None
[2024-11-21T10:41:45.540+0000] {processor.py:208} INFO - Processing /home/airflow/.local/lib/python3.12/site-packages/airflow/example_dags/example_task_group.py took 0.239 seconds
[2024-11-21T10:42:16.153+0000] {processor.py:186} INFO - Started process (PID=193) to work on /home/airflow/.local/lib/python3.12/site-packages/airflow/example_dags/example_task_group.py
[2024-11-21T10:42:16.154+0000] {processor.py:914} INFO - Processing file /home/airflow/.local/lib/python3.12/site-packages/airflow/example_dags/example_task_group.py for tasks to queue
[2024-11-21T10:42:16.158+0000] {logging_mixin.py:190} INFO - [2024-11-21T10:42:16.158+0000] {dagbag.py:588} INFO - Filling up the DagBag from /home/airflow/.local/lib/python3.12/site-packages/airflow/example_dags/example_task_group.py
[2024-11-21T10:42:16.173+0000] {processor.py:925} INFO - DAG(s) 'example_task_group' retrieved from /home/airflow/.local/lib/python3.12/site-packages/airflow/example_dags/example_task_group.py
[2024-11-21T10:42:16.205+0000] {logging_mixin.py:190} INFO - [2024-11-21T10:42:16.205+0000] {dag.py:3239} INFO - Sync 1 DAGs
[2024-11-21T10:42:16.230+0000] {logging_mixin.py:190} INFO - [2024-11-21T10:42:16.230+0000] {dag.py:4180} INFO - Setting next_dagrun for example_task_group to None, run_after=None
[2024-11-21T10:42:16.263+0000] {processor.py:208} INFO - Processing /home/airflow/.local/lib/python3.12/site-packages/airflow/example_dags/example_task_group.py took 0.120 seconds
[2024-11-21T10:42:47.198+0000] {processor.py:186} INFO - Started process (PID=257) to work on /home/airflow/.local/lib/python3.12/site-packages/airflow/example_dags/example_task_group.py
[2024-11-21T10:42:47.199+0000] {processor.py:914} INFO - Processing file /home/airflow/.local/lib/python3.12/site-packages/airflow/example_dags/example_task_group.py for tasks to queue
[2024-11-21T10:42:47.203+0000] {logging_mixin.py:190} INFO - [2024-11-21T10:42:47.202+0000] {dagbag.py:588} INFO - Filling up the DagBag from /home/airflow/.local/lib/python3.12/site-packages/airflow/example_dags/example_task_group.py
[2024-11-21T10:42:47.218+0000] {processor.py:925} INFO - DAG(s) 'example_task_group' retrieved from /home/airflow/.local/lib/python3.12/site-packages/airflow/example_dags/example_task_group.py
[2024-11-21T10:42:47.250+0000] {logging_mixin.py:190} INFO - [2024-11-21T10:42:47.250+0000] {dag.py:3239} INFO - Sync 1 DAGs
[2024-11-21T10:42:47.272+0000] {logging_mixin.py:190} INFO - [2024-11-21T10:42:47.272+0000] {dag.py:4180} INFO - Setting next_dagrun for example_task_group to None, run_after=None
[2024-11-21T10:42:47.301+0000] {processor.py:208} INFO - Processing /home/airflow/.local/lib/python3.12/site-packages/airflow/example_dags/example_task_group.py took 0.113 seconds
[2024-11-21T10:43:17.958+0000] {processor.py:186} INFO - Started process (PID=321) to work on /home/airflow/.local/lib/python3.12/site-packages/airflow/example_dags/example_task_group.py
[2024-11-21T10:43:17.959+0000] {processor.py:914} INFO - Processing file /home/airflow/.local/lib/python3.12/site-packages/airflow/example_dags/example_task_group.py for tasks to queue
[2024-11-21T10:43:17.963+0000] {logging_mixin.py:190} INFO - [2024-11-21T10:43:17.962+0000] {dagbag.py:588} INFO - Filling up the DagBag from /home/airflow/.local/lib/python3.12/site-packages/airflow/example_dags/example_task_group.py
[2024-11-21T10:43:17.978+0000] {processor.py:925} INFO - DAG(s) 'example_task_group' retrieved from /home/airflow/.local/lib/python3.12/site-packages/airflow/example_dags/example_task_group.py
[2024-11-21T10:43:18.009+0000] {logging_mixin.py:190} INFO - [2024-11-21T10:43:18.008+0000] {dag.py:3239} INFO - Sync 1 DAGs
[2024-11-21T10:43:18.029+0000] {logging_mixin.py:190} INFO - [2024-11-21T10:43:18.029+0000] {dag.py:4180} INFO - Setting next_dagrun for example_task_group to None, run_after=None
[2024-11-21T10:43:18.057+0000] {processor.py:208} INFO - Processing /home/airflow/.local/lib/python3.12/site-packages/airflow/example_dags/example_task_group.py took 0.109 seconds
[2024-11-21T10:43:48.529+0000] {processor.py:186} INFO - Started process (PID=385) to work on /home/airflow/.local/lib/python3.12/site-packages/airflow/example_dags/example_task_group.py
[2024-11-21T10:43:48.530+0000] {processor.py:914} INFO - Processing file /home/airflow/.local/lib/python3.12/site-packages/airflow/example_dags/example_task_group.py for tasks to queue
[2024-11-21T10:43:48.534+0000] {logging_mixin.py:190} INFO - [2024-11-21T10:43:48.534+0000] {dagbag.py:588} INFO - Filling up the DagBag from /home/airflow/.local/lib/python3.12/site-packages/airflow/example_dags/example_task_group.py
[2024-11-21T10:43:48.548+0000] {processor.py:925} INFO - DAG(s) 'example_task_group' retrieved from /home/airflow/.local/lib/python3.12/site-packages/airflow/example_dags/example_task_group.py
[2024-11-21T10:43:48.582+0000] {logging_mixin.py:190} INFO - [2024-11-21T10:43:48.582+0000] {dag.py:3239} INFO - Sync 1 DAGs
[2024-11-21T10:43:48.604+0000] {logging_mixin.py:190} INFO - [2024-11-21T10:43:48.604+0000] {dag.py:4180} INFO - Setting next_dagrun for example_task_group to None, run_after=None
[2024-11-21T10:43:48.630+0000] {processor.py:208} INFO - Processing /home/airflow/.local/lib/python3.12/site-packages/airflow/example_dags/example_task_group.py took 0.110 seconds
[2024-11-21T10:44:19.322+0000] {processor.py:186} INFO - Started process (PID=448) to work on /home/airflow/.local/lib/python3.12/site-packages/airflow/example_dags/example_task_group.py
[2024-11-21T10:44:19.323+0000] {processor.py:914} INFO - Processing file /home/airflow/.local/lib/python3.12/site-packages/airflow/example_dags/example_task_group.py for tasks to queue
[2024-11-21T10:44:19.327+0000] {logging_mixin.py:190} INFO - [2024-11-21T10:44:19.327+0000] {dagbag.py:588} INFO - Filling up the DagBag from /home/airflow/.local/lib/python3.12/site-packages/airflow/example_dags/example_task_group.py
[2024-11-21T10:44:19.342+0000] {processor.py:925} INFO - DAG(s) 'example_task_group' retrieved from /home/airflow/.local/lib/python3.12/site-packages/airflow/example_dags/example_task_group.py
[2024-11-21T10:44:19.376+0000] {logging_mixin.py:190} INFO - [2024-11-21T10:44:19.376+0000] {dag.py:3239} INFO - Sync 1 DAGs
[2024-11-21T10:44:19.397+0000] {logging_mixin.py:190} INFO - [2024-11-21T10:44:19.397+0000] {dag.py:4180} INFO - Setting next_dagrun for example_task_group to None, run_after=None
[2024-11-21T10:44:19.426+0000] {processor.py:208} INFO - Processing /home/airflow/.local/lib/python3.12/site-packages/airflow/example_dags/example_task_group.py took 0.114 seconds
