[2024-11-21T10:41:47.642+0000] {processor.py:186} INFO - Started process (PID=116) to work on /home/airflow/.local/lib/python3.12/site-packages/airflow/example_dags/example_nested_branch_dag.py
[2024-11-21T10:41:47.643+0000] {processor.py:914} INFO - Processing file /home/airflow/.local/lib/python3.12/site-packages/airflow/example_dags/example_nested_branch_dag.py for tasks to queue
[2024-11-21T10:41:47.647+0000] {logging_mixin.py:190} INFO - [2024-11-21T10:41:47.647+0000] {dagbag.py:588} INFO - Filling up the DagBag from /home/airflow/.local/lib/python3.12/site-packages/airflow/example_dags/example_nested_branch_dag.py
[2024-11-21T10:41:47.664+0000] {processor.py:925} INFO - DAG(s) 'example_nested_branch_dag' retrieved from /home/airflow/.local/lib/python3.12/site-packages/airflow/example_dags/example_nested_branch_dag.py
[2024-11-21T10:41:47.689+0000] {logging_mixin.py:190} INFO - [2024-11-21T10:41:47.689+0000] {dag.py:3239} INFO - Sync 1 DAGs
[2024-11-21T10:41:47.723+0000] {logging_mixin.py:190} INFO - [2024-11-21T10:41:47.722+0000] {dag.py:4180} INFO - Setting next_dagrun for example_nested_branch_dag to 2024-11-20 00:00:00+00:00, run_after=2024-11-21 00:00:00+00:00
[2024-11-21T10:41:47.750+0000] {processor.py:208} INFO - Processing /home/airflow/.local/lib/python3.12/site-packages/airflow/example_dags/example_nested_branch_dag.py took 0.118 seconds
[2024-11-21T10:42:18.266+0000] {processor.py:186} INFO - Started process (PID=202) to work on /home/airflow/.local/lib/python3.12/site-packages/airflow/example_dags/example_nested_branch_dag.py
[2024-11-21T10:42:18.267+0000] {processor.py:914} INFO - Processing file /home/airflow/.local/lib/python3.12/site-packages/airflow/example_dags/example_nested_branch_dag.py for tasks to queue
[2024-11-21T10:42:18.271+0000] {logging_mixin.py:190} INFO - [2024-11-21T10:42:18.271+0000] {dagbag.py:588} INFO - Filling up the DagBag from /home/airflow/.local/lib/python3.12/site-packages/airflow/example_dags/example_nested_branch_dag.py
[2024-11-21T10:42:18.291+0000] {processor.py:925} INFO - DAG(s) 'example_nested_branch_dag' retrieved from /home/airflow/.local/lib/python3.12/site-packages/airflow/example_dags/example_nested_branch_dag.py
[2024-11-21T10:42:18.326+0000] {logging_mixin.py:190} INFO - [2024-11-21T10:42:18.326+0000] {dag.py:3239} INFO - Sync 1 DAGs
[2024-11-21T10:42:18.361+0000] {logging_mixin.py:190} INFO - [2024-11-21T10:42:18.361+0000] {dag.py:4180} INFO - Setting next_dagrun for example_nested_branch_dag to 2024-11-20 00:00:00+00:00, run_after=2024-11-21 00:00:00+00:00
[2024-11-21T10:42:18.391+0000] {processor.py:208} INFO - Processing /home/airflow/.local/lib/python3.12/site-packages/airflow/example_dags/example_nested_branch_dag.py took 0.134 seconds
[2024-11-21T10:42:49.114+0000] {processor.py:186} INFO - Started process (PID=266) to work on /home/airflow/.local/lib/python3.12/site-packages/airflow/example_dags/example_nested_branch_dag.py
[2024-11-21T10:42:49.116+0000] {processor.py:914} INFO - Processing file /home/airflow/.local/lib/python3.12/site-packages/airflow/example_dags/example_nested_branch_dag.py for tasks to queue
[2024-11-21T10:42:49.121+0000] {logging_mixin.py:190} INFO - [2024-11-21T10:42:49.120+0000] {dagbag.py:588} INFO - Filling up the DagBag from /home/airflow/.local/lib/python3.12/site-packages/airflow/example_dags/example_nested_branch_dag.py
[2024-11-21T10:42:49.143+0000] {processor.py:925} INFO - DAG(s) 'example_nested_branch_dag' retrieved from /home/airflow/.local/lib/python3.12/site-packages/airflow/example_dags/example_nested_branch_dag.py
[2024-11-21T10:42:49.177+0000] {logging_mixin.py:190} INFO - [2024-11-21T10:42:49.177+0000] {dag.py:3239} INFO - Sync 1 DAGs
[2024-11-21T10:42:49.216+0000] {logging_mixin.py:190} INFO - [2024-11-21T10:42:49.215+0000] {dag.py:4180} INFO - Setting next_dagrun for example_nested_branch_dag to 2024-11-20 00:00:00+00:00, run_after=2024-11-21 00:00:00+00:00
[2024-11-21T10:42:49.246+0000] {processor.py:208} INFO - Processing /home/airflow/.local/lib/python3.12/site-packages/airflow/example_dags/example_nested_branch_dag.py took 0.142 seconds
[2024-11-21T10:43:19.645+0000] {processor.py:186} INFO - Started process (PID=329) to work on /home/airflow/.local/lib/python3.12/site-packages/airflow/example_dags/example_nested_branch_dag.py
[2024-11-21T10:43:19.646+0000] {processor.py:914} INFO - Processing file /home/airflow/.local/lib/python3.12/site-packages/airflow/example_dags/example_nested_branch_dag.py for tasks to queue
[2024-11-21T10:43:19.650+0000] {logging_mixin.py:190} INFO - [2024-11-21T10:43:19.649+0000] {dagbag.py:588} INFO - Filling up the DagBag from /home/airflow/.local/lib/python3.12/site-packages/airflow/example_dags/example_nested_branch_dag.py
[2024-11-21T10:43:19.669+0000] {processor.py:925} INFO - DAG(s) 'example_nested_branch_dag' retrieved from /home/airflow/.local/lib/python3.12/site-packages/airflow/example_dags/example_nested_branch_dag.py
[2024-11-21T10:43:19.703+0000] {logging_mixin.py:190} INFO - [2024-11-21T10:43:19.703+0000] {dag.py:3239} INFO - Sync 1 DAGs
[2024-11-21T10:43:19.740+0000] {logging_mixin.py:190} INFO - [2024-11-21T10:43:19.739+0000] {dag.py:4180} INFO - Setting next_dagrun for example_nested_branch_dag to 2024-11-20 00:00:00+00:00, run_after=2024-11-21 00:00:00+00:00
[2024-11-21T10:43:19.771+0000] {processor.py:208} INFO - Processing /home/airflow/.local/lib/python3.12/site-packages/airflow/example_dags/example_nested_branch_dag.py took 0.136 seconds
[2024-11-21T10:43:49.869+0000] {processor.py:186} INFO - Started process (PID=393) to work on /home/airflow/.local/lib/python3.12/site-packages/airflow/example_dags/example_nested_branch_dag.py
[2024-11-21T10:43:49.870+0000] {processor.py:914} INFO - Processing file /home/airflow/.local/lib/python3.12/site-packages/airflow/example_dags/example_nested_branch_dag.py for tasks to queue
[2024-11-21T10:43:49.874+0000] {logging_mixin.py:190} INFO - [2024-11-21T10:43:49.873+0000] {dagbag.py:588} INFO - Filling up the DagBag from /home/airflow/.local/lib/python3.12/site-packages/airflow/example_dags/example_nested_branch_dag.py
[2024-11-21T10:43:49.893+0000] {processor.py:925} INFO - DAG(s) 'example_nested_branch_dag' retrieved from /home/airflow/.local/lib/python3.12/site-packages/airflow/example_dags/example_nested_branch_dag.py
[2024-11-21T10:43:49.928+0000] {logging_mixin.py:190} INFO - [2024-11-21T10:43:49.928+0000] {dag.py:3239} INFO - Sync 1 DAGs
[2024-11-21T10:43:49.965+0000] {logging_mixin.py:190} INFO - [2024-11-21T10:43:49.965+0000] {dag.py:4180} INFO - Setting next_dagrun for example_nested_branch_dag to 2024-11-20 00:00:00+00:00, run_after=2024-11-21 00:00:00+00:00
[2024-11-21T10:43:49.994+0000] {processor.py:208} INFO - Processing /home/airflow/.local/lib/python3.12/site-packages/airflow/example_dags/example_nested_branch_dag.py took 0.135 seconds
[2024-11-21T10:44:20.590+0000] {processor.py:186} INFO - Started process (PID=457) to work on /home/airflow/.local/lib/python3.12/site-packages/airflow/example_dags/example_nested_branch_dag.py
[2024-11-21T10:44:20.591+0000] {processor.py:914} INFO - Processing file /home/airflow/.local/lib/python3.12/site-packages/airflow/example_dags/example_nested_branch_dag.py for tasks to queue
[2024-11-21T10:44:20.595+0000] {logging_mixin.py:190} INFO - [2024-11-21T10:44:20.594+0000] {dagbag.py:588} INFO - Filling up the DagBag from /home/airflow/.local/lib/python3.12/site-packages/airflow/example_dags/example_nested_branch_dag.py
[2024-11-21T10:44:20.613+0000] {processor.py:925} INFO - DAG(s) 'example_nested_branch_dag' retrieved from /home/airflow/.local/lib/python3.12/site-packages/airflow/example_dags/example_nested_branch_dag.py
[2024-11-21T10:44:20.646+0000] {logging_mixin.py:190} INFO - [2024-11-21T10:44:20.646+0000] {dag.py:3239} INFO - Sync 1 DAGs
[2024-11-21T10:44:20.684+0000] {logging_mixin.py:190} INFO - [2024-11-21T10:44:20.683+0000] {dag.py:4180} INFO - Setting next_dagrun for example_nested_branch_dag to 2024-11-20 00:00:00+00:00, run_after=2024-11-21 00:00:00+00:00
[2024-11-21T10:44:20.712+0000] {processor.py:208} INFO - Processing /home/airflow/.local/lib/python3.12/site-packages/airflow/example_dags/example_nested_branch_dag.py took 0.132 seconds
