[2024-11-21T10:41:40.581+0000] {processor.py:186} INFO - Started process (PID=96) to work on /home/airflow/.local/lib/python3.12/site-packages/airflow/example_dags/example_display_name.py
[2024-11-21T10:41:40.593+0000] {processor.py:914} INFO - Processing file /home/airflow/.local/lib/python3.12/site-packages/airflow/example_dags/example_display_name.py for tasks to queue
[2024-11-21T10:41:40.627+0000] {logging_mixin.py:190} INFO - [2024-11-21T10:41:40.624+0000] {dagbag.py:588} INFO - Filling up the DagBag from /home/airflow/.local/lib/python3.12/site-packages/airflow/example_dags/example_display_name.py
[2024-11-21T10:41:40.699+0000] {processor.py:925} INFO - DAG(s) 'example_display_name' retrieved from /home/airflow/.local/lib/python3.12/site-packages/airflow/example_dags/example_display_name.py
[2024-11-21T10:41:40.835+0000] {logging_mixin.py:190} INFO - [2024-11-21T10:41:40.834+0000] {dag.py:3239} INFO - Sync 1 DAGs
[2024-11-21T10:41:40.917+0000] {logging_mixin.py:190} INFO - [2024-11-21T10:41:40.916+0000] {dag.py:4180} INFO - Setting next_dagrun for example_display_name to None, run_after=None
[2024-11-21T10:41:40.999+0000] {processor.py:208} INFO - Processing /home/airflow/.local/lib/python3.12/site-packages/airflow/example_dags/example_display_name.py took 0.451 seconds
[2024-11-21T10:42:11.452+0000] {processor.py:186} INFO - Started process (PID=181) to work on /home/airflow/.local/lib/python3.12/site-packages/airflow/example_dags/example_display_name.py
[2024-11-21T10:42:11.453+0000] {processor.py:914} INFO - Processing file /home/airflow/.local/lib/python3.12/site-packages/airflow/example_dags/example_display_name.py for tasks to queue
[2024-11-21T10:42:11.455+0000] {logging_mixin.py:190} INFO - [2024-11-21T10:42:11.455+0000] {dagbag.py:588} INFO - Filling up the DagBag from /home/airflow/.local/lib/python3.12/site-packages/airflow/example_dags/example_display_name.py
[2024-11-21T10:42:11.464+0000] {processor.py:925} INFO - DAG(s) 'example_display_name' retrieved from /home/airflow/.local/lib/python3.12/site-packages/airflow/example_dags/example_display_name.py
[2024-11-21T10:42:11.487+0000] {logging_mixin.py:190} INFO - [2024-11-21T10:42:11.487+0000] {dag.py:3239} INFO - Sync 1 DAGs
[2024-11-21T10:42:11.505+0000] {logging_mixin.py:190} INFO - [2024-11-21T10:42:11.505+0000] {dag.py:4180} INFO - Setting next_dagrun for example_display_name to None, run_after=None
[2024-11-21T10:42:11.528+0000] {processor.py:208} INFO - Processing /home/airflow/.local/lib/python3.12/site-packages/airflow/example_dags/example_display_name.py took 0.082 seconds
[2024-11-21T10:42:42.154+0000] {processor.py:186} INFO - Started process (PID=245) to work on /home/airflow/.local/lib/python3.12/site-packages/airflow/example_dags/example_display_name.py
[2024-11-21T10:42:42.155+0000] {processor.py:914} INFO - Processing file /home/airflow/.local/lib/python3.12/site-packages/airflow/example_dags/example_display_name.py for tasks to queue
[2024-11-21T10:42:42.161+0000] {logging_mixin.py:190} INFO - [2024-11-21T10:42:42.161+0000] {dagbag.py:588} INFO - Filling up the DagBag from /home/airflow/.local/lib/python3.12/site-packages/airflow/example_dags/example_display_name.py
[2024-11-21T10:42:42.179+0000] {processor.py:925} INFO - DAG(s) 'example_display_name' retrieved from /home/airflow/.local/lib/python3.12/site-packages/airflow/example_dags/example_display_name.py
[2024-11-21T10:42:42.217+0000] {logging_mixin.py:190} INFO - [2024-11-21T10:42:42.216+0000] {dag.py:3239} INFO - Sync 1 DAGs
[2024-11-21T10:42:42.242+0000] {logging_mixin.py:190} INFO - [2024-11-21T10:42:42.241+0000] {dag.py:4180} INFO - Setting next_dagrun for example_display_name to None, run_after=None
[2024-11-21T10:42:42.280+0000] {processor.py:208} INFO - Processing /home/airflow/.local/lib/python3.12/site-packages/airflow/example_dags/example_display_name.py took 0.138 seconds
[2024-11-21T10:43:13.038+0000] {processor.py:186} INFO - Started process (PID=308) to work on /home/airflow/.local/lib/python3.12/site-packages/airflow/example_dags/example_display_name.py
[2024-11-21T10:43:13.041+0000] {processor.py:914} INFO - Processing file /home/airflow/.local/lib/python3.12/site-packages/airflow/example_dags/example_display_name.py for tasks to queue
[2024-11-21T10:43:13.045+0000] {logging_mixin.py:190} INFO - [2024-11-21T10:43:13.045+0000] {dagbag.py:588} INFO - Filling up the DagBag from /home/airflow/.local/lib/python3.12/site-packages/airflow/example_dags/example_display_name.py
[2024-11-21T10:43:13.062+0000] {processor.py:925} INFO - DAG(s) 'example_display_name' retrieved from /home/airflow/.local/lib/python3.12/site-packages/airflow/example_dags/example_display_name.py
[2024-11-21T10:43:13.101+0000] {logging_mixin.py:190} INFO - [2024-11-21T10:43:13.100+0000] {dag.py:3239} INFO - Sync 1 DAGs
[2024-11-21T10:43:13.126+0000] {logging_mixin.py:190} INFO - [2024-11-21T10:43:13.126+0000] {dag.py:4180} INFO - Setting next_dagrun for example_display_name to None, run_after=None
[2024-11-21T10:43:13.160+0000] {processor.py:208} INFO - Processing /home/airflow/.local/lib/python3.12/site-packages/airflow/example_dags/example_display_name.py took 0.132 seconds
[2024-11-21T10:43:43.500+0000] {processor.py:186} INFO - Started process (PID=372) to work on /home/airflow/.local/lib/python3.12/site-packages/airflow/example_dags/example_display_name.py
[2024-11-21T10:43:43.502+0000] {processor.py:914} INFO - Processing file /home/airflow/.local/lib/python3.12/site-packages/airflow/example_dags/example_display_name.py for tasks to queue
[2024-11-21T10:43:43.507+0000] {logging_mixin.py:190} INFO - [2024-11-21T10:43:43.506+0000] {dagbag.py:588} INFO - Filling up the DagBag from /home/airflow/.local/lib/python3.12/site-packages/airflow/example_dags/example_display_name.py
[2024-11-21T10:43:43.523+0000] {processor.py:925} INFO - DAG(s) 'example_display_name' retrieved from /home/airflow/.local/lib/python3.12/site-packages/airflow/example_dags/example_display_name.py
[2024-11-21T10:43:43.566+0000] {logging_mixin.py:190} INFO - [2024-11-21T10:43:43.565+0000] {dag.py:3239} INFO - Sync 1 DAGs
[2024-11-21T10:43:43.594+0000] {logging_mixin.py:190} INFO - [2024-11-21T10:43:43.594+0000] {dag.py:4180} INFO - Setting next_dagrun for example_display_name to None, run_after=None
[2024-11-21T10:43:43.629+0000] {processor.py:208} INFO - Processing /home/airflow/.local/lib/python3.12/site-packages/airflow/example_dags/example_display_name.py took 0.141 seconds
[2024-11-21T10:44:14.273+0000] {processor.py:186} INFO - Started process (PID=436) to work on /home/airflow/.local/lib/python3.12/site-packages/airflow/example_dags/example_display_name.py
[2024-11-21T10:44:14.274+0000] {processor.py:914} INFO - Processing file /home/airflow/.local/lib/python3.12/site-packages/airflow/example_dags/example_display_name.py for tasks to queue
[2024-11-21T10:44:14.280+0000] {logging_mixin.py:190} INFO - [2024-11-21T10:44:14.280+0000] {dagbag.py:588} INFO - Filling up the DagBag from /home/airflow/.local/lib/python3.12/site-packages/airflow/example_dags/example_display_name.py
[2024-11-21T10:44:14.299+0000] {processor.py:925} INFO - DAG(s) 'example_display_name' retrieved from /home/airflow/.local/lib/python3.12/site-packages/airflow/example_dags/example_display_name.py
[2024-11-21T10:44:14.338+0000] {logging_mixin.py:190} INFO - [2024-11-21T10:44:14.338+0000] {dag.py:3239} INFO - Sync 1 DAGs
[2024-11-21T10:44:14.363+0000] {logging_mixin.py:190} INFO - [2024-11-21T10:44:14.363+0000] {dag.py:4180} INFO - Setting next_dagrun for example_display_name to None, run_after=None
[2024-11-21T10:44:14.397+0000] {processor.py:208} INFO - Processing /home/airflow/.local/lib/python3.12/site-packages/airflow/example_dags/example_display_name.py took 0.138 seconds
