[2024-11-21T10:41:46.807+0000] {processor.py:186} INFO - Started process (PID=111) to work on /home/airflow/.local/lib/python3.12/site-packages/airflow/example_dags/example_sensors.py
[2024-11-21T10:41:46.808+0000] {processor.py:914} INFO - Processing file /home/airflow/.local/lib/python3.12/site-packages/airflow/example_dags/example_sensors.py for tasks to queue
[2024-11-21T10:41:46.813+0000] {logging_mixin.py:190} INFO - [2024-11-21T10:41:46.812+0000] {dagbag.py:588} INFO - Filling up the DagBag from /home/airflow/.local/lib/python3.12/site-packages/airflow/example_dags/example_sensors.py
[2024-11-21T10:41:46.835+0000] {processor.py:925} INFO - DAG(s) 'example_sensors' retrieved from /home/airflow/.local/lib/python3.12/site-packages/airflow/example_dags/example_sensors.py
[2024-11-21T10:41:46.873+0000] {logging_mixin.py:190} INFO - [2024-11-21T10:41:46.873+0000] {dag.py:3239} INFO - Sync 1 DAGs
[2024-11-21T10:41:46.889+0000] {logging_mixin.py:190} INFO - [2024-11-21T10:41:46.888+0000] {dag.py:4180} INFO - Setting next_dagrun for example_sensors to None, run_after=None
[2024-11-21T10:41:46.912+0000] {processor.py:208} INFO - Processing /home/airflow/.local/lib/python3.12/site-packages/airflow/example_dags/example_sensors.py took 0.123 seconds
[2024-11-21T10:42:17.403+0000] {processor.py:186} INFO - Started process (PID=196) to work on /home/airflow/.local/lib/python3.12/site-packages/airflow/example_dags/example_sensors.py
[2024-11-21T10:42:17.404+0000] {processor.py:914} INFO - Processing file /home/airflow/.local/lib/python3.12/site-packages/airflow/example_dags/example_sensors.py for tasks to queue
[2024-11-21T10:42:17.408+0000] {logging_mixin.py:190} INFO - [2024-11-21T10:42:17.408+0000] {dagbag.py:588} INFO - Filling up the DagBag from /home/airflow/.local/lib/python3.12/site-packages/airflow/example_dags/example_sensors.py
[2024-11-21T10:42:17.426+0000] {processor.py:925} INFO - DAG(s) 'example_sensors' retrieved from /home/airflow/.local/lib/python3.12/site-packages/airflow/example_dags/example_sensors.py
[2024-11-21T10:42:17.466+0000] {logging_mixin.py:190} INFO - [2024-11-21T10:42:17.466+0000] {dag.py:3239} INFO - Sync 1 DAGs
[2024-11-21T10:42:17.489+0000] {logging_mixin.py:190} INFO - [2024-11-21T10:42:17.489+0000] {dag.py:4180} INFO - Setting next_dagrun for example_sensors to None, run_after=None
[2024-11-21T10:42:17.517+0000] {processor.py:208} INFO - Processing /home/airflow/.local/lib/python3.12/site-packages/airflow/example_dags/example_sensors.py took 0.123 seconds
[2024-11-21T10:42:48.492+0000] {processor.py:186} INFO - Started process (PID=260) to work on /home/airflow/.local/lib/python3.12/site-packages/airflow/example_dags/example_sensors.py
[2024-11-21T10:42:48.494+0000] {processor.py:914} INFO - Processing file /home/airflow/.local/lib/python3.12/site-packages/airflow/example_dags/example_sensors.py for tasks to queue
[2024-11-21T10:42:48.499+0000] {logging_mixin.py:190} INFO - [2024-11-21T10:42:48.498+0000] {dagbag.py:588} INFO - Filling up the DagBag from /home/airflow/.local/lib/python3.12/site-packages/airflow/example_dags/example_sensors.py
[2024-11-21T10:42:48.521+0000] {processor.py:925} INFO - DAG(s) 'example_sensors' retrieved from /home/airflow/.local/lib/python3.12/site-packages/airflow/example_dags/example_sensors.py
[2024-11-21T10:42:48.569+0000] {logging_mixin.py:190} INFO - [2024-11-21T10:42:48.569+0000] {dag.py:3239} INFO - Sync 1 DAGs
[2024-11-21T10:42:48.593+0000] {logging_mixin.py:190} INFO - [2024-11-21T10:42:48.593+0000] {dag.py:4180} INFO - Setting next_dagrun for example_sensors to None, run_after=None
[2024-11-21T10:42:48.624+0000] {processor.py:208} INFO - Processing /home/airflow/.local/lib/python3.12/site-packages/airflow/example_dags/example_sensors.py took 0.145 seconds
[2024-11-21T10:43:19.215+0000] {processor.py:186} INFO - Started process (PID=324) to work on /home/airflow/.local/lib/python3.12/site-packages/airflow/example_dags/example_sensors.py
[2024-11-21T10:43:19.216+0000] {processor.py:914} INFO - Processing file /home/airflow/.local/lib/python3.12/site-packages/airflow/example_dags/example_sensors.py for tasks to queue
[2024-11-21T10:43:19.221+0000] {logging_mixin.py:190} INFO - [2024-11-21T10:43:19.221+0000] {dagbag.py:588} INFO - Filling up the DagBag from /home/airflow/.local/lib/python3.12/site-packages/airflow/example_dags/example_sensors.py
[2024-11-21T10:43:19.246+0000] {processor.py:925} INFO - DAG(s) 'example_sensors' retrieved from /home/airflow/.local/lib/python3.12/site-packages/airflow/example_dags/example_sensors.py
[2024-11-21T10:43:19.297+0000] {logging_mixin.py:190} INFO - [2024-11-21T10:43:19.297+0000] {dag.py:3239} INFO - Sync 1 DAGs
[2024-11-21T10:43:19.317+0000] {logging_mixin.py:190} INFO - [2024-11-21T10:43:19.317+0000] {dag.py:4180} INFO - Setting next_dagrun for example_sensors to None, run_after=None
[2024-11-21T10:43:19.345+0000] {processor.py:208} INFO - Processing /home/airflow/.local/lib/python3.12/site-packages/airflow/example_dags/example_sensors.py took 0.142 seconds
[2024-11-21T10:43:49.431+0000] {processor.py:186} INFO - Started process (PID=388) to work on /home/airflow/.local/lib/python3.12/site-packages/airflow/example_dags/example_sensors.py
[2024-11-21T10:43:49.432+0000] {processor.py:914} INFO - Processing file /home/airflow/.local/lib/python3.12/site-packages/airflow/example_dags/example_sensors.py for tasks to queue
[2024-11-21T10:43:49.436+0000] {logging_mixin.py:190} INFO - [2024-11-21T10:43:49.435+0000] {dagbag.py:588} INFO - Filling up the DagBag from /home/airflow/.local/lib/python3.12/site-packages/airflow/example_dags/example_sensors.py
[2024-11-21T10:43:49.453+0000] {processor.py:925} INFO - DAG(s) 'example_sensors' retrieved from /home/airflow/.local/lib/python3.12/site-packages/airflow/example_dags/example_sensors.py
[2024-11-21T10:43:49.491+0000] {logging_mixin.py:190} INFO - [2024-11-21T10:43:49.491+0000] {dag.py:3239} INFO - Sync 1 DAGs
[2024-11-21T10:43:49.513+0000] {logging_mixin.py:190} INFO - [2024-11-21T10:43:49.513+0000] {dag.py:4180} INFO - Setting next_dagrun for example_sensors to None, run_after=None
[2024-11-21T10:43:49.543+0000] {processor.py:208} INFO - Processing /home/airflow/.local/lib/python3.12/site-packages/airflow/example_dags/example_sensors.py took 0.122 seconds
[2024-11-21T10:44:19.893+0000] {processor.py:186} INFO - Started process (PID=452) to work on /home/airflow/.local/lib/python3.12/site-packages/airflow/example_dags/example_sensors.py
[2024-11-21T10:44:19.894+0000] {processor.py:914} INFO - Processing file /home/airflow/.local/lib/python3.12/site-packages/airflow/example_dags/example_sensors.py for tasks to queue
[2024-11-21T10:44:19.898+0000] {logging_mixin.py:190} INFO - [2024-11-21T10:44:19.897+0000] {dagbag.py:588} INFO - Filling up the DagBag from /home/airflow/.local/lib/python3.12/site-packages/airflow/example_dags/example_sensors.py
[2024-11-21T10:44:19.915+0000] {processor.py:925} INFO - DAG(s) 'example_sensors' retrieved from /home/airflow/.local/lib/python3.12/site-packages/airflow/example_dags/example_sensors.py
[2024-11-21T10:44:19.960+0000] {logging_mixin.py:190} INFO - [2024-11-21T10:44:19.960+0000] {dag.py:3239} INFO - Sync 1 DAGs
[2024-11-21T10:44:19.984+0000] {logging_mixin.py:190} INFO - [2024-11-21T10:44:19.983+0000] {dag.py:4180} INFO - Setting next_dagrun for example_sensors to None, run_after=None
[2024-11-21T10:44:20.013+0000] {processor.py:208} INFO - Processing /home/airflow/.local/lib/python3.12/site-packages/airflow/example_dags/example_sensors.py took 0.131 seconds
