[2024-11-21T10:41:43.122+0000] {processor.py:186} INFO - Started process (PID=100) to work on /home/airflow/.local/lib/python3.12/site-packages/airflow/example_dags/example_branch_python_dop_operator_3.py
[2024-11-21T10:41:43.124+0000] {processor.py:914} INFO - Processing file /home/airflow/.local/lib/python3.12/site-packages/airflow/example_dags/example_branch_python_dop_operator_3.py for tasks to queue
[2024-11-21T10:41:43.136+0000] {logging_mixin.py:190} INFO - [2024-11-21T10:41:43.135+0000] {dagbag.py:588} INFO - Filling up the DagBag from /home/airflow/.local/lib/python3.12/site-packages/airflow/example_dags/example_branch_python_dop_operator_3.py
[2024-11-21T10:41:43.188+0000] {processor.py:925} INFO - DAG(s) 'example_branch_dop_operator_v3' retrieved from /home/airflow/.local/lib/python3.12/site-packages/airflow/example_dags/example_branch_python_dop_operator_3.py
[2024-11-21T10:41:43.307+0000] {logging_mixin.py:190} INFO - [2024-11-21T10:41:43.306+0000] {dag.py:3239} INFO - Sync 1 DAGs
[2024-11-21T10:41:43.383+0000] {logging_mixin.py:190} INFO - [2024-11-21T10:41:43.383+0000] {dag.py:4180} INFO - Setting next_dagrun for example_branch_dop_operator_v3 to 2024-11-21 10:40:00+00:00, run_after=2024-11-21 10:41:00+00:00
[2024-11-21T10:41:43.422+0000] {processor.py:208} INFO - Processing /home/airflow/.local/lib/python3.12/site-packages/airflow/example_dags/example_branch_python_dop_operator_3.py took 0.332 seconds
[2024-11-21T10:42:13.917+0000] {processor.py:186} INFO - Started process (PID=186) to work on /home/airflow/.local/lib/python3.12/site-packages/airflow/example_dags/example_branch_python_dop_operator_3.py
[2024-11-21T10:42:13.918+0000] {processor.py:914} INFO - Processing file /home/airflow/.local/lib/python3.12/site-packages/airflow/example_dags/example_branch_python_dop_operator_3.py for tasks to queue
[2024-11-21T10:42:13.922+0000] {logging_mixin.py:190} INFO - [2024-11-21T10:42:13.922+0000] {dagbag.py:588} INFO - Filling up the DagBag from /home/airflow/.local/lib/python3.12/site-packages/airflow/example_dags/example_branch_python_dop_operator_3.py
[2024-11-21T10:42:13.941+0000] {processor.py:925} INFO - DAG(s) 'example_branch_dop_operator_v3' retrieved from /home/airflow/.local/lib/python3.12/site-packages/airflow/example_dags/example_branch_python_dop_operator_3.py
[2024-11-21T10:42:13.973+0000] {logging_mixin.py:190} INFO - [2024-11-21T10:42:13.973+0000] {dag.py:3239} INFO - Sync 1 DAGs
[2024-11-21T10:42:14.012+0000] {logging_mixin.py:190} INFO - [2024-11-21T10:42:14.012+0000] {dag.py:4180} INFO - Setting next_dagrun for example_branch_dop_operator_v3 to 2024-11-21 10:41:00+00:00, run_after=2024-11-21 10:42:00+00:00
[2024-11-21T10:42:14.041+0000] {processor.py:208} INFO - Processing /home/airflow/.local/lib/python3.12/site-packages/airflow/example_dags/example_branch_python_dop_operator_3.py took 0.136 seconds
[2024-11-21T10:42:44.389+0000] {processor.py:186} INFO - Started process (PID=249) to work on /home/airflow/.local/lib/python3.12/site-packages/airflow/example_dags/example_branch_python_dop_operator_3.py
[2024-11-21T10:42:44.391+0000] {processor.py:914} INFO - Processing file /home/airflow/.local/lib/python3.12/site-packages/airflow/example_dags/example_branch_python_dop_operator_3.py for tasks to queue
[2024-11-21T10:42:44.395+0000] {logging_mixin.py:190} INFO - [2024-11-21T10:42:44.394+0000] {dagbag.py:588} INFO - Filling up the DagBag from /home/airflow/.local/lib/python3.12/site-packages/airflow/example_dags/example_branch_python_dop_operator_3.py
[2024-11-21T10:42:44.412+0000] {processor.py:925} INFO - DAG(s) 'example_branch_dop_operator_v3' retrieved from /home/airflow/.local/lib/python3.12/site-packages/airflow/example_dags/example_branch_python_dop_operator_3.py
[2024-11-21T10:42:44.445+0000] {logging_mixin.py:190} INFO - [2024-11-21T10:42:44.444+0000] {dag.py:3239} INFO - Sync 1 DAGs
[2024-11-21T10:42:44.485+0000] {logging_mixin.py:190} INFO - [2024-11-21T10:42:44.485+0000] {dag.py:4180} INFO - Setting next_dagrun for example_branch_dop_operator_v3 to 2024-11-21 10:41:00+00:00, run_after=2024-11-21 10:42:00+00:00
[2024-11-21T10:42:44.515+0000] {processor.py:208} INFO - Processing /home/airflow/.local/lib/python3.12/site-packages/airflow/example_dags/example_branch_python_dop_operator_3.py took 0.135 seconds
[2024-11-21T10:43:15.290+0000] {processor.py:186} INFO - Started process (PID=313) to work on /home/airflow/.local/lib/python3.12/site-packages/airflow/example_dags/example_branch_python_dop_operator_3.py
[2024-11-21T10:43:15.291+0000] {processor.py:914} INFO - Processing file /home/airflow/.local/lib/python3.12/site-packages/airflow/example_dags/example_branch_python_dop_operator_3.py for tasks to queue
[2024-11-21T10:43:15.297+0000] {logging_mixin.py:190} INFO - [2024-11-21T10:43:15.296+0000] {dagbag.py:588} INFO - Filling up the DagBag from /home/airflow/.local/lib/python3.12/site-packages/airflow/example_dags/example_branch_python_dop_operator_3.py
[2024-11-21T10:43:15.316+0000] {processor.py:925} INFO - DAG(s) 'example_branch_dop_operator_v3' retrieved from /home/airflow/.local/lib/python3.12/site-packages/airflow/example_dags/example_branch_python_dop_operator_3.py
[2024-11-21T10:43:15.353+0000] {logging_mixin.py:190} INFO - [2024-11-21T10:43:15.352+0000] {dag.py:3239} INFO - Sync 1 DAGs
[2024-11-21T10:43:15.398+0000] {logging_mixin.py:190} INFO - [2024-11-21T10:43:15.397+0000] {dag.py:4180} INFO - Setting next_dagrun for example_branch_dop_operator_v3 to 2024-11-21 10:42:00+00:00, run_after=2024-11-21 10:43:00+00:00
[2024-11-21T10:43:15.437+0000] {processor.py:208} INFO - Processing /home/airflow/.local/lib/python3.12/site-packages/airflow/example_dags/example_branch_python_dop_operator_3.py took 0.158 seconds
[2024-11-21T10:43:45.951+0000] {processor.py:186} INFO - Started process (PID=377) to work on /home/airflow/.local/lib/python3.12/site-packages/airflow/example_dags/example_branch_python_dop_operator_3.py
[2024-11-21T10:43:45.952+0000] {processor.py:914} INFO - Processing file /home/airflow/.local/lib/python3.12/site-packages/airflow/example_dags/example_branch_python_dop_operator_3.py for tasks to queue
[2024-11-21T10:43:45.957+0000] {logging_mixin.py:190} INFO - [2024-11-21T10:43:45.956+0000] {dagbag.py:588} INFO - Filling up the DagBag from /home/airflow/.local/lib/python3.12/site-packages/airflow/example_dags/example_branch_python_dop_operator_3.py
[2024-11-21T10:43:45.974+0000] {processor.py:925} INFO - DAG(s) 'example_branch_dop_operator_v3' retrieved from /home/airflow/.local/lib/python3.12/site-packages/airflow/example_dags/example_branch_python_dop_operator_3.py
[2024-11-21T10:43:46.006+0000] {logging_mixin.py:190} INFO - [2024-11-21T10:43:46.006+0000] {dag.py:3239} INFO - Sync 1 DAGs
[2024-11-21T10:43:46.045+0000] {logging_mixin.py:190} INFO - [2024-11-21T10:43:46.045+0000] {dag.py:4180} INFO - Setting next_dagrun for example_branch_dop_operator_v3 to 2024-11-21 10:42:00+00:00, run_after=2024-11-21 10:43:00+00:00
[2024-11-21T10:43:46.074+0000] {processor.py:208} INFO - Processing /home/airflow/.local/lib/python3.12/site-packages/airflow/example_dags/example_branch_python_dop_operator_3.py took 0.133 seconds
[2024-11-21T10:44:16.545+0000] {processor.py:186} INFO - Started process (PID=440) to work on /home/airflow/.local/lib/python3.12/site-packages/airflow/example_dags/example_branch_python_dop_operator_3.py
[2024-11-21T10:44:16.547+0000] {processor.py:914} INFO - Processing file /home/airflow/.local/lib/python3.12/site-packages/airflow/example_dags/example_branch_python_dop_operator_3.py for tasks to queue
[2024-11-21T10:44:16.552+0000] {logging_mixin.py:190} INFO - [2024-11-21T10:44:16.552+0000] {dagbag.py:588} INFO - Filling up the DagBag from /home/airflow/.local/lib/python3.12/site-packages/airflow/example_dags/example_branch_python_dop_operator_3.py
[2024-11-21T10:44:16.574+0000] {processor.py:925} INFO - DAG(s) 'example_branch_dop_operator_v3' retrieved from /home/airflow/.local/lib/python3.12/site-packages/airflow/example_dags/example_branch_python_dop_operator_3.py
[2024-11-21T10:44:16.617+0000] {logging_mixin.py:190} INFO - [2024-11-21T10:44:16.616+0000] {dag.py:3239} INFO - Sync 1 DAGs
[2024-11-21T10:44:16.664+0000] {logging_mixin.py:190} INFO - [2024-11-21T10:44:16.664+0000] {dag.py:4180} INFO - Setting next_dagrun for example_branch_dop_operator_v3 to 2024-11-21 10:43:00+00:00, run_after=2024-11-21 10:44:00+00:00
[2024-11-21T10:44:16.697+0000] {processor.py:208} INFO - Processing /home/airflow/.local/lib/python3.12/site-packages/airflow/example_dags/example_branch_python_dop_operator_3.py took 0.165 seconds
