[2024-11-21T10:41:43.197+0000] {processor.py:186} INFO - Started process (PID=101) to work on /home/airflow/.local/lib/python3.12/site-packages/airflow/example_dags/example_datasets.py
[2024-11-21T10:41:43.200+0000] {processor.py:914} INFO - Processing file /home/airflow/.local/lib/python3.12/site-packages/airflow/example_dags/example_datasets.py for tasks to queue
[2024-11-21T10:41:43.207+0000] {logging_mixin.py:190} INFO - [2024-11-21T10:41:43.206+0000] {dagbag.py:588} INFO - Filling up the DagBag from /home/airflow/.local/lib/python3.12/site-packages/airflow/example_dags/example_datasets.py
[2024-11-21T10:41:47.155+0000] {processor.py:925} INFO - DAG(s) 'dataset_consumes_1_never_scheduled', 'dataset_consumes_unknown_never_scheduled', 'conditional_dataset_and_time_based_timetable', 'dataset_consumes_1_and_2', 'dataset_consumes_1', 'dataset_produces_1', 'consume_1_or_both_2_and_3_with_dataset_expressions', 'consume_1_and_2_with_dataset_expressions', 'consume_1_or_2_with_dataset_expressions', 'dataset_produces_2' retrieved from /home/airflow/.local/lib/python3.12/site-packages/airflow/example_dags/example_datasets.py
[2024-11-21T10:41:47.216+0000] {logging_mixin.py:190} INFO - [2024-11-21T10:41:47.216+0000] {dag.py:3239} INFO - Sync 10 DAGs
[2024-11-21T10:41:47.248+0000] {logging_mixin.py:190} INFO - [2024-11-21T10:41:47.248+0000] {dag.py:4180} INFO - Setting next_dagrun for conditional_dataset_and_time_based_timetable to 2024-11-20 01:00:00+00:00, run_after=2024-11-20 01:00:00+00:00
[2024-11-21T10:41:47.252+0000] {logging_mixin.py:190} INFO - [2024-11-21T10:41:47.252+0000] {dag.py:4180} INFO - Setting next_dagrun for consume_1_and_2_with_dataset_expressions to None, run_after=None
[2024-11-21T10:41:47.254+0000] {logging_mixin.py:190} INFO - [2024-11-21T10:41:47.254+0000] {dag.py:4180} INFO - Setting next_dagrun for consume_1_or_2_with_dataset_expressions to None, run_after=None
[2024-11-21T10:41:47.257+0000] {logging_mixin.py:190} INFO - [2024-11-21T10:41:47.256+0000] {dag.py:4180} INFO - Setting next_dagrun for consume_1_or_both_2_and_3_with_dataset_expressions to None, run_after=None
[2024-11-21T10:41:47.258+0000] {logging_mixin.py:190} INFO - [2024-11-21T10:41:47.258+0000] {dag.py:4180} INFO - Setting next_dagrun for dataset_consumes_1 to None, run_after=None
[2024-11-21T10:41:47.260+0000] {logging_mixin.py:190} INFO - [2024-11-21T10:41:47.260+0000] {dag.py:4180} INFO - Setting next_dagrun for dataset_consumes_1_and_2 to None, run_after=None
[2024-11-21T10:41:47.262+0000] {logging_mixin.py:190} INFO - [2024-11-21T10:41:47.261+0000] {dag.py:4180} INFO - Setting next_dagrun for dataset_consumes_1_never_scheduled to None, run_after=None
[2024-11-21T10:41:47.263+0000] {logging_mixin.py:190} INFO - [2024-11-21T10:41:47.263+0000] {dag.py:4180} INFO - Setting next_dagrun for dataset_consumes_unknown_never_scheduled to None, run_after=None
[2024-11-21T10:41:47.268+0000] {logging_mixin.py:190} INFO - [2024-11-21T10:41:47.267+0000] {dag.py:4180} INFO - Setting next_dagrun for dataset_produces_1 to 2024-11-20 00:00:00+00:00, run_after=2024-11-21 00:00:00+00:00
[2024-11-21T10:41:47.270+0000] {logging_mixin.py:190} INFO - [2024-11-21T10:41:47.269+0000] {dag.py:4180} INFO - Setting next_dagrun for dataset_produces_2 to None, run_after=None
[2024-11-21T10:41:47.317+0000] {processor.py:208} INFO - Processing /home/airflow/.local/lib/python3.12/site-packages/airflow/example_dags/example_datasets.py took 4.144 seconds
[2024-11-21T10:42:17.457+0000] {processor.py:186} INFO - Started process (PID=197) to work on /home/airflow/.local/lib/python3.12/site-packages/airflow/example_dags/example_datasets.py
[2024-11-21T10:42:17.459+0000] {processor.py:914} INFO - Processing file /home/airflow/.local/lib/python3.12/site-packages/airflow/example_dags/example_datasets.py for tasks to queue
[2024-11-21T10:42:17.463+0000] {logging_mixin.py:190} INFO - [2024-11-21T10:42:17.462+0000] {dagbag.py:588} INFO - Filling up the DagBag from /home/airflow/.local/lib/python3.12/site-packages/airflow/example_dags/example_datasets.py
[2024-11-21T10:42:18.389+0000] {processor.py:925} INFO - DAG(s) 'dataset_produces_2', 'dataset_produces_1', 'dataset_consumes_1', 'consume_1_or_both_2_and_3_with_dataset_expressions', 'dataset_consumes_1_never_scheduled', 'dataset_consumes_unknown_never_scheduled', 'consume_1_or_2_with_dataset_expressions', 'consume_1_and_2_with_dataset_expressions', 'conditional_dataset_and_time_based_timetable', 'dataset_consumes_1_and_2' retrieved from /home/airflow/.local/lib/python3.12/site-packages/airflow/example_dags/example_datasets.py
[2024-11-21T10:42:18.463+0000] {logging_mixin.py:190} INFO - [2024-11-21T10:42:18.463+0000] {dag.py:3239} INFO - Sync 10 DAGs
[2024-11-21T10:42:18.515+0000] {logging_mixin.py:190} INFO - [2024-11-21T10:42:18.514+0000] {dag.py:4180} INFO - Setting next_dagrun for conditional_dataset_and_time_based_timetable to 2024-11-20 01:00:00+00:00, run_after=2024-11-20 01:00:00+00:00
[2024-11-21T10:42:18.521+0000] {logging_mixin.py:190} INFO - [2024-11-21T10:42:18.521+0000] {dag.py:4180} INFO - Setting next_dagrun for consume_1_and_2_with_dataset_expressions to None, run_after=None
[2024-11-21T10:42:18.523+0000] {logging_mixin.py:190} INFO - [2024-11-21T10:42:18.523+0000] {dag.py:4180} INFO - Setting next_dagrun for consume_1_or_2_with_dataset_expressions to None, run_after=None
[2024-11-21T10:42:18.526+0000] {logging_mixin.py:190} INFO - [2024-11-21T10:42:18.525+0000] {dag.py:4180} INFO - Setting next_dagrun for consume_1_or_both_2_and_3_with_dataset_expressions to None, run_after=None
[2024-11-21T10:42:18.528+0000] {logging_mixin.py:190} INFO - [2024-11-21T10:42:18.527+0000] {dag.py:4180} INFO - Setting next_dagrun for dataset_consumes_1 to None, run_after=None
[2024-11-21T10:42:18.529+0000] {logging_mixin.py:190} INFO - [2024-11-21T10:42:18.529+0000] {dag.py:4180} INFO - Setting next_dagrun for dataset_consumes_1_and_2 to None, run_after=None
[2024-11-21T10:42:18.531+0000] {logging_mixin.py:190} INFO - [2024-11-21T10:42:18.531+0000] {dag.py:4180} INFO - Setting next_dagrun for dataset_consumes_1_never_scheduled to None, run_after=None
[2024-11-21T10:42:18.534+0000] {logging_mixin.py:190} INFO - [2024-11-21T10:42:18.533+0000] {dag.py:4180} INFO - Setting next_dagrun for dataset_consumes_unknown_never_scheduled to None, run_after=None
[2024-11-21T10:42:18.539+0000] {logging_mixin.py:190} INFO - [2024-11-21T10:42:18.538+0000] {dag.py:4180} INFO - Setting next_dagrun for dataset_produces_1 to 2024-11-20 00:00:00+00:00, run_after=2024-11-21 00:00:00+00:00
[2024-11-21T10:42:18.541+0000] {logging_mixin.py:190} INFO - [2024-11-21T10:42:18.541+0000] {dag.py:4180} INFO - Setting next_dagrun for dataset_produces_2 to None, run_after=None
[2024-11-21T10:42:18.598+0000] {processor.py:208} INFO - Processing /home/airflow/.local/lib/python3.12/site-packages/airflow/example_dags/example_datasets.py took 1.151 seconds
[2024-11-21T10:42:48.866+0000] {processor.py:186} INFO - Started process (PID=264) to work on /home/airflow/.local/lib/python3.12/site-packages/airflow/example_dags/example_datasets.py
[2024-11-21T10:42:48.867+0000] {processor.py:914} INFO - Processing file /home/airflow/.local/lib/python3.12/site-packages/airflow/example_dags/example_datasets.py for tasks to queue
[2024-11-21T10:42:48.872+0000] {logging_mixin.py:190} INFO - [2024-11-21T10:42:48.872+0000] {dagbag.py:588} INFO - Filling up the DagBag from /home/airflow/.local/lib/python3.12/site-packages/airflow/example_dags/example_datasets.py
[2024-11-21T10:42:49.778+0000] {processor.py:925} INFO - DAG(s) 'dataset_consumes_1_never_scheduled', 'dataset_produces_2', 'dataset_consumes_1', 'dataset_consumes_unknown_never_scheduled', 'consume_1_or_2_with_dataset_expressions', 'dataset_produces_1', 'conditional_dataset_and_time_based_timetable', 'consume_1_and_2_with_dataset_expressions', 'consume_1_or_both_2_and_3_with_dataset_expressions', 'dataset_consumes_1_and_2' retrieved from /home/airflow/.local/lib/python3.12/site-packages/airflow/example_dags/example_datasets.py
[2024-11-21T10:42:49.843+0000] {logging_mixin.py:190} INFO - [2024-11-21T10:42:49.843+0000] {dag.py:3239} INFO - Sync 10 DAGs
[2024-11-21T10:42:49.878+0000] {logging_mixin.py:190} INFO - [2024-11-21T10:42:49.878+0000] {dag.py:4180} INFO - Setting next_dagrun for conditional_dataset_and_time_based_timetable to 2024-11-20 01:00:00+00:00, run_after=2024-11-20 01:00:00+00:00
[2024-11-21T10:42:49.883+0000] {logging_mixin.py:190} INFO - [2024-11-21T10:42:49.883+0000] {dag.py:4180} INFO - Setting next_dagrun for consume_1_and_2_with_dataset_expressions to None, run_after=None
[2024-11-21T10:42:49.887+0000] {logging_mixin.py:190} INFO - [2024-11-21T10:42:49.886+0000] {dag.py:4180} INFO - Setting next_dagrun for consume_1_or_2_with_dataset_expressions to None, run_after=None
[2024-11-21T10:42:49.889+0000] {logging_mixin.py:190} INFO - [2024-11-21T10:42:49.888+0000] {dag.py:4180} INFO - Setting next_dagrun for consume_1_or_both_2_and_3_with_dataset_expressions to None, run_after=None
[2024-11-21T10:42:49.890+0000] {logging_mixin.py:190} INFO - [2024-11-21T10:42:49.890+0000] {dag.py:4180} INFO - Setting next_dagrun for dataset_consumes_1 to None, run_after=None
[2024-11-21T10:42:49.892+0000] {logging_mixin.py:190} INFO - [2024-11-21T10:42:49.892+0000] {dag.py:4180} INFO - Setting next_dagrun for dataset_consumes_1_and_2 to None, run_after=None
[2024-11-21T10:42:49.894+0000] {logging_mixin.py:190} INFO - [2024-11-21T10:42:49.893+0000] {dag.py:4180} INFO - Setting next_dagrun for dataset_consumes_1_never_scheduled to None, run_after=None
[2024-11-21T10:42:49.895+0000] {logging_mixin.py:190} INFO - [2024-11-21T10:42:49.895+0000] {dag.py:4180} INFO - Setting next_dagrun for dataset_consumes_unknown_never_scheduled to None, run_after=None
[2024-11-21T10:42:49.898+0000] {logging_mixin.py:190} INFO - [2024-11-21T10:42:49.898+0000] {dag.py:4180} INFO - Setting next_dagrun for dataset_produces_1 to 2024-11-20 00:00:00+00:00, run_after=2024-11-21 00:00:00+00:00
[2024-11-21T10:42:49.900+0000] {logging_mixin.py:190} INFO - [2024-11-21T10:42:49.900+0000] {dag.py:4180} INFO - Setting next_dagrun for dataset_produces_2 to None, run_after=None
[2024-11-21T10:42:49.949+0000] {processor.py:208} INFO - Processing /home/airflow/.local/lib/python3.12/site-packages/airflow/example_dags/example_datasets.py took 1.092 seconds
[2024-11-21T10:43:20.836+0000] {processor.py:186} INFO - Started process (PID=331) to work on /home/airflow/.local/lib/python3.12/site-packages/airflow/example_dags/example_datasets.py
[2024-11-21T10:43:20.837+0000] {processor.py:914} INFO - Processing file /home/airflow/.local/lib/python3.12/site-packages/airflow/example_dags/example_datasets.py for tasks to queue
[2024-11-21T10:43:20.841+0000] {logging_mixin.py:190} INFO - [2024-11-21T10:43:20.841+0000] {dagbag.py:588} INFO - Filling up the DagBag from /home/airflow/.local/lib/python3.12/site-packages/airflow/example_dags/example_datasets.py
[2024-11-21T10:43:21.764+0000] {processor.py:925} INFO - DAG(s) 'consume_1_or_2_with_dataset_expressions', 'consume_1_and_2_with_dataset_expressions', 'dataset_consumes_unknown_never_scheduled', 'conditional_dataset_and_time_based_timetable', 'dataset_consumes_1_and_2', 'dataset_consumes_1', 'dataset_consumes_1_never_scheduled', 'dataset_produces_1', 'dataset_produces_2', 'consume_1_or_both_2_and_3_with_dataset_expressions' retrieved from /home/airflow/.local/lib/python3.12/site-packages/airflow/example_dags/example_datasets.py
[2024-11-21T10:43:21.829+0000] {logging_mixin.py:190} INFO - [2024-11-21T10:43:21.828+0000] {dag.py:3239} INFO - Sync 10 DAGs
[2024-11-21T10:43:21.866+0000] {logging_mixin.py:190} INFO - [2024-11-21T10:43:21.866+0000] {dag.py:4180} INFO - Setting next_dagrun for conditional_dataset_and_time_based_timetable to 2024-11-20 01:00:00+00:00, run_after=2024-11-20 01:00:00+00:00
[2024-11-21T10:43:21.871+0000] {logging_mixin.py:190} INFO - [2024-11-21T10:43:21.871+0000] {dag.py:4180} INFO - Setting next_dagrun for consume_1_and_2_with_dataset_expressions to None, run_after=None
[2024-11-21T10:43:21.874+0000] {logging_mixin.py:190} INFO - [2024-11-21T10:43:21.873+0000] {dag.py:4180} INFO - Setting next_dagrun for consume_1_or_2_with_dataset_expressions to None, run_after=None
[2024-11-21T10:43:21.875+0000] {logging_mixin.py:190} INFO - [2024-11-21T10:43:21.875+0000] {dag.py:4180} INFO - Setting next_dagrun for consume_1_or_both_2_and_3_with_dataset_expressions to None, run_after=None
[2024-11-21T10:43:21.877+0000] {logging_mixin.py:190} INFO - [2024-11-21T10:43:21.877+0000] {dag.py:4180} INFO - Setting next_dagrun for dataset_consumes_1 to None, run_after=None
[2024-11-21T10:43:21.879+0000] {logging_mixin.py:190} INFO - [2024-11-21T10:43:21.879+0000] {dag.py:4180} INFO - Setting next_dagrun for dataset_consumes_1_and_2 to None, run_after=None
[2024-11-21T10:43:21.881+0000] {logging_mixin.py:190} INFO - [2024-11-21T10:43:21.881+0000] {dag.py:4180} INFO - Setting next_dagrun for dataset_consumes_1_never_scheduled to None, run_after=None
[2024-11-21T10:43:21.882+0000] {logging_mixin.py:190} INFO - [2024-11-21T10:43:21.882+0000] {dag.py:4180} INFO - Setting next_dagrun for dataset_consumes_unknown_never_scheduled to None, run_after=None
[2024-11-21T10:43:21.888+0000] {logging_mixin.py:190} INFO - [2024-11-21T10:43:21.887+0000] {dag.py:4180} INFO - Setting next_dagrun for dataset_produces_1 to 2024-11-20 00:00:00+00:00, run_after=2024-11-21 00:00:00+00:00
[2024-11-21T10:43:21.890+0000] {logging_mixin.py:190} INFO - [2024-11-21T10:43:21.890+0000] {dag.py:4180} INFO - Setting next_dagrun for dataset_produces_2 to None, run_after=None
[2024-11-21T10:43:21.943+0000] {processor.py:208} INFO - Processing /home/airflow/.local/lib/python3.12/site-packages/airflow/example_dags/example_datasets.py took 1.116 seconds
[2024-11-21T10:43:52.073+0000] {processor.py:186} INFO - Started process (PID=395) to work on /home/airflow/.local/lib/python3.12/site-packages/airflow/example_dags/example_datasets.py
[2024-11-21T10:43:52.074+0000] {processor.py:914} INFO - Processing file /home/airflow/.local/lib/python3.12/site-packages/airflow/example_dags/example_datasets.py for tasks to queue
[2024-11-21T10:43:52.079+0000] {logging_mixin.py:190} INFO - [2024-11-21T10:43:52.078+0000] {dagbag.py:588} INFO - Filling up the DagBag from /home/airflow/.local/lib/python3.12/site-packages/airflow/example_dags/example_datasets.py
[2024-11-21T10:43:53.052+0000] {processor.py:925} INFO - DAG(s) 'dataset_consumes_1_never_scheduled', 'consume_1_or_both_2_and_3_with_dataset_expressions', 'dataset_consumes_1', 'consume_1_or_2_with_dataset_expressions', 'dataset_consumes_unknown_never_scheduled', 'dataset_consumes_1_and_2', 'dataset_produces_1', 'conditional_dataset_and_time_based_timetable', 'consume_1_and_2_with_dataset_expressions', 'dataset_produces_2' retrieved from /home/airflow/.local/lib/python3.12/site-packages/airflow/example_dags/example_datasets.py
[2024-11-21T10:43:53.121+0000] {logging_mixin.py:190} INFO - [2024-11-21T10:43:53.121+0000] {dag.py:3239} INFO - Sync 10 DAGs
[2024-11-21T10:43:53.158+0000] {logging_mixin.py:190} INFO - [2024-11-21T10:43:53.157+0000] {dag.py:4180} INFO - Setting next_dagrun for conditional_dataset_and_time_based_timetable to 2024-11-20 01:00:00+00:00, run_after=2024-11-20 01:00:00+00:00
[2024-11-21T10:43:53.163+0000] {logging_mixin.py:190} INFO - [2024-11-21T10:43:53.162+0000] {dag.py:4180} INFO - Setting next_dagrun for consume_1_and_2_with_dataset_expressions to None, run_after=None
[2024-11-21T10:43:53.165+0000] {logging_mixin.py:190} INFO - [2024-11-21T10:43:53.165+0000] {dag.py:4180} INFO - Setting next_dagrun for consume_1_or_2_with_dataset_expressions to None, run_after=None
[2024-11-21T10:43:53.167+0000] {logging_mixin.py:190} INFO - [2024-11-21T10:43:53.167+0000] {dag.py:4180} INFO - Setting next_dagrun for consume_1_or_both_2_and_3_with_dataset_expressions to None, run_after=None
[2024-11-21T10:43:53.168+0000] {logging_mixin.py:190} INFO - [2024-11-21T10:43:53.168+0000] {dag.py:4180} INFO - Setting next_dagrun for dataset_consumes_1 to None, run_after=None
[2024-11-21T10:43:53.170+0000] {logging_mixin.py:190} INFO - [2024-11-21T10:43:53.170+0000] {dag.py:4180} INFO - Setting next_dagrun for dataset_consumes_1_and_2 to None, run_after=None
[2024-11-21T10:43:53.172+0000] {logging_mixin.py:190} INFO - [2024-11-21T10:43:53.172+0000] {dag.py:4180} INFO - Setting next_dagrun for dataset_consumes_1_never_scheduled to None, run_after=None
[2024-11-21T10:43:53.174+0000] {logging_mixin.py:190} INFO - [2024-11-21T10:43:53.173+0000] {dag.py:4180} INFO - Setting next_dagrun for dataset_consumes_unknown_never_scheduled to None, run_after=None
[2024-11-21T10:43:53.177+0000] {logging_mixin.py:190} INFO - [2024-11-21T10:43:53.177+0000] {dag.py:4180} INFO - Setting next_dagrun for dataset_produces_1 to 2024-11-20 00:00:00+00:00, run_after=2024-11-21 00:00:00+00:00
[2024-11-21T10:43:53.179+0000] {logging_mixin.py:190} INFO - [2024-11-21T10:43:53.179+0000] {dag.py:4180} INFO - Setting next_dagrun for dataset_produces_2 to None, run_after=None
[2024-11-21T10:43:53.235+0000] {processor.py:208} INFO - Processing /home/airflow/.local/lib/python3.12/site-packages/airflow/example_dags/example_datasets.py took 1.174 seconds
[2024-11-21T10:44:23.795+0000] {processor.py:186} INFO - Started process (PID=459) to work on /home/airflow/.local/lib/python3.12/site-packages/airflow/example_dags/example_datasets.py
[2024-11-21T10:44:23.797+0000] {processor.py:914} INFO - Processing file /home/airflow/.local/lib/python3.12/site-packages/airflow/example_dags/example_datasets.py for tasks to queue
[2024-11-21T10:44:23.801+0000] {logging_mixin.py:190} INFO - [2024-11-21T10:44:23.801+0000] {dagbag.py:588} INFO - Filling up the DagBag from /home/airflow/.local/lib/python3.12/site-packages/airflow/example_dags/example_datasets.py
[2024-11-21T10:44:24.956+0000] {processor.py:925} INFO - DAG(s) 'consume_1_and_2_with_dataset_expressions', 'dataset_consumes_1_and_2', 'consume_1_or_2_with_dataset_expressions', 'dataset_produces_1', 'consume_1_or_both_2_and_3_with_dataset_expressions', 'dataset_consumes_1_never_scheduled', 'dataset_consumes_unknown_never_scheduled', 'dataset_consumes_1', 'dataset_produces_2', 'conditional_dataset_and_time_based_timetable' retrieved from /home/airflow/.local/lib/python3.12/site-packages/airflow/example_dags/example_datasets.py
[2024-11-21T10:44:25.026+0000] {logging_mixin.py:190} INFO - [2024-11-21T10:44:25.026+0000] {dag.py:3239} INFO - Sync 10 DAGs
[2024-11-21T10:44:25.064+0000] {logging_mixin.py:190} INFO - [2024-11-21T10:44:25.064+0000] {dag.py:4180} INFO - Setting next_dagrun for conditional_dataset_and_time_based_timetable to 2024-11-20 01:00:00+00:00, run_after=2024-11-20 01:00:00+00:00
[2024-11-21T10:44:25.069+0000] {logging_mixin.py:190} INFO - [2024-11-21T10:44:25.069+0000] {dag.py:4180} INFO - Setting next_dagrun for consume_1_and_2_with_dataset_expressions to None, run_after=None
[2024-11-21T10:44:25.072+0000] {logging_mixin.py:190} INFO - [2024-11-21T10:44:25.071+0000] {dag.py:4180} INFO - Setting next_dagrun for consume_1_or_2_with_dataset_expressions to None, run_after=None
[2024-11-21T10:44:25.073+0000] {logging_mixin.py:190} INFO - [2024-11-21T10:44:25.073+0000] {dag.py:4180} INFO - Setting next_dagrun for consume_1_or_both_2_and_3_with_dataset_expressions to None, run_after=None
[2024-11-21T10:44:25.075+0000] {logging_mixin.py:190} INFO - [2024-11-21T10:44:25.075+0000] {dag.py:4180} INFO - Setting next_dagrun for dataset_consumes_1 to None, run_after=None
[2024-11-21T10:44:25.077+0000] {logging_mixin.py:190} INFO - [2024-11-21T10:44:25.077+0000] {dag.py:4180} INFO - Setting next_dagrun for dataset_consumes_1_and_2 to None, run_after=None
[2024-11-21T10:44:25.079+0000] {logging_mixin.py:190} INFO - [2024-11-21T10:44:25.078+0000] {dag.py:4180} INFO - Setting next_dagrun for dataset_consumes_1_never_scheduled to None, run_after=None
[2024-11-21T10:44:25.080+0000] {logging_mixin.py:190} INFO - [2024-11-21T10:44:25.080+0000] {dag.py:4180} INFO - Setting next_dagrun for dataset_consumes_unknown_never_scheduled to None, run_after=None
[2024-11-21T10:44:25.084+0000] {logging_mixin.py:190} INFO - [2024-11-21T10:44:25.083+0000] {dag.py:4180} INFO - Setting next_dagrun for dataset_produces_1 to 2024-11-20 00:00:00+00:00, run_after=2024-11-21 00:00:00+00:00
[2024-11-21T10:44:25.086+0000] {logging_mixin.py:190} INFO - [2024-11-21T10:44:25.085+0000] {dag.py:4180} INFO - Setting next_dagrun for dataset_produces_2 to None, run_after=None
[2024-11-21T10:44:25.133+0000] {processor.py:208} INFO - Processing /home/airflow/.local/lib/python3.12/site-packages/airflow/example_dags/example_datasets.py took 1.349 seconds
