[2024-11-21T10:41:37.489+0000] {processor.py:186} INFO - Started process (PID=86) to work on /home/airflow/.local/lib/python3.12/site-packages/airflow/example_dags/example_trigger_target_dag.py
[2024-11-21T10:41:37.491+0000] {processor.py:914} INFO - Processing file /home/airflow/.local/lib/python3.12/site-packages/airflow/example_dags/example_trigger_target_dag.py for tasks to queue
[2024-11-21T10:41:37.496+0000] {logging_mixin.py:190} INFO - [2024-11-21T10:41:37.496+0000] {dagbag.py:588} INFO - Filling up the DagBag from /home/airflow/.local/lib/python3.12/site-packages/airflow/example_dags/example_trigger_target_dag.py
[2024-11-21T10:41:37.519+0000] {processor.py:925} INFO - DAG(s) 'example_trigger_target_dag' retrieved from /home/airflow/.local/lib/python3.12/site-packages/airflow/example_dags/example_trigger_target_dag.py
[2024-11-21T10:41:37.730+0000] {logging_mixin.py:190} INFO - [2024-11-21T10:41:37.726+0000] {dag.py:3239} INFO - Sync 1 DAGs
[2024-11-21T10:41:37.787+0000] {logging_mixin.py:190} INFO - [2024-11-21T10:41:37.786+0000] {dag.py:4180} INFO - Setting next_dagrun for example_trigger_target_dag to None, run_after=None
[2024-11-21T10:41:37.921+0000] {processor.py:208} INFO - Processing /home/airflow/.local/lib/python3.12/site-packages/airflow/example_dags/example_trigger_target_dag.py took 0.457 seconds
[2024-11-21T10:42:08.601+0000] {processor.py:186} INFO - Started process (PID=172) to work on /home/airflow/.local/lib/python3.12/site-packages/airflow/example_dags/example_trigger_target_dag.py
[2024-11-21T10:42:08.602+0000] {processor.py:914} INFO - Processing file /home/airflow/.local/lib/python3.12/site-packages/airflow/example_dags/example_trigger_target_dag.py for tasks to queue
[2024-11-21T10:42:08.605+0000] {logging_mixin.py:190} INFO - [2024-11-21T10:42:08.605+0000] {dagbag.py:588} INFO - Filling up the DagBag from /home/airflow/.local/lib/python3.12/site-packages/airflow/example_dags/example_trigger_target_dag.py
[2024-11-21T10:42:08.615+0000] {processor.py:925} INFO - DAG(s) 'example_trigger_target_dag' retrieved from /home/airflow/.local/lib/python3.12/site-packages/airflow/example_dags/example_trigger_target_dag.py
[2024-11-21T10:42:08.639+0000] {logging_mixin.py:190} INFO - [2024-11-21T10:42:08.639+0000] {dag.py:3239} INFO - Sync 1 DAGs
[2024-11-21T10:42:08.656+0000] {logging_mixin.py:190} INFO - [2024-11-21T10:42:08.655+0000] {dag.py:4180} INFO - Setting next_dagrun for example_trigger_target_dag to None, run_after=None
[2024-11-21T10:42:08.683+0000] {processor.py:208} INFO - Processing /home/airflow/.local/lib/python3.12/site-packages/airflow/example_dags/example_trigger_target_dag.py took 0.089 seconds
[2024-11-21T10:42:38.864+0000] {processor.py:186} INFO - Started process (PID=235) to work on /home/airflow/.local/lib/python3.12/site-packages/airflow/example_dags/example_trigger_target_dag.py
[2024-11-21T10:42:38.868+0000] {processor.py:914} INFO - Processing file /home/airflow/.local/lib/python3.12/site-packages/airflow/example_dags/example_trigger_target_dag.py for tasks to queue
[2024-11-21T10:42:38.875+0000] {logging_mixin.py:190} INFO - [2024-11-21T10:42:38.874+0000] {dagbag.py:588} INFO - Filling up the DagBag from /home/airflow/.local/lib/python3.12/site-packages/airflow/example_dags/example_trigger_target_dag.py
[2024-11-21T10:42:38.895+0000] {processor.py:925} INFO - DAG(s) 'example_trigger_target_dag' retrieved from /home/airflow/.local/lib/python3.12/site-packages/airflow/example_dags/example_trigger_target_dag.py
[2024-11-21T10:42:38.933+0000] {logging_mixin.py:190} INFO - [2024-11-21T10:42:38.932+0000] {dag.py:3239} INFO - Sync 1 DAGs
[2024-11-21T10:42:38.964+0000] {logging_mixin.py:190} INFO - [2024-11-21T10:42:38.963+0000] {dag.py:4180} INFO - Setting next_dagrun for example_trigger_target_dag to None, run_after=None
[2024-11-21T10:42:39.006+0000] {processor.py:208} INFO - Processing /home/airflow/.local/lib/python3.12/site-packages/airflow/example_dags/example_trigger_target_dag.py took 0.165 seconds
[2024-11-21T10:43:09.167+0000] {processor.py:186} INFO - Started process (PID=299) to work on /home/airflow/.local/lib/python3.12/site-packages/airflow/example_dags/example_trigger_target_dag.py
[2024-11-21T10:43:09.168+0000] {processor.py:914} INFO - Processing file /home/airflow/.local/lib/python3.12/site-packages/airflow/example_dags/example_trigger_target_dag.py for tasks to queue
[2024-11-21T10:43:09.172+0000] {logging_mixin.py:190} INFO - [2024-11-21T10:43:09.171+0000] {dagbag.py:588} INFO - Filling up the DagBag from /home/airflow/.local/lib/python3.12/site-packages/airflow/example_dags/example_trigger_target_dag.py
[2024-11-21T10:43:09.185+0000] {processor.py:925} INFO - DAG(s) 'example_trigger_target_dag' retrieved from /home/airflow/.local/lib/python3.12/site-packages/airflow/example_dags/example_trigger_target_dag.py
[2024-11-21T10:43:09.215+0000] {logging_mixin.py:190} INFO - [2024-11-21T10:43:09.215+0000] {dag.py:3239} INFO - Sync 1 DAGs
[2024-11-21T10:43:09.235+0000] {logging_mixin.py:190} INFO - [2024-11-21T10:43:09.235+0000] {dag.py:4180} INFO - Setting next_dagrun for example_trigger_target_dag to None, run_after=None
[2024-11-21T10:43:09.262+0000] {processor.py:208} INFO - Processing /home/airflow/.local/lib/python3.12/site-packages/airflow/example_dags/example_trigger_target_dag.py took 0.105 seconds
[2024-11-21T10:43:39.689+0000] {processor.py:186} INFO - Started process (PID=363) to work on /home/airflow/.local/lib/python3.12/site-packages/airflow/example_dags/example_trigger_target_dag.py
[2024-11-21T10:43:39.690+0000] {processor.py:914} INFO - Processing file /home/airflow/.local/lib/python3.12/site-packages/airflow/example_dags/example_trigger_target_dag.py for tasks to queue
[2024-11-21T10:43:39.695+0000] {logging_mixin.py:190} INFO - [2024-11-21T10:43:39.694+0000] {dagbag.py:588} INFO - Filling up the DagBag from /home/airflow/.local/lib/python3.12/site-packages/airflow/example_dags/example_trigger_target_dag.py
[2024-11-21T10:43:39.711+0000] {processor.py:925} INFO - DAG(s) 'example_trigger_target_dag' retrieved from /home/airflow/.local/lib/python3.12/site-packages/airflow/example_dags/example_trigger_target_dag.py
[2024-11-21T10:43:39.748+0000] {logging_mixin.py:190} INFO - [2024-11-21T10:43:39.747+0000] {dag.py:3239} INFO - Sync 1 DAGs
[2024-11-21T10:43:39.772+0000] {logging_mixin.py:190} INFO - [2024-11-21T10:43:39.771+0000] {dag.py:4180} INFO - Setting next_dagrun for example_trigger_target_dag to None, run_after=None
[2024-11-21T10:43:39.805+0000] {processor.py:208} INFO - Processing /home/airflow/.local/lib/python3.12/site-packages/airflow/example_dags/example_trigger_target_dag.py took 0.128 seconds
[2024-11-21T10:44:10.387+0000] {processor.py:186} INFO - Started process (PID=427) to work on /home/airflow/.local/lib/python3.12/site-packages/airflow/example_dags/example_trigger_target_dag.py
[2024-11-21T10:44:10.390+0000] {processor.py:914} INFO - Processing file /home/airflow/.local/lib/python3.12/site-packages/airflow/example_dags/example_trigger_target_dag.py for tasks to queue
[2024-11-21T10:44:10.396+0000] {logging_mixin.py:190} INFO - [2024-11-21T10:44:10.395+0000] {dagbag.py:588} INFO - Filling up the DagBag from /home/airflow/.local/lib/python3.12/site-packages/airflow/example_dags/example_trigger_target_dag.py
[2024-11-21T10:44:10.412+0000] {processor.py:925} INFO - DAG(s) 'example_trigger_target_dag' retrieved from /home/airflow/.local/lib/python3.12/site-packages/airflow/example_dags/example_trigger_target_dag.py
[2024-11-21T10:44:10.447+0000] {logging_mixin.py:190} INFO - [2024-11-21T10:44:10.447+0000] {dag.py:3239} INFO - Sync 1 DAGs
[2024-11-21T10:44:10.471+0000] {logging_mixin.py:190} INFO - [2024-11-21T10:44:10.471+0000] {dag.py:4180} INFO - Setting next_dagrun for example_trigger_target_dag to None, run_after=None
[2024-11-21T10:44:10.502+0000] {processor.py:208} INFO - Processing /home/airflow/.local/lib/python3.12/site-packages/airflow/example_dags/example_trigger_target_dag.py took 0.128 seconds
