[2024-11-21T10:41:50.027+0000] {processor.py:186} INFO - Started process (PID=128) to work on /home/airflow/.local/lib/python3.12/site-packages/airflow/example_dags/example_task_group_decorator.py
[2024-11-21T10:41:50.028+0000] {processor.py:914} INFO - Processing file /home/airflow/.local/lib/python3.12/site-packages/airflow/example_dags/example_task_group_decorator.py for tasks to queue
[2024-11-21T10:41:50.032+0000] {logging_mixin.py:190} INFO - [2024-11-21T10:41:50.031+0000] {dagbag.py:588} INFO - Filling up the DagBag from /home/airflow/.local/lib/python3.12/site-packages/airflow/example_dags/example_task_group_decorator.py
[2024-11-21T10:41:50.061+0000] {processor.py:925} INFO - DAG(s) 'example_task_group_decorator' retrieved from /home/airflow/.local/lib/python3.12/site-packages/airflow/example_dags/example_task_group_decorator.py
[2024-11-21T10:41:50.099+0000] {logging_mixin.py:190} INFO - [2024-11-21T10:41:50.098+0000] {dag.py:3239} INFO - Sync 1 DAGs
[2024-11-21T10:41:50.123+0000] {logging_mixin.py:190} INFO - [2024-11-21T10:41:50.121+0000] {dag.py:4180} INFO - Setting next_dagrun for example_task_group_decorator to None, run_after=None
[2024-11-21T10:41:50.158+0000] {processor.py:208} INFO - Processing /home/airflow/.local/lib/python3.12/site-packages/airflow/example_dags/example_task_group_decorator.py took 0.141 seconds
[2024-11-21T10:42:21.542+0000] {processor.py:186} INFO - Started process (PID=214) to work on /home/airflow/.local/lib/python3.12/site-packages/airflow/example_dags/example_task_group_decorator.py
[2024-11-21T10:42:21.544+0000] {processor.py:914} INFO - Processing file /home/airflow/.local/lib/python3.12/site-packages/airflow/example_dags/example_task_group_decorator.py for tasks to queue
[2024-11-21T10:42:21.549+0000] {logging_mixin.py:190} INFO - [2024-11-21T10:42:21.548+0000] {dagbag.py:588} INFO - Filling up the DagBag from /home/airflow/.local/lib/python3.12/site-packages/airflow/example_dags/example_task_group_decorator.py
[2024-11-21T10:42:21.577+0000] {processor.py:925} INFO - DAG(s) 'example_task_group_decorator' retrieved from /home/airflow/.local/lib/python3.12/site-packages/airflow/example_dags/example_task_group_decorator.py
[2024-11-21T10:42:21.615+0000] {logging_mixin.py:190} INFO - [2024-11-21T10:42:21.614+0000] {dag.py:3239} INFO - Sync 1 DAGs
[2024-11-21T10:42:21.637+0000] {logging_mixin.py:190} INFO - [2024-11-21T10:42:21.637+0000] {dag.py:4180} INFO - Setting next_dagrun for example_task_group_decorator to None, run_after=None
[2024-11-21T10:42:21.667+0000] {processor.py:208} INFO - Processing /home/airflow/.local/lib/python3.12/site-packages/airflow/example_dags/example_task_group_decorator.py took 0.136 seconds
[2024-11-21T10:42:52.806+0000] {processor.py:186} INFO - Started process (PID=278) to work on /home/airflow/.local/lib/python3.12/site-packages/airflow/example_dags/example_task_group_decorator.py
[2024-11-21T10:42:52.807+0000] {processor.py:914} INFO - Processing file /home/airflow/.local/lib/python3.12/site-packages/airflow/example_dags/example_task_group_decorator.py for tasks to queue
[2024-11-21T10:42:52.811+0000] {logging_mixin.py:190} INFO - [2024-11-21T10:42:52.810+0000] {dagbag.py:588} INFO - Filling up the DagBag from /home/airflow/.local/lib/python3.12/site-packages/airflow/example_dags/example_task_group_decorator.py
[2024-11-21T10:42:52.837+0000] {processor.py:925} INFO - DAG(s) 'example_task_group_decorator' retrieved from /home/airflow/.local/lib/python3.12/site-packages/airflow/example_dags/example_task_group_decorator.py
[2024-11-21T10:42:52.874+0000] {logging_mixin.py:190} INFO - [2024-11-21T10:42:52.874+0000] {dag.py:3239} INFO - Sync 1 DAGs
[2024-11-21T10:42:52.895+0000] {logging_mixin.py:190} INFO - [2024-11-21T10:42:52.895+0000] {dag.py:4180} INFO - Setting next_dagrun for example_task_group_decorator to None, run_after=None
[2024-11-21T10:42:52.924+0000] {processor.py:208} INFO - Processing /home/airflow/.local/lib/python3.12/site-packages/airflow/example_dags/example_task_group_decorator.py took 0.128 seconds
[2024-11-21T10:43:24.858+0000] {processor.py:186} INFO - Started process (PID=342) to work on /home/airflow/.local/lib/python3.12/site-packages/airflow/example_dags/example_task_group_decorator.py
[2024-11-21T10:43:24.859+0000] {processor.py:914} INFO - Processing file /home/airflow/.local/lib/python3.12/site-packages/airflow/example_dags/example_task_group_decorator.py for tasks to queue
[2024-11-21T10:43:24.863+0000] {logging_mixin.py:190} INFO - [2024-11-21T10:43:24.863+0000] {dagbag.py:588} INFO - Filling up the DagBag from /home/airflow/.local/lib/python3.12/site-packages/airflow/example_dags/example_task_group_decorator.py
[2024-11-21T10:43:24.887+0000] {processor.py:925} INFO - DAG(s) 'example_task_group_decorator' retrieved from /home/airflow/.local/lib/python3.12/site-packages/airflow/example_dags/example_task_group_decorator.py
[2024-11-21T10:43:24.924+0000] {logging_mixin.py:190} INFO - [2024-11-21T10:43:24.924+0000] {dag.py:3239} INFO - Sync 1 DAGs
[2024-11-21T10:43:24.947+0000] {logging_mixin.py:190} INFO - [2024-11-21T10:43:24.946+0000] {dag.py:4180} INFO - Setting next_dagrun for example_task_group_decorator to None, run_after=None
[2024-11-21T10:43:24.974+0000] {processor.py:208} INFO - Processing /home/airflow/.local/lib/python3.12/site-packages/airflow/example_dags/example_task_group_decorator.py took 0.126 seconds
[2024-11-21T10:43:56.098+0000] {processor.py:186} INFO - Started process (PID=406) to work on /home/airflow/.local/lib/python3.12/site-packages/airflow/example_dags/example_task_group_decorator.py
[2024-11-21T10:43:56.099+0000] {processor.py:914} INFO - Processing file /home/airflow/.local/lib/python3.12/site-packages/airflow/example_dags/example_task_group_decorator.py for tasks to queue
[2024-11-21T10:43:56.103+0000] {logging_mixin.py:190} INFO - [2024-11-21T10:43:56.102+0000] {dagbag.py:588} INFO - Filling up the DagBag from /home/airflow/.local/lib/python3.12/site-packages/airflow/example_dags/example_task_group_decorator.py
[2024-11-21T10:43:56.127+0000] {processor.py:925} INFO - DAG(s) 'example_task_group_decorator' retrieved from /home/airflow/.local/lib/python3.12/site-packages/airflow/example_dags/example_task_group_decorator.py
[2024-11-21T10:43:56.168+0000] {logging_mixin.py:190} INFO - [2024-11-21T10:43:56.167+0000] {dag.py:3239} INFO - Sync 1 DAGs
[2024-11-21T10:43:56.189+0000] {logging_mixin.py:190} INFO - [2024-11-21T10:43:56.188+0000] {dag.py:4180} INFO - Setting next_dagrun for example_task_group_decorator to None, run_after=None
[2024-11-21T10:43:56.217+0000] {processor.py:208} INFO - Processing /home/airflow/.local/lib/python3.12/site-packages/airflow/example_dags/example_task_group_decorator.py took 0.129 seconds
[2024-11-21T10:44:27.710+0000] {processor.py:186} INFO - Started process (PID=470) to work on /home/airflow/.local/lib/python3.12/site-packages/airflow/example_dags/example_task_group_decorator.py
[2024-11-21T10:44:27.712+0000] {processor.py:914} INFO - Processing file /home/airflow/.local/lib/python3.12/site-packages/airflow/example_dags/example_task_group_decorator.py for tasks to queue
[2024-11-21T10:44:27.717+0000] {logging_mixin.py:190} INFO - [2024-11-21T10:44:27.716+0000] {dagbag.py:588} INFO - Filling up the DagBag from /home/airflow/.local/lib/python3.12/site-packages/airflow/example_dags/example_task_group_decorator.py
[2024-11-21T10:44:27.747+0000] {processor.py:925} INFO - DAG(s) 'example_task_group_decorator' retrieved from /home/airflow/.local/lib/python3.12/site-packages/airflow/example_dags/example_task_group_decorator.py
[2024-11-21T10:44:27.785+0000] {logging_mixin.py:190} INFO - [2024-11-21T10:44:27.785+0000] {dag.py:3239} INFO - Sync 1 DAGs
[2024-11-21T10:44:27.808+0000] {logging_mixin.py:190} INFO - [2024-11-21T10:44:27.807+0000] {dag.py:4180} INFO - Setting next_dagrun for example_task_group_decorator to None, run_after=None
[2024-11-21T10:44:27.836+0000] {processor.py:208} INFO - Processing /home/airflow/.local/lib/python3.12/site-packages/airflow/example_dags/example_task_group_decorator.py took 0.135 seconds
