[2024-11-21T10:41:44.786+0000] {processor.py:186} INFO - Started process (PID=106) to work on /home/airflow/.local/lib/python3.12/site-packages/airflow/example_dags/example_sensor_decorator.py
[2024-11-21T10:41:44.788+0000] {processor.py:914} INFO - Processing file /home/airflow/.local/lib/python3.12/site-packages/airflow/example_dags/example_sensor_decorator.py for tasks to queue
[2024-11-21T10:41:44.794+0000] {logging_mixin.py:190} INFO - [2024-11-21T10:41:44.793+0000] {dagbag.py:588} INFO - Filling up the DagBag from /home/airflow/.local/lib/python3.12/site-packages/airflow/example_dags/example_sensor_decorator.py
[2024-11-21T10:41:44.815+0000] {processor.py:925} INFO - DAG(s) 'example_sensor_decorator' retrieved from /home/airflow/.local/lib/python3.12/site-packages/airflow/example_dags/example_sensor_decorator.py
[2024-11-21T10:41:44.872+0000] {logging_mixin.py:190} INFO - [2024-11-21T10:41:44.872+0000] {dag.py:3239} INFO - Sync 1 DAGs
[2024-11-21T10:41:44.903+0000] {logging_mixin.py:190} INFO - [2024-11-21T10:41:44.903+0000] {dag.py:4180} INFO - Setting next_dagrun for example_sensor_decorator to None, run_after=None
[2024-11-21T10:41:44.941+0000] {processor.py:208} INFO - Processing /home/airflow/.local/lib/python3.12/site-packages/airflow/example_dags/example_sensor_decorator.py took 0.227 seconds
[2024-11-21T10:42:15.981+0000] {processor.py:186} INFO - Started process (PID=191) to work on /home/airflow/.local/lib/python3.12/site-packages/airflow/example_dags/example_sensor_decorator.py
[2024-11-21T10:42:15.982+0000] {processor.py:914} INFO - Processing file /home/airflow/.local/lib/python3.12/site-packages/airflow/example_dags/example_sensor_decorator.py for tasks to queue
[2024-11-21T10:42:15.989+0000] {logging_mixin.py:190} INFO - [2024-11-21T10:42:15.987+0000] {dagbag.py:588} INFO - Filling up the DagBag from /home/airflow/.local/lib/python3.12/site-packages/airflow/example_dags/example_sensor_decorator.py
[2024-11-21T10:42:16.008+0000] {processor.py:925} INFO - DAG(s) 'example_sensor_decorator' retrieved from /home/airflow/.local/lib/python3.12/site-packages/airflow/example_dags/example_sensor_decorator.py
[2024-11-21T10:42:16.049+0000] {logging_mixin.py:190} INFO - [2024-11-21T10:42:16.048+0000] {dag.py:3239} INFO - Sync 1 DAGs
[2024-11-21T10:42:16.071+0000] {logging_mixin.py:190} INFO - [2024-11-21T10:42:16.070+0000] {dag.py:4180} INFO - Setting next_dagrun for example_sensor_decorator to None, run_after=None
[2024-11-21T10:42:16.100+0000] {processor.py:208} INFO - Processing /home/airflow/.local/lib/python3.12/site-packages/airflow/example_dags/example_sensor_decorator.py took 0.132 seconds
[2024-11-21T10:42:47.027+0000] {processor.py:186} INFO - Started process (PID=255) to work on /home/airflow/.local/lib/python3.12/site-packages/airflow/example_dags/example_sensor_decorator.py
[2024-11-21T10:42:47.028+0000] {processor.py:914} INFO - Processing file /home/airflow/.local/lib/python3.12/site-packages/airflow/example_dags/example_sensor_decorator.py for tasks to queue
[2024-11-21T10:42:47.033+0000] {logging_mixin.py:190} INFO - [2024-11-21T10:42:47.032+0000] {dagbag.py:588} INFO - Filling up the DagBag from /home/airflow/.local/lib/python3.12/site-packages/airflow/example_dags/example_sensor_decorator.py
[2024-11-21T10:42:47.048+0000] {processor.py:925} INFO - DAG(s) 'example_sensor_decorator' retrieved from /home/airflow/.local/lib/python3.12/site-packages/airflow/example_dags/example_sensor_decorator.py
[2024-11-21T10:42:47.082+0000] {logging_mixin.py:190} INFO - [2024-11-21T10:42:47.081+0000] {dag.py:3239} INFO - Sync 1 DAGs
[2024-11-21T10:42:47.109+0000] {logging_mixin.py:190} INFO - [2024-11-21T10:42:47.109+0000] {dag.py:4180} INFO - Setting next_dagrun for example_sensor_decorator to None, run_after=None
[2024-11-21T10:42:47.146+0000] {processor.py:208} INFO - Processing /home/airflow/.local/lib/python3.12/site-packages/airflow/example_dags/example_sensor_decorator.py took 0.129 seconds
[2024-11-21T10:43:17.796+0000] {processor.py:186} INFO - Started process (PID=319) to work on /home/airflow/.local/lib/python3.12/site-packages/airflow/example_dags/example_sensor_decorator.py
[2024-11-21T10:43:17.798+0000] {processor.py:914} INFO - Processing file /home/airflow/.local/lib/python3.12/site-packages/airflow/example_dags/example_sensor_decorator.py for tasks to queue
[2024-11-21T10:43:17.802+0000] {logging_mixin.py:190} INFO - [2024-11-21T10:43:17.801+0000] {dagbag.py:588} INFO - Filling up the DagBag from /home/airflow/.local/lib/python3.12/site-packages/airflow/example_dags/example_sensor_decorator.py
[2024-11-21T10:43:17.817+0000] {processor.py:925} INFO - DAG(s) 'example_sensor_decorator' retrieved from /home/airflow/.local/lib/python3.12/site-packages/airflow/example_dags/example_sensor_decorator.py
[2024-11-21T10:43:17.852+0000] {logging_mixin.py:190} INFO - [2024-11-21T10:43:17.852+0000] {dag.py:3239} INFO - Sync 1 DAGs
[2024-11-21T10:43:17.876+0000] {logging_mixin.py:190} INFO - [2024-11-21T10:43:17.876+0000] {dag.py:4180} INFO - Setting next_dagrun for example_sensor_decorator to None, run_after=None
[2024-11-21T10:43:17.905+0000] {processor.py:208} INFO - Processing /home/airflow/.local/lib/python3.12/site-packages/airflow/example_dags/example_sensor_decorator.py took 0.118 seconds
[2024-11-21T10:43:48.160+0000] {processor.py:186} INFO - Started process (PID=383) to work on /home/airflow/.local/lib/python3.12/site-packages/airflow/example_dags/example_sensor_decorator.py
[2024-11-21T10:43:48.161+0000] {processor.py:914} INFO - Processing file /home/airflow/.local/lib/python3.12/site-packages/airflow/example_dags/example_sensor_decorator.py for tasks to queue
[2024-11-21T10:43:48.166+0000] {logging_mixin.py:190} INFO - [2024-11-21T10:43:48.165+0000] {dagbag.py:588} INFO - Filling up the DagBag from /home/airflow/.local/lib/python3.12/site-packages/airflow/example_dags/example_sensor_decorator.py
[2024-11-21T10:43:48.182+0000] {processor.py:925} INFO - DAG(s) 'example_sensor_decorator' retrieved from /home/airflow/.local/lib/python3.12/site-packages/airflow/example_dags/example_sensor_decorator.py
[2024-11-21T10:43:48.221+0000] {logging_mixin.py:190} INFO - [2024-11-21T10:43:48.221+0000] {dag.py:3239} INFO - Sync 1 DAGs
[2024-11-21T10:43:48.249+0000] {logging_mixin.py:190} INFO - [2024-11-21T10:43:48.249+0000] {dag.py:4180} INFO - Setting next_dagrun for example_sensor_decorator to None, run_after=None
[2024-11-21T10:43:48.283+0000] {processor.py:208} INFO - Processing /home/airflow/.local/lib/python3.12/site-packages/airflow/example_dags/example_sensor_decorator.py took 0.135 seconds
[2024-11-21T10:44:19.174+0000] {processor.py:186} INFO - Started process (PID=446) to work on /home/airflow/.local/lib/python3.12/site-packages/airflow/example_dags/example_sensor_decorator.py
[2024-11-21T10:44:19.176+0000] {processor.py:914} INFO - Processing file /home/airflow/.local/lib/python3.12/site-packages/airflow/example_dags/example_sensor_decorator.py for tasks to queue
[2024-11-21T10:44:19.180+0000] {logging_mixin.py:190} INFO - [2024-11-21T10:44:19.179+0000] {dagbag.py:588} INFO - Filling up the DagBag from /home/airflow/.local/lib/python3.12/site-packages/airflow/example_dags/example_sensor_decorator.py
[2024-11-21T10:44:19.194+0000] {processor.py:925} INFO - DAG(s) 'example_sensor_decorator' retrieved from /home/airflow/.local/lib/python3.12/site-packages/airflow/example_dags/example_sensor_decorator.py
[2024-11-21T10:44:19.225+0000] {logging_mixin.py:190} INFO - [2024-11-21T10:44:19.225+0000] {dag.py:3239} INFO - Sync 1 DAGs
[2024-11-21T10:44:19.247+0000] {logging_mixin.py:190} INFO - [2024-11-21T10:44:19.246+0000] {dag.py:4180} INFO - Setting next_dagrun for example_sensor_decorator to None, run_after=None
[2024-11-21T10:44:19.273+0000] {processor.py:208} INFO - Processing /home/airflow/.local/lib/python3.12/site-packages/airflow/example_dags/example_sensor_decorator.py took 0.109 seconds
