[2024-11-21T10:41:35.674+0000] {processor.py:186} INFO - Started process (PID=83) to work on /home/airflow/.local/lib/python3.12/site-packages/airflow/example_dags/example_latest_only.py
[2024-11-21T10:41:35.680+0000] {processor.py:914} INFO - Processing file /home/airflow/.local/lib/python3.12/site-packages/airflow/example_dags/example_latest_only.py for tasks to queue
[2024-11-21T10:41:35.685+0000] {logging_mixin.py:190} INFO - [2024-11-21T10:41:35.685+0000] {dagbag.py:588} INFO - Filling up the DagBag from /home/airflow/.local/lib/python3.12/site-packages/airflow/example_dags/example_latest_only.py
[2024-11-21T10:41:35.733+0000] {processor.py:925} INFO - DAG(s) 'latest_only' retrieved from /home/airflow/.local/lib/python3.12/site-packages/airflow/example_dags/example_latest_only.py
[2024-11-21T10:41:35.842+0000] {logging_mixin.py:190} INFO - [2024-11-21T10:41:35.841+0000] {dag.py:3239} INFO - Sync 1 DAGs
[2024-11-21T10:41:35.984+0000] {logging_mixin.py:190} INFO - [2024-11-21T10:41:35.982+0000] {dag.py:4180} INFO - Setting next_dagrun for latest_only to 2024-11-21 04:00:00+00:00, run_after=2024-11-21 08:00:00+00:00
[2024-11-21T10:41:36.075+0000] {processor.py:208} INFO - Processing /home/airflow/.local/lib/python3.12/site-packages/airflow/example_dags/example_latest_only.py took 0.419 seconds
[2024-11-21T10:42:06.319+0000] {processor.py:186} INFO - Started process (PID=168) to work on /home/airflow/.local/lib/python3.12/site-packages/airflow/example_dags/example_latest_only.py
[2024-11-21T10:42:06.322+0000] {processor.py:914} INFO - Processing file /home/airflow/.local/lib/python3.12/site-packages/airflow/example_dags/example_latest_only.py for tasks to queue
[2024-11-21T10:42:06.328+0000] {logging_mixin.py:190} INFO - [2024-11-21T10:42:06.327+0000] {dagbag.py:588} INFO - Filling up the DagBag from /home/airflow/.local/lib/python3.12/site-packages/airflow/example_dags/example_latest_only.py
[2024-11-21T10:42:06.353+0000] {processor.py:925} INFO - DAG(s) 'latest_only' retrieved from /home/airflow/.local/lib/python3.12/site-packages/airflow/example_dags/example_latest_only.py
[2024-11-21T10:42:06.410+0000] {logging_mixin.py:190} INFO - [2024-11-21T10:42:06.410+0000] {dag.py:3239} INFO - Sync 1 DAGs
[2024-11-21T10:42:06.464+0000] {logging_mixin.py:190} INFO - [2024-11-21T10:42:06.463+0000] {dag.py:4180} INFO - Setting next_dagrun for latest_only to 2024-11-21 04:00:00+00:00, run_after=2024-11-21 08:00:00+00:00
[2024-11-21T10:42:06.522+0000] {processor.py:208} INFO - Processing /home/airflow/.local/lib/python3.12/site-packages/airflow/example_dags/example_latest_only.py took 0.223 seconds
[2024-11-21T10:42:36.597+0000] {processor.py:186} INFO - Started process (PID=232) to work on /home/airflow/.local/lib/python3.12/site-packages/airflow/example_dags/example_latest_only.py
[2024-11-21T10:42:36.598+0000] {processor.py:914} INFO - Processing file /home/airflow/.local/lib/python3.12/site-packages/airflow/example_dags/example_latest_only.py for tasks to queue
[2024-11-21T10:42:36.603+0000] {logging_mixin.py:190} INFO - [2024-11-21T10:42:36.602+0000] {dagbag.py:588} INFO - Filling up the DagBag from /home/airflow/.local/lib/python3.12/site-packages/airflow/example_dags/example_latest_only.py
[2024-11-21T10:42:36.615+0000] {processor.py:925} INFO - DAG(s) 'latest_only' retrieved from /home/airflow/.local/lib/python3.12/site-packages/airflow/example_dags/example_latest_only.py
[2024-11-21T10:42:36.648+0000] {logging_mixin.py:190} INFO - [2024-11-21T10:42:36.648+0000] {dag.py:3239} INFO - Sync 1 DAGs
[2024-11-21T10:42:36.684+0000] {logging_mixin.py:190} INFO - [2024-11-21T10:42:36.684+0000] {dag.py:4180} INFO - Setting next_dagrun for latest_only to 2024-11-21 04:00:00+00:00, run_after=2024-11-21 08:00:00+00:00
[2024-11-21T10:42:36.715+0000] {processor.py:208} INFO - Processing /home/airflow/.local/lib/python3.12/site-packages/airflow/example_dags/example_latest_only.py took 0.127 seconds
[2024-11-21T10:43:06.944+0000] {processor.py:186} INFO - Started process (PID=296) to work on /home/airflow/.local/lib/python3.12/site-packages/airflow/example_dags/example_latest_only.py
[2024-11-21T10:43:06.946+0000] {processor.py:914} INFO - Processing file /home/airflow/.local/lib/python3.12/site-packages/airflow/example_dags/example_latest_only.py for tasks to queue
[2024-11-21T10:43:06.950+0000] {logging_mixin.py:190} INFO - [2024-11-21T10:43:06.949+0000] {dagbag.py:588} INFO - Filling up the DagBag from /home/airflow/.local/lib/python3.12/site-packages/airflow/example_dags/example_latest_only.py
[2024-11-21T10:43:06.963+0000] {processor.py:925} INFO - DAG(s) 'latest_only' retrieved from /home/airflow/.local/lib/python3.12/site-packages/airflow/example_dags/example_latest_only.py
[2024-11-21T10:43:07.000+0000] {logging_mixin.py:190} INFO - [2024-11-21T10:43:06.999+0000] {dag.py:3239} INFO - Sync 1 DAGs
[2024-11-21T10:43:07.039+0000] {logging_mixin.py:190} INFO - [2024-11-21T10:43:07.038+0000] {dag.py:4180} INFO - Setting next_dagrun for latest_only to 2024-11-21 04:00:00+00:00, run_after=2024-11-21 08:00:00+00:00
[2024-11-21T10:43:07.074+0000] {processor.py:208} INFO - Processing /home/airflow/.local/lib/python3.12/site-packages/airflow/example_dags/example_latest_only.py took 0.141 seconds
[2024-11-21T10:43:37.444+0000] {processor.py:186} INFO - Started process (PID=360) to work on /home/airflow/.local/lib/python3.12/site-packages/airflow/example_dags/example_latest_only.py
[2024-11-21T10:43:37.445+0000] {processor.py:914} INFO - Processing file /home/airflow/.local/lib/python3.12/site-packages/airflow/example_dags/example_latest_only.py for tasks to queue
[2024-11-21T10:43:37.450+0000] {logging_mixin.py:190} INFO - [2024-11-21T10:43:37.449+0000] {dagbag.py:588} INFO - Filling up the DagBag from /home/airflow/.local/lib/python3.12/site-packages/airflow/example_dags/example_latest_only.py
[2024-11-21T10:43:37.464+0000] {processor.py:925} INFO - DAG(s) 'latest_only' retrieved from /home/airflow/.local/lib/python3.12/site-packages/airflow/example_dags/example_latest_only.py
[2024-11-21T10:43:37.502+0000] {logging_mixin.py:190} INFO - [2024-11-21T10:43:37.501+0000] {dag.py:3239} INFO - Sync 1 DAGs
[2024-11-21T10:43:37.547+0000] {logging_mixin.py:190} INFO - [2024-11-21T10:43:37.547+0000] {dag.py:4180} INFO - Setting next_dagrun for latest_only to 2024-11-21 04:00:00+00:00, run_after=2024-11-21 08:00:00+00:00
[2024-11-21T10:43:37.584+0000] {processor.py:208} INFO - Processing /home/airflow/.local/lib/python3.12/site-packages/airflow/example_dags/example_latest_only.py took 0.152 seconds
[2024-11-21T10:44:08.180+0000] {processor.py:186} INFO - Started process (PID=424) to work on /home/airflow/.local/lib/python3.12/site-packages/airflow/example_dags/example_latest_only.py
[2024-11-21T10:44:08.181+0000] {processor.py:914} INFO - Processing file /home/airflow/.local/lib/python3.12/site-packages/airflow/example_dags/example_latest_only.py for tasks to queue
[2024-11-21T10:44:08.185+0000] {logging_mixin.py:190} INFO - [2024-11-21T10:44:08.184+0000] {dagbag.py:588} INFO - Filling up the DagBag from /home/airflow/.local/lib/python3.12/site-packages/airflow/example_dags/example_latest_only.py
[2024-11-21T10:44:08.196+0000] {processor.py:925} INFO - DAG(s) 'latest_only' retrieved from /home/airflow/.local/lib/python3.12/site-packages/airflow/example_dags/example_latest_only.py
[2024-11-21T10:44:08.228+0000] {logging_mixin.py:190} INFO - [2024-11-21T10:44:08.228+0000] {dag.py:3239} INFO - Sync 1 DAGs
[2024-11-21T10:44:08.261+0000] {logging_mixin.py:190} INFO - [2024-11-21T10:44:08.261+0000] {dag.py:4180} INFO - Setting next_dagrun for latest_only to 2024-11-21 04:00:00+00:00, run_after=2024-11-21 08:00:00+00:00
[2024-11-21T10:44:08.288+0000] {processor.py:208} INFO - Processing /home/airflow/.local/lib/python3.12/site-packages/airflow/example_dags/example_latest_only.py took 0.117 seconds
