[2024-11-21T10:41:47.388+0000] {processor.py:186} INFO - Started process (PID=113) to work on /home/airflow/.local/lib/python3.12/site-packages/airflow/example_dags/example_python_operator.py
[2024-11-21T10:41:47.389+0000] {processor.py:914} INFO - Processing file /home/airflow/.local/lib/python3.12/site-packages/airflow/example_dags/example_python_operator.py for tasks to queue
[2024-11-21T10:41:47.394+0000] {logging_mixin.py:190} INFO - [2024-11-21T10:41:47.393+0000] {dagbag.py:588} INFO - Filling up the DagBag from /home/airflow/.local/lib/python3.12/site-packages/airflow/example_dags/example_python_operator.py
[2024-11-21T10:41:47.411+0000] {processor.py:925} INFO - DAG(s) 'example_python_operator' retrieved from /home/airflow/.local/lib/python3.12/site-packages/airflow/example_dags/example_python_operator.py
[2024-11-21T10:41:47.551+0000] {logging_mixin.py:190} INFO - [2024-11-21T10:41:47.550+0000] {dag.py:3239} INFO - Sync 1 DAGs
[2024-11-21T10:41:47.565+0000] {logging_mixin.py:190} INFO - [2024-11-21T10:41:47.565+0000] {dag.py:4180} INFO - Setting next_dagrun for example_python_operator to None, run_after=None
[2024-11-21T10:41:47.593+0000] {processor.py:208} INFO - Processing /home/airflow/.local/lib/python3.12/site-packages/airflow/example_dags/example_python_operator.py took 0.216 seconds
[2024-11-21T10:42:17.766+0000] {processor.py:186} INFO - Started process (PID=199) to work on /home/airflow/.local/lib/python3.12/site-packages/airflow/example_dags/example_python_operator.py
[2024-11-21T10:42:17.767+0000] {processor.py:914} INFO - Processing file /home/airflow/.local/lib/python3.12/site-packages/airflow/example_dags/example_python_operator.py for tasks to queue
[2024-11-21T10:42:17.771+0000] {logging_mixin.py:190} INFO - [2024-11-21T10:42:17.771+0000] {dagbag.py:588} INFO - Filling up the DagBag from /home/airflow/.local/lib/python3.12/site-packages/airflow/example_dags/example_python_operator.py
[2024-11-21T10:42:17.792+0000] {processor.py:925} INFO - DAG(s) 'example_python_operator' retrieved from /home/airflow/.local/lib/python3.12/site-packages/airflow/example_dags/example_python_operator.py
[2024-11-21T10:42:17.827+0000] {logging_mixin.py:190} INFO - [2024-11-21T10:42:17.827+0000] {dag.py:3239} INFO - Sync 1 DAGs
[2024-11-21T10:42:17.850+0000] {logging_mixin.py:190} INFO - [2024-11-21T10:42:17.850+0000] {dag.py:4180} INFO - Setting next_dagrun for example_python_operator to None, run_after=None
[2024-11-21T10:42:17.878+0000] {processor.py:208} INFO - Processing /home/airflow/.local/lib/python3.12/site-packages/airflow/example_dags/example_python_operator.py took 0.121 seconds
[2024-11-21T10:42:48.683+0000] {processor.py:186} INFO - Started process (PID=262) to work on /home/airflow/.local/lib/python3.12/site-packages/airflow/example_dags/example_python_operator.py
[2024-11-21T10:42:48.684+0000] {processor.py:914} INFO - Processing file /home/airflow/.local/lib/python3.12/site-packages/airflow/example_dags/example_python_operator.py for tasks to queue
[2024-11-21T10:42:48.690+0000] {logging_mixin.py:190} INFO - [2024-11-21T10:42:48.689+0000] {dagbag.py:588} INFO - Filling up the DagBag from /home/airflow/.local/lib/python3.12/site-packages/airflow/example_dags/example_python_operator.py
[2024-11-21T10:42:48.714+0000] {processor.py:925} INFO - DAG(s) 'example_python_operator' retrieved from /home/airflow/.local/lib/python3.12/site-packages/airflow/example_dags/example_python_operator.py
[2024-11-21T10:42:48.752+0000] {logging_mixin.py:190} INFO - [2024-11-21T10:42:48.751+0000] {dag.py:3239} INFO - Sync 1 DAGs
[2024-11-21T10:42:48.777+0000] {logging_mixin.py:190} INFO - [2024-11-21T10:42:48.776+0000] {dag.py:4180} INFO - Setting next_dagrun for example_python_operator to None, run_after=None
[2024-11-21T10:42:48.810+0000] {processor.py:208} INFO - Processing /home/airflow/.local/lib/python3.12/site-packages/airflow/example_dags/example_python_operator.py took 0.137 seconds
[2024-11-21T10:43:19.398+0000] {processor.py:186} INFO - Started process (PID=326) to work on /home/airflow/.local/lib/python3.12/site-packages/airflow/example_dags/example_python_operator.py
[2024-11-21T10:43:19.399+0000] {processor.py:914} INFO - Processing file /home/airflow/.local/lib/python3.12/site-packages/airflow/example_dags/example_python_operator.py for tasks to queue
[2024-11-21T10:43:19.403+0000] {logging_mixin.py:190} INFO - [2024-11-21T10:43:19.403+0000] {dagbag.py:588} INFO - Filling up the DagBag from /home/airflow/.local/lib/python3.12/site-packages/airflow/example_dags/example_python_operator.py
[2024-11-21T10:43:19.423+0000] {processor.py:925} INFO - DAG(s) 'example_python_operator' retrieved from /home/airflow/.local/lib/python3.12/site-packages/airflow/example_dags/example_python_operator.py
[2024-11-21T10:43:19.461+0000] {logging_mixin.py:190} INFO - [2024-11-21T10:43:19.461+0000] {dag.py:3239} INFO - Sync 1 DAGs
[2024-11-21T10:43:19.489+0000] {logging_mixin.py:190} INFO - [2024-11-21T10:43:19.488+0000] {dag.py:4180} INFO - Setting next_dagrun for example_python_operator to None, run_after=None
[2024-11-21T10:43:19.524+0000] {processor.py:208} INFO - Processing /home/airflow/.local/lib/python3.12/site-packages/airflow/example_dags/example_python_operator.py took 0.135 seconds
[2024-11-21T10:43:49.615+0000] {processor.py:186} INFO - Started process (PID=390) to work on /home/airflow/.local/lib/python3.12/site-packages/airflow/example_dags/example_python_operator.py
[2024-11-21T10:43:49.620+0000] {processor.py:914} INFO - Processing file /home/airflow/.local/lib/python3.12/site-packages/airflow/example_dags/example_python_operator.py for tasks to queue
[2024-11-21T10:43:49.626+0000] {logging_mixin.py:190} INFO - [2024-11-21T10:43:49.625+0000] {dagbag.py:588} INFO - Filling up the DagBag from /home/airflow/.local/lib/python3.12/site-packages/airflow/example_dags/example_python_operator.py
[2024-11-21T10:43:49.647+0000] {processor.py:925} INFO - DAG(s) 'example_python_operator' retrieved from /home/airflow/.local/lib/python3.12/site-packages/airflow/example_dags/example_python_operator.py
[2024-11-21T10:43:49.681+0000] {logging_mixin.py:190} INFO - [2024-11-21T10:43:49.681+0000] {dag.py:3239} INFO - Sync 1 DAGs
[2024-11-21T10:43:49.702+0000] {logging_mixin.py:190} INFO - [2024-11-21T10:43:49.702+0000] {dag.py:4180} INFO - Setting next_dagrun for example_python_operator to None, run_after=None
[2024-11-21T10:43:49.728+0000] {processor.py:208} INFO - Processing /home/airflow/.local/lib/python3.12/site-packages/airflow/example_dags/example_python_operator.py took 0.131 seconds
[2024-11-21T10:44:20.266+0000] {processor.py:186} INFO - Started process (PID=454) to work on /home/airflow/.local/lib/python3.12/site-packages/airflow/example_dags/example_python_operator.py
[2024-11-21T10:44:20.267+0000] {processor.py:914} INFO - Processing file /home/airflow/.local/lib/python3.12/site-packages/airflow/example_dags/example_python_operator.py for tasks to queue
[2024-11-21T10:44:20.271+0000] {logging_mixin.py:190} INFO - [2024-11-21T10:44:20.270+0000] {dagbag.py:588} INFO - Filling up the DagBag from /home/airflow/.local/lib/python3.12/site-packages/airflow/example_dags/example_python_operator.py
[2024-11-21T10:44:20.292+0000] {processor.py:925} INFO - DAG(s) 'example_python_operator' retrieved from /home/airflow/.local/lib/python3.12/site-packages/airflow/example_dags/example_python_operator.py
[2024-11-21T10:44:20.326+0000] {logging_mixin.py:190} INFO - [2024-11-21T10:44:20.326+0000] {dag.py:3239} INFO - Sync 1 DAGs
[2024-11-21T10:44:20.346+0000] {logging_mixin.py:190} INFO - [2024-11-21T10:44:20.346+0000] {dag.py:4180} INFO - Setting next_dagrun for example_python_operator to None, run_after=None
[2024-11-21T10:44:20.371+0000] {processor.py:208} INFO - Processing /home/airflow/.local/lib/python3.12/site-packages/airflow/example_dags/example_python_operator.py took 0.115 seconds
