[2024-11-21T10:41:35.174+0000] {processor.py:186} INFO - Started process (PID=82) to work on /home/airflow/.local/lib/python3.12/site-packages/airflow/example_dags/example_sla_dag.py
[2024-11-21T10:41:35.182+0000] {processor.py:914} INFO - Processing file /home/airflow/.local/lib/python3.12/site-packages/airflow/example_dags/example_sla_dag.py for tasks to queue
[2024-11-21T10:41:35.192+0000] {logging_mixin.py:190} INFO - [2024-11-21T10:41:35.191+0000] {dagbag.py:588} INFO - Filling up the DagBag from /home/airflow/.local/lib/python3.12/site-packages/airflow/example_dags/example_sla_dag.py
[2024-11-21T10:41:35.260+0000] {processor.py:925} INFO - DAG(s) 'example_sla_dag' retrieved from /home/airflow/.local/lib/python3.12/site-packages/airflow/example_dags/example_sla_dag.py
[2024-11-21T10:41:35.384+0000] {logging_mixin.py:190} INFO - [2024-11-21T10:41:35.383+0000] {dag.py:3239} INFO - Sync 1 DAGs
[2024-11-21T10:41:35.447+0000] {logging_mixin.py:190} INFO - [2024-11-21T10:41:35.446+0000] {dag.py:4180} INFO - Setting next_dagrun for example_sla_dag to 2024-11-21 10:38:00+00:00, run_after=2024-11-21 10:40:00+00:00
[2024-11-21T10:41:35.529+0000] {processor.py:208} INFO - Processing /home/airflow/.local/lib/python3.12/site-packages/airflow/example_dags/example_sla_dag.py took 0.372 seconds
[2024-11-21T10:42:05.810+0000] {processor.py:186} INFO - Started process (PID=167) to work on /home/airflow/.local/lib/python3.12/site-packages/airflow/example_dags/example_sla_dag.py
[2024-11-21T10:42:05.813+0000] {processor.py:914} INFO - Processing file /home/airflow/.local/lib/python3.12/site-packages/airflow/example_dags/example_sla_dag.py for tasks to queue
[2024-11-21T10:42:05.828+0000] {logging_mixin.py:190} INFO - [2024-11-21T10:42:05.822+0000] {dagbag.py:588} INFO - Filling up the DagBag from /home/airflow/.local/lib/python3.12/site-packages/airflow/example_dags/example_sla_dag.py
[2024-11-21T10:42:05.966+0000] {processor.py:925} INFO - DAG(s) 'example_sla_dag' retrieved from /home/airflow/.local/lib/python3.12/site-packages/airflow/example_dags/example_sla_dag.py
[2024-11-21T10:42:06.072+0000] {logging_mixin.py:190} INFO - [2024-11-21T10:42:06.071+0000] {dag.py:3239} INFO - Sync 1 DAGs
[2024-11-21T10:42:06.191+0000] {logging_mixin.py:190} INFO - [2024-11-21T10:42:06.191+0000] {dag.py:4180} INFO - Setting next_dagrun for example_sla_dag to 2024-11-21 10:40:00+00:00, run_after=2024-11-21 10:42:00+00:00
[2024-11-21T10:42:06.242+0000] {processor.py:208} INFO - Processing /home/airflow/.local/lib/python3.12/site-packages/airflow/example_dags/example_sla_dag.py took 0.455 seconds
[2024-11-21T10:42:36.447+0000] {processor.py:186} INFO - Started process (PID=231) to work on /home/airflow/.local/lib/python3.12/site-packages/airflow/example_dags/example_sla_dag.py
[2024-11-21T10:42:36.448+0000] {processor.py:914} INFO - Processing file /home/airflow/.local/lib/python3.12/site-packages/airflow/example_dags/example_sla_dag.py for tasks to queue
[2024-11-21T10:42:36.452+0000] {logging_mixin.py:190} INFO - [2024-11-21T10:42:36.452+0000] {dagbag.py:588} INFO - Filling up the DagBag from /home/airflow/.local/lib/python3.12/site-packages/airflow/example_dags/example_sla_dag.py
[2024-11-21T10:42:36.469+0000] {processor.py:925} INFO - DAG(s) 'example_sla_dag' retrieved from /home/airflow/.local/lib/python3.12/site-packages/airflow/example_dags/example_sla_dag.py
[2024-11-21T10:42:36.497+0000] {logging_mixin.py:190} INFO - [2024-11-21T10:42:36.497+0000] {dag.py:3239} INFO - Sync 1 DAGs
[2024-11-21T10:42:36.535+0000] {logging_mixin.py:190} INFO - [2024-11-21T10:42:36.535+0000] {dag.py:4180} INFO - Setting next_dagrun for example_sla_dag to 2024-11-21 10:40:00+00:00, run_after=2024-11-21 10:42:00+00:00
[2024-11-21T10:42:36.563+0000] {processor.py:208} INFO - Processing /home/airflow/.local/lib/python3.12/site-packages/airflow/example_dags/example_sla_dag.py took 0.125 seconds
[2024-11-21T10:43:06.773+0000] {processor.py:186} INFO - Started process (PID=295) to work on /home/airflow/.local/lib/python3.12/site-packages/airflow/example_dags/example_sla_dag.py
[2024-11-21T10:43:06.775+0000] {processor.py:914} INFO - Processing file /home/airflow/.local/lib/python3.12/site-packages/airflow/example_dags/example_sla_dag.py for tasks to queue
[2024-11-21T10:43:06.779+0000] {logging_mixin.py:190} INFO - [2024-11-21T10:43:06.779+0000] {dagbag.py:588} INFO - Filling up the DagBag from /home/airflow/.local/lib/python3.12/site-packages/airflow/example_dags/example_sla_dag.py
[2024-11-21T10:43:06.801+0000] {processor.py:925} INFO - DAG(s) 'example_sla_dag' retrieved from /home/airflow/.local/lib/python3.12/site-packages/airflow/example_dags/example_sla_dag.py
[2024-11-21T10:43:06.837+0000] {logging_mixin.py:190} INFO - [2024-11-21T10:43:06.837+0000] {dag.py:3239} INFO - Sync 1 DAGs
[2024-11-21T10:43:06.882+0000] {logging_mixin.py:190} INFO - [2024-11-21T10:43:06.882+0000] {dag.py:4180} INFO - Setting next_dagrun for example_sla_dag to 2024-11-21 10:40:00+00:00, run_after=2024-11-21 10:42:00+00:00
[2024-11-21T10:43:06.915+0000] {processor.py:208} INFO - Processing /home/airflow/.local/lib/python3.12/site-packages/airflow/example_dags/example_sla_dag.py took 0.154 seconds
[2024-11-21T10:43:37.242+0000] {processor.py:186} INFO - Started process (PID=359) to work on /home/airflow/.local/lib/python3.12/site-packages/airflow/example_dags/example_sla_dag.py
[2024-11-21T10:43:37.243+0000] {processor.py:914} INFO - Processing file /home/airflow/.local/lib/python3.12/site-packages/airflow/example_dags/example_sla_dag.py for tasks to queue
[2024-11-21T10:43:37.248+0000] {logging_mixin.py:190} INFO - [2024-11-21T10:43:37.248+0000] {dagbag.py:588} INFO - Filling up the DagBag from /home/airflow/.local/lib/python3.12/site-packages/airflow/example_dags/example_sla_dag.py
[2024-11-21T10:43:37.269+0000] {processor.py:925} INFO - DAG(s) 'example_sla_dag' retrieved from /home/airflow/.local/lib/python3.12/site-packages/airflow/example_dags/example_sla_dag.py
[2024-11-21T10:43:37.306+0000] {logging_mixin.py:190} INFO - [2024-11-21T10:43:37.305+0000] {dag.py:3239} INFO - Sync 1 DAGs
[2024-11-21T10:43:37.354+0000] {logging_mixin.py:190} INFO - [2024-11-21T10:43:37.354+0000] {dag.py:4180} INFO - Setting next_dagrun for example_sla_dag to 2024-11-21 10:40:00+00:00, run_after=2024-11-21 10:42:00+00:00
[2024-11-21T10:43:37.389+0000] {processor.py:208} INFO - Processing /home/airflow/.local/lib/python3.12/site-packages/airflow/example_dags/example_sla_dag.py took 0.158 seconds
[2024-11-21T10:44:08.018+0000] {processor.py:186} INFO - Started process (PID=423) to work on /home/airflow/.local/lib/python3.12/site-packages/airflow/example_dags/example_sla_dag.py
[2024-11-21T10:44:08.019+0000] {processor.py:914} INFO - Processing file /home/airflow/.local/lib/python3.12/site-packages/airflow/example_dags/example_sla_dag.py for tasks to queue
[2024-11-21T10:44:08.023+0000] {logging_mixin.py:190} INFO - [2024-11-21T10:44:08.023+0000] {dagbag.py:588} INFO - Filling up the DagBag from /home/airflow/.local/lib/python3.12/site-packages/airflow/example_dags/example_sla_dag.py
[2024-11-21T10:44:08.043+0000] {processor.py:925} INFO - DAG(s) 'example_sla_dag' retrieved from /home/airflow/.local/lib/python3.12/site-packages/airflow/example_dags/example_sla_dag.py
[2024-11-21T10:44:08.074+0000] {logging_mixin.py:190} INFO - [2024-11-21T10:44:08.073+0000] {dag.py:3239} INFO - Sync 1 DAGs
[2024-11-21T10:44:08.114+0000] {logging_mixin.py:190} INFO - [2024-11-21T10:44:08.114+0000] {dag.py:4180} INFO - Setting next_dagrun for example_sla_dag to 2024-11-21 10:42:00+00:00, run_after=2024-11-21 10:44:00+00:00
[2024-11-21T10:44:08.141+0000] {processor.py:208} INFO - Processing /home/airflow/.local/lib/python3.12/site-packages/airflow/example_dags/example_sla_dag.py took 0.134 seconds
