[2024-11-21T10:41:49.597+0000] {processor.py:186} INFO - Started process (PID=123) to work on /home/airflow/.local/lib/python3.12/site-packages/airflow/example_dags/tutorial.py
[2024-11-21T10:41:49.598+0000] {processor.py:914} INFO - Processing file /home/airflow/.local/lib/python3.12/site-packages/airflow/example_dags/tutorial.py for tasks to queue
[2024-11-21T10:41:49.603+0000] {logging_mixin.py:190} INFO - [2024-11-21T10:41:49.602+0000] {dagbag.py:588} INFO - Filling up the DagBag from /home/airflow/.local/lib/python3.12/site-packages/airflow/example_dags/tutorial.py
[2024-11-21T10:41:49.618+0000] {processor.py:925} INFO - DAG(s) 'tutorial' retrieved from /home/airflow/.local/lib/python3.12/site-packages/airflow/example_dags/tutorial.py
[2024-11-21T10:41:49.646+0000] {logging_mixin.py:190} INFO - [2024-11-21T10:41:49.645+0000] {dag.py:3239} INFO - Sync 1 DAGs
[2024-11-21T10:41:49.674+0000] {logging_mixin.py:190} INFO - [2024-11-21T10:41:49.673+0000] {dag.py:4180} INFO - Setting next_dagrun for tutorial to 2024-11-20 00:00:00+00:00, run_after=2024-11-21 00:00:00+00:00
[2024-11-21T10:41:49.699+0000] {processor.py:208} INFO - Processing /home/airflow/.local/lib/python3.12/site-packages/airflow/example_dags/tutorial.py took 0.110 seconds
[2024-11-21T10:42:21.023+0000] {processor.py:186} INFO - Started process (PID=209) to work on /home/airflow/.local/lib/python3.12/site-packages/airflow/example_dags/tutorial.py
[2024-11-21T10:42:21.027+0000] {processor.py:914} INFO - Processing file /home/airflow/.local/lib/python3.12/site-packages/airflow/example_dags/tutorial.py for tasks to queue
[2024-11-21T10:42:21.035+0000] {logging_mixin.py:190} INFO - [2024-11-21T10:42:21.034+0000] {dagbag.py:588} INFO - Filling up the DagBag from /home/airflow/.local/lib/python3.12/site-packages/airflow/example_dags/tutorial.py
[2024-11-21T10:42:21.052+0000] {processor.py:925} INFO - DAG(s) 'tutorial' retrieved from /home/airflow/.local/lib/python3.12/site-packages/airflow/example_dags/tutorial.py
[2024-11-21T10:42:21.085+0000] {logging_mixin.py:190} INFO - [2024-11-21T10:42:21.085+0000] {dag.py:3239} INFO - Sync 1 DAGs
[2024-11-21T10:42:21.122+0000] {logging_mixin.py:190} INFO - [2024-11-21T10:42:21.122+0000] {dag.py:4180} INFO - Setting next_dagrun for tutorial to 2024-11-20 00:00:00+00:00, run_after=2024-11-21 00:00:00+00:00
[2024-11-21T10:42:21.154+0000] {processor.py:208} INFO - Processing /home/airflow/.local/lib/python3.12/site-packages/airflow/example_dags/tutorial.py took 0.148 seconds
[2024-11-21T10:42:52.333+0000] {processor.py:186} INFO - Started process (PID=273) to work on /home/airflow/.local/lib/python3.12/site-packages/airflow/example_dags/tutorial.py
[2024-11-21T10:42:52.334+0000] {processor.py:914} INFO - Processing file /home/airflow/.local/lib/python3.12/site-packages/airflow/example_dags/tutorial.py for tasks to queue
[2024-11-21T10:42:52.338+0000] {logging_mixin.py:190} INFO - [2024-11-21T10:42:52.338+0000] {dagbag.py:588} INFO - Filling up the DagBag from /home/airflow/.local/lib/python3.12/site-packages/airflow/example_dags/tutorial.py
[2024-11-21T10:42:52.354+0000] {processor.py:925} INFO - DAG(s) 'tutorial' retrieved from /home/airflow/.local/lib/python3.12/site-packages/airflow/example_dags/tutorial.py
[2024-11-21T10:42:52.388+0000] {logging_mixin.py:190} INFO - [2024-11-21T10:42:52.388+0000] {dag.py:3239} INFO - Sync 1 DAGs
[2024-11-21T10:42:52.425+0000] {logging_mixin.py:190} INFO - [2024-11-21T10:42:52.425+0000] {dag.py:4180} INFO - Setting next_dagrun for tutorial to 2024-11-20 00:00:00+00:00, run_after=2024-11-21 00:00:00+00:00
[2024-11-21T10:42:52.460+0000] {processor.py:208} INFO - Processing /home/airflow/.local/lib/python3.12/site-packages/airflow/example_dags/tutorial.py took 0.137 seconds
[2024-11-21T10:43:24.493+0000] {processor.py:186} INFO - Started process (PID=337) to work on /home/airflow/.local/lib/python3.12/site-packages/airflow/example_dags/tutorial.py
[2024-11-21T10:43:24.494+0000] {processor.py:914} INFO - Processing file /home/airflow/.local/lib/python3.12/site-packages/airflow/example_dags/tutorial.py for tasks to queue
[2024-11-21T10:43:24.498+0000] {logging_mixin.py:190} INFO - [2024-11-21T10:43:24.497+0000] {dagbag.py:588} INFO - Filling up the DagBag from /home/airflow/.local/lib/python3.12/site-packages/airflow/example_dags/tutorial.py
[2024-11-21T10:43:24.513+0000] {processor.py:925} INFO - DAG(s) 'tutorial' retrieved from /home/airflow/.local/lib/python3.12/site-packages/airflow/example_dags/tutorial.py
[2024-11-21T10:43:24.549+0000] {logging_mixin.py:190} INFO - [2024-11-21T10:43:24.549+0000] {dag.py:3239} INFO - Sync 1 DAGs
[2024-11-21T10:43:24.585+0000] {logging_mixin.py:190} INFO - [2024-11-21T10:43:24.585+0000] {dag.py:4180} INFO - Setting next_dagrun for tutorial to 2024-11-20 00:00:00+00:00, run_after=2024-11-21 00:00:00+00:00
[2024-11-21T10:43:24.613+0000] {processor.py:208} INFO - Processing /home/airflow/.local/lib/python3.12/site-packages/airflow/example_dags/tutorial.py took 0.131 seconds
[2024-11-21T10:43:55.702+0000] {processor.py:186} INFO - Started process (PID=401) to work on /home/airflow/.local/lib/python3.12/site-packages/airflow/example_dags/tutorial.py
[2024-11-21T10:43:55.703+0000] {processor.py:914} INFO - Processing file /home/airflow/.local/lib/python3.12/site-packages/airflow/example_dags/tutorial.py for tasks to queue
[2024-11-21T10:43:55.708+0000] {logging_mixin.py:190} INFO - [2024-11-21T10:43:55.707+0000] {dagbag.py:588} INFO - Filling up the DagBag from /home/airflow/.local/lib/python3.12/site-packages/airflow/example_dags/tutorial.py
[2024-11-21T10:43:55.724+0000] {processor.py:925} INFO - DAG(s) 'tutorial' retrieved from /home/airflow/.local/lib/python3.12/site-packages/airflow/example_dags/tutorial.py
[2024-11-21T10:43:55.757+0000] {logging_mixin.py:190} INFO - [2024-11-21T10:43:55.756+0000] {dag.py:3239} INFO - Sync 1 DAGs
[2024-11-21T10:43:55.795+0000] {logging_mixin.py:190} INFO - [2024-11-21T10:43:55.795+0000] {dag.py:4180} INFO - Setting next_dagrun for tutorial to 2024-11-20 00:00:00+00:00, run_after=2024-11-21 00:00:00+00:00
[2024-11-21T10:43:55.823+0000] {processor.py:208} INFO - Processing /home/airflow/.local/lib/python3.12/site-packages/airflow/example_dags/tutorial.py took 0.130 seconds
[2024-11-21T10:44:27.228+0000] {processor.py:186} INFO - Started process (PID=465) to work on /home/airflow/.local/lib/python3.12/site-packages/airflow/example_dags/tutorial.py
[2024-11-21T10:44:27.229+0000] {processor.py:914} INFO - Processing file /home/airflow/.local/lib/python3.12/site-packages/airflow/example_dags/tutorial.py for tasks to queue
[2024-11-21T10:44:27.234+0000] {logging_mixin.py:190} INFO - [2024-11-21T10:44:27.234+0000] {dagbag.py:588} INFO - Filling up the DagBag from /home/airflow/.local/lib/python3.12/site-packages/airflow/example_dags/tutorial.py
[2024-11-21T10:44:27.253+0000] {processor.py:925} INFO - DAG(s) 'tutorial' retrieved from /home/airflow/.local/lib/python3.12/site-packages/airflow/example_dags/tutorial.py
[2024-11-21T10:44:27.288+0000] {logging_mixin.py:190} INFO - [2024-11-21T10:44:27.288+0000] {dag.py:3239} INFO - Sync 1 DAGs
[2024-11-21T10:44:27.325+0000] {logging_mixin.py:190} INFO - [2024-11-21T10:44:27.325+0000] {dag.py:4180} INFO - Setting next_dagrun for tutorial to 2024-11-20 00:00:00+00:00, run_after=2024-11-21 00:00:00+00:00
[2024-11-21T10:44:27.352+0000] {processor.py:208} INFO - Processing /home/airflow/.local/lib/python3.12/site-packages/airflow/example_dags/tutorial.py took 0.135 seconds
