[2024-11-10T11:37:15.331+0000] {local_task_job_runner.py:123} INFO - ::group::Pre task execution logs
[2024-11-10T11:37:15.391+0000] {taskinstance.py:2613} INFO - Dependencies all met for dep_context=non-requeueable deps ti=<TaskInstance: fetch_and_store_amazon_books.fetch_book_data scheduled__2024-07-08T00:00:00+00:00 [queued]>
[2024-11-10T11:37:15.410+0000] {taskinstance.py:2613} INFO - Dependencies all met for dep_context=requeueable deps ti=<TaskInstance: fetch_and_store_amazon_books.fetch_book_data scheduled__2024-07-08T00:00:00+00:00 [queued]>
[2024-11-10T11:37:15.411+0000] {taskinstance.py:2866} INFO - Starting attempt 1 of 2
[2024-11-10T11:37:15.457+0000] {taskinstance.py:2889} INFO - Executing <Task(PythonOperator): fetch_book_data> on 2024-07-08 00:00:00+00:00
[2024-11-10T11:37:15.509+0000] {warnings.py:112} WARNING - /home/***/.local/lib/python3.12/site-packages/***/task/task_runner/standard_task_runner.py:70: DeprecationWarning: This process (pid=1368) is multi-threaded, use of fork() may lead to deadlocks in the child.
  pid = os.fork()

[2024-11-10T11:37:15.515+0000] {standard_task_runner.py:72} INFO - Started process 1395 to run task
[2024-11-10T11:37:15.519+0000] {standard_task_runner.py:104} INFO - Running: ['***', 'tasks', 'run', 'fetch_and_store_amazon_books', 'fetch_book_data', 'scheduled__2024-07-08T00:00:00+00:00', '--job-id', '75', '--raw', '--subdir', 'DAGS_FOLDER/app.py', '--cfg-path', '/tmp/tmpseynbjtc']
[2024-11-10T11:37:15.521+0000] {standard_task_runner.py:105} INFO - Job 75: Subtask fetch_book_data
[2024-11-10T11:37:15.723+0000] {task_command.py:467} INFO - Running <TaskInstance: fetch_and_store_amazon_books.fetch_book_data scheduled__2024-07-08T00:00:00+00:00 [running]> on host 0afc8c4a15bb
[2024-11-10T11:37:15.974+0000] {taskinstance.py:3132} INFO - Exporting env vars: AIRFLOW_CTX_DAG_OWNER='***' AIRFLOW_CTX_DAG_ID='fetch_and_store_amazon_books' AIRFLOW_CTX_TASK_ID='fetch_book_data' AIRFLOW_CTX_EXECUTION_DATE='2024-07-08T00:00:00+00:00' AIRFLOW_CTX_TRY_NUMBER='1' AIRFLOW_CTX_DAG_RUN_ID='scheduled__2024-07-08T00:00:00+00:00'
[2024-11-10T11:37:15.980+0000] {logging_mixin.py:190} INFO - Task instance is in running state
[2024-11-10T11:37:15.980+0000] {logging_mixin.py:190} INFO -  Previous state of the Task instance: queued
[2024-11-10T11:37:15.981+0000] {logging_mixin.py:190} INFO - Current task name:fetch_book_data state:running start_date:2024-11-10 11:37:15.392136+00:00
[2024-11-10T11:37:15.981+0000] {logging_mixin.py:190} INFO - Dag name:fetch_and_store_amazon_books and current dag run status:running
[2024-11-10T11:37:15.981+0000] {taskinstance.py:731} INFO - ::endgroup::
[2024-11-10T11:37:17.155+0000] {logging_mixin.py:190} INFO - Failed to retrieve the page
[2024-11-10T11:37:17.250+0000] {python.py:240} INFO - Done. Returned value was: None
[2024-11-10T11:37:17.284+0000] {taskinstance.py:340} INFO - ::group::Post task execution logs
[2024-11-10T11:37:17.285+0000] {taskinstance.py:352} INFO - Marking task as SUCCESS. dag_id=fetch_and_store_amazon_books, task_id=fetch_book_data, run_id=scheduled__2024-07-08T00:00:00+00:00, execution_date=20240708T000000, start_date=20241110T113715, end_date=20241110T113717
[2024-11-10T11:37:17.309+0000] {logging_mixin.py:190} INFO - Task instance in success state
[2024-11-10T11:37:17.309+0000] {logging_mixin.py:190} INFO -  Previous state of the Task instance: running
[2024-11-10T11:37:17.310+0000] {logging_mixin.py:190} INFO - Dag name:fetch_and_store_amazon_books queued_at:2024-11-10 11:37:03.555881+00:00
[2024-11-10T11:37:17.310+0000] {logging_mixin.py:190} INFO - Task hostname:0afc8c4a15bb operator:PythonOperator
[2024-11-10T11:37:17.368+0000] {local_task_job_runner.py:266} INFO - Task exited with return code 0
[2024-11-10T11:37:17.452+0000] {taskinstance.py:3895} INFO - 1 downstream tasks scheduled from follow-on schedule check
[2024-11-10T11:37:17.459+0000] {local_task_job_runner.py:245} INFO - ::endgroup::
[2024-11-10T14:06:58.617+0000] {local_task_job_runner.py:123} INFO - ::group::Pre task execution logs
[2024-11-10T14:06:58.687+0000] {taskinstance.py:2613} INFO - Dependencies all met for dep_context=non-requeueable deps ti=<TaskInstance: fetch_and_store_amazon_books.fetch_book_data scheduled__2024-07-08T00:00:00+00:00 [queued]>
[2024-11-10T14:06:58.747+0000] {taskinstance.py:2613} INFO - Dependencies all met for dep_context=requeueable deps ti=<TaskInstance: fetch_and_store_amazon_books.fetch_book_data scheduled__2024-07-08T00:00:00+00:00 [queued]>
[2024-11-10T14:06:58.749+0000] {taskinstance.py:2866} INFO - Starting attempt 1 of 2
[2024-11-10T14:06:58.806+0000] {taskinstance.py:2889} INFO - Executing <Task(PythonOperator): fetch_book_data> on 2024-07-08 00:00:00+00:00
[2024-11-10T14:06:58.867+0000] {standard_task_runner.py:104} INFO - Running: ['***', 'tasks', 'run', 'fetch_and_store_amazon_books', 'fetch_book_data', 'scheduled__2024-07-08T00:00:00+00:00', '--job-id', '288', '--raw', '--subdir', 'DAGS_FOLDER/app.py', '--cfg-path', '/tmp/tmpsa4avgs3']
[2024-11-10T14:06:58.871+0000] {standard_task_runner.py:105} INFO - Job 288: Subtask fetch_book_data
[2024-11-10T14:06:58.864+0000] {warnings.py:112} WARNING - /home/***/.local/lib/python3.12/site-packages/***/task/task_runner/standard_task_runner.py:70: DeprecationWarning: This process (pid=4093) is multi-threaded, use of fork() may lead to deadlocks in the child.
  pid = os.fork()

[2024-11-10T14:06:58.873+0000] {standard_task_runner.py:72} INFO - Started process 4121 to run task
[2024-11-10T14:06:59.109+0000] {task_command.py:467} INFO - Running <TaskInstance: fetch_and_store_amazon_books.fetch_book_data scheduled__2024-07-08T00:00:00+00:00 [running]> on host 0afc8c4a15bb
[2024-11-10T14:06:59.507+0000] {taskinstance.py:3132} INFO - Exporting env vars: AIRFLOW_CTX_DAG_OWNER='***' AIRFLOW_CTX_DAG_ID='fetch_and_store_amazon_books' AIRFLOW_CTX_TASK_ID='fetch_book_data' AIRFLOW_CTX_EXECUTION_DATE='2024-07-08T00:00:00+00:00' AIRFLOW_CTX_TRY_NUMBER='1' AIRFLOW_CTX_DAG_RUN_ID='scheduled__2024-07-08T00:00:00+00:00'
[2024-11-10T14:06:59.517+0000] {logging_mixin.py:190} INFO - Task instance is in running state
[2024-11-10T14:06:59.517+0000] {logging_mixin.py:190} INFO -  Previous state of the Task instance: queued
[2024-11-10T14:06:59.518+0000] {logging_mixin.py:190} INFO - Current task name:fetch_book_data state:running start_date:2024-11-10 14:06:58.688044+00:00
[2024-11-10T14:06:59.519+0000] {logging_mixin.py:190} INFO - Dag name:fetch_and_store_amazon_books and current dag run status:running
[2024-11-10T14:06:59.520+0000] {taskinstance.py:731} INFO - ::endgroup::
[2024-11-10T14:07:02.023+0000] {python.py:240} INFO - Done. Returned value was: None
[2024-11-10T14:07:02.045+0000] {taskinstance.py:340} INFO - ::group::Post task execution logs
[2024-11-10T14:07:02.045+0000] {taskinstance.py:352} INFO - Marking task as SUCCESS. dag_id=fetch_and_store_amazon_books, task_id=fetch_book_data, run_id=scheduled__2024-07-08T00:00:00+00:00, execution_date=20240708T000000, start_date=20241110T140658, end_date=20241110T140702
[2024-11-10T14:07:02.066+0000] {logging_mixin.py:190} INFO - Task instance in success state
[2024-11-10T14:07:02.067+0000] {logging_mixin.py:190} INFO -  Previous state of the Task instance: running
[2024-11-10T14:07:02.067+0000] {logging_mixin.py:190} INFO - Dag name:fetch_and_store_amazon_books queued_at:2024-11-10 14:06:49.441246+00:00
[2024-11-10T14:07:02.068+0000] {logging_mixin.py:190} INFO - Task hostname:0afc8c4a15bb operator:PythonOperator
[2024-11-10T14:07:02.111+0000] {local_task_job_runner.py:266} INFO - Task exited with return code 0
[2024-11-10T14:07:02.155+0000] {taskinstance.py:3895} INFO - 1 downstream tasks scheduled from follow-on schedule check
[2024-11-10T14:07:02.159+0000] {local_task_job_runner.py:245} INFO - ::endgroup::
