[2024-11-10T11:49:05.635+0000] {local_task_job_runner.py:123} INFO - ::group::Pre task execution logs
[2024-11-10T11:49:05.665+0000] {taskinstance.py:2613} INFO - Dependencies all met for dep_context=non-requeueable deps ti=<TaskInstance: fetch_and_store_amazon_books.create_table scheduled__2024-08-09T00:00:00+00:00 [queued]>
[2024-11-10T11:49:05.677+0000] {taskinstance.py:2613} INFO - Dependencies all met for dep_context=requeueable deps ti=<TaskInstance: fetch_and_store_amazon_books.create_table scheduled__2024-08-09T00:00:00+00:00 [queued]>
[2024-11-10T11:49:05.677+0000] {taskinstance.py:2866} INFO - Starting attempt 1 of 2
[2024-11-10T11:49:05.694+0000] {taskinstance.py:2889} INFO - Executing <Task(PostgresOperator): create_table> on 2024-08-09 00:00:00+00:00
[2024-11-10T11:49:05.710+0000] {warnings.py:112} WARNING - /home/***/.local/lib/python3.12/site-packages/***/task/task_runner/standard_task_runner.py:70: DeprecationWarning: This process (pid=2086) is multi-threaded, use of fork() may lead to deadlocks in the child.
  pid = os.fork()

[2024-11-10T11:49:05.713+0000] {standard_task_runner.py:72} INFO - Started process 2106 to run task
[2024-11-10T11:49:05.714+0000] {standard_task_runner.py:104} INFO - Running: ['***', 'tasks', 'run', 'fetch_and_store_amazon_books', 'create_table', 'scheduled__2024-08-09T00:00:00+00:00', '--job-id', '222', '--raw', '--subdir', 'DAGS_FOLDER/app.py', '--cfg-path', '/tmp/tmpsm2t_kkh']
[2024-11-10T11:49:05.716+0000] {standard_task_runner.py:105} INFO - Job 222: Subtask create_table
[2024-11-10T11:49:05.789+0000] {task_command.py:467} INFO - Running <TaskInstance: fetch_and_store_amazon_books.create_table scheduled__2024-08-09T00:00:00+00:00 [running]> on host 0afc8c4a15bb
[2024-11-10T11:49:05.952+0000] {taskinstance.py:3132} INFO - Exporting env vars: AIRFLOW_CTX_DAG_OWNER='***' AIRFLOW_CTX_DAG_ID='fetch_and_store_amazon_books' AIRFLOW_CTX_TASK_ID='create_table' AIRFLOW_CTX_EXECUTION_DATE='2024-08-09T00:00:00+00:00' AIRFLOW_CTX_TRY_NUMBER='1' AIRFLOW_CTX_DAG_RUN_ID='scheduled__2024-08-09T00:00:00+00:00'
[2024-11-10T11:49:05.955+0000] {logging_mixin.py:190} INFO - Task instance is in running state
[2024-11-10T11:49:05.955+0000] {logging_mixin.py:190} INFO -  Previous state of the Task instance: queued
[2024-11-10T11:49:05.956+0000] {logging_mixin.py:190} INFO - Current task name:create_table state:running start_date:2024-11-10 11:49:05.665662+00:00
[2024-11-10T11:49:05.956+0000] {logging_mixin.py:190} INFO - Dag name:fetch_and_store_amazon_books and current dag run status:running
[2024-11-10T11:49:05.956+0000] {taskinstance.py:731} INFO - ::endgroup::
[2024-11-10T11:49:05.957+0000] {sql.py:278} INFO - Executing: 
    CREATE TABLE IF NOT EXISTS books (
        id SERIAL PRIMARY KEY,
        title TEXT NOT NULL,
        authors TEXT,
        price TEXT,
        rating TEXT
    );
    
[2024-11-10T11:49:05.972+0000] {base.py:84} INFO - Retrieving connection 'books_connection'
[2024-11-10T11:49:05.987+0000] {base.py:84} INFO - Retrieving connection 'books_connection'
[2024-11-10T11:49:06.000+0000] {sql.py:544} INFO - Running statement: 
    CREATE TABLE IF NOT EXISTS books (
        id SERIAL PRIMARY KEY,
        title TEXT NOT NULL,
        authors TEXT,
        price TEXT,
        rating TEXT
    );
    , parameters: None
[2024-11-10T11:49:06.019+0000] {taskinstance.py:340} INFO - ::group::Post task execution logs
[2024-11-10T11:49:06.020+0000] {taskinstance.py:352} INFO - Marking task as SUCCESS. dag_id=fetch_and_store_amazon_books, task_id=create_table, run_id=scheduled__2024-08-09T00:00:00+00:00, execution_date=20240809T000000, start_date=20241110T114905, end_date=20241110T114906
[2024-11-10T11:49:06.035+0000] {logging_mixin.py:190} INFO - Task instance in success state
[2024-11-10T11:49:06.035+0000] {logging_mixin.py:190} INFO -  Previous state of the Task instance: running
[2024-11-10T11:49:06.036+0000] {logging_mixin.py:190} INFO - Dag name:fetch_and_store_amazon_books queued_at:2024-11-10 11:48:55.287421+00:00
[2024-11-10T11:49:06.036+0000] {logging_mixin.py:190} INFO - Task hostname:0afc8c4a15bb operator:PostgresOperator
[2024-11-10T11:49:06.090+0000] {local_task_job_runner.py:266} INFO - Task exited with return code 0
[2024-11-10T11:49:06.107+0000] {local_task_job_runner.py:245} INFO - ::endgroup::
[2024-11-10T14:08:18.521+0000] {local_task_job_runner.py:123} INFO - ::group::Pre task execution logs
[2024-11-10T14:08:18.572+0000] {taskinstance.py:2613} INFO - Dependencies all met for dep_context=non-requeueable deps ti=<TaskInstance: fetch_and_store_amazon_books.create_table scheduled__2024-08-09T00:00:00+00:00 [queued]>
[2024-11-10T14:08:18.593+0000] {taskinstance.py:2613} INFO - Dependencies all met for dep_context=requeueable deps ti=<TaskInstance: fetch_and_store_amazon_books.create_table scheduled__2024-08-09T00:00:00+00:00 [queued]>
[2024-11-10T14:08:18.594+0000] {taskinstance.py:2866} INFO - Starting attempt 1 of 2
[2024-11-10T14:08:18.641+0000] {taskinstance.py:2889} INFO - Executing <Task(PostgresOperator): create_table> on 2024-08-09 00:00:00+00:00
[2024-11-10T14:08:18.665+0000] {warnings.py:112} WARNING - /home/***/.local/lib/python3.12/site-packages/***/task/task_runner/standard_task_runner.py:70: DeprecationWarning: This process (pid=4466) is multi-threaded, use of fork() may lead to deadlocks in the child.
  pid = os.fork()

[2024-11-10T14:08:18.669+0000] {standard_task_runner.py:72} INFO - Started process 4500 to run task
[2024-11-10T14:08:18.676+0000] {standard_task_runner.py:104} INFO - Running: ['***', 'tasks', 'run', 'fetch_and_store_amazon_books', 'create_table', 'scheduled__2024-08-09T00:00:00+00:00', '--job-id', '382', '--raw', '--subdir', 'DAGS_FOLDER/app.py', '--cfg-path', '/tmp/tmpatfbmn01']
[2024-11-10T14:08:18.681+0000] {standard_task_runner.py:105} INFO - Job 382: Subtask create_table
[2024-11-10T14:08:18.886+0000] {task_command.py:467} INFO - Running <TaskInstance: fetch_and_store_amazon_books.create_table scheduled__2024-08-09T00:00:00+00:00 [running]> on host 0afc8c4a15bb
[2024-11-10T14:08:19.191+0000] {taskinstance.py:3132} INFO - Exporting env vars: AIRFLOW_CTX_DAG_OWNER='***' AIRFLOW_CTX_DAG_ID='fetch_and_store_amazon_books' AIRFLOW_CTX_TASK_ID='create_table' AIRFLOW_CTX_EXECUTION_DATE='2024-08-09T00:00:00+00:00' AIRFLOW_CTX_TRY_NUMBER='1' AIRFLOW_CTX_DAG_RUN_ID='scheduled__2024-08-09T00:00:00+00:00'
[2024-11-10T14:08:19.202+0000] {logging_mixin.py:190} INFO - Task instance is in running state
[2024-11-10T14:08:19.203+0000] {logging_mixin.py:190} INFO -  Previous state of the Task instance: queued
[2024-11-10T14:08:19.203+0000] {logging_mixin.py:190} INFO - Current task name:create_table state:running start_date:2024-11-10 14:08:18.572826+00:00
[2024-11-10T14:08:19.203+0000] {logging_mixin.py:190} INFO - Dag name:fetch_and_store_amazon_books and current dag run status:running
[2024-11-10T14:08:19.208+0000] {taskinstance.py:731} INFO - ::endgroup::
[2024-11-10T14:08:19.208+0000] {sql.py:278} INFO - Executing: 
    CREATE TABLE IF NOT EXISTS books (
        id SERIAL PRIMARY KEY,
        title TEXT NOT NULL,
        authors TEXT,
        price TEXT,
        rating TEXT
    );
    
[2024-11-10T14:08:19.232+0000] {base.py:84} INFO - Retrieving connection 'books_connection'
[2024-11-10T14:08:19.262+0000] {base.py:84} INFO - Retrieving connection 'books_connection'
[2024-11-10T14:08:19.291+0000] {sql.py:544} INFO - Running statement: 
    CREATE TABLE IF NOT EXISTS books (
        id SERIAL PRIMARY KEY,
        title TEXT NOT NULL,
        authors TEXT,
        price TEXT,
        rating TEXT
    );
    , parameters: None
[2024-11-10T14:08:19.324+0000] {taskinstance.py:340} INFO - ::group::Post task execution logs
[2024-11-10T14:08:19.325+0000] {taskinstance.py:352} INFO - Marking task as SUCCESS. dag_id=fetch_and_store_amazon_books, task_id=create_table, run_id=scheduled__2024-08-09T00:00:00+00:00, execution_date=20240809T000000, start_date=20241110T140818, end_date=20241110T140819
[2024-11-10T14:08:19.352+0000] {logging_mixin.py:190} INFO - Task instance in success state
[2024-11-10T14:08:19.353+0000] {logging_mixin.py:190} INFO -  Previous state of the Task instance: running
[2024-11-10T14:08:19.353+0000] {logging_mixin.py:190} INFO - Dag name:fetch_and_store_amazon_books queued_at:2024-11-10 14:08:04.169800+00:00
[2024-11-10T14:08:19.354+0000] {logging_mixin.py:190} INFO - Task hostname:0afc8c4a15bb operator:PostgresOperator
[2024-11-10T14:08:19.395+0000] {local_task_job_runner.py:266} INFO - Task exited with return code 0
[2024-11-10T14:08:19.490+0000] {taskinstance.py:3895} INFO - 1 downstream tasks scheduled from follow-on schedule check
[2024-11-10T14:08:19.495+0000] {local_task_job_runner.py:245} INFO - ::endgroup::
