[2024-11-10T11:37:10.693+0000] {local_task_job_runner.py:123} INFO - ::group::Pre task execution logs
[2024-11-10T11:37:10.773+0000] {taskinstance.py:2613} INFO - Dependencies all met for dep_context=non-requeueable deps ti=<TaskInstance: fetch_and_store_amazon_books.fetch_book_data scheduled__2024-07-05T00:00:00+00:00 [queued]>
[2024-11-10T11:37:10.821+0000] {taskinstance.py:2613} INFO - Dependencies all met for dep_context=requeueable deps ti=<TaskInstance: fetch_and_store_amazon_books.fetch_book_data scheduled__2024-07-05T00:00:00+00:00 [queued]>
[2024-11-10T11:37:10.822+0000] {taskinstance.py:2866} INFO - Starting attempt 1 of 2
[2024-11-10T11:37:10.877+0000] {taskinstance.py:2889} INFO - Executing <Task(PythonOperator): fetch_book_data> on 2024-07-05 00:00:00+00:00
[2024-11-10T11:37:10.935+0000] {warnings.py:112} WARNING - /home/***/.local/lib/python3.12/site-packages/***/task/task_runner/standard_task_runner.py:70: DeprecationWarning: This process (pid=1364) is multi-threaded, use of fork() may lead to deadlocks in the child.
  pid = os.fork()

[2024-11-10T11:37:10.943+0000] {standard_task_runner.py:72} INFO - Started process 1390 to run task
[2024-11-10T11:37:10.971+0000] {standard_task_runner.py:104} INFO - Running: ['***', 'tasks', 'run', 'fetch_and_store_amazon_books', 'fetch_book_data', 'scheduled__2024-07-05T00:00:00+00:00', '--job-id', '73', '--raw', '--subdir', 'DAGS_FOLDER/app.py', '--cfg-path', '/tmp/tmpormwhnnr']
[2024-11-10T11:37:10.994+0000] {standard_task_runner.py:105} INFO - Job 73: Subtask fetch_book_data
[2024-11-10T11:37:11.397+0000] {task_command.py:467} INFO - Running <TaskInstance: fetch_and_store_amazon_books.fetch_book_data scheduled__2024-07-05T00:00:00+00:00 [running]> on host 0afc8c4a15bb
[2024-11-10T11:37:11.859+0000] {taskinstance.py:3132} INFO - Exporting env vars: AIRFLOW_CTX_DAG_OWNER='***' AIRFLOW_CTX_DAG_ID='fetch_and_store_amazon_books' AIRFLOW_CTX_TASK_ID='fetch_book_data' AIRFLOW_CTX_EXECUTION_DATE='2024-07-05T00:00:00+00:00' AIRFLOW_CTX_TRY_NUMBER='1' AIRFLOW_CTX_DAG_RUN_ID='scheduled__2024-07-05T00:00:00+00:00'
[2024-11-10T11:37:11.865+0000] {logging_mixin.py:190} INFO - Task instance is in running state
[2024-11-10T11:37:11.865+0000] {logging_mixin.py:190} INFO -  Previous state of the Task instance: queued
[2024-11-10T11:37:11.865+0000] {logging_mixin.py:190} INFO - Current task name:fetch_book_data state:running start_date:2024-11-10 11:37:10.774346+00:00
[2024-11-10T11:37:11.866+0000] {logging_mixin.py:190} INFO - Dag name:fetch_and_store_amazon_books and current dag run status:running
[2024-11-10T11:37:11.866+0000] {taskinstance.py:731} INFO - ::endgroup::
[2024-11-10T11:37:13.171+0000] {logging_mixin.py:190} INFO - Failed to retrieve the page
[2024-11-10T11:37:13.318+0000] {python.py:240} INFO - Done. Returned value was: None
[2024-11-10T11:37:13.441+0000] {taskinstance.py:340} INFO - ::group::Post task execution logs
[2024-11-10T11:37:13.443+0000] {taskinstance.py:352} INFO - Marking task as SUCCESS. dag_id=fetch_and_store_amazon_books, task_id=fetch_book_data, run_id=scheduled__2024-07-05T00:00:00+00:00, execution_date=20240705T000000, start_date=20241110T113710, end_date=20241110T113713
[2024-11-10T11:37:13.475+0000] {logging_mixin.py:190} INFO - Task instance in success state
[2024-11-10T11:37:13.481+0000] {logging_mixin.py:190} INFO -  Previous state of the Task instance: running
[2024-11-10T11:37:13.481+0000] {logging_mixin.py:190} INFO - Dag name:fetch_and_store_amazon_books queued_at:2024-11-10 11:37:03.018389+00:00
[2024-11-10T11:37:13.482+0000] {logging_mixin.py:190} INFO - Task hostname:0afc8c4a15bb operator:PythonOperator
[2024-11-10T11:37:13.558+0000] {local_task_job_runner.py:266} INFO - Task exited with return code 0
[2024-11-10T11:37:13.682+0000] {taskinstance.py:3895} INFO - 1 downstream tasks scheduled from follow-on schedule check
[2024-11-10T11:37:13.690+0000] {local_task_job_runner.py:245} INFO - ::endgroup::
[2024-11-10T14:06:54.661+0000] {local_task_job_runner.py:123} INFO - ::group::Pre task execution logs
[2024-11-10T14:06:54.703+0000] {taskinstance.py:2613} INFO - Dependencies all met for dep_context=non-requeueable deps ti=<TaskInstance: fetch_and_store_amazon_books.fetch_book_data scheduled__2024-07-05T00:00:00+00:00 [queued]>
[2024-11-10T14:06:54.725+0000] {taskinstance.py:2613} INFO - Dependencies all met for dep_context=requeueable deps ti=<TaskInstance: fetch_and_store_amazon_books.fetch_book_data scheduled__2024-07-05T00:00:00+00:00 [queued]>
[2024-11-10T14:06:54.726+0000] {taskinstance.py:2866} INFO - Starting attempt 1 of 2
[2024-11-10T14:06:54.759+0000] {taskinstance.py:2889} INFO - Executing <Task(PythonOperator): fetch_book_data> on 2024-07-05 00:00:00+00:00
[2024-11-10T14:06:54.782+0000] {warnings.py:112} WARNING - /home/***/.local/lib/python3.12/site-packages/***/task/task_runner/standard_task_runner.py:70: DeprecationWarning: This process (pid=4089) is multi-threaded, use of fork() may lead to deadlocks in the child.
  pid = os.fork()

[2024-11-10T14:06:54.786+0000] {standard_task_runner.py:72} INFO - Started process 4115 to run task
[2024-11-10T14:06:54.786+0000] {standard_task_runner.py:104} INFO - Running: ['***', 'tasks', 'run', 'fetch_and_store_amazon_books', 'fetch_book_data', 'scheduled__2024-07-05T00:00:00+00:00', '--job-id', '286', '--raw', '--subdir', 'DAGS_FOLDER/app.py', '--cfg-path', '/tmp/tmphzx43ytn']
[2024-11-10T14:06:54.788+0000] {standard_task_runner.py:105} INFO - Job 286: Subtask fetch_book_data
[2024-11-10T14:06:54.904+0000] {task_command.py:467} INFO - Running <TaskInstance: fetch_and_store_amazon_books.fetch_book_data scheduled__2024-07-05T00:00:00+00:00 [running]> on host 0afc8c4a15bb
[2024-11-10T14:06:55.140+0000] {taskinstance.py:3132} INFO - Exporting env vars: AIRFLOW_CTX_DAG_OWNER='***' AIRFLOW_CTX_DAG_ID='fetch_and_store_amazon_books' AIRFLOW_CTX_TASK_ID='fetch_book_data' AIRFLOW_CTX_EXECUTION_DATE='2024-07-05T00:00:00+00:00' AIRFLOW_CTX_TRY_NUMBER='1' AIRFLOW_CTX_DAG_RUN_ID='scheduled__2024-07-05T00:00:00+00:00'
[2024-11-10T14:06:55.144+0000] {logging_mixin.py:190} INFO - Task instance is in running state
[2024-11-10T14:06:55.145+0000] {logging_mixin.py:190} INFO -  Previous state of the Task instance: queued
[2024-11-10T14:06:55.146+0000] {logging_mixin.py:190} INFO - Current task name:fetch_book_data state:running start_date:2024-11-10 14:06:54.704756+00:00
[2024-11-10T14:06:55.147+0000] {logging_mixin.py:190} INFO - Dag name:fetch_and_store_amazon_books and current dag run status:running
[2024-11-10T14:06:55.147+0000] {taskinstance.py:731} INFO - ::endgroup::
[2024-11-10T14:06:56.242+0000] {app.py:32} ERROR - Failed to retrieve page 1: Response ended prematurely
[2024-11-10T14:06:56.298+0000] {python.py:240} INFO - Done. Returned value was: None
[2024-11-10T14:06:56.327+0000] {taskinstance.py:340} INFO - ::group::Post task execution logs
[2024-11-10T14:06:56.328+0000] {taskinstance.py:352} INFO - Marking task as SUCCESS. dag_id=fetch_and_store_amazon_books, task_id=fetch_book_data, run_id=scheduled__2024-07-05T00:00:00+00:00, execution_date=20240705T000000, start_date=20241110T140654, end_date=20241110T140656
[2024-11-10T14:06:56.443+0000] {logging_mixin.py:190} INFO - Task instance in success state
[2024-11-10T14:06:56.444+0000] {logging_mixin.py:190} INFO -  Previous state of the Task instance: running
[2024-11-10T14:06:56.444+0000] {logging_mixin.py:190} INFO - Dag name:fetch_and_store_amazon_books queued_at:2024-11-10 14:06:47.871947+00:00
[2024-11-10T14:06:56.445+0000] {logging_mixin.py:190} INFO - Task hostname:0afc8c4a15bb operator:PythonOperator
[2024-11-10T14:06:56.503+0000] {local_task_job_runner.py:266} INFO - Task exited with return code 0
[2024-11-10T14:06:56.574+0000] {taskinstance.py:3895} INFO - 1 downstream tasks scheduled from follow-on schedule check
[2024-11-10T14:06:56.579+0000] {local_task_job_runner.py:245} INFO - ::endgroup::
