[2024-11-10T11:41:39.143+0000] {local_task_job_runner.py:123} INFO - ::group::Pre task execution logs
[2024-11-10T11:41:39.167+0000] {taskinstance.py:2613} INFO - Dependencies all met for dep_context=non-requeueable deps ti=<TaskInstance: fetch_and_store_amazon_books.fetch_book_data scheduled__2024-07-19T00:00:00+00:00 [queued]>
[2024-11-10T11:41:39.176+0000] {taskinstance.py:2613} INFO - Dependencies all met for dep_context=requeueable deps ti=<TaskInstance: fetch_and_store_amazon_books.fetch_book_data scheduled__2024-07-19T00:00:00+00:00 [queued]>
[2024-11-10T11:41:39.176+0000] {taskinstance.py:2866} INFO - Starting attempt 1 of 2
[2024-11-10T11:41:39.189+0000] {taskinstance.py:2889} INFO - Executing <Task(PythonOperator): fetch_book_data> on 2024-07-19 00:00:00+00:00
[2024-11-10T11:41:39.205+0000] {warnings.py:112} WARNING - /home/***/.local/lib/python3.12/site-packages/***/task/task_runner/standard_task_runner.py:70: DeprecationWarning: This process (pid=1595) is multi-threaded, use of fork() may lead to deadlocks in the child.
  pid = os.fork()

[2024-11-10T11:41:39.206+0000] {standard_task_runner.py:72} INFO - Started process 1597 to run task
[2024-11-10T11:41:39.208+0000] {standard_task_runner.py:104} INFO - Running: ['***', 'tasks', 'run', 'fetch_and_store_amazon_books', 'fetch_book_data', 'scheduled__2024-07-19T00:00:00+00:00', '--job-id', '117', '--raw', '--subdir', 'DAGS_FOLDER/app.py', '--cfg-path', '/tmp/tmpi86hm28c']
[2024-11-10T11:41:39.209+0000] {standard_task_runner.py:105} INFO - Job 117: Subtask fetch_book_data
[2024-11-10T11:41:39.277+0000] {task_command.py:467} INFO - Running <TaskInstance: fetch_and_store_amazon_books.fetch_book_data scheduled__2024-07-19T00:00:00+00:00 [running]> on host 0afc8c4a15bb
[2024-11-10T11:41:39.381+0000] {taskinstance.py:3132} INFO - Exporting env vars: AIRFLOW_CTX_DAG_OWNER='***' AIRFLOW_CTX_DAG_ID='fetch_and_store_amazon_books' AIRFLOW_CTX_TASK_ID='fetch_book_data' AIRFLOW_CTX_EXECUTION_DATE='2024-07-19T00:00:00+00:00' AIRFLOW_CTX_TRY_NUMBER='1' AIRFLOW_CTX_DAG_RUN_ID='scheduled__2024-07-19T00:00:00+00:00'
[2024-11-10T11:41:39.384+0000] {logging_mixin.py:190} INFO - Task instance is in running state
[2024-11-10T11:41:39.384+0000] {logging_mixin.py:190} INFO -  Previous state of the Task instance: queued
[2024-11-10T11:41:39.385+0000] {logging_mixin.py:190} INFO - Current task name:fetch_book_data state:running start_date:2024-11-10 11:41:39.167424+00:00
[2024-11-10T11:41:39.385+0000] {logging_mixin.py:190} INFO - Dag name:fetch_and_store_amazon_books and current dag run status:running
[2024-11-10T11:41:39.385+0000] {taskinstance.py:731} INFO - ::endgroup::
[2024-11-10T11:41:41.259+0000] {logging_mixin.py:190} INFO - Failed to retrieve the page
[2024-11-10T11:41:41.289+0000] {python.py:240} INFO - Done. Returned value was: None
[2024-11-10T11:41:41.306+0000] {taskinstance.py:340} INFO - ::group::Post task execution logs
[2024-11-10T11:41:41.307+0000] {taskinstance.py:352} INFO - Marking task as SUCCESS. dag_id=fetch_and_store_amazon_books, task_id=fetch_book_data, run_id=scheduled__2024-07-19T00:00:00+00:00, execution_date=20240719T000000, start_date=20241110T114139, end_date=20241110T114141
[2024-11-10T11:41:41.323+0000] {logging_mixin.py:190} INFO - Task instance in success state
[2024-11-10T11:41:41.323+0000] {logging_mixin.py:190} INFO -  Previous state of the Task instance: running
[2024-11-10T11:41:41.323+0000] {logging_mixin.py:190} INFO - Dag name:fetch_and_store_amazon_books queued_at:2024-11-10 11:41:36.588920+00:00
[2024-11-10T11:41:41.324+0000] {logging_mixin.py:190} INFO - Task hostname:0afc8c4a15bb operator:PythonOperator
[2024-11-10T11:41:41.349+0000] {local_task_job_runner.py:266} INFO - Task exited with return code 0
[2024-11-10T11:41:41.388+0000] {taskinstance.py:3895} INFO - 1 downstream tasks scheduled from follow-on schedule check
[2024-11-10T11:41:41.391+0000] {local_task_job_runner.py:245} INFO - ::endgroup::
[2024-11-10T14:07:35.008+0000] {local_task_job_runner.py:123} INFO - ::group::Pre task execution logs
[2024-11-10T14:07:35.041+0000] {taskinstance.py:2613} INFO - Dependencies all met for dep_context=non-requeueable deps ti=<TaskInstance: fetch_and_store_amazon_books.fetch_book_data scheduled__2024-07-19T00:00:00+00:00 [queued]>
[2024-11-10T14:07:35.060+0000] {taskinstance.py:2613} INFO - Dependencies all met for dep_context=requeueable deps ti=<TaskInstance: fetch_and_store_amazon_books.fetch_book_data scheduled__2024-07-19T00:00:00+00:00 [queued]>
[2024-11-10T14:07:35.060+0000] {taskinstance.py:2866} INFO - Starting attempt 1 of 2
[2024-11-10T14:07:35.092+0000] {taskinstance.py:2889} INFO - Executing <Task(PythonOperator): fetch_book_data> on 2024-07-19 00:00:00+00:00
[2024-11-10T14:07:35.125+0000] {warnings.py:112} WARNING - /home/***/.local/lib/python3.12/site-packages/***/task/task_runner/standard_task_runner.py:70: DeprecationWarning: This process (pid=4253) is multi-threaded, use of fork() may lead to deadlocks in the child.
  pid = os.fork()

[2024-11-10T14:07:35.129+0000] {standard_task_runner.py:72} INFO - Started process 4276 to run task
[2024-11-10T14:07:35.133+0000] {standard_task_runner.py:104} INFO - Running: ['***', 'tasks', 'run', 'fetch_and_store_amazon_books', 'fetch_book_data', 'scheduled__2024-07-19T00:00:00+00:00', '--job-id', '326', '--raw', '--subdir', 'DAGS_FOLDER/app.py', '--cfg-path', '/tmp/tmpsoqo2nb4']
[2024-11-10T14:07:35.135+0000] {standard_task_runner.py:105} INFO - Job 326: Subtask fetch_book_data
[2024-11-10T14:07:35.273+0000] {task_command.py:467} INFO - Running <TaskInstance: fetch_and_store_amazon_books.fetch_book_data scheduled__2024-07-19T00:00:00+00:00 [running]> on host 0afc8c4a15bb
[2024-11-10T14:07:35.519+0000] {taskinstance.py:3132} INFO - Exporting env vars: AIRFLOW_CTX_DAG_OWNER='***' AIRFLOW_CTX_DAG_ID='fetch_and_store_amazon_books' AIRFLOW_CTX_TASK_ID='fetch_book_data' AIRFLOW_CTX_EXECUTION_DATE='2024-07-19T00:00:00+00:00' AIRFLOW_CTX_TRY_NUMBER='1' AIRFLOW_CTX_DAG_RUN_ID='scheduled__2024-07-19T00:00:00+00:00'
[2024-11-10T14:07:35.533+0000] {logging_mixin.py:190} INFO - Task instance is in running state
[2024-11-10T14:07:35.534+0000] {logging_mixin.py:190} INFO -  Previous state of the Task instance: queued
[2024-11-10T14:07:35.538+0000] {logging_mixin.py:190} INFO - Current task name:fetch_book_data state:running start_date:2024-11-10 14:07:35.042340+00:00
[2024-11-10T14:07:35.538+0000] {logging_mixin.py:190} INFO - Dag name:fetch_and_store_amazon_books and current dag run status:running
[2024-11-10T14:07:35.539+0000] {taskinstance.py:731} INFO - ::endgroup::
[2024-11-10T14:07:37.800+0000] {python.py:240} INFO - Done. Returned value was: None
[2024-11-10T14:07:37.817+0000] {taskinstance.py:340} INFO - ::group::Post task execution logs
[2024-11-10T14:07:37.817+0000] {taskinstance.py:352} INFO - Marking task as SUCCESS. dag_id=fetch_and_store_amazon_books, task_id=fetch_book_data, run_id=scheduled__2024-07-19T00:00:00+00:00, execution_date=20240719T000000, start_date=20241110T140735, end_date=20241110T140737
[2024-11-10T14:07:37.833+0000] {logging_mixin.py:190} INFO - Task instance in success state
[2024-11-10T14:07:37.834+0000] {logging_mixin.py:190} INFO -  Previous state of the Task instance: running
[2024-11-10T14:07:37.834+0000] {logging_mixin.py:190} INFO - Dag name:fetch_and_store_amazon_books queued_at:2024-11-10 14:07:29.845086+00:00
[2024-11-10T14:07:37.835+0000] {logging_mixin.py:190} INFO - Task hostname:0afc8c4a15bb operator:PythonOperator
[2024-11-10T14:07:37.865+0000] {local_task_job_runner.py:266} INFO - Task exited with return code 0
[2024-11-10T14:07:37.906+0000] {taskinstance.py:3895} INFO - 1 downstream tasks scheduled from follow-on schedule check
[2024-11-10T14:07:37.911+0000] {local_task_job_runner.py:245} INFO - ::endgroup::
