[2024-11-10T11:30:48.211+0000] {local_task_job_runner.py:123} INFO - ::group::Pre task execution logs
[2024-11-10T11:30:48.332+0000] {taskinstance.py:2613} INFO - Dependencies all met for dep_context=non-requeueable deps ti=<TaskInstance: fetch_and_store_amazon_books.fetch_book_data scheduled__2024-06-23T00:00:00+00:00 [queued]>
[2024-11-10T11:30:48.451+0000] {taskinstance.py:2613} INFO - Dependencies all met for dep_context=requeueable deps ti=<TaskInstance: fetch_and_store_amazon_books.fetch_book_data scheduled__2024-06-23T00:00:00+00:00 [queued]>
[2024-11-10T11:30:48.451+0000] {taskinstance.py:2866} INFO - Starting attempt 1 of 2
[2024-11-10T11:30:48.503+0000] {taskinstance.py:2889} INFO - Executing <Task(PythonOperator): fetch_book_data> on 2024-06-23 00:00:00+00:00
[2024-11-10T11:30:48.650+0000] {warnings.py:112} WARNING - /home/***/.local/lib/python3.12/site-packages/***/task/task_runner/standard_task_runner.py:70: DeprecationWarning: This process (pid=1014) is multi-threaded, use of fork() may lead to deadlocks in the child.
  pid = os.fork()

[2024-11-10T11:30:48.702+0000] {standard_task_runner.py:72} INFO - Started process 1056 to run task
[2024-11-10T11:30:48.730+0000] {standard_task_runner.py:104} INFO - Running: ['***', 'tasks', 'run', 'fetch_and_store_amazon_books', 'fetch_book_data', 'scheduled__2024-06-23T00:00:00+00:00', '--job-id', '9', '--raw', '--subdir', 'DAGS_FOLDER/app.py', '--cfg-path', '/tmp/tmp6x7qvyo3']
[2024-11-10T11:30:48.781+0000] {standard_task_runner.py:105} INFO - Job 9: Subtask fetch_book_data
[2024-11-10T11:30:49.185+0000] {task_command.py:467} INFO - Running <TaskInstance: fetch_and_store_amazon_books.fetch_book_data scheduled__2024-06-23T00:00:00+00:00 [running]> on host 0afc8c4a15bb
[2024-11-10T11:30:49.578+0000] {taskinstance.py:3132} INFO - Exporting env vars: AIRFLOW_CTX_DAG_OWNER='***' AIRFLOW_CTX_DAG_ID='fetch_and_store_amazon_books' AIRFLOW_CTX_TASK_ID='fetch_book_data' AIRFLOW_CTX_EXECUTION_DATE='2024-06-23T00:00:00+00:00' AIRFLOW_CTX_TRY_NUMBER='1' AIRFLOW_CTX_DAG_RUN_ID='scheduled__2024-06-23T00:00:00+00:00'
[2024-11-10T11:30:49.585+0000] {logging_mixin.py:190} INFO - Task instance is in running state
[2024-11-10T11:30:49.589+0000] {logging_mixin.py:190} INFO -  Previous state of the Task instance: queued
[2024-11-10T11:30:49.593+0000] {logging_mixin.py:190} INFO - Current task name:fetch_book_data state:running start_date:2024-11-10 11:30:48.334098+00:00
[2024-11-10T11:30:49.594+0000] {logging_mixin.py:190} INFO - Dag name:fetch_and_store_amazon_books and current dag run status:running
[2024-11-10T11:30:49.594+0000] {taskinstance.py:731} INFO - ::endgroup::
[2024-11-10T11:30:50.851+0000] {logging_mixin.py:190} INFO - Failed to retrieve the page
[2024-11-10T11:30:51.009+0000] {python.py:240} INFO - Done. Returned value was: None
[2024-11-10T11:30:51.040+0000] {taskinstance.py:340} INFO - ::group::Post task execution logs
[2024-11-10T11:30:51.040+0000] {taskinstance.py:352} INFO - Marking task as SUCCESS. dag_id=fetch_and_store_amazon_books, task_id=fetch_book_data, run_id=scheduled__2024-06-23T00:00:00+00:00, execution_date=20240623T000000, start_date=20241110T113048, end_date=20241110T113051
[2024-11-10T11:30:51.064+0000] {logging_mixin.py:190} INFO - Task instance in success state
[2024-11-10T11:30:51.064+0000] {logging_mixin.py:190} INFO -  Previous state of the Task instance: running
[2024-11-10T11:30:51.065+0000] {logging_mixin.py:190} INFO - Dag name:fetch_and_store_amazon_books queued_at:2024-11-10 11:30:17.036906+00:00
[2024-11-10T11:30:51.065+0000] {logging_mixin.py:190} INFO - Task hostname:0afc8c4a15bb operator:PythonOperator
[2024-11-10T11:30:51.106+0000] {local_task_job_runner.py:266} INFO - Task exited with return code 0
[2024-11-10T11:30:51.170+0000] {taskinstance.py:3895} INFO - 1 downstream tasks scheduled from follow-on schedule check
[2024-11-10T11:30:51.175+0000] {local_task_job_runner.py:245} INFO - ::endgroup::
[2024-11-10T14:06:05.889+0000] {local_task_job_runner.py:123} INFO - ::group::Pre task execution logs
[2024-11-10T14:06:06.094+0000] {taskinstance.py:2613} INFO - Dependencies all met for dep_context=non-requeueable deps ti=<TaskInstance: fetch_and_store_amazon_books.fetch_book_data scheduled__2024-06-23T00:00:00+00:00 [queued]>
[2024-11-10T14:06:06.227+0000] {taskinstance.py:2613} INFO - Dependencies all met for dep_context=requeueable deps ti=<TaskInstance: fetch_and_store_amazon_books.fetch_book_data scheduled__2024-06-23T00:00:00+00:00 [queued]>
[2024-11-10T14:06:06.243+0000] {taskinstance.py:2866} INFO - Starting attempt 1 of 2
[2024-11-10T14:06:06.381+0000] {taskinstance.py:2889} INFO - Executing <Task(PythonOperator): fetch_book_data> on 2024-06-23 00:00:00+00:00
[2024-11-10T14:06:06.478+0000] {warnings.py:112} WARNING - /home/***/.local/lib/python3.12/site-packages/***/task/task_runner/standard_task_runner.py:70: DeprecationWarning: This process (pid=3889) is multi-threaded, use of fork() may lead to deadlocks in the child.
  pid = os.fork()

[2024-11-10T14:06:06.488+0000] {standard_task_runner.py:104} INFO - Running: ['***', 'tasks', 'run', 'fetch_and_store_amazon_books', 'fetch_book_data', 'scheduled__2024-06-23T00:00:00+00:00', '--job-id', '240', '--raw', '--subdir', 'DAGS_FOLDER/app.py', '--cfg-path', '/tmp/tmp86avoc62']
[2024-11-10T14:06:06.491+0000] {standard_task_runner.py:72} INFO - Started process 3926 to run task
[2024-11-10T14:06:06.491+0000] {standard_task_runner.py:105} INFO - Job 240: Subtask fetch_book_data
[2024-11-10T14:06:06.725+0000] {task_command.py:467} INFO - Running <TaskInstance: fetch_and_store_amazon_books.fetch_book_data scheduled__2024-06-23T00:00:00+00:00 [running]> on host 0afc8c4a15bb
[2024-11-10T14:06:07.332+0000] {taskinstance.py:3132} INFO - Exporting env vars: AIRFLOW_CTX_DAG_OWNER='***' AIRFLOW_CTX_DAG_ID='fetch_and_store_amazon_books' AIRFLOW_CTX_TASK_ID='fetch_book_data' AIRFLOW_CTX_EXECUTION_DATE='2024-06-23T00:00:00+00:00' AIRFLOW_CTX_TRY_NUMBER='1' AIRFLOW_CTX_DAG_RUN_ID='scheduled__2024-06-23T00:00:00+00:00'
[2024-11-10T14:06:07.355+0000] {logging_mixin.py:190} INFO - Task instance is in running state
[2024-11-10T14:06:07.364+0000] {logging_mixin.py:190} INFO -  Previous state of the Task instance: queued
[2024-11-10T14:06:07.364+0000] {logging_mixin.py:190} INFO - Current task name:fetch_book_data state:running start_date:2024-11-10 14:06:06.101228+00:00
[2024-11-10T14:06:07.365+0000] {logging_mixin.py:190} INFO - Dag name:fetch_and_store_amazon_books and current dag run status:running
[2024-11-10T14:06:07.368+0000] {taskinstance.py:731} INFO - ::endgroup::
[2024-11-10T14:06:10.696+0000] {python.py:240} INFO - Done. Returned value was: None
[2024-11-10T14:06:10.732+0000] {taskinstance.py:340} INFO - ::group::Post task execution logs
[2024-11-10T14:06:10.733+0000] {taskinstance.py:352} INFO - Marking task as SUCCESS. dag_id=fetch_and_store_amazon_books, task_id=fetch_book_data, run_id=scheduled__2024-06-23T00:00:00+00:00, execution_date=20240623T000000, start_date=20241110T140606, end_date=20241110T140610
[2024-11-10T14:06:10.799+0000] {logging_mixin.py:190} INFO - Task instance in success state
[2024-11-10T14:06:10.800+0000] {logging_mixin.py:190} INFO -  Previous state of the Task instance: running
[2024-11-10T14:06:10.801+0000] {logging_mixin.py:190} INFO - Dag name:fetch_and_store_amazon_books queued_at:2024-11-10 14:05:18.767154+00:00
[2024-11-10T14:06:10.807+0000] {logging_mixin.py:190} INFO - Task hostname:0afc8c4a15bb operator:PythonOperator
[2024-11-10T14:06:10.944+0000] {local_task_job_runner.py:266} INFO - Task exited with return code 0
[2024-11-10T14:06:11.137+0000] {taskinstance.py:3895} INFO - 1 downstream tasks scheduled from follow-on schedule check
[2024-11-10T14:06:11.157+0000] {local_task_job_runner.py:245} INFO - ::endgroup::
