[2024-11-10T11:47:50.974+0000] {local_task_job_runner.py:123} INFO - ::group::Pre task execution logs
[2024-11-10T11:47:51.002+0000] {taskinstance.py:2613} INFO - Dependencies all met for dep_context=non-requeueable deps ti=<TaskInstance: fetch_and_store_amazon_books.fetch_book_data scheduled__2024-08-05T00:00:00+00:00 [queued]>
[2024-11-10T11:47:51.011+0000] {taskinstance.py:2613} INFO - Dependencies all met for dep_context=requeueable deps ti=<TaskInstance: fetch_and_store_amazon_books.fetch_book_data scheduled__2024-08-05T00:00:00+00:00 [queued]>
[2024-11-10T11:47:51.012+0000] {taskinstance.py:2866} INFO - Starting attempt 1 of 2
[2024-11-10T11:47:51.031+0000] {taskinstance.py:2889} INFO - Executing <Task(PythonOperator): fetch_book_data> on 2024-08-05 00:00:00+00:00
[2024-11-10T11:47:51.044+0000] {warnings.py:112} WARNING - /home/***/.local/lib/python3.12/site-packages/***/task/task_runner/standard_task_runner.py:70: DeprecationWarning: This process (pid=1936) is multi-threaded, use of fork() may lead to deadlocks in the child.
  pid = os.fork()

[2024-11-10T11:47:51.045+0000] {standard_task_runner.py:72} INFO - Started process 1938 to run task
[2024-11-10T11:47:51.048+0000] {standard_task_runner.py:104} INFO - Running: ['***', 'tasks', 'run', 'fetch_and_store_amazon_books', 'fetch_book_data', 'scheduled__2024-08-05T00:00:00+00:00', '--job-id', '185', '--raw', '--subdir', 'DAGS_FOLDER/app.py', '--cfg-path', '/tmp/tmpqsmao4v3']
[2024-11-10T11:47:51.049+0000] {standard_task_runner.py:105} INFO - Job 185: Subtask fetch_book_data
[2024-11-10T11:47:51.117+0000] {task_command.py:467} INFO - Running <TaskInstance: fetch_and_store_amazon_books.fetch_book_data scheduled__2024-08-05T00:00:00+00:00 [running]> on host 0afc8c4a15bb
[2024-11-10T11:47:51.221+0000] {taskinstance.py:3132} INFO - Exporting env vars: AIRFLOW_CTX_DAG_OWNER='***' AIRFLOW_CTX_DAG_ID='fetch_and_store_amazon_books' AIRFLOW_CTX_TASK_ID='fetch_book_data' AIRFLOW_CTX_EXECUTION_DATE='2024-08-05T00:00:00+00:00' AIRFLOW_CTX_TRY_NUMBER='1' AIRFLOW_CTX_DAG_RUN_ID='scheduled__2024-08-05T00:00:00+00:00'
[2024-11-10T11:47:51.223+0000] {logging_mixin.py:190} INFO - Task instance is in running state
[2024-11-10T11:47:51.223+0000] {logging_mixin.py:190} INFO -  Previous state of the Task instance: queued
[2024-11-10T11:47:51.223+0000] {logging_mixin.py:190} INFO - Current task name:fetch_book_data state:running start_date:2024-11-10 11:47:51.002702+00:00
[2024-11-10T11:47:51.223+0000] {logging_mixin.py:190} INFO - Dag name:fetch_and_store_amazon_books and current dag run status:running
[2024-11-10T11:47:51.223+0000] {taskinstance.py:731} INFO - ::endgroup::
[2024-11-10T11:47:51.995+0000] {logging_mixin.py:190} INFO - Failed to retrieve the page
[2024-11-10T11:47:52.027+0000] {python.py:240} INFO - Done. Returned value was: None
[2024-11-10T11:47:52.044+0000] {taskinstance.py:340} INFO - ::group::Post task execution logs
[2024-11-10T11:47:52.044+0000] {taskinstance.py:352} INFO - Marking task as SUCCESS. dag_id=fetch_and_store_amazon_books, task_id=fetch_book_data, run_id=scheduled__2024-08-05T00:00:00+00:00, execution_date=20240805T000000, start_date=20241110T114751, end_date=20241110T114752
[2024-11-10T11:47:52.059+0000] {logging_mixin.py:190} INFO - Task instance in success state
[2024-11-10T11:47:52.060+0000] {logging_mixin.py:190} INFO -  Previous state of the Task instance: running
[2024-11-10T11:47:52.060+0000] {logging_mixin.py:190} INFO - Dag name:fetch_and_store_amazon_books queued_at:2024-11-10 11:47:48.638200+00:00
[2024-11-10T11:47:52.060+0000] {logging_mixin.py:190} INFO - Task hostname:0afc8c4a15bb operator:PythonOperator
[2024-11-10T11:47:52.103+0000] {local_task_job_runner.py:266} INFO - Task exited with return code 0
[2024-11-10T11:47:52.139+0000] {taskinstance.py:3895} INFO - 1 downstream tasks scheduled from follow-on schedule check
[2024-11-10T11:47:52.141+0000] {local_task_job_runner.py:245} INFO - ::endgroup::
[2024-11-10T14:08:07.822+0000] {local_task_job_runner.py:123} INFO - ::group::Pre task execution logs
[2024-11-10T14:08:07.855+0000] {taskinstance.py:2613} INFO - Dependencies all met for dep_context=non-requeueable deps ti=<TaskInstance: fetch_and_store_amazon_books.fetch_book_data scheduled__2024-08-05T00:00:00+00:00 [queued]>
[2024-11-10T14:08:07.873+0000] {taskinstance.py:2613} INFO - Dependencies all met for dep_context=requeueable deps ti=<TaskInstance: fetch_and_store_amazon_books.fetch_book_data scheduled__2024-08-05T00:00:00+00:00 [queued]>
[2024-11-10T14:08:07.873+0000] {taskinstance.py:2866} INFO - Starting attempt 1 of 2
[2024-11-10T14:08:08.141+0000] {taskinstance.py:2889} INFO - Executing <Task(PythonOperator): fetch_book_data> on 2024-08-05 00:00:00+00:00
[2024-11-10T14:08:08.162+0000] {warnings.py:112} WARNING - /home/***/.local/lib/python3.12/site-packages/***/task/task_runner/standard_task_runner.py:70: DeprecationWarning: This process (pid=4414) is multi-threaded, use of fork() may lead to deadlocks in the child.
  pid = os.fork()

[2024-11-10T14:08:08.167+0000] {standard_task_runner.py:72} INFO - Started process 4438 to run task
[2024-11-10T14:08:08.168+0000] {standard_task_runner.py:104} INFO - Running: ['***', 'tasks', 'run', 'fetch_and_store_amazon_books', 'fetch_book_data', 'scheduled__2024-08-05T00:00:00+00:00', '--job-id', '367', '--raw', '--subdir', 'DAGS_FOLDER/app.py', '--cfg-path', '/tmp/tmp0hv0vs3p']
[2024-11-10T14:08:08.171+0000] {standard_task_runner.py:105} INFO - Job 367: Subtask fetch_book_data
[2024-11-10T14:08:08.263+0000] {task_command.py:467} INFO - Running <TaskInstance: fetch_and_store_amazon_books.fetch_book_data scheduled__2024-08-05T00:00:00+00:00 [running]> on host 0afc8c4a15bb
[2024-11-10T14:08:08.402+0000] {taskinstance.py:3132} INFO - Exporting env vars: AIRFLOW_CTX_DAG_OWNER='***' AIRFLOW_CTX_DAG_ID='fetch_and_store_amazon_books' AIRFLOW_CTX_TASK_ID='fetch_book_data' AIRFLOW_CTX_EXECUTION_DATE='2024-08-05T00:00:00+00:00' AIRFLOW_CTX_TRY_NUMBER='1' AIRFLOW_CTX_DAG_RUN_ID='scheduled__2024-08-05T00:00:00+00:00'
[2024-11-10T14:08:08.405+0000] {logging_mixin.py:190} INFO - Task instance is in running state
[2024-11-10T14:08:08.405+0000] {logging_mixin.py:190} INFO -  Previous state of the Task instance: queued
[2024-11-10T14:08:08.406+0000] {logging_mixin.py:190} INFO - Current task name:fetch_book_data state:running start_date:2024-11-10 14:08:07.856584+00:00
[2024-11-10T14:08:08.406+0000] {logging_mixin.py:190} INFO - Dag name:fetch_and_store_amazon_books and current dag run status:running
[2024-11-10T14:08:08.407+0000] {taskinstance.py:731} INFO - ::endgroup::
[2024-11-10T14:08:11.875+0000] {python.py:240} INFO - Done. Returned value was: None
[2024-11-10T14:08:11.900+0000] {taskinstance.py:340} INFO - ::group::Post task execution logs
[2024-11-10T14:08:11.901+0000] {taskinstance.py:352} INFO - Marking task as SUCCESS. dag_id=fetch_and_store_amazon_books, task_id=fetch_book_data, run_id=scheduled__2024-08-05T00:00:00+00:00, execution_date=20240805T000000, start_date=20241110T140807, end_date=20241110T140811
[2024-11-10T14:08:11.927+0000] {logging_mixin.py:190} INFO - Task instance in success state
[2024-11-10T14:08:11.928+0000] {logging_mixin.py:190} INFO -  Previous state of the Task instance: running
[2024-11-10T14:08:11.928+0000] {logging_mixin.py:190} INFO - Dag name:fetch_and_store_amazon_books queued_at:2024-11-10 14:08:02.780143+00:00
[2024-11-10T14:08:11.928+0000] {logging_mixin.py:190} INFO - Task hostname:0afc8c4a15bb operator:PythonOperator
[2024-11-10T14:08:11.969+0000] {local_task_job_runner.py:266} INFO - Task exited with return code 0
[2024-11-10T14:08:12.021+0000] {taskinstance.py:3895} INFO - 1 downstream tasks scheduled from follow-on schedule check
[2024-11-10T14:08:12.028+0000] {local_task_job_runner.py:245} INFO - ::endgroup::
