[2024-11-10T11:43:13.223+0000] {local_task_job_runner.py:123} INFO - ::group::Pre task execution logs
[2024-11-10T11:43:13.263+0000] {taskinstance.py:2613} INFO - Dependencies all met for dep_context=non-requeueable deps ti=<TaskInstance: fetch_and_store_amazon_books.fetch_book_data scheduled__2024-08-02T00:00:00+00:00 [queued]>
[2024-11-10T11:43:13.277+0000] {taskinstance.py:2613} INFO - Dependencies all met for dep_context=requeueable deps ti=<TaskInstance: fetch_and_store_amazon_books.fetch_book_data scheduled__2024-08-02T00:00:00+00:00 [queued]>
[2024-11-10T11:43:13.278+0000] {taskinstance.py:2866} INFO - Starting attempt 1 of 2
[2024-11-10T11:43:13.300+0000] {taskinstance.py:2889} INFO - Executing <Task(PythonOperator): fetch_book_data> on 2024-08-02 00:00:00+00:00
[2024-11-10T11:43:13.323+0000] {warnings.py:112} WARNING - /home/***/.local/lib/python3.12/site-packages/***/task/task_runner/standard_task_runner.py:70: DeprecationWarning: This process (pid=1742) is multi-threaded, use of fork() may lead to deadlocks in the child.
  pid = os.fork()

[2024-11-10T11:43:13.326+0000] {standard_task_runner.py:72} INFO - Started process 1769 to run task
[2024-11-10T11:43:13.326+0000] {standard_task_runner.py:104} INFO - Running: ['***', 'tasks', 'run', 'fetch_and_store_amazon_books', 'fetch_book_data', 'scheduled__2024-08-02T00:00:00+00:00', '--job-id', '155', '--raw', '--subdir', 'DAGS_FOLDER/app.py', '--cfg-path', '/tmp/tmp0p1pvh4e']
[2024-11-10T11:43:13.328+0000] {standard_task_runner.py:105} INFO - Job 155: Subtask fetch_book_data
[2024-11-10T11:43:13.416+0000] {task_command.py:467} INFO - Running <TaskInstance: fetch_and_store_amazon_books.fetch_book_data scheduled__2024-08-02T00:00:00+00:00 [running]> on host 0afc8c4a15bb
[2024-11-10T11:43:13.585+0000] {taskinstance.py:3132} INFO - Exporting env vars: AIRFLOW_CTX_DAG_OWNER='***' AIRFLOW_CTX_DAG_ID='fetch_and_store_amazon_books' AIRFLOW_CTX_TASK_ID='fetch_book_data' AIRFLOW_CTX_EXECUTION_DATE='2024-08-02T00:00:00+00:00' AIRFLOW_CTX_TRY_NUMBER='1' AIRFLOW_CTX_DAG_RUN_ID='scheduled__2024-08-02T00:00:00+00:00'
[2024-11-10T11:43:13.588+0000] {logging_mixin.py:190} INFO - Task instance is in running state
[2024-11-10T11:43:13.588+0000] {logging_mixin.py:190} INFO -  Previous state of the Task instance: queued
[2024-11-10T11:43:13.589+0000] {logging_mixin.py:190} INFO - Current task name:fetch_book_data state:running start_date:2024-11-10 11:43:13.263956+00:00
[2024-11-10T11:43:13.589+0000] {logging_mixin.py:190} INFO - Dag name:fetch_and_store_amazon_books and current dag run status:running
[2024-11-10T11:43:13.589+0000] {taskinstance.py:731} INFO - ::endgroup::
[2024-11-10T11:43:15.033+0000] {logging_mixin.py:190} INFO - Failed to retrieve the page
[2024-11-10T11:43:15.073+0000] {python.py:240} INFO - Done. Returned value was: None
[2024-11-10T11:43:15.091+0000] {taskinstance.py:340} INFO - ::group::Post task execution logs
[2024-11-10T11:43:15.092+0000] {taskinstance.py:352} INFO - Marking task as SUCCESS. dag_id=fetch_and_store_amazon_books, task_id=fetch_book_data, run_id=scheduled__2024-08-02T00:00:00+00:00, execution_date=20240802T000000, start_date=20241110T114313, end_date=20241110T114315
[2024-11-10T11:43:15.134+0000] {logging_mixin.py:190} INFO - Task instance in success state
[2024-11-10T11:43:15.134+0000] {logging_mixin.py:190} INFO -  Previous state of the Task instance: running
[2024-11-10T11:43:15.135+0000] {logging_mixin.py:190} INFO - Dag name:fetch_and_store_amazon_books queued_at:2024-11-10 11:43:06.591149+00:00
[2024-11-10T11:43:15.135+0000] {logging_mixin.py:190} INFO - Task hostname:0afc8c4a15bb operator:PythonOperator
[2024-11-10T11:43:15.193+0000] {local_task_job_runner.py:266} INFO - Task exited with return code 0
[2024-11-10T11:43:15.243+0000] {taskinstance.py:3895} INFO - 1 downstream tasks scheduled from follow-on schedule check
[2024-11-10T11:43:15.246+0000] {local_task_job_runner.py:245} INFO - ::endgroup::
[2024-11-10T14:08:06.746+0000] {local_task_job_runner.py:123} INFO - ::group::Pre task execution logs
[2024-11-10T14:08:06.781+0000] {taskinstance.py:2613} INFO - Dependencies all met for dep_context=non-requeueable deps ti=<TaskInstance: fetch_and_store_amazon_books.fetch_book_data scheduled__2024-08-02T00:00:00+00:00 [queued]>
[2024-11-10T14:08:06.797+0000] {taskinstance.py:2613} INFO - Dependencies all met for dep_context=requeueable deps ti=<TaskInstance: fetch_and_store_amazon_books.fetch_book_data scheduled__2024-08-02T00:00:00+00:00 [queued]>
[2024-11-10T14:08:06.798+0000] {taskinstance.py:2866} INFO - Starting attempt 1 of 2
[2024-11-10T14:08:06.824+0000] {taskinstance.py:2889} INFO - Executing <Task(PythonOperator): fetch_book_data> on 2024-08-02 00:00:00+00:00
[2024-11-10T14:08:06.859+0000] {standard_task_runner.py:104} INFO - Running: ['***', 'tasks', 'run', 'fetch_and_store_amazon_books', 'fetch_book_data', 'scheduled__2024-08-02T00:00:00+00:00', '--job-id', '364', '--raw', '--subdir', 'DAGS_FOLDER/app.py', '--cfg-path', '/tmp/tmpk6qf_h45']
[2024-11-10T14:08:06.861+0000] {standard_task_runner.py:105} INFO - Job 364: Subtask fetch_book_data
[2024-11-10T14:08:06.855+0000] {warnings.py:112} WARNING - /home/***/.local/lib/python3.12/site-packages/***/task/task_runner/standard_task_runner.py:70: DeprecationWarning: This process (pid=4408) is multi-threaded, use of fork() may lead to deadlocks in the child.
  pid = os.fork()

[2024-11-10T14:08:06.865+0000] {standard_task_runner.py:72} INFO - Started process 4430 to run task
[2024-11-10T14:08:06.993+0000] {task_command.py:467} INFO - Running <TaskInstance: fetch_and_store_amazon_books.fetch_book_data scheduled__2024-08-02T00:00:00+00:00 [running]> on host 0afc8c4a15bb
[2024-11-10T14:08:07.201+0000] {taskinstance.py:3132} INFO - Exporting env vars: AIRFLOW_CTX_DAG_OWNER='***' AIRFLOW_CTX_DAG_ID='fetch_and_store_amazon_books' AIRFLOW_CTX_TASK_ID='fetch_book_data' AIRFLOW_CTX_EXECUTION_DATE='2024-08-02T00:00:00+00:00' AIRFLOW_CTX_TRY_NUMBER='1' AIRFLOW_CTX_DAG_RUN_ID='scheduled__2024-08-02T00:00:00+00:00'
[2024-11-10T14:08:07.204+0000] {logging_mixin.py:190} INFO - Task instance is in running state
[2024-11-10T14:08:07.205+0000] {logging_mixin.py:190} INFO -  Previous state of the Task instance: queued
[2024-11-10T14:08:07.205+0000] {logging_mixin.py:190} INFO - Current task name:fetch_book_data state:running start_date:2024-11-10 14:08:06.782409+00:00
[2024-11-10T14:08:07.205+0000] {logging_mixin.py:190} INFO - Dag name:fetch_and_store_amazon_books and current dag run status:running
[2024-11-10T14:08:07.206+0000] {taskinstance.py:731} INFO - ::endgroup::
[2024-11-10T14:08:09.486+0000] {python.py:240} INFO - Done. Returned value was: None
[2024-11-10T14:08:09.506+0000] {taskinstance.py:340} INFO - ::group::Post task execution logs
[2024-11-10T14:08:09.507+0000] {taskinstance.py:352} INFO - Marking task as SUCCESS. dag_id=fetch_and_store_amazon_books, task_id=fetch_book_data, run_id=scheduled__2024-08-02T00:00:00+00:00, execution_date=20240802T000000, start_date=20241110T140806, end_date=20241110T140809
[2024-11-10T14:08:09.671+0000] {logging_mixin.py:190} INFO - Task instance in success state
[2024-11-10T14:08:09.672+0000] {logging_mixin.py:190} INFO -  Previous state of the Task instance: running
[2024-11-10T14:08:09.672+0000] {logging_mixin.py:190} INFO - Dag name:fetch_and_store_amazon_books queued_at:2024-11-10 14:08:02.112948+00:00
[2024-11-10T14:08:09.673+0000] {logging_mixin.py:190} INFO - Task hostname:0afc8c4a15bb operator:PythonOperator
[2024-11-10T14:08:09.707+0000] {local_task_job_runner.py:266} INFO - Task exited with return code 0
[2024-11-10T14:08:09.747+0000] {taskinstance.py:3895} INFO - 1 downstream tasks scheduled from follow-on schedule check
[2024-11-10T14:08:09.751+0000] {local_task_job_runner.py:245} INFO - ::endgroup::
