[2024-11-10T11:31:24.648+0000] {local_task_job_runner.py:123} INFO - ::group::Pre task execution logs
[2024-11-10T11:31:24.792+0000] {taskinstance.py:2613} INFO - Dependencies all met for dep_context=non-requeueable deps ti=<TaskInstance: fetch_and_store_amazon_books.create_table scheduled__2024-06-21T00:00:00+00:00 [queued]>
[2024-11-10T11:31:24.849+0000] {taskinstance.py:2613} INFO - Dependencies all met for dep_context=requeueable deps ti=<TaskInstance: fetch_and_store_amazon_books.create_table scheduled__2024-06-21T00:00:00+00:00 [queued]>
[2024-11-10T11:31:24.850+0000] {taskinstance.py:2866} INFO - Starting attempt 1 of 2
[2024-11-10T11:31:24.913+0000] {taskinstance.py:2889} INFO - Executing <Task(PostgresOperator): create_table> on 2024-06-21 00:00:00+00:00
[2024-11-10T11:31:25.079+0000] {warnings.py:112} WARNING - /home/***/.local/lib/python3.12/site-packages/***/task/task_runner/standard_task_runner.py:70: DeprecationWarning: This process (pid=1102) is multi-threaded, use of fork() may lead to deadlocks in the child.
  pid = os.fork()

[2024-11-10T11:31:25.089+0000] {standard_task_runner.py:72} INFO - Started process 1154 to run task
[2024-11-10T11:31:25.090+0000] {standard_task_runner.py:104} INFO - Running: ['***', 'tasks', 'run', 'fetch_and_store_amazon_books', 'create_table', 'scheduled__2024-06-21T00:00:00+00:00', '--job-id', '32', '--raw', '--subdir', 'DAGS_FOLDER/app.py', '--cfg-path', '/tmp/tmpuz0nflqw']
[2024-11-10T11:31:25.093+0000] {standard_task_runner.py:105} INFO - Job 32: Subtask create_table
[2024-11-10T11:31:25.447+0000] {task_command.py:467} INFO - Running <TaskInstance: fetch_and_store_amazon_books.create_table scheduled__2024-06-21T00:00:00+00:00 [running]> on host 0afc8c4a15bb
[2024-11-10T11:31:25.822+0000] {taskinstance.py:3132} INFO - Exporting env vars: AIRFLOW_CTX_DAG_OWNER='***' AIRFLOW_CTX_DAG_ID='fetch_and_store_amazon_books' AIRFLOW_CTX_TASK_ID='create_table' AIRFLOW_CTX_EXECUTION_DATE='2024-06-21T00:00:00+00:00' AIRFLOW_CTX_TRY_NUMBER='1' AIRFLOW_CTX_DAG_RUN_ID='scheduled__2024-06-21T00:00:00+00:00'
[2024-11-10T11:31:25.826+0000] {logging_mixin.py:190} INFO - Task instance is in running state
[2024-11-10T11:31:25.829+0000] {logging_mixin.py:190} INFO -  Previous state of the Task instance: queued
[2024-11-10T11:31:25.829+0000] {logging_mixin.py:190} INFO - Current task name:create_table state:running start_date:2024-11-10 11:31:24.793025+00:00
[2024-11-10T11:31:25.842+0000] {logging_mixin.py:190} INFO - Dag name:fetch_and_store_amazon_books and current dag run status:running
[2024-11-10T11:31:25.843+0000] {taskinstance.py:731} INFO - ::endgroup::
[2024-11-10T11:31:25.844+0000] {sql.py:278} INFO - Executing: 
    CREATE TABLE IF NOT EXISTS books (
        id SERIAL PRIMARY KEY,
        title TEXT NOT NULL,
        authors TEXT,
        price TEXT,
        rating TEXT
    );
    
[2024-11-10T11:31:25.886+0000] {base.py:84} INFO - Retrieving connection 'books_connection'
[2024-11-10T11:31:25.924+0000] {base.py:84} INFO - Retrieving connection 'books_connection'
[2024-11-10T11:31:25.958+0000] {sql.py:544} INFO - Running statement: 
    CREATE TABLE IF NOT EXISTS books (
        id SERIAL PRIMARY KEY,
        title TEXT NOT NULL,
        authors TEXT,
        price TEXT,
        rating TEXT
    );
    , parameters: None
[2024-11-10T11:31:26.006+0000] {taskinstance.py:340} INFO - ::group::Post task execution logs
[2024-11-10T11:31:26.007+0000] {taskinstance.py:352} INFO - Marking task as SUCCESS. dag_id=fetch_and_store_amazon_books, task_id=create_table, run_id=scheduled__2024-06-21T00:00:00+00:00, execution_date=20240621T000000, start_date=20241110T113124, end_date=20241110T113126
[2024-11-10T11:31:26.040+0000] {logging_mixin.py:190} INFO - Task instance in success state
[2024-11-10T11:31:26.041+0000] {logging_mixin.py:190} INFO -  Previous state of the Task instance: running
[2024-11-10T11:31:26.045+0000] {logging_mixin.py:190} INFO - Dag name:fetch_and_store_amazon_books queued_at:2024-11-10 11:30:16.721648+00:00
[2024-11-10T11:31:26.047+0000] {logging_mixin.py:190} INFO - Task hostname:0afc8c4a15bb operator:PostgresOperator
[2024-11-10T11:31:26.133+0000] {local_task_job_runner.py:266} INFO - Task exited with return code 0
[2024-11-10T11:31:26.184+0000] {taskinstance.py:3895} INFO - 1 downstream tasks scheduled from follow-on schedule check
[2024-11-10T11:31:26.190+0000] {local_task_job_runner.py:245} INFO - ::endgroup::
[2024-11-10T14:06:22.711+0000] {local_task_job_runner.py:123} INFO - ::group::Pre task execution logs
[2024-11-10T14:06:22.766+0000] {taskinstance.py:2613} INFO - Dependencies all met for dep_context=non-requeueable deps ti=<TaskInstance: fetch_and_store_amazon_books.create_table scheduled__2024-06-21T00:00:00+00:00 [queued]>
[2024-11-10T14:06:22.803+0000] {taskinstance.py:2613} INFO - Dependencies all met for dep_context=requeueable deps ti=<TaskInstance: fetch_and_store_amazon_books.create_table scheduled__2024-06-21T00:00:00+00:00 [queued]>
[2024-11-10T14:06:22.804+0000] {taskinstance.py:2866} INFO - Starting attempt 1 of 2
[2024-11-10T14:06:23.027+0000] {taskinstance.py:2889} INFO - Executing <Task(PostgresOperator): create_table> on 2024-06-21 00:00:00+00:00
[2024-11-10T14:06:23.070+0000] {warnings.py:112} WARNING - /home/***/.local/lib/python3.12/site-packages/***/task/task_runner/standard_task_runner.py:70: DeprecationWarning: This process (pid=3966) is multi-threaded, use of fork() may lead to deadlocks in the child.
  pid = os.fork()

[2024-11-10T14:06:23.075+0000] {standard_task_runner.py:72} INFO - Started process 3993 to run task
[2024-11-10T14:06:23.125+0000] {standard_task_runner.py:104} INFO - Running: ['***', 'tasks', 'run', 'fetch_and_store_amazon_books', 'create_table', 'scheduled__2024-06-21T00:00:00+00:00', '--job-id', '259', '--raw', '--subdir', 'DAGS_FOLDER/app.py', '--cfg-path', '/tmp/tmpjv_ucj8p']
[2024-11-10T14:06:23.139+0000] {standard_task_runner.py:105} INFO - Job 259: Subtask create_table
[2024-11-10T14:06:23.544+0000] {task_command.py:467} INFO - Running <TaskInstance: fetch_and_store_amazon_books.create_table scheduled__2024-06-21T00:00:00+00:00 [running]> on host 0afc8c4a15bb
[2024-11-10T14:06:23.833+0000] {taskinstance.py:3132} INFO - Exporting env vars: AIRFLOW_CTX_DAG_OWNER='***' AIRFLOW_CTX_DAG_ID='fetch_and_store_amazon_books' AIRFLOW_CTX_TASK_ID='create_table' AIRFLOW_CTX_EXECUTION_DATE='2024-06-21T00:00:00+00:00' AIRFLOW_CTX_TRY_NUMBER='1' AIRFLOW_CTX_DAG_RUN_ID='scheduled__2024-06-21T00:00:00+00:00'
[2024-11-10T14:06:23.839+0000] {logging_mixin.py:190} INFO - Task instance is in running state
[2024-11-10T14:06:23.840+0000] {logging_mixin.py:190} INFO -  Previous state of the Task instance: queued
[2024-11-10T14:06:23.840+0000] {logging_mixin.py:190} INFO - Current task name:create_table state:running start_date:2024-11-10 14:06:22.767774+00:00
[2024-11-10T14:06:23.840+0000] {logging_mixin.py:190} INFO - Dag name:fetch_and_store_amazon_books and current dag run status:running
[2024-11-10T14:06:23.841+0000] {taskinstance.py:731} INFO - ::endgroup::
[2024-11-10T14:06:23.841+0000] {sql.py:278} INFO - Executing: 
    CREATE TABLE IF NOT EXISTS books (
        id SERIAL PRIMARY KEY,
        title TEXT NOT NULL,
        authors TEXT,
        price TEXT,
        rating TEXT
    );
    
[2024-11-10T14:06:23.877+0000] {base.py:84} INFO - Retrieving connection 'books_connection'
[2024-11-10T14:06:23.920+0000] {base.py:84} INFO - Retrieving connection 'books_connection'
[2024-11-10T14:06:23.953+0000] {sql.py:544} INFO - Running statement: 
    CREATE TABLE IF NOT EXISTS books (
        id SERIAL PRIMARY KEY,
        title TEXT NOT NULL,
        authors TEXT,
        price TEXT,
        rating TEXT
    );
    , parameters: None
[2024-11-10T14:06:24.051+0000] {taskinstance.py:340} INFO - ::group::Post task execution logs
[2024-11-10T14:06:24.054+0000] {taskinstance.py:352} INFO - Marking task as SUCCESS. dag_id=fetch_and_store_amazon_books, task_id=create_table, run_id=scheduled__2024-06-21T00:00:00+00:00, execution_date=20240621T000000, start_date=20241110T140622, end_date=20241110T140624
[2024-11-10T14:06:24.112+0000] {logging_mixin.py:190} INFO - Task instance in success state
[2024-11-10T14:06:24.113+0000] {logging_mixin.py:190} INFO -  Previous state of the Task instance: running
[2024-11-10T14:06:24.115+0000] {logging_mixin.py:190} INFO - Dag name:fetch_and_store_amazon_books queued_at:2024-11-10 14:05:18.263498+00:00
[2024-11-10T14:06:24.117+0000] {logging_mixin.py:190} INFO - Task hostname:0afc8c4a15bb operator:PostgresOperator
[2024-11-10T14:06:24.212+0000] {local_task_job_runner.py:266} INFO - Task exited with return code 0
[2024-11-10T14:06:24.293+0000] {taskinstance.py:3895} INFO - 1 downstream tasks scheduled from follow-on schedule check
[2024-11-10T14:06:24.299+0000] {local_task_job_runner.py:245} INFO - ::endgroup::
