[2024-11-10T11:30:54.943+0000] {local_task_job_runner.py:123} INFO - ::group::Pre task execution logs
[2024-11-10T11:30:55.014+0000] {taskinstance.py:2613} INFO - Dependencies all met for dep_context=non-requeueable deps ti=<TaskInstance: fetch_and_store_amazon_books.fetch_book_data scheduled__2024-06-28T00:00:00+00:00 [queued]>
[2024-11-10T11:30:55.059+0000] {taskinstance.py:2613} INFO - Dependencies all met for dep_context=requeueable deps ti=<TaskInstance: fetch_and_store_amazon_books.fetch_book_data scheduled__2024-06-28T00:00:00+00:00 [queued]>
[2024-11-10T11:30:55.060+0000] {taskinstance.py:2866} INFO - Starting attempt 1 of 2
[2024-11-10T11:30:55.114+0000] {taskinstance.py:2889} INFO - Executing <Task(PythonOperator): fetch_book_data> on 2024-06-28 00:00:00+00:00
[2024-11-10T11:30:55.145+0000] {warnings.py:112} WARNING - /home/***/.local/lib/python3.12/site-packages/***/task/task_runner/standard_task_runner.py:70: DeprecationWarning: This process (pid=1026) is multi-threaded, use of fork() may lead to deadlocks in the child.
  pid = os.fork()

[2024-11-10T11:30:55.149+0000] {standard_task_runner.py:72} INFO - Started process 1092 to run task
[2024-11-10T11:30:55.154+0000] {standard_task_runner.py:104} INFO - Running: ['***', 'tasks', 'run', 'fetch_and_store_amazon_books', 'fetch_book_data', 'scheduled__2024-06-28T00:00:00+00:00', '--job-id', '18', '--raw', '--subdir', 'DAGS_FOLDER/app.py', '--cfg-path', '/tmp/tmpwyso3z_u']
[2024-11-10T11:30:55.156+0000] {standard_task_runner.py:105} INFO - Job 18: Subtask fetch_book_data
[2024-11-10T11:30:55.507+0000] {task_command.py:467} INFO - Running <TaskInstance: fetch_and_store_amazon_books.fetch_book_data scheduled__2024-06-28T00:00:00+00:00 [running]> on host 0afc8c4a15bb
[2024-11-10T11:30:55.860+0000] {taskinstance.py:3132} INFO - Exporting env vars: AIRFLOW_CTX_DAG_OWNER='***' AIRFLOW_CTX_DAG_ID='fetch_and_store_amazon_books' AIRFLOW_CTX_TASK_ID='fetch_book_data' AIRFLOW_CTX_EXECUTION_DATE='2024-06-28T00:00:00+00:00' AIRFLOW_CTX_TRY_NUMBER='1' AIRFLOW_CTX_DAG_RUN_ID='scheduled__2024-06-28T00:00:00+00:00'
[2024-11-10T11:30:55.863+0000] {logging_mixin.py:190} INFO - Task instance is in running state
[2024-11-10T11:30:55.864+0000] {logging_mixin.py:190} INFO -  Previous state of the Task instance: queued
[2024-11-10T11:30:55.864+0000] {logging_mixin.py:190} INFO - Current task name:fetch_book_data state:running start_date:2024-11-10 11:30:55.016373+00:00
[2024-11-10T11:30:55.866+0000] {logging_mixin.py:190} INFO - Dag name:fetch_and_store_amazon_books and current dag run status:running
[2024-11-10T11:30:55.867+0000] {taskinstance.py:731} INFO - ::endgroup::
[2024-11-10T11:30:57.104+0000] {logging_mixin.py:190} INFO - Failed to retrieve the page
[2024-11-10T11:30:57.195+0000] {python.py:240} INFO - Done. Returned value was: None
[2024-11-10T11:30:57.218+0000] {taskinstance.py:340} INFO - ::group::Post task execution logs
[2024-11-10T11:30:57.219+0000] {taskinstance.py:352} INFO - Marking task as SUCCESS. dag_id=fetch_and_store_amazon_books, task_id=fetch_book_data, run_id=scheduled__2024-06-28T00:00:00+00:00, execution_date=20240628T000000, start_date=20241110T113055, end_date=20241110T113057
[2024-11-10T11:30:57.272+0000] {logging_mixin.py:190} INFO - Task instance in success state
[2024-11-10T11:30:57.273+0000] {logging_mixin.py:190} INFO -  Previous state of the Task instance: running
[2024-11-10T11:30:57.273+0000] {logging_mixin.py:190} INFO - Dag name:fetch_and_store_amazon_books queued_at:2024-11-10 11:30:17.872652+00:00
[2024-11-10T11:30:57.273+0000] {logging_mixin.py:190} INFO - Task hostname:0afc8c4a15bb operator:PythonOperator
[2024-11-10T11:30:57.351+0000] {local_task_job_runner.py:266} INFO - Task exited with return code 0
[2024-11-10T11:30:57.432+0000] {taskinstance.py:3895} INFO - 1 downstream tasks scheduled from follow-on schedule check
[2024-11-10T11:30:57.442+0000] {local_task_job_runner.py:245} INFO - ::endgroup::
[2024-11-10T14:06:06.696+0000] {local_task_job_runner.py:123} INFO - ::group::Pre task execution logs
[2024-11-10T14:06:06.788+0000] {taskinstance.py:2613} INFO - Dependencies all met for dep_context=non-requeueable deps ti=<TaskInstance: fetch_and_store_amazon_books.fetch_book_data scheduled__2024-06-28T00:00:00+00:00 [queued]>
[2024-11-10T14:06:06.805+0000] {taskinstance.py:2613} INFO - Dependencies all met for dep_context=requeueable deps ti=<TaskInstance: fetch_and_store_amazon_books.fetch_book_data scheduled__2024-06-28T00:00:00+00:00 [queued]>
[2024-11-10T14:06:06.805+0000] {taskinstance.py:2866} INFO - Starting attempt 1 of 2
[2024-11-10T14:06:06.857+0000] {taskinstance.py:2889} INFO - Executing <Task(PythonOperator): fetch_book_data> on 2024-06-28 00:00:00+00:00
[2024-11-10T14:06:06.894+0000] {warnings.py:112} WARNING - /home/***/.local/lib/python3.12/site-packages/***/task/task_runner/standard_task_runner.py:70: DeprecationWarning: This process (pid=3899) is multi-threaded, use of fork() may lead to deadlocks in the child.
  pid = os.fork()

[2024-11-10T14:06:06.900+0000] {standard_task_runner.py:72} INFO - Started process 3928 to run task
[2024-11-10T14:06:06.912+0000] {standard_task_runner.py:104} INFO - Running: ['***', 'tasks', 'run', 'fetch_and_store_amazon_books', 'fetch_book_data', 'scheduled__2024-06-28T00:00:00+00:00', '--job-id', '244', '--raw', '--subdir', 'DAGS_FOLDER/app.py', '--cfg-path', '/tmp/tmp8rokflko']
[2024-11-10T14:06:06.914+0000] {standard_task_runner.py:105} INFO - Job 244: Subtask fetch_book_data
[2024-11-10T14:06:07.202+0000] {task_command.py:467} INFO - Running <TaskInstance: fetch_and_store_amazon_books.fetch_book_data scheduled__2024-06-28T00:00:00+00:00 [running]> on host 0afc8c4a15bb
[2024-11-10T14:06:07.998+0000] {taskinstance.py:3132} INFO - Exporting env vars: AIRFLOW_CTX_DAG_OWNER='***' AIRFLOW_CTX_DAG_ID='fetch_and_store_amazon_books' AIRFLOW_CTX_TASK_ID='fetch_book_data' AIRFLOW_CTX_EXECUTION_DATE='2024-06-28T00:00:00+00:00' AIRFLOW_CTX_TRY_NUMBER='1' AIRFLOW_CTX_DAG_RUN_ID='scheduled__2024-06-28T00:00:00+00:00'
[2024-11-10T14:06:08.002+0000] {logging_mixin.py:190} INFO - Task instance is in running state
[2024-11-10T14:06:08.003+0000] {logging_mixin.py:190} INFO -  Previous state of the Task instance: queued
[2024-11-10T14:06:08.008+0000] {logging_mixin.py:190} INFO - Current task name:fetch_book_data state:running start_date:2024-11-10 14:06:06.788719+00:00
[2024-11-10T14:06:08.013+0000] {logging_mixin.py:190} INFO - Dag name:fetch_and_store_amazon_books and current dag run status:running
[2024-11-10T14:06:08.014+0000] {taskinstance.py:731} INFO - ::endgroup::
[2024-11-10T14:06:11.014+0000] {python.py:240} INFO - Done. Returned value was: None
[2024-11-10T14:06:11.047+0000] {taskinstance.py:340} INFO - ::group::Post task execution logs
[2024-11-10T14:06:11.048+0000] {taskinstance.py:352} INFO - Marking task as SUCCESS. dag_id=fetch_and_store_amazon_books, task_id=fetch_book_data, run_id=scheduled__2024-06-28T00:00:00+00:00, execution_date=20240628T000000, start_date=20241110T140606, end_date=20241110T140611
[2024-11-10T14:06:11.080+0000] {logging_mixin.py:190} INFO - Task instance in success state
[2024-11-10T14:06:11.083+0000] {logging_mixin.py:190} INFO -  Previous state of the Task instance: running
[2024-11-10T14:06:11.083+0000] {logging_mixin.py:190} INFO - Dag name:fetch_and_store_amazon_books queued_at:2024-11-10 14:05:19.973346+00:00
[2024-11-10T14:06:11.084+0000] {logging_mixin.py:190} INFO - Task hostname:0afc8c4a15bb operator:PythonOperator
[2024-11-10T14:06:11.200+0000] {local_task_job_runner.py:266} INFO - Task exited with return code 0
[2024-11-10T14:06:11.227+0000] {local_task_job_runner.py:245} INFO - ::endgroup::
