[2024-11-10T11:31:29.970+0000] {local_task_job_runner.py:123} INFO - ::group::Pre task execution logs
[2024-11-10T11:31:30.037+0000] {taskinstance.py:2613} INFO - Dependencies all met for dep_context=non-requeueable deps ti=<TaskInstance: fetch_and_store_amazon_books.create_table scheduled__2024-06-28T00:00:00+00:00 [queued]>
[2024-11-10T11:31:30.065+0000] {taskinstance.py:2613} INFO - Dependencies all met for dep_context=requeueable deps ti=<TaskInstance: fetch_and_store_amazon_books.create_table scheduled__2024-06-28T00:00:00+00:00 [queued]>
[2024-11-10T11:31:30.065+0000] {taskinstance.py:2866} INFO - Starting attempt 1 of 2
[2024-11-10T11:31:30.114+0000] {taskinstance.py:2889} INFO - Executing <Task(PostgresOperator): create_table> on 2024-06-28 00:00:00+00:00
[2024-11-10T11:31:30.155+0000] {warnings.py:112} WARNING - /home/***/.local/lib/python3.12/site-packages/***/task/task_runner/standard_task_runner.py:70: DeprecationWarning: This process (pid=1101) is multi-threaded, use of fork() may lead to deadlocks in the child.
  pid = os.fork()

[2024-11-10T11:31:30.160+0000] {standard_task_runner.py:72} INFO - Started process 1171 to run task
[2024-11-10T11:31:30.161+0000] {standard_task_runner.py:104} INFO - Running: ['***', 'tasks', 'run', 'fetch_and_store_amazon_books', 'create_table', 'scheduled__2024-06-28T00:00:00+00:00', '--job-id', '36', '--raw', '--subdir', 'DAGS_FOLDER/app.py', '--cfg-path', '/tmp/tmpvxnfjij_']
[2024-11-10T11:31:30.164+0000] {standard_task_runner.py:105} INFO - Job 36: Subtask create_table
[2024-11-10T11:31:30.311+0000] {task_command.py:467} INFO - Running <TaskInstance: fetch_and_store_amazon_books.create_table scheduled__2024-06-28T00:00:00+00:00 [running]> on host 0afc8c4a15bb
[2024-11-10T11:31:30.575+0000] {taskinstance.py:3132} INFO - Exporting env vars: AIRFLOW_CTX_DAG_OWNER='***' AIRFLOW_CTX_DAG_ID='fetch_and_store_amazon_books' AIRFLOW_CTX_TASK_ID='create_table' AIRFLOW_CTX_EXECUTION_DATE='2024-06-28T00:00:00+00:00' AIRFLOW_CTX_TRY_NUMBER='1' AIRFLOW_CTX_DAG_RUN_ID='scheduled__2024-06-28T00:00:00+00:00'
[2024-11-10T11:31:30.580+0000] {logging_mixin.py:190} INFO - Task instance is in running state
[2024-11-10T11:31:30.581+0000] {logging_mixin.py:190} INFO -  Previous state of the Task instance: queued
[2024-11-10T11:31:30.581+0000] {logging_mixin.py:190} INFO - Current task name:create_table state:running start_date:2024-11-10 11:31:30.038151+00:00
[2024-11-10T11:31:30.582+0000] {logging_mixin.py:190} INFO - Dag name:fetch_and_store_amazon_books and current dag run status:running
[2024-11-10T11:31:30.582+0000] {taskinstance.py:731} INFO - ::endgroup::
[2024-11-10T11:31:30.582+0000] {sql.py:278} INFO - Executing: 
    CREATE TABLE IF NOT EXISTS books (
        id SERIAL PRIMARY KEY,
        title TEXT NOT NULL,
        authors TEXT,
        price TEXT,
        rating TEXT
    );
    
[2024-11-10T11:31:30.614+0000] {base.py:84} INFO - Retrieving connection 'books_connection'
[2024-11-10T11:31:30.639+0000] {base.py:84} INFO - Retrieving connection 'books_connection'
[2024-11-10T11:31:30.649+0000] {sql.py:544} INFO - Running statement: 
    CREATE TABLE IF NOT EXISTS books (
        id SERIAL PRIMARY KEY,
        title TEXT NOT NULL,
        authors TEXT,
        price TEXT,
        rating TEXT
    );
    , parameters: None
[2024-11-10T11:31:30.678+0000] {taskinstance.py:340} INFO - ::group::Post task execution logs
[2024-11-10T11:31:30.679+0000] {taskinstance.py:352} INFO - Marking task as SUCCESS. dag_id=fetch_and_store_amazon_books, task_id=create_table, run_id=scheduled__2024-06-28T00:00:00+00:00, execution_date=20240628T000000, start_date=20241110T113130, end_date=20241110T113130
[2024-11-10T11:31:30.702+0000] {logging_mixin.py:190} INFO - Task instance in success state
[2024-11-10T11:31:30.706+0000] {logging_mixin.py:190} INFO -  Previous state of the Task instance: running
[2024-11-10T11:31:30.708+0000] {logging_mixin.py:190} INFO - Dag name:fetch_and_store_amazon_books queued_at:2024-11-10 11:30:17.872652+00:00
[2024-11-10T11:31:30.711+0000] {logging_mixin.py:190} INFO - Task hostname:0afc8c4a15bb operator:PostgresOperator
[2024-11-10T11:31:30.790+0000] {local_task_job_runner.py:266} INFO - Task exited with return code 0
[2024-11-10T11:31:30.870+0000] {taskinstance.py:3895} INFO - 1 downstream tasks scheduled from follow-on schedule check
[2024-11-10T11:31:30.885+0000] {local_task_job_runner.py:245} INFO - ::endgroup::
[2024-11-10T14:06:22.856+0000] {local_task_job_runner.py:123} INFO - ::group::Pre task execution logs
[2024-11-10T14:06:22.918+0000] {taskinstance.py:2613} INFO - Dependencies all met for dep_context=non-requeueable deps ti=<TaskInstance: fetch_and_store_amazon_books.create_table scheduled__2024-06-28T00:00:00+00:00 [queued]>
[2024-11-10T14:06:22.937+0000] {taskinstance.py:2613} INFO - Dependencies all met for dep_context=requeueable deps ti=<TaskInstance: fetch_and_store_amazon_books.create_table scheduled__2024-06-28T00:00:00+00:00 [queued]>
[2024-11-10T14:06:22.938+0000] {taskinstance.py:2866} INFO - Starting attempt 1 of 2
[2024-11-10T14:06:22.992+0000] {taskinstance.py:2889} INFO - Executing <Task(PostgresOperator): create_table> on 2024-06-28 00:00:00+00:00
[2024-11-10T14:06:23.038+0000] {warnings.py:112} WARNING - /home/***/.local/lib/python3.12/site-packages/***/task/task_runner/standard_task_runner.py:70: DeprecationWarning: This process (pid=3948) is multi-threaded, use of fork() may lead to deadlocks in the child.
  pid = os.fork()

[2024-11-10T14:06:23.043+0000] {standard_task_runner.py:72} INFO - Started process 3991 to run task
[2024-11-10T14:06:23.071+0000] {standard_task_runner.py:104} INFO - Running: ['***', 'tasks', 'run', 'fetch_and_store_amazon_books', 'create_table', 'scheduled__2024-06-28T00:00:00+00:00', '--job-id', '262', '--raw', '--subdir', 'DAGS_FOLDER/app.py', '--cfg-path', '/tmp/tmpa9rydr1o']
[2024-11-10T14:06:23.079+0000] {standard_task_runner.py:105} INFO - Job 262: Subtask create_table
[2024-11-10T14:06:23.423+0000] {task_command.py:467} INFO - Running <TaskInstance: fetch_and_store_amazon_books.create_table scheduled__2024-06-28T00:00:00+00:00 [running]> on host 0afc8c4a15bb
[2024-11-10T14:06:23.695+0000] {taskinstance.py:3132} INFO - Exporting env vars: AIRFLOW_CTX_DAG_OWNER='***' AIRFLOW_CTX_DAG_ID='fetch_and_store_amazon_books' AIRFLOW_CTX_TASK_ID='create_table' AIRFLOW_CTX_EXECUTION_DATE='2024-06-28T00:00:00+00:00' AIRFLOW_CTX_TRY_NUMBER='1' AIRFLOW_CTX_DAG_RUN_ID='scheduled__2024-06-28T00:00:00+00:00'
[2024-11-10T14:06:23.706+0000] {logging_mixin.py:190} INFO - Task instance is in running state
[2024-11-10T14:06:23.707+0000] {logging_mixin.py:190} INFO -  Previous state of the Task instance: queued
[2024-11-10T14:06:23.708+0000] {logging_mixin.py:190} INFO - Current task name:create_table state:running start_date:2024-11-10 14:06:22.919751+00:00
[2024-11-10T14:06:23.709+0000] {logging_mixin.py:190} INFO - Dag name:fetch_and_store_amazon_books and current dag run status:running
[2024-11-10T14:06:23.710+0000] {taskinstance.py:731} INFO - ::endgroup::
[2024-11-10T14:06:23.711+0000] {sql.py:278} INFO - Executing: 
    CREATE TABLE IF NOT EXISTS books (
        id SERIAL PRIMARY KEY,
        title TEXT NOT NULL,
        authors TEXT,
        price TEXT,
        rating TEXT
    );
    
[2024-11-10T14:06:23.755+0000] {base.py:84} INFO - Retrieving connection 'books_connection'
[2024-11-10T14:06:23.806+0000] {base.py:84} INFO - Retrieving connection 'books_connection'
[2024-11-10T14:06:23.830+0000] {sql.py:544} INFO - Running statement: 
    CREATE TABLE IF NOT EXISTS books (
        id SERIAL PRIMARY KEY,
        title TEXT NOT NULL,
        authors TEXT,
        price TEXT,
        rating TEXT
    );
    , parameters: None
[2024-11-10T14:06:23.883+0000] {taskinstance.py:340} INFO - ::group::Post task execution logs
[2024-11-10T14:06:23.884+0000] {taskinstance.py:352} INFO - Marking task as SUCCESS. dag_id=fetch_and_store_amazon_books, task_id=create_table, run_id=scheduled__2024-06-28T00:00:00+00:00, execution_date=20240628T000000, start_date=20241110T140622, end_date=20241110T140623
[2024-11-10T14:06:23.924+0000] {logging_mixin.py:190} INFO - Task instance in success state
[2024-11-10T14:06:23.925+0000] {logging_mixin.py:190} INFO -  Previous state of the Task instance: running
[2024-11-10T14:06:23.926+0000] {logging_mixin.py:190} INFO - Dag name:fetch_and_store_amazon_books queued_at:2024-11-10 14:05:19.973346+00:00
[2024-11-10T14:06:23.933+0000] {logging_mixin.py:190} INFO - Task hostname:0afc8c4a15bb operator:PostgresOperator
[2024-11-10T14:06:24.060+0000] {local_task_job_runner.py:266} INFO - Task exited with return code 0
[2024-11-10T14:06:24.149+0000] {taskinstance.py:3895} INFO - 1 downstream tasks scheduled from follow-on schedule check
[2024-11-10T14:06:24.156+0000] {local_task_job_runner.py:245} INFO - ::endgroup::
