[2024-11-10T11:30:55.165+0000] {local_task_job_runner.py:123} INFO - ::group::Pre task execution logs
[2024-11-10T11:30:55.317+0000] {taskinstance.py:2613} INFO - Dependencies all met for dep_context=non-requeueable deps ti=<TaskInstance: fetch_and_store_amazon_books.fetch_book_data scheduled__2024-06-27T00:00:00+00:00 [queued]>
[2024-11-10T11:30:55.353+0000] {taskinstance.py:2613} INFO - Dependencies all met for dep_context=requeueable deps ti=<TaskInstance: fetch_and_store_amazon_books.fetch_book_data scheduled__2024-06-27T00:00:00+00:00 [queued]>
[2024-11-10T11:30:55.354+0000] {taskinstance.py:2866} INFO - Starting attempt 1 of 2
[2024-11-10T11:30:55.408+0000] {taskinstance.py:2889} INFO - Executing <Task(PythonOperator): fetch_book_data> on 2024-06-27 00:00:00+00:00
[2024-11-10T11:30:55.466+0000] {warnings.py:112} WARNING - /home/***/.local/lib/python3.12/site-packages/***/task/task_runner/standard_task_runner.py:70: DeprecationWarning: This process (pid=1024) is multi-threaded, use of fork() may lead to deadlocks in the child.
  pid = os.fork()

[2024-11-10T11:30:55.470+0000] {standard_task_runner.py:72} INFO - Started process 1094 to run task
[2024-11-10T11:30:55.479+0000] {standard_task_runner.py:104} INFO - Running: ['***', 'tasks', 'run', 'fetch_and_store_amazon_books', 'fetch_book_data', 'scheduled__2024-06-27T00:00:00+00:00', '--job-id', '19', '--raw', '--subdir', 'DAGS_FOLDER/app.py', '--cfg-path', '/tmp/tmpnaiavkqw']
[2024-11-10T11:30:55.483+0000] {standard_task_runner.py:105} INFO - Job 19: Subtask fetch_book_data
[2024-11-10T11:30:55.733+0000] {task_command.py:467} INFO - Running <TaskInstance: fetch_and_store_amazon_books.fetch_book_data scheduled__2024-06-27T00:00:00+00:00 [running]> on host 0afc8c4a15bb
[2024-11-10T11:30:56.001+0000] {taskinstance.py:3132} INFO - Exporting env vars: AIRFLOW_CTX_DAG_OWNER='***' AIRFLOW_CTX_DAG_ID='fetch_and_store_amazon_books' AIRFLOW_CTX_TASK_ID='fetch_book_data' AIRFLOW_CTX_EXECUTION_DATE='2024-06-27T00:00:00+00:00' AIRFLOW_CTX_TRY_NUMBER='1' AIRFLOW_CTX_DAG_RUN_ID='scheduled__2024-06-27T00:00:00+00:00'
[2024-11-10T11:30:56.005+0000] {logging_mixin.py:190} INFO - Task instance is in running state
[2024-11-10T11:30:56.005+0000] {logging_mixin.py:190} INFO -  Previous state of the Task instance: queued
[2024-11-10T11:30:56.006+0000] {logging_mixin.py:190} INFO - Current task name:fetch_book_data state:running start_date:2024-11-10 11:30:55.319832+00:00
[2024-11-10T11:30:56.006+0000] {logging_mixin.py:190} INFO - Dag name:fetch_and_store_amazon_books and current dag run status:running
[2024-11-10T11:30:56.006+0000] {taskinstance.py:731} INFO - ::endgroup::
[2024-11-10T11:30:56.649+0000] {logging_mixin.py:190} INFO - Failed to retrieve the page
[2024-11-10T11:30:56.706+0000] {python.py:240} INFO - Done. Returned value was: None
[2024-11-10T11:30:56.748+0000] {taskinstance.py:340} INFO - ::group::Post task execution logs
[2024-11-10T11:30:56.749+0000] {taskinstance.py:352} INFO - Marking task as SUCCESS. dag_id=fetch_and_store_amazon_books, task_id=fetch_book_data, run_id=scheduled__2024-06-27T00:00:00+00:00, execution_date=20240627T000000, start_date=20241110T113055, end_date=20241110T113056
[2024-11-10T11:30:56.778+0000] {logging_mixin.py:190} INFO - Task instance in success state
[2024-11-10T11:30:56.784+0000] {logging_mixin.py:190} INFO -  Previous state of the Task instance: running
[2024-11-10T11:30:56.785+0000] {logging_mixin.py:190} INFO - Dag name:fetch_and_store_amazon_books queued_at:2024-11-10 11:30:17.678874+00:00
[2024-11-10T11:30:56.785+0000] {logging_mixin.py:190} INFO - Task hostname:0afc8c4a15bb operator:PythonOperator
[2024-11-10T11:30:56.835+0000] {local_task_job_runner.py:266} INFO - Task exited with return code 0
[2024-11-10T11:30:56.969+0000] {taskinstance.py:3895} INFO - 1 downstream tasks scheduled from follow-on schedule check
[2024-11-10T11:30:56.980+0000] {local_task_job_runner.py:245} INFO - ::endgroup::
[2024-11-10T14:06:10.307+0000] {local_task_job_runner.py:123} INFO - ::group::Pre task execution logs
[2024-11-10T14:06:10.352+0000] {taskinstance.py:2613} INFO - Dependencies all met for dep_context=non-requeueable deps ti=<TaskInstance: fetch_and_store_amazon_books.fetch_book_data scheduled__2024-06-27T00:00:00+00:00 [queued]>
[2024-11-10T14:06:10.374+0000] {taskinstance.py:2613} INFO - Dependencies all met for dep_context=requeueable deps ti=<TaskInstance: fetch_and_store_amazon_books.fetch_book_data scheduled__2024-06-27T00:00:00+00:00 [queued]>
[2024-11-10T14:06:10.374+0000] {taskinstance.py:2866} INFO - Starting attempt 1 of 2
[2024-11-10T14:06:10.418+0000] {taskinstance.py:2889} INFO - Executing <Task(PythonOperator): fetch_book_data> on 2024-06-27 00:00:00+00:00
[2024-11-10T14:06:10.451+0000] {warnings.py:112} WARNING - /home/***/.local/lib/python3.12/site-packages/***/task/task_runner/standard_task_runner.py:70: DeprecationWarning: This process (pid=3896) is multi-threaded, use of fork() may lead to deadlocks in the child.
  pid = os.fork()

[2024-11-10T14:06:10.456+0000] {standard_task_runner.py:72} INFO - Started process 3942 to run task
[2024-11-10T14:06:10.466+0000] {standard_task_runner.py:104} INFO - Running: ['***', 'tasks', 'run', 'fetch_and_store_amazon_books', 'fetch_book_data', 'scheduled__2024-06-27T00:00:00+00:00', '--job-id', '248', '--raw', '--subdir', 'DAGS_FOLDER/app.py', '--cfg-path', '/tmp/tmpg4l2h9ku']
[2024-11-10T14:06:10.468+0000] {standard_task_runner.py:105} INFO - Job 248: Subtask fetch_book_data
[2024-11-10T14:06:10.621+0000] {task_command.py:467} INFO - Running <TaskInstance: fetch_and_store_amazon_books.fetch_book_data scheduled__2024-06-27T00:00:00+00:00 [running]> on host 0afc8c4a15bb
[2024-11-10T14:06:10.872+0000] {taskinstance.py:3132} INFO - Exporting env vars: AIRFLOW_CTX_DAG_OWNER='***' AIRFLOW_CTX_DAG_ID='fetch_and_store_amazon_books' AIRFLOW_CTX_TASK_ID='fetch_book_data' AIRFLOW_CTX_EXECUTION_DATE='2024-06-27T00:00:00+00:00' AIRFLOW_CTX_TRY_NUMBER='1' AIRFLOW_CTX_DAG_RUN_ID='scheduled__2024-06-27T00:00:00+00:00'
[2024-11-10T14:06:10.879+0000] {logging_mixin.py:190} INFO - Task instance is in running state
[2024-11-10T14:06:10.882+0000] {logging_mixin.py:190} INFO -  Previous state of the Task instance: queued
[2024-11-10T14:06:10.882+0000] {logging_mixin.py:190} INFO - Current task name:fetch_book_data state:running start_date:2024-11-10 14:06:10.353154+00:00
[2024-11-10T14:06:10.882+0000] {logging_mixin.py:190} INFO - Dag name:fetch_and_store_amazon_books and current dag run status:running
[2024-11-10T14:06:10.883+0000] {taskinstance.py:731} INFO - ::endgroup::
[2024-11-10T14:06:12.168+0000] {app.py:32} ERROR - Failed to retrieve page 1: Response ended prematurely
[2024-11-10T14:06:12.236+0000] {python.py:240} INFO - Done. Returned value was: None
[2024-11-10T14:06:12.264+0000] {taskinstance.py:340} INFO - ::group::Post task execution logs
[2024-11-10T14:06:12.266+0000] {taskinstance.py:352} INFO - Marking task as SUCCESS. dag_id=fetch_and_store_amazon_books, task_id=fetch_book_data, run_id=scheduled__2024-06-27T00:00:00+00:00, execution_date=20240627T000000, start_date=20241110T140610, end_date=20241110T140612
[2024-11-10T14:06:12.443+0000] {logging_mixin.py:190} INFO - Task instance in success state
[2024-11-10T14:06:12.444+0000] {logging_mixin.py:190} INFO -  Previous state of the Task instance: running
[2024-11-10T14:06:12.445+0000] {logging_mixin.py:190} INFO - Dag name:fetch_and_store_amazon_books queued_at:2024-11-10 14:05:19.707194+00:00
[2024-11-10T14:06:12.445+0000] {logging_mixin.py:190} INFO - Task hostname:0afc8c4a15bb operator:PythonOperator
[2024-11-10T14:06:12.517+0000] {local_task_job_runner.py:266} INFO - Task exited with return code 0
[2024-11-10T14:06:12.632+0000] {taskinstance.py:3895} INFO - 1 downstream tasks scheduled from follow-on schedule check
[2024-11-10T14:06:12.644+0000] {local_task_job_runner.py:245} INFO - ::endgroup::
