[2024-11-10T11:49:03.251+0000] {local_task_job_runner.py:123} INFO - ::group::Pre task execution logs
[2024-11-10T11:49:03.282+0000] {taskinstance.py:2613} INFO - Dependencies all met for dep_context=non-requeueable deps ti=<TaskInstance: fetch_and_store_amazon_books.fetch_book_data scheduled__2024-08-14T00:00:00+00:00 [queued]>
[2024-11-10T11:49:03.297+0000] {taskinstance.py:2613} INFO - Dependencies all met for dep_context=requeueable deps ti=<TaskInstance: fetch_and_store_amazon_books.fetch_book_data scheduled__2024-08-14T00:00:00+00:00 [queued]>
[2024-11-10T11:49:03.298+0000] {taskinstance.py:2866} INFO - Starting attempt 1 of 2
[2024-11-10T11:49:03.319+0000] {taskinstance.py:2889} INFO - Executing <Task(PythonOperator): fetch_book_data> on 2024-08-14 00:00:00+00:00
[2024-11-10T11:49:03.340+0000] {warnings.py:112} WARNING - /home/***/.local/lib/python3.12/site-packages/***/task/task_runner/standard_task_runner.py:70: DeprecationWarning: This process (pid=2071) is multi-threaded, use of fork() may lead to deadlocks in the child.
  pid = os.fork()

[2024-11-10T11:49:03.343+0000] {standard_task_runner.py:72} INFO - Started process 2096 to run task
[2024-11-10T11:49:03.344+0000] {standard_task_runner.py:104} INFO - Running: ['***', 'tasks', 'run', 'fetch_and_store_amazon_books', 'fetch_book_data', 'scheduled__2024-08-14T00:00:00+00:00', '--job-id', '218', '--raw', '--subdir', 'DAGS_FOLDER/app.py', '--cfg-path', '/tmp/tmpimu4drhj']
[2024-11-10T11:49:03.346+0000] {standard_task_runner.py:105} INFO - Job 218: Subtask fetch_book_data
[2024-11-10T11:49:03.419+0000] {task_command.py:467} INFO - Running <TaskInstance: fetch_and_store_amazon_books.fetch_book_data scheduled__2024-08-14T00:00:00+00:00 [running]> on host 0afc8c4a15bb
[2024-11-10T11:49:03.553+0000] {taskinstance.py:3132} INFO - Exporting env vars: AIRFLOW_CTX_DAG_OWNER='***' AIRFLOW_CTX_DAG_ID='fetch_and_store_amazon_books' AIRFLOW_CTX_TASK_ID='fetch_book_data' AIRFLOW_CTX_EXECUTION_DATE='2024-08-14T00:00:00+00:00' AIRFLOW_CTX_TRY_NUMBER='1' AIRFLOW_CTX_DAG_RUN_ID='scheduled__2024-08-14T00:00:00+00:00'
[2024-11-10T11:49:03.555+0000] {logging_mixin.py:190} INFO - Task instance is in running state
[2024-11-10T11:49:03.555+0000] {logging_mixin.py:190} INFO -  Previous state of the Task instance: queued
[2024-11-10T11:49:03.556+0000] {logging_mixin.py:190} INFO - Current task name:fetch_book_data state:running start_date:2024-11-10 11:49:03.283577+00:00
[2024-11-10T11:49:03.556+0000] {logging_mixin.py:190} INFO - Dag name:fetch_and_store_amazon_books and current dag run status:running
[2024-11-10T11:49:03.556+0000] {taskinstance.py:731} INFO - ::endgroup::
[2024-11-10T11:49:05.098+0000] {app.py:32} ERROR - Failed to retrieve page 1: 503 Server Error: Service Unavailable for url: https://www.amazon.com/s?k=data+engineering+books&page=1
[2024-11-10T11:49:05.128+0000] {python.py:240} INFO - Done. Returned value was: None
[2024-11-10T11:49:05.142+0000] {taskinstance.py:340} INFO - ::group::Post task execution logs
[2024-11-10T11:49:05.142+0000] {taskinstance.py:352} INFO - Marking task as SUCCESS. dag_id=fetch_and_store_amazon_books, task_id=fetch_book_data, run_id=scheduled__2024-08-14T00:00:00+00:00, execution_date=20240814T000000, start_date=20241110T114903, end_date=20241110T114905
[2024-11-10T11:49:05.156+0000] {logging_mixin.py:190} INFO - Task instance in success state
[2024-11-10T11:49:05.157+0000] {logging_mixin.py:190} INFO -  Previous state of the Task instance: running
[2024-11-10T11:49:05.157+0000] {logging_mixin.py:190} INFO - Dag name:fetch_and_store_amazon_books queued_at:2024-11-10 11:48:56.360929+00:00
[2024-11-10T11:49:05.157+0000] {logging_mixin.py:190} INFO - Task hostname:0afc8c4a15bb operator:PythonOperator
[2024-11-10T11:49:05.207+0000] {local_task_job_runner.py:266} INFO - Task exited with return code 0
[2024-11-10T11:49:05.242+0000] {taskinstance.py:3895} INFO - 1 downstream tasks scheduled from follow-on schedule check
[2024-11-10T11:49:05.244+0000] {local_task_job_runner.py:245} INFO - ::endgroup::
[2024-11-10T14:08:31.068+0000] {local_task_job_runner.py:123} INFO - ::group::Pre task execution logs
[2024-11-10T14:08:31.100+0000] {taskinstance.py:2613} INFO - Dependencies all met for dep_context=non-requeueable deps ti=<TaskInstance: fetch_and_store_amazon_books.fetch_book_data scheduled__2024-08-14T00:00:00+00:00 [queued]>
[2024-11-10T14:08:31.118+0000] {taskinstance.py:2613} INFO - Dependencies all met for dep_context=requeueable deps ti=<TaskInstance: fetch_and_store_amazon_books.fetch_book_data scheduled__2024-08-14T00:00:00+00:00 [queued]>
[2024-11-10T14:08:31.119+0000] {taskinstance.py:2866} INFO - Starting attempt 1 of 2
[2024-11-10T14:08:31.143+0000] {taskinstance.py:2889} INFO - Executing <Task(PythonOperator): fetch_book_data> on 2024-08-14 00:00:00+00:00
[2024-11-10T14:08:31.162+0000] {warnings.py:112} WARNING - /home/***/.local/lib/python3.12/site-packages/***/task/task_runner/standard_task_runner.py:70: DeprecationWarning: This process (pid=4542) is multi-threaded, use of fork() may lead to deadlocks in the child.
  pid = os.fork()

[2024-11-10T14:08:31.165+0000] {standard_task_runner.py:72} INFO - Started process 4569 to run task
[2024-11-10T14:08:31.166+0000] {standard_task_runner.py:104} INFO - Running: ['***', 'tasks', 'run', 'fetch_and_store_amazon_books', 'fetch_book_data', 'scheduled__2024-08-14T00:00:00+00:00', '--job-id', '398', '--raw', '--subdir', 'DAGS_FOLDER/app.py', '--cfg-path', '/tmp/tmphkdelnu6']
[2024-11-10T14:08:31.168+0000] {standard_task_runner.py:105} INFO - Job 398: Subtask fetch_book_data
[2024-11-10T14:08:31.249+0000] {task_command.py:467} INFO - Running <TaskInstance: fetch_and_store_amazon_books.fetch_book_data scheduled__2024-08-14T00:00:00+00:00 [running]> on host 0afc8c4a15bb
[2024-11-10T14:08:31.409+0000] {taskinstance.py:3132} INFO - Exporting env vars: AIRFLOW_CTX_DAG_OWNER='***' AIRFLOW_CTX_DAG_ID='fetch_and_store_amazon_books' AIRFLOW_CTX_TASK_ID='fetch_book_data' AIRFLOW_CTX_EXECUTION_DATE='2024-08-14T00:00:00+00:00' AIRFLOW_CTX_TRY_NUMBER='1' AIRFLOW_CTX_DAG_RUN_ID='scheduled__2024-08-14T00:00:00+00:00'
[2024-11-10T14:08:31.411+0000] {logging_mixin.py:190} INFO - Task instance is in running state
[2024-11-10T14:08:31.411+0000] {logging_mixin.py:190} INFO -  Previous state of the Task instance: queued
[2024-11-10T14:08:31.412+0000] {logging_mixin.py:190} INFO - Current task name:fetch_book_data state:running start_date:2024-11-10 14:08:31.102044+00:00
[2024-11-10T14:08:31.412+0000] {logging_mixin.py:190} INFO - Dag name:fetch_and_store_amazon_books and current dag run status:running
[2024-11-10T14:08:31.412+0000] {taskinstance.py:731} INFO - ::endgroup::
[2024-11-10T14:08:33.127+0000] {python.py:240} INFO - Done. Returned value was: None
[2024-11-10T14:08:33.146+0000] {taskinstance.py:340} INFO - ::group::Post task execution logs
[2024-11-10T14:08:33.147+0000] {taskinstance.py:352} INFO - Marking task as SUCCESS. dag_id=fetch_and_store_amazon_books, task_id=fetch_book_data, run_id=scheduled__2024-08-14T00:00:00+00:00, execution_date=20240814T000000, start_date=20241110T140831, end_date=20241110T140833
[2024-11-10T14:08:33.170+0000] {logging_mixin.py:190} INFO - Task instance in success state
[2024-11-10T14:08:33.171+0000] {logging_mixin.py:190} INFO -  Previous state of the Task instance: running
[2024-11-10T14:08:33.171+0000] {logging_mixin.py:190} INFO - Dag name:fetch_and_store_amazon_books queued_at:2024-11-10 14:08:26.780395+00:00
[2024-11-10T14:08:33.172+0000] {logging_mixin.py:190} INFO - Task hostname:0afc8c4a15bb operator:PythonOperator
[2024-11-10T14:08:33.241+0000] {local_task_job_runner.py:266} INFO - Task exited with return code 0
[2024-11-10T14:08:33.294+0000] {taskinstance.py:3895} INFO - 1 downstream tasks scheduled from follow-on schedule check
[2024-11-10T14:08:33.299+0000] {local_task_job_runner.py:245} INFO - ::endgroup::
