[2024-11-10T11:47:12.153+0000] {local_task_job_runner.py:123} INFO - ::group::Pre task execution logs
[2024-11-10T11:47:12.180+0000] {taskinstance.py:2613} INFO - Dependencies all met for dep_context=non-requeueable deps ti=<TaskInstance: fetch_and_store_amazon_books.fetch_book_data scheduled__2024-08-04T00:00:00+00:00 [queued]>
[2024-11-10T11:47:12.192+0000] {taskinstance.py:2613} INFO - Dependencies all met for dep_context=requeueable deps ti=<TaskInstance: fetch_and_store_amazon_books.fetch_book_data scheduled__2024-08-04T00:00:00+00:00 [queued]>
[2024-11-10T11:47:12.192+0000] {taskinstance.py:2866} INFO - Starting attempt 1 of 2
[2024-11-10T11:47:12.207+0000] {taskinstance.py:2889} INFO - Executing <Task(PythonOperator): fetch_book_data> on 2024-08-04 00:00:00+00:00
[2024-11-10T11:47:12.220+0000] {warnings.py:112} WARNING - /home/***/.local/lib/python3.12/site-packages/***/task/task_runner/standard_task_runner.py:70: DeprecationWarning: This process (pid=1913) is multi-threaded, use of fork() may lead to deadlocks in the child.
  pid = os.fork()

[2024-11-10T11:47:12.222+0000] {standard_task_runner.py:72} INFO - Started process 1915 to run task
[2024-11-10T11:47:12.223+0000] {standard_task_runner.py:104} INFO - Running: ['***', 'tasks', 'run', 'fetch_and_store_amazon_books', 'fetch_book_data', 'scheduled__2024-08-04T00:00:00+00:00', '--job-id', '181', '--raw', '--subdir', 'DAGS_FOLDER/app.py', '--cfg-path', '/tmp/tmpwor868kv']
[2024-11-10T11:47:12.224+0000] {standard_task_runner.py:105} INFO - Job 181: Subtask fetch_book_data
[2024-11-10T11:47:12.286+0000] {task_command.py:467} INFO - Running <TaskInstance: fetch_and_store_amazon_books.fetch_book_data scheduled__2024-08-04T00:00:00+00:00 [running]> on host 0afc8c4a15bb
[2024-11-10T11:47:12.395+0000] {taskinstance.py:3132} INFO - Exporting env vars: AIRFLOW_CTX_DAG_OWNER='***' AIRFLOW_CTX_DAG_ID='fetch_and_store_amazon_books' AIRFLOW_CTX_TASK_ID='fetch_book_data' AIRFLOW_CTX_EXECUTION_DATE='2024-08-04T00:00:00+00:00' AIRFLOW_CTX_TRY_NUMBER='1' AIRFLOW_CTX_DAG_RUN_ID='scheduled__2024-08-04T00:00:00+00:00'
[2024-11-10T11:47:12.397+0000] {logging_mixin.py:190} INFO - Task instance is in running state
[2024-11-10T11:47:12.397+0000] {logging_mixin.py:190} INFO -  Previous state of the Task instance: queued
[2024-11-10T11:47:12.397+0000] {logging_mixin.py:190} INFO - Current task name:fetch_book_data state:running start_date:2024-11-10 11:47:12.180900+00:00
[2024-11-10T11:47:12.397+0000] {logging_mixin.py:190} INFO - Dag name:fetch_and_store_amazon_books and current dag run status:running
[2024-11-10T11:47:12.398+0000] {taskinstance.py:731} INFO - ::endgroup::
[2024-11-10T11:47:13.941+0000] {logging_mixin.py:190} INFO - Failed to retrieve the page
[2024-11-10T11:47:13.963+0000] {python.py:240} INFO - Done. Returned value was: None
[2024-11-10T11:47:13.983+0000] {taskinstance.py:340} INFO - ::group::Post task execution logs
[2024-11-10T11:47:13.984+0000] {taskinstance.py:352} INFO - Marking task as SUCCESS. dag_id=fetch_and_store_amazon_books, task_id=fetch_book_data, run_id=scheduled__2024-08-04T00:00:00+00:00, execution_date=20240804T000000, start_date=20241110T114712, end_date=20241110T114713
[2024-11-10T11:47:13.998+0000] {logging_mixin.py:190} INFO - Task instance in success state
[2024-11-10T11:47:13.998+0000] {logging_mixin.py:190} INFO -  Previous state of the Task instance: running
[2024-11-10T11:47:13.998+0000] {logging_mixin.py:190} INFO - Dag name:fetch_and_store_amazon_books queued_at:2024-11-10 11:47:10.193474+00:00
[2024-11-10T11:47:13.999+0000] {logging_mixin.py:190} INFO - Task hostname:0afc8c4a15bb operator:PythonOperator
[2024-11-10T11:47:14.043+0000] {local_task_job_runner.py:266} INFO - Task exited with return code 0
[2024-11-10T11:47:14.077+0000] {taskinstance.py:3895} INFO - 1 downstream tasks scheduled from follow-on schedule check
[2024-11-10T11:47:14.078+0000] {local_task_job_runner.py:245} INFO - ::endgroup::
[2024-11-10T14:08:07.095+0000] {local_task_job_runner.py:123} INFO - ::group::Pre task execution logs
[2024-11-10T14:08:07.129+0000] {taskinstance.py:2613} INFO - Dependencies all met for dep_context=non-requeueable deps ti=<TaskInstance: fetch_and_store_amazon_books.fetch_book_data scheduled__2024-08-04T00:00:00+00:00 [queued]>
[2024-11-10T14:08:07.150+0000] {taskinstance.py:2613} INFO - Dependencies all met for dep_context=requeueable deps ti=<TaskInstance: fetch_and_store_amazon_books.fetch_book_data scheduled__2024-08-04T00:00:00+00:00 [queued]>
[2024-11-10T14:08:07.151+0000] {taskinstance.py:2866} INFO - Starting attempt 1 of 2
[2024-11-10T14:08:07.178+0000] {taskinstance.py:2889} INFO - Executing <Task(PythonOperator): fetch_book_data> on 2024-08-04 00:00:00+00:00
[2024-11-10T14:08:07.200+0000] {warnings.py:112} WARNING - /home/***/.local/lib/python3.12/site-packages/***/task/task_runner/standard_task_runner.py:70: DeprecationWarning: This process (pid=4412) is multi-threaded, use of fork() may lead to deadlocks in the child.
  pid = os.fork()

[2024-11-10T14:08:07.204+0000] {standard_task_runner.py:72} INFO - Started process 4432 to run task
[2024-11-10T14:08:07.205+0000] {standard_task_runner.py:104} INFO - Running: ['***', 'tasks', 'run', 'fetch_and_store_amazon_books', 'fetch_book_data', 'scheduled__2024-08-04T00:00:00+00:00', '--job-id', '366', '--raw', '--subdir', 'DAGS_FOLDER/app.py', '--cfg-path', '/tmp/tmpf6fv8s8d']
[2024-11-10T14:08:07.206+0000] {standard_task_runner.py:105} INFO - Job 366: Subtask fetch_book_data
[2024-11-10T14:08:07.305+0000] {task_command.py:467} INFO - Running <TaskInstance: fetch_and_store_amazon_books.fetch_book_data scheduled__2024-08-04T00:00:00+00:00 [running]> on host 0afc8c4a15bb
[2024-11-10T14:08:07.487+0000] {taskinstance.py:3132} INFO - Exporting env vars: AIRFLOW_CTX_DAG_OWNER='***' AIRFLOW_CTX_DAG_ID='fetch_and_store_amazon_books' AIRFLOW_CTX_TASK_ID='fetch_book_data' AIRFLOW_CTX_EXECUTION_DATE='2024-08-04T00:00:00+00:00' AIRFLOW_CTX_TRY_NUMBER='1' AIRFLOW_CTX_DAG_RUN_ID='scheduled__2024-08-04T00:00:00+00:00'
[2024-11-10T14:08:07.489+0000] {logging_mixin.py:190} INFO - Task instance is in running state
[2024-11-10T14:08:07.490+0000] {logging_mixin.py:190} INFO -  Previous state of the Task instance: queued
[2024-11-10T14:08:07.491+0000] {logging_mixin.py:190} INFO - Current task name:fetch_book_data state:running start_date:2024-11-10 14:08:07.131033+00:00
[2024-11-10T14:08:07.491+0000] {logging_mixin.py:190} INFO - Dag name:fetch_and_store_amazon_books and current dag run status:running
[2024-11-10T14:08:07.492+0000] {taskinstance.py:731} INFO - ::endgroup::
[2024-11-10T14:08:09.757+0000] {python.py:240} INFO - Done. Returned value was: None
[2024-11-10T14:08:09.773+0000] {taskinstance.py:340} INFO - ::group::Post task execution logs
[2024-11-10T14:08:09.774+0000] {taskinstance.py:352} INFO - Marking task as SUCCESS. dag_id=fetch_and_store_amazon_books, task_id=fetch_book_data, run_id=scheduled__2024-08-04T00:00:00+00:00, execution_date=20240804T000000, start_date=20241110T140807, end_date=20241110T140809
[2024-11-10T14:08:09.791+0000] {logging_mixin.py:190} INFO - Task instance in success state
[2024-11-10T14:08:09.792+0000] {logging_mixin.py:190} INFO -  Previous state of the Task instance: running
[2024-11-10T14:08:09.792+0000] {logging_mixin.py:190} INFO - Dag name:fetch_and_store_amazon_books queued_at:2024-11-10 14:08:02.555764+00:00
[2024-11-10T14:08:09.793+0000] {logging_mixin.py:190} INFO - Task hostname:0afc8c4a15bb operator:PythonOperator
[2024-11-10T14:08:09.835+0000] {local_task_job_runner.py:266} INFO - Task exited with return code 0
[2024-11-10T14:08:09.848+0000] {local_task_job_runner.py:245} INFO - ::endgroup::
