[2024-11-10T11:49:00.818+0000] {local_task_job_runner.py:123} INFO - ::group::Pre task execution logs
[2024-11-10T11:49:00.848+0000] {taskinstance.py:2613} INFO - Dependencies all met for dep_context=non-requeueable deps ti=<TaskInstance: fetch_and_store_amazon_books.fetch_book_data scheduled__2024-08-11T00:00:00+00:00 [queued]>
[2024-11-10T11:49:00.861+0000] {taskinstance.py:2613} INFO - Dependencies all met for dep_context=requeueable deps ti=<TaskInstance: fetch_and_store_amazon_books.fetch_book_data scheduled__2024-08-11T00:00:00+00:00 [queued]>
[2024-11-10T11:49:00.861+0000] {taskinstance.py:2866} INFO - Starting attempt 1 of 2
[2024-11-10T11:49:00.887+0000] {taskinstance.py:2889} INFO - Executing <Task(PythonOperator): fetch_book_data> on 2024-08-11 00:00:00+00:00
[2024-11-10T11:49:00.907+0000] {warnings.py:112} WARNING - /home/***/.local/lib/python3.12/site-packages/***/task/task_runner/standard_task_runner.py:70: DeprecationWarning: This process (pid=2065) is multi-threaded, use of fork() may lead to deadlocks in the child.
  pid = os.fork()

[2024-11-10T11:49:00.910+0000] {standard_task_runner.py:72} INFO - Started process 2087 to run task
[2024-11-10T11:49:00.911+0000] {standard_task_runner.py:104} INFO - Running: ['***', 'tasks', 'run', 'fetch_and_store_amazon_books', 'fetch_book_data', 'scheduled__2024-08-11T00:00:00+00:00', '--job-id', '216', '--raw', '--subdir', 'DAGS_FOLDER/app.py', '--cfg-path', '/tmp/tmpz4k4763r']
[2024-11-10T11:49:00.912+0000] {standard_task_runner.py:105} INFO - Job 216: Subtask fetch_book_data
[2024-11-10T11:49:00.990+0000] {task_command.py:467} INFO - Running <TaskInstance: fetch_and_store_amazon_books.fetch_book_data scheduled__2024-08-11T00:00:00+00:00 [running]> on host 0afc8c4a15bb
[2024-11-10T11:49:01.112+0000] {taskinstance.py:3132} INFO - Exporting env vars: AIRFLOW_CTX_DAG_OWNER='***' AIRFLOW_CTX_DAG_ID='fetch_and_store_amazon_books' AIRFLOW_CTX_TASK_ID='fetch_book_data' AIRFLOW_CTX_EXECUTION_DATE='2024-08-11T00:00:00+00:00' AIRFLOW_CTX_TRY_NUMBER='1' AIRFLOW_CTX_DAG_RUN_ID='scheduled__2024-08-11T00:00:00+00:00'
[2024-11-10T11:49:01.115+0000] {logging_mixin.py:190} INFO - Task instance is in running state
[2024-11-10T11:49:01.115+0000] {logging_mixin.py:190} INFO -  Previous state of the Task instance: queued
[2024-11-10T11:49:01.116+0000] {logging_mixin.py:190} INFO - Current task name:fetch_book_data state:running start_date:2024-11-10 11:49:00.849824+00:00
[2024-11-10T11:49:01.116+0000] {logging_mixin.py:190} INFO - Dag name:fetch_and_store_amazon_books and current dag run status:running
[2024-11-10T11:49:01.116+0000] {taskinstance.py:731} INFO - ::endgroup::
[2024-11-10T11:49:02.778+0000] {app.py:32} ERROR - Failed to retrieve page 1: 503 Server Error: Service Unavailable for url: https://www.amazon.com/s?k=data+engineering+books&page=1
[2024-11-10T11:49:02.830+0000] {python.py:240} INFO - Done. Returned value was: None
[2024-11-10T11:49:02.853+0000] {taskinstance.py:340} INFO - ::group::Post task execution logs
[2024-11-10T11:49:02.854+0000] {taskinstance.py:352} INFO - Marking task as SUCCESS. dag_id=fetch_and_store_amazon_books, task_id=fetch_book_data, run_id=scheduled__2024-08-11T00:00:00+00:00, execution_date=20240811T000000, start_date=20241110T114900, end_date=20241110T114902
[2024-11-10T11:49:02.962+0000] {logging_mixin.py:190} INFO - Task instance in success state
[2024-11-10T11:49:02.963+0000] {logging_mixin.py:190} INFO -  Previous state of the Task instance: running
[2024-11-10T11:49:02.964+0000] {logging_mixin.py:190} INFO - Dag name:fetch_and_store_amazon_books queued_at:2024-11-10 11:48:55.686695+00:00
[2024-11-10T11:49:02.964+0000] {logging_mixin.py:190} INFO - Task hostname:0afc8c4a15bb operator:PythonOperator
[2024-11-10T11:49:03.014+0000] {local_task_job_runner.py:266} INFO - Task exited with return code 0
[2024-11-10T11:49:03.060+0000] {taskinstance.py:3895} INFO - 1 downstream tasks scheduled from follow-on schedule check
[2024-11-10T11:49:03.063+0000] {local_task_job_runner.py:245} INFO - ::endgroup::
[2024-11-10T14:08:29.969+0000] {local_task_job_runner.py:123} INFO - ::group::Pre task execution logs
[2024-11-10T14:08:30.048+0000] {taskinstance.py:2613} INFO - Dependencies all met for dep_context=non-requeueable deps ti=<TaskInstance: fetch_and_store_amazon_books.fetch_book_data scheduled__2024-08-11T00:00:00+00:00 [queued]>
[2024-11-10T14:08:30.074+0000] {taskinstance.py:2613} INFO - Dependencies all met for dep_context=requeueable deps ti=<TaskInstance: fetch_and_store_amazon_books.fetch_book_data scheduled__2024-08-11T00:00:00+00:00 [queued]>
[2024-11-10T14:08:30.075+0000] {taskinstance.py:2866} INFO - Starting attempt 1 of 2
[2024-11-10T14:08:30.106+0000] {taskinstance.py:2889} INFO - Executing <Task(PythonOperator): fetch_book_data> on 2024-08-11 00:00:00+00:00
[2024-11-10T14:08:30.131+0000] {warnings.py:112} WARNING - /home/***/.local/lib/python3.12/site-packages/***/task/task_runner/standard_task_runner.py:70: DeprecationWarning: This process (pid=4536) is multi-threaded, use of fork() may lead to deadlocks in the child.
  pid = os.fork()

[2024-11-10T14:08:30.135+0000] {standard_task_runner.py:72} INFO - Started process 4563 to run task
[2024-11-10T14:08:30.144+0000] {standard_task_runner.py:104} INFO - Running: ['***', 'tasks', 'run', 'fetch_and_store_amazon_books', 'fetch_book_data', 'scheduled__2024-08-11T00:00:00+00:00', '--job-id', '395', '--raw', '--subdir', 'DAGS_FOLDER/app.py', '--cfg-path', '/tmp/tmpowaczcck']
[2024-11-10T14:08:30.146+0000] {standard_task_runner.py:105} INFO - Job 395: Subtask fetch_book_data
[2024-11-10T14:08:30.274+0000] {task_command.py:467} INFO - Running <TaskInstance: fetch_and_store_amazon_books.fetch_book_data scheduled__2024-08-11T00:00:00+00:00 [running]> on host 0afc8c4a15bb
[2024-11-10T14:08:30.502+0000] {taskinstance.py:3132} INFO - Exporting env vars: AIRFLOW_CTX_DAG_OWNER='***' AIRFLOW_CTX_DAG_ID='fetch_and_store_amazon_books' AIRFLOW_CTX_TASK_ID='fetch_book_data' AIRFLOW_CTX_EXECUTION_DATE='2024-08-11T00:00:00+00:00' AIRFLOW_CTX_TRY_NUMBER='1' AIRFLOW_CTX_DAG_RUN_ID='scheduled__2024-08-11T00:00:00+00:00'
[2024-11-10T14:08:30.509+0000] {logging_mixin.py:190} INFO - Task instance is in running state
[2024-11-10T14:08:30.509+0000] {logging_mixin.py:190} INFO -  Previous state of the Task instance: queued
[2024-11-10T14:08:30.510+0000] {logging_mixin.py:190} INFO - Current task name:fetch_book_data state:running start_date:2024-11-10 14:08:30.049204+00:00
[2024-11-10T14:08:30.510+0000] {logging_mixin.py:190} INFO - Dag name:fetch_and_store_amazon_books and current dag run status:running
[2024-11-10T14:08:30.510+0000] {taskinstance.py:731} INFO - ::endgroup::
[2024-11-10T14:08:32.427+0000] {python.py:240} INFO - Done. Returned value was: None
[2024-11-10T14:08:32.446+0000] {taskinstance.py:340} INFO - ::group::Post task execution logs
[2024-11-10T14:08:32.446+0000] {taskinstance.py:352} INFO - Marking task as SUCCESS. dag_id=fetch_and_store_amazon_books, task_id=fetch_book_data, run_id=scheduled__2024-08-11T00:00:00+00:00, execution_date=20240811T000000, start_date=20241110T140830, end_date=20241110T140832
[2024-11-10T14:08:32.470+0000] {logging_mixin.py:190} INFO - Task instance in success state
[2024-11-10T14:08:32.471+0000] {logging_mixin.py:190} INFO -  Previous state of the Task instance: running
[2024-11-10T14:08:32.471+0000] {logging_mixin.py:190} INFO - Dag name:fetch_and_store_amazon_books queued_at:2024-11-10 14:08:26.246087+00:00
[2024-11-10T14:08:32.471+0000] {logging_mixin.py:190} INFO - Task hostname:0afc8c4a15bb operator:PythonOperator
[2024-11-10T14:08:32.512+0000] {local_task_job_runner.py:266} INFO - Task exited with return code 0
[2024-11-10T14:08:32.554+0000] {taskinstance.py:3895} INFO - 1 downstream tasks scheduled from follow-on schedule check
[2024-11-10T14:08:32.558+0000] {local_task_job_runner.py:245} INFO - ::endgroup::
