[2024-11-10T11:37:31.611+0000] {local_task_job_runner.py:123} INFO - ::group::Pre task execution logs
[2024-11-10T11:37:31.658+0000] {taskinstance.py:2613} INFO - Dependencies all met for dep_context=non-requeueable deps ti=<TaskInstance: fetch_and_store_amazon_books.create_table scheduled__2024-07-17T00:00:00+00:00 [queued]>
[2024-11-10T11:37:31.681+0000] {taskinstance.py:2613} INFO - Dependencies all met for dep_context=requeueable deps ti=<TaskInstance: fetch_and_store_amazon_books.create_table scheduled__2024-07-17T00:00:00+00:00 [queued]>
[2024-11-10T11:37:31.682+0000] {taskinstance.py:2866} INFO - Starting attempt 1 of 2
[2024-11-10T11:37:31.709+0000] {taskinstance.py:2889} INFO - Executing <Task(PostgresOperator): create_table> on 2024-07-17 00:00:00+00:00
[2024-11-10T11:37:31.735+0000] {warnings.py:112} WARNING - /home/***/.local/lib/python3.12/site-packages/***/task/task_runner/standard_task_runner.py:70: DeprecationWarning: This process (pid=1429) is multi-threaded, use of fork() may lead to deadlocks in the child.
  pid = os.fork()

[2024-11-10T11:37:31.738+0000] {standard_task_runner.py:72} INFO - Started process 1478 to run task
[2024-11-10T11:37:31.739+0000] {standard_task_runner.py:104} INFO - Running: ['***', 'tasks', 'run', 'fetch_and_store_amazon_books', 'create_table', 'scheduled__2024-07-17T00:00:00+00:00', '--job-id', '99', '--raw', '--subdir', 'DAGS_FOLDER/app.py', '--cfg-path', '/tmp/tmpdeimi_xi']
[2024-11-10T11:37:31.740+0000] {standard_task_runner.py:105} INFO - Job 99: Subtask create_table
[2024-11-10T11:37:31.861+0000] {task_command.py:467} INFO - Running <TaskInstance: fetch_and_store_amazon_books.create_table scheduled__2024-07-17T00:00:00+00:00 [running]> on host 0afc8c4a15bb
[2024-11-10T11:37:32.042+0000] {taskinstance.py:3132} INFO - Exporting env vars: AIRFLOW_CTX_DAG_OWNER='***' AIRFLOW_CTX_DAG_ID='fetch_and_store_amazon_books' AIRFLOW_CTX_TASK_ID='create_table' AIRFLOW_CTX_EXECUTION_DATE='2024-07-17T00:00:00+00:00' AIRFLOW_CTX_TRY_NUMBER='1' AIRFLOW_CTX_DAG_RUN_ID='scheduled__2024-07-17T00:00:00+00:00'
[2024-11-10T11:37:32.046+0000] {logging_mixin.py:190} INFO - Task instance is in running state
[2024-11-10T11:37:32.046+0000] {logging_mixin.py:190} INFO -  Previous state of the Task instance: queued
[2024-11-10T11:37:32.047+0000] {logging_mixin.py:190} INFO - Current task name:create_table state:running start_date:2024-11-10 11:37:31.660425+00:00
[2024-11-10T11:37:32.048+0000] {logging_mixin.py:190} INFO - Dag name:fetch_and_store_amazon_books and current dag run status:running
[2024-11-10T11:37:32.049+0000] {taskinstance.py:731} INFO - ::endgroup::
[2024-11-10T11:37:32.049+0000] {sql.py:278} INFO - Executing: 
    CREATE TABLE IF NOT EXISTS books (
        id SERIAL PRIMARY KEY,
        title TEXT NOT NULL,
        authors TEXT,
        price TEXT,
        rating TEXT
    );
    
[2024-11-10T11:37:32.076+0000] {base.py:84} INFO - Retrieving connection 'books_connection'
[2024-11-10T11:37:32.102+0000] {base.py:84} INFO - Retrieving connection 'books_connection'
[2024-11-10T11:37:32.123+0000] {sql.py:544} INFO - Running statement: 
    CREATE TABLE IF NOT EXISTS books (
        id SERIAL PRIMARY KEY,
        title TEXT NOT NULL,
        authors TEXT,
        price TEXT,
        rating TEXT
    );
    , parameters: None
[2024-11-10T11:37:32.165+0000] {taskinstance.py:340} INFO - ::group::Post task execution logs
[2024-11-10T11:37:32.166+0000] {taskinstance.py:352} INFO - Marking task as SUCCESS. dag_id=fetch_and_store_amazon_books, task_id=create_table, run_id=scheduled__2024-07-17T00:00:00+00:00, execution_date=20240717T000000, start_date=20241110T113731, end_date=20241110T113732
[2024-11-10T11:37:32.190+0000] {logging_mixin.py:190} INFO - Task instance in success state
[2024-11-10T11:37:32.192+0000] {logging_mixin.py:190} INFO -  Previous state of the Task instance: running
[2024-11-10T11:37:32.193+0000] {logging_mixin.py:190} INFO - Dag name:fetch_and_store_amazon_books queued_at:2024-11-10 11:37:06.318461+00:00
[2024-11-10T11:37:32.194+0000] {logging_mixin.py:190} INFO - Task hostname:0afc8c4a15bb operator:PostgresOperator
[2024-11-10T11:37:32.241+0000] {local_task_job_runner.py:266} INFO - Task exited with return code 0
[2024-11-10T11:37:32.292+0000] {taskinstance.py:3895} INFO - 1 downstream tasks scheduled from follow-on schedule check
[2024-11-10T11:37:32.297+0000] {local_task_job_runner.py:245} INFO - ::endgroup::
[2024-11-10T14:07:13.009+0000] {local_task_job_runner.py:123} INFO - ::group::Pre task execution logs
[2024-11-10T14:07:13.072+0000] {taskinstance.py:2613} INFO - Dependencies all met for dep_context=non-requeueable deps ti=<TaskInstance: fetch_and_store_amazon_books.create_table scheduled__2024-07-17T00:00:00+00:00 [queued]>
[2024-11-10T14:07:13.128+0000] {taskinstance.py:2613} INFO - Dependencies all met for dep_context=requeueable deps ti=<TaskInstance: fetch_and_store_amazon_books.create_table scheduled__2024-07-17T00:00:00+00:00 [queued]>
[2024-11-10T14:07:13.128+0000] {taskinstance.py:2866} INFO - Starting attempt 1 of 2
[2024-11-10T14:07:13.184+0000] {taskinstance.py:2889} INFO - Executing <Task(PostgresOperator): create_table> on 2024-07-17 00:00:00+00:00
[2024-11-10T14:07:13.229+0000] {warnings.py:112} WARNING - /home/***/.local/lib/python3.12/site-packages/***/task/task_runner/standard_task_runner.py:70: DeprecationWarning: This process (pid=4159) is multi-threaded, use of fork() may lead to deadlocks in the child.
  pid = os.fork()

[2024-11-10T14:07:13.250+0000] {standard_task_runner.py:72} INFO - Started process 4188 to run task
[2024-11-10T14:07:13.254+0000] {standard_task_runner.py:104} INFO - Running: ['***', 'tasks', 'run', 'fetch_and_store_amazon_books', 'create_table', 'scheduled__2024-07-17T00:00:00+00:00', '--job-id', '305', '--raw', '--subdir', 'DAGS_FOLDER/app.py', '--cfg-path', '/tmp/tmpdfgsmvwg']
[2024-11-10T14:07:13.257+0000] {standard_task_runner.py:105} INFO - Job 305: Subtask create_table
[2024-11-10T14:07:13.643+0000] {task_command.py:467} INFO - Running <TaskInstance: fetch_and_store_amazon_books.create_table scheduled__2024-07-17T00:00:00+00:00 [running]> on host 0afc8c4a15bb
[2024-11-10T14:07:14.098+0000] {taskinstance.py:3132} INFO - Exporting env vars: AIRFLOW_CTX_DAG_OWNER='***' AIRFLOW_CTX_DAG_ID='fetch_and_store_amazon_books' AIRFLOW_CTX_TASK_ID='create_table' AIRFLOW_CTX_EXECUTION_DATE='2024-07-17T00:00:00+00:00' AIRFLOW_CTX_TRY_NUMBER='1' AIRFLOW_CTX_DAG_RUN_ID='scheduled__2024-07-17T00:00:00+00:00'
[2024-11-10T14:07:14.116+0000] {logging_mixin.py:190} INFO - Task instance is in running state
[2024-11-10T14:07:14.122+0000] {logging_mixin.py:190} INFO -  Previous state of the Task instance: queued
[2024-11-10T14:07:14.124+0000] {logging_mixin.py:190} INFO - Current task name:create_table state:running start_date:2024-11-10 14:07:13.073673+00:00
[2024-11-10T14:07:14.127+0000] {logging_mixin.py:190} INFO - Dag name:fetch_and_store_amazon_books and current dag run status:running
[2024-11-10T14:07:14.127+0000] {taskinstance.py:731} INFO - ::endgroup::
[2024-11-10T14:07:14.131+0000] {sql.py:278} INFO - Executing: 
    CREATE TABLE IF NOT EXISTS books (
        id SERIAL PRIMARY KEY,
        title TEXT NOT NULL,
        authors TEXT,
        price TEXT,
        rating TEXT
    );
    
[2024-11-10T14:07:14.186+0000] {base.py:84} INFO - Retrieving connection 'books_connection'
[2024-11-10T14:07:14.212+0000] {base.py:84} INFO - Retrieving connection 'books_connection'
[2024-11-10T14:07:14.234+0000] {sql.py:544} INFO - Running statement: 
    CREATE TABLE IF NOT EXISTS books (
        id SERIAL PRIMARY KEY,
        title TEXT NOT NULL,
        authors TEXT,
        price TEXT,
        rating TEXT
    );
    , parameters: None
[2024-11-10T14:07:14.293+0000] {taskinstance.py:340} INFO - ::group::Post task execution logs
[2024-11-10T14:07:14.294+0000] {taskinstance.py:352} INFO - Marking task as SUCCESS. dag_id=fetch_and_store_amazon_books, task_id=create_table, run_id=scheduled__2024-07-17T00:00:00+00:00, execution_date=20240717T000000, start_date=20241110T140713, end_date=20241110T140714
[2024-11-10T14:07:14.323+0000] {logging_mixin.py:190} INFO - Task instance in success state
[2024-11-10T14:07:14.324+0000] {logging_mixin.py:190} INFO -  Previous state of the Task instance: running
[2024-11-10T14:07:14.325+0000] {logging_mixin.py:190} INFO - Dag name:fetch_and_store_amazon_books queued_at:2024-11-10 14:06:52.541909+00:00
[2024-11-10T14:07:14.334+0000] {logging_mixin.py:190} INFO - Task hostname:0afc8c4a15bb operator:PostgresOperator
[2024-11-10T14:07:14.391+0000] {local_task_job_runner.py:266} INFO - Task exited with return code 0
[2024-11-10T14:07:14.461+0000] {taskinstance.py:3895} INFO - 1 downstream tasks scheduled from follow-on schedule check
[2024-11-10T14:07:14.475+0000] {local_task_job_runner.py:245} INFO - ::endgroup::
