[2024-11-10T11:48:40.110+0000] {local_task_job_runner.py:123} INFO - ::group::Pre task execution logs
[2024-11-10T11:48:40.233+0000] {taskinstance.py:2613} INFO - Dependencies all met for dep_context=non-requeueable deps ti=<TaskInstance: fetch_and_store_amazon_books.create_table scheduled__2024-08-07T00:00:00+00:00 [queued]>
[2024-11-10T11:48:40.283+0000] {taskinstance.py:2613} INFO - Dependencies all met for dep_context=requeueable deps ti=<TaskInstance: fetch_and_store_amazon_books.create_table scheduled__2024-08-07T00:00:00+00:00 [queued]>
[2024-11-10T11:48:40.285+0000] {taskinstance.py:2866} INFO - Starting attempt 1 of 2
[2024-11-10T11:48:40.400+0000] {taskinstance.py:2889} INFO - Executing <Task(PostgresOperator): create_table> on 2024-08-07 00:00:00+00:00
[2024-11-10T11:48:40.433+0000] {warnings.py:112} WARNING - /home/***/.local/lib/python3.12/site-packages/***/task/task_runner/standard_task_runner.py:70: DeprecationWarning: This process (pid=1991) is multi-threaded, use of fork() may lead to deadlocks in the child.
  pid = os.fork()

[2024-11-10T11:48:40.438+0000] {standard_task_runner.py:72} INFO - Started process 2031 to run task
[2024-11-10T11:48:40.454+0000] {standard_task_runner.py:104} INFO - Running: ['***', 'tasks', 'run', 'fetch_and_store_amazon_books', 'create_table', 'scheduled__2024-08-07T00:00:00+00:00', '--job-id', '200', '--raw', '--subdir', 'DAGS_FOLDER/app.py', '--cfg-path', '/tmp/tmp9kdqa_ih']
[2024-11-10T11:48:40.457+0000] {standard_task_runner.py:105} INFO - Job 200: Subtask create_table
[2024-11-10T11:48:40.571+0000] {task_command.py:467} INFO - Running <TaskInstance: fetch_and_store_amazon_books.create_table scheduled__2024-08-07T00:00:00+00:00 [running]> on host 0afc8c4a15bb
[2024-11-10T11:48:40.743+0000] {taskinstance.py:3132} INFO - Exporting env vars: AIRFLOW_CTX_DAG_OWNER='***' AIRFLOW_CTX_DAG_ID='fetch_and_store_amazon_books' AIRFLOW_CTX_TASK_ID='create_table' AIRFLOW_CTX_EXECUTION_DATE='2024-08-07T00:00:00+00:00' AIRFLOW_CTX_TRY_NUMBER='1' AIRFLOW_CTX_DAG_RUN_ID='scheduled__2024-08-07T00:00:00+00:00'
[2024-11-10T11:48:40.746+0000] {logging_mixin.py:190} INFO - Task instance is in running state
[2024-11-10T11:48:40.746+0000] {logging_mixin.py:190} INFO -  Previous state of the Task instance: queued
[2024-11-10T11:48:40.747+0000] {logging_mixin.py:190} INFO - Current task name:create_table state:running start_date:2024-11-10 11:48:40.237701+00:00
[2024-11-10T11:48:40.747+0000] {logging_mixin.py:190} INFO - Dag name:fetch_and_store_amazon_books and current dag run status:running
[2024-11-10T11:48:40.748+0000] {taskinstance.py:731} INFO - ::endgroup::
[2024-11-10T11:48:40.748+0000] {sql.py:278} INFO - Executing: 
    CREATE TABLE IF NOT EXISTS books (
        id SERIAL PRIMARY KEY,
        title TEXT NOT NULL,
        authors TEXT,
        price TEXT,
        rating TEXT
    );
    
[2024-11-10T11:48:40.769+0000] {base.py:84} INFO - Retrieving connection 'books_connection'
[2024-11-10T11:48:40.795+0000] {base.py:84} INFO - Retrieving connection 'books_connection'
[2024-11-10T11:48:40.814+0000] {sql.py:544} INFO - Running statement: 
    CREATE TABLE IF NOT EXISTS books (
        id SERIAL PRIMARY KEY,
        title TEXT NOT NULL,
        authors TEXT,
        price TEXT,
        rating TEXT
    );
    , parameters: None
[2024-11-10T11:48:40.849+0000] {taskinstance.py:340} INFO - ::group::Post task execution logs
[2024-11-10T11:48:40.850+0000] {taskinstance.py:352} INFO - Marking task as SUCCESS. dag_id=fetch_and_store_amazon_books, task_id=create_table, run_id=scheduled__2024-08-07T00:00:00+00:00, execution_date=20240807T000000, start_date=20241110T114840, end_date=20241110T114840
[2024-11-10T11:48:40.908+0000] {logging_mixin.py:190} INFO - Task instance in success state
[2024-11-10T11:48:40.908+0000] {logging_mixin.py:190} INFO -  Previous state of the Task instance: running
[2024-11-10T11:48:40.910+0000] {logging_mixin.py:190} INFO - Dag name:fetch_and_store_amazon_books queued_at:2024-11-10 11:48:25.528281+00:00
[2024-11-10T11:48:40.910+0000] {logging_mixin.py:190} INFO - Task hostname:0afc8c4a15bb operator:PostgresOperator
[2024-11-10T11:48:40.958+0000] {local_task_job_runner.py:266} INFO - Task exited with return code 0
[2024-11-10T11:48:41.019+0000] {taskinstance.py:3895} INFO - 1 downstream tasks scheduled from follow-on schedule check
[2024-11-10T11:48:41.025+0000] {local_task_job_runner.py:245} INFO - ::endgroup::
[2024-11-10T14:08:16.502+0000] {local_task_job_runner.py:123} INFO - ::group::Pre task execution logs
[2024-11-10T14:08:16.580+0000] {taskinstance.py:2613} INFO - Dependencies all met for dep_context=non-requeueable deps ti=<TaskInstance: fetch_and_store_amazon_books.create_table scheduled__2024-08-07T00:00:00+00:00 [queued]>
[2024-11-10T14:08:16.604+0000] {taskinstance.py:2613} INFO - Dependencies all met for dep_context=requeueable deps ti=<TaskInstance: fetch_and_store_amazon_books.create_table scheduled__2024-08-07T00:00:00+00:00 [queued]>
[2024-11-10T14:08:16.605+0000] {taskinstance.py:2866} INFO - Starting attempt 1 of 2
[2024-11-10T14:08:16.642+0000] {taskinstance.py:2889} INFO - Executing <Task(PostgresOperator): create_table> on 2024-08-07 00:00:00+00:00
[2024-11-10T14:08:16.705+0000] {standard_task_runner.py:104} INFO - Running: ['***', 'tasks', 'run', 'fetch_and_store_amazon_books', 'create_table', 'scheduled__2024-08-07T00:00:00+00:00', '--job-id', '378', '--raw', '--subdir', 'DAGS_FOLDER/app.py', '--cfg-path', '/tmp/tmp0khm6wqb']
[2024-11-10T14:08:16.708+0000] {standard_task_runner.py:105} INFO - Job 378: Subtask create_table
[2024-11-10T14:08:16.701+0000] {warnings.py:112} WARNING - /home/***/.local/lib/python3.12/site-packages/***/task/task_runner/standard_task_runner.py:70: DeprecationWarning: This process (pid=4460) is multi-threaded, use of fork() may lead to deadlocks in the child.
  pid = os.fork()

[2024-11-10T14:08:16.712+0000] {standard_task_runner.py:72} INFO - Started process 4492 to run task
[2024-11-10T14:08:16.907+0000] {task_command.py:467} INFO - Running <TaskInstance: fetch_and_store_amazon_books.create_table scheduled__2024-08-07T00:00:00+00:00 [running]> on host 0afc8c4a15bb
[2024-11-10T14:08:17.175+0000] {taskinstance.py:3132} INFO - Exporting env vars: AIRFLOW_CTX_DAG_OWNER='***' AIRFLOW_CTX_DAG_ID='fetch_and_store_amazon_books' AIRFLOW_CTX_TASK_ID='create_table' AIRFLOW_CTX_EXECUTION_DATE='2024-08-07T00:00:00+00:00' AIRFLOW_CTX_TRY_NUMBER='1' AIRFLOW_CTX_DAG_RUN_ID='scheduled__2024-08-07T00:00:00+00:00'
[2024-11-10T14:08:17.188+0000] {logging_mixin.py:190} INFO - Task instance is in running state
[2024-11-10T14:08:17.189+0000] {logging_mixin.py:190} INFO -  Previous state of the Task instance: queued
[2024-11-10T14:08:17.190+0000] {logging_mixin.py:190} INFO - Current task name:create_table state:running start_date:2024-11-10 14:08:16.584275+00:00
[2024-11-10T14:08:17.190+0000] {logging_mixin.py:190} INFO - Dag name:fetch_and_store_amazon_books and current dag run status:running
[2024-11-10T14:08:17.190+0000] {taskinstance.py:731} INFO - ::endgroup::
[2024-11-10T14:08:17.191+0000] {sql.py:278} INFO - Executing: 
    CREATE TABLE IF NOT EXISTS books (
        id SERIAL PRIMARY KEY,
        title TEXT NOT NULL,
        authors TEXT,
        price TEXT,
        rating TEXT
    );
    
[2024-11-10T14:08:17.235+0000] {base.py:84} INFO - Retrieving connection 'books_connection'
[2024-11-10T14:08:17.264+0000] {base.py:84} INFO - Retrieving connection 'books_connection'
[2024-11-10T14:08:17.278+0000] {sql.py:544} INFO - Running statement: 
    CREATE TABLE IF NOT EXISTS books (
        id SERIAL PRIMARY KEY,
        title TEXT NOT NULL,
        authors TEXT,
        price TEXT,
        rating TEXT
    );
    , parameters: None
[2024-11-10T14:08:17.321+0000] {taskinstance.py:340} INFO - ::group::Post task execution logs
[2024-11-10T14:08:17.322+0000] {taskinstance.py:352} INFO - Marking task as SUCCESS. dag_id=fetch_and_store_amazon_books, task_id=create_table, run_id=scheduled__2024-08-07T00:00:00+00:00, execution_date=20240807T000000, start_date=20241110T140816, end_date=20241110T140817
[2024-11-10T14:08:17.354+0000] {logging_mixin.py:190} INFO - Task instance in success state
[2024-11-10T14:08:17.355+0000] {logging_mixin.py:190} INFO -  Previous state of the Task instance: running
[2024-11-10T14:08:17.355+0000] {logging_mixin.py:190} INFO - Dag name:fetch_and_store_amazon_books queued_at:2024-11-10 14:08:03.413670+00:00
[2024-11-10T14:08:17.356+0000] {logging_mixin.py:190} INFO - Task hostname:0afc8c4a15bb operator:PostgresOperator
[2024-11-10T14:08:17.394+0000] {local_task_job_runner.py:266} INFO - Task exited with return code 0
[2024-11-10T14:08:17.441+0000] {taskinstance.py:3895} INFO - 1 downstream tasks scheduled from follow-on schedule check
[2024-11-10T14:08:17.447+0000] {local_task_job_runner.py:245} INFO - ::endgroup::
