[2024-11-10T11:37:17.647+0000] {local_task_job_runner.py:123} INFO - ::group::Pre task execution logs
[2024-11-10T11:37:17.691+0000] {taskinstance.py:2613} INFO - Dependencies all met for dep_context=non-requeueable deps ti=<TaskInstance: fetch_and_store_amazon_books.fetch_book_data scheduled__2024-07-11T00:00:00+00:00 [queued]>
[2024-11-10T11:37:17.714+0000] {taskinstance.py:2613} INFO - Dependencies all met for dep_context=requeueable deps ti=<TaskInstance: fetch_and_store_amazon_books.fetch_book_data scheduled__2024-07-11T00:00:00+00:00 [queued]>
[2024-11-10T11:37:17.715+0000] {taskinstance.py:2866} INFO - Starting attempt 1 of 2
[2024-11-10T11:37:17.763+0000] {taskinstance.py:2889} INFO - Executing <Task(PythonOperator): fetch_book_data> on 2024-07-11 00:00:00+00:00
[2024-11-10T11:37:17.795+0000] {warnings.py:112} WARNING - /home/***/.local/lib/python3.12/site-packages/***/task/task_runner/standard_task_runner.py:70: DeprecationWarning: This process (pid=1374) is multi-threaded, use of fork() may lead to deadlocks in the child.
  pid = os.fork()

[2024-11-10T11:37:17.798+0000] {standard_task_runner.py:72} INFO - Started process 1406 to run task
[2024-11-10T11:37:17.805+0000] {standard_task_runner.py:104} INFO - Running: ['***', 'tasks', 'run', 'fetch_and_store_amazon_books', 'fetch_book_data', 'scheduled__2024-07-11T00:00:00+00:00', '--job-id', '80', '--raw', '--subdir', 'DAGS_FOLDER/app.py', '--cfg-path', '/tmp/tmpsnihr2t5']
[2024-11-10T11:37:17.824+0000] {standard_task_runner.py:105} INFO - Job 80: Subtask fetch_book_data
[2024-11-10T11:37:18.054+0000] {task_command.py:467} INFO - Running <TaskInstance: fetch_and_store_amazon_books.fetch_book_data scheduled__2024-07-11T00:00:00+00:00 [running]> on host 0afc8c4a15bb
[2024-11-10T11:37:18.259+0000] {taskinstance.py:3132} INFO - Exporting env vars: AIRFLOW_CTX_DAG_OWNER='***' AIRFLOW_CTX_DAG_ID='fetch_and_store_amazon_books' AIRFLOW_CTX_TASK_ID='fetch_book_data' AIRFLOW_CTX_EXECUTION_DATE='2024-07-11T00:00:00+00:00' AIRFLOW_CTX_TRY_NUMBER='1' AIRFLOW_CTX_DAG_RUN_ID='scheduled__2024-07-11T00:00:00+00:00'
[2024-11-10T11:37:18.262+0000] {logging_mixin.py:190} INFO - Task instance is in running state
[2024-11-10T11:37:18.263+0000] {logging_mixin.py:190} INFO -  Previous state of the Task instance: queued
[2024-11-10T11:37:18.264+0000] {logging_mixin.py:190} INFO - Current task name:fetch_book_data state:running start_date:2024-11-10 11:37:17.692129+00:00
[2024-11-10T11:37:18.264+0000] {logging_mixin.py:190} INFO - Dag name:fetch_and_store_amazon_books and current dag run status:running
[2024-11-10T11:37:18.264+0000] {taskinstance.py:731} INFO - ::endgroup::
[2024-11-10T11:37:20.025+0000] {logging_mixin.py:190} INFO - Failed to retrieve the page
[2024-11-10T11:37:20.061+0000] {python.py:240} INFO - Done. Returned value was: None
[2024-11-10T11:37:20.077+0000] {taskinstance.py:340} INFO - ::group::Post task execution logs
[2024-11-10T11:37:20.078+0000] {taskinstance.py:352} INFO - Marking task as SUCCESS. dag_id=fetch_and_store_amazon_books, task_id=fetch_book_data, run_id=scheduled__2024-07-11T00:00:00+00:00, execution_date=20240711T000000, start_date=20241110T113717, end_date=20241110T113720
[2024-11-10T11:37:22.056+0000] {logging_mixin.py:190} INFO - Task instance in success state
[2024-11-10T11:37:22.058+0000] {logging_mixin.py:190} INFO -  Previous state of the Task instance: running
[2024-11-10T11:37:22.058+0000] {logging_mixin.py:190} INFO - Dag name:fetch_and_store_amazon_books queued_at:2024-11-10 11:37:04.146146+00:00
[2024-11-10T11:37:22.058+0000] {logging_mixin.py:190} INFO - Task hostname:0afc8c4a15bb operator:PythonOperator
[2024-11-10T11:37:22.130+0000] {local_task_job_runner.py:266} INFO - Task exited with return code 0
[2024-11-10T11:37:22.189+0000] {taskinstance.py:3895} INFO - 1 downstream tasks scheduled from follow-on schedule check
[2024-11-10T11:37:22.192+0000] {local_task_job_runner.py:245} INFO - ::endgroup::
[2024-11-10T14:06:59.741+0000] {local_task_job_runner.py:123} INFO - ::group::Pre task execution logs
[2024-11-10T14:06:59.784+0000] {taskinstance.py:2613} INFO - Dependencies all met for dep_context=non-requeueable deps ti=<TaskInstance: fetch_and_store_amazon_books.fetch_book_data scheduled__2024-07-11T00:00:00+00:00 [queued]>
[2024-11-10T14:06:59.804+0000] {taskinstance.py:2613} INFO - Dependencies all met for dep_context=requeueable deps ti=<TaskInstance: fetch_and_store_amazon_books.fetch_book_data scheduled__2024-07-11T00:00:00+00:00 [queued]>
[2024-11-10T14:06:59.804+0000] {taskinstance.py:2866} INFO - Starting attempt 1 of 2
[2024-11-10T14:06:59.834+0000] {taskinstance.py:2889} INFO - Executing <Task(PythonOperator): fetch_book_data> on 2024-07-11 00:00:00+00:00
[2024-11-10T14:06:59.895+0000] {standard_task_runner.py:104} INFO - Running: ['***', 'tasks', 'run', 'fetch_and_store_amazon_books', 'fetch_book_data', 'scheduled__2024-07-11T00:00:00+00:00', '--job-id', '292', '--raw', '--subdir', 'DAGS_FOLDER/app.py', '--cfg-path', '/tmp/tmp63amdds9']
[2024-11-10T14:06:59.905+0000] {standard_task_runner.py:105} INFO - Job 292: Subtask fetch_book_data
[2024-11-10T14:06:59.898+0000] {warnings.py:112} WARNING - /home/***/.local/lib/python3.12/site-packages/***/task/task_runner/standard_task_runner.py:70: DeprecationWarning: This process (pid=4099) is multi-threaded, use of fork() may lead to deadlocks in the child.
  pid = os.fork()

[2024-11-10T14:06:59.906+0000] {standard_task_runner.py:72} INFO - Started process 4129 to run task
[2024-11-10T14:07:00.152+0000] {task_command.py:467} INFO - Running <TaskInstance: fetch_and_store_amazon_books.fetch_book_data scheduled__2024-07-11T00:00:00+00:00 [running]> on host 0afc8c4a15bb
[2024-11-10T14:07:00.393+0000] {taskinstance.py:3132} INFO - Exporting env vars: AIRFLOW_CTX_DAG_OWNER='***' AIRFLOW_CTX_DAG_ID='fetch_and_store_amazon_books' AIRFLOW_CTX_TASK_ID='fetch_book_data' AIRFLOW_CTX_EXECUTION_DATE='2024-07-11T00:00:00+00:00' AIRFLOW_CTX_TRY_NUMBER='1' AIRFLOW_CTX_DAG_RUN_ID='scheduled__2024-07-11T00:00:00+00:00'
[2024-11-10T14:07:00.397+0000] {logging_mixin.py:190} INFO - Task instance is in running state
[2024-11-10T14:07:00.397+0000] {logging_mixin.py:190} INFO -  Previous state of the Task instance: queued
[2024-11-10T14:07:00.398+0000] {logging_mixin.py:190} INFO - Current task name:fetch_book_data state:running start_date:2024-11-10 14:06:59.785610+00:00
[2024-11-10T14:07:00.398+0000] {logging_mixin.py:190} INFO - Dag name:fetch_and_store_amazon_books and current dag run status:running
[2024-11-10T14:07:00.399+0000] {taskinstance.py:731} INFO - ::endgroup::
[2024-11-10T14:07:04.043+0000] {python.py:240} INFO - Done. Returned value was: None
[2024-11-10T14:07:04.075+0000] {taskinstance.py:340} INFO - ::group::Post task execution logs
[2024-11-10T14:07:04.076+0000] {taskinstance.py:352} INFO - Marking task as SUCCESS. dag_id=fetch_and_store_amazon_books, task_id=fetch_book_data, run_id=scheduled__2024-07-11T00:00:00+00:00, execution_date=20240711T000000, start_date=20241110T140659, end_date=20241110T140704
[2024-11-10T14:07:04.125+0000] {logging_mixin.py:190} INFO - Task instance in success state
[2024-11-10T14:07:04.125+0000] {logging_mixin.py:190} INFO -  Previous state of the Task instance: running
[2024-11-10T14:07:04.126+0000] {logging_mixin.py:190} INFO - Dag name:fetch_and_store_amazon_books queued_at:2024-11-10 14:06:50.040733+00:00
[2024-11-10T14:07:04.128+0000] {logging_mixin.py:190} INFO - Task hostname:0afc8c4a15bb operator:PythonOperator
[2024-11-10T14:07:04.194+0000] {local_task_job_runner.py:266} INFO - Task exited with return code 0
[2024-11-10T14:07:04.249+0000] {taskinstance.py:3895} INFO - 1 downstream tasks scheduled from follow-on schedule check
[2024-11-10T14:07:04.255+0000] {local_task_job_runner.py:245} INFO - ::endgroup::
