[2024-11-10T11:49:04.141+0000] {local_task_job_runner.py:123} INFO - ::group::Pre task execution logs
[2024-11-10T11:49:04.174+0000] {taskinstance.py:2613} INFO - Dependencies all met for dep_context=non-requeueable deps ti=<TaskInstance: fetch_and_store_amazon_books.fetch_book_data scheduled__2024-08-17T00:00:00+00:00 [queued]>
[2024-11-10T11:49:04.197+0000] {taskinstance.py:2613} INFO - Dependencies all met for dep_context=requeueable deps ti=<TaskInstance: fetch_and_store_amazon_books.fetch_book_data scheduled__2024-08-17T00:00:00+00:00 [queued]>
[2024-11-10T11:49:04.199+0000] {taskinstance.py:2866} INFO - Starting attempt 1 of 2
[2024-11-10T11:49:04.226+0000] {taskinstance.py:2889} INFO - Executing <Task(PythonOperator): fetch_book_data> on 2024-08-17 00:00:00+00:00
[2024-11-10T11:49:04.244+0000] {warnings.py:112} WARNING - /home/***/.local/lib/python3.12/site-packages/***/task/task_runner/standard_task_runner.py:70: DeprecationWarning: This process (pid=2077) is multi-threaded, use of fork() may lead to deadlocks in the child.
  pid = os.fork()

[2024-11-10T11:49:04.247+0000] {standard_task_runner.py:72} INFO - Started process 2102 to run task
[2024-11-10T11:49:04.248+0000] {standard_task_runner.py:104} INFO - Running: ['***', 'tasks', 'run', 'fetch_and_store_amazon_books', 'fetch_book_data', 'scheduled__2024-08-17T00:00:00+00:00', '--job-id', '221', '--raw', '--subdir', 'DAGS_FOLDER/app.py', '--cfg-path', '/tmp/tmplcihu6jc']
[2024-11-10T11:49:04.249+0000] {standard_task_runner.py:105} INFO - Job 221: Subtask fetch_book_data
[2024-11-10T11:49:04.331+0000] {task_command.py:467} INFO - Running <TaskInstance: fetch_and_store_amazon_books.fetch_book_data scheduled__2024-08-17T00:00:00+00:00 [running]> on host 0afc8c4a15bb
[2024-11-10T11:49:04.649+0000] {taskinstance.py:3132} INFO - Exporting env vars: AIRFLOW_CTX_DAG_OWNER='***' AIRFLOW_CTX_DAG_ID='fetch_and_store_amazon_books' AIRFLOW_CTX_TASK_ID='fetch_book_data' AIRFLOW_CTX_EXECUTION_DATE='2024-08-17T00:00:00+00:00' AIRFLOW_CTX_TRY_NUMBER='1' AIRFLOW_CTX_DAG_RUN_ID='scheduled__2024-08-17T00:00:00+00:00'
[2024-11-10T11:49:04.651+0000] {logging_mixin.py:190} INFO - Task instance is in running state
[2024-11-10T11:49:04.652+0000] {logging_mixin.py:190} INFO -  Previous state of the Task instance: queued
[2024-11-10T11:49:04.652+0000] {logging_mixin.py:190} INFO - Current task name:fetch_book_data state:running start_date:2024-11-10 11:49:04.175671+00:00
[2024-11-10T11:49:04.652+0000] {logging_mixin.py:190} INFO - Dag name:fetch_and_store_amazon_books and current dag run status:running
[2024-11-10T11:49:04.653+0000] {taskinstance.py:731} INFO - ::endgroup::
[2024-11-10T11:49:06.342+0000] {app.py:32} ERROR - Failed to retrieve page 1: 503 Server Error: Service Unavailable for url: https://www.amazon.com/s?k=data+engineering+books&page=1
[2024-11-10T11:49:06.378+0000] {python.py:240} INFO - Done. Returned value was: None
[2024-11-10T11:49:06.399+0000] {taskinstance.py:340} INFO - ::group::Post task execution logs
[2024-11-10T11:49:06.399+0000] {taskinstance.py:352} INFO - Marking task as SUCCESS. dag_id=fetch_and_store_amazon_books, task_id=fetch_book_data, run_id=scheduled__2024-08-17T00:00:00+00:00, execution_date=20240817T000000, start_date=20241110T114904, end_date=20241110T114906
[2024-11-10T11:49:06.671+0000] {logging_mixin.py:190} INFO - Task instance in success state
[2024-11-10T11:49:06.671+0000] {logging_mixin.py:190} INFO -  Previous state of the Task instance: running
[2024-11-10T11:49:06.672+0000] {logging_mixin.py:190} INFO - Dag name:fetch_and_store_amazon_books queued_at:2024-11-10 11:48:57.246724+00:00
[2024-11-10T11:49:06.672+0000] {logging_mixin.py:190} INFO - Task hostname:0afc8c4a15bb operator:PythonOperator
[2024-11-10T11:49:06.754+0000] {local_task_job_runner.py:266} INFO - Task exited with return code 0
[2024-11-10T11:49:06.810+0000] {taskinstance.py:3895} INFO - 1 downstream tasks scheduled from follow-on schedule check
[2024-11-10T11:49:06.813+0000] {local_task_job_runner.py:245} INFO - ::endgroup::
[2024-11-10T14:08:31.971+0000] {local_task_job_runner.py:123} INFO - ::group::Pre task execution logs
[2024-11-10T14:08:32.001+0000] {taskinstance.py:2613} INFO - Dependencies all met for dep_context=non-requeueable deps ti=<TaskInstance: fetch_and_store_amazon_books.fetch_book_data scheduled__2024-08-17T00:00:00+00:00 [queued]>
[2024-11-10T14:08:32.019+0000] {taskinstance.py:2613} INFO - Dependencies all met for dep_context=requeueable deps ti=<TaskInstance: fetch_and_store_amazon_books.fetch_book_data scheduled__2024-08-17T00:00:00+00:00 [queued]>
[2024-11-10T14:08:32.020+0000] {taskinstance.py:2866} INFO - Starting attempt 1 of 2
[2024-11-10T14:08:32.047+0000] {taskinstance.py:2889} INFO - Executing <Task(PythonOperator): fetch_book_data> on 2024-08-17 00:00:00+00:00
[2024-11-10T14:08:32.069+0000] {warnings.py:112} WARNING - /home/***/.local/lib/python3.12/site-packages/***/task/task_runner/standard_task_runner.py:70: DeprecationWarning: This process (pid=4548) is multi-threaded, use of fork() may lead to deadlocks in the child.
  pid = os.fork()

[2024-11-10T14:08:32.072+0000] {standard_task_runner.py:72} INFO - Started process 4575 to run task
[2024-11-10T14:08:32.073+0000] {standard_task_runner.py:104} INFO - Running: ['***', 'tasks', 'run', 'fetch_and_store_amazon_books', 'fetch_book_data', 'scheduled__2024-08-17T00:00:00+00:00', '--job-id', '401', '--raw', '--subdir', 'DAGS_FOLDER/app.py', '--cfg-path', '/tmp/tmps2nxuy4c']
[2024-11-10T14:08:32.074+0000] {standard_task_runner.py:105} INFO - Job 401: Subtask fetch_book_data
[2024-11-10T14:08:32.190+0000] {task_command.py:467} INFO - Running <TaskInstance: fetch_and_store_amazon_books.fetch_book_data scheduled__2024-08-17T00:00:00+00:00 [running]> on host 0afc8c4a15bb
[2024-11-10T14:08:32.379+0000] {taskinstance.py:3132} INFO - Exporting env vars: AIRFLOW_CTX_DAG_OWNER='***' AIRFLOW_CTX_DAG_ID='fetch_and_store_amazon_books' AIRFLOW_CTX_TASK_ID='fetch_book_data' AIRFLOW_CTX_EXECUTION_DATE='2024-08-17T00:00:00+00:00' AIRFLOW_CTX_TRY_NUMBER='1' AIRFLOW_CTX_DAG_RUN_ID='scheduled__2024-08-17T00:00:00+00:00'
[2024-11-10T14:08:32.381+0000] {logging_mixin.py:190} INFO - Task instance is in running state
[2024-11-10T14:08:32.381+0000] {logging_mixin.py:190} INFO -  Previous state of the Task instance: queued
[2024-11-10T14:08:32.381+0000] {logging_mixin.py:190} INFO - Current task name:fetch_book_data state:running start_date:2024-11-10 14:08:32.002371+00:00
[2024-11-10T14:08:32.382+0000] {logging_mixin.py:190} INFO - Dag name:fetch_and_store_amazon_books and current dag run status:running
[2024-11-10T14:08:32.382+0000] {taskinstance.py:731} INFO - ::endgroup::
[2024-11-10T14:08:35.038+0000] {python.py:240} INFO - Done. Returned value was: None
[2024-11-10T14:08:35.057+0000] {taskinstance.py:340} INFO - ::group::Post task execution logs
[2024-11-10T14:08:35.057+0000] {taskinstance.py:352} INFO - Marking task as SUCCESS. dag_id=fetch_and_store_amazon_books, task_id=fetch_book_data, run_id=scheduled__2024-08-17T00:00:00+00:00, execution_date=20240817T000000, start_date=20241110T140832, end_date=20241110T140835
[2024-11-10T14:08:35.373+0000] {logging_mixin.py:190} INFO - Task instance in success state
[2024-11-10T14:08:35.374+0000] {logging_mixin.py:190} INFO -  Previous state of the Task instance: running
[2024-11-10T14:08:35.376+0000] {logging_mixin.py:190} INFO - Dag name:fetch_and_store_amazon_books queued_at:2024-11-10 14:08:27.631172+00:00
[2024-11-10T14:08:35.377+0000] {logging_mixin.py:190} INFO - Task hostname:0afc8c4a15bb operator:PythonOperator
[2024-11-10T14:08:35.424+0000] {local_task_job_runner.py:266} INFO - Task exited with return code 0
[2024-11-10T14:08:35.480+0000] {taskinstance.py:3895} INFO - 1 downstream tasks scheduled from follow-on schedule check
[2024-11-10T14:08:35.488+0000] {local_task_job_runner.py:245} INFO - ::endgroup::
