[2024-11-10T11:43:07.796+0000] {local_task_job_runner.py:123} INFO - ::group::Pre task execution logs
[2024-11-10T11:43:07.827+0000] {taskinstance.py:2613} INFO - Dependencies all met for dep_context=non-requeueable deps ti=<TaskInstance: fetch_and_store_amazon_books.fetch_book_data scheduled__2024-07-25T00:00:00+00:00 [queued]>
[2024-11-10T11:43:07.842+0000] {taskinstance.py:2613} INFO - Dependencies all met for dep_context=requeueable deps ti=<TaskInstance: fetch_and_store_amazon_books.fetch_book_data scheduled__2024-07-25T00:00:00+00:00 [queued]>
[2024-11-10T11:43:07.843+0000] {taskinstance.py:2866} INFO - Starting attempt 1 of 2
[2024-11-10T11:43:07.867+0000] {taskinstance.py:2889} INFO - Executing <Task(PythonOperator): fetch_book_data> on 2024-07-25 00:00:00+00:00
[2024-11-10T11:43:07.889+0000] {warnings.py:112} WARNING - /home/***/.local/lib/python3.12/site-packages/***/task/task_runner/standard_task_runner.py:70: DeprecationWarning: This process (pid=1727) is multi-threaded, use of fork() may lead to deadlocks in the child.
  pid = os.fork()

[2024-11-10T11:43:07.893+0000] {standard_task_runner.py:104} INFO - Running: ['***', 'tasks', 'run', 'fetch_and_store_amazon_books', 'fetch_book_data', 'scheduled__2024-07-25T00:00:00+00:00', '--job-id', '147', '--raw', '--subdir', 'DAGS_FOLDER/app.py', '--cfg-path', '/tmp/tmp4jqnuq1i']
[2024-11-10T11:43:07.895+0000] {standard_task_runner.py:72} INFO - Started process 1747 to run task
[2024-11-10T11:43:07.895+0000] {standard_task_runner.py:105} INFO - Job 147: Subtask fetch_book_data
[2024-11-10T11:43:07.992+0000] {task_command.py:467} INFO - Running <TaskInstance: fetch_and_store_amazon_books.fetch_book_data scheduled__2024-07-25T00:00:00+00:00 [running]> on host 0afc8c4a15bb
[2024-11-10T11:43:08.152+0000] {taskinstance.py:3132} INFO - Exporting env vars: AIRFLOW_CTX_DAG_OWNER='***' AIRFLOW_CTX_DAG_ID='fetch_and_store_amazon_books' AIRFLOW_CTX_TASK_ID='fetch_book_data' AIRFLOW_CTX_EXECUTION_DATE='2024-07-25T00:00:00+00:00' AIRFLOW_CTX_TRY_NUMBER='1' AIRFLOW_CTX_DAG_RUN_ID='scheduled__2024-07-25T00:00:00+00:00'
[2024-11-10T11:43:08.156+0000] {logging_mixin.py:190} INFO - Task instance is in running state
[2024-11-10T11:43:08.157+0000] {logging_mixin.py:190} INFO -  Previous state of the Task instance: queued
[2024-11-10T11:43:08.158+0000] {logging_mixin.py:190} INFO - Current task name:fetch_book_data state:running start_date:2024-11-10 11:43:07.827976+00:00
[2024-11-10T11:43:08.158+0000] {logging_mixin.py:190} INFO - Dag name:fetch_and_store_amazon_books and current dag run status:running
[2024-11-10T11:43:08.159+0000] {taskinstance.py:731} INFO - ::endgroup::
[2024-11-10T11:43:09.905+0000] {logging_mixin.py:190} INFO - Failed to retrieve the page
[2024-11-10T11:43:09.953+0000] {python.py:240} INFO - Done. Returned value was: None
[2024-11-10T11:43:09.975+0000] {taskinstance.py:340} INFO - ::group::Post task execution logs
[2024-11-10T11:43:09.976+0000] {taskinstance.py:352} INFO - Marking task as SUCCESS. dag_id=fetch_and_store_amazon_books, task_id=fetch_book_data, run_id=scheduled__2024-07-25T00:00:00+00:00, execution_date=20240725T000000, start_date=20241110T114307, end_date=20241110T114309
[2024-11-10T11:43:09.997+0000] {logging_mixin.py:190} INFO - Task instance in success state
[2024-11-10T11:43:09.998+0000] {logging_mixin.py:190} INFO -  Previous state of the Task instance: running
[2024-11-10T11:43:09.998+0000] {logging_mixin.py:190} INFO - Dag name:fetch_and_store_amazon_books queued_at:2024-11-10 11:43:04.371309+00:00
[2024-11-10T11:43:09.998+0000] {logging_mixin.py:190} INFO - Task hostname:0afc8c4a15bb operator:PythonOperator
[2024-11-10T11:43:10.046+0000] {local_task_job_runner.py:266} INFO - Task exited with return code 0
[2024-11-10T11:43:10.105+0000] {taskinstance.py:3895} INFO - 1 downstream tasks scheduled from follow-on schedule check
[2024-11-10T11:43:10.108+0000] {local_task_job_runner.py:245} INFO - ::endgroup::
[2024-11-10T14:07:36.021+0000] {local_task_job_runner.py:123} INFO - ::group::Pre task execution logs
[2024-11-10T14:07:36.050+0000] {taskinstance.py:2613} INFO - Dependencies all met for dep_context=non-requeueable deps ti=<TaskInstance: fetch_and_store_amazon_books.fetch_book_data scheduled__2024-07-25T00:00:00+00:00 [queued]>
[2024-11-10T14:07:36.068+0000] {taskinstance.py:2613} INFO - Dependencies all met for dep_context=requeueable deps ti=<TaskInstance: fetch_and_store_amazon_books.fetch_book_data scheduled__2024-07-25T00:00:00+00:00 [queued]>
[2024-11-10T14:07:36.069+0000] {taskinstance.py:2866} INFO - Starting attempt 1 of 2
[2024-11-10T14:07:36.093+0000] {taskinstance.py:2889} INFO - Executing <Task(PythonOperator): fetch_book_data> on 2024-07-25 00:00:00+00:00
[2024-11-10T14:07:36.114+0000] {warnings.py:112} WARNING - /home/***/.local/lib/python3.12/site-packages/***/task/task_runner/standard_task_runner.py:70: DeprecationWarning: This process (pid=4266) is multi-threaded, use of fork() may lead to deadlocks in the child.
  pid = os.fork()

[2024-11-10T14:07:36.118+0000] {standard_task_runner.py:72} INFO - Started process 4286 to run task
[2024-11-10T14:07:36.119+0000] {standard_task_runner.py:104} INFO - Running: ['***', 'tasks', 'run', 'fetch_and_store_amazon_books', 'fetch_book_data', 'scheduled__2024-07-25T00:00:00+00:00', '--job-id', '331', '--raw', '--subdir', 'DAGS_FOLDER/app.py', '--cfg-path', '/tmp/tmp2rr3yiam']
[2024-11-10T14:07:36.120+0000] {standard_task_runner.py:105} INFO - Job 331: Subtask fetch_book_data
[2024-11-10T14:07:36.211+0000] {task_command.py:467} INFO - Running <TaskInstance: fetch_and_store_amazon_books.fetch_book_data scheduled__2024-07-25T00:00:00+00:00 [running]> on host 0afc8c4a15bb
[2024-11-10T14:07:36.364+0000] {taskinstance.py:3132} INFO - Exporting env vars: AIRFLOW_CTX_DAG_OWNER='***' AIRFLOW_CTX_DAG_ID='fetch_and_store_amazon_books' AIRFLOW_CTX_TASK_ID='fetch_book_data' AIRFLOW_CTX_EXECUTION_DATE='2024-07-25T00:00:00+00:00' AIRFLOW_CTX_TRY_NUMBER='1' AIRFLOW_CTX_DAG_RUN_ID='scheduled__2024-07-25T00:00:00+00:00'
[2024-11-10T14:07:36.367+0000] {logging_mixin.py:190} INFO - Task instance is in running state
[2024-11-10T14:07:36.368+0000] {logging_mixin.py:190} INFO -  Previous state of the Task instance: queued
[2024-11-10T14:07:36.368+0000] {logging_mixin.py:190} INFO - Current task name:fetch_book_data state:running start_date:2024-11-10 14:07:36.051166+00:00
[2024-11-10T14:07:36.368+0000] {logging_mixin.py:190} INFO - Dag name:fetch_and_store_amazon_books and current dag run status:running
[2024-11-10T14:07:36.368+0000] {taskinstance.py:731} INFO - ::endgroup::
[2024-11-10T14:07:38.561+0000] {python.py:240} INFO - Done. Returned value was: None
[2024-11-10T14:07:38.576+0000] {taskinstance.py:340} INFO - ::group::Post task execution logs
[2024-11-10T14:07:38.576+0000] {taskinstance.py:352} INFO - Marking task as SUCCESS. dag_id=fetch_and_store_amazon_books, task_id=fetch_book_data, run_id=scheduled__2024-07-25T00:00:00+00:00, execution_date=20240725T000000, start_date=20241110T140736, end_date=20241110T140738
[2024-11-10T14:07:38.594+0000] {logging_mixin.py:190} INFO - Task instance in success state
[2024-11-10T14:07:38.594+0000] {logging_mixin.py:190} INFO -  Previous state of the Task instance: running
[2024-11-10T14:07:38.595+0000] {logging_mixin.py:190} INFO - Dag name:fetch_and_store_amazon_books queued_at:2024-11-10 14:07:31.015616+00:00
[2024-11-10T14:07:38.595+0000] {logging_mixin.py:190} INFO - Task hostname:0afc8c4a15bb operator:PythonOperator
[2024-11-10T14:07:38.623+0000] {local_task_job_runner.py:266} INFO - Task exited with return code 0
[2024-11-10T14:07:38.657+0000] {taskinstance.py:3895} INFO - 1 downstream tasks scheduled from follow-on schedule check
[2024-11-10T14:07:38.660+0000] {local_task_job_runner.py:245} INFO - ::endgroup::
