[2024-11-10T11:43:16.423+0000] {local_task_job_runner.py:123} INFO - ::group::Pre task execution logs
[2024-11-10T11:43:16.454+0000] {taskinstance.py:2613} INFO - Dependencies all met for dep_context=non-requeueable deps ti=<TaskInstance: fetch_and_store_amazon_books.create_table scheduled__2024-07-26T00:00:00+00:00 [queued]>
[2024-11-10T11:43:16.470+0000] {taskinstance.py:2613} INFO - Dependencies all met for dep_context=requeueable deps ti=<TaskInstance: fetch_and_store_amazon_books.create_table scheduled__2024-07-26T00:00:00+00:00 [queued]>
[2024-11-10T11:43:16.470+0000] {taskinstance.py:2866} INFO - Starting attempt 1 of 2
[2024-11-10T11:43:16.490+0000] {taskinstance.py:2889} INFO - Executing <Task(PostgresOperator): create_table> on 2024-07-26 00:00:00+00:00
[2024-11-10T11:43:16.512+0000] {warnings.py:112} WARNING - /home/***/.local/lib/python3.12/site-packages/***/task/task_runner/standard_task_runner.py:70: DeprecationWarning: This process (pid=1751) is multi-threaded, use of fork() may lead to deadlocks in the child.
  pid = os.fork()

[2024-11-10T11:43:16.516+0000] {standard_task_runner.py:72} INFO - Started process 1785 to run task
[2024-11-10T11:43:16.517+0000] {standard_task_runner.py:104} INFO - Running: ['***', 'tasks', 'run', 'fetch_and_store_amazon_books', 'create_table', 'scheduled__2024-07-26T00:00:00+00:00', '--job-id', '156', '--raw', '--subdir', 'DAGS_FOLDER/app.py', '--cfg-path', '/tmp/tmpqtkuzv3l']
[2024-11-10T11:43:16.518+0000] {standard_task_runner.py:105} INFO - Job 156: Subtask create_table
[2024-11-10T11:43:16.594+0000] {task_command.py:467} INFO - Running <TaskInstance: fetch_and_store_amazon_books.create_table scheduled__2024-07-26T00:00:00+00:00 [running]> on host 0afc8c4a15bb
[2024-11-10T11:43:16.727+0000] {taskinstance.py:3132} INFO - Exporting env vars: AIRFLOW_CTX_DAG_OWNER='***' AIRFLOW_CTX_DAG_ID='fetch_and_store_amazon_books' AIRFLOW_CTX_TASK_ID='create_table' AIRFLOW_CTX_EXECUTION_DATE='2024-07-26T00:00:00+00:00' AIRFLOW_CTX_TRY_NUMBER='1' AIRFLOW_CTX_DAG_RUN_ID='scheduled__2024-07-26T00:00:00+00:00'
[2024-11-10T11:43:16.730+0000] {logging_mixin.py:190} INFO - Task instance is in running state
[2024-11-10T11:43:16.730+0000] {logging_mixin.py:190} INFO -  Previous state of the Task instance: queued
[2024-11-10T11:43:16.731+0000] {logging_mixin.py:190} INFO - Current task name:create_table state:running start_date:2024-11-10 11:43:16.455154+00:00
[2024-11-10T11:43:16.732+0000] {logging_mixin.py:190} INFO - Dag name:fetch_and_store_amazon_books and current dag run status:running
[2024-11-10T11:43:16.733+0000] {taskinstance.py:731} INFO - ::endgroup::
[2024-11-10T11:43:16.733+0000] {sql.py:278} INFO - Executing: 
    CREATE TABLE IF NOT EXISTS books (
        id SERIAL PRIMARY KEY,
        title TEXT NOT NULL,
        authors TEXT,
        price TEXT,
        rating TEXT
    );
    
[2024-11-10T11:43:16.749+0000] {base.py:84} INFO - Retrieving connection 'books_connection'
[2024-11-10T11:43:16.765+0000] {base.py:84} INFO - Retrieving connection 'books_connection'
[2024-11-10T11:43:16.780+0000] {sql.py:544} INFO - Running statement: 
    CREATE TABLE IF NOT EXISTS books (
        id SERIAL PRIMARY KEY,
        title TEXT NOT NULL,
        authors TEXT,
        price TEXT,
        rating TEXT
    );
    , parameters: None
[2024-11-10T11:43:16.799+0000] {taskinstance.py:340} INFO - ::group::Post task execution logs
[2024-11-10T11:43:16.800+0000] {taskinstance.py:352} INFO - Marking task as SUCCESS. dag_id=fetch_and_store_amazon_books, task_id=create_table, run_id=scheduled__2024-07-26T00:00:00+00:00, execution_date=20240726T000000, start_date=20241110T114316, end_date=20241110T114316
[2024-11-10T11:43:16.815+0000] {logging_mixin.py:190} INFO - Task instance in success state
[2024-11-10T11:43:16.816+0000] {logging_mixin.py:190} INFO -  Previous state of the Task instance: running
[2024-11-10T11:43:16.816+0000] {logging_mixin.py:190} INFO - Dag name:fetch_and_store_amazon_books queued_at:2024-11-10 11:43:04.525667+00:00
[2024-11-10T11:43:16.816+0000] {logging_mixin.py:190} INFO - Task hostname:0afc8c4a15bb operator:PostgresOperator
[2024-11-10T11:43:16.853+0000] {local_task_job_runner.py:266} INFO - Task exited with return code 0
[2024-11-10T11:43:16.887+0000] {taskinstance.py:3895} INFO - 1 downstream tasks scheduled from follow-on schedule check
[2024-11-10T11:43:16.889+0000] {local_task_job_runner.py:245} INFO - ::endgroup::
[2024-11-10T14:07:47.448+0000] {local_task_job_runner.py:123} INFO - ::group::Pre task execution logs
[2024-11-10T14:07:47.548+0000] {taskinstance.py:2613} INFO - Dependencies all met for dep_context=non-requeueable deps ti=<TaskInstance: fetch_and_store_amazon_books.create_table scheduled__2024-07-26T00:00:00+00:00 [queued]>
[2024-11-10T14:07:47.644+0000] {taskinstance.py:2613} INFO - Dependencies all met for dep_context=requeueable deps ti=<TaskInstance: fetch_and_store_amazon_books.create_table scheduled__2024-07-26T00:00:00+00:00 [queued]>
[2024-11-10T14:07:47.644+0000] {taskinstance.py:2866} INFO - Starting attempt 1 of 2
[2024-11-10T14:07:47.733+0000] {taskinstance.py:2889} INFO - Executing <Task(PostgresOperator): create_table> on 2024-07-26 00:00:00+00:00
[2024-11-10T14:07:47.770+0000] {warnings.py:112} WARNING - /home/***/.local/lib/python3.12/site-packages/***/task/task_runner/standard_task_runner.py:70: DeprecationWarning: This process (pid=4315) is multi-threaded, use of fork() may lead to deadlocks in the child.
  pid = os.fork()

[2024-11-10T14:07:47.774+0000] {standard_task_runner.py:72} INFO - Started process 4358 to run task
[2024-11-10T14:07:47.778+0000] {standard_task_runner.py:104} INFO - Running: ['***', 'tasks', 'run', 'fetch_and_store_amazon_books', 'create_table', 'scheduled__2024-07-26T00:00:00+00:00', '--job-id', '347', '--raw', '--subdir', 'DAGS_FOLDER/app.py', '--cfg-path', '/tmp/tmpz7tkx2ib']
[2024-11-10T14:07:47.780+0000] {standard_task_runner.py:105} INFO - Job 347: Subtask create_table
[2024-11-10T14:07:47.927+0000] {task_command.py:467} INFO - Running <TaskInstance: fetch_and_store_amazon_books.create_table scheduled__2024-07-26T00:00:00+00:00 [running]> on host 0afc8c4a15bb
[2024-11-10T14:07:48.293+0000] {taskinstance.py:3132} INFO - Exporting env vars: AIRFLOW_CTX_DAG_OWNER='***' AIRFLOW_CTX_DAG_ID='fetch_and_store_amazon_books' AIRFLOW_CTX_TASK_ID='create_table' AIRFLOW_CTX_EXECUTION_DATE='2024-07-26T00:00:00+00:00' AIRFLOW_CTX_TRY_NUMBER='1' AIRFLOW_CTX_DAG_RUN_ID='scheduled__2024-07-26T00:00:00+00:00'
[2024-11-10T14:07:48.304+0000] {logging_mixin.py:190} INFO - Task instance is in running state
[2024-11-10T14:07:48.310+0000] {logging_mixin.py:190} INFO -  Previous state of the Task instance: queued
[2024-11-10T14:07:48.312+0000] {logging_mixin.py:190} INFO - Current task name:create_table state:running start_date:2024-11-10 14:07:47.548982+00:00
[2024-11-10T14:07:48.315+0000] {logging_mixin.py:190} INFO - Dag name:fetch_and_store_amazon_books and current dag run status:running
[2024-11-10T14:07:48.316+0000] {taskinstance.py:731} INFO - ::endgroup::
[2024-11-10T14:07:48.319+0000] {sql.py:278} INFO - Executing: 
    CREATE TABLE IF NOT EXISTS books (
        id SERIAL PRIMARY KEY,
        title TEXT NOT NULL,
        authors TEXT,
        price TEXT,
        rating TEXT
    );
    
[2024-11-10T14:07:48.349+0000] {base.py:84} INFO - Retrieving connection 'books_connection'
[2024-11-10T14:07:48.390+0000] {base.py:84} INFO - Retrieving connection 'books_connection'
[2024-11-10T14:07:48.415+0000] {sql.py:544} INFO - Running statement: 
    CREATE TABLE IF NOT EXISTS books (
        id SERIAL PRIMARY KEY,
        title TEXT NOT NULL,
        authors TEXT,
        price TEXT,
        rating TEXT
    );
    , parameters: None
[2024-11-10T14:07:48.455+0000] {taskinstance.py:340} INFO - ::group::Post task execution logs
[2024-11-10T14:07:48.456+0000] {taskinstance.py:352} INFO - Marking task as SUCCESS. dag_id=fetch_and_store_amazon_books, task_id=create_table, run_id=scheduled__2024-07-26T00:00:00+00:00, execution_date=20240726T000000, start_date=20241110T140747, end_date=20241110T140748
[2024-11-10T14:07:48.483+0000] {logging_mixin.py:190} INFO - Task instance in success state
[2024-11-10T14:07:48.498+0000] {logging_mixin.py:190} INFO -  Previous state of the Task instance: running
[2024-11-10T14:07:48.499+0000] {logging_mixin.py:190} INFO - Dag name:fetch_and_store_amazon_books queued_at:2024-11-10 14:07:31.350376+00:00
[2024-11-10T14:07:48.499+0000] {logging_mixin.py:190} INFO - Task hostname:0afc8c4a15bb operator:PostgresOperator
[2024-11-10T14:07:48.586+0000] {local_task_job_runner.py:266} INFO - Task exited with return code 0
[2024-11-10T14:07:48.646+0000] {taskinstance.py:3895} INFO - 1 downstream tasks scheduled from follow-on schedule check
[2024-11-10T14:07:48.655+0000] {local_task_job_runner.py:245} INFO - ::endgroup::
