[2024-11-10T11:41:16.544+0000] {local_task_job_runner.py:123} INFO - ::group::Pre task execution logs
[2024-11-10T11:41:16.569+0000] {taskinstance.py:2613} INFO - Dependencies all met for dep_context=non-requeueable deps ti=<TaskInstance: fetch_and_store_amazon_books.fetch_book_data scheduled__2024-07-18T00:00:00+00:00 [queued]>
[2024-11-10T11:41:16.578+0000] {taskinstance.py:2613} INFO - Dependencies all met for dep_context=requeueable deps ti=<TaskInstance: fetch_and_store_amazon_books.fetch_book_data scheduled__2024-07-18T00:00:00+00:00 [queued]>
[2024-11-10T11:41:16.579+0000] {taskinstance.py:2866} INFO - Starting attempt 1 of 2
[2024-11-10T11:41:16.595+0000] {taskinstance.py:2889} INFO - Executing <Task(PythonOperator): fetch_book_data> on 2024-07-18 00:00:00+00:00
[2024-11-10T11:41:16.610+0000] {warnings.py:112} WARNING - /home/***/.local/lib/python3.12/site-packages/***/task/task_runner/standard_task_runner.py:70: DeprecationWarning: This process (pid=1572) is multi-threaded, use of fork() may lead to deadlocks in the child.
  pid = os.fork()

[2024-11-10T11:41:16.612+0000] {standard_task_runner.py:72} INFO - Started process 1574 to run task
[2024-11-10T11:41:16.615+0000] {standard_task_runner.py:104} INFO - Running: ['***', 'tasks', 'run', 'fetch_and_store_amazon_books', 'fetch_book_data', 'scheduled__2024-07-18T00:00:00+00:00', '--job-id', '113', '--raw', '--subdir', 'DAGS_FOLDER/app.py', '--cfg-path', '/tmp/tmpe1eyo4u1']
[2024-11-10T11:41:16.616+0000] {standard_task_runner.py:105} INFO - Job 113: Subtask fetch_book_data
[2024-11-10T11:41:16.686+0000] {task_command.py:467} INFO - Running <TaskInstance: fetch_and_store_amazon_books.fetch_book_data scheduled__2024-07-18T00:00:00+00:00 [running]> on host 0afc8c4a15bb
[2024-11-10T11:41:16.787+0000] {taskinstance.py:3132} INFO - Exporting env vars: AIRFLOW_CTX_DAG_OWNER='***' AIRFLOW_CTX_DAG_ID='fetch_and_store_amazon_books' AIRFLOW_CTX_TASK_ID='fetch_book_data' AIRFLOW_CTX_EXECUTION_DATE='2024-07-18T00:00:00+00:00' AIRFLOW_CTX_TRY_NUMBER='1' AIRFLOW_CTX_DAG_RUN_ID='scheduled__2024-07-18T00:00:00+00:00'
[2024-11-10T11:41:16.789+0000] {logging_mixin.py:190} INFO - Task instance is in running state
[2024-11-10T11:41:16.789+0000] {logging_mixin.py:190} INFO -  Previous state of the Task instance: queued
[2024-11-10T11:41:16.789+0000] {logging_mixin.py:190} INFO - Current task name:fetch_book_data state:running start_date:2024-11-10 11:41:16.570214+00:00
[2024-11-10T11:41:16.789+0000] {logging_mixin.py:190} INFO - Dag name:fetch_and_store_amazon_books and current dag run status:running
[2024-11-10T11:41:16.790+0000] {taskinstance.py:731} INFO - ::endgroup::
[2024-11-10T11:41:18.334+0000] {logging_mixin.py:190} INFO - Failed to retrieve the page
[2024-11-10T11:41:18.360+0000] {python.py:240} INFO - Done. Returned value was: None
[2024-11-10T11:41:18.372+0000] {taskinstance.py:340} INFO - ::group::Post task execution logs
[2024-11-10T11:41:18.373+0000] {taskinstance.py:352} INFO - Marking task as SUCCESS. dag_id=fetch_and_store_amazon_books, task_id=fetch_book_data, run_id=scheduled__2024-07-18T00:00:00+00:00, execution_date=20240718T000000, start_date=20241110T114116, end_date=20241110T114118
[2024-11-10T11:41:18.386+0000] {logging_mixin.py:190} INFO - Task instance in success state
[2024-11-10T11:41:18.386+0000] {logging_mixin.py:190} INFO -  Previous state of the Task instance: running
[2024-11-10T11:41:18.387+0000] {logging_mixin.py:190} INFO - Dag name:fetch_and_store_amazon_books queued_at:2024-11-10 11:41:14.300505+00:00
[2024-11-10T11:41:18.387+0000] {logging_mixin.py:190} INFO - Task hostname:0afc8c4a15bb operator:PythonOperator
[2024-11-10T11:41:18.433+0000] {local_task_job_runner.py:266} INFO - Task exited with return code 0
[2024-11-10T11:41:18.468+0000] {taskinstance.py:3895} INFO - 1 downstream tasks scheduled from follow-on schedule check
[2024-11-10T11:41:18.470+0000] {local_task_job_runner.py:245} INFO - ::endgroup::
[2024-11-10T14:07:34.639+0000] {local_task_job_runner.py:123} INFO - ::group::Pre task execution logs
[2024-11-10T14:07:34.683+0000] {taskinstance.py:2613} INFO - Dependencies all met for dep_context=non-requeueable deps ti=<TaskInstance: fetch_and_store_amazon_books.fetch_book_data scheduled__2024-07-18T00:00:00+00:00 [queued]>
[2024-11-10T14:07:34.712+0000] {taskinstance.py:2613} INFO - Dependencies all met for dep_context=requeueable deps ti=<TaskInstance: fetch_and_store_amazon_books.fetch_book_data scheduled__2024-07-18T00:00:00+00:00 [queued]>
[2024-11-10T14:07:34.712+0000] {taskinstance.py:2866} INFO - Starting attempt 1 of 2
[2024-11-10T14:07:34.751+0000] {taskinstance.py:2889} INFO - Executing <Task(PythonOperator): fetch_book_data> on 2024-07-18 00:00:00+00:00
[2024-11-10T14:07:34.807+0000] {warnings.py:112} WARNING - /home/***/.local/lib/python3.12/site-packages/***/task/task_runner/standard_task_runner.py:70: DeprecationWarning: This process (pid=4252) is multi-threaded, use of fork() may lead to deadlocks in the child.
  pid = os.fork()

[2024-11-10T14:07:34.811+0000] {standard_task_runner.py:72} INFO - Started process 4274 to run task
[2024-11-10T14:07:34.812+0000] {standard_task_runner.py:104} INFO - Running: ['***', 'tasks', 'run', 'fetch_and_store_amazon_books', 'fetch_book_data', 'scheduled__2024-07-18T00:00:00+00:00', '--job-id', '325', '--raw', '--subdir', 'DAGS_FOLDER/app.py', '--cfg-path', '/tmp/tmp820qb383']
[2024-11-10T14:07:34.816+0000] {standard_task_runner.py:105} INFO - Job 325: Subtask fetch_book_data
[2024-11-10T14:07:34.978+0000] {task_command.py:467} INFO - Running <TaskInstance: fetch_and_store_amazon_books.fetch_book_data scheduled__2024-07-18T00:00:00+00:00 [running]> on host 0afc8c4a15bb
[2024-11-10T14:07:35.227+0000] {taskinstance.py:3132} INFO - Exporting env vars: AIRFLOW_CTX_DAG_OWNER='***' AIRFLOW_CTX_DAG_ID='fetch_and_store_amazon_books' AIRFLOW_CTX_TASK_ID='fetch_book_data' AIRFLOW_CTX_EXECUTION_DATE='2024-07-18T00:00:00+00:00' AIRFLOW_CTX_TRY_NUMBER='1' AIRFLOW_CTX_DAG_RUN_ID='scheduled__2024-07-18T00:00:00+00:00'
[2024-11-10T14:07:35.237+0000] {logging_mixin.py:190} INFO - Task instance is in running state
[2024-11-10T14:07:35.237+0000] {logging_mixin.py:190} INFO -  Previous state of the Task instance: queued
[2024-11-10T14:07:35.238+0000] {logging_mixin.py:190} INFO - Current task name:fetch_book_data state:running start_date:2024-11-10 14:07:34.684758+00:00
[2024-11-10T14:07:35.238+0000] {logging_mixin.py:190} INFO - Dag name:fetch_and_store_amazon_books and current dag run status:running
[2024-11-10T14:07:35.238+0000] {taskinstance.py:731} INFO - ::endgroup::
[2024-11-10T14:07:37.650+0000] {python.py:240} INFO - Done. Returned value was: None
[2024-11-10T14:07:37.667+0000] {taskinstance.py:340} INFO - ::group::Post task execution logs
[2024-11-10T14:07:37.668+0000] {taskinstance.py:352} INFO - Marking task as SUCCESS. dag_id=fetch_and_store_amazon_books, task_id=fetch_book_data, run_id=scheduled__2024-07-18T00:00:00+00:00, execution_date=20240718T000000, start_date=20241110T140734, end_date=20241110T140737
[2024-11-10T14:07:37.758+0000] {logging_mixin.py:190} INFO - Task instance in success state
[2024-11-10T14:07:37.758+0000] {logging_mixin.py:190} INFO -  Previous state of the Task instance: running
[2024-11-10T14:07:37.759+0000] {logging_mixin.py:190} INFO - Dag name:fetch_and_store_amazon_books queued_at:2024-11-10 14:07:29.699689+00:00
[2024-11-10T14:07:37.759+0000] {logging_mixin.py:190} INFO - Task hostname:0afc8c4a15bb operator:PythonOperator
[2024-11-10T14:07:37.794+0000] {local_task_job_runner.py:266} INFO - Task exited with return code 0
[2024-11-10T14:07:37.830+0000] {taskinstance.py:3895} INFO - 1 downstream tasks scheduled from follow-on schedule check
[2024-11-10T14:07:37.836+0000] {local_task_job_runner.py:245} INFO - ::endgroup::
