[2024-11-10T11:35:49.833+0000] {local_task_job_runner.py:123} INFO - ::group::Pre task execution logs
[2024-11-10T11:35:49.860+0000] {taskinstance.py:2613} INFO - Dependencies all met for dep_context=non-requeueable deps ti=<TaskInstance: fetch_and_store_amazon_books.fetch_book_data manual__2024-11-10T11:30:14.551468+00:00 [queued]>
[2024-11-10T11:35:49.869+0000] {taskinstance.py:2613} INFO - Dependencies all met for dep_context=requeueable deps ti=<TaskInstance: fetch_and_store_amazon_books.fetch_book_data manual__2024-11-10T11:30:14.551468+00:00 [queued]>
[2024-11-10T11:35:49.870+0000] {taskinstance.py:2866} INFO - Starting attempt 2 of 3
[2024-11-10T11:35:49.883+0000] {taskinstance.py:2889} INFO - Executing <Task(PythonOperator): fetch_book_data> on 2024-11-10 11:30:14.551468+00:00
[2024-11-10T11:35:49.896+0000] {warnings.py:112} WARNING - /home/***/.local/lib/python3.12/site-packages/***/task/task_runner/standard_task_runner.py:70: DeprecationWarning: This process (pid=1255) is multi-threaded, use of fork() may lead to deadlocks in the child.
  pid = os.fork()

[2024-11-10T11:35:49.899+0000] {standard_task_runner.py:72} INFO - Started process 1257 to run task
[2024-11-10T11:35:49.900+0000] {standard_task_runner.py:104} INFO - Running: ['***', 'tasks', 'run', 'fetch_and_store_amazon_books', 'fetch_book_data', 'manual__2024-11-10T11:30:14.551468+00:00', '--job-id', '51', '--raw', '--subdir', 'DAGS_FOLDER/app.py', '--cfg-path', '/tmp/tmpl6286ooo']
[2024-11-10T11:35:49.902+0000] {standard_task_runner.py:105} INFO - Job 51: Subtask fetch_book_data
[2024-11-10T11:35:49.967+0000] {task_command.py:467} INFO - Running <TaskInstance: fetch_and_store_amazon_books.fetch_book_data manual__2024-11-10T11:30:14.551468+00:00 [running]> on host 0afc8c4a15bb
[2024-11-10T11:35:50.073+0000] {taskinstance.py:3132} INFO - Exporting env vars: AIRFLOW_CTX_DAG_OWNER='***' AIRFLOW_CTX_DAG_ID='fetch_and_store_amazon_books' AIRFLOW_CTX_TASK_ID='fetch_book_data' AIRFLOW_CTX_EXECUTION_DATE='2024-11-10T11:30:14.551468+00:00' AIRFLOW_CTX_TRY_NUMBER='2' AIRFLOW_CTX_DAG_RUN_ID='manual__2024-11-10T11:30:14.551468+00:00'
[2024-11-10T11:35:50.074+0000] {logging_mixin.py:190} INFO - Task instance is in running state
[2024-11-10T11:35:50.075+0000] {logging_mixin.py:190} INFO -  Previous state of the Task instance: queued
[2024-11-10T11:35:50.075+0000] {logging_mixin.py:190} INFO - Current task name:fetch_book_data state:running start_date:2024-11-10 11:35:49.860718+00:00
[2024-11-10T11:35:50.075+0000] {logging_mixin.py:190} INFO - Dag name:fetch_and_store_amazon_books and current dag run status:running
[2024-11-10T11:35:50.075+0000] {taskinstance.py:731} INFO - ::endgroup::
[2024-11-10T11:35:50.981+0000] {logging_mixin.py:190} INFO - Failed to retrieve the page
[2024-11-10T11:35:51.003+0000] {python.py:240} INFO - Done. Returned value was: None
[2024-11-10T11:35:51.021+0000] {taskinstance.py:340} INFO - ::group::Post task execution logs
[2024-11-10T11:35:51.022+0000] {taskinstance.py:352} INFO - Marking task as SUCCESS. dag_id=fetch_and_store_amazon_books, task_id=fetch_book_data, run_id=manual__2024-11-10T11:30:14.551468+00:00, execution_date=20241110T113014, start_date=20241110T113549, end_date=20241110T113551
[2024-11-10T11:35:51.037+0000] {logging_mixin.py:190} INFO - Task instance in success state
[2024-11-10T11:35:51.038+0000] {logging_mixin.py:190} INFO -  Previous state of the Task instance: running
[2024-11-10T11:35:51.038+0000] {logging_mixin.py:190} INFO - Dag name:fetch_and_store_amazon_books queued_at:2024-11-10 11:30:14.612732+00:00
[2024-11-10T11:35:51.039+0000] {logging_mixin.py:190} INFO - Task hostname:0afc8c4a15bb operator:PythonOperator
[2024-11-10T11:35:51.078+0000] {local_task_job_runner.py:266} INFO - Task exited with return code 0
[2024-11-10T11:35:51.095+0000] {local_task_job_runner.py:245} INFO - ::endgroup::
