[2024-11-10T11:30:47.822+0000] {local_task_job_runner.py:123} INFO - ::group::Pre task execution logs
[2024-11-10T11:30:47.876+0000] {taskinstance.py:2613} INFO - Dependencies all met for dep_context=non-requeueable deps ti=<TaskInstance: fetch_and_store_amazon_books.fetch_book_data manual__2024-11-10T11:30:14.551468+00:00 [queued]>
[2024-11-10T11:30:47.916+0000] {taskinstance.py:2613} INFO - Dependencies all met for dep_context=requeueable deps ti=<TaskInstance: fetch_and_store_amazon_books.fetch_book_data manual__2024-11-10T11:30:14.551468+00:00 [queued]>
[2024-11-10T11:30:47.927+0000] {taskinstance.py:2866} INFO - Starting attempt 1 of 2
[2024-11-10T11:30:48.004+0000] {taskinstance.py:2889} INFO - Executing <Task(PythonOperator): fetch_book_data> on 2024-11-10 11:30:14.551468+00:00
[2024-11-10T11:30:48.089+0000] {warnings.py:112} WARNING - /home/***/.local/lib/python3.12/site-packages/***/task/task_runner/standard_task_runner.py:70: DeprecationWarning: This process (pid=1011) is multi-threaded, use of fork() may lead to deadlocks in the child.
  pid = os.fork()

[2024-11-10T11:30:48.094+0000] {standard_task_runner.py:72} INFO - Started process 1048 to run task
[2024-11-10T11:30:48.107+0000] {standard_task_runner.py:104} INFO - Running: ['***', 'tasks', 'run', 'fetch_and_store_amazon_books', 'fetch_book_data', 'manual__2024-11-10T11:30:14.551468+00:00', '--job-id', '5', '--raw', '--subdir', 'DAGS_FOLDER/app.py', '--cfg-path', '/tmp/tmpjbojnj4q']
[2024-11-10T11:30:48.108+0000] {standard_task_runner.py:105} INFO - Job 5: Subtask fetch_book_data
[2024-11-10T11:30:48.374+0000] {task_command.py:467} INFO - Running <TaskInstance: fetch_and_store_amazon_books.fetch_book_data manual__2024-11-10T11:30:14.551468+00:00 [running]> on host 0afc8c4a15bb
[2024-11-10T11:30:48.909+0000] {taskinstance.py:3132} INFO - Exporting env vars: AIRFLOW_CTX_DAG_OWNER='***' AIRFLOW_CTX_DAG_ID='fetch_and_store_amazon_books' AIRFLOW_CTX_TASK_ID='fetch_book_data' AIRFLOW_CTX_EXECUTION_DATE='2024-11-10T11:30:14.551468+00:00' AIRFLOW_CTX_TRY_NUMBER='1' AIRFLOW_CTX_DAG_RUN_ID='manual__2024-11-10T11:30:14.551468+00:00'
[2024-11-10T11:30:48.938+0000] {logging_mixin.py:190} INFO - Task instance is in running state
[2024-11-10T11:30:48.939+0000] {logging_mixin.py:190} INFO -  Previous state of the Task instance: queued
[2024-11-10T11:30:48.941+0000] {logging_mixin.py:190} INFO - Current task name:fetch_book_data state:running start_date:2024-11-10 11:30:47.877445+00:00
[2024-11-10T11:30:48.944+0000] {logging_mixin.py:190} INFO - Dag name:fetch_and_store_amazon_books and current dag run status:running
[2024-11-10T11:30:48.947+0000] {taskinstance.py:731} INFO - ::endgroup::
[2024-11-10T11:30:49.892+0000] {logging_mixin.py:190} INFO - Failed to retrieve the page
[2024-11-10T11:30:50.108+0000] {python.py:240} INFO - Done. Returned value was: None
[2024-11-10T11:30:50.135+0000] {taskinstance.py:340} INFO - ::group::Post task execution logs
[2024-11-10T11:30:50.136+0000] {taskinstance.py:352} INFO - Marking task as SUCCESS. dag_id=fetch_and_store_amazon_books, task_id=fetch_book_data, run_id=manual__2024-11-10T11:30:14.551468+00:00, execution_date=20241110T113014, start_date=20241110T113047, end_date=20241110T113050
[2024-11-10T11:30:50.178+0000] {logging_mixin.py:190} INFO - Task instance in success state
[2024-11-10T11:30:50.179+0000] {logging_mixin.py:190} INFO -  Previous state of the Task instance: running
[2024-11-10T11:30:50.179+0000] {logging_mixin.py:190} INFO - Dag name:fetch_and_store_amazon_books queued_at:2024-11-10 11:30:14.612732+00:00
[2024-11-10T11:30:50.180+0000] {logging_mixin.py:190} INFO - Task hostname:0afc8c4a15bb operator:PythonOperator
[2024-11-10T11:30:50.248+0000] {local_task_job_runner.py:266} INFO - Task exited with return code 0
[2024-11-10T11:30:50.330+0000] {taskinstance.py:3895} INFO - 1 downstream tasks scheduled from follow-on schedule check
[2024-11-10T11:30:50.338+0000] {local_task_job_runner.py:245} INFO - ::endgroup::
