[2024-11-10T11:43:23.457+0000] {local_task_job_runner.py:123} INFO - ::group::Pre task execution logs
[2024-11-10T11:43:23.535+0000] {taskinstance.py:2613} INFO - Dependencies all met for dep_context=non-requeueable deps ti=<TaskInstance: fetch_and_store_amazon_books.create_table scheduled__2024-07-28T00:00:00+00:00 [queued]>
[2024-11-10T11:43:23.558+0000] {taskinstance.py:2613} INFO - Dependencies all met for dep_context=requeueable deps ti=<TaskInstance: fetch_and_store_amazon_books.create_table scheduled__2024-07-28T00:00:00+00:00 [queued]>
[2024-11-10T11:43:23.559+0000] {taskinstance.py:2866} INFO - Starting attempt 1 of 2
[2024-11-10T11:43:23.625+0000] {taskinstance.py:2889} INFO - Executing <Task(PostgresOperator): create_table> on 2024-07-28 00:00:00+00:00
[2024-11-10T11:43:23.773+0000] {warnings.py:112} WARNING - /home/***/.local/lib/python3.12/site-packages/***/task/task_runner/standard_task_runner.py:70: DeprecationWarning: This process (pid=1773) is multi-threaded, use of fork() may lead to deadlocks in the child.
  pid = os.fork()

[2024-11-10T11:43:23.776+0000] {standard_task_runner.py:72} INFO - Started process 1813 to run task
[2024-11-10T11:43:23.770+0000] {standard_task_runner.py:104} INFO - Running: ['***', 'tasks', 'run', 'fetch_and_store_amazon_books', 'create_table', 'scheduled__2024-07-28T00:00:00+00:00', '--job-id', '163', '--raw', '--subdir', 'DAGS_FOLDER/app.py', '--cfg-path', '/tmp/tmp3ucfi5yh']
[2024-11-10T11:43:23.780+0000] {standard_task_runner.py:105} INFO - Job 163: Subtask create_table
[2024-11-10T11:43:24.088+0000] {task_command.py:467} INFO - Running <TaskInstance: fetch_and_store_amazon_books.create_table scheduled__2024-07-28T00:00:00+00:00 [running]> on host 0afc8c4a15bb
[2024-11-10T11:43:24.539+0000] {taskinstance.py:3132} INFO - Exporting env vars: AIRFLOW_CTX_DAG_OWNER='***' AIRFLOW_CTX_DAG_ID='fetch_and_store_amazon_books' AIRFLOW_CTX_TASK_ID='create_table' AIRFLOW_CTX_EXECUTION_DATE='2024-07-28T00:00:00+00:00' AIRFLOW_CTX_TRY_NUMBER='1' AIRFLOW_CTX_DAG_RUN_ID='scheduled__2024-07-28T00:00:00+00:00'
[2024-11-10T11:43:24.553+0000] {logging_mixin.py:190} INFO - Task instance is in running state
[2024-11-10T11:43:24.556+0000] {logging_mixin.py:190} INFO -  Previous state of the Task instance: queued
[2024-11-10T11:43:24.558+0000] {logging_mixin.py:190} INFO - Current task name:create_table state:running start_date:2024-11-10 11:43:23.535934+00:00
[2024-11-10T11:43:24.558+0000] {logging_mixin.py:190} INFO - Dag name:fetch_and_store_amazon_books and current dag run status:running
[2024-11-10T11:43:24.570+0000] {taskinstance.py:731} INFO - ::endgroup::
[2024-11-10T11:43:24.581+0000] {sql.py:278} INFO - Executing: 
    CREATE TABLE IF NOT EXISTS books (
        id SERIAL PRIMARY KEY,
        title TEXT NOT NULL,
        authors TEXT,
        price TEXT,
        rating TEXT
    );
    
[2024-11-10T11:43:24.636+0000] {base.py:84} INFO - Retrieving connection 'books_connection'
[2024-11-10T11:43:24.687+0000] {base.py:84} INFO - Retrieving connection 'books_connection'
[2024-11-10T11:43:24.713+0000] {sql.py:544} INFO - Running statement: 
    CREATE TABLE IF NOT EXISTS books (
        id SERIAL PRIMARY KEY,
        title TEXT NOT NULL,
        authors TEXT,
        price TEXT,
        rating TEXT
    );
    , parameters: None
[2024-11-10T11:43:24.769+0000] {taskinstance.py:340} INFO - ::group::Post task execution logs
[2024-11-10T11:43:24.771+0000] {taskinstance.py:352} INFO - Marking task as SUCCESS. dag_id=fetch_and_store_amazon_books, task_id=create_table, run_id=scheduled__2024-07-28T00:00:00+00:00, execution_date=20240728T000000, start_date=20241110T114323, end_date=20241110T114324
[2024-11-10T11:43:24.936+0000] {logging_mixin.py:190} INFO - Task instance in success state
[2024-11-10T11:43:24.937+0000] {logging_mixin.py:190} INFO -  Previous state of the Task instance: running
[2024-11-10T11:43:24.942+0000] {logging_mixin.py:190} INFO - Dag name:fetch_and_store_amazon_books queued_at:2024-11-10 11:43:04.880044+00:00
[2024-11-10T11:43:24.943+0000] {logging_mixin.py:190} INFO - Task hostname:0afc8c4a15bb operator:PostgresOperator
[2024-11-10T11:43:25.000+0000] {local_task_job_runner.py:266} INFO - Task exited with return code 0
[2024-11-10T11:43:25.108+0000] {taskinstance.py:3895} INFO - 1 downstream tasks scheduled from follow-on schedule check
[2024-11-10T11:43:25.114+0000] {local_task_job_runner.py:245} INFO - ::endgroup::
[2024-11-10T14:07:45.827+0000] {local_task_job_runner.py:123} INFO - ::group::Pre task execution logs
[2024-11-10T14:07:45.897+0000] {taskinstance.py:2613} INFO - Dependencies all met for dep_context=non-requeueable deps ti=<TaskInstance: fetch_and_store_amazon_books.create_table scheduled__2024-07-28T00:00:00+00:00 [queued]>
[2024-11-10T14:07:45.921+0000] {taskinstance.py:2613} INFO - Dependencies all met for dep_context=requeueable deps ti=<TaskInstance: fetch_and_store_amazon_books.create_table scheduled__2024-07-28T00:00:00+00:00 [queued]>
[2024-11-10T14:07:45.922+0000] {taskinstance.py:2866} INFO - Starting attempt 1 of 2
[2024-11-10T14:07:45.956+0000] {taskinstance.py:2889} INFO - Executing <Task(PostgresOperator): create_table> on 2024-07-28 00:00:00+00:00
[2024-11-10T14:07:45.984+0000] {warnings.py:112} WARNING - /home/***/.local/lib/python3.12/site-packages/***/task/task_runner/standard_task_runner.py:70: DeprecationWarning: This process (pid=4318) is multi-threaded, use of fork() may lead to deadlocks in the child.
  pid = os.fork()

[2024-11-10T14:07:45.989+0000] {standard_task_runner.py:72} INFO - Started process 4336 to run task
[2024-11-10T14:07:45.989+0000] {standard_task_runner.py:104} INFO - Running: ['***', 'tasks', 'run', 'fetch_and_store_amazon_books', 'create_table', 'scheduled__2024-07-28T00:00:00+00:00', '--job-id', '343', '--raw', '--subdir', 'DAGS_FOLDER/app.py', '--cfg-path', '/tmp/tmp6fbhuoc0']
[2024-11-10T14:07:45.996+0000] {standard_task_runner.py:105} INFO - Job 343: Subtask create_table
[2024-11-10T14:07:46.126+0000] {task_command.py:467} INFO - Running <TaskInstance: fetch_and_store_amazon_books.create_table scheduled__2024-07-28T00:00:00+00:00 [running]> on host 0afc8c4a15bb
[2024-11-10T14:07:46.423+0000] {taskinstance.py:3132} INFO - Exporting env vars: AIRFLOW_CTX_DAG_OWNER='***' AIRFLOW_CTX_DAG_ID='fetch_and_store_amazon_books' AIRFLOW_CTX_TASK_ID='create_table' AIRFLOW_CTX_EXECUTION_DATE='2024-07-28T00:00:00+00:00' AIRFLOW_CTX_TRY_NUMBER='1' AIRFLOW_CTX_DAG_RUN_ID='scheduled__2024-07-28T00:00:00+00:00'
[2024-11-10T14:07:46.433+0000] {logging_mixin.py:190} INFO - Task instance is in running state
[2024-11-10T14:07:46.433+0000] {logging_mixin.py:190} INFO -  Previous state of the Task instance: queued
[2024-11-10T14:07:46.436+0000] {logging_mixin.py:190} INFO - Current task name:create_table state:running start_date:2024-11-10 14:07:45.898719+00:00
[2024-11-10T14:07:46.436+0000] {logging_mixin.py:190} INFO - Dag name:fetch_and_store_amazon_books and current dag run status:running
[2024-11-10T14:07:46.437+0000] {taskinstance.py:731} INFO - ::endgroup::
[2024-11-10T14:07:46.438+0000] {sql.py:278} INFO - Executing: 
    CREATE TABLE IF NOT EXISTS books (
        id SERIAL PRIMARY KEY,
        title TEXT NOT NULL,
        authors TEXT,
        price TEXT,
        rating TEXT
    );
    
[2024-11-10T14:07:46.475+0000] {base.py:84} INFO - Retrieving connection 'books_connection'
[2024-11-10T14:07:46.532+0000] {base.py:84} INFO - Retrieving connection 'books_connection'
[2024-11-10T14:07:46.557+0000] {sql.py:544} INFO - Running statement: 
    CREATE TABLE IF NOT EXISTS books (
        id SERIAL PRIMARY KEY,
        title TEXT NOT NULL,
        authors TEXT,
        price TEXT,
        rating TEXT
    );
    , parameters: None
[2024-11-10T14:07:46.612+0000] {taskinstance.py:340} INFO - ::group::Post task execution logs
[2024-11-10T14:07:46.617+0000] {taskinstance.py:352} INFO - Marking task as SUCCESS. dag_id=fetch_and_store_amazon_books, task_id=create_table, run_id=scheduled__2024-07-28T00:00:00+00:00, execution_date=20240728T000000, start_date=20241110T140745, end_date=20241110T140746
[2024-11-10T14:07:46.657+0000] {logging_mixin.py:190} INFO - Task instance in success state
[2024-11-10T14:07:46.660+0000] {logging_mixin.py:190} INFO -  Previous state of the Task instance: running
[2024-11-10T14:07:46.660+0000] {logging_mixin.py:190} INFO - Dag name:fetch_and_store_amazon_books queued_at:2024-11-10 14:07:32.090887+00:00
[2024-11-10T14:07:46.661+0000] {logging_mixin.py:190} INFO - Task hostname:0afc8c4a15bb operator:PostgresOperator
[2024-11-10T14:07:46.723+0000] {local_task_job_runner.py:266} INFO - Task exited with return code 0
[2024-11-10T14:07:46.774+0000] {local_task_job_runner.py:245} INFO - ::endgroup::
