[2024-11-10T11:46:54.002+0000] {local_task_job_runner.py:123} INFO - ::group::Pre task execution logs
[2024-11-10T11:46:54.029+0000] {taskinstance.py:2613} INFO - Dependencies all met for dep_context=non-requeueable deps ti=<TaskInstance: fetch_and_store_amazon_books.create_table scheduled__2024-08-03T00:00:00+00:00 [queued]>
[2024-11-10T11:46:54.040+0000] {taskinstance.py:2613} INFO - Dependencies all met for dep_context=requeueable deps ti=<TaskInstance: fetch_and_store_amazon_books.create_table scheduled__2024-08-03T00:00:00+00:00 [queued]>
[2024-11-10T11:46:54.041+0000] {taskinstance.py:2866} INFO - Starting attempt 1 of 2
[2024-11-10T11:46:54.055+0000] {taskinstance.py:2889} INFO - Executing <Task(PostgresOperator): create_table> on 2024-08-03 00:00:00+00:00
[2024-11-10T11:46:54.068+0000] {warnings.py:112} WARNING - /home/***/.local/lib/python3.12/site-packages/***/task/task_runner/standard_task_runner.py:70: DeprecationWarning: This process (pid=1903) is multi-threaded, use of fork() may lead to deadlocks in the child.
  pid = os.fork()

[2024-11-10T11:46:54.070+0000] {standard_task_runner.py:72} INFO - Started process 1907 to run task
[2024-11-10T11:46:54.071+0000] {standard_task_runner.py:104} INFO - Running: ['***', 'tasks', 'run', 'fetch_and_store_amazon_books', 'create_table', 'scheduled__2024-08-03T00:00:00+00:00', '--job-id', '179', '--raw', '--subdir', 'DAGS_FOLDER/app.py', '--cfg-path', '/tmp/tmpi0hnfn5v']
[2024-11-10T11:46:54.072+0000] {standard_task_runner.py:105} INFO - Job 179: Subtask create_table
[2024-11-10T11:46:54.141+0000] {task_command.py:467} INFO - Running <TaskInstance: fetch_and_store_amazon_books.create_table scheduled__2024-08-03T00:00:00+00:00 [running]> on host 0afc8c4a15bb
[2024-11-10T11:46:54.320+0000] {taskinstance.py:3132} INFO - Exporting env vars: AIRFLOW_CTX_DAG_OWNER='***' AIRFLOW_CTX_DAG_ID='fetch_and_store_amazon_books' AIRFLOW_CTX_TASK_ID='create_table' AIRFLOW_CTX_EXECUTION_DATE='2024-08-03T00:00:00+00:00' AIRFLOW_CTX_TRY_NUMBER='1' AIRFLOW_CTX_DAG_RUN_ID='scheduled__2024-08-03T00:00:00+00:00'
[2024-11-10T11:46:54.324+0000] {logging_mixin.py:190} INFO - Task instance is in running state
[2024-11-10T11:46:54.324+0000] {logging_mixin.py:190} INFO -  Previous state of the Task instance: queued
[2024-11-10T11:46:54.325+0000] {logging_mixin.py:190} INFO - Current task name:create_table state:running start_date:2024-11-10 11:46:54.029910+00:00
[2024-11-10T11:46:54.325+0000] {logging_mixin.py:190} INFO - Dag name:fetch_and_store_amazon_books and current dag run status:running
[2024-11-10T11:46:54.325+0000] {taskinstance.py:731} INFO - ::endgroup::
[2024-11-10T11:46:54.326+0000] {sql.py:278} INFO - Executing: 
    CREATE TABLE IF NOT EXISTS books (
        id SERIAL PRIMARY KEY,
        title TEXT NOT NULL,
        authors TEXT,
        price TEXT,
        rating TEXT
    );
    
[2024-11-10T11:46:54.348+0000] {base.py:84} INFO - Retrieving connection 'books_connection'
[2024-11-10T11:46:54.369+0000] {base.py:84} INFO - Retrieving connection 'books_connection'
[2024-11-10T11:46:54.380+0000] {sql.py:544} INFO - Running statement: 
    CREATE TABLE IF NOT EXISTS books (
        id SERIAL PRIMARY KEY,
        title TEXT NOT NULL,
        authors TEXT,
        price TEXT,
        rating TEXT
    );
    , parameters: None
[2024-11-10T11:46:54.401+0000] {taskinstance.py:340} INFO - ::group::Post task execution logs
[2024-11-10T11:46:54.402+0000] {taskinstance.py:352} INFO - Marking task as SUCCESS. dag_id=fetch_and_store_amazon_books, task_id=create_table, run_id=scheduled__2024-08-03T00:00:00+00:00, execution_date=20240803T000000, start_date=20241110T114654, end_date=20241110T114654
[2024-11-10T11:46:54.419+0000] {logging_mixin.py:190} INFO - Task instance in success state
[2024-11-10T11:46:54.419+0000] {logging_mixin.py:190} INFO -  Previous state of the Task instance: running
[2024-11-10T11:46:54.419+0000] {logging_mixin.py:190} INFO - Dag name:fetch_and_store_amazon_books queued_at:2024-11-10 11:46:46.877760+00:00
[2024-11-10T11:46:54.420+0000] {logging_mixin.py:190} INFO - Task hostname:0afc8c4a15bb operator:PostgresOperator
[2024-11-10T11:46:54.447+0000] {local_task_job_runner.py:266} INFO - Task exited with return code 0
[2024-11-10T11:46:54.479+0000] {taskinstance.py:3895} INFO - 1 downstream tasks scheduled from follow-on schedule check
[2024-11-10T11:46:54.481+0000] {local_task_job_runner.py:245} INFO - ::endgroup::
[2024-11-10T14:08:13.630+0000] {local_task_job_runner.py:123} INFO - ::group::Pre task execution logs
[2024-11-10T14:08:13.674+0000] {taskinstance.py:2613} INFO - Dependencies all met for dep_context=non-requeueable deps ti=<TaskInstance: fetch_and_store_amazon_books.create_table scheduled__2024-08-03T00:00:00+00:00 [queued]>
[2024-11-10T14:08:13.693+0000] {taskinstance.py:2613} INFO - Dependencies all met for dep_context=requeueable deps ti=<TaskInstance: fetch_and_store_amazon_books.create_table scheduled__2024-08-03T00:00:00+00:00 [queued]>
[2024-11-10T14:08:13.694+0000] {taskinstance.py:2866} INFO - Starting attempt 1 of 2
[2024-11-10T14:08:13.725+0000] {taskinstance.py:2889} INFO - Executing <Task(PostgresOperator): create_table> on 2024-08-03 00:00:00+00:00
[2024-11-10T14:08:13.751+0000] {warnings.py:112} WARNING - /home/***/.local/lib/python3.12/site-packages/***/task/task_runner/standard_task_runner.py:70: DeprecationWarning: This process (pid=4451) is multi-threaded, use of fork() may lead to deadlocks in the child.
  pid = os.fork()

[2024-11-10T14:08:13.756+0000] {standard_task_runner.py:72} INFO - Started process 4474 to run task
[2024-11-10T14:08:13.756+0000] {standard_task_runner.py:104} INFO - Running: ['***', 'tasks', 'run', 'fetch_and_store_amazon_books', 'create_table', 'scheduled__2024-08-03T00:00:00+00:00', '--job-id', '375', '--raw', '--subdir', 'DAGS_FOLDER/app.py', '--cfg-path', '/tmp/tmpioug83x6']
[2024-11-10T14:08:13.758+0000] {standard_task_runner.py:105} INFO - Job 375: Subtask create_table
[2024-11-10T14:08:13.866+0000] {task_command.py:467} INFO - Running <TaskInstance: fetch_and_store_amazon_books.create_table scheduled__2024-08-03T00:00:00+00:00 [running]> on host 0afc8c4a15bb
[2024-11-10T14:08:14.072+0000] {taskinstance.py:3132} INFO - Exporting env vars: AIRFLOW_CTX_DAG_OWNER='***' AIRFLOW_CTX_DAG_ID='fetch_and_store_amazon_books' AIRFLOW_CTX_TASK_ID='create_table' AIRFLOW_CTX_EXECUTION_DATE='2024-08-03T00:00:00+00:00' AIRFLOW_CTX_TRY_NUMBER='1' AIRFLOW_CTX_DAG_RUN_ID='scheduled__2024-08-03T00:00:00+00:00'
[2024-11-10T14:08:14.075+0000] {logging_mixin.py:190} INFO - Task instance is in running state
[2024-11-10T14:08:14.075+0000] {logging_mixin.py:190} INFO -  Previous state of the Task instance: queued
[2024-11-10T14:08:14.076+0000] {logging_mixin.py:190} INFO - Current task name:create_table state:running start_date:2024-11-10 14:08:13.674974+00:00
[2024-11-10T14:08:14.076+0000] {logging_mixin.py:190} INFO - Dag name:fetch_and_store_amazon_books and current dag run status:running
[2024-11-10T14:08:14.076+0000] {taskinstance.py:731} INFO - ::endgroup::
[2024-11-10T14:08:14.077+0000] {sql.py:278} INFO - Executing: 
    CREATE TABLE IF NOT EXISTS books (
        id SERIAL PRIMARY KEY,
        title TEXT NOT NULL,
        authors TEXT,
        price TEXT,
        rating TEXT
    );
    
[2024-11-10T14:08:14.102+0000] {base.py:84} INFO - Retrieving connection 'books_connection'
[2024-11-10T14:08:14.122+0000] {base.py:84} INFO - Retrieving connection 'books_connection'
[2024-11-10T14:08:14.133+0000] {sql.py:544} INFO - Running statement: 
    CREATE TABLE IF NOT EXISTS books (
        id SERIAL PRIMARY KEY,
        title TEXT NOT NULL,
        authors TEXT,
        price TEXT,
        rating TEXT
    );
    , parameters: None
[2024-11-10T14:08:14.158+0000] {taskinstance.py:340} INFO - ::group::Post task execution logs
[2024-11-10T14:08:14.159+0000] {taskinstance.py:352} INFO - Marking task as SUCCESS. dag_id=fetch_and_store_amazon_books, task_id=create_table, run_id=scheduled__2024-08-03T00:00:00+00:00, execution_date=20240803T000000, start_date=20241110T140813, end_date=20241110T140814
[2024-11-10T14:08:14.181+0000] {logging_mixin.py:190} INFO - Task instance in success state
[2024-11-10T14:08:14.182+0000] {logging_mixin.py:190} INFO -  Previous state of the Task instance: running
[2024-11-10T14:08:14.182+0000] {logging_mixin.py:190} INFO - Dag name:fetch_and_store_amazon_books queued_at:2024-11-10 14:08:02.339198+00:00
[2024-11-10T14:08:14.183+0000] {logging_mixin.py:190} INFO - Task hostname:0afc8c4a15bb operator:PostgresOperator
[2024-11-10T14:08:14.224+0000] {local_task_job_runner.py:266} INFO - Task exited with return code 0
[2024-11-10T14:08:14.246+0000] {local_task_job_runner.py:245} INFO - ::endgroup::
