[2024-11-10T11:37:20.431+0000] {local_task_job_runner.py:123} INFO - ::group::Pre task execution logs
[2024-11-10T11:37:20.461+0000] {taskinstance.py:2613} INFO - Dependencies all met for dep_context=non-requeueable deps ti=<TaskInstance: fetch_and_store_amazon_books.fetch_book_data scheduled__2024-07-17T00:00:00+00:00 [queued]>
[2024-11-10T11:37:20.475+0000] {taskinstance.py:2613} INFO - Dependencies all met for dep_context=requeueable deps ti=<TaskInstance: fetch_and_store_amazon_books.fetch_book_data scheduled__2024-07-17T00:00:00+00:00 [queued]>
[2024-11-10T11:37:20.475+0000] {taskinstance.py:2866} INFO - Starting attempt 1 of 2
[2024-11-10T11:37:20.493+0000] {taskinstance.py:2889} INFO - Executing <Task(PythonOperator): fetch_book_data> on 2024-07-17 00:00:00+00:00
[2024-11-10T11:37:20.513+0000] {warnings.py:112} WARNING - /home/***/.local/lib/python3.12/site-packages/***/task/task_runner/standard_task_runner.py:70: DeprecationWarning: This process (pid=1387) is multi-threaded, use of fork() may lead to deadlocks in the child.
  pid = os.fork()

[2024-11-10T11:37:20.516+0000] {standard_task_runner.py:72} INFO - Started process 1424 to run task
[2024-11-10T11:37:20.517+0000] {standard_task_runner.py:104} INFO - Running: ['***', 'tasks', 'run', 'fetch_and_store_amazon_books', 'fetch_book_data', 'scheduled__2024-07-17T00:00:00+00:00', '--job-id', '85', '--raw', '--subdir', 'DAGS_FOLDER/app.py', '--cfg-path', '/tmp/tmph3isjyzr']
[2024-11-10T11:37:20.518+0000] {standard_task_runner.py:105} INFO - Job 85: Subtask fetch_book_data
[2024-11-10T11:37:20.599+0000] {task_command.py:467} INFO - Running <TaskInstance: fetch_and_store_amazon_books.fetch_book_data scheduled__2024-07-17T00:00:00+00:00 [running]> on host 0afc8c4a15bb
[2024-11-10T11:37:20.721+0000] {taskinstance.py:3132} INFO - Exporting env vars: AIRFLOW_CTX_DAG_OWNER='***' AIRFLOW_CTX_DAG_ID='fetch_and_store_amazon_books' AIRFLOW_CTX_TASK_ID='fetch_book_data' AIRFLOW_CTX_EXECUTION_DATE='2024-07-17T00:00:00+00:00' AIRFLOW_CTX_TRY_NUMBER='1' AIRFLOW_CTX_DAG_RUN_ID='scheduled__2024-07-17T00:00:00+00:00'
[2024-11-10T11:37:20.723+0000] {logging_mixin.py:190} INFO - Task instance is in running state
[2024-11-10T11:37:20.723+0000] {logging_mixin.py:190} INFO -  Previous state of the Task instance: queued
[2024-11-10T11:37:20.724+0000] {logging_mixin.py:190} INFO - Current task name:fetch_book_data state:running start_date:2024-11-10 11:37:20.462226+00:00
[2024-11-10T11:37:20.724+0000] {logging_mixin.py:190} INFO - Dag name:fetch_and_store_amazon_books and current dag run status:running
[2024-11-10T11:37:20.725+0000] {taskinstance.py:731} INFO - ::endgroup::
[2024-11-10T11:37:22.050+0000] {logging_mixin.py:190} INFO - Failed to retrieve the page
[2024-11-10T11:37:22.106+0000] {python.py:240} INFO - Done. Returned value was: None
[2024-11-10T11:37:22.128+0000] {taskinstance.py:340} INFO - ::group::Post task execution logs
[2024-11-10T11:37:22.129+0000] {taskinstance.py:352} INFO - Marking task as SUCCESS. dag_id=fetch_and_store_amazon_books, task_id=fetch_book_data, run_id=scheduled__2024-07-17T00:00:00+00:00, execution_date=20240717T000000, start_date=20241110T113720, end_date=20241110T113722
[2024-11-10T11:37:22.151+0000] {logging_mixin.py:190} INFO - Task instance in success state
[2024-11-10T11:37:22.151+0000] {logging_mixin.py:190} INFO -  Previous state of the Task instance: running
[2024-11-10T11:37:22.152+0000] {logging_mixin.py:190} INFO - Dag name:fetch_and_store_amazon_books queued_at:2024-11-10 11:37:06.318461+00:00
[2024-11-10T11:37:22.157+0000] {logging_mixin.py:190} INFO - Task hostname:0afc8c4a15bb operator:PythonOperator
[2024-11-10T11:37:22.217+0000] {local_task_job_runner.py:266} INFO - Task exited with return code 0
[2024-11-10T11:37:22.277+0000] {taskinstance.py:3895} INFO - 1 downstream tasks scheduled from follow-on schedule check
[2024-11-10T11:37:22.282+0000] {local_task_job_runner.py:245} INFO - ::endgroup::
[2024-11-10T14:07:01.500+0000] {local_task_job_runner.py:123} INFO - ::group::Pre task execution logs
[2024-11-10T14:07:01.528+0000] {taskinstance.py:2613} INFO - Dependencies all met for dep_context=non-requeueable deps ti=<TaskInstance: fetch_and_store_amazon_books.fetch_book_data scheduled__2024-07-17T00:00:00+00:00 [queued]>
[2024-11-10T14:07:01.547+0000] {taskinstance.py:2613} INFO - Dependencies all met for dep_context=requeueable deps ti=<TaskInstance: fetch_and_store_amazon_books.fetch_book_data scheduled__2024-07-17T00:00:00+00:00 [queued]>
[2024-11-10T14:07:01.548+0000] {taskinstance.py:2866} INFO - Starting attempt 1 of 2
[2024-11-10T14:07:01.576+0000] {taskinstance.py:2889} INFO - Executing <Task(PythonOperator): fetch_book_data> on 2024-07-17 00:00:00+00:00
[2024-11-10T14:07:01.607+0000] {warnings.py:112} WARNING - /home/***/.local/lib/python3.12/site-packages/***/task/task_runner/standard_task_runner.py:70: DeprecationWarning: This process (pid=4112) is multi-threaded, use of fork() may lead to deadlocks in the child.
  pid = os.fork()

[2024-11-10T14:07:01.611+0000] {standard_task_runner.py:104} INFO - Running: ['***', 'tasks', 'run', 'fetch_and_store_amazon_books', 'fetch_book_data', 'scheduled__2024-07-17T00:00:00+00:00', '--job-id', '297', '--raw', '--subdir', 'DAGS_FOLDER/app.py', '--cfg-path', '/tmp/tmpccz1khtb']
[2024-11-10T14:07:01.613+0000] {standard_task_runner.py:105} INFO - Job 297: Subtask fetch_book_data
[2024-11-10T14:07:01.613+0000] {standard_task_runner.py:72} INFO - Started process 4139 to run task
[2024-11-10T14:07:01.755+0000] {task_command.py:467} INFO - Running <TaskInstance: fetch_and_store_amazon_books.fetch_book_data scheduled__2024-07-17T00:00:00+00:00 [running]> on host 0afc8c4a15bb
[2024-11-10T14:07:01.966+0000] {taskinstance.py:3132} INFO - Exporting env vars: AIRFLOW_CTX_DAG_OWNER='***' AIRFLOW_CTX_DAG_ID='fetch_and_store_amazon_books' AIRFLOW_CTX_TASK_ID='fetch_book_data' AIRFLOW_CTX_EXECUTION_DATE='2024-07-17T00:00:00+00:00' AIRFLOW_CTX_TRY_NUMBER='1' AIRFLOW_CTX_DAG_RUN_ID='scheduled__2024-07-17T00:00:00+00:00'
[2024-11-10T14:07:01.970+0000] {logging_mixin.py:190} INFO - Task instance is in running state
[2024-11-10T14:07:01.970+0000] {logging_mixin.py:190} INFO -  Previous state of the Task instance: queued
[2024-11-10T14:07:01.971+0000] {logging_mixin.py:190} INFO - Current task name:fetch_book_data state:running start_date:2024-11-10 14:07:01.529221+00:00
[2024-11-10T14:07:01.971+0000] {logging_mixin.py:190} INFO - Dag name:fetch_and_store_amazon_books and current dag run status:running
[2024-11-10T14:07:01.972+0000] {taskinstance.py:731} INFO - ::endgroup::
[2024-11-10T14:07:04.518+0000] {python.py:240} INFO - Done. Returned value was: None
[2024-11-10T14:07:04.545+0000] {taskinstance.py:340} INFO - ::group::Post task execution logs
[2024-11-10T14:07:04.546+0000] {taskinstance.py:352} INFO - Marking task as SUCCESS. dag_id=fetch_and_store_amazon_books, task_id=fetch_book_data, run_id=scheduled__2024-07-17T00:00:00+00:00, execution_date=20240717T000000, start_date=20241110T140701, end_date=20241110T140704
[2024-11-10T14:07:04.569+0000] {logging_mixin.py:190} INFO - Task instance in success state
[2024-11-10T14:07:04.570+0000] {logging_mixin.py:190} INFO -  Previous state of the Task instance: running
[2024-11-10T14:07:04.570+0000] {logging_mixin.py:190} INFO - Dag name:fetch_and_store_amazon_books queued_at:2024-11-10 14:06:52.541909+00:00
[2024-11-10T14:07:04.571+0000] {logging_mixin.py:190} INFO - Task hostname:0afc8c4a15bb operator:PythonOperator
[2024-11-10T14:07:04.624+0000] {local_task_job_runner.py:266} INFO - Task exited with return code 0
[2024-11-10T14:07:04.687+0000] {taskinstance.py:3895} INFO - 1 downstream tasks scheduled from follow-on schedule check
[2024-11-10T14:07:04.692+0000] {local_task_job_runner.py:245} INFO - ::endgroup::
