[2024-11-10T11:46:49.173+0000] {local_task_job_runner.py:123} INFO - ::group::Pre task execution logs
[2024-11-10T11:46:49.201+0000] {taskinstance.py:2613} INFO - Dependencies all met for dep_context=non-requeueable deps ti=<TaskInstance: fetch_and_store_amazon_books.fetch_book_data scheduled__2024-08-03T00:00:00+00:00 [queued]>
[2024-11-10T11:46:49.214+0000] {taskinstance.py:2613} INFO - Dependencies all met for dep_context=requeueable deps ti=<TaskInstance: fetch_and_store_amazon_books.fetch_book_data scheduled__2024-08-03T00:00:00+00:00 [queued]>
[2024-11-10T11:46:49.214+0000] {taskinstance.py:2866} INFO - Starting attempt 1 of 2
[2024-11-10T11:46:49.232+0000] {taskinstance.py:2889} INFO - Executing <Task(PythonOperator): fetch_book_data> on 2024-08-03 00:00:00+00:00
[2024-11-10T11:46:49.250+0000] {warnings.py:112} WARNING - /home/***/.local/lib/python3.12/site-packages/***/task/task_runner/standard_task_runner.py:70: DeprecationWarning: This process (pid=1890) is multi-threaded, use of fork() may lead to deadlocks in the child.
  pid = os.fork()

[2024-11-10T11:46:49.253+0000] {standard_task_runner.py:72} INFO - Started process 1901 to run task
[2024-11-10T11:46:49.256+0000] {standard_task_runner.py:104} INFO - Running: ['***', 'tasks', 'run', 'fetch_and_store_amazon_books', 'fetch_book_data', 'scheduled__2024-08-03T00:00:00+00:00', '--job-id', '177', '--raw', '--subdir', 'DAGS_FOLDER/app.py', '--cfg-path', '/tmp/tmpp0cli6z_']
[2024-11-10T11:46:49.257+0000] {standard_task_runner.py:105} INFO - Job 177: Subtask fetch_book_data
[2024-11-10T11:46:49.328+0000] {task_command.py:467} INFO - Running <TaskInstance: fetch_and_store_amazon_books.fetch_book_data scheduled__2024-08-03T00:00:00+00:00 [running]> on host 0afc8c4a15bb
[2024-11-10T11:46:49.431+0000] {taskinstance.py:3132} INFO - Exporting env vars: AIRFLOW_CTX_DAG_OWNER='***' AIRFLOW_CTX_DAG_ID='fetch_and_store_amazon_books' AIRFLOW_CTX_TASK_ID='fetch_book_data' AIRFLOW_CTX_EXECUTION_DATE='2024-08-03T00:00:00+00:00' AIRFLOW_CTX_TRY_NUMBER='1' AIRFLOW_CTX_DAG_RUN_ID='scheduled__2024-08-03T00:00:00+00:00'
[2024-11-10T11:46:49.433+0000] {logging_mixin.py:190} INFO - Task instance is in running state
[2024-11-10T11:46:49.434+0000] {logging_mixin.py:190} INFO -  Previous state of the Task instance: queued
[2024-11-10T11:46:49.434+0000] {logging_mixin.py:190} INFO - Current task name:fetch_book_data state:running start_date:2024-11-10 11:46:49.201738+00:00
[2024-11-10T11:46:49.434+0000] {logging_mixin.py:190} INFO - Dag name:fetch_and_store_amazon_books and current dag run status:running
[2024-11-10T11:46:49.435+0000] {taskinstance.py:731} INFO - ::endgroup::
[2024-11-10T11:46:50.688+0000] {logging_mixin.py:190} INFO - Failed to retrieve the page
[2024-11-10T11:46:50.716+0000] {python.py:240} INFO - Done. Returned value was: None
[2024-11-10T11:46:50.731+0000] {taskinstance.py:340} INFO - ::group::Post task execution logs
[2024-11-10T11:46:50.732+0000] {taskinstance.py:352} INFO - Marking task as SUCCESS. dag_id=fetch_and_store_amazon_books, task_id=fetch_book_data, run_id=scheduled__2024-08-03T00:00:00+00:00, execution_date=20240803T000000, start_date=20241110T114649, end_date=20241110T114650
[2024-11-10T11:46:50.745+0000] {logging_mixin.py:190} INFO - Task instance in success state
[2024-11-10T11:46:50.746+0000] {logging_mixin.py:190} INFO -  Previous state of the Task instance: running
[2024-11-10T11:46:50.746+0000] {logging_mixin.py:190} INFO - Dag name:fetch_and_store_amazon_books queued_at:2024-11-10 11:46:46.877760+00:00
[2024-11-10T11:46:50.746+0000] {logging_mixin.py:190} INFO - Task hostname:0afc8c4a15bb operator:PythonOperator
[2024-11-10T11:46:50.792+0000] {local_task_job_runner.py:266} INFO - Task exited with return code 0
[2024-11-10T11:46:50.827+0000] {taskinstance.py:3895} INFO - 1 downstream tasks scheduled from follow-on schedule check
[2024-11-10T11:46:50.829+0000] {local_task_job_runner.py:245} INFO - ::endgroup::
[2024-11-10T14:08:07.092+0000] {local_task_job_runner.py:123} INFO - ::group::Pre task execution logs
[2024-11-10T14:08:07.126+0000] {taskinstance.py:2613} INFO - Dependencies all met for dep_context=non-requeueable deps ti=<TaskInstance: fetch_and_store_amazon_books.fetch_book_data scheduled__2024-08-03T00:00:00+00:00 [queued]>
[2024-11-10T14:08:07.148+0000] {taskinstance.py:2613} INFO - Dependencies all met for dep_context=requeueable deps ti=<TaskInstance: fetch_and_store_amazon_books.fetch_book_data scheduled__2024-08-03T00:00:00+00:00 [queued]>
[2024-11-10T14:08:07.148+0000] {taskinstance.py:2866} INFO - Starting attempt 1 of 2
[2024-11-10T14:08:07.184+0000] {taskinstance.py:2889} INFO - Executing <Task(PythonOperator): fetch_book_data> on 2024-08-03 00:00:00+00:00
[2024-11-10T14:08:07.217+0000] {warnings.py:112} WARNING - /home/***/.local/lib/python3.12/site-packages/***/task/task_runner/standard_task_runner.py:70: DeprecationWarning: This process (pid=4410) is multi-threaded, use of fork() may lead to deadlocks in the child.
  pid = os.fork()

[2024-11-10T14:08:07.221+0000] {standard_task_runner.py:72} INFO - Started process 4434 to run task
[2024-11-10T14:08:07.222+0000] {standard_task_runner.py:104} INFO - Running: ['***', 'tasks', 'run', 'fetch_and_store_amazon_books', 'fetch_book_data', 'scheduled__2024-08-03T00:00:00+00:00', '--job-id', '365', '--raw', '--subdir', 'DAGS_FOLDER/app.py', '--cfg-path', '/tmp/tmpn1t4w3i4']
[2024-11-10T14:08:07.224+0000] {standard_task_runner.py:105} INFO - Job 365: Subtask fetch_book_data
[2024-11-10T14:08:07.318+0000] {task_command.py:467} INFO - Running <TaskInstance: fetch_and_store_amazon_books.fetch_book_data scheduled__2024-08-03T00:00:00+00:00 [running]> on host 0afc8c4a15bb
[2024-11-10T14:08:07.505+0000] {taskinstance.py:3132} INFO - Exporting env vars: AIRFLOW_CTX_DAG_OWNER='***' AIRFLOW_CTX_DAG_ID='fetch_and_store_amazon_books' AIRFLOW_CTX_TASK_ID='fetch_book_data' AIRFLOW_CTX_EXECUTION_DATE='2024-08-03T00:00:00+00:00' AIRFLOW_CTX_TRY_NUMBER='1' AIRFLOW_CTX_DAG_RUN_ID='scheduled__2024-08-03T00:00:00+00:00'
[2024-11-10T14:08:07.507+0000] {logging_mixin.py:190} INFO - Task instance is in running state
[2024-11-10T14:08:07.508+0000] {logging_mixin.py:190} INFO -  Previous state of the Task instance: queued
[2024-11-10T14:08:07.508+0000] {logging_mixin.py:190} INFO - Current task name:fetch_book_data state:running start_date:2024-11-10 14:08:07.127285+00:00
[2024-11-10T14:08:07.509+0000] {logging_mixin.py:190} INFO - Dag name:fetch_and_store_amazon_books and current dag run status:running
[2024-11-10T14:08:07.509+0000] {taskinstance.py:731} INFO - ::endgroup::
[2024-11-10T14:08:09.354+0000] {python.py:240} INFO - Done. Returned value was: None
[2024-11-10T14:08:09.373+0000] {taskinstance.py:340} INFO - ::group::Post task execution logs
[2024-11-10T14:08:09.374+0000] {taskinstance.py:352} INFO - Marking task as SUCCESS. dag_id=fetch_and_store_amazon_books, task_id=fetch_book_data, run_id=scheduled__2024-08-03T00:00:00+00:00, execution_date=20240803T000000, start_date=20241110T140807, end_date=20241110T140809
[2024-11-10T14:08:09.397+0000] {logging_mixin.py:190} INFO - Task instance in success state
[2024-11-10T14:08:09.397+0000] {logging_mixin.py:190} INFO -  Previous state of the Task instance: running
[2024-11-10T14:08:09.398+0000] {logging_mixin.py:190} INFO - Dag name:fetch_and_store_amazon_books queued_at:2024-11-10 14:08:02.339198+00:00
[2024-11-10T14:08:09.398+0000] {logging_mixin.py:190} INFO - Task hostname:0afc8c4a15bb operator:PythonOperator
[2024-11-10T14:08:09.453+0000] {local_task_job_runner.py:266} INFO - Task exited with return code 0
[2024-11-10T14:08:09.470+0000] {local_task_job_runner.py:245} INFO - ::endgroup::
