[2024-11-10T11:47:54.744+0000] {local_task_job_runner.py:123} INFO - ::group::Pre task execution logs
[2024-11-10T11:47:54.765+0000] {taskinstance.py:2613} INFO - Dependencies all met for dep_context=non-requeueable deps ti=<TaskInstance: fetch_and_store_amazon_books.create_table scheduled__2024-08-05T00:00:00+00:00 [queued]>
[2024-11-10T11:47:54.774+0000] {taskinstance.py:2613} INFO - Dependencies all met for dep_context=requeueable deps ti=<TaskInstance: fetch_and_store_amazon_books.create_table scheduled__2024-08-05T00:00:00+00:00 [queued]>
[2024-11-10T11:47:54.774+0000] {taskinstance.py:2866} INFO - Starting attempt 1 of 2
[2024-11-10T11:47:54.789+0000] {taskinstance.py:2889} INFO - Executing <Task(PostgresOperator): create_table> on 2024-08-05 00:00:00+00:00
[2024-11-10T11:47:54.800+0000] {warnings.py:112} WARNING - /home/***/.local/lib/python3.12/site-packages/***/task/task_runner/standard_task_runner.py:70: DeprecationWarning: This process (pid=1940) is multi-threaded, use of fork() may lead to deadlocks in the child.
  pid = os.fork()

[2024-11-10T11:47:54.802+0000] {standard_task_runner.py:72} INFO - Started process 1942 to run task
[2024-11-10T11:47:54.804+0000] {standard_task_runner.py:104} INFO - Running: ['***', 'tasks', 'run', 'fetch_and_store_amazon_books', 'create_table', 'scheduled__2024-08-05T00:00:00+00:00', '--job-id', '186', '--raw', '--subdir', 'DAGS_FOLDER/app.py', '--cfg-path', '/tmp/tmpfy6efnkj']
[2024-11-10T11:47:54.805+0000] {standard_task_runner.py:105} INFO - Job 186: Subtask create_table
[2024-11-10T11:47:54.871+0000] {task_command.py:467} INFO - Running <TaskInstance: fetch_and_store_amazon_books.create_table scheduled__2024-08-05T00:00:00+00:00 [running]> on host 0afc8c4a15bb
[2024-11-10T11:47:54.980+0000] {taskinstance.py:3132} INFO - Exporting env vars: AIRFLOW_CTX_DAG_OWNER='***' AIRFLOW_CTX_DAG_ID='fetch_and_store_amazon_books' AIRFLOW_CTX_TASK_ID='create_table' AIRFLOW_CTX_EXECUTION_DATE='2024-08-05T00:00:00+00:00' AIRFLOW_CTX_TRY_NUMBER='1' AIRFLOW_CTX_DAG_RUN_ID='scheduled__2024-08-05T00:00:00+00:00'
[2024-11-10T11:47:54.982+0000] {logging_mixin.py:190} INFO - Task instance is in running state
[2024-11-10T11:47:54.982+0000] {logging_mixin.py:190} INFO -  Previous state of the Task instance: queued
[2024-11-10T11:47:54.983+0000] {logging_mixin.py:190} INFO - Current task name:create_table state:running start_date:2024-11-10 11:47:54.766024+00:00
[2024-11-10T11:47:54.984+0000] {logging_mixin.py:190} INFO - Dag name:fetch_and_store_amazon_books and current dag run status:running
[2024-11-10T11:47:54.984+0000] {taskinstance.py:731} INFO - ::endgroup::
[2024-11-10T11:47:54.984+0000] {sql.py:278} INFO - Executing: 
    CREATE TABLE IF NOT EXISTS books (
        id SERIAL PRIMARY KEY,
        title TEXT NOT NULL,
        authors TEXT,
        price TEXT,
        rating TEXT
    );
    
[2024-11-10T11:47:54.997+0000] {base.py:84} INFO - Retrieving connection 'books_connection'
[2024-11-10T11:47:55.011+0000] {base.py:84} INFO - Retrieving connection 'books_connection'
[2024-11-10T11:47:55.018+0000] {sql.py:544} INFO - Running statement: 
    CREATE TABLE IF NOT EXISTS books (
        id SERIAL PRIMARY KEY,
        title TEXT NOT NULL,
        authors TEXT,
        price TEXT,
        rating TEXT
    );
    , parameters: None
[2024-11-10T11:47:55.036+0000] {taskinstance.py:340} INFO - ::group::Post task execution logs
[2024-11-10T11:47:55.036+0000] {taskinstance.py:352} INFO - Marking task as SUCCESS. dag_id=fetch_and_store_amazon_books, task_id=create_table, run_id=scheduled__2024-08-05T00:00:00+00:00, execution_date=20240805T000000, start_date=20241110T114754, end_date=20241110T114755
[2024-11-10T11:47:55.049+0000] {logging_mixin.py:190} INFO - Task instance in success state
[2024-11-10T11:47:55.049+0000] {logging_mixin.py:190} INFO -  Previous state of the Task instance: running
[2024-11-10T11:47:55.049+0000] {logging_mixin.py:190} INFO - Dag name:fetch_and_store_amazon_books queued_at:2024-11-10 11:47:48.638200+00:00
[2024-11-10T11:47:55.049+0000] {logging_mixin.py:190} INFO - Task hostname:0afc8c4a15bb operator:PostgresOperator
[2024-11-10T11:47:55.097+0000] {local_task_job_runner.py:266} INFO - Task exited with return code 0
[2024-11-10T11:47:55.128+0000] {taskinstance.py:3895} INFO - 1 downstream tasks scheduled from follow-on schedule check
[2024-11-10T11:47:55.130+0000] {local_task_job_runner.py:245} INFO - ::endgroup::
[2024-11-10T14:08:17.483+0000] {local_task_job_runner.py:123} INFO - ::group::Pre task execution logs
[2024-11-10T14:08:17.541+0000] {taskinstance.py:2613} INFO - Dependencies all met for dep_context=non-requeueable deps ti=<TaskInstance: fetch_and_store_amazon_books.create_table scheduled__2024-08-05T00:00:00+00:00 [queued]>
[2024-11-10T14:08:17.572+0000] {taskinstance.py:2613} INFO - Dependencies all met for dep_context=requeueable deps ti=<TaskInstance: fetch_and_store_amazon_books.create_table scheduled__2024-08-05T00:00:00+00:00 [queued]>
[2024-11-10T14:08:17.572+0000] {taskinstance.py:2866} INFO - Starting attempt 1 of 2
[2024-11-10T14:08:17.604+0000] {taskinstance.py:2889} INFO - Executing <Task(PostgresOperator): create_table> on 2024-08-05 00:00:00+00:00
[2024-11-10T14:08:17.641+0000] {warnings.py:112} WARNING - /home/***/.local/lib/python3.12/site-packages/***/task/task_runner/standard_task_runner.py:70: DeprecationWarning: This process (pid=4467) is multi-threaded, use of fork() may lead to deadlocks in the child.
  pid = os.fork()

[2024-11-10T14:08:17.645+0000] {standard_task_runner.py:72} INFO - Started process 4498 to run task
[2024-11-10T14:08:17.649+0000] {standard_task_runner.py:104} INFO - Running: ['***', 'tasks', 'run', 'fetch_and_store_amazon_books', 'create_table', 'scheduled__2024-08-05T00:00:00+00:00', '--job-id', '381', '--raw', '--subdir', 'DAGS_FOLDER/app.py', '--cfg-path', '/tmp/tmpsxd41xg8']
[2024-11-10T14:08:17.652+0000] {standard_task_runner.py:105} INFO - Job 381: Subtask create_table
[2024-11-10T14:08:17.802+0000] {task_command.py:467} INFO - Running <TaskInstance: fetch_and_store_amazon_books.create_table scheduled__2024-08-05T00:00:00+00:00 [running]> on host 0afc8c4a15bb
[2024-11-10T14:08:18.057+0000] {taskinstance.py:3132} INFO - Exporting env vars: AIRFLOW_CTX_DAG_OWNER='***' AIRFLOW_CTX_DAG_ID='fetch_and_store_amazon_books' AIRFLOW_CTX_TASK_ID='create_table' AIRFLOW_CTX_EXECUTION_DATE='2024-08-05T00:00:00+00:00' AIRFLOW_CTX_TRY_NUMBER='1' AIRFLOW_CTX_DAG_RUN_ID='scheduled__2024-08-05T00:00:00+00:00'
[2024-11-10T14:08:18.066+0000] {logging_mixin.py:190} INFO - Task instance is in running state
[2024-11-10T14:08:18.067+0000] {logging_mixin.py:190} INFO -  Previous state of the Task instance: queued
[2024-11-10T14:08:18.067+0000] {logging_mixin.py:190} INFO - Current task name:create_table state:running start_date:2024-11-10 14:08:17.542051+00:00
[2024-11-10T14:08:18.067+0000] {logging_mixin.py:190} INFO - Dag name:fetch_and_store_amazon_books and current dag run status:running
[2024-11-10T14:08:18.068+0000] {taskinstance.py:731} INFO - ::endgroup::
[2024-11-10T14:08:18.068+0000] {sql.py:278} INFO - Executing: 
    CREATE TABLE IF NOT EXISTS books (
        id SERIAL PRIMARY KEY,
        title TEXT NOT NULL,
        authors TEXT,
        price TEXT,
        rating TEXT
    );
    
[2024-11-10T14:08:18.097+0000] {base.py:84} INFO - Retrieving connection 'books_connection'
[2024-11-10T14:08:18.125+0000] {base.py:84} INFO - Retrieving connection 'books_connection'
[2024-11-10T14:08:18.145+0000] {sql.py:544} INFO - Running statement: 
    CREATE TABLE IF NOT EXISTS books (
        id SERIAL PRIMARY KEY,
        title TEXT NOT NULL,
        authors TEXT,
        price TEXT,
        rating TEXT
    );
    , parameters: None
[2024-11-10T14:08:18.175+0000] {taskinstance.py:340} INFO - ::group::Post task execution logs
[2024-11-10T14:08:18.176+0000] {taskinstance.py:352} INFO - Marking task as SUCCESS. dag_id=fetch_and_store_amazon_books, task_id=create_table, run_id=scheduled__2024-08-05T00:00:00+00:00, execution_date=20240805T000000, start_date=20241110T140817, end_date=20241110T140818
[2024-11-10T14:08:18.201+0000] {logging_mixin.py:190} INFO - Task instance in success state
[2024-11-10T14:08:18.202+0000] {logging_mixin.py:190} INFO -  Previous state of the Task instance: running
[2024-11-10T14:08:18.203+0000] {logging_mixin.py:190} INFO - Dag name:fetch_and_store_amazon_books queued_at:2024-11-10 14:08:02.780143+00:00
[2024-11-10T14:08:18.204+0000] {logging_mixin.py:190} INFO - Task hostname:0afc8c4a15bb operator:PostgresOperator
[2024-11-10T14:08:18.251+0000] {local_task_job_runner.py:266} INFO - Task exited with return code 0
[2024-11-10T14:08:18.296+0000] {taskinstance.py:3895} INFO - 1 downstream tasks scheduled from follow-on schedule check
[2024-11-10T14:08:18.301+0000] {local_task_job_runner.py:245} INFO - ::endgroup::
