[2024-11-10T11:43:21.583+0000] {local_task_job_runner.py:123} INFO - ::group::Pre task execution logs
[2024-11-10T11:43:21.679+0000] {taskinstance.py:2613} INFO - Dependencies all met for dep_context=non-requeueable deps ti=<TaskInstance: fetch_and_store_amazon_books.create_table scheduled__2024-07-29T00:00:00+00:00 [queued]>
[2024-11-10T11:43:21.720+0000] {taskinstance.py:2613} INFO - Dependencies all met for dep_context=requeueable deps ti=<TaskInstance: fetch_and_store_amazon_books.create_table scheduled__2024-07-29T00:00:00+00:00 [queued]>
[2024-11-10T11:43:21.721+0000] {taskinstance.py:2866} INFO - Starting attempt 1 of 2
[2024-11-10T11:43:21.775+0000] {taskinstance.py:2889} INFO - Executing <Task(PostgresOperator): create_table> on 2024-07-29 00:00:00+00:00
[2024-11-10T11:43:21.810+0000] {warnings.py:112} WARNING - /home/***/.local/lib/python3.12/site-packages/***/task/task_runner/standard_task_runner.py:70: DeprecationWarning: This process (pid=1772) is multi-threaded, use of fork() may lead to deadlocks in the child.
  pid = os.fork()

[2024-11-10T11:43:21.821+0000] {standard_task_runner.py:72} INFO - Started process 1801 to run task
[2024-11-10T11:43:21.830+0000] {standard_task_runner.py:104} INFO - Running: ['***', 'tasks', 'run', 'fetch_and_store_amazon_books', 'create_table', 'scheduled__2024-07-29T00:00:00+00:00', '--job-id', '161', '--raw', '--subdir', 'DAGS_FOLDER/app.py', '--cfg-path', '/tmp/tmpow6erb9v']
[2024-11-10T11:43:21.833+0000] {standard_task_runner.py:105} INFO - Job 161: Subtask create_table
[2024-11-10T11:43:22.087+0000] {task_command.py:467} INFO - Running <TaskInstance: fetch_and_store_amazon_books.create_table scheduled__2024-07-29T00:00:00+00:00 [running]> on host 0afc8c4a15bb
[2024-11-10T11:43:22.681+0000] {taskinstance.py:3132} INFO - Exporting env vars: AIRFLOW_CTX_DAG_OWNER='***' AIRFLOW_CTX_DAG_ID='fetch_and_store_amazon_books' AIRFLOW_CTX_TASK_ID='create_table' AIRFLOW_CTX_EXECUTION_DATE='2024-07-29T00:00:00+00:00' AIRFLOW_CTX_TRY_NUMBER='1' AIRFLOW_CTX_DAG_RUN_ID='scheduled__2024-07-29T00:00:00+00:00'
[2024-11-10T11:43:22.722+0000] {logging_mixin.py:190} INFO - Task instance is in running state
[2024-11-10T11:43:22.723+0000] {logging_mixin.py:190} INFO -  Previous state of the Task instance: queued
[2024-11-10T11:43:22.736+0000] {logging_mixin.py:190} INFO - Current task name:create_table state:running start_date:2024-11-10 11:43:21.683183+00:00
[2024-11-10T11:43:22.742+0000] {logging_mixin.py:190} INFO - Dag name:fetch_and_store_amazon_books and current dag run status:running
[2024-11-10T11:43:22.745+0000] {taskinstance.py:731} INFO - ::endgroup::
[2024-11-10T11:43:22.746+0000] {sql.py:278} INFO - Executing: 
    CREATE TABLE IF NOT EXISTS books (
        id SERIAL PRIMARY KEY,
        title TEXT NOT NULL,
        authors TEXT,
        price TEXT,
        rating TEXT
    );
    
[2024-11-10T11:43:22.877+0000] {base.py:84} INFO - Retrieving connection 'books_connection'
[2024-11-10T11:43:22.942+0000] {base.py:84} INFO - Retrieving connection 'books_connection'
[2024-11-10T11:43:22.970+0000] {sql.py:544} INFO - Running statement: 
    CREATE TABLE IF NOT EXISTS books (
        id SERIAL PRIMARY KEY,
        title TEXT NOT NULL,
        authors TEXT,
        price TEXT,
        rating TEXT
    );
    , parameters: None
[2024-11-10T11:43:23.062+0000] {taskinstance.py:340} INFO - ::group::Post task execution logs
[2024-11-10T11:43:23.070+0000] {taskinstance.py:352} INFO - Marking task as SUCCESS. dag_id=fetch_and_store_amazon_books, task_id=create_table, run_id=scheduled__2024-07-29T00:00:00+00:00, execution_date=20240729T000000, start_date=20241110T114321, end_date=20241110T114323
[2024-11-10T11:43:23.218+0000] {logging_mixin.py:190} INFO - Task instance in success state
[2024-11-10T11:43:23.219+0000] {logging_mixin.py:190} INFO -  Previous state of the Task instance: running
[2024-11-10T11:43:23.223+0000] {logging_mixin.py:190} INFO - Dag name:fetch_and_store_amazon_books queued_at:2024-11-10 11:43:05.133794+00:00
[2024-11-10T11:43:23.227+0000] {logging_mixin.py:190} INFO - Task hostname:0afc8c4a15bb operator:PostgresOperator
[2024-11-10T11:43:23.281+0000] {local_task_job_runner.py:266} INFO - Task exited with return code 0
[2024-11-10T11:43:23.412+0000] {taskinstance.py:3895} INFO - 1 downstream tasks scheduled from follow-on schedule check
[2024-11-10T11:43:23.421+0000] {local_task_job_runner.py:245} INFO - ::endgroup::
[2024-11-10T14:07:52.132+0000] {local_task_job_runner.py:123} INFO - ::group::Pre task execution logs
[2024-11-10T14:07:52.172+0000] {taskinstance.py:2613} INFO - Dependencies all met for dep_context=non-requeueable deps ti=<TaskInstance: fetch_and_store_amazon_books.create_table scheduled__2024-07-29T00:00:00+00:00 [queued]>
[2024-11-10T14:07:52.192+0000] {taskinstance.py:2613} INFO - Dependencies all met for dep_context=requeueable deps ti=<TaskInstance: fetch_and_store_amazon_books.create_table scheduled__2024-07-29T00:00:00+00:00 [queued]>
[2024-11-10T14:07:52.193+0000] {taskinstance.py:2866} INFO - Starting attempt 1 of 2
[2024-11-10T14:07:52.234+0000] {taskinstance.py:2889} INFO - Executing <Task(PostgresOperator): create_table> on 2024-07-29 00:00:00+00:00
[2024-11-10T14:07:52.323+0000] {warnings.py:112} WARNING - /home/***/.local/lib/python3.12/site-packages/***/task/task_runner/standard_task_runner.py:70: DeprecationWarning: This process (pid=4326) is multi-threaded, use of fork() may lead to deadlocks in the child.
  pid = os.fork()

[2024-11-10T14:07:52.334+0000] {standard_task_runner.py:72} INFO - Started process 4374 to run task
[2024-11-10T14:07:52.331+0000] {standard_task_runner.py:104} INFO - Running: ['***', 'tasks', 'run', 'fetch_and_store_amazon_books', 'create_table', 'scheduled__2024-07-29T00:00:00+00:00', '--job-id', '348', '--raw', '--subdir', 'DAGS_FOLDER/app.py', '--cfg-path', '/tmp/tmpojke1i60']
[2024-11-10T14:07:52.336+0000] {standard_task_runner.py:105} INFO - Job 348: Subtask create_table
[2024-11-10T14:07:52.521+0000] {task_command.py:467} INFO - Running <TaskInstance: fetch_and_store_amazon_books.create_table scheduled__2024-07-29T00:00:00+00:00 [running]> on host 0afc8c4a15bb
[2024-11-10T14:07:52.753+0000] {taskinstance.py:3132} INFO - Exporting env vars: AIRFLOW_CTX_DAG_OWNER='***' AIRFLOW_CTX_DAG_ID='fetch_and_store_amazon_books' AIRFLOW_CTX_TASK_ID='create_table' AIRFLOW_CTX_EXECUTION_DATE='2024-07-29T00:00:00+00:00' AIRFLOW_CTX_TRY_NUMBER='1' AIRFLOW_CTX_DAG_RUN_ID='scheduled__2024-07-29T00:00:00+00:00'
[2024-11-10T14:07:52.764+0000] {logging_mixin.py:190} INFO - Task instance is in running state
[2024-11-10T14:07:52.765+0000] {logging_mixin.py:190} INFO -  Previous state of the Task instance: queued
[2024-11-10T14:07:52.766+0000] {logging_mixin.py:190} INFO - Current task name:create_table state:running start_date:2024-11-10 14:07:52.173733+00:00
[2024-11-10T14:07:52.766+0000] {logging_mixin.py:190} INFO - Dag name:fetch_and_store_amazon_books and current dag run status:running
[2024-11-10T14:07:52.766+0000] {taskinstance.py:731} INFO - ::endgroup::
[2024-11-10T14:07:52.767+0000] {sql.py:278} INFO - Executing: 
    CREATE TABLE IF NOT EXISTS books (
        id SERIAL PRIMARY KEY,
        title TEXT NOT NULL,
        authors TEXT,
        price TEXT,
        rating TEXT
    );
    
[2024-11-10T14:07:52.797+0000] {base.py:84} INFO - Retrieving connection 'books_connection'
[2024-11-10T14:07:52.825+0000] {base.py:84} INFO - Retrieving connection 'books_connection'
[2024-11-10T14:07:52.845+0000] {sql.py:544} INFO - Running statement: 
    CREATE TABLE IF NOT EXISTS books (
        id SERIAL PRIMARY KEY,
        title TEXT NOT NULL,
        authors TEXT,
        price TEXT,
        rating TEXT
    );
    , parameters: None
[2024-11-10T14:07:52.877+0000] {taskinstance.py:340} INFO - ::group::Post task execution logs
[2024-11-10T14:07:52.878+0000] {taskinstance.py:352} INFO - Marking task as SUCCESS. dag_id=fetch_and_store_amazon_books, task_id=create_table, run_id=scheduled__2024-07-29T00:00:00+00:00, execution_date=20240729T000000, start_date=20241110T140752, end_date=20241110T140752
[2024-11-10T14:07:52.901+0000] {logging_mixin.py:190} INFO - Task instance in success state
[2024-11-10T14:07:52.902+0000] {logging_mixin.py:190} INFO -  Previous state of the Task instance: running
[2024-11-10T14:07:52.906+0000] {logging_mixin.py:190} INFO - Dag name:fetch_and_store_amazon_books queued_at:2024-11-10 14:07:32.587884+00:00
[2024-11-10T14:07:52.909+0000] {logging_mixin.py:190} INFO - Task hostname:0afc8c4a15bb operator:PostgresOperator
[2024-11-10T14:07:52.973+0000] {local_task_job_runner.py:266} INFO - Task exited with return code 0
[2024-11-10T14:07:53.025+0000] {taskinstance.py:3895} INFO - 1 downstream tasks scheduled from follow-on schedule check
[2024-11-10T14:07:53.037+0000] {local_task_job_runner.py:245} INFO - ::endgroup::
