[2024-11-10T11:43:12.469+0000] {local_task_job_runner.py:123} INFO - ::group::Pre task execution logs
[2024-11-10T11:43:12.518+0000] {taskinstance.py:2613} INFO - Dependencies all met for dep_context=non-requeueable deps ti=<TaskInstance: fetch_and_store_amazon_books.fetch_book_data scheduled__2024-07-30T00:00:00+00:00 [queued]>
[2024-11-10T11:43:12.540+0000] {taskinstance.py:2613} INFO - Dependencies all met for dep_context=requeueable deps ti=<TaskInstance: fetch_and_store_amazon_books.fetch_book_data scheduled__2024-07-30T00:00:00+00:00 [queued]>
[2024-11-10T11:43:12.541+0000] {taskinstance.py:2866} INFO - Starting attempt 1 of 2
[2024-11-10T11:43:12.567+0000] {taskinstance.py:2889} INFO - Executing <Task(PythonOperator): fetch_book_data> on 2024-07-30 00:00:00+00:00
[2024-11-10T11:43:12.603+0000] {warnings.py:112} WARNING - /home/***/.local/lib/python3.12/site-packages/***/task/task_runner/standard_task_runner.py:70: DeprecationWarning: This process (pid=1736) is multi-threaded, use of fork() may lead to deadlocks in the child.
  pid = os.fork()

[2024-11-10T11:43:12.606+0000] {standard_task_runner.py:72} INFO - Started process 1763 to run task
[2024-11-10T11:43:12.613+0000] {standard_task_runner.py:104} INFO - Running: ['***', 'tasks', 'run', 'fetch_and_store_amazon_books', 'fetch_book_data', 'scheduled__2024-07-30T00:00:00+00:00', '--job-id', '152', '--raw', '--subdir', 'DAGS_FOLDER/app.py', '--cfg-path', '/tmp/tmpitip8ugt']
[2024-11-10T11:43:12.614+0000] {standard_task_runner.py:105} INFO - Job 152: Subtask fetch_book_data
[2024-11-10T11:43:12.724+0000] {task_command.py:467} INFO - Running <TaskInstance: fetch_and_store_amazon_books.fetch_book_data scheduled__2024-07-30T00:00:00+00:00 [running]> on host 0afc8c4a15bb
[2024-11-10T11:43:12.897+0000] {taskinstance.py:3132} INFO - Exporting env vars: AIRFLOW_CTX_DAG_OWNER='***' AIRFLOW_CTX_DAG_ID='fetch_and_store_amazon_books' AIRFLOW_CTX_TASK_ID='fetch_book_data' AIRFLOW_CTX_EXECUTION_DATE='2024-07-30T00:00:00+00:00' AIRFLOW_CTX_TRY_NUMBER='1' AIRFLOW_CTX_DAG_RUN_ID='scheduled__2024-07-30T00:00:00+00:00'
[2024-11-10T11:43:12.899+0000] {logging_mixin.py:190} INFO - Task instance is in running state
[2024-11-10T11:43:12.900+0000] {logging_mixin.py:190} INFO -  Previous state of the Task instance: queued
[2024-11-10T11:43:12.900+0000] {logging_mixin.py:190} INFO - Current task name:fetch_book_data state:running start_date:2024-11-10 11:43:12.519238+00:00
[2024-11-10T11:43:12.900+0000] {logging_mixin.py:190} INFO - Dag name:fetch_and_store_amazon_books and current dag run status:running
[2024-11-10T11:43:12.900+0000] {taskinstance.py:731} INFO - ::endgroup::
[2024-11-10T11:43:14.619+0000] {logging_mixin.py:190} INFO - Failed to retrieve the page
[2024-11-10T11:43:14.674+0000] {python.py:240} INFO - Done. Returned value was: None
[2024-11-10T11:43:14.701+0000] {taskinstance.py:340} INFO - ::group::Post task execution logs
[2024-11-10T11:43:14.702+0000] {taskinstance.py:352} INFO - Marking task as SUCCESS. dag_id=fetch_and_store_amazon_books, task_id=fetch_book_data, run_id=scheduled__2024-07-30T00:00:00+00:00, execution_date=20240730T000000, start_date=20241110T114312, end_date=20241110T114314
[2024-11-10T11:43:14.741+0000] {logging_mixin.py:190} INFO - Task instance in success state
[2024-11-10T11:43:14.750+0000] {logging_mixin.py:190} INFO -  Previous state of the Task instance: running
[2024-11-10T11:43:14.751+0000] {logging_mixin.py:190} INFO - Dag name:fetch_and_store_amazon_books queued_at:2024-11-10 11:43:05.424382+00:00
[2024-11-10T11:43:14.754+0000] {logging_mixin.py:190} INFO - Task hostname:0afc8c4a15bb operator:PythonOperator
[2024-11-10T11:43:14.799+0000] {local_task_job_runner.py:266} INFO - Task exited with return code 0
[2024-11-10T11:43:14.877+0000] {taskinstance.py:3895} INFO - 1 downstream tasks scheduled from follow-on schedule check
[2024-11-10T11:43:14.885+0000] {local_task_job_runner.py:245} INFO - ::endgroup::
[2024-11-10T14:08:03.935+0000] {local_task_job_runner.py:123} INFO - ::group::Pre task execution logs
[2024-11-10T14:08:03.964+0000] {taskinstance.py:2613} INFO - Dependencies all met for dep_context=non-requeueable deps ti=<TaskInstance: fetch_and_store_amazon_books.fetch_book_data scheduled__2024-07-30T00:00:00+00:00 [queued]>
[2024-11-10T14:08:03.980+0000] {taskinstance.py:2613} INFO - Dependencies all met for dep_context=requeueable deps ti=<TaskInstance: fetch_and_store_amazon_books.fetch_book_data scheduled__2024-07-30T00:00:00+00:00 [queued]>
[2024-11-10T14:08:03.980+0000] {taskinstance.py:2866} INFO - Starting attempt 1 of 2
[2024-11-10T14:08:04.011+0000] {taskinstance.py:2889} INFO - Executing <Task(PythonOperator): fetch_book_data> on 2024-07-30 00:00:00+00:00
[2024-11-10T14:08:04.035+0000] {warnings.py:112} WARNING - /home/***/.local/lib/python3.12/site-packages/***/task/task_runner/standard_task_runner.py:70: DeprecationWarning: This process (pid=4402) is multi-threaded, use of fork() may lead to deadlocks in the child.
  pid = os.fork()

[2024-11-10T14:08:04.038+0000] {standard_task_runner.py:72} INFO - Started process 4420 to run task
[2024-11-10T14:08:04.039+0000] {standard_task_runner.py:104} INFO - Running: ['***', 'tasks', 'run', 'fetch_and_store_amazon_books', 'fetch_book_data', 'scheduled__2024-07-30T00:00:00+00:00', '--job-id', '361', '--raw', '--subdir', 'DAGS_FOLDER/app.py', '--cfg-path', '/tmp/tmpsp8y4y72']
[2024-11-10T14:08:04.041+0000] {standard_task_runner.py:105} INFO - Job 361: Subtask fetch_book_data
[2024-11-10T14:08:04.146+0000] {task_command.py:467} INFO - Running <TaskInstance: fetch_and_store_amazon_books.fetch_book_data scheduled__2024-07-30T00:00:00+00:00 [running]> on host 0afc8c4a15bb
[2024-11-10T14:08:04.327+0000] {taskinstance.py:3132} INFO - Exporting env vars: AIRFLOW_CTX_DAG_OWNER='***' AIRFLOW_CTX_DAG_ID='fetch_and_store_amazon_books' AIRFLOW_CTX_TASK_ID='fetch_book_data' AIRFLOW_CTX_EXECUTION_DATE='2024-07-30T00:00:00+00:00' AIRFLOW_CTX_TRY_NUMBER='1' AIRFLOW_CTX_DAG_RUN_ID='scheduled__2024-07-30T00:00:00+00:00'
[2024-11-10T14:08:04.330+0000] {logging_mixin.py:190} INFO - Task instance is in running state
[2024-11-10T14:08:04.330+0000] {logging_mixin.py:190} INFO -  Previous state of the Task instance: queued
[2024-11-10T14:08:04.331+0000] {logging_mixin.py:190} INFO - Current task name:fetch_book_data state:running start_date:2024-11-10 14:08:03.965008+00:00
[2024-11-10T14:08:04.331+0000] {logging_mixin.py:190} INFO - Dag name:fetch_and_store_amazon_books and current dag run status:running
[2024-11-10T14:08:04.331+0000] {taskinstance.py:731} INFO - ::endgroup::
[2024-11-10T14:08:06.922+0000] {python.py:240} INFO - Done. Returned value was: None
[2024-11-10T14:08:06.948+0000] {taskinstance.py:340} INFO - ::group::Post task execution logs
[2024-11-10T14:08:06.949+0000] {taskinstance.py:352} INFO - Marking task as SUCCESS. dag_id=fetch_and_store_amazon_books, task_id=fetch_book_data, run_id=scheduled__2024-07-30T00:00:00+00:00, execution_date=20240730T000000, start_date=20241110T140803, end_date=20241110T140806
[2024-11-10T14:08:06.979+0000] {logging_mixin.py:190} INFO - Task instance in success state
[2024-11-10T14:08:06.980+0000] {logging_mixin.py:190} INFO -  Previous state of the Task instance: running
[2024-11-10T14:08:06.980+0000] {logging_mixin.py:190} INFO - Dag name:fetch_and_store_amazon_books queued_at:2024-11-10 14:08:00.462955+00:00
[2024-11-10T14:08:06.981+0000] {logging_mixin.py:190} INFO - Task hostname:0afc8c4a15bb operator:PythonOperator
[2024-11-10T14:08:07.046+0000] {local_task_job_runner.py:266} INFO - Task exited with return code 0
[2024-11-10T14:08:07.098+0000] {taskinstance.py:3895} INFO - 1 downstream tasks scheduled from follow-on schedule check
[2024-11-10T14:08:07.103+0000] {local_task_job_runner.py:245} INFO - ::endgroup::
