[2024-11-10T11:37:30.293+0000] {local_task_job_runner.py:123} INFO - ::group::Pre task execution logs
[2024-11-10T11:37:30.359+0000] {taskinstance.py:2613} INFO - Dependencies all met for dep_context=non-requeueable deps ti=<TaskInstance: fetch_and_store_amazon_books.create_table scheduled__2024-07-10T00:00:00+00:00 [queued]>
[2024-11-10T11:37:30.379+0000] {taskinstance.py:2613} INFO - Dependencies all met for dep_context=requeueable deps ti=<TaskInstance: fetch_and_store_amazon_books.create_table scheduled__2024-07-10T00:00:00+00:00 [queued]>
[2024-11-10T11:37:30.380+0000] {taskinstance.py:2866} INFO - Starting attempt 1 of 2
[2024-11-10T11:37:30.426+0000] {taskinstance.py:2889} INFO - Executing <Task(PostgresOperator): create_table> on 2024-07-10 00:00:00+00:00
[2024-11-10T11:37:30.485+0000] {standard_task_runner.py:104} INFO - Running: ['***', 'tasks', 'run', 'fetch_and_store_amazon_books', 'create_table', 'scheduled__2024-07-10T00:00:00+00:00', '--job-id', '93', '--raw', '--subdir', 'DAGS_FOLDER/app.py', '--cfg-path', '/tmp/tmpv8__ubz5']
[2024-11-10T11:37:30.487+0000] {standard_task_runner.py:105} INFO - Job 93: Subtask create_table
[2024-11-10T11:37:30.481+0000] {warnings.py:112} WARNING - /home/***/.local/lib/python3.12/site-packages/***/task/task_runner/standard_task_runner.py:70: DeprecationWarning: This process (pid=1427) is multi-threaded, use of fork() may lead to deadlocks in the child.
  pid = os.fork()

[2024-11-10T11:37:30.489+0000] {standard_task_runner.py:72} INFO - Started process 1466 to run task
[2024-11-10T11:37:30.665+0000] {task_command.py:467} INFO - Running <TaskInstance: fetch_and_store_amazon_books.create_table scheduled__2024-07-10T00:00:00+00:00 [running]> on host 0afc8c4a15bb
[2024-11-10T11:37:31.003+0000] {taskinstance.py:3132} INFO - Exporting env vars: AIRFLOW_CTX_DAG_OWNER='***' AIRFLOW_CTX_DAG_ID='fetch_and_store_amazon_books' AIRFLOW_CTX_TASK_ID='create_table' AIRFLOW_CTX_EXECUTION_DATE='2024-07-10T00:00:00+00:00' AIRFLOW_CTX_TRY_NUMBER='1' AIRFLOW_CTX_DAG_RUN_ID='scheduled__2024-07-10T00:00:00+00:00'
[2024-11-10T11:37:31.008+0000] {logging_mixin.py:190} INFO - Task instance is in running state
[2024-11-10T11:37:31.008+0000] {logging_mixin.py:190} INFO -  Previous state of the Task instance: queued
[2024-11-10T11:37:31.009+0000] {logging_mixin.py:190} INFO - Current task name:create_table state:running start_date:2024-11-10 11:37:30.360392+00:00
[2024-11-10T11:37:31.009+0000] {logging_mixin.py:190} INFO - Dag name:fetch_and_store_amazon_books and current dag run status:running
[2024-11-10T11:37:31.010+0000] {taskinstance.py:731} INFO - ::endgroup::
[2024-11-10T11:37:31.010+0000] {sql.py:278} INFO - Executing: 
    CREATE TABLE IF NOT EXISTS books (
        id SERIAL PRIMARY KEY,
        title TEXT NOT NULL,
        authors TEXT,
        price TEXT,
        rating TEXT
    );
    
[2024-11-10T11:37:31.044+0000] {base.py:84} INFO - Retrieving connection 'books_connection'
[2024-11-10T11:37:31.064+0000] {base.py:84} INFO - Retrieving connection 'books_connection'
[2024-11-10T11:37:31.095+0000] {sql.py:544} INFO - Running statement: 
    CREATE TABLE IF NOT EXISTS books (
        id SERIAL PRIMARY KEY,
        title TEXT NOT NULL,
        authors TEXT,
        price TEXT,
        rating TEXT
    );
    , parameters: None
[2024-11-10T11:37:31.127+0000] {taskinstance.py:340} INFO - ::group::Post task execution logs
[2024-11-10T11:37:31.129+0000] {taskinstance.py:352} INFO - Marking task as SUCCESS. dag_id=fetch_and_store_amazon_books, task_id=create_table, run_id=scheduled__2024-07-10T00:00:00+00:00, execution_date=20240710T000000, start_date=20241110T113730, end_date=20241110T113731
[2024-11-10T11:37:31.151+0000] {logging_mixin.py:190} INFO - Task instance in success state
[2024-11-10T11:37:31.152+0000] {logging_mixin.py:190} INFO -  Previous state of the Task instance: running
[2024-11-10T11:37:31.153+0000] {logging_mixin.py:190} INFO - Dag name:fetch_and_store_amazon_books queued_at:2024-11-10 11:37:03.929693+00:00
[2024-11-10T11:37:31.153+0000] {logging_mixin.py:190} INFO - Task hostname:0afc8c4a15bb operator:PostgresOperator
[2024-11-10T11:37:31.206+0000] {local_task_job_runner.py:266} INFO - Task exited with return code 0
[2024-11-10T11:37:31.254+0000] {taskinstance.py:3895} INFO - 1 downstream tasks scheduled from follow-on schedule check
[2024-11-10T11:37:31.260+0000] {local_task_job_runner.py:245} INFO - ::endgroup::
[2024-11-10T14:07:12.749+0000] {local_task_job_runner.py:123} INFO - ::group::Pre task execution logs
[2024-11-10T14:07:12.827+0000] {taskinstance.py:2613} INFO - Dependencies all met for dep_context=non-requeueable deps ti=<TaskInstance: fetch_and_store_amazon_books.create_table scheduled__2024-07-10T00:00:00+00:00 [queued]>
[2024-11-10T14:07:12.869+0000] {taskinstance.py:2613} INFO - Dependencies all met for dep_context=requeueable deps ti=<TaskInstance: fetch_and_store_amazon_books.create_table scheduled__2024-07-10T00:00:00+00:00 [queued]>
[2024-11-10T14:07:12.869+0000] {taskinstance.py:2866} INFO - Starting attempt 1 of 2
[2024-11-10T14:07:12.934+0000] {taskinstance.py:2889} INFO - Executing <Task(PostgresOperator): create_table> on 2024-07-10 00:00:00+00:00
[2024-11-10T14:07:12.994+0000] {warnings.py:112} WARNING - /home/***/.local/lib/python3.12/site-packages/***/task/task_runner/standard_task_runner.py:70: DeprecationWarning: This process (pid=4149) is multi-threaded, use of fork() may lead to deadlocks in the child.
  pid = os.fork()

[2024-11-10T14:07:12.998+0000] {standard_task_runner.py:72} INFO - Started process 4184 to run task
[2024-11-10T14:07:13.006+0000] {standard_task_runner.py:104} INFO - Running: ['***', 'tasks', 'run', 'fetch_and_store_amazon_books', 'create_table', 'scheduled__2024-07-10T00:00:00+00:00', '--job-id', '302', '--raw', '--subdir', 'DAGS_FOLDER/app.py', '--cfg-path', '/tmp/tmpmy86etup']
[2024-11-10T14:07:13.013+0000] {standard_task_runner.py:105} INFO - Job 302: Subtask create_table
[2024-11-10T14:07:13.292+0000] {task_command.py:467} INFO - Running <TaskInstance: fetch_and_store_amazon_books.create_table scheduled__2024-07-10T00:00:00+00:00 [running]> on host 0afc8c4a15bb
[2024-11-10T14:07:13.766+0000] {taskinstance.py:3132} INFO - Exporting env vars: AIRFLOW_CTX_DAG_OWNER='***' AIRFLOW_CTX_DAG_ID='fetch_and_store_amazon_books' AIRFLOW_CTX_TASK_ID='create_table' AIRFLOW_CTX_EXECUTION_DATE='2024-07-10T00:00:00+00:00' AIRFLOW_CTX_TRY_NUMBER='1' AIRFLOW_CTX_DAG_RUN_ID='scheduled__2024-07-10T00:00:00+00:00'
[2024-11-10T14:07:13.786+0000] {logging_mixin.py:190} INFO - Task instance is in running state
[2024-11-10T14:07:13.787+0000] {logging_mixin.py:190} INFO -  Previous state of the Task instance: queued
[2024-11-10T14:07:13.788+0000] {logging_mixin.py:190} INFO - Current task name:create_table state:running start_date:2024-11-10 14:07:12.827830+00:00
[2024-11-10T14:07:13.790+0000] {logging_mixin.py:190} INFO - Dag name:fetch_and_store_amazon_books and current dag run status:running
[2024-11-10T14:07:13.791+0000] {taskinstance.py:731} INFO - ::endgroup::
[2024-11-10T14:07:13.792+0000] {sql.py:278} INFO - Executing: 
    CREATE TABLE IF NOT EXISTS books (
        id SERIAL PRIMARY KEY,
        title TEXT NOT NULL,
        authors TEXT,
        price TEXT,
        rating TEXT
    );
    
[2024-11-10T14:07:13.815+0000] {base.py:84} INFO - Retrieving connection 'books_connection'
[2024-11-10T14:07:13.866+0000] {base.py:84} INFO - Retrieving connection 'books_connection'
[2024-11-10T14:07:13.890+0000] {sql.py:544} INFO - Running statement: 
    CREATE TABLE IF NOT EXISTS books (
        id SERIAL PRIMARY KEY,
        title TEXT NOT NULL,
        authors TEXT,
        price TEXT,
        rating TEXT
    );
    , parameters: None
[2024-11-10T14:07:13.946+0000] {taskinstance.py:340} INFO - ::group::Post task execution logs
[2024-11-10T14:07:13.947+0000] {taskinstance.py:352} INFO - Marking task as SUCCESS. dag_id=fetch_and_store_amazon_books, task_id=create_table, run_id=scheduled__2024-07-10T00:00:00+00:00, execution_date=20240710T000000, start_date=20241110T140712, end_date=20241110T140713
[2024-11-10T14:07:13.977+0000] {logging_mixin.py:190} INFO - Task instance in success state
[2024-11-10T14:07:13.978+0000] {logging_mixin.py:190} INFO -  Previous state of the Task instance: running
[2024-11-10T14:07:13.979+0000] {logging_mixin.py:190} INFO - Dag name:fetch_and_store_amazon_books queued_at:2024-11-10 14:06:49.831401+00:00
[2024-11-10T14:07:13.979+0000] {logging_mixin.py:190} INFO - Task hostname:0afc8c4a15bb operator:PostgresOperator
[2024-11-10T14:07:14.036+0000] {local_task_job_runner.py:266} INFO - Task exited with return code 0
[2024-11-10T14:07:14.139+0000] {taskinstance.py:3895} INFO - 1 downstream tasks scheduled from follow-on schedule check
[2024-11-10T14:07:14.152+0000] {local_task_job_runner.py:245} INFO - ::endgroup::
