[2024-11-10T11:37:31.438+0000] {local_task_job_runner.py:123} INFO - ::group::Pre task execution logs
[2024-11-10T11:37:31.483+0000] {taskinstance.py:2613} INFO - Dependencies all met for dep_context=non-requeueable deps ti=<TaskInstance: fetch_and_store_amazon_books.create_table scheduled__2024-07-12T00:00:00+00:00 [queued]>
[2024-11-10T11:37:31.515+0000] {taskinstance.py:2613} INFO - Dependencies all met for dep_context=requeueable deps ti=<TaskInstance: fetch_and_store_amazon_books.create_table scheduled__2024-07-12T00:00:00+00:00 [queued]>
[2024-11-10T11:37:31.516+0000] {taskinstance.py:2866} INFO - Starting attempt 1 of 2
[2024-11-10T11:37:31.560+0000] {taskinstance.py:2889} INFO - Executing <Task(PostgresOperator): create_table> on 2024-07-12 00:00:00+00:00
[2024-11-10T11:37:31.605+0000] {warnings.py:112} WARNING - /home/***/.local/lib/python3.12/site-packages/***/task/task_runner/standard_task_runner.py:70: DeprecationWarning: This process (pid=1428) is multi-threaded, use of fork() may lead to deadlocks in the child.
  pid = os.fork()

[2024-11-10T11:37:31.609+0000] {standard_task_runner.py:72} INFO - Started process 1476 to run task
[2024-11-10T11:37:31.612+0000] {standard_task_runner.py:104} INFO - Running: ['***', 'tasks', 'run', 'fetch_and_store_amazon_books', 'create_table', 'scheduled__2024-07-12T00:00:00+00:00', '--job-id', '98', '--raw', '--subdir', 'DAGS_FOLDER/app.py', '--cfg-path', '/tmp/tmpiolwrzgv']
[2024-11-10T11:37:31.614+0000] {standard_task_runner.py:105} INFO - Job 98: Subtask create_table
[2024-11-10T11:37:31.726+0000] {task_command.py:467} INFO - Running <TaskInstance: fetch_and_store_amazon_books.create_table scheduled__2024-07-12T00:00:00+00:00 [running]> on host 0afc8c4a15bb
[2024-11-10T11:37:31.909+0000] {taskinstance.py:3132} INFO - Exporting env vars: AIRFLOW_CTX_DAG_OWNER='***' AIRFLOW_CTX_DAG_ID='fetch_and_store_amazon_books' AIRFLOW_CTX_TASK_ID='create_table' AIRFLOW_CTX_EXECUTION_DATE='2024-07-12T00:00:00+00:00' AIRFLOW_CTX_TRY_NUMBER='1' AIRFLOW_CTX_DAG_RUN_ID='scheduled__2024-07-12T00:00:00+00:00'
[2024-11-10T11:37:31.912+0000] {logging_mixin.py:190} INFO - Task instance is in running state
[2024-11-10T11:37:31.913+0000] {logging_mixin.py:190} INFO -  Previous state of the Task instance: queued
[2024-11-10T11:37:31.914+0000] {logging_mixin.py:190} INFO - Current task name:create_table state:running start_date:2024-11-10 11:37:31.485144+00:00
[2024-11-10T11:37:31.914+0000] {logging_mixin.py:190} INFO - Dag name:fetch_and_store_amazon_books and current dag run status:running
[2024-11-10T11:37:31.915+0000] {taskinstance.py:731} INFO - ::endgroup::
[2024-11-10T11:37:31.916+0000] {sql.py:278} INFO - Executing: 
    CREATE TABLE IF NOT EXISTS books (
        id SERIAL PRIMARY KEY,
        title TEXT NOT NULL,
        authors TEXT,
        price TEXT,
        rating TEXT
    );
    
[2024-11-10T11:37:31.936+0000] {base.py:84} INFO - Retrieving connection 'books_connection'
[2024-11-10T11:37:31.955+0000] {base.py:84} INFO - Retrieving connection 'books_connection'
[2024-11-10T11:37:31.963+0000] {sql.py:544} INFO - Running statement: 
    CREATE TABLE IF NOT EXISTS books (
        id SERIAL PRIMARY KEY,
        title TEXT NOT NULL,
        authors TEXT,
        price TEXT,
        rating TEXT
    );
    , parameters: None
[2024-11-10T11:37:31.988+0000] {taskinstance.py:340} INFO - ::group::Post task execution logs
[2024-11-10T11:37:31.989+0000] {taskinstance.py:352} INFO - Marking task as SUCCESS. dag_id=fetch_and_store_amazon_books, task_id=create_table, run_id=scheduled__2024-07-12T00:00:00+00:00, execution_date=20240712T000000, start_date=20241110T113731, end_date=20241110T113731
[2024-11-10T11:37:32.014+0000] {logging_mixin.py:190} INFO - Task instance in success state
[2024-11-10T11:37:32.017+0000] {logging_mixin.py:190} INFO -  Previous state of the Task instance: running
[2024-11-10T11:37:32.017+0000] {logging_mixin.py:190} INFO - Dag name:fetch_and_store_amazon_books queued_at:2024-11-10 11:37:04.478430+00:00
[2024-11-10T11:37:32.019+0000] {logging_mixin.py:190} INFO - Task hostname:0afc8c4a15bb operator:PostgresOperator
[2024-11-10T11:37:32.069+0000] {local_task_job_runner.py:266} INFO - Task exited with return code 0
[2024-11-10T11:37:32.122+0000] {taskinstance.py:3895} INFO - 1 downstream tasks scheduled from follow-on schedule check
[2024-11-10T11:37:32.129+0000] {local_task_job_runner.py:245} INFO - ::endgroup::
[2024-11-10T14:07:12.837+0000] {local_task_job_runner.py:123} INFO - ::group::Pre task execution logs
[2024-11-10T14:07:12.876+0000] {taskinstance.py:2613} INFO - Dependencies all met for dep_context=non-requeueable deps ti=<TaskInstance: fetch_and_store_amazon_books.create_table scheduled__2024-07-12T00:00:00+00:00 [queued]>
[2024-11-10T14:07:12.897+0000] {taskinstance.py:2613} INFO - Dependencies all met for dep_context=requeueable deps ti=<TaskInstance: fetch_and_store_amazon_books.create_table scheduled__2024-07-12T00:00:00+00:00 [queued]>
[2024-11-10T14:07:12.897+0000] {taskinstance.py:2866} INFO - Starting attempt 1 of 2
[2024-11-10T14:07:12.941+0000] {taskinstance.py:2889} INFO - Executing <Task(PostgresOperator): create_table> on 2024-07-12 00:00:00+00:00
[2024-11-10T14:07:12.967+0000] {warnings.py:112} WARNING - /home/***/.local/lib/python3.12/site-packages/***/task/task_runner/standard_task_runner.py:70: DeprecationWarning: This process (pid=4146) is multi-threaded, use of fork() may lead to deadlocks in the child.
  pid = os.fork()

[2024-11-10T14:07:12.974+0000] {standard_task_runner.py:72} INFO - Started process 4182 to run task
[2024-11-10T14:07:12.980+0000] {standard_task_runner.py:104} INFO - Running: ['***', 'tasks', 'run', 'fetch_and_store_amazon_books', 'create_table', 'scheduled__2024-07-12T00:00:00+00:00', '--job-id', '303', '--raw', '--subdir', 'DAGS_FOLDER/app.py', '--cfg-path', '/tmp/tmpb14ofr5n']
[2024-11-10T14:07:12.982+0000] {standard_task_runner.py:105} INFO - Job 303: Subtask create_table
[2024-11-10T14:07:13.268+0000] {task_command.py:467} INFO - Running <TaskInstance: fetch_and_store_amazon_books.create_table scheduled__2024-07-12T00:00:00+00:00 [running]> on host 0afc8c4a15bb
[2024-11-10T14:07:13.671+0000] {taskinstance.py:3132} INFO - Exporting env vars: AIRFLOW_CTX_DAG_OWNER='***' AIRFLOW_CTX_DAG_ID='fetch_and_store_amazon_books' AIRFLOW_CTX_TASK_ID='create_table' AIRFLOW_CTX_EXECUTION_DATE='2024-07-12T00:00:00+00:00' AIRFLOW_CTX_TRY_NUMBER='1' AIRFLOW_CTX_DAG_RUN_ID='scheduled__2024-07-12T00:00:00+00:00'
[2024-11-10T14:07:13.675+0000] {logging_mixin.py:190} INFO - Task instance is in running state
[2024-11-10T14:07:13.675+0000] {logging_mixin.py:190} INFO -  Previous state of the Task instance: queued
[2024-11-10T14:07:13.676+0000] {logging_mixin.py:190} INFO - Current task name:create_table state:running start_date:2024-11-10 14:07:12.877447+00:00
[2024-11-10T14:07:13.676+0000] {logging_mixin.py:190} INFO - Dag name:fetch_and_store_amazon_books and current dag run status:running
[2024-11-10T14:07:13.676+0000] {taskinstance.py:731} INFO - ::endgroup::
[2024-11-10T14:07:13.677+0000] {sql.py:278} INFO - Executing: 
    CREATE TABLE IF NOT EXISTS books (
        id SERIAL PRIMARY KEY,
        title TEXT NOT NULL,
        authors TEXT,
        price TEXT,
        rating TEXT
    );
    
[2024-11-10T14:07:13.719+0000] {base.py:84} INFO - Retrieving connection 'books_connection'
[2024-11-10T14:07:13.763+0000] {base.py:84} INFO - Retrieving connection 'books_connection'
[2024-11-10T14:07:13.784+0000] {sql.py:544} INFO - Running statement: 
    CREATE TABLE IF NOT EXISTS books (
        id SERIAL PRIMARY KEY,
        title TEXT NOT NULL,
        authors TEXT,
        price TEXT,
        rating TEXT
    );
    , parameters: None
[2024-11-10T14:07:13.860+0000] {taskinstance.py:340} INFO - ::group::Post task execution logs
[2024-11-10T14:07:13.863+0000] {taskinstance.py:352} INFO - Marking task as SUCCESS. dag_id=fetch_and_store_amazon_books, task_id=create_table, run_id=scheduled__2024-07-12T00:00:00+00:00, execution_date=20240712T000000, start_date=20241110T140712, end_date=20241110T140713
[2024-11-10T14:07:13.925+0000] {logging_mixin.py:190} INFO - Task instance in success state
[2024-11-10T14:07:13.930+0000] {logging_mixin.py:190} INFO -  Previous state of the Task instance: running
[2024-11-10T14:07:13.930+0000] {logging_mixin.py:190} INFO - Dag name:fetch_and_store_amazon_books queued_at:2024-11-10 14:06:50.297754+00:00
[2024-11-10T14:07:13.930+0000] {logging_mixin.py:190} INFO - Task hostname:0afc8c4a15bb operator:PostgresOperator
[2024-11-10T14:07:13.992+0000] {local_task_job_runner.py:266} INFO - Task exited with return code 0
[2024-11-10T14:07:14.082+0000] {taskinstance.py:3895} INFO - 1 downstream tasks scheduled from follow-on schedule check
[2024-11-10T14:07:14.087+0000] {local_task_job_runner.py:245} INFO - ::endgroup::
