[2024-11-10T11:43:18.191+0000] {local_task_job_runner.py:123} INFO - ::group::Pre task execution logs
[2024-11-10T11:43:18.232+0000] {taskinstance.py:2613} INFO - Dependencies all met for dep_context=non-requeueable deps ti=<TaskInstance: fetch_and_store_amazon_books.create_table scheduled__2024-07-24T00:00:00+00:00 [queued]>
[2024-11-10T11:43:18.251+0000] {taskinstance.py:2613} INFO - Dependencies all met for dep_context=requeueable deps ti=<TaskInstance: fetch_and_store_amazon_books.create_table scheduled__2024-07-24T00:00:00+00:00 [queued]>
[2024-11-10T11:43:18.251+0000] {taskinstance.py:2866} INFO - Starting attempt 1 of 2
[2024-11-10T11:43:18.280+0000] {taskinstance.py:2889} INFO - Executing <Task(PostgresOperator): create_table> on 2024-07-24 00:00:00+00:00
[2024-11-10T11:43:18.309+0000] {warnings.py:112} WARNING - /home/***/.local/lib/python3.12/site-packages/***/task/task_runner/standard_task_runner.py:70: DeprecationWarning: This process (pid=1758) is multi-threaded, use of fork() may lead to deadlocks in the child.
  pid = os.fork()

[2024-11-10T11:43:18.313+0000] {standard_task_runner.py:72} INFO - Started process 1789 to run task
[2024-11-10T11:43:18.315+0000] {standard_task_runner.py:104} INFO - Running: ['***', 'tasks', 'run', 'fetch_and_store_amazon_books', 'create_table', 'scheduled__2024-07-24T00:00:00+00:00', '--job-id', '157', '--raw', '--subdir', 'DAGS_FOLDER/app.py', '--cfg-path', '/tmp/tmpoc3gou7l']
[2024-11-10T11:43:18.318+0000] {standard_task_runner.py:105} INFO - Job 157: Subtask create_table
[2024-11-10T11:43:18.446+0000] {task_command.py:467} INFO - Running <TaskInstance: fetch_and_store_amazon_books.create_table scheduled__2024-07-24T00:00:00+00:00 [running]> on host 0afc8c4a15bb
[2024-11-10T11:43:18.636+0000] {taskinstance.py:3132} INFO - Exporting env vars: AIRFLOW_CTX_DAG_OWNER='***' AIRFLOW_CTX_DAG_ID='fetch_and_store_amazon_books' AIRFLOW_CTX_TASK_ID='create_table' AIRFLOW_CTX_EXECUTION_DATE='2024-07-24T00:00:00+00:00' AIRFLOW_CTX_TRY_NUMBER='1' AIRFLOW_CTX_DAG_RUN_ID='scheduled__2024-07-24T00:00:00+00:00'
[2024-11-10T11:43:18.641+0000] {logging_mixin.py:190} INFO - Task instance is in running state
[2024-11-10T11:43:18.641+0000] {logging_mixin.py:190} INFO -  Previous state of the Task instance: queued
[2024-11-10T11:43:18.642+0000] {logging_mixin.py:190} INFO - Current task name:create_table state:running start_date:2024-11-10 11:43:18.232710+00:00
[2024-11-10T11:43:18.642+0000] {logging_mixin.py:190} INFO - Dag name:fetch_and_store_amazon_books and current dag run status:running
[2024-11-10T11:43:18.642+0000] {taskinstance.py:731} INFO - ::endgroup::
[2024-11-10T11:43:18.642+0000] {sql.py:278} INFO - Executing: 
    CREATE TABLE IF NOT EXISTS books (
        id SERIAL PRIMARY KEY,
        title TEXT NOT NULL,
        authors TEXT,
        price TEXT,
        rating TEXT
    );
    
[2024-11-10T11:43:18.662+0000] {base.py:84} INFO - Retrieving connection 'books_connection'
[2024-11-10T11:43:18.678+0000] {base.py:84} INFO - Retrieving connection 'books_connection'
[2024-11-10T11:43:18.692+0000] {sql.py:544} INFO - Running statement: 
    CREATE TABLE IF NOT EXISTS books (
        id SERIAL PRIMARY KEY,
        title TEXT NOT NULL,
        authors TEXT,
        price TEXT,
        rating TEXT
    );
    , parameters: None
[2024-11-10T11:43:18.721+0000] {taskinstance.py:340} INFO - ::group::Post task execution logs
[2024-11-10T11:43:18.722+0000] {taskinstance.py:352} INFO - Marking task as SUCCESS. dag_id=fetch_and_store_amazon_books, task_id=create_table, run_id=scheduled__2024-07-24T00:00:00+00:00, execution_date=20240724T000000, start_date=20241110T114318, end_date=20241110T114318
[2024-11-10T11:43:18.740+0000] {logging_mixin.py:190} INFO - Task instance in success state
[2024-11-10T11:43:18.741+0000] {logging_mixin.py:190} INFO -  Previous state of the Task instance: running
[2024-11-10T11:43:18.741+0000] {logging_mixin.py:190} INFO - Dag name:fetch_and_store_amazon_books queued_at:2024-11-10 11:43:04.222965+00:00
[2024-11-10T11:43:18.742+0000] {logging_mixin.py:190} INFO - Task hostname:0afc8c4a15bb operator:PostgresOperator
[2024-11-10T11:43:18.778+0000] {local_task_job_runner.py:266} INFO - Task exited with return code 0
[2024-11-10T11:43:18.798+0000] {local_task_job_runner.py:245} INFO - ::endgroup::
[2024-11-10T14:07:46.904+0000] {local_task_job_runner.py:123} INFO - ::group::Pre task execution logs
[2024-11-10T14:07:46.945+0000] {taskinstance.py:2613} INFO - Dependencies all met for dep_context=non-requeueable deps ti=<TaskInstance: fetch_and_store_amazon_books.create_table scheduled__2024-07-24T00:00:00+00:00 [queued]>
[2024-11-10T14:07:46.980+0000] {taskinstance.py:2613} INFO - Dependencies all met for dep_context=requeueable deps ti=<TaskInstance: fetch_and_store_amazon_books.create_table scheduled__2024-07-24T00:00:00+00:00 [queued]>
[2024-11-10T14:07:46.981+0000] {taskinstance.py:2866} INFO - Starting attempt 1 of 2
[2024-11-10T14:07:47.093+0000] {taskinstance.py:2889} INFO - Executing <Task(PostgresOperator): create_table> on 2024-07-24 00:00:00+00:00
[2024-11-10T14:07:47.121+0000] {warnings.py:112} WARNING - /home/***/.local/lib/python3.12/site-packages/***/task/task_runner/standard_task_runner.py:70: DeprecationWarning: This process (pid=4313) is multi-threaded, use of fork() may lead to deadlocks in the child.
  pid = os.fork()

[2024-11-10T14:07:47.132+0000] {standard_task_runner.py:72} INFO - Started process 4350 to run task
[2024-11-10T14:07:47.133+0000] {standard_task_runner.py:104} INFO - Running: ['***', 'tasks', 'run', 'fetch_and_store_amazon_books', 'create_table', 'scheduled__2024-07-24T00:00:00+00:00', '--job-id', '345', '--raw', '--subdir', 'DAGS_FOLDER/app.py', '--cfg-path', '/tmp/tmpc_ahix3k']
[2024-11-10T14:07:47.138+0000] {standard_task_runner.py:105} INFO - Job 345: Subtask create_table
[2024-11-10T14:07:47.344+0000] {task_command.py:467} INFO - Running <TaskInstance: fetch_and_store_amazon_books.create_table scheduled__2024-07-24T00:00:00+00:00 [running]> on host 0afc8c4a15bb
[2024-11-10T14:07:47.654+0000] {taskinstance.py:3132} INFO - Exporting env vars: AIRFLOW_CTX_DAG_OWNER='***' AIRFLOW_CTX_DAG_ID='fetch_and_store_amazon_books' AIRFLOW_CTX_TASK_ID='create_table' AIRFLOW_CTX_EXECUTION_DATE='2024-07-24T00:00:00+00:00' AIRFLOW_CTX_TRY_NUMBER='1' AIRFLOW_CTX_DAG_RUN_ID='scheduled__2024-07-24T00:00:00+00:00'
[2024-11-10T14:07:47.660+0000] {logging_mixin.py:190} INFO - Task instance is in running state
[2024-11-10T14:07:47.661+0000] {logging_mixin.py:190} INFO -  Previous state of the Task instance: queued
[2024-11-10T14:07:47.662+0000] {logging_mixin.py:190} INFO - Current task name:create_table state:running start_date:2024-11-10 14:07:46.946710+00:00
[2024-11-10T14:07:47.665+0000] {logging_mixin.py:190} INFO - Dag name:fetch_and_store_amazon_books and current dag run status:running
[2024-11-10T14:07:47.665+0000] {taskinstance.py:731} INFO - ::endgroup::
[2024-11-10T14:07:47.667+0000] {sql.py:278} INFO - Executing: 
    CREATE TABLE IF NOT EXISTS books (
        id SERIAL PRIMARY KEY,
        title TEXT NOT NULL,
        authors TEXT,
        price TEXT,
        rating TEXT
    );
    
[2024-11-10T14:07:47.690+0000] {base.py:84} INFO - Retrieving connection 'books_connection'
[2024-11-10T14:07:47.725+0000] {base.py:84} INFO - Retrieving connection 'books_connection'
[2024-11-10T14:07:47.746+0000] {sql.py:544} INFO - Running statement: 
    CREATE TABLE IF NOT EXISTS books (
        id SERIAL PRIMARY KEY,
        title TEXT NOT NULL,
        authors TEXT,
        price TEXT,
        rating TEXT
    );
    , parameters: None
[2024-11-10T14:07:47.781+0000] {taskinstance.py:340} INFO - ::group::Post task execution logs
[2024-11-10T14:07:47.782+0000] {taskinstance.py:352} INFO - Marking task as SUCCESS. dag_id=fetch_and_store_amazon_books, task_id=create_table, run_id=scheduled__2024-07-24T00:00:00+00:00, execution_date=20240724T000000, start_date=20241110T140746, end_date=20241110T140747
[2024-11-10T14:07:47.813+0000] {logging_mixin.py:190} INFO - Task instance in success state
[2024-11-10T14:07:47.814+0000] {logging_mixin.py:190} INFO -  Previous state of the Task instance: running
[2024-11-10T14:07:47.814+0000] {logging_mixin.py:190} INFO - Dag name:fetch_and_store_amazon_books queued_at:2024-11-10 14:07:30.767010+00:00
[2024-11-10T14:07:47.815+0000] {logging_mixin.py:190} INFO - Task hostname:0afc8c4a15bb operator:PostgresOperator
[2024-11-10T14:07:47.892+0000] {local_task_job_runner.py:266} INFO - Task exited with return code 0
[2024-11-10T14:07:47.952+0000] {taskinstance.py:3895} INFO - 1 downstream tasks scheduled from follow-on schedule check
[2024-11-10T14:07:47.959+0000] {local_task_job_runner.py:245} INFO - ::endgroup::
