[2024-11-10T11:37:31.297+0000] {local_task_job_runner.py:123} INFO - ::group::Pre task execution logs
[2024-11-10T11:37:31.330+0000] {taskinstance.py:2613} INFO - Dependencies all met for dep_context=non-requeueable deps ti=<TaskInstance: fetch_and_store_amazon_books.create_table scheduled__2024-07-13T00:00:00+00:00 [queued]>
[2024-11-10T11:37:31.354+0000] {taskinstance.py:2613} INFO - Dependencies all met for dep_context=requeueable deps ti=<TaskInstance: fetch_and_store_amazon_books.create_table scheduled__2024-07-13T00:00:00+00:00 [queued]>
[2024-11-10T11:37:31.355+0000] {taskinstance.py:2866} INFO - Starting attempt 1 of 2
[2024-11-10T11:37:31.397+0000] {taskinstance.py:2889} INFO - Executing <Task(PostgresOperator): create_table> on 2024-07-13 00:00:00+00:00
[2024-11-10T11:37:31.422+0000] {warnings.py:112} WARNING - /home/***/.local/lib/python3.12/site-packages/***/task/task_runner/standard_task_runner.py:70: DeprecationWarning: This process (pid=1433) is multi-threaded, use of fork() may lead to deadlocks in the child.
  pid = os.fork()

[2024-11-10T11:37:31.425+0000] {standard_task_runner.py:72} INFO - Started process 1472 to run task
[2024-11-10T11:37:31.431+0000] {standard_task_runner.py:104} INFO - Running: ['***', 'tasks', 'run', 'fetch_and_store_amazon_books', 'create_table', 'scheduled__2024-07-13T00:00:00+00:00', '--job-id', '96', '--raw', '--subdir', 'DAGS_FOLDER/app.py', '--cfg-path', '/tmp/tmpf4zmfaq6']
[2024-11-10T11:37:31.432+0000] {standard_task_runner.py:105} INFO - Job 96: Subtask create_table
[2024-11-10T11:37:31.586+0000] {task_command.py:467} INFO - Running <TaskInstance: fetch_and_store_amazon_books.create_table scheduled__2024-07-13T00:00:00+00:00 [running]> on host 0afc8c4a15bb
[2024-11-10T11:37:31.796+0000] {taskinstance.py:3132} INFO - Exporting env vars: AIRFLOW_CTX_DAG_OWNER='***' AIRFLOW_CTX_DAG_ID='fetch_and_store_amazon_books' AIRFLOW_CTX_TASK_ID='create_table' AIRFLOW_CTX_EXECUTION_DATE='2024-07-13T00:00:00+00:00' AIRFLOW_CTX_TRY_NUMBER='1' AIRFLOW_CTX_DAG_RUN_ID='scheduled__2024-07-13T00:00:00+00:00'
[2024-11-10T11:37:31.799+0000] {logging_mixin.py:190} INFO - Task instance is in running state
[2024-11-10T11:37:31.800+0000] {logging_mixin.py:190} INFO -  Previous state of the Task instance: queued
[2024-11-10T11:37:31.800+0000] {logging_mixin.py:190} INFO - Current task name:create_table state:running start_date:2024-11-10 11:37:31.331043+00:00
[2024-11-10T11:37:31.800+0000] {logging_mixin.py:190} INFO - Dag name:fetch_and_store_amazon_books and current dag run status:running
[2024-11-10T11:37:31.801+0000] {taskinstance.py:731} INFO - ::endgroup::
[2024-11-10T11:37:31.803+0000] {sql.py:278} INFO - Executing: 
    CREATE TABLE IF NOT EXISTS books (
        id SERIAL PRIMARY KEY,
        title TEXT NOT NULL,
        authors TEXT,
        price TEXT,
        rating TEXT
    );
    
[2024-11-10T11:37:31.825+0000] {base.py:84} INFO - Retrieving connection 'books_connection'
[2024-11-10T11:37:31.843+0000] {base.py:84} INFO - Retrieving connection 'books_connection'
[2024-11-10T11:37:31.857+0000] {sql.py:544} INFO - Running statement: 
    CREATE TABLE IF NOT EXISTS books (
        id SERIAL PRIMARY KEY,
        title TEXT NOT NULL,
        authors TEXT,
        price TEXT,
        rating TEXT
    );
    , parameters: None
[2024-11-10T11:37:31.882+0000] {taskinstance.py:340} INFO - ::group::Post task execution logs
[2024-11-10T11:37:31.883+0000] {taskinstance.py:352} INFO - Marking task as SUCCESS. dag_id=fetch_and_store_amazon_books, task_id=create_table, run_id=scheduled__2024-07-13T00:00:00+00:00, execution_date=20240713T000000, start_date=20241110T113731, end_date=20241110T113731
[2024-11-10T11:37:31.905+0000] {logging_mixin.py:190} INFO - Task instance in success state
[2024-11-10T11:37:31.906+0000] {logging_mixin.py:190} INFO -  Previous state of the Task instance: running
[2024-11-10T11:37:31.907+0000] {logging_mixin.py:190} INFO - Dag name:fetch_and_store_amazon_books queued_at:2024-11-10 11:37:04.783056+00:00
[2024-11-10T11:37:31.907+0000] {logging_mixin.py:190} INFO - Task hostname:0afc8c4a15bb operator:PostgresOperator
[2024-11-10T11:37:31.966+0000] {local_task_job_runner.py:266} INFO - Task exited with return code 0
[2024-11-10T11:37:32.016+0000] {taskinstance.py:3895} INFO - 1 downstream tasks scheduled from follow-on schedule check
[2024-11-10T11:37:32.021+0000] {local_task_job_runner.py:245} INFO - ::endgroup::
[2024-11-10T14:07:12.943+0000] {local_task_job_runner.py:123} INFO - ::group::Pre task execution logs
[2024-11-10T14:07:12.996+0000] {taskinstance.py:2613} INFO - Dependencies all met for dep_context=non-requeueable deps ti=<TaskInstance: fetch_and_store_amazon_books.create_table scheduled__2024-07-13T00:00:00+00:00 [queued]>
[2024-11-10T14:07:13.019+0000] {taskinstance.py:2613} INFO - Dependencies all met for dep_context=requeueable deps ti=<TaskInstance: fetch_and_store_amazon_books.create_table scheduled__2024-07-13T00:00:00+00:00 [queued]>
[2024-11-10T14:07:13.020+0000] {taskinstance.py:2866} INFO - Starting attempt 1 of 2
[2024-11-10T14:07:13.054+0000] {taskinstance.py:2889} INFO - Executing <Task(PostgresOperator): create_table> on 2024-07-13 00:00:00+00:00
[2024-11-10T14:07:13.088+0000] {warnings.py:112} WARNING - /home/***/.local/lib/python3.12/site-packages/***/task/task_runner/standard_task_runner.py:70: DeprecationWarning: This process (pid=4148) is multi-threaded, use of fork() may lead to deadlocks in the child.
  pid = os.fork()

[2024-11-10T14:07:13.093+0000] {standard_task_runner.py:72} INFO - Started process 4186 to run task
[2024-11-10T14:07:13.117+0000] {standard_task_runner.py:104} INFO - Running: ['***', 'tasks', 'run', 'fetch_and_store_amazon_books', 'create_table', 'scheduled__2024-07-13T00:00:00+00:00', '--job-id', '304', '--raw', '--subdir', 'DAGS_FOLDER/app.py', '--cfg-path', '/tmp/tmp_wb0sdis']
[2024-11-10T14:07:13.126+0000] {standard_task_runner.py:105} INFO - Job 304: Subtask create_table
[2024-11-10T14:07:13.417+0000] {task_command.py:467} INFO - Running <TaskInstance: fetch_and_store_amazon_books.create_table scheduled__2024-07-13T00:00:00+00:00 [running]> on host 0afc8c4a15bb
[2024-11-10T14:07:14.005+0000] {taskinstance.py:3132} INFO - Exporting env vars: AIRFLOW_CTX_DAG_OWNER='***' AIRFLOW_CTX_DAG_ID='fetch_and_store_amazon_books' AIRFLOW_CTX_TASK_ID='create_table' AIRFLOW_CTX_EXECUTION_DATE='2024-07-13T00:00:00+00:00' AIRFLOW_CTX_TRY_NUMBER='1' AIRFLOW_CTX_DAG_RUN_ID='scheduled__2024-07-13T00:00:00+00:00'
[2024-11-10T14:07:14.016+0000] {logging_mixin.py:190} INFO - Task instance is in running state
[2024-11-10T14:07:14.019+0000] {logging_mixin.py:190} INFO -  Previous state of the Task instance: queued
[2024-11-10T14:07:14.021+0000] {logging_mixin.py:190} INFO - Current task name:create_table state:running start_date:2024-11-10 14:07:12.997271+00:00
[2024-11-10T14:07:14.021+0000] {logging_mixin.py:190} INFO - Dag name:fetch_and_store_amazon_books and current dag run status:running
[2024-11-10T14:07:14.022+0000] {taskinstance.py:731} INFO - ::endgroup::
[2024-11-10T14:07:14.024+0000] {sql.py:278} INFO - Executing: 
    CREATE TABLE IF NOT EXISTS books (
        id SERIAL PRIMARY KEY,
        title TEXT NOT NULL,
        authors TEXT,
        price TEXT,
        rating TEXT
    );
    
[2024-11-10T14:07:14.058+0000] {base.py:84} INFO - Retrieving connection 'books_connection'
[2024-11-10T14:07:14.103+0000] {base.py:84} INFO - Retrieving connection 'books_connection'
[2024-11-10T14:07:14.142+0000] {sql.py:544} INFO - Running statement: 
    CREATE TABLE IF NOT EXISTS books (
        id SERIAL PRIMARY KEY,
        title TEXT NOT NULL,
        authors TEXT,
        price TEXT,
        rating TEXT
    );
    , parameters: None
[2024-11-10T14:07:14.226+0000] {taskinstance.py:340} INFO - ::group::Post task execution logs
[2024-11-10T14:07:14.234+0000] {taskinstance.py:352} INFO - Marking task as SUCCESS. dag_id=fetch_and_store_amazon_books, task_id=create_table, run_id=scheduled__2024-07-13T00:00:00+00:00, execution_date=20240713T000000, start_date=20241110T140712, end_date=20241110T140714
[2024-11-10T14:07:14.291+0000] {logging_mixin.py:190} INFO - Task instance in success state
[2024-11-10T14:07:14.292+0000] {logging_mixin.py:190} INFO -  Previous state of the Task instance: running
[2024-11-10T14:07:14.293+0000] {logging_mixin.py:190} INFO - Dag name:fetch_and_store_amazon_books queued_at:2024-11-10 14:06:50.666136+00:00
[2024-11-10T14:07:14.303+0000] {logging_mixin.py:190} INFO - Task hostname:0afc8c4a15bb operator:PostgresOperator
[2024-11-10T14:07:14.413+0000] {local_task_job_runner.py:266} INFO - Task exited with return code 0
[2024-11-10T14:07:14.475+0000] {taskinstance.py:3895} INFO - 1 downstream tasks scheduled from follow-on schedule check
[2024-11-10T14:07:14.487+0000] {local_task_job_runner.py:245} INFO - ::endgroup::
