[2024-11-10T11:30:54.272+0000] {local_task_job_runner.py:123} INFO - ::group::Pre task execution logs
[2024-11-10T11:30:54.555+0000] {taskinstance.py:2613} INFO - Dependencies all met for dep_context=non-requeueable deps ti=<TaskInstance: fetch_and_store_amazon_books.fetch_book_data scheduled__2024-06-21T00:00:00+00:00 [queued]>
[2024-11-10T11:30:54.583+0000] {taskinstance.py:2613} INFO - Dependencies all met for dep_context=requeueable deps ti=<TaskInstance: fetch_and_store_amazon_books.fetch_book_data scheduled__2024-06-21T00:00:00+00:00 [queued]>
[2024-11-10T11:30:54.584+0000] {taskinstance.py:2866} INFO - Starting attempt 1 of 2
[2024-11-10T11:30:54.674+0000] {taskinstance.py:2889} INFO - Executing <Task(PythonOperator): fetch_book_data> on 2024-06-21 00:00:00+00:00
[2024-11-10T11:30:54.781+0000] {warnings.py:112} WARNING - /home/***/.local/lib/python3.12/site-packages/***/task/task_runner/standard_task_runner.py:70: DeprecationWarning: This process (pid=1012) is multi-threaded, use of fork() may lead to deadlocks in the child.
  pid = os.fork()

[2024-11-10T11:30:54.790+0000] {standard_task_runner.py:104} INFO - Running: ['***', 'tasks', 'run', 'fetch_and_store_amazon_books', 'fetch_book_data', 'scheduled__2024-06-21T00:00:00+00:00', '--job-id', '15', '--raw', '--subdir', 'DAGS_FOLDER/app.py', '--cfg-path', '/tmp/tmpvwuv62l8']
[2024-11-10T11:30:54.807+0000] {standard_task_runner.py:72} INFO - Started process 1086 to run task
[2024-11-10T11:30:54.807+0000] {standard_task_runner.py:105} INFO - Job 15: Subtask fetch_book_data
[2024-11-10T11:30:55.116+0000] {task_command.py:467} INFO - Running <TaskInstance: fetch_and_store_amazon_books.fetch_book_data scheduled__2024-06-21T00:00:00+00:00 [running]> on host 0afc8c4a15bb
[2024-11-10T11:30:55.612+0000] {taskinstance.py:3132} INFO - Exporting env vars: AIRFLOW_CTX_DAG_OWNER='***' AIRFLOW_CTX_DAG_ID='fetch_and_store_amazon_books' AIRFLOW_CTX_TASK_ID='fetch_book_data' AIRFLOW_CTX_EXECUTION_DATE='2024-06-21T00:00:00+00:00' AIRFLOW_CTX_TRY_NUMBER='1' AIRFLOW_CTX_DAG_RUN_ID='scheduled__2024-06-21T00:00:00+00:00'
[2024-11-10T11:30:55.618+0000] {logging_mixin.py:190} INFO - Task instance is in running state
[2024-11-10T11:30:55.619+0000] {logging_mixin.py:190} INFO -  Previous state of the Task instance: queued
[2024-11-10T11:30:55.620+0000] {logging_mixin.py:190} INFO - Current task name:fetch_book_data state:running start_date:2024-11-10 11:30:54.556881+00:00
[2024-11-10T11:30:55.620+0000] {logging_mixin.py:190} INFO - Dag name:fetch_and_store_amazon_books and current dag run status:running
[2024-11-10T11:30:55.620+0000] {taskinstance.py:731} INFO - ::endgroup::
[2024-11-10T11:30:56.983+0000] {logging_mixin.py:190} INFO - Failed to retrieve the page
[2024-11-10T11:30:57.166+0000] {python.py:240} INFO - Done. Returned value was: None
[2024-11-10T11:30:57.204+0000] {taskinstance.py:340} INFO - ::group::Post task execution logs
[2024-11-10T11:30:57.205+0000] {taskinstance.py:352} INFO - Marking task as SUCCESS. dag_id=fetch_and_store_amazon_books, task_id=fetch_book_data, run_id=scheduled__2024-06-21T00:00:00+00:00, execution_date=20240621T000000, start_date=20241110T113054, end_date=20241110T113057
[2024-11-10T11:30:57.279+0000] {logging_mixin.py:190} INFO - Task instance in success state
[2024-11-10T11:30:57.282+0000] {logging_mixin.py:190} INFO -  Previous state of the Task instance: running
[2024-11-10T11:30:57.282+0000] {logging_mixin.py:190} INFO - Dag name:fetch_and_store_amazon_books queued_at:2024-11-10 11:30:16.721648+00:00
[2024-11-10T11:30:57.282+0000] {logging_mixin.py:190} INFO - Task hostname:0afc8c4a15bb operator:PythonOperator
[2024-11-10T11:30:57.342+0000] {local_task_job_runner.py:266} INFO - Task exited with return code 0
[2024-11-10T11:30:57.407+0000] {taskinstance.py:3895} INFO - 1 downstream tasks scheduled from follow-on schedule check
[2024-11-10T11:30:57.413+0000] {local_task_job_runner.py:245} INFO - ::endgroup::
[2024-11-10T14:06:07.039+0000] {local_task_job_runner.py:123} INFO - ::group::Pre task execution logs
[2024-11-10T14:06:07.196+0000] {taskinstance.py:2613} INFO - Dependencies all met for dep_context=non-requeueable deps ti=<TaskInstance: fetch_and_store_amazon_books.fetch_book_data scheduled__2024-06-21T00:00:00+00:00 [queued]>
[2024-11-10T14:06:07.336+0000] {taskinstance.py:2613} INFO - Dependencies all met for dep_context=requeueable deps ti=<TaskInstance: fetch_and_store_amazon_books.fetch_book_data scheduled__2024-06-21T00:00:00+00:00 [queued]>
[2024-11-10T14:06:07.337+0000] {taskinstance.py:2866} INFO - Starting attempt 1 of 2
[2024-11-10T14:06:07.408+0000] {taskinstance.py:2889} INFO - Executing <Task(PythonOperator): fetch_book_data> on 2024-06-21 00:00:00+00:00
[2024-11-10T14:06:07.447+0000] {warnings.py:112} WARNING - /home/***/.local/lib/python3.12/site-packages/***/task/task_runner/standard_task_runner.py:70: DeprecationWarning: This process (pid=3885) is multi-threaded, use of fork() may lead to deadlocks in the child.
  pid = os.fork()

[2024-11-10T14:06:07.457+0000] {standard_task_runner.py:72} INFO - Started process 3937 to run task
[2024-11-10T14:06:07.497+0000] {standard_task_runner.py:104} INFO - Running: ['***', 'tasks', 'run', 'fetch_and_store_amazon_books', 'fetch_book_data', 'scheduled__2024-06-21T00:00:00+00:00', '--job-id', '246', '--raw', '--subdir', 'DAGS_FOLDER/app.py', '--cfg-path', '/tmp/tmp4lmvkvn9']
[2024-11-10T14:06:07.513+0000] {standard_task_runner.py:105} INFO - Job 246: Subtask fetch_book_data
[2024-11-10T14:06:07.871+0000] {task_command.py:467} INFO - Running <TaskInstance: fetch_and_store_amazon_books.fetch_book_data scheduled__2024-06-21T00:00:00+00:00 [running]> on host 0afc8c4a15bb
[2024-11-10T14:06:08.438+0000] {taskinstance.py:3132} INFO - Exporting env vars: AIRFLOW_CTX_DAG_OWNER='***' AIRFLOW_CTX_DAG_ID='fetch_and_store_amazon_books' AIRFLOW_CTX_TASK_ID='fetch_book_data' AIRFLOW_CTX_EXECUTION_DATE='2024-06-21T00:00:00+00:00' AIRFLOW_CTX_TRY_NUMBER='1' AIRFLOW_CTX_DAG_RUN_ID='scheduled__2024-06-21T00:00:00+00:00'
[2024-11-10T14:06:08.442+0000] {logging_mixin.py:190} INFO - Task instance is in running state
[2024-11-10T14:06:08.443+0000] {logging_mixin.py:190} INFO -  Previous state of the Task instance: queued
[2024-11-10T14:06:08.443+0000] {logging_mixin.py:190} INFO - Current task name:fetch_book_data state:running start_date:2024-11-10 14:06:07.207969+00:00
[2024-11-10T14:06:08.444+0000] {logging_mixin.py:190} INFO - Dag name:fetch_and_store_amazon_books and current dag run status:running
[2024-11-10T14:06:08.444+0000] {taskinstance.py:731} INFO - ::endgroup::
[2024-11-10T14:06:12.095+0000] {python.py:240} INFO - Done. Returned value was: None
[2024-11-10T14:06:12.132+0000] {taskinstance.py:340} INFO - ::group::Post task execution logs
[2024-11-10T14:06:12.133+0000] {taskinstance.py:352} INFO - Marking task as SUCCESS. dag_id=fetch_and_store_amazon_books, task_id=fetch_book_data, run_id=scheduled__2024-06-21T00:00:00+00:00, execution_date=20240621T000000, start_date=20241110T140607, end_date=20241110T140612
[2024-11-10T14:06:12.442+0000] {logging_mixin.py:190} INFO - Task instance in success state
[2024-11-10T14:06:12.448+0000] {logging_mixin.py:190} INFO -  Previous state of the Task instance: running
[2024-11-10T14:06:12.449+0000] {logging_mixin.py:190} INFO - Dag name:fetch_and_store_amazon_books queued_at:2024-11-10 14:05:18.263498+00:00
[2024-11-10T14:06:12.449+0000] {logging_mixin.py:190} INFO - Task hostname:0afc8c4a15bb operator:PythonOperator
[2024-11-10T14:06:12.504+0000] {local_task_job_runner.py:266} INFO - Task exited with return code 0
[2024-11-10T14:06:12.581+0000] {taskinstance.py:3895} INFO - 1 downstream tasks scheduled from follow-on schedule check
[2024-11-10T14:06:12.589+0000] {local_task_job_runner.py:245} INFO - ::endgroup::
