[2024-11-10T11:43:11.342+0000] {local_task_job_runner.py:123} INFO - ::group::Pre task execution logs
[2024-11-10T11:43:11.398+0000] {taskinstance.py:2613} INFO - Dependencies all met for dep_context=non-requeueable deps ti=<TaskInstance: fetch_and_store_amazon_books.fetch_book_data scheduled__2024-07-28T00:00:00+00:00 [queued]>
[2024-11-10T11:43:11.418+0000] {taskinstance.py:2613} INFO - Dependencies all met for dep_context=requeueable deps ti=<TaskInstance: fetch_and_store_amazon_books.fetch_book_data scheduled__2024-07-28T00:00:00+00:00 [queued]>
[2024-11-10T11:43:11.418+0000] {taskinstance.py:2866} INFO - Starting attempt 1 of 2
[2024-11-10T11:43:11.448+0000] {taskinstance.py:2889} INFO - Executing <Task(PythonOperator): fetch_book_data> on 2024-07-28 00:00:00+00:00
[2024-11-10T11:43:11.477+0000] {warnings.py:112} WARNING - /home/***/.local/lib/python3.12/site-packages/***/task/task_runner/standard_task_runner.py:70: DeprecationWarning: This process (pid=1732) is multi-threaded, use of fork() may lead to deadlocks in the child.
  pid = os.fork()

[2024-11-10T11:43:11.481+0000] {standard_task_runner.py:72} INFO - Started process 1755 to run task
[2024-11-10T11:43:11.487+0000] {standard_task_runner.py:104} INFO - Running: ['***', 'tasks', 'run', 'fetch_and_store_amazon_books', 'fetch_book_data', 'scheduled__2024-07-28T00:00:00+00:00', '--job-id', '150', '--raw', '--subdir', 'DAGS_FOLDER/app.py', '--cfg-path', '/tmp/tmp0_cs5p_7']
[2024-11-10T11:43:11.489+0000] {standard_task_runner.py:105} INFO - Job 150: Subtask fetch_book_data
[2024-11-10T11:43:11.611+0000] {task_command.py:467} INFO - Running <TaskInstance: fetch_and_store_amazon_books.fetch_book_data scheduled__2024-07-28T00:00:00+00:00 [running]> on host 0afc8c4a15bb
[2024-11-10T11:43:11.844+0000] {taskinstance.py:3132} INFO - Exporting env vars: AIRFLOW_CTX_DAG_OWNER='***' AIRFLOW_CTX_DAG_ID='fetch_and_store_amazon_books' AIRFLOW_CTX_TASK_ID='fetch_book_data' AIRFLOW_CTX_EXECUTION_DATE='2024-07-28T00:00:00+00:00' AIRFLOW_CTX_TRY_NUMBER='1' AIRFLOW_CTX_DAG_RUN_ID='scheduled__2024-07-28T00:00:00+00:00'
[2024-11-10T11:43:11.849+0000] {logging_mixin.py:190} INFO - Task instance is in running state
[2024-11-10T11:43:11.849+0000] {logging_mixin.py:190} INFO -  Previous state of the Task instance: queued
[2024-11-10T11:43:11.850+0000] {logging_mixin.py:190} INFO - Current task name:fetch_book_data state:running start_date:2024-11-10 11:43:11.399389+00:00
[2024-11-10T11:43:11.850+0000] {logging_mixin.py:190} INFO - Dag name:fetch_and_store_amazon_books and current dag run status:running
[2024-11-10T11:43:11.850+0000] {taskinstance.py:731} INFO - ::endgroup::
[2024-11-10T11:43:13.268+0000] {logging_mixin.py:190} INFO - Failed to retrieve the page
[2024-11-10T11:43:13.300+0000] {python.py:240} INFO - Done. Returned value was: None
[2024-11-10T11:43:13.318+0000] {taskinstance.py:340} INFO - ::group::Post task execution logs
[2024-11-10T11:43:13.319+0000] {taskinstance.py:352} INFO - Marking task as SUCCESS. dag_id=fetch_and_store_amazon_books, task_id=fetch_book_data, run_id=scheduled__2024-07-28T00:00:00+00:00, execution_date=20240728T000000, start_date=20241110T114311, end_date=20241110T114313
[2024-11-10T11:43:13.338+0000] {logging_mixin.py:190} INFO - Task instance in success state
[2024-11-10T11:43:13.339+0000] {logging_mixin.py:190} INFO -  Previous state of the Task instance: running
[2024-11-10T11:43:13.339+0000] {logging_mixin.py:190} INFO - Dag name:fetch_and_store_amazon_books queued_at:2024-11-10 11:43:04.880044+00:00
[2024-11-10T11:43:13.339+0000] {logging_mixin.py:190} INFO - Task hostname:0afc8c4a15bb operator:PythonOperator
[2024-11-10T11:43:13.395+0000] {local_task_job_runner.py:266} INFO - Task exited with return code 0
[2024-11-10T11:43:13.444+0000] {taskinstance.py:3895} INFO - 1 downstream tasks scheduled from follow-on schedule check
[2024-11-10T11:43:13.457+0000] {local_task_job_runner.py:245} INFO - ::endgroup::
[2024-11-10T14:07:38.741+0000] {local_task_job_runner.py:123} INFO - ::group::Pre task execution logs
[2024-11-10T14:07:38.762+0000] {taskinstance.py:2613} INFO - Dependencies all met for dep_context=non-requeueable deps ti=<TaskInstance: fetch_and_store_amazon_books.fetch_book_data scheduled__2024-07-28T00:00:00+00:00 [queued]>
[2024-11-10T14:07:38.771+0000] {taskinstance.py:2613} INFO - Dependencies all met for dep_context=requeueable deps ti=<TaskInstance: fetch_and_store_amazon_books.fetch_book_data scheduled__2024-07-28T00:00:00+00:00 [queued]>
[2024-11-10T14:07:38.771+0000] {taskinstance.py:2866} INFO - Starting attempt 1 of 2
[2024-11-10T14:07:38.789+0000] {taskinstance.py:2889} INFO - Executing <Task(PythonOperator): fetch_book_data> on 2024-07-28 00:00:00+00:00
[2024-11-10T14:07:38.805+0000] {warnings.py:112} WARNING - /home/***/.local/lib/python3.12/site-packages/***/task/task_runner/standard_task_runner.py:70: DeprecationWarning: This process (pid=4272) is multi-threaded, use of fork() may lead to deadlocks in the child.
  pid = os.fork()

[2024-11-10T14:07:38.807+0000] {standard_task_runner.py:72} INFO - Started process 4296 to run task
[2024-11-10T14:07:38.810+0000] {standard_task_runner.py:104} INFO - Running: ['***', 'tasks', 'run', 'fetch_and_store_amazon_books', 'fetch_book_data', 'scheduled__2024-07-28T00:00:00+00:00', '--job-id', '335', '--raw', '--subdir', 'DAGS_FOLDER/app.py', '--cfg-path', '/tmp/tmpb1rzpuqi']
[2024-11-10T14:07:38.811+0000] {standard_task_runner.py:105} INFO - Job 335: Subtask fetch_book_data
[2024-11-10T14:07:38.879+0000] {task_command.py:467} INFO - Running <TaskInstance: fetch_and_store_amazon_books.fetch_book_data scheduled__2024-07-28T00:00:00+00:00 [running]> on host 0afc8c4a15bb
[2024-11-10T14:07:39.032+0000] {taskinstance.py:3132} INFO - Exporting env vars: AIRFLOW_CTX_DAG_OWNER='***' AIRFLOW_CTX_DAG_ID='fetch_and_store_amazon_books' AIRFLOW_CTX_TASK_ID='fetch_book_data' AIRFLOW_CTX_EXECUTION_DATE='2024-07-28T00:00:00+00:00' AIRFLOW_CTX_TRY_NUMBER='1' AIRFLOW_CTX_DAG_RUN_ID='scheduled__2024-07-28T00:00:00+00:00'
[2024-11-10T14:07:39.034+0000] {logging_mixin.py:190} INFO - Task instance is in running state
[2024-11-10T14:07:39.035+0000] {logging_mixin.py:190} INFO -  Previous state of the Task instance: queued
[2024-11-10T14:07:39.035+0000] {logging_mixin.py:190} INFO - Current task name:fetch_book_data state:running start_date:2024-11-10 14:07:38.762499+00:00
[2024-11-10T14:07:39.035+0000] {logging_mixin.py:190} INFO - Dag name:fetch_and_store_amazon_books and current dag run status:running
[2024-11-10T14:07:39.036+0000] {taskinstance.py:731} INFO - ::endgroup::
[2024-11-10T14:07:40.437+0000] {app.py:32} ERROR - Failed to retrieve page 1: Response ended prematurely
[2024-11-10T14:07:40.472+0000] {python.py:240} INFO - Done. Returned value was: None
[2024-11-10T14:07:40.493+0000] {taskinstance.py:340} INFO - ::group::Post task execution logs
[2024-11-10T14:07:40.493+0000] {taskinstance.py:352} INFO - Marking task as SUCCESS. dag_id=fetch_and_store_amazon_books, task_id=fetch_book_data, run_id=scheduled__2024-07-28T00:00:00+00:00, execution_date=20240728T000000, start_date=20241110T140738, end_date=20241110T140740
[2024-11-10T14:07:40.610+0000] {logging_mixin.py:190} INFO - Task instance in success state
[2024-11-10T14:07:40.611+0000] {logging_mixin.py:190} INFO -  Previous state of the Task instance: running
[2024-11-10T14:07:40.612+0000] {logging_mixin.py:190} INFO - Dag name:fetch_and_store_amazon_books queued_at:2024-11-10 14:07:32.090887+00:00
[2024-11-10T14:07:40.613+0000] {logging_mixin.py:190} INFO - Task hostname:0afc8c4a15bb operator:PythonOperator
[2024-11-10T14:07:40.673+0000] {local_task_job_runner.py:266} INFO - Task exited with return code 0
[2024-11-10T14:07:40.722+0000] {taskinstance.py:3895} INFO - 1 downstream tasks scheduled from follow-on schedule check
[2024-11-10T14:07:40.726+0000] {local_task_job_runner.py:245} INFO - ::endgroup::
