[2024-11-10T11:37:22.769+0000] {local_task_job_runner.py:123} INFO - ::group::Pre task execution logs
[2024-11-10T11:37:22.804+0000] {taskinstance.py:2613} INFO - Dependencies all met for dep_context=non-requeueable deps ti=<TaskInstance: fetch_and_store_amazon_books.create_table scheduled__2024-07-05T00:00:00+00:00 [queued]>
[2024-11-10T11:37:22.821+0000] {taskinstance.py:2613} INFO - Dependencies all met for dep_context=requeueable deps ti=<TaskInstance: fetch_and_store_amazon_books.create_table scheduled__2024-07-05T00:00:00+00:00 [queued]>
[2024-11-10T11:37:22.822+0000] {taskinstance.py:2866} INFO - Starting attempt 1 of 2
[2024-11-10T11:37:22.848+0000] {taskinstance.py:2889} INFO - Executing <Task(PostgresOperator): create_table> on 2024-07-05 00:00:00+00:00
[2024-11-10T11:37:22.870+0000] {warnings.py:112} WARNING - /home/***/.local/lib/python3.12/site-packages/***/task/task_runner/standard_task_runner.py:70: DeprecationWarning: This process (pid=1392) is multi-threaded, use of fork() may lead to deadlocks in the child.
  pid = os.fork()

[2024-11-10T11:37:22.873+0000] {standard_task_runner.py:72} INFO - Started process 1436 to run task
[2024-11-10T11:37:22.878+0000] {standard_task_runner.py:104} INFO - Running: ['***', 'tasks', 'run', 'fetch_and_store_amazon_books', 'create_table', 'scheduled__2024-07-05T00:00:00+00:00', '--job-id', '86', '--raw', '--subdir', 'DAGS_FOLDER/app.py', '--cfg-path', '/tmp/tmpseqcqmzq']
[2024-11-10T11:37:22.880+0000] {standard_task_runner.py:105} INFO - Job 86: Subtask create_table
[2024-11-10T11:37:22.979+0000] {task_command.py:467} INFO - Running <TaskInstance: fetch_and_store_amazon_books.create_table scheduled__2024-07-05T00:00:00+00:00 [running]> on host 0afc8c4a15bb
[2024-11-10T11:37:23.153+0000] {taskinstance.py:3132} INFO - Exporting env vars: AIRFLOW_CTX_DAG_OWNER='***' AIRFLOW_CTX_DAG_ID='fetch_and_store_amazon_books' AIRFLOW_CTX_TASK_ID='create_table' AIRFLOW_CTX_EXECUTION_DATE='2024-07-05T00:00:00+00:00' AIRFLOW_CTX_TRY_NUMBER='1' AIRFLOW_CTX_DAG_RUN_ID='scheduled__2024-07-05T00:00:00+00:00'
[2024-11-10T11:37:23.156+0000] {logging_mixin.py:190} INFO - Task instance is in running state
[2024-11-10T11:37:23.157+0000] {logging_mixin.py:190} INFO -  Previous state of the Task instance: queued
[2024-11-10T11:37:23.158+0000] {logging_mixin.py:190} INFO - Current task name:create_table state:running start_date:2024-11-10 11:37:22.805638+00:00
[2024-11-10T11:37:23.159+0000] {logging_mixin.py:190} INFO - Dag name:fetch_and_store_amazon_books and current dag run status:running
[2024-11-10T11:37:23.159+0000] {taskinstance.py:731} INFO - ::endgroup::
[2024-11-10T11:37:23.160+0000] {sql.py:278} INFO - Executing: 
    CREATE TABLE IF NOT EXISTS books (
        id SERIAL PRIMARY KEY,
        title TEXT NOT NULL,
        authors TEXT,
        price TEXT,
        rating TEXT
    );
    
[2024-11-10T11:37:23.178+0000] {base.py:84} INFO - Retrieving connection 'books_connection'
[2024-11-10T11:37:23.201+0000] {base.py:84} INFO - Retrieving connection 'books_connection'
[2024-11-10T11:37:23.237+0000] {sql.py:544} INFO - Running statement: 
    CREATE TABLE IF NOT EXISTS books (
        id SERIAL PRIMARY KEY,
        title TEXT NOT NULL,
        authors TEXT,
        price TEXT,
        rating TEXT
    );
    , parameters: None
[2024-11-10T11:37:23.264+0000] {taskinstance.py:340} INFO - ::group::Post task execution logs
[2024-11-10T11:37:23.265+0000] {taskinstance.py:352} INFO - Marking task as SUCCESS. dag_id=fetch_and_store_amazon_books, task_id=create_table, run_id=scheduled__2024-07-05T00:00:00+00:00, execution_date=20240705T000000, start_date=20241110T113722, end_date=20241110T113723
[2024-11-10T11:37:23.289+0000] {logging_mixin.py:190} INFO - Task instance in success state
[2024-11-10T11:37:23.290+0000] {logging_mixin.py:190} INFO -  Previous state of the Task instance: running
[2024-11-10T11:37:23.291+0000] {logging_mixin.py:190} INFO - Dag name:fetch_and_store_amazon_books queued_at:2024-11-10 11:37:03.018389+00:00
[2024-11-10T11:37:23.291+0000] {logging_mixin.py:190} INFO - Task hostname:0afc8c4a15bb operator:PostgresOperator
[2024-11-10T11:37:23.334+0000] {local_task_job_runner.py:266} INFO - Task exited with return code 0
[2024-11-10T11:37:23.370+0000] {taskinstance.py:3895} INFO - 1 downstream tasks scheduled from follow-on schedule check
[2024-11-10T11:37:23.380+0000] {local_task_job_runner.py:245} INFO - ::endgroup::
[2024-11-10T14:07:07.195+0000] {local_task_job_runner.py:123} INFO - ::group::Pre task execution logs
[2024-11-10T14:07:07.231+0000] {taskinstance.py:2613} INFO - Dependencies all met for dep_context=non-requeueable deps ti=<TaskInstance: fetch_and_store_amazon_books.create_table scheduled__2024-07-05T00:00:00+00:00 [queued]>
[2024-11-10T14:07:07.257+0000] {taskinstance.py:2613} INFO - Dependencies all met for dep_context=requeueable deps ti=<TaskInstance: fetch_and_store_amazon_books.create_table scheduled__2024-07-05T00:00:00+00:00 [queued]>
[2024-11-10T14:07:07.258+0000] {taskinstance.py:2866} INFO - Starting attempt 1 of 2
[2024-11-10T14:07:07.295+0000] {taskinstance.py:2889} INFO - Executing <Task(PostgresOperator): create_table> on 2024-07-05 00:00:00+00:00
[2024-11-10T14:07:07.321+0000] {warnings.py:112} WARNING - /home/***/.local/lib/python3.12/site-packages/***/task/task_runner/standard_task_runner.py:70: DeprecationWarning: This process (pid=4119) is multi-threaded, use of fork() may lead to deadlocks in the child.
  pid = os.fork()

[2024-11-10T14:07:07.325+0000] {standard_task_runner.py:72} INFO - Started process 4174 to run task
[2024-11-10T14:07:07.328+0000] {standard_task_runner.py:104} INFO - Running: ['***', 'tasks', 'run', 'fetch_and_store_amazon_books', 'create_table', 'scheduled__2024-07-05T00:00:00+00:00', '--job-id', '299', '--raw', '--subdir', 'DAGS_FOLDER/app.py', '--cfg-path', '/tmp/tmplbn5q_1i']
[2024-11-10T14:07:07.331+0000] {standard_task_runner.py:105} INFO - Job 299: Subtask create_table
[2024-11-10T14:07:07.479+0000] {task_command.py:467} INFO - Running <TaskInstance: fetch_and_store_amazon_books.create_table scheduled__2024-07-05T00:00:00+00:00 [running]> on host 0afc8c4a15bb
[2024-11-10T14:07:07.712+0000] {taskinstance.py:3132} INFO - Exporting env vars: AIRFLOW_CTX_DAG_OWNER='***' AIRFLOW_CTX_DAG_ID='fetch_and_store_amazon_books' AIRFLOW_CTX_TASK_ID='create_table' AIRFLOW_CTX_EXECUTION_DATE='2024-07-05T00:00:00+00:00' AIRFLOW_CTX_TRY_NUMBER='1' AIRFLOW_CTX_DAG_RUN_ID='scheduled__2024-07-05T00:00:00+00:00'
[2024-11-10T14:07:07.715+0000] {logging_mixin.py:190} INFO - Task instance is in running state
[2024-11-10T14:07:07.716+0000] {logging_mixin.py:190} INFO -  Previous state of the Task instance: queued
[2024-11-10T14:07:07.716+0000] {logging_mixin.py:190} INFO - Current task name:create_table state:running start_date:2024-11-10 14:07:07.232398+00:00
[2024-11-10T14:07:07.717+0000] {logging_mixin.py:190} INFO - Dag name:fetch_and_store_amazon_books and current dag run status:running
[2024-11-10T14:07:07.717+0000] {taskinstance.py:731} INFO - ::endgroup::
[2024-11-10T14:07:07.718+0000] {sql.py:278} INFO - Executing: 
    CREATE TABLE IF NOT EXISTS books (
        id SERIAL PRIMARY KEY,
        title TEXT NOT NULL,
        authors TEXT,
        price TEXT,
        rating TEXT
    );
    
[2024-11-10T14:07:07.735+0000] {base.py:84} INFO - Retrieving connection 'books_connection'
[2024-11-10T14:07:07.752+0000] {base.py:84} INFO - Retrieving connection 'books_connection'
[2024-11-10T14:07:07.763+0000] {sql.py:544} INFO - Running statement: 
    CREATE TABLE IF NOT EXISTS books (
        id SERIAL PRIMARY KEY,
        title TEXT NOT NULL,
        authors TEXT,
        price TEXT,
        rating TEXT
    );
    , parameters: None
[2024-11-10T14:07:07.787+0000] {taskinstance.py:340} INFO - ::group::Post task execution logs
[2024-11-10T14:07:07.787+0000] {taskinstance.py:352} INFO - Marking task as SUCCESS. dag_id=fetch_and_store_amazon_books, task_id=create_table, run_id=scheduled__2024-07-05T00:00:00+00:00, execution_date=20240705T000000, start_date=20241110T140707, end_date=20241110T140707
[2024-11-10T14:07:07.812+0000] {logging_mixin.py:190} INFO - Task instance in success state
[2024-11-10T14:07:07.812+0000] {logging_mixin.py:190} INFO -  Previous state of the Task instance: running
[2024-11-10T14:07:07.812+0000] {logging_mixin.py:190} INFO - Dag name:fetch_and_store_amazon_books queued_at:2024-11-10 14:06:47.871947+00:00
[2024-11-10T14:07:07.813+0000] {logging_mixin.py:190} INFO - Task hostname:0afc8c4a15bb operator:PostgresOperator
[2024-11-10T14:07:07.869+0000] {local_task_job_runner.py:266} INFO - Task exited with return code 0
[2024-11-10T14:07:07.909+0000] {taskinstance.py:3895} INFO - 1 downstream tasks scheduled from follow-on schedule check
[2024-11-10T14:07:07.913+0000] {local_task_job_runner.py:245} INFO - ::endgroup::
