[2024-11-10T11:37:30.329+0000] {local_task_job_runner.py:123} INFO - ::group::Pre task execution logs
[2024-11-10T11:37:30.401+0000] {taskinstance.py:2613} INFO - Dependencies all met for dep_context=non-requeueable deps ti=<TaskInstance: fetch_and_store_amazon_books.create_table scheduled__2024-07-16T00:00:00+00:00 [queued]>
[2024-11-10T11:37:30.425+0000] {taskinstance.py:2613} INFO - Dependencies all met for dep_context=requeueable deps ti=<TaskInstance: fetch_and_store_amazon_books.create_table scheduled__2024-07-16T00:00:00+00:00 [queued]>
[2024-11-10T11:37:30.426+0000] {taskinstance.py:2866} INFO - Starting attempt 1 of 2
[2024-11-10T11:37:30.463+0000] {taskinstance.py:2889} INFO - Executing <Task(PostgresOperator): create_table> on 2024-07-16 00:00:00+00:00
[2024-11-10T11:37:30.510+0000] {warnings.py:112} WARNING - /home/***/.local/lib/python3.12/site-packages/***/task/task_runner/standard_task_runner.py:70: DeprecationWarning: This process (pid=1426) is multi-threaded, use of fork() may lead to deadlocks in the child.
  pid = os.fork()

[2024-11-10T11:37:30.515+0000] {standard_task_runner.py:72} INFO - Started process 1468 to run task
[2024-11-10T11:37:30.518+0000] {standard_task_runner.py:104} INFO - Running: ['***', 'tasks', 'run', 'fetch_and_store_amazon_books', 'create_table', 'scheduled__2024-07-16T00:00:00+00:00', '--job-id', '94', '--raw', '--subdir', 'DAGS_FOLDER/app.py', '--cfg-path', '/tmp/tmpth63oh56']
[2024-11-10T11:37:30.520+0000] {standard_task_runner.py:105} INFO - Job 94: Subtask create_table
[2024-11-10T11:37:30.780+0000] {task_command.py:467} INFO - Running <TaskInstance: fetch_and_store_amazon_books.create_table scheduled__2024-07-16T00:00:00+00:00 [running]> on host 0afc8c4a15bb
[2024-11-10T11:37:31.007+0000] {taskinstance.py:3132} INFO - Exporting env vars: AIRFLOW_CTX_DAG_OWNER='***' AIRFLOW_CTX_DAG_ID='fetch_and_store_amazon_books' AIRFLOW_CTX_TASK_ID='create_table' AIRFLOW_CTX_EXECUTION_DATE='2024-07-16T00:00:00+00:00' AIRFLOW_CTX_TRY_NUMBER='1' AIRFLOW_CTX_DAG_RUN_ID='scheduled__2024-07-16T00:00:00+00:00'
[2024-11-10T11:37:31.012+0000] {logging_mixin.py:190} INFO - Task instance is in running state
[2024-11-10T11:37:31.012+0000] {logging_mixin.py:190} INFO -  Previous state of the Task instance: queued
[2024-11-10T11:37:31.014+0000] {logging_mixin.py:190} INFO - Current task name:create_table state:running start_date:2024-11-10 11:37:30.403838+00:00
[2024-11-10T11:37:31.015+0000] {logging_mixin.py:190} INFO - Dag name:fetch_and_store_amazon_books and current dag run status:running
[2024-11-10T11:37:31.015+0000] {taskinstance.py:731} INFO - ::endgroup::
[2024-11-10T11:37:31.016+0000] {sql.py:278} INFO - Executing: 
    CREATE TABLE IF NOT EXISTS books (
        id SERIAL PRIMARY KEY,
        title TEXT NOT NULL,
        authors TEXT,
        price TEXT,
        rating TEXT
    );
    
[2024-11-10T11:37:31.043+0000] {base.py:84} INFO - Retrieving connection 'books_connection'
[2024-11-10T11:37:31.068+0000] {base.py:84} INFO - Retrieving connection 'books_connection'
[2024-11-10T11:37:31.096+0000] {sql.py:544} INFO - Running statement: 
    CREATE TABLE IF NOT EXISTS books (
        id SERIAL PRIMARY KEY,
        title TEXT NOT NULL,
        authors TEXT,
        price TEXT,
        rating TEXT
    );
    , parameters: None
[2024-11-10T11:37:31.136+0000] {taskinstance.py:340} INFO - ::group::Post task execution logs
[2024-11-10T11:37:31.137+0000] {taskinstance.py:352} INFO - Marking task as SUCCESS. dag_id=fetch_and_store_amazon_books, task_id=create_table, run_id=scheduled__2024-07-16T00:00:00+00:00, execution_date=20240716T000000, start_date=20241110T113730, end_date=20241110T113731
[2024-11-10T11:37:31.161+0000] {logging_mixin.py:190} INFO - Task instance in success state
[2024-11-10T11:37:31.161+0000] {logging_mixin.py:190} INFO -  Previous state of the Task instance: running
[2024-11-10T11:37:31.162+0000] {logging_mixin.py:190} INFO - Dag name:fetch_and_store_amazon_books queued_at:2024-11-10 11:37:05.886672+00:00
[2024-11-10T11:37:31.163+0000] {logging_mixin.py:190} INFO - Task hostname:0afc8c4a15bb operator:PostgresOperator
[2024-11-10T11:37:31.234+0000] {local_task_job_runner.py:266} INFO - Task exited with return code 0
[2024-11-10T11:37:31.287+0000] {taskinstance.py:3895} INFO - 1 downstream tasks scheduled from follow-on schedule check
[2024-11-10T11:37:31.295+0000] {local_task_job_runner.py:245} INFO - ::endgroup::
[2024-11-10T14:07:14.782+0000] {local_task_job_runner.py:123} INFO - ::group::Pre task execution logs
[2024-11-10T14:07:14.821+0000] {taskinstance.py:2613} INFO - Dependencies all met for dep_context=non-requeueable deps ti=<TaskInstance: fetch_and_store_amazon_books.create_table scheduled__2024-07-16T00:00:00+00:00 [queued]>
[2024-11-10T14:07:14.839+0000] {taskinstance.py:2613} INFO - Dependencies all met for dep_context=requeueable deps ti=<TaskInstance: fetch_and_store_amazon_books.create_table scheduled__2024-07-16T00:00:00+00:00 [queued]>
[2024-11-10T14:07:14.840+0000] {taskinstance.py:2866} INFO - Starting attempt 1 of 2
[2024-11-10T14:07:14.869+0000] {taskinstance.py:2889} INFO - Executing <Task(PostgresOperator): create_table> on 2024-07-16 00:00:00+00:00
[2024-11-10T14:07:14.895+0000] {warnings.py:112} WARNING - /home/***/.local/lib/python3.12/site-packages/***/task/task_runner/standard_task_runner.py:70: DeprecationWarning: This process (pid=4162) is multi-threaded, use of fork() may lead to deadlocks in the child.
  pid = os.fork()

[2024-11-10T14:07:14.901+0000] {standard_task_runner.py:72} INFO - Started process 4198 to run task
[2024-11-10T14:07:14.902+0000] {standard_task_runner.py:104} INFO - Running: ['***', 'tasks', 'run', 'fetch_and_store_amazon_books', 'create_table', 'scheduled__2024-07-16T00:00:00+00:00', '--job-id', '310', '--raw', '--subdir', 'DAGS_FOLDER/app.py', '--cfg-path', '/tmp/tmpszoii0gl']
[2024-11-10T14:07:14.904+0000] {standard_task_runner.py:105} INFO - Job 310: Subtask create_table
[2024-11-10T14:07:15.024+0000] {task_command.py:467} INFO - Running <TaskInstance: fetch_and_store_amazon_books.create_table scheduled__2024-07-16T00:00:00+00:00 [running]> on host 0afc8c4a15bb
[2024-11-10T14:07:15.309+0000] {taskinstance.py:3132} INFO - Exporting env vars: AIRFLOW_CTX_DAG_OWNER='***' AIRFLOW_CTX_DAG_ID='fetch_and_store_amazon_books' AIRFLOW_CTX_TASK_ID='create_table' AIRFLOW_CTX_EXECUTION_DATE='2024-07-16T00:00:00+00:00' AIRFLOW_CTX_TRY_NUMBER='1' AIRFLOW_CTX_DAG_RUN_ID='scheduled__2024-07-16T00:00:00+00:00'
[2024-11-10T14:07:15.314+0000] {logging_mixin.py:190} INFO - Task instance is in running state
[2024-11-10T14:07:15.315+0000] {logging_mixin.py:190} INFO -  Previous state of the Task instance: queued
[2024-11-10T14:07:15.321+0000] {logging_mixin.py:190} INFO - Current task name:create_table state:running start_date:2024-11-10 14:07:14.822184+00:00
[2024-11-10T14:07:15.326+0000] {logging_mixin.py:190} INFO - Dag name:fetch_and_store_amazon_books and current dag run status:running
[2024-11-10T14:07:15.327+0000] {taskinstance.py:731} INFO - ::endgroup::
[2024-11-10T14:07:15.328+0000] {sql.py:278} INFO - Executing: 
    CREATE TABLE IF NOT EXISTS books (
        id SERIAL PRIMARY KEY,
        title TEXT NOT NULL,
        authors TEXT,
        price TEXT,
        rating TEXT
    );
    
[2024-11-10T14:07:15.359+0000] {base.py:84} INFO - Retrieving connection 'books_connection'
[2024-11-10T14:07:15.393+0000] {base.py:84} INFO - Retrieving connection 'books_connection'
[2024-11-10T14:07:15.408+0000] {sql.py:544} INFO - Running statement: 
    CREATE TABLE IF NOT EXISTS books (
        id SERIAL PRIMARY KEY,
        title TEXT NOT NULL,
        authors TEXT,
        price TEXT,
        rating TEXT
    );
    , parameters: None
[2024-11-10T14:07:15.450+0000] {taskinstance.py:340} INFO - ::group::Post task execution logs
[2024-11-10T14:07:15.452+0000] {taskinstance.py:352} INFO - Marking task as SUCCESS. dag_id=fetch_and_store_amazon_books, task_id=create_table, run_id=scheduled__2024-07-16T00:00:00+00:00, execution_date=20240716T000000, start_date=20241110T140714, end_date=20241110T140715
[2024-11-10T14:07:15.484+0000] {logging_mixin.py:190} INFO - Task instance in success state
[2024-11-10T14:07:15.485+0000] {logging_mixin.py:190} INFO -  Previous state of the Task instance: running
[2024-11-10T14:07:15.486+0000] {logging_mixin.py:190} INFO - Dag name:fetch_and_store_amazon_books queued_at:2024-11-10 14:06:52.029683+00:00
[2024-11-10T14:07:15.486+0000] {logging_mixin.py:190} INFO - Task hostname:0afc8c4a15bb operator:PostgresOperator
[2024-11-10T14:07:15.529+0000] {local_task_job_runner.py:266} INFO - Task exited with return code 0
[2024-11-10T14:07:15.560+0000] {local_task_job_runner.py:245} INFO - ::endgroup::
