[2024-11-10T11:48:28.901+0000] {local_task_job_runner.py:123} INFO - ::group::Pre task execution logs
[2024-11-10T11:48:28.925+0000] {taskinstance.py:2613} INFO - Dependencies all met for dep_context=non-requeueable deps ti=<TaskInstance: fetch_and_store_amazon_books.fetch_book_data scheduled__2024-08-07T00:00:00+00:00 [queued]>
[2024-11-10T11:48:28.938+0000] {taskinstance.py:2613} INFO - Dependencies all met for dep_context=requeueable deps ti=<TaskInstance: fetch_and_store_amazon_books.fetch_book_data scheduled__2024-08-07T00:00:00+00:00 [queued]>
[2024-11-10T11:48:28.938+0000] {taskinstance.py:2866} INFO - Starting attempt 1 of 2
[2024-11-10T11:48:28.958+0000] {taskinstance.py:2889} INFO - Executing <Task(PythonOperator): fetch_book_data> on 2024-08-07 00:00:00+00:00
[2024-11-10T11:48:28.974+0000] {warnings.py:112} WARNING - /home/***/.local/lib/python3.12/site-packages/***/task/task_runner/standard_task_runner.py:70: DeprecationWarning: This process (pid=1969) is multi-threaded, use of fork() may lead to deadlocks in the child.
  pid = os.fork()

[2024-11-10T11:48:28.977+0000] {standard_task_runner.py:72} INFO - Started process 1979 to run task
[2024-11-10T11:48:28.978+0000] {standard_task_runner.py:104} INFO - Running: ['***', 'tasks', 'run', 'fetch_and_store_amazon_books', 'fetch_book_data', 'scheduled__2024-08-07T00:00:00+00:00', '--job-id', '193', '--raw', '--subdir', 'DAGS_FOLDER/app.py', '--cfg-path', '/tmp/tmp4yy3rtt_']
[2024-11-10T11:48:28.979+0000] {standard_task_runner.py:105} INFO - Job 193: Subtask fetch_book_data
[2024-11-10T11:48:29.063+0000] {task_command.py:467} INFO - Running <TaskInstance: fetch_and_store_amazon_books.fetch_book_data scheduled__2024-08-07T00:00:00+00:00 [running]> on host 0afc8c4a15bb
[2024-11-10T11:48:29.205+0000] {taskinstance.py:3132} INFO - Exporting env vars: AIRFLOW_CTX_DAG_OWNER='***' AIRFLOW_CTX_DAG_ID='fetch_and_store_amazon_books' AIRFLOW_CTX_TASK_ID='fetch_book_data' AIRFLOW_CTX_EXECUTION_DATE='2024-08-07T00:00:00+00:00' AIRFLOW_CTX_TRY_NUMBER='1' AIRFLOW_CTX_DAG_RUN_ID='scheduled__2024-08-07T00:00:00+00:00'
[2024-11-10T11:48:29.208+0000] {logging_mixin.py:190} INFO - Task instance is in running state
[2024-11-10T11:48:29.209+0000] {logging_mixin.py:190} INFO -  Previous state of the Task instance: queued
[2024-11-10T11:48:29.209+0000] {logging_mixin.py:190} INFO - Current task name:fetch_book_data state:running start_date:2024-11-10 11:48:28.926123+00:00
[2024-11-10T11:48:29.209+0000] {logging_mixin.py:190} INFO - Dag name:fetch_and_store_amazon_books and current dag run status:running
[2024-11-10T11:48:29.210+0000] {taskinstance.py:731} INFO - ::endgroup::
[2024-11-10T11:48:31.272+0000] {app.py:32} ERROR - Failed to retrieve page 1: 503 Server Error: Service Unavailable for url: https://www.amazon.com/s?k=data+engineering+books&page=1
[2024-11-10T11:48:31.312+0000] {python.py:240} INFO - Done. Returned value was: None
[2024-11-10T11:48:31.337+0000] {taskinstance.py:340} INFO - ::group::Post task execution logs
[2024-11-10T11:48:31.337+0000] {taskinstance.py:352} INFO - Marking task as SUCCESS. dag_id=fetch_and_store_amazon_books, task_id=fetch_book_data, run_id=scheduled__2024-08-07T00:00:00+00:00, execution_date=20240807T000000, start_date=20241110T114828, end_date=20241110T114831
[2024-11-10T11:48:31.356+0000] {logging_mixin.py:190} INFO - Task instance in success state
[2024-11-10T11:48:31.357+0000] {logging_mixin.py:190} INFO -  Previous state of the Task instance: running
[2024-11-10T11:48:31.358+0000] {logging_mixin.py:190} INFO - Dag name:fetch_and_store_amazon_books queued_at:2024-11-10 11:48:25.528281+00:00
[2024-11-10T11:48:31.358+0000] {logging_mixin.py:190} INFO - Task hostname:0afc8c4a15bb operator:PythonOperator
[2024-11-10T11:48:31.401+0000] {local_task_job_runner.py:266} INFO - Task exited with return code 0
[2024-11-10T11:48:31.445+0000] {taskinstance.py:3895} INFO - 1 downstream tasks scheduled from follow-on schedule check
[2024-11-10T11:48:31.448+0000] {local_task_job_runner.py:245} INFO - ::endgroup::
[2024-11-10T14:08:08.356+0000] {local_task_job_runner.py:123} INFO - ::group::Pre task execution logs
[2024-11-10T14:08:08.384+0000] {taskinstance.py:2613} INFO - Dependencies all met for dep_context=non-requeueable deps ti=<TaskInstance: fetch_and_store_amazon_books.fetch_book_data scheduled__2024-08-07T00:00:00+00:00 [queued]>
[2024-11-10T14:08:08.400+0000] {taskinstance.py:2613} INFO - Dependencies all met for dep_context=requeueable deps ti=<TaskInstance: fetch_and_store_amazon_books.fetch_book_data scheduled__2024-08-07T00:00:00+00:00 [queued]>
[2024-11-10T14:08:08.400+0000] {taskinstance.py:2866} INFO - Starting attempt 1 of 2
[2024-11-10T14:08:08.423+0000] {taskinstance.py:2889} INFO - Executing <Task(PythonOperator): fetch_book_data> on 2024-08-07 00:00:00+00:00
[2024-11-10T14:08:08.440+0000] {warnings.py:112} WARNING - /home/***/.local/lib/python3.12/site-packages/***/task/task_runner/standard_task_runner.py:70: DeprecationWarning: This process (pid=4418) is multi-threaded, use of fork() may lead to deadlocks in the child.
  pid = os.fork()

[2024-11-10T14:08:08.443+0000] {standard_task_runner.py:72} INFO - Started process 4442 to run task
[2024-11-10T14:08:08.445+0000] {standard_task_runner.py:104} INFO - Running: ['***', 'tasks', 'run', 'fetch_and_store_amazon_books', 'fetch_book_data', 'scheduled__2024-08-07T00:00:00+00:00', '--job-id', '369', '--raw', '--subdir', 'DAGS_FOLDER/app.py', '--cfg-path', '/tmp/tmpuny7ld8x']
[2024-11-10T14:08:08.446+0000] {standard_task_runner.py:105} INFO - Job 369: Subtask fetch_book_data
[2024-11-10T14:08:08.517+0000] {task_command.py:467} INFO - Running <TaskInstance: fetch_and_store_amazon_books.fetch_book_data scheduled__2024-08-07T00:00:00+00:00 [running]> on host 0afc8c4a15bb
[2024-11-10T14:08:08.657+0000] {taskinstance.py:3132} INFO - Exporting env vars: AIRFLOW_CTX_DAG_OWNER='***' AIRFLOW_CTX_DAG_ID='fetch_and_store_amazon_books' AIRFLOW_CTX_TASK_ID='fetch_book_data' AIRFLOW_CTX_EXECUTION_DATE='2024-08-07T00:00:00+00:00' AIRFLOW_CTX_TRY_NUMBER='1' AIRFLOW_CTX_DAG_RUN_ID='scheduled__2024-08-07T00:00:00+00:00'
[2024-11-10T14:08:08.659+0000] {logging_mixin.py:190} INFO - Task instance is in running state
[2024-11-10T14:08:08.660+0000] {logging_mixin.py:190} INFO -  Previous state of the Task instance: queued
[2024-11-10T14:08:08.660+0000] {logging_mixin.py:190} INFO - Current task name:fetch_book_data state:running start_date:2024-11-10 14:08:08.385064+00:00
[2024-11-10T14:08:08.660+0000] {logging_mixin.py:190} INFO - Dag name:fetch_and_store_amazon_books and current dag run status:running
[2024-11-10T14:08:08.661+0000] {taskinstance.py:731} INFO - ::endgroup::
[2024-11-10T14:08:11.028+0000] {python.py:240} INFO - Done. Returned value was: None
[2024-11-10T14:08:11.047+0000] {taskinstance.py:340} INFO - ::group::Post task execution logs
[2024-11-10T14:08:11.048+0000] {taskinstance.py:352} INFO - Marking task as SUCCESS. dag_id=fetch_and_store_amazon_books, task_id=fetch_book_data, run_id=scheduled__2024-08-07T00:00:00+00:00, execution_date=20240807T000000, start_date=20241110T140808, end_date=20241110T140811
[2024-11-10T14:08:11.072+0000] {logging_mixin.py:190} INFO - Task instance in success state
[2024-11-10T14:08:11.072+0000] {logging_mixin.py:190} INFO -  Previous state of the Task instance: running
[2024-11-10T14:08:11.073+0000] {logging_mixin.py:190} INFO - Dag name:fetch_and_store_amazon_books queued_at:2024-11-10 14:08:03.413670+00:00
[2024-11-10T14:08:11.073+0000] {logging_mixin.py:190} INFO - Task hostname:0afc8c4a15bb operator:PythonOperator
[2024-11-10T14:08:11.111+0000] {local_task_job_runner.py:266} INFO - Task exited with return code 0
[2024-11-10T14:08:11.160+0000] {taskinstance.py:3895} INFO - 1 downstream tasks scheduled from follow-on schedule check
[2024-11-10T14:08:11.164+0000] {local_task_job_runner.py:245} INFO - ::endgroup::
