[2024-11-10T11:42:59.677+0000] {local_task_job_runner.py:123} INFO - ::group::Pre task execution logs
[2024-11-10T11:42:59.702+0000] {taskinstance.py:2613} INFO - Dependencies all met for dep_context=non-requeueable deps ti=<TaskInstance: fetch_and_store_amazon_books.create_table scheduled__2024-07-22T00:00:00+00:00 [queued]>
[2024-11-10T11:42:59.714+0000] {taskinstance.py:2613} INFO - Dependencies all met for dep_context=requeueable deps ti=<TaskInstance: fetch_and_store_amazon_books.create_table scheduled__2024-07-22T00:00:00+00:00 [queued]>
[2024-11-10T11:42:59.715+0000] {taskinstance.py:2866} INFO - Starting attempt 1 of 2
[2024-11-10T11:42:59.731+0000] {taskinstance.py:2889} INFO - Executing <Task(PostgresOperator): create_table> on 2024-07-22 00:00:00+00:00
[2024-11-10T11:42:59.747+0000] {warnings.py:112} WARNING - /home/***/.local/lib/python3.12/site-packages/***/task/task_runner/standard_task_runner.py:70: DeprecationWarning: This process (pid=1701) is multi-threaded, use of fork() may lead to deadlocks in the child.
  pid = os.fork()

[2024-11-10T11:42:59.750+0000] {standard_task_runner.py:72} INFO - Started process 1709 to run task
[2024-11-10T11:42:59.751+0000] {standard_task_runner.py:104} INFO - Running: ['***', 'tasks', 'run', 'fetch_and_store_amazon_books', 'create_table', 'scheduled__2024-07-22T00:00:00+00:00', '--job-id', '141', '--raw', '--subdir', 'DAGS_FOLDER/app.py', '--cfg-path', '/tmp/tmpjroc5lmx']
[2024-11-10T11:42:59.752+0000] {standard_task_runner.py:105} INFO - Job 141: Subtask create_table
[2024-11-10T11:42:59.821+0000] {task_command.py:467} INFO - Running <TaskInstance: fetch_and_store_amazon_books.create_table scheduled__2024-07-22T00:00:00+00:00 [running]> on host 0afc8c4a15bb
[2024-11-10T11:42:59.925+0000] {taskinstance.py:3132} INFO - Exporting env vars: AIRFLOW_CTX_DAG_OWNER='***' AIRFLOW_CTX_DAG_ID='fetch_and_store_amazon_books' AIRFLOW_CTX_TASK_ID='create_table' AIRFLOW_CTX_EXECUTION_DATE='2024-07-22T00:00:00+00:00' AIRFLOW_CTX_TRY_NUMBER='1' AIRFLOW_CTX_DAG_RUN_ID='scheduled__2024-07-22T00:00:00+00:00'
[2024-11-10T11:42:59.928+0000] {logging_mixin.py:190} INFO - Task instance is in running state
[2024-11-10T11:42:59.928+0000] {logging_mixin.py:190} INFO -  Previous state of the Task instance: queued
[2024-11-10T11:42:59.929+0000] {logging_mixin.py:190} INFO - Current task name:create_table state:running start_date:2024-11-10 11:42:59.702711+00:00
[2024-11-10T11:42:59.929+0000] {logging_mixin.py:190} INFO - Dag name:fetch_and_store_amazon_books and current dag run status:running
[2024-11-10T11:42:59.929+0000] {taskinstance.py:731} INFO - ::endgroup::
[2024-11-10T11:42:59.929+0000] {sql.py:278} INFO - Executing: 
    CREATE TABLE IF NOT EXISTS books (
        id SERIAL PRIMARY KEY,
        title TEXT NOT NULL,
        authors TEXT,
        price TEXT,
        rating TEXT
    );
    
[2024-11-10T11:42:59.941+0000] {base.py:84} INFO - Retrieving connection 'books_connection'
[2024-11-10T11:42:59.953+0000] {base.py:84} INFO - Retrieving connection 'books_connection'
[2024-11-10T11:42:59.960+0000] {sql.py:544} INFO - Running statement: 
    CREATE TABLE IF NOT EXISTS books (
        id SERIAL PRIMARY KEY,
        title TEXT NOT NULL,
        authors TEXT,
        price TEXT,
        rating TEXT
    );
    , parameters: None
[2024-11-10T11:42:59.976+0000] {taskinstance.py:340} INFO - ::group::Post task execution logs
[2024-11-10T11:42:59.977+0000] {taskinstance.py:352} INFO - Marking task as SUCCESS. dag_id=fetch_and_store_amazon_books, task_id=create_table, run_id=scheduled__2024-07-22T00:00:00+00:00, execution_date=20240722T000000, start_date=20241110T114259, end_date=20241110T114259
[2024-11-10T11:42:59.990+0000] {logging_mixin.py:190} INFO - Task instance in success state
[2024-11-10T11:42:59.991+0000] {logging_mixin.py:190} INFO -  Previous state of the Task instance: running
[2024-11-10T11:42:59.991+0000] {logging_mixin.py:190} INFO - Dag name:fetch_and_store_amazon_books queued_at:2024-11-10 11:42:48.382666+00:00
[2024-11-10T11:42:59.992+0000] {logging_mixin.py:190} INFO - Task hostname:0afc8c4a15bb operator:PostgresOperator
[2024-11-10T11:43:00.045+0000] {local_task_job_runner.py:266} INFO - Task exited with return code 0
[2024-11-10T11:43:00.077+0000] {taskinstance.py:3895} INFO - 1 downstream tasks scheduled from follow-on schedule check
[2024-11-10T11:43:00.079+0000] {local_task_job_runner.py:245} INFO - ::endgroup::
[2024-11-10T14:07:44.019+0000] {local_task_job_runner.py:123} INFO - ::group::Pre task execution logs
[2024-11-10T14:07:44.102+0000] {taskinstance.py:2613} INFO - Dependencies all met for dep_context=non-requeueable deps ti=<TaskInstance: fetch_and_store_amazon_books.create_table scheduled__2024-07-22T00:00:00+00:00 [queued]>
[2024-11-10T14:07:44.123+0000] {taskinstance.py:2613} INFO - Dependencies all met for dep_context=requeueable deps ti=<TaskInstance: fetch_and_store_amazon_books.create_table scheduled__2024-07-22T00:00:00+00:00 [queued]>
[2024-11-10T14:07:44.124+0000] {taskinstance.py:2866} INFO - Starting attempt 1 of 2
[2024-11-10T14:07:44.161+0000] {taskinstance.py:2889} INFO - Executing <Task(PostgresOperator): create_table> on 2024-07-22 00:00:00+00:00
[2024-11-10T14:07:44.202+0000] {warnings.py:112} WARNING - /home/***/.local/lib/python3.12/site-packages/***/task/task_runner/standard_task_runner.py:70: DeprecationWarning: This process (pid=4303) is multi-threaded, use of fork() may lead to deadlocks in the child.
  pid = os.fork()

[2024-11-10T14:07:44.207+0000] {standard_task_runner.py:72} INFO - Started process 4327 to run task
[2024-11-10T14:07:44.209+0000] {standard_task_runner.py:104} INFO - Running: ['***', 'tasks', 'run', 'fetch_and_store_amazon_books', 'create_table', 'scheduled__2024-07-22T00:00:00+00:00', '--job-id', '339', '--raw', '--subdir', 'DAGS_FOLDER/app.py', '--cfg-path', '/tmp/tmpt3s60166']
[2024-11-10T14:07:44.211+0000] {standard_task_runner.py:105} INFO - Job 339: Subtask create_table
[2024-11-10T14:07:44.382+0000] {task_command.py:467} INFO - Running <TaskInstance: fetch_and_store_amazon_books.create_table scheduled__2024-07-22T00:00:00+00:00 [running]> on host 0afc8c4a15bb
[2024-11-10T14:07:44.845+0000] {taskinstance.py:3132} INFO - Exporting env vars: AIRFLOW_CTX_DAG_OWNER='***' AIRFLOW_CTX_DAG_ID='fetch_and_store_amazon_books' AIRFLOW_CTX_TASK_ID='create_table' AIRFLOW_CTX_EXECUTION_DATE='2024-07-22T00:00:00+00:00' AIRFLOW_CTX_TRY_NUMBER='1' AIRFLOW_CTX_DAG_RUN_ID='scheduled__2024-07-22T00:00:00+00:00'
[2024-11-10T14:07:44.855+0000] {logging_mixin.py:190} INFO - Task instance is in running state
[2024-11-10T14:07:44.856+0000] {logging_mixin.py:190} INFO -  Previous state of the Task instance: queued
[2024-11-10T14:07:44.856+0000] {logging_mixin.py:190} INFO - Current task name:create_table state:running start_date:2024-11-10 14:07:44.103298+00:00
[2024-11-10T14:07:44.857+0000] {logging_mixin.py:190} INFO - Dag name:fetch_and_store_amazon_books and current dag run status:running
[2024-11-10T14:07:44.857+0000] {taskinstance.py:731} INFO - ::endgroup::
[2024-11-10T14:07:44.858+0000] {sql.py:278} INFO - Executing: 
    CREATE TABLE IF NOT EXISTS books (
        id SERIAL PRIMARY KEY,
        title TEXT NOT NULL,
        authors TEXT,
        price TEXT,
        rating TEXT
    );
    
[2024-11-10T14:07:44.888+0000] {base.py:84} INFO - Retrieving connection 'books_connection'
[2024-11-10T14:07:44.909+0000] {base.py:84} INFO - Retrieving connection 'books_connection'
[2024-11-10T14:07:44.928+0000] {sql.py:544} INFO - Running statement: 
    CREATE TABLE IF NOT EXISTS books (
        id SERIAL PRIMARY KEY,
        title TEXT NOT NULL,
        authors TEXT,
        price TEXT,
        rating TEXT
    );
    , parameters: None
[2024-11-10T14:07:44.969+0000] {taskinstance.py:340} INFO - ::group::Post task execution logs
[2024-11-10T14:07:44.972+0000] {taskinstance.py:352} INFO - Marking task as SUCCESS. dag_id=fetch_and_store_amazon_books, task_id=create_table, run_id=scheduled__2024-07-22T00:00:00+00:00, execution_date=20240722T000000, start_date=20241110T140744, end_date=20241110T140744
[2024-11-10T14:07:45.006+0000] {logging_mixin.py:190} INFO - Task instance in success state
[2024-11-10T14:07:45.009+0000] {logging_mixin.py:190} INFO -  Previous state of the Task instance: running
[2024-11-10T14:07:45.013+0000] {logging_mixin.py:190} INFO - Dag name:fetch_and_store_amazon_books queued_at:2024-11-10 14:07:30.334640+00:00
[2024-11-10T14:07:45.013+0000] {logging_mixin.py:190} INFO - Task hostname:0afc8c4a15bb operator:PostgresOperator
[2024-11-10T14:07:45.090+0000] {local_task_job_runner.py:266} INFO - Task exited with return code 0
[2024-11-10T14:07:45.133+0000] {taskinstance.py:3895} INFO - 1 downstream tasks scheduled from follow-on schedule check
[2024-11-10T14:07:45.140+0000] {local_task_job_runner.py:245} INFO - ::endgroup::
