[2024-11-10T11:30:48.938+0000] {local_task_job_runner.py:123} INFO - ::group::Pre task execution logs
[2024-11-10T11:30:49.095+0000] {taskinstance.py:2613} INFO - Dependencies all met for dep_context=non-requeueable deps ti=<TaskInstance: fetch_and_store_amazon_books.fetch_book_data scheduled__2024-06-24T00:00:00+00:00 [queued]>
[2024-11-10T11:30:49.133+0000] {taskinstance.py:2613} INFO - Dependencies all met for dep_context=requeueable deps ti=<TaskInstance: fetch_and_store_amazon_books.fetch_book_data scheduled__2024-06-24T00:00:00+00:00 [queued]>
[2024-11-10T11:30:49.134+0000] {taskinstance.py:2866} INFO - Starting attempt 1 of 2
[2024-11-10T11:30:49.190+0000] {taskinstance.py:2889} INFO - Executing <Task(PythonOperator): fetch_book_data> on 2024-06-24 00:00:00+00:00
[2024-11-10T11:30:49.269+0000] {warnings.py:112} WARNING - /home/***/.local/lib/python3.12/site-packages/***/task/task_runner/standard_task_runner.py:70: DeprecationWarning: This process (pid=1018) is multi-threaded, use of fork() may lead to deadlocks in the child.
  pid = os.fork()

[2024-11-10T11:30:49.272+0000] {standard_task_runner.py:72} INFO - Started process 1062 to run task
[2024-11-10T11:30:49.288+0000] {standard_task_runner.py:104} INFO - Running: ['***', 'tasks', 'run', 'fetch_and_store_amazon_books', 'fetch_book_data', 'scheduled__2024-06-24T00:00:00+00:00', '--job-id', '12', '--raw', '--subdir', 'DAGS_FOLDER/app.py', '--cfg-path', '/tmp/tmphptk1uk2']
[2024-11-10T11:30:49.290+0000] {standard_task_runner.py:105} INFO - Job 12: Subtask fetch_book_data
[2024-11-10T11:30:49.578+0000] {task_command.py:467} INFO - Running <TaskInstance: fetch_and_store_amazon_books.fetch_book_data scheduled__2024-06-24T00:00:00+00:00 [running]> on host 0afc8c4a15bb
[2024-11-10T11:30:49.898+0000] {taskinstance.py:3132} INFO - Exporting env vars: AIRFLOW_CTX_DAG_OWNER='***' AIRFLOW_CTX_DAG_ID='fetch_and_store_amazon_books' AIRFLOW_CTX_TASK_ID='fetch_book_data' AIRFLOW_CTX_EXECUTION_DATE='2024-06-24T00:00:00+00:00' AIRFLOW_CTX_TRY_NUMBER='1' AIRFLOW_CTX_DAG_RUN_ID='scheduled__2024-06-24T00:00:00+00:00'
[2024-11-10T11:30:49.901+0000] {logging_mixin.py:190} INFO - Task instance is in running state
[2024-11-10T11:30:49.901+0000] {logging_mixin.py:190} INFO -  Previous state of the Task instance: queued
[2024-11-10T11:30:49.902+0000] {logging_mixin.py:190} INFO - Current task name:fetch_book_data state:running start_date:2024-11-10 11:30:49.096603+00:00
[2024-11-10T11:30:49.902+0000] {logging_mixin.py:190} INFO - Dag name:fetch_and_store_amazon_books and current dag run status:running
[2024-11-10T11:30:49.903+0000] {taskinstance.py:731} INFO - ::endgroup::
[2024-11-10T11:30:51.252+0000] {logging_mixin.py:190} INFO - Failed to retrieve the page
[2024-11-10T11:30:51.310+0000] {python.py:240} INFO - Done. Returned value was: None
[2024-11-10T11:30:51.327+0000] {taskinstance.py:340} INFO - ::group::Post task execution logs
[2024-11-10T11:30:51.328+0000] {taskinstance.py:352} INFO - Marking task as SUCCESS. dag_id=fetch_and_store_amazon_books, task_id=fetch_book_data, run_id=scheduled__2024-06-24T00:00:00+00:00, execution_date=20240624T000000, start_date=20241110T113049, end_date=20241110T113051
[2024-11-10T11:30:51.352+0000] {logging_mixin.py:190} INFO - Task instance in success state
[2024-11-10T11:30:51.353+0000] {logging_mixin.py:190} INFO -  Previous state of the Task instance: running
[2024-11-10T11:30:51.354+0000] {logging_mixin.py:190} INFO - Dag name:fetch_and_store_amazon_books queued_at:2024-11-10 11:30:17.167695+00:00
[2024-11-10T11:30:51.355+0000] {logging_mixin.py:190} INFO - Task hostname:0afc8c4a15bb operator:PythonOperator
[2024-11-10T11:30:51.402+0000] {local_task_job_runner.py:266} INFO - Task exited with return code 0
[2024-11-10T11:30:51.428+0000] {local_task_job_runner.py:245} INFO - ::endgroup::
[2024-11-10T14:06:06.559+0000] {local_task_job_runner.py:123} INFO - ::group::Pre task execution logs
[2024-11-10T14:06:06.640+0000] {taskinstance.py:2613} INFO - Dependencies all met for dep_context=non-requeueable deps ti=<TaskInstance: fetch_and_store_amazon_books.fetch_book_data scheduled__2024-06-24T00:00:00+00:00 [queued]>
[2024-11-10T14:06:06.704+0000] {taskinstance.py:2613} INFO - Dependencies all met for dep_context=requeueable deps ti=<TaskInstance: fetch_and_store_amazon_books.fetch_book_data scheduled__2024-06-24T00:00:00+00:00 [queued]>
[2024-11-10T14:06:06.705+0000] {taskinstance.py:2866} INFO - Starting attempt 1 of 2
[2024-11-10T14:06:07.215+0000] {taskinstance.py:2889} INFO - Executing <Task(PythonOperator): fetch_book_data> on 2024-06-24 00:00:00+00:00
[2024-11-10T14:06:07.392+0000] {warnings.py:112} WARNING - /home/***/.local/lib/python3.12/site-packages/***/task/task_runner/standard_task_runner.py:70: DeprecationWarning: This process (pid=3891) is multi-threaded, use of fork() may lead to deadlocks in the child.
  pid = os.fork()

[2024-11-10T14:06:07.399+0000] {standard_task_runner.py:72} INFO - Started process 3934 to run task
[2024-11-10T14:06:07.429+0000] {standard_task_runner.py:104} INFO - Running: ['***', 'tasks', 'run', 'fetch_and_store_amazon_books', 'fetch_book_data', 'scheduled__2024-06-24T00:00:00+00:00', '--job-id', '243', '--raw', '--subdir', 'DAGS_FOLDER/app.py', '--cfg-path', '/tmp/tmpm37wo_9c']
[2024-11-10T14:06:07.436+0000] {standard_task_runner.py:105} INFO - Job 243: Subtask fetch_book_data
[2024-11-10T14:06:07.864+0000] {task_command.py:467} INFO - Running <TaskInstance: fetch_and_store_amazon_books.fetch_book_data scheduled__2024-06-24T00:00:00+00:00 [running]> on host 0afc8c4a15bb
[2024-11-10T14:06:08.390+0000] {taskinstance.py:3132} INFO - Exporting env vars: AIRFLOW_CTX_DAG_OWNER='***' AIRFLOW_CTX_DAG_ID='fetch_and_store_amazon_books' AIRFLOW_CTX_TASK_ID='fetch_book_data' AIRFLOW_CTX_EXECUTION_DATE='2024-06-24T00:00:00+00:00' AIRFLOW_CTX_TRY_NUMBER='1' AIRFLOW_CTX_DAG_RUN_ID='scheduled__2024-06-24T00:00:00+00:00'
[2024-11-10T14:06:08.402+0000] {logging_mixin.py:190} INFO - Task instance is in running state
[2024-11-10T14:06:08.403+0000] {logging_mixin.py:190} INFO -  Previous state of the Task instance: queued
[2024-11-10T14:06:08.403+0000] {logging_mixin.py:190} INFO - Current task name:fetch_book_data state:running start_date:2024-11-10 14:06:06.641071+00:00
[2024-11-10T14:06:08.404+0000] {logging_mixin.py:190} INFO - Dag name:fetch_and_store_amazon_books and current dag run status:running
[2024-11-10T14:06:08.404+0000] {taskinstance.py:731} INFO - ::endgroup::
[2024-11-10T14:06:11.533+0000] {python.py:240} INFO - Done. Returned value was: None
[2024-11-10T14:06:11.568+0000] {taskinstance.py:340} INFO - ::group::Post task execution logs
[2024-11-10T14:06:11.570+0000] {taskinstance.py:352} INFO - Marking task as SUCCESS. dag_id=fetch_and_store_amazon_books, task_id=fetch_book_data, run_id=scheduled__2024-06-24T00:00:00+00:00, execution_date=20240624T000000, start_date=20241110T140606, end_date=20241110T140611
[2024-11-10T14:06:11.606+0000] {logging_mixin.py:190} INFO - Task instance in success state
[2024-11-10T14:06:11.609+0000] {logging_mixin.py:190} INFO -  Previous state of the Task instance: running
[2024-11-10T14:06:11.613+0000] {logging_mixin.py:190} INFO - Dag name:fetch_and_store_amazon_books queued_at:2024-11-10 14:05:18.967073+00:00
[2024-11-10T14:06:11.614+0000] {logging_mixin.py:190} INFO - Task hostname:0afc8c4a15bb operator:PythonOperator
[2024-11-10T14:06:11.716+0000] {local_task_job_runner.py:266} INFO - Task exited with return code 0
[2024-11-10T14:06:11.824+0000] {taskinstance.py:3895} INFO - 1 downstream tasks scheduled from follow-on schedule check
[2024-11-10T14:06:11.828+0000] {local_task_job_runner.py:245} INFO - ::endgroup::
