[2024-11-10T11:49:10.655+0000] {local_task_job_runner.py:123} INFO - ::group::Pre task execution logs
[2024-11-10T11:49:10.693+0000] {taskinstance.py:2613} INFO - Dependencies all met for dep_context=non-requeueable deps ti=<TaskInstance: fetch_and_store_amazon_books.create_table scheduled__2024-08-15T00:00:00+00:00 [queued]>
[2024-11-10T11:49:10.708+0000] {taskinstance.py:2613} INFO - Dependencies all met for dep_context=requeueable deps ti=<TaskInstance: fetch_and_store_amazon_books.create_table scheduled__2024-08-15T00:00:00+00:00 [queued]>
[2024-11-10T11:49:10.709+0000] {taskinstance.py:2866} INFO - Starting attempt 1 of 2
[2024-11-10T11:49:10.734+0000] {taskinstance.py:2889} INFO - Executing <Task(PostgresOperator): create_table> on 2024-08-15 00:00:00+00:00
[2024-11-10T11:49:10.756+0000] {warnings.py:112} WARNING - /home/***/.local/lib/python3.12/site-packages/***/task/task_runner/standard_task_runner.py:70: DeprecationWarning: This process (pid=2109) is multi-threaded, use of fork() may lead to deadlocks in the child.
  pid = os.fork()

[2024-11-10T11:49:10.759+0000] {standard_task_runner.py:72} INFO - Started process 2134 to run task
[2024-11-10T11:49:10.760+0000] {standard_task_runner.py:104} INFO - Running: ['***', 'tasks', 'run', 'fetch_and_store_amazon_books', 'create_table', 'scheduled__2024-08-15T00:00:00+00:00', '--job-id', '228', '--raw', '--subdir', 'DAGS_FOLDER/app.py', '--cfg-path', '/tmp/tmpu9_mns68']
[2024-11-10T11:49:10.762+0000] {standard_task_runner.py:105} INFO - Job 228: Subtask create_table
[2024-11-10T11:49:10.861+0000] {task_command.py:467} INFO - Running <TaskInstance: fetch_and_store_amazon_books.create_table scheduled__2024-08-15T00:00:00+00:00 [running]> on host 0afc8c4a15bb
[2024-11-10T11:49:11.045+0000] {taskinstance.py:3132} INFO - Exporting env vars: AIRFLOW_CTX_DAG_OWNER='***' AIRFLOW_CTX_DAG_ID='fetch_and_store_amazon_books' AIRFLOW_CTX_TASK_ID='create_table' AIRFLOW_CTX_EXECUTION_DATE='2024-08-15T00:00:00+00:00' AIRFLOW_CTX_TRY_NUMBER='1' AIRFLOW_CTX_DAG_RUN_ID='scheduled__2024-08-15T00:00:00+00:00'
[2024-11-10T11:49:11.049+0000] {logging_mixin.py:190} INFO - Task instance is in running state
[2024-11-10T11:49:11.050+0000] {logging_mixin.py:190} INFO -  Previous state of the Task instance: queued
[2024-11-10T11:49:11.051+0000] {logging_mixin.py:190} INFO - Current task name:create_table state:running start_date:2024-11-10 11:49:10.693862+00:00
[2024-11-10T11:49:11.052+0000] {logging_mixin.py:190} INFO - Dag name:fetch_and_store_amazon_books and current dag run status:running
[2024-11-10T11:49:11.052+0000] {taskinstance.py:731} INFO - ::endgroup::
[2024-11-10T11:49:11.053+0000] {sql.py:278} INFO - Executing: 
    CREATE TABLE IF NOT EXISTS books (
        id SERIAL PRIMARY KEY,
        title TEXT NOT NULL,
        authors TEXT,
        price TEXT,
        rating TEXT
    );
    
[2024-11-10T11:49:11.070+0000] {base.py:84} INFO - Retrieving connection 'books_connection'
[2024-11-10T11:49:11.089+0000] {base.py:84} INFO - Retrieving connection 'books_connection'
[2024-11-10T11:49:11.103+0000] {sql.py:544} INFO - Running statement: 
    CREATE TABLE IF NOT EXISTS books (
        id SERIAL PRIMARY KEY,
        title TEXT NOT NULL,
        authors TEXT,
        price TEXT,
        rating TEXT
    );
    , parameters: None
[2024-11-10T11:49:11.130+0000] {taskinstance.py:340} INFO - ::group::Post task execution logs
[2024-11-10T11:49:11.131+0000] {taskinstance.py:352} INFO - Marking task as SUCCESS. dag_id=fetch_and_store_amazon_books, task_id=create_table, run_id=scheduled__2024-08-15T00:00:00+00:00, execution_date=20240815T000000, start_date=20241110T114910, end_date=20241110T114911
[2024-11-10T11:49:11.150+0000] {logging_mixin.py:190} INFO - Task instance in success state
[2024-11-10T11:49:11.151+0000] {logging_mixin.py:190} INFO -  Previous state of the Task instance: running
[2024-11-10T11:49:11.152+0000] {logging_mixin.py:190} INFO - Dag name:fetch_and_store_amazon_books queued_at:2024-11-10 11:48:56.617873+00:00
[2024-11-10T11:49:11.153+0000] {logging_mixin.py:190} INFO - Task hostname:0afc8c4a15bb operator:PostgresOperator
[2024-11-10T11:49:11.221+0000] {local_task_job_runner.py:266} INFO - Task exited with return code 0
[2024-11-10T11:49:11.259+0000] {taskinstance.py:3895} INFO - 1 downstream tasks scheduled from follow-on schedule check
[2024-11-10T11:49:11.266+0000] {local_task_job_runner.py:245} INFO - ::endgroup::
[2024-11-10T14:08:41.996+0000] {local_task_job_runner.py:123} INFO - ::group::Pre task execution logs
[2024-11-10T14:08:42.048+0000] {taskinstance.py:2613} INFO - Dependencies all met for dep_context=non-requeueable deps ti=<TaskInstance: fetch_and_store_amazon_books.create_table scheduled__2024-08-15T00:00:00+00:00 [queued]>
[2024-11-10T14:08:42.070+0000] {taskinstance.py:2613} INFO - Dependencies all met for dep_context=requeueable deps ti=<TaskInstance: fetch_and_store_amazon_books.create_table scheduled__2024-08-15T00:00:00+00:00 [queued]>
[2024-11-10T14:08:42.071+0000] {taskinstance.py:2866} INFO - Starting attempt 1 of 2
[2024-11-10T14:08:42.112+0000] {taskinstance.py:2889} INFO - Executing <Task(PostgresOperator): create_table> on 2024-08-15 00:00:00+00:00
[2024-11-10T14:08:42.143+0000] {warnings.py:112} WARNING - /home/***/.local/lib/python3.12/site-packages/***/task/task_runner/standard_task_runner.py:70: DeprecationWarning: This process (pid=4589) is multi-threaded, use of fork() may lead to deadlocks in the child.
  pid = os.fork()

[2024-11-10T14:08:42.148+0000] {standard_task_runner.py:72} INFO - Started process 4622 to run task
[2024-11-10T14:08:42.149+0000] {standard_task_runner.py:104} INFO - Running: ['***', 'tasks', 'run', 'fetch_and_store_amazon_books', 'create_table', 'scheduled__2024-08-15T00:00:00+00:00', '--job-id', '410', '--raw', '--subdir', 'DAGS_FOLDER/app.py', '--cfg-path', '/tmp/tmplnsz1jzi']
[2024-11-10T14:08:42.151+0000] {standard_task_runner.py:105} INFO - Job 410: Subtask create_table
[2024-11-10T14:08:42.297+0000] {task_command.py:467} INFO - Running <TaskInstance: fetch_and_store_amazon_books.create_table scheduled__2024-08-15T00:00:00+00:00 [running]> on host 0afc8c4a15bb
[2024-11-10T14:08:42.517+0000] {taskinstance.py:3132} INFO - Exporting env vars: AIRFLOW_CTX_DAG_OWNER='***' AIRFLOW_CTX_DAG_ID='fetch_and_store_amazon_books' AIRFLOW_CTX_TASK_ID='create_table' AIRFLOW_CTX_EXECUTION_DATE='2024-08-15T00:00:00+00:00' AIRFLOW_CTX_TRY_NUMBER='1' AIRFLOW_CTX_DAG_RUN_ID='scheduled__2024-08-15T00:00:00+00:00'
[2024-11-10T14:08:42.522+0000] {logging_mixin.py:190} INFO - Task instance is in running state
[2024-11-10T14:08:42.523+0000] {logging_mixin.py:190} INFO -  Previous state of the Task instance: queued
[2024-11-10T14:08:42.523+0000] {logging_mixin.py:190} INFO - Current task name:create_table state:running start_date:2024-11-10 14:08:42.048794+00:00
[2024-11-10T14:08:42.523+0000] {logging_mixin.py:190} INFO - Dag name:fetch_and_store_amazon_books and current dag run status:running
[2024-11-10T14:08:42.524+0000] {taskinstance.py:731} INFO - ::endgroup::
[2024-11-10T14:08:42.524+0000] {sql.py:278} INFO - Executing: 
    CREATE TABLE IF NOT EXISTS books (
        id SERIAL PRIMARY KEY,
        title TEXT NOT NULL,
        authors TEXT,
        price TEXT,
        rating TEXT
    );
    
[2024-11-10T14:08:42.543+0000] {base.py:84} INFO - Retrieving connection 'books_connection'
[2024-11-10T14:08:42.561+0000] {base.py:84} INFO - Retrieving connection 'books_connection'
[2024-11-10T14:08:42.572+0000] {sql.py:544} INFO - Running statement: 
    CREATE TABLE IF NOT EXISTS books (
        id SERIAL PRIMARY KEY,
        title TEXT NOT NULL,
        authors TEXT,
        price TEXT,
        rating TEXT
    );
    , parameters: None
[2024-11-10T14:08:42.601+0000] {taskinstance.py:340} INFO - ::group::Post task execution logs
[2024-11-10T14:08:42.602+0000] {taskinstance.py:352} INFO - Marking task as SUCCESS. dag_id=fetch_and_store_amazon_books, task_id=create_table, run_id=scheduled__2024-08-15T00:00:00+00:00, execution_date=20240815T000000, start_date=20241110T140842, end_date=20241110T140842
[2024-11-10T14:08:42.642+0000] {logging_mixin.py:190} INFO - Task instance in success state
[2024-11-10T14:08:42.643+0000] {logging_mixin.py:190} INFO -  Previous state of the Task instance: running
[2024-11-10T14:08:42.643+0000] {logging_mixin.py:190} INFO - Dag name:fetch_and_store_amazon_books queued_at:2024-11-10 14:08:27.020225+00:00
[2024-11-10T14:08:42.643+0000] {logging_mixin.py:190} INFO - Task hostname:0afc8c4a15bb operator:PostgresOperator
[2024-11-10T14:08:42.696+0000] {local_task_job_runner.py:266} INFO - Task exited with return code 0
[2024-11-10T14:08:42.738+0000] {taskinstance.py:3895} INFO - 1 downstream tasks scheduled from follow-on schedule check
[2024-11-10T14:08:42.743+0000] {local_task_job_runner.py:245} INFO - ::endgroup::
