[2024-11-10T11:42:19.240+0000] {local_task_job_runner.py:123} INFO - ::group::Pre task execution logs
[2024-11-10T11:42:19.265+0000] {taskinstance.py:2613} INFO - Dependencies all met for dep_context=non-requeueable deps ti=<TaskInstance: fetch_and_store_amazon_books.fetch_book_data scheduled__2024-07-20T00:00:00+00:00 [queued]>
[2024-11-10T11:42:19.276+0000] {taskinstance.py:2613} INFO - Dependencies all met for dep_context=requeueable deps ti=<TaskInstance: fetch_and_store_amazon_books.fetch_book_data scheduled__2024-07-20T00:00:00+00:00 [queued]>
[2024-11-10T11:42:19.276+0000] {taskinstance.py:2866} INFO - Starting attempt 1 of 2
[2024-11-10T11:42:19.290+0000] {taskinstance.py:2889} INFO - Executing <Task(PythonOperator): fetch_book_data> on 2024-07-20 00:00:00+00:00
[2024-11-10T11:42:19.303+0000] {warnings.py:112} WARNING - /home/***/.local/lib/python3.12/site-packages/***/task/task_runner/standard_task_runner.py:70: DeprecationWarning: This process (pid=1618) is multi-threaded, use of fork() may lead to deadlocks in the child.
  pid = os.fork()

[2024-11-10T11:42:19.304+0000] {standard_task_runner.py:72} INFO - Started process 1620 to run task
[2024-11-10T11:42:19.306+0000] {standard_task_runner.py:104} INFO - Running: ['***', 'tasks', 'run', 'fetch_and_store_amazon_books', 'fetch_book_data', 'scheduled__2024-07-20T00:00:00+00:00', '--job-id', '121', '--raw', '--subdir', 'DAGS_FOLDER/app.py', '--cfg-path', '/tmp/tmp45myql5v']
[2024-11-10T11:42:19.307+0000] {standard_task_runner.py:105} INFO - Job 121: Subtask fetch_book_data
[2024-11-10T11:42:19.376+0000] {task_command.py:467} INFO - Running <TaskInstance: fetch_and_store_amazon_books.fetch_book_data scheduled__2024-07-20T00:00:00+00:00 [running]> on host 0afc8c4a15bb
[2024-11-10T11:42:19.482+0000] {taskinstance.py:3132} INFO - Exporting env vars: AIRFLOW_CTX_DAG_OWNER='***' AIRFLOW_CTX_DAG_ID='fetch_and_store_amazon_books' AIRFLOW_CTX_TASK_ID='fetch_book_data' AIRFLOW_CTX_EXECUTION_DATE='2024-07-20T00:00:00+00:00' AIRFLOW_CTX_TRY_NUMBER='1' AIRFLOW_CTX_DAG_RUN_ID='scheduled__2024-07-20T00:00:00+00:00'
[2024-11-10T11:42:19.483+0000] {logging_mixin.py:190} INFO - Task instance is in running state
[2024-11-10T11:42:19.483+0000] {logging_mixin.py:190} INFO -  Previous state of the Task instance: queued
[2024-11-10T11:42:19.484+0000] {logging_mixin.py:190} INFO - Current task name:fetch_book_data state:running start_date:2024-11-10 11:42:19.265761+00:00
[2024-11-10T11:42:19.484+0000] {logging_mixin.py:190} INFO - Dag name:fetch_and_store_amazon_books and current dag run status:running
[2024-11-10T11:42:19.484+0000] {taskinstance.py:731} INFO - ::endgroup::
[2024-11-10T11:42:21.268+0000] {logging_mixin.py:190} INFO - Failed to retrieve the page
[2024-11-10T11:42:21.293+0000] {python.py:240} INFO - Done. Returned value was: None
[2024-11-10T11:42:21.309+0000] {taskinstance.py:340} INFO - ::group::Post task execution logs
[2024-11-10T11:42:21.309+0000] {taskinstance.py:352} INFO - Marking task as SUCCESS. dag_id=fetch_and_store_amazon_books, task_id=fetch_book_data, run_id=scheduled__2024-07-20T00:00:00+00:00, execution_date=20240720T000000, start_date=20241110T114219, end_date=20241110T114221
[2024-11-10T11:42:21.430+0000] {logging_mixin.py:190} INFO - Task instance in success state
[2024-11-10T11:42:21.431+0000] {logging_mixin.py:190} INFO -  Previous state of the Task instance: running
[2024-11-10T11:42:21.431+0000] {logging_mixin.py:190} INFO - Dag name:fetch_and_store_amazon_books queued_at:2024-11-10 11:42:16.013034+00:00
[2024-11-10T11:42:21.431+0000] {logging_mixin.py:190} INFO - Task hostname:0afc8c4a15bb operator:PythonOperator
[2024-11-10T11:42:21.488+0000] {local_task_job_runner.py:266} INFO - Task exited with return code 0
[2024-11-10T11:42:21.526+0000] {taskinstance.py:3895} INFO - 1 downstream tasks scheduled from follow-on schedule check
[2024-11-10T11:42:21.528+0000] {local_task_job_runner.py:245} INFO - ::endgroup::
[2024-11-10T14:07:35.290+0000] {local_task_job_runner.py:123} INFO - ::group::Pre task execution logs
[2024-11-10T14:07:35.336+0000] {taskinstance.py:2613} INFO - Dependencies all met for dep_context=non-requeueable deps ti=<TaskInstance: fetch_and_store_amazon_books.fetch_book_data scheduled__2024-07-20T00:00:00+00:00 [queued]>
[2024-11-10T14:07:35.366+0000] {taskinstance.py:2613} INFO - Dependencies all met for dep_context=requeueable deps ti=<TaskInstance: fetch_and_store_amazon_books.fetch_book_data scheduled__2024-07-20T00:00:00+00:00 [queued]>
[2024-11-10T14:07:35.367+0000] {taskinstance.py:2866} INFO - Starting attempt 1 of 2
[2024-11-10T14:07:35.400+0000] {taskinstance.py:2889} INFO - Executing <Task(PythonOperator): fetch_book_data> on 2024-07-20 00:00:00+00:00
[2024-11-10T14:07:35.437+0000] {warnings.py:112} WARNING - /home/***/.local/lib/python3.12/site-packages/***/task/task_runner/standard_task_runner.py:70: DeprecationWarning: This process (pid=4254) is multi-threaded, use of fork() may lead to deadlocks in the child.
  pid = os.fork()

[2024-11-10T14:07:35.442+0000] {standard_task_runner.py:72} INFO - Started process 4280 to run task
[2024-11-10T14:07:35.449+0000] {standard_task_runner.py:104} INFO - Running: ['***', 'tasks', 'run', 'fetch_and_store_amazon_books', 'fetch_book_data', 'scheduled__2024-07-20T00:00:00+00:00', '--job-id', '329', '--raw', '--subdir', 'DAGS_FOLDER/app.py', '--cfg-path', '/tmp/tmploxedvs4']
[2024-11-10T14:07:35.451+0000] {standard_task_runner.py:105} INFO - Job 329: Subtask fetch_book_data
[2024-11-10T14:07:35.597+0000] {task_command.py:467} INFO - Running <TaskInstance: fetch_and_store_amazon_books.fetch_book_data scheduled__2024-07-20T00:00:00+00:00 [running]> on host 0afc8c4a15bb
[2024-11-10T14:07:35.844+0000] {taskinstance.py:3132} INFO - Exporting env vars: AIRFLOW_CTX_DAG_OWNER='***' AIRFLOW_CTX_DAG_ID='fetch_and_store_amazon_books' AIRFLOW_CTX_TASK_ID='fetch_book_data' AIRFLOW_CTX_EXECUTION_DATE='2024-07-20T00:00:00+00:00' AIRFLOW_CTX_TRY_NUMBER='1' AIRFLOW_CTX_DAG_RUN_ID='scheduled__2024-07-20T00:00:00+00:00'
[2024-11-10T14:07:35.847+0000] {logging_mixin.py:190} INFO - Task instance is in running state
[2024-11-10T14:07:35.848+0000] {logging_mixin.py:190} INFO -  Previous state of the Task instance: queued
[2024-11-10T14:07:35.849+0000] {logging_mixin.py:190} INFO - Current task name:fetch_book_data state:running start_date:2024-11-10 14:07:35.338813+00:00
[2024-11-10T14:07:35.849+0000] {logging_mixin.py:190} INFO - Dag name:fetch_and_store_amazon_books and current dag run status:running
[2024-11-10T14:07:35.849+0000] {taskinstance.py:731} INFO - ::endgroup::
[2024-11-10T14:07:38.164+0000] {python.py:240} INFO - Done. Returned value was: None
[2024-11-10T14:07:38.183+0000] {taskinstance.py:340} INFO - ::group::Post task execution logs
[2024-11-10T14:07:38.184+0000] {taskinstance.py:352} INFO - Marking task as SUCCESS. dag_id=fetch_and_store_amazon_books, task_id=fetch_book_data, run_id=scheduled__2024-07-20T00:00:00+00:00, execution_date=20240720T000000, start_date=20241110T140735, end_date=20241110T140738
[2024-11-10T14:07:38.204+0000] {logging_mixin.py:190} INFO - Task instance in success state
[2024-11-10T14:07:38.205+0000] {logging_mixin.py:190} INFO -  Previous state of the Task instance: running
[2024-11-10T14:07:38.205+0000] {logging_mixin.py:190} INFO - Dag name:fetch_and_store_amazon_books queued_at:2024-11-10 14:07:30.006249+00:00
[2024-11-10T14:07:38.206+0000] {logging_mixin.py:190} INFO - Task hostname:0afc8c4a15bb operator:PythonOperator
[2024-11-10T14:07:38.250+0000] {local_task_job_runner.py:266} INFO - Task exited with return code 0
[2024-11-10T14:07:38.302+0000] {taskinstance.py:3895} INFO - 1 downstream tasks scheduled from follow-on schedule check
[2024-11-10T14:07:38.307+0000] {local_task_job_runner.py:245} INFO - ::endgroup::
