[2024-11-10T11:31:11.715+0000] {local_task_job_runner.py:123} INFO - ::group::Pre task execution logs
[2024-11-10T11:31:11.798+0000] {taskinstance.py:2613} INFO - Dependencies all met for dep_context=non-requeueable deps ti=<TaskInstance: fetch_and_store_amazon_books.create_table scheduled__2024-07-01T00:00:00+00:00 [queued]>
[2024-11-10T11:31:11.841+0000] {taskinstance.py:2613} INFO - Dependencies all met for dep_context=requeueable deps ti=<TaskInstance: fetch_and_store_amazon_books.create_table scheduled__2024-07-01T00:00:00+00:00 [queued]>
[2024-11-10T11:31:11.842+0000] {taskinstance.py:2866} INFO - Starting attempt 1 of 2
[2024-11-10T11:31:11.895+0000] {taskinstance.py:2889} INFO - Executing <Task(PostgresOperator): create_table> on 2024-07-01 00:00:00+00:00
[2024-11-10T11:31:11.964+0000] {standard_task_runner.py:104} INFO - Running: ['***', 'tasks', 'run', 'fetch_and_store_amazon_books', 'create_table', 'scheduled__2024-07-01T00:00:00+00:00', '--job-id', '25', '--raw', '--subdir', 'DAGS_FOLDER/app.py', '--cfg-path', '/tmp/tmp2lzh48_d']
[2024-11-10T11:31:11.966+0000] {standard_task_runner.py:105} INFO - Job 25: Subtask create_table
[2024-11-10T11:31:11.959+0000] {warnings.py:112} WARNING - /home/***/.local/lib/python3.12/site-packages/***/task/task_runner/standard_task_runner.py:70: DeprecationWarning: This process (pid=1072) is multi-threaded, use of fork() may lead to deadlocks in the child.
  pid = os.fork()

[2024-11-10T11:31:11.971+0000] {standard_task_runner.py:72} INFO - Started process 1120 to run task
[2024-11-10T11:31:12.145+0000] {task_command.py:467} INFO - Running <TaskInstance: fetch_and_store_amazon_books.create_table scheduled__2024-07-01T00:00:00+00:00 [running]> on host 0afc8c4a15bb
[2024-11-10T11:31:12.562+0000] {taskinstance.py:3132} INFO - Exporting env vars: AIRFLOW_CTX_DAG_OWNER='***' AIRFLOW_CTX_DAG_ID='fetch_and_store_amazon_books' AIRFLOW_CTX_TASK_ID='create_table' AIRFLOW_CTX_EXECUTION_DATE='2024-07-01T00:00:00+00:00' AIRFLOW_CTX_TRY_NUMBER='1' AIRFLOW_CTX_DAG_RUN_ID='scheduled__2024-07-01T00:00:00+00:00'
[2024-11-10T11:31:12.577+0000] {logging_mixin.py:190} INFO - Task instance is in running state
[2024-11-10T11:31:12.578+0000] {logging_mixin.py:190} INFO -  Previous state of the Task instance: queued
[2024-11-10T11:31:12.579+0000] {logging_mixin.py:190} INFO - Current task name:create_table state:running start_date:2024-11-10 11:31:11.799690+00:00
[2024-11-10T11:31:12.580+0000] {logging_mixin.py:190} INFO - Dag name:fetch_and_store_amazon_books and current dag run status:running
[2024-11-10T11:31:12.580+0000] {taskinstance.py:731} INFO - ::endgroup::
[2024-11-10T11:31:12.587+0000] {sql.py:278} INFO - Executing: 
    CREATE TABLE IF NOT EXISTS books (
        id SERIAL PRIMARY KEY,
        title TEXT NOT NULL,
        authors TEXT,
        price TEXT,
        rating TEXT
    );
    
[2024-11-10T11:31:12.658+0000] {base.py:84} INFO - Retrieving connection 'books_connection'
[2024-11-10T11:31:12.712+0000] {base.py:84} INFO - Retrieving connection 'books_connection'
[2024-11-10T11:31:12.751+0000] {sql.py:544} INFO - Running statement: 
    CREATE TABLE IF NOT EXISTS books (
        id SERIAL PRIMARY KEY,
        title TEXT NOT NULL,
        authors TEXT,
        price TEXT,
        rating TEXT
    );
    , parameters: None
[2024-11-10T11:31:12.820+0000] {taskinstance.py:340} INFO - ::group::Post task execution logs
[2024-11-10T11:31:12.824+0000] {taskinstance.py:352} INFO - Marking task as SUCCESS. dag_id=fetch_and_store_amazon_books, task_id=create_table, run_id=scheduled__2024-07-01T00:00:00+00:00, execution_date=20240701T000000, start_date=20241110T113111, end_date=20241110T113112
[2024-11-10T11:31:12.855+0000] {logging_mixin.py:190} INFO - Task instance in success state
[2024-11-10T11:31:12.862+0000] {logging_mixin.py:190} INFO -  Previous state of the Task instance: running
[2024-11-10T11:31:12.873+0000] {logging_mixin.py:190} INFO - Dag name:fetch_and_store_amazon_books queued_at:2024-11-10 11:30:18.629150+00:00
[2024-11-10T11:31:12.874+0000] {logging_mixin.py:190} INFO - Task hostname:0afc8c4a15bb operator:PostgresOperator
[2024-11-10T11:31:12.989+0000] {local_task_job_runner.py:266} INFO - Task exited with return code 0
[2024-11-10T11:31:13.065+0000] {taskinstance.py:3895} INFO - 1 downstream tasks scheduled from follow-on schedule check
[2024-11-10T11:31:13.071+0000] {local_task_job_runner.py:245} INFO - ::endgroup::
[2024-11-10T14:06:26.415+0000] {local_task_job_runner.py:123} INFO - ::group::Pre task execution logs
[2024-11-10T14:06:26.455+0000] {taskinstance.py:2613} INFO - Dependencies all met for dep_context=non-requeueable deps ti=<TaskInstance: fetch_and_store_amazon_books.create_table scheduled__2024-07-01T00:00:00+00:00 [queued]>
[2024-11-10T14:06:26.492+0000] {taskinstance.py:2613} INFO - Dependencies all met for dep_context=requeueable deps ti=<TaskInstance: fetch_and_store_amazon_books.create_table scheduled__2024-07-01T00:00:00+00:00 [queued]>
[2024-11-10T14:06:26.492+0000] {taskinstance.py:2866} INFO - Starting attempt 1 of 2
[2024-11-10T14:06:26.525+0000] {taskinstance.py:2889} INFO - Executing <Task(PostgresOperator): create_table> on 2024-07-01 00:00:00+00:00
[2024-11-10T14:06:26.547+0000] {warnings.py:112} WARNING - /home/***/.local/lib/python3.12/site-packages/***/task/task_runner/standard_task_runner.py:70: DeprecationWarning: This process (pid=3980) is multi-threaded, use of fork() may lead to deadlocks in the child.
  pid = os.fork()

[2024-11-10T14:06:26.549+0000] {standard_task_runner.py:72} INFO - Started process 4045 to run task
[2024-11-10T14:06:26.551+0000] {standard_task_runner.py:104} INFO - Running: ['***', 'tasks', 'run', 'fetch_and_store_amazon_books', 'create_table', 'scheduled__2024-07-01T00:00:00+00:00', '--job-id', '268', '--raw', '--subdir', 'DAGS_FOLDER/app.py', '--cfg-path', '/tmp/tmpv6icz4ij']
[2024-11-10T14:06:26.552+0000] {standard_task_runner.py:105} INFO - Job 268: Subtask create_table
[2024-11-10T14:06:26.664+0000] {task_command.py:467} INFO - Running <TaskInstance: fetch_and_store_amazon_books.create_table scheduled__2024-07-01T00:00:00+00:00 [running]> on host 0afc8c4a15bb
[2024-11-10T14:06:26.900+0000] {taskinstance.py:3132} INFO - Exporting env vars: AIRFLOW_CTX_DAG_OWNER='***' AIRFLOW_CTX_DAG_ID='fetch_and_store_amazon_books' AIRFLOW_CTX_TASK_ID='create_table' AIRFLOW_CTX_EXECUTION_DATE='2024-07-01T00:00:00+00:00' AIRFLOW_CTX_TRY_NUMBER='1' AIRFLOW_CTX_DAG_RUN_ID='scheduled__2024-07-01T00:00:00+00:00'
[2024-11-10T14:06:26.904+0000] {logging_mixin.py:190} INFO - Task instance is in running state
[2024-11-10T14:06:26.906+0000] {logging_mixin.py:190} INFO -  Previous state of the Task instance: queued
[2024-11-10T14:06:26.908+0000] {logging_mixin.py:190} INFO - Current task name:create_table state:running start_date:2024-11-10 14:06:26.456643+00:00
[2024-11-10T14:06:26.910+0000] {logging_mixin.py:190} INFO - Dag name:fetch_and_store_amazon_books and current dag run status:running
[2024-11-10T14:06:26.910+0000] {taskinstance.py:731} INFO - ::endgroup::
[2024-11-10T14:06:26.911+0000] {sql.py:278} INFO - Executing: 
    CREATE TABLE IF NOT EXISTS books (
        id SERIAL PRIMARY KEY,
        title TEXT NOT NULL,
        authors TEXT,
        price TEXT,
        rating TEXT
    );
    
[2024-11-10T14:06:26.937+0000] {base.py:84} INFO - Retrieving connection 'books_connection'
[2024-11-10T14:06:26.969+0000] {base.py:84} INFO - Retrieving connection 'books_connection'
[2024-11-10T14:06:26.981+0000] {sql.py:544} INFO - Running statement: 
    CREATE TABLE IF NOT EXISTS books (
        id SERIAL PRIMARY KEY,
        title TEXT NOT NULL,
        authors TEXT,
        price TEXT,
        rating TEXT
    );
    , parameters: None
[2024-11-10T14:06:27.012+0000] {taskinstance.py:340} INFO - ::group::Post task execution logs
[2024-11-10T14:06:27.013+0000] {taskinstance.py:352} INFO - Marking task as SUCCESS. dag_id=fetch_and_store_amazon_books, task_id=create_table, run_id=scheduled__2024-07-01T00:00:00+00:00, execution_date=20240701T000000, start_date=20241110T140626, end_date=20241110T140627
[2024-11-10T14:06:27.038+0000] {logging_mixin.py:190} INFO - Task instance in success state
[2024-11-10T14:06:27.039+0000] {logging_mixin.py:190} INFO -  Previous state of the Task instance: running
[2024-11-10T14:06:27.040+0000] {logging_mixin.py:190} INFO - Dag name:fetch_and_store_amazon_books queued_at:2024-11-10 14:05:20.984867+00:00
[2024-11-10T14:06:27.040+0000] {logging_mixin.py:190} INFO - Task hostname:0afc8c4a15bb operator:PostgresOperator
[2024-11-10T14:06:27.091+0000] {local_task_job_runner.py:266} INFO - Task exited with return code 0
[2024-11-10T14:06:27.129+0000] {taskinstance.py:3895} INFO - 0 downstream tasks scheduled from follow-on schedule check
[2024-11-10T14:06:27.135+0000] {local_task_job_runner.py:245} INFO - ::endgroup::
