[2024-11-10T11:30:48.602+0000] {local_task_job_runner.py:123} INFO - ::group::Pre task execution logs
[2024-11-10T11:30:48.703+0000] {taskinstance.py:2613} INFO - Dependencies all met for dep_context=non-requeueable deps ti=<TaskInstance: fetch_and_store_amazon_books.fetch_book_data scheduled__2024-07-01T00:00:00+00:00 [queued]>
[2024-11-10T11:30:48.756+0000] {taskinstance.py:2613} INFO - Dependencies all met for dep_context=requeueable deps ti=<TaskInstance: fetch_and_store_amazon_books.fetch_book_data scheduled__2024-07-01T00:00:00+00:00 [queued]>
[2024-11-10T11:30:48.758+0000] {taskinstance.py:2866} INFO - Starting attempt 1 of 2
[2024-11-10T11:30:48.886+0000] {taskinstance.py:2889} INFO - Executing <Task(PythonOperator): fetch_book_data> on 2024-07-01 00:00:00+00:00
[2024-11-10T11:30:48.965+0000] {warnings.py:112} WARNING - /home/***/.local/lib/python3.12/site-packages/***/task/task_runner/standard_task_runner.py:70: DeprecationWarning: This process (pid=1033) is multi-threaded, use of fork() may lead to deadlocks in the child.
  pid = os.fork()

[2024-11-10T11:30:48.972+0000] {standard_task_runner.py:72} INFO - Started process 1060 to run task
[2024-11-10T11:30:49.007+0000] {standard_task_runner.py:104} INFO - Running: ['***', 'tasks', 'run', 'fetch_and_store_amazon_books', 'fetch_book_data', 'scheduled__2024-07-01T00:00:00+00:00', '--job-id', '11', '--raw', '--subdir', 'DAGS_FOLDER/app.py', '--cfg-path', '/tmp/tmpkvrezhzj']
[2024-11-10T11:30:49.012+0000] {standard_task_runner.py:105} INFO - Job 11: Subtask fetch_book_data
[2024-11-10T11:30:49.346+0000] {task_command.py:467} INFO - Running <TaskInstance: fetch_and_store_amazon_books.fetch_book_data scheduled__2024-07-01T00:00:00+00:00 [running]> on host 0afc8c4a15bb
[2024-11-10T11:30:49.735+0000] {taskinstance.py:3132} INFO - Exporting env vars: AIRFLOW_CTX_DAG_OWNER='***' AIRFLOW_CTX_DAG_ID='fetch_and_store_amazon_books' AIRFLOW_CTX_TASK_ID='fetch_book_data' AIRFLOW_CTX_EXECUTION_DATE='2024-07-01T00:00:00+00:00' AIRFLOW_CTX_TRY_NUMBER='1' AIRFLOW_CTX_DAG_RUN_ID='scheduled__2024-07-01T00:00:00+00:00'
[2024-11-10T11:30:49.771+0000] {logging_mixin.py:190} INFO - Task instance is in running state
[2024-11-10T11:30:49.772+0000] {logging_mixin.py:190} INFO -  Previous state of the Task instance: queued
[2024-11-10T11:30:49.772+0000] {logging_mixin.py:190} INFO - Current task name:fetch_book_data state:running start_date:2024-11-10 11:30:48.704306+00:00
[2024-11-10T11:30:49.772+0000] {logging_mixin.py:190} INFO - Dag name:fetch_and_store_amazon_books and current dag run status:running
[2024-11-10T11:30:49.773+0000] {taskinstance.py:731} INFO - ::endgroup::
[2024-11-10T11:30:50.281+0000] {logging_mixin.py:190} INFO - Failed to retrieve the page
[2024-11-10T11:30:50.335+0000] {python.py:240} INFO - Done. Returned value was: None
[2024-11-10T11:30:50.377+0000] {taskinstance.py:340} INFO - ::group::Post task execution logs
[2024-11-10T11:30:50.377+0000] {taskinstance.py:352} INFO - Marking task as SUCCESS. dag_id=fetch_and_store_amazon_books, task_id=fetch_book_data, run_id=scheduled__2024-07-01T00:00:00+00:00, execution_date=20240701T000000, start_date=20241110T113048, end_date=20241110T113050
[2024-11-10T11:30:50.633+0000] {logging_mixin.py:190} INFO - Task instance in success state
[2024-11-10T11:30:50.635+0000] {logging_mixin.py:190} INFO -  Previous state of the Task instance: running
[2024-11-10T11:30:50.640+0000] {logging_mixin.py:190} INFO - Dag name:fetch_and_store_amazon_books queued_at:2024-11-10 11:30:18.629150+00:00
[2024-11-10T11:30:50.643+0000] {logging_mixin.py:190} INFO - Task hostname:0afc8c4a15bb operator:PythonOperator
[2024-11-10T11:30:50.717+0000] {local_task_job_runner.py:266} INFO - Task exited with return code 0
[2024-11-10T11:30:50.802+0000] {taskinstance.py:3895} INFO - 1 downstream tasks scheduled from follow-on schedule check
[2024-11-10T11:30:50.811+0000] {local_task_job_runner.py:245} INFO - ::endgroup::
[2024-11-10T14:06:12.098+0000] {local_task_job_runner.py:123} INFO - ::group::Pre task execution logs
[2024-11-10T14:06:12.168+0000] {taskinstance.py:2613} INFO - Dependencies all met for dep_context=non-requeueable deps ti=<TaskInstance: fetch_and_store_amazon_books.fetch_book_data scheduled__2024-07-01T00:00:00+00:00 [queued]>
[2024-11-10T14:06:12.190+0000] {taskinstance.py:2613} INFO - Dependencies all met for dep_context=requeueable deps ti=<TaskInstance: fetch_and_store_amazon_books.fetch_book_data scheduled__2024-07-01T00:00:00+00:00 [queued]>
[2024-11-10T14:06:12.192+0000] {taskinstance.py:2866} INFO - Starting attempt 1 of 2
[2024-11-10T14:06:12.233+0000] {taskinstance.py:2889} INFO - Executing <Task(PythonOperator): fetch_book_data> on 2024-07-01 00:00:00+00:00
[2024-11-10T14:06:12.259+0000] {warnings.py:112} WARNING - /home/***/.local/lib/python3.12/site-packages/***/task/task_runner/standard_task_runner.py:70: DeprecationWarning: This process (pid=3905) is multi-threaded, use of fork() may lead to deadlocks in the child.
  pid = os.fork()

[2024-11-10T14:06:12.264+0000] {standard_task_runner.py:72} INFO - Started process 3954 to run task
[2024-11-10T14:06:12.266+0000] {standard_task_runner.py:104} INFO - Running: ['***', 'tasks', 'run', 'fetch_and_store_amazon_books', 'fetch_book_data', 'scheduled__2024-07-01T00:00:00+00:00', '--job-id', '252', '--raw', '--subdir', 'DAGS_FOLDER/app.py', '--cfg-path', '/tmp/tmptow_lsae']
[2024-11-10T14:06:12.269+0000] {standard_task_runner.py:105} INFO - Job 252: Subtask fetch_book_data
[2024-11-10T14:06:12.390+0000] {task_command.py:467} INFO - Running <TaskInstance: fetch_and_store_amazon_books.fetch_book_data scheduled__2024-07-01T00:00:00+00:00 [running]> on host 0afc8c4a15bb
[2024-11-10T14:06:12.639+0000] {taskinstance.py:3132} INFO - Exporting env vars: AIRFLOW_CTX_DAG_OWNER='***' AIRFLOW_CTX_DAG_ID='fetch_and_store_amazon_books' AIRFLOW_CTX_TASK_ID='fetch_book_data' AIRFLOW_CTX_EXECUTION_DATE='2024-07-01T00:00:00+00:00' AIRFLOW_CTX_TRY_NUMBER='1' AIRFLOW_CTX_DAG_RUN_ID='scheduled__2024-07-01T00:00:00+00:00'
[2024-11-10T14:06:12.643+0000] {logging_mixin.py:190} INFO - Task instance is in running state
[2024-11-10T14:06:12.646+0000] {logging_mixin.py:190} INFO -  Previous state of the Task instance: queued
[2024-11-10T14:06:12.647+0000] {logging_mixin.py:190} INFO - Current task name:fetch_book_data state:running start_date:2024-11-10 14:06:12.170228+00:00
[2024-11-10T14:06:12.649+0000] {logging_mixin.py:190} INFO - Dag name:fetch_and_store_amazon_books and current dag run status:running
[2024-11-10T14:06:12.651+0000] {taskinstance.py:731} INFO - ::endgroup::
[2024-11-10T14:06:15.228+0000] {python.py:240} INFO - Done. Returned value was: None
[2024-11-10T14:06:15.264+0000] {taskinstance.py:340} INFO - ::group::Post task execution logs
[2024-11-10T14:06:15.265+0000] {taskinstance.py:352} INFO - Marking task as SUCCESS. dag_id=fetch_and_store_amazon_books, task_id=fetch_book_data, run_id=scheduled__2024-07-01T00:00:00+00:00, execution_date=20240701T000000, start_date=20241110T140612, end_date=20241110T140615
[2024-11-10T14:06:15.298+0000] {logging_mixin.py:190} INFO - Task instance in success state
[2024-11-10T14:06:15.299+0000] {logging_mixin.py:190} INFO -  Previous state of the Task instance: running
[2024-11-10T14:06:15.299+0000] {logging_mixin.py:190} INFO - Dag name:fetch_and_store_amazon_books queued_at:2024-11-10 14:05:20.984867+00:00
[2024-11-10T14:06:15.300+0000] {logging_mixin.py:190} INFO - Task hostname:0afc8c4a15bb operator:PythonOperator
[2024-11-10T14:06:15.350+0000] {local_task_job_runner.py:266} INFO - Task exited with return code 0
[2024-11-10T14:06:15.421+0000] {taskinstance.py:3895} INFO - 1 downstream tasks scheduled from follow-on schedule check
[2024-11-10T14:06:15.429+0000] {local_task_job_runner.py:245} INFO - ::endgroup::
