[2024-11-10T11:47:17.248+0000] {local_task_job_runner.py:123} INFO - ::group::Pre task execution logs
[2024-11-10T11:47:17.278+0000] {taskinstance.py:2613} INFO - Dependencies all met for dep_context=non-requeueable deps ti=<TaskInstance: fetch_and_store_amazon_books.create_table scheduled__2024-08-04T00:00:00+00:00 [queued]>
[2024-11-10T11:47:17.296+0000] {taskinstance.py:2613} INFO - Dependencies all met for dep_context=requeueable deps ti=<TaskInstance: fetch_and_store_amazon_books.create_table scheduled__2024-08-04T00:00:00+00:00 [queued]>
[2024-11-10T11:47:17.297+0000] {taskinstance.py:2866} INFO - Starting attempt 1 of 2
[2024-11-10T11:47:17.322+0000] {taskinstance.py:2889} INFO - Executing <Task(PostgresOperator): create_table> on 2024-08-04 00:00:00+00:00
[2024-11-10T11:47:17.345+0000] {warnings.py:112} WARNING - /home/***/.local/lib/python3.12/site-packages/***/task/task_runner/standard_task_runner.py:70: DeprecationWarning: This process (pid=1917) is multi-threaded, use of fork() may lead to deadlocks in the child.
  pid = os.fork()

[2024-11-10T11:47:17.350+0000] {standard_task_runner.py:72} INFO - Started process 1919 to run task
[2024-11-10T11:47:17.351+0000] {standard_task_runner.py:104} INFO - Running: ['***', 'tasks', 'run', 'fetch_and_store_amazon_books', 'create_table', 'scheduled__2024-08-04T00:00:00+00:00', '--job-id', '182', '--raw', '--subdir', 'DAGS_FOLDER/app.py', '--cfg-path', '/tmp/tmpdkab1n8c']
[2024-11-10T11:47:17.361+0000] {standard_task_runner.py:105} INFO - Job 182: Subtask create_table
[2024-11-10T11:47:17.497+0000] {task_command.py:467} INFO - Running <TaskInstance: fetch_and_store_amazon_books.create_table scheduled__2024-08-04T00:00:00+00:00 [running]> on host 0afc8c4a15bb
[2024-11-10T11:47:17.683+0000] {taskinstance.py:3132} INFO - Exporting env vars: AIRFLOW_CTX_DAG_OWNER='***' AIRFLOW_CTX_DAG_ID='fetch_and_store_amazon_books' AIRFLOW_CTX_TASK_ID='create_table' AIRFLOW_CTX_EXECUTION_DATE='2024-08-04T00:00:00+00:00' AIRFLOW_CTX_TRY_NUMBER='1' AIRFLOW_CTX_DAG_RUN_ID='scheduled__2024-08-04T00:00:00+00:00'
[2024-11-10T11:47:17.687+0000] {logging_mixin.py:190} INFO - Task instance is in running state
[2024-11-10T11:47:17.687+0000] {logging_mixin.py:190} INFO -  Previous state of the Task instance: queued
[2024-11-10T11:47:17.688+0000] {logging_mixin.py:190} INFO - Current task name:create_table state:running start_date:2024-11-10 11:47:17.279789+00:00
[2024-11-10T11:47:17.688+0000] {logging_mixin.py:190} INFO - Dag name:fetch_and_store_amazon_books and current dag run status:running
[2024-11-10T11:47:17.689+0000] {taskinstance.py:731} INFO - ::endgroup::
[2024-11-10T11:47:17.689+0000] {sql.py:278} INFO - Executing: 
    CREATE TABLE IF NOT EXISTS books (
        id SERIAL PRIMARY KEY,
        title TEXT NOT NULL,
        authors TEXT,
        price TEXT,
        rating TEXT
    );
    
[2024-11-10T11:47:17.706+0000] {base.py:84} INFO - Retrieving connection 'books_connection'
[2024-11-10T11:47:17.722+0000] {base.py:84} INFO - Retrieving connection 'books_connection'
[2024-11-10T11:47:17.737+0000] {sql.py:544} INFO - Running statement: 
    CREATE TABLE IF NOT EXISTS books (
        id SERIAL PRIMARY KEY,
        title TEXT NOT NULL,
        authors TEXT,
        price TEXT,
        rating TEXT
    );
    , parameters: None
[2024-11-10T11:47:17.767+0000] {taskinstance.py:340} INFO - ::group::Post task execution logs
[2024-11-10T11:47:17.768+0000] {taskinstance.py:352} INFO - Marking task as SUCCESS. dag_id=fetch_and_store_amazon_books, task_id=create_table, run_id=scheduled__2024-08-04T00:00:00+00:00, execution_date=20240804T000000, start_date=20241110T114717, end_date=20241110T114717
[2024-11-10T11:47:17.797+0000] {logging_mixin.py:190} INFO - Task instance in success state
[2024-11-10T11:47:17.798+0000] {logging_mixin.py:190} INFO -  Previous state of the Task instance: running
[2024-11-10T11:47:17.799+0000] {logging_mixin.py:190} INFO - Dag name:fetch_and_store_amazon_books queued_at:2024-11-10 11:47:10.193474+00:00
[2024-11-10T11:47:17.799+0000] {logging_mixin.py:190} INFO - Task hostname:0afc8c4a15bb operator:PostgresOperator
[2024-11-10T11:47:17.852+0000] {local_task_job_runner.py:266} INFO - Task exited with return code 0
[2024-11-10T11:47:17.900+0000] {taskinstance.py:3895} INFO - 1 downstream tasks scheduled from follow-on schedule check
[2024-11-10T11:47:17.904+0000] {local_task_job_runner.py:245} INFO - ::endgroup::
[2024-11-10T14:08:14.112+0000] {local_task_job_runner.py:123} INFO - ::group::Pre task execution logs
[2024-11-10T14:08:14.148+0000] {taskinstance.py:2613} INFO - Dependencies all met for dep_context=non-requeueable deps ti=<TaskInstance: fetch_and_store_amazon_books.create_table scheduled__2024-08-04T00:00:00+00:00 [queued]>
[2024-11-10T14:08:14.170+0000] {taskinstance.py:2613} INFO - Dependencies all met for dep_context=requeueable deps ti=<TaskInstance: fetch_and_store_amazon_books.create_table scheduled__2024-08-04T00:00:00+00:00 [queued]>
[2024-11-10T14:08:14.171+0000] {taskinstance.py:2866} INFO - Starting attempt 1 of 2
[2024-11-10T14:08:14.205+0000] {taskinstance.py:2889} INFO - Executing <Task(PostgresOperator): create_table> on 2024-08-04 00:00:00+00:00
[2024-11-10T14:08:14.229+0000] {warnings.py:112} WARNING - /home/***/.local/lib/python3.12/site-packages/***/task/task_runner/standard_task_runner.py:70: DeprecationWarning: This process (pid=4455) is multi-threaded, use of fork() may lead to deadlocks in the child.
  pid = os.fork()

[2024-11-10T14:08:14.234+0000] {standard_task_runner.py:72} INFO - Started process 4478 to run task
[2024-11-10T14:08:14.237+0000] {standard_task_runner.py:104} INFO - Running: ['***', 'tasks', 'run', 'fetch_and_store_amazon_books', 'create_table', 'scheduled__2024-08-04T00:00:00+00:00', '--job-id', '377', '--raw', '--subdir', 'DAGS_FOLDER/app.py', '--cfg-path', '/tmp/tmp6gtbqafs']
[2024-11-10T14:08:14.239+0000] {standard_task_runner.py:105} INFO - Job 377: Subtask create_table
[2024-11-10T14:08:14.349+0000] {task_command.py:467} INFO - Running <TaskInstance: fetch_and_store_amazon_books.create_table scheduled__2024-08-04T00:00:00+00:00 [running]> on host 0afc8c4a15bb
[2024-11-10T14:08:14.547+0000] {taskinstance.py:3132} INFO - Exporting env vars: AIRFLOW_CTX_DAG_OWNER='***' AIRFLOW_CTX_DAG_ID='fetch_and_store_amazon_books' AIRFLOW_CTX_TASK_ID='create_table' AIRFLOW_CTX_EXECUTION_DATE='2024-08-04T00:00:00+00:00' AIRFLOW_CTX_TRY_NUMBER='1' AIRFLOW_CTX_DAG_RUN_ID='scheduled__2024-08-04T00:00:00+00:00'
[2024-11-10T14:08:14.551+0000] {logging_mixin.py:190} INFO - Task instance is in running state
[2024-11-10T14:08:14.552+0000] {logging_mixin.py:190} INFO -  Previous state of the Task instance: queued
[2024-11-10T14:08:14.552+0000] {logging_mixin.py:190} INFO - Current task name:create_table state:running start_date:2024-11-10 14:08:14.148891+00:00
[2024-11-10T14:08:14.553+0000] {logging_mixin.py:190} INFO - Dag name:fetch_and_store_amazon_books and current dag run status:running
[2024-11-10T14:08:14.553+0000] {taskinstance.py:731} INFO - ::endgroup::
[2024-11-10T14:08:14.553+0000] {sql.py:278} INFO - Executing: 
    CREATE TABLE IF NOT EXISTS books (
        id SERIAL PRIMARY KEY,
        title TEXT NOT NULL,
        authors TEXT,
        price TEXT,
        rating TEXT
    );
    
[2024-11-10T14:08:14.576+0000] {base.py:84} INFO - Retrieving connection 'books_connection'
[2024-11-10T14:08:14.595+0000] {base.py:84} INFO - Retrieving connection 'books_connection'
[2024-11-10T14:08:14.605+0000] {sql.py:544} INFO - Running statement: 
    CREATE TABLE IF NOT EXISTS books (
        id SERIAL PRIMARY KEY,
        title TEXT NOT NULL,
        authors TEXT,
        price TEXT,
        rating TEXT
    );
    , parameters: None
[2024-11-10T14:08:14.629+0000] {taskinstance.py:340} INFO - ::group::Post task execution logs
[2024-11-10T14:08:14.630+0000] {taskinstance.py:352} INFO - Marking task as SUCCESS. dag_id=fetch_and_store_amazon_books, task_id=create_table, run_id=scheduled__2024-08-04T00:00:00+00:00, execution_date=20240804T000000, start_date=20241110T140814, end_date=20241110T140814
[2024-11-10T14:08:14.651+0000] {logging_mixin.py:190} INFO - Task instance in success state
[2024-11-10T14:08:14.652+0000] {logging_mixin.py:190} INFO -  Previous state of the Task instance: running
[2024-11-10T14:08:14.652+0000] {logging_mixin.py:190} INFO - Dag name:fetch_and_store_amazon_books queued_at:2024-11-10 14:08:02.555764+00:00
[2024-11-10T14:08:14.653+0000] {logging_mixin.py:190} INFO - Task hostname:0afc8c4a15bb operator:PostgresOperator
[2024-11-10T14:08:14.705+0000] {local_task_job_runner.py:266} INFO - Task exited with return code 0
[2024-11-10T14:08:14.722+0000] {local_task_job_runner.py:245} INFO - ::endgroup::
