[2024-11-10T11:42:24.406+0000] {local_task_job_runner.py:123} INFO - ::group::Pre task execution logs
[2024-11-10T11:42:24.432+0000] {taskinstance.py:2613} INFO - Dependencies all met for dep_context=non-requeueable deps ti=<TaskInstance: fetch_and_store_amazon_books.create_table scheduled__2024-07-20T00:00:00+00:00 [queued]>
[2024-11-10T11:42:24.442+0000] {taskinstance.py:2613} INFO - Dependencies all met for dep_context=requeueable deps ti=<TaskInstance: fetch_and_store_amazon_books.create_table scheduled__2024-07-20T00:00:00+00:00 [queued]>
[2024-11-10T11:42:24.443+0000] {taskinstance.py:2866} INFO - Starting attempt 1 of 2
[2024-11-10T11:42:24.457+0000] {taskinstance.py:2889} INFO - Executing <Task(PostgresOperator): create_table> on 2024-07-20 00:00:00+00:00
[2024-11-10T11:42:24.472+0000] {warnings.py:112} WARNING - /home/***/.local/lib/python3.12/site-packages/***/task/task_runner/standard_task_runner.py:70: DeprecationWarning: This process (pid=1622) is multi-threaded, use of fork() may lead to deadlocks in the child.
  pid = os.fork()

[2024-11-10T11:42:24.474+0000] {standard_task_runner.py:72} INFO - Started process 1624 to run task
[2024-11-10T11:42:24.476+0000] {standard_task_runner.py:104} INFO - Running: ['***', 'tasks', 'run', 'fetch_and_store_amazon_books', 'create_table', 'scheduled__2024-07-20T00:00:00+00:00', '--job-id', '122', '--raw', '--subdir', 'DAGS_FOLDER/app.py', '--cfg-path', '/tmp/tmpuj70x9wa']
[2024-11-10T11:42:24.477+0000] {standard_task_runner.py:105} INFO - Job 122: Subtask create_table
[2024-11-10T11:42:24.544+0000] {task_command.py:467} INFO - Running <TaskInstance: fetch_and_store_amazon_books.create_table scheduled__2024-07-20T00:00:00+00:00 [running]> on host 0afc8c4a15bb
[2024-11-10T11:42:24.661+0000] {taskinstance.py:3132} INFO - Exporting env vars: AIRFLOW_CTX_DAG_OWNER='***' AIRFLOW_CTX_DAG_ID='fetch_and_store_amazon_books' AIRFLOW_CTX_TASK_ID='create_table' AIRFLOW_CTX_EXECUTION_DATE='2024-07-20T00:00:00+00:00' AIRFLOW_CTX_TRY_NUMBER='1' AIRFLOW_CTX_DAG_RUN_ID='scheduled__2024-07-20T00:00:00+00:00'
[2024-11-10T11:42:24.664+0000] {logging_mixin.py:190} INFO - Task instance is in running state
[2024-11-10T11:42:24.664+0000] {logging_mixin.py:190} INFO -  Previous state of the Task instance: queued
[2024-11-10T11:42:24.664+0000] {logging_mixin.py:190} INFO - Current task name:create_table state:running start_date:2024-11-10 11:42:24.433030+00:00
[2024-11-10T11:42:24.665+0000] {logging_mixin.py:190} INFO - Dag name:fetch_and_store_amazon_books and current dag run status:running
[2024-11-10T11:42:24.665+0000] {taskinstance.py:731} INFO - ::endgroup::
[2024-11-10T11:42:24.665+0000] {sql.py:278} INFO - Executing: 
    CREATE TABLE IF NOT EXISTS books (
        id SERIAL PRIMARY KEY,
        title TEXT NOT NULL,
        authors TEXT,
        price TEXT,
        rating TEXT
    );
    
[2024-11-10T11:42:24.678+0000] {base.py:84} INFO - Retrieving connection 'books_connection'
[2024-11-10T11:42:24.687+0000] {base.py:84} INFO - Retrieving connection 'books_connection'
[2024-11-10T11:42:24.692+0000] {sql.py:544} INFO - Running statement: 
    CREATE TABLE IF NOT EXISTS books (
        id SERIAL PRIMARY KEY,
        title TEXT NOT NULL,
        authors TEXT,
        price TEXT,
        rating TEXT
    );
    , parameters: None
[2024-11-10T11:42:24.707+0000] {taskinstance.py:340} INFO - ::group::Post task execution logs
[2024-11-10T11:42:24.708+0000] {taskinstance.py:352} INFO - Marking task as SUCCESS. dag_id=fetch_and_store_amazon_books, task_id=create_table, run_id=scheduled__2024-07-20T00:00:00+00:00, execution_date=20240720T000000, start_date=20241110T114224, end_date=20241110T114224
[2024-11-10T11:42:24.719+0000] {logging_mixin.py:190} INFO - Task instance in success state
[2024-11-10T11:42:24.719+0000] {logging_mixin.py:190} INFO -  Previous state of the Task instance: running
[2024-11-10T11:42:24.719+0000] {logging_mixin.py:190} INFO - Dag name:fetch_and_store_amazon_books queued_at:2024-11-10 11:42:16.013034+00:00
[2024-11-10T11:42:24.719+0000] {logging_mixin.py:190} INFO - Task hostname:0afc8c4a15bb operator:PostgresOperator
[2024-11-10T11:42:24.770+0000] {local_task_job_runner.py:266} INFO - Task exited with return code 0
[2024-11-10T11:42:24.802+0000] {taskinstance.py:3895} INFO - 1 downstream tasks scheduled from follow-on schedule check
[2024-11-10T11:42:24.804+0000] {local_task_job_runner.py:245} INFO - ::endgroup::
[2024-11-10T14:07:43.709+0000] {local_task_job_runner.py:123} INFO - ::group::Pre task execution logs
[2024-11-10T14:07:43.748+0000] {taskinstance.py:2613} INFO - Dependencies all met for dep_context=non-requeueable deps ti=<TaskInstance: fetch_and_store_amazon_books.create_table scheduled__2024-07-20T00:00:00+00:00 [queued]>
[2024-11-10T14:07:43.768+0000] {taskinstance.py:2613} INFO - Dependencies all met for dep_context=requeueable deps ti=<TaskInstance: fetch_and_store_amazon_books.create_table scheduled__2024-07-20T00:00:00+00:00 [queued]>
[2024-11-10T14:07:43.768+0000] {taskinstance.py:2866} INFO - Starting attempt 1 of 2
[2024-11-10T14:07:43.796+0000] {taskinstance.py:2889} INFO - Executing <Task(PostgresOperator): create_table> on 2024-07-20 00:00:00+00:00
[2024-11-10T14:07:43.825+0000] {warnings.py:112} WARNING - /home/***/.local/lib/python3.12/site-packages/***/task/task_runner/standard_task_runner.py:70: DeprecationWarning: This process (pid=4299) is multi-threaded, use of fork() may lead to deadlocks in the child.
  pid = os.fork()

[2024-11-10T14:07:43.830+0000] {standard_task_runner.py:72} INFO - Started process 4322 to run task
[2024-11-10T14:07:43.840+0000] {standard_task_runner.py:104} INFO - Running: ['***', 'tasks', 'run', 'fetch_and_store_amazon_books', 'create_table', 'scheduled__2024-07-20T00:00:00+00:00', '--job-id', '337', '--raw', '--subdir', 'DAGS_FOLDER/app.py', '--cfg-path', '/tmp/tmp128p7yot']
[2024-11-10T14:07:43.844+0000] {standard_task_runner.py:105} INFO - Job 337: Subtask create_table
[2024-11-10T14:07:44.006+0000] {task_command.py:467} INFO - Running <TaskInstance: fetch_and_store_amazon_books.create_table scheduled__2024-07-20T00:00:00+00:00 [running]> on host 0afc8c4a15bb
[2024-11-10T14:07:44.345+0000] {taskinstance.py:3132} INFO - Exporting env vars: AIRFLOW_CTX_DAG_OWNER='***' AIRFLOW_CTX_DAG_ID='fetch_and_store_amazon_books' AIRFLOW_CTX_TASK_ID='create_table' AIRFLOW_CTX_EXECUTION_DATE='2024-07-20T00:00:00+00:00' AIRFLOW_CTX_TRY_NUMBER='1' AIRFLOW_CTX_DAG_RUN_ID='scheduled__2024-07-20T00:00:00+00:00'
[2024-11-10T14:07:44.354+0000] {logging_mixin.py:190} INFO - Task instance is in running state
[2024-11-10T14:07:44.355+0000] {logging_mixin.py:190} INFO -  Previous state of the Task instance: queued
[2024-11-10T14:07:44.355+0000] {logging_mixin.py:190} INFO - Current task name:create_table state:running start_date:2024-11-10 14:07:43.749266+00:00
[2024-11-10T14:07:44.355+0000] {logging_mixin.py:190} INFO - Dag name:fetch_and_store_amazon_books and current dag run status:running
[2024-11-10T14:07:44.356+0000] {taskinstance.py:731} INFO - ::endgroup::
[2024-11-10T14:07:44.357+0000] {sql.py:278} INFO - Executing: 
    CREATE TABLE IF NOT EXISTS books (
        id SERIAL PRIMARY KEY,
        title TEXT NOT NULL,
        authors TEXT,
        price TEXT,
        rating TEXT
    );
    
[2024-11-10T14:07:44.380+0000] {base.py:84} INFO - Retrieving connection 'books_connection'
[2024-11-10T14:07:44.412+0000] {base.py:84} INFO - Retrieving connection 'books_connection'
[2024-11-10T14:07:44.435+0000] {sql.py:544} INFO - Running statement: 
    CREATE TABLE IF NOT EXISTS books (
        id SERIAL PRIMARY KEY,
        title TEXT NOT NULL,
        authors TEXT,
        price TEXT,
        rating TEXT
    );
    , parameters: None
[2024-11-10T14:07:44.469+0000] {taskinstance.py:340} INFO - ::group::Post task execution logs
[2024-11-10T14:07:44.471+0000] {taskinstance.py:352} INFO - Marking task as SUCCESS. dag_id=fetch_and_store_amazon_books, task_id=create_table, run_id=scheduled__2024-07-20T00:00:00+00:00, execution_date=20240720T000000, start_date=20241110T140743, end_date=20241110T140744
[2024-11-10T14:07:44.500+0000] {logging_mixin.py:190} INFO - Task instance in success state
[2024-11-10T14:07:44.503+0000] {logging_mixin.py:190} INFO -  Previous state of the Task instance: running
[2024-11-10T14:07:44.507+0000] {logging_mixin.py:190} INFO - Dag name:fetch_and_store_amazon_books queued_at:2024-11-10 14:07:30.006249+00:00
[2024-11-10T14:07:44.508+0000] {logging_mixin.py:190} INFO - Task hostname:0afc8c4a15bb operator:PostgresOperator
[2024-11-10T14:07:44.594+0000] {local_task_job_runner.py:266} INFO - Task exited with return code 0
[2024-11-10T14:07:44.661+0000] {taskinstance.py:3895} INFO - 1 downstream tasks scheduled from follow-on schedule check
[2024-11-10T14:07:44.668+0000] {local_task_job_runner.py:245} INFO - ::endgroup::
