[2024-11-10T11:49:10.423+0000] {local_task_job_runner.py:123} INFO - ::group::Pre task execution logs
[2024-11-10T11:49:10.471+0000] {taskinstance.py:2613} INFO - Dependencies all met for dep_context=non-requeueable deps ti=<TaskInstance: fetch_and_store_amazon_books.create_table scheduled__2024-08-13T00:00:00+00:00 [queued]>
[2024-11-10T11:49:10.492+0000] {taskinstance.py:2613} INFO - Dependencies all met for dep_context=requeueable deps ti=<TaskInstance: fetch_and_store_amazon_books.create_table scheduled__2024-08-13T00:00:00+00:00 [queued]>
[2024-11-10T11:49:10.493+0000] {taskinstance.py:2866} INFO - Starting attempt 1 of 2
[2024-11-10T11:49:10.517+0000] {taskinstance.py:2889} INFO - Executing <Task(PostgresOperator): create_table> on 2024-08-13 00:00:00+00:00
[2024-11-10T11:49:10.540+0000] {warnings.py:112} WARNING - /home/***/.local/lib/python3.12/site-packages/***/task/task_runner/standard_task_runner.py:70: DeprecationWarning: This process (pid=2110) is multi-threaded, use of fork() may lead to deadlocks in the child.
  pid = os.fork()

[2024-11-10T11:49:10.544+0000] {standard_task_runner.py:72} INFO - Started process 2130 to run task
[2024-11-10T11:49:10.549+0000] {standard_task_runner.py:104} INFO - Running: ['***', 'tasks', 'run', 'fetch_and_store_amazon_books', 'create_table', 'scheduled__2024-08-13T00:00:00+00:00', '--job-id', '226', '--raw', '--subdir', 'DAGS_FOLDER/app.py', '--cfg-path', '/tmp/tmpzxf3h3rb']
[2024-11-10T11:49:10.551+0000] {standard_task_runner.py:105} INFO - Job 226: Subtask create_table
[2024-11-10T11:49:10.654+0000] {task_command.py:467} INFO - Running <TaskInstance: fetch_and_store_amazon_books.create_table scheduled__2024-08-13T00:00:00+00:00 [running]> on host 0afc8c4a15bb
[2024-11-10T11:49:10.814+0000] {taskinstance.py:3132} INFO - Exporting env vars: AIRFLOW_CTX_DAG_OWNER='***' AIRFLOW_CTX_DAG_ID='fetch_and_store_amazon_books' AIRFLOW_CTX_TASK_ID='create_table' AIRFLOW_CTX_EXECUTION_DATE='2024-08-13T00:00:00+00:00' AIRFLOW_CTX_TRY_NUMBER='1' AIRFLOW_CTX_DAG_RUN_ID='scheduled__2024-08-13T00:00:00+00:00'
[2024-11-10T11:49:10.817+0000] {logging_mixin.py:190} INFO - Task instance is in running state
[2024-11-10T11:49:10.817+0000] {logging_mixin.py:190} INFO -  Previous state of the Task instance: queued
[2024-11-10T11:49:10.818+0000] {logging_mixin.py:190} INFO - Current task name:create_table state:running start_date:2024-11-10 11:49:10.471958+00:00
[2024-11-10T11:49:10.818+0000] {logging_mixin.py:190} INFO - Dag name:fetch_and_store_amazon_books and current dag run status:running
[2024-11-10T11:49:10.819+0000] {taskinstance.py:731} INFO - ::endgroup::
[2024-11-10T11:49:10.819+0000] {sql.py:278} INFO - Executing: 
    CREATE TABLE IF NOT EXISTS books (
        id SERIAL PRIMARY KEY,
        title TEXT NOT NULL,
        authors TEXT,
        price TEXT,
        rating TEXT
    );
    
[2024-11-10T11:49:10.840+0000] {base.py:84} INFO - Retrieving connection 'books_connection'
[2024-11-10T11:49:10.864+0000] {base.py:84} INFO - Retrieving connection 'books_connection'
[2024-11-10T11:49:10.874+0000] {sql.py:544} INFO - Running statement: 
    CREATE TABLE IF NOT EXISTS books (
        id SERIAL PRIMARY KEY,
        title TEXT NOT NULL,
        authors TEXT,
        price TEXT,
        rating TEXT
    );
    , parameters: None
[2024-11-10T11:49:10.899+0000] {taskinstance.py:340} INFO - ::group::Post task execution logs
[2024-11-10T11:49:10.900+0000] {taskinstance.py:352} INFO - Marking task as SUCCESS. dag_id=fetch_and_store_amazon_books, task_id=create_table, run_id=scheduled__2024-08-13T00:00:00+00:00, execution_date=20240813T000000, start_date=20241110T114910, end_date=20241110T114910
[2024-11-10T11:49:10.925+0000] {logging_mixin.py:190} INFO - Task instance in success state
[2024-11-10T11:49:10.926+0000] {logging_mixin.py:190} INFO -  Previous state of the Task instance: running
[2024-11-10T11:49:10.926+0000] {logging_mixin.py:190} INFO - Dag name:fetch_and_store_amazon_books queued_at:2024-11-10 11:48:56.138355+00:00
[2024-11-10T11:49:10.926+0000] {logging_mixin.py:190} INFO - Task hostname:0afc8c4a15bb operator:PostgresOperator
[2024-11-10T11:49:10.971+0000] {local_task_job_runner.py:266} INFO - Task exited with return code 0
[2024-11-10T11:49:10.992+0000] {local_task_job_runner.py:245} INFO - ::endgroup::
[2024-11-10T14:08:41.196+0000] {local_task_job_runner.py:123} INFO - ::group::Pre task execution logs
[2024-11-10T14:08:41.235+0000] {taskinstance.py:2613} INFO - Dependencies all met for dep_context=non-requeueable deps ti=<TaskInstance: fetch_and_store_amazon_books.create_table scheduled__2024-08-13T00:00:00+00:00 [queued]>
[2024-11-10T14:08:41.255+0000] {taskinstance.py:2613} INFO - Dependencies all met for dep_context=requeueable deps ti=<TaskInstance: fetch_and_store_amazon_books.create_table scheduled__2024-08-13T00:00:00+00:00 [queued]>
[2024-11-10T14:08:41.255+0000] {taskinstance.py:2866} INFO - Starting attempt 1 of 2
[2024-11-10T14:08:41.284+0000] {taskinstance.py:2889} INFO - Executing <Task(PostgresOperator): create_table> on 2024-08-13 00:00:00+00:00
[2024-11-10T14:08:41.307+0000] {warnings.py:112} WARNING - /home/***/.local/lib/python3.12/site-packages/***/task/task_runner/standard_task_runner.py:70: DeprecationWarning: This process (pid=4590) is multi-threaded, use of fork() may lead to deadlocks in the child.
  pid = os.fork()

[2024-11-10T14:08:41.310+0000] {standard_task_runner.py:72} INFO - Started process 4617 to run task
[2024-11-10T14:08:41.313+0000] {standard_task_runner.py:104} INFO - Running: ['***', 'tasks', 'run', 'fetch_and_store_amazon_books', 'create_table', 'scheduled__2024-08-13T00:00:00+00:00', '--job-id', '408', '--raw', '--subdir', 'DAGS_FOLDER/app.py', '--cfg-path', '/tmp/tmpnjopsz66']
[2024-11-10T14:08:41.315+0000] {standard_task_runner.py:105} INFO - Job 408: Subtask create_table
[2024-11-10T14:08:41.420+0000] {task_command.py:467} INFO - Running <TaskInstance: fetch_and_store_amazon_books.create_table scheduled__2024-08-13T00:00:00+00:00 [running]> on host 0afc8c4a15bb
[2024-11-10T14:08:41.630+0000] {taskinstance.py:3132} INFO - Exporting env vars: AIRFLOW_CTX_DAG_OWNER='***' AIRFLOW_CTX_DAG_ID='fetch_and_store_amazon_books' AIRFLOW_CTX_TASK_ID='create_table' AIRFLOW_CTX_EXECUTION_DATE='2024-08-13T00:00:00+00:00' AIRFLOW_CTX_TRY_NUMBER='1' AIRFLOW_CTX_DAG_RUN_ID='scheduled__2024-08-13T00:00:00+00:00'
[2024-11-10T14:08:41.632+0000] {logging_mixin.py:190} INFO - Task instance is in running state
[2024-11-10T14:08:41.633+0000] {logging_mixin.py:190} INFO -  Previous state of the Task instance: queued
[2024-11-10T14:08:41.634+0000] {logging_mixin.py:190} INFO - Current task name:create_table state:running start_date:2024-11-10 14:08:41.235761+00:00
[2024-11-10T14:08:41.634+0000] {logging_mixin.py:190} INFO - Dag name:fetch_and_store_amazon_books and current dag run status:running
[2024-11-10T14:08:41.634+0000] {taskinstance.py:731} INFO - ::endgroup::
[2024-11-10T14:08:41.636+0000] {sql.py:278} INFO - Executing: 
    CREATE TABLE IF NOT EXISTS books (
        id SERIAL PRIMARY KEY,
        title TEXT NOT NULL,
        authors TEXT,
        price TEXT,
        rating TEXT
    );
    
[2024-11-10T14:08:41.652+0000] {base.py:84} INFO - Retrieving connection 'books_connection'
[2024-11-10T14:08:41.678+0000] {base.py:84} INFO - Retrieving connection 'books_connection'
[2024-11-10T14:08:41.695+0000] {sql.py:544} INFO - Running statement: 
    CREATE TABLE IF NOT EXISTS books (
        id SERIAL PRIMARY KEY,
        title TEXT NOT NULL,
        authors TEXT,
        price TEXT,
        rating TEXT
    );
    , parameters: None
[2024-11-10T14:08:41.726+0000] {taskinstance.py:340} INFO - ::group::Post task execution logs
[2024-11-10T14:08:41.726+0000] {taskinstance.py:352} INFO - Marking task as SUCCESS. dag_id=fetch_and_store_amazon_books, task_id=create_table, run_id=scheduled__2024-08-13T00:00:00+00:00, execution_date=20240813T000000, start_date=20241110T140841, end_date=20241110T140841
[2024-11-10T14:08:41.758+0000] {logging_mixin.py:190} INFO - Task instance in success state
[2024-11-10T14:08:41.759+0000] {logging_mixin.py:190} INFO -  Previous state of the Task instance: running
[2024-11-10T14:08:41.759+0000] {logging_mixin.py:190} INFO - Dag name:fetch_and_store_amazon_books queued_at:2024-11-10 14:08:26.581851+00:00
[2024-11-10T14:08:41.759+0000] {logging_mixin.py:190} INFO - Task hostname:0afc8c4a15bb operator:PostgresOperator
[2024-11-10T14:08:41.819+0000] {local_task_job_runner.py:266} INFO - Task exited with return code 0
[2024-11-10T14:08:41.844+0000] {local_task_job_runner.py:245} INFO - ::endgroup::
