[2024-11-10T11:43:12.713+0000] {local_task_job_runner.py:123} INFO - ::group::Pre task execution logs
[2024-11-10T11:43:12.748+0000] {taskinstance.py:2613} INFO - Dependencies all met for dep_context=non-requeueable deps ti=<TaskInstance: fetch_and_store_amazon_books.fetch_book_data scheduled__2024-08-01T00:00:00+00:00 [queued]>
[2024-11-10T11:43:12.763+0000] {taskinstance.py:2613} INFO - Dependencies all met for dep_context=requeueable deps ti=<TaskInstance: fetch_and_store_amazon_books.fetch_book_data scheduled__2024-08-01T00:00:00+00:00 [queued]>
[2024-11-10T11:43:12.764+0000] {taskinstance.py:2866} INFO - Starting attempt 1 of 2
[2024-11-10T11:43:12.801+0000] {taskinstance.py:2889} INFO - Executing <Task(PythonOperator): fetch_book_data> on 2024-08-01 00:00:00+00:00
[2024-11-10T11:43:12.828+0000] {warnings.py:112} WARNING - /home/***/.local/lib/python3.12/site-packages/***/task/task_runner/standard_task_runner.py:70: DeprecationWarning: This process (pid=1740) is multi-threaded, use of fork() may lead to deadlocks in the child.
  pid = os.fork()

[2024-11-10T11:43:12.832+0000] {standard_task_runner.py:72} INFO - Started process 1767 to run task
[2024-11-10T11:43:12.833+0000] {standard_task_runner.py:104} INFO - Running: ['***', 'tasks', 'run', 'fetch_and_store_amazon_books', 'fetch_book_data', 'scheduled__2024-08-01T00:00:00+00:00', '--job-id', '154', '--raw', '--subdir', 'DAGS_FOLDER/app.py', '--cfg-path', '/tmp/tmpt81l0z1j']
[2024-11-10T11:43:12.835+0000] {standard_task_runner.py:105} INFO - Job 154: Subtask fetch_book_data
[2024-11-10T11:43:12.973+0000] {task_command.py:467} INFO - Running <TaskInstance: fetch_and_store_amazon_books.fetch_book_data scheduled__2024-08-01T00:00:00+00:00 [running]> on host 0afc8c4a15bb
[2024-11-10T11:43:13.124+0000] {taskinstance.py:3132} INFO - Exporting env vars: AIRFLOW_CTX_DAG_OWNER='***' AIRFLOW_CTX_DAG_ID='fetch_and_store_amazon_books' AIRFLOW_CTX_TASK_ID='fetch_book_data' AIRFLOW_CTX_EXECUTION_DATE='2024-08-01T00:00:00+00:00' AIRFLOW_CTX_TRY_NUMBER='1' AIRFLOW_CTX_DAG_RUN_ID='scheduled__2024-08-01T00:00:00+00:00'
[2024-11-10T11:43:13.127+0000] {logging_mixin.py:190} INFO - Task instance is in running state
[2024-11-10T11:43:13.128+0000] {logging_mixin.py:190} INFO -  Previous state of the Task instance: queued
[2024-11-10T11:43:13.128+0000] {logging_mixin.py:190} INFO - Current task name:fetch_book_data state:running start_date:2024-11-10 11:43:12.749171+00:00
[2024-11-10T11:43:13.128+0000] {logging_mixin.py:190} INFO - Dag name:fetch_and_store_amazon_books and current dag run status:running
[2024-11-10T11:43:13.129+0000] {taskinstance.py:731} INFO - ::endgroup::
[2024-11-10T11:43:14.461+0000] {logging_mixin.py:190} INFO - Failed to retrieve the page
[2024-11-10T11:43:14.509+0000] {python.py:240} INFO - Done. Returned value was: None
[2024-11-10T11:43:14.533+0000] {taskinstance.py:340} INFO - ::group::Post task execution logs
[2024-11-10T11:43:14.534+0000] {taskinstance.py:352} INFO - Marking task as SUCCESS. dag_id=fetch_and_store_amazon_books, task_id=fetch_book_data, run_id=scheduled__2024-08-01T00:00:00+00:00, execution_date=20240801T000000, start_date=20241110T114312, end_date=20241110T114314
[2024-11-10T11:43:14.554+0000] {logging_mixin.py:190} INFO - Task instance in success state
[2024-11-10T11:43:14.555+0000] {logging_mixin.py:190} INFO -  Previous state of the Task instance: running
[2024-11-10T11:43:14.555+0000] {logging_mixin.py:190} INFO - Dag name:fetch_and_store_amazon_books queued_at:2024-11-10 11:43:06.083125+00:00
[2024-11-10T11:43:14.555+0000] {logging_mixin.py:190} INFO - Task hostname:0afc8c4a15bb operator:PythonOperator
[2024-11-10T11:43:14.618+0000] {local_task_job_runner.py:266} INFO - Task exited with return code 0
[2024-11-10T11:43:14.676+0000] {taskinstance.py:3895} INFO - 1 downstream tasks scheduled from follow-on schedule check
[2024-11-10T11:43:14.684+0000] {local_task_job_runner.py:245} INFO - ::endgroup::
[2024-11-10T14:08:06.400+0000] {local_task_job_runner.py:123} INFO - ::group::Pre task execution logs
[2024-11-10T14:08:06.444+0000] {taskinstance.py:2613} INFO - Dependencies all met for dep_context=non-requeueable deps ti=<TaskInstance: fetch_and_store_amazon_books.fetch_book_data scheduled__2024-08-01T00:00:00+00:00 [queued]>
[2024-11-10T14:08:06.473+0000] {taskinstance.py:2613} INFO - Dependencies all met for dep_context=requeueable deps ti=<TaskInstance: fetch_and_store_amazon_books.fetch_book_data scheduled__2024-08-01T00:00:00+00:00 [queued]>
[2024-11-10T14:08:06.474+0000] {taskinstance.py:2866} INFO - Starting attempt 1 of 2
[2024-11-10T14:08:06.510+0000] {taskinstance.py:2889} INFO - Executing <Task(PythonOperator): fetch_book_data> on 2024-08-01 00:00:00+00:00
[2024-11-10T14:08:06.555+0000] {standard_task_runner.py:104} INFO - Running: ['***', 'tasks', 'run', 'fetch_and_store_amazon_books', 'fetch_book_data', 'scheduled__2024-08-01T00:00:00+00:00', '--job-id', '363', '--raw', '--subdir', 'DAGS_FOLDER/app.py', '--cfg-path', '/tmp/tmpr0n11ot4']
[2024-11-10T14:08:06.559+0000] {standard_task_runner.py:105} INFO - Job 363: Subtask fetch_book_data
[2024-11-10T14:08:06.552+0000] {warnings.py:112} WARNING - /home/***/.local/lib/python3.12/site-packages/***/task/task_runner/standard_task_runner.py:70: DeprecationWarning: This process (pid=4406) is multi-threaded, use of fork() may lead to deadlocks in the child.
  pid = os.fork()

[2024-11-10T14:08:06.562+0000] {standard_task_runner.py:72} INFO - Started process 4428 to run task
[2024-11-10T14:08:06.708+0000] {task_command.py:467} INFO - Running <TaskInstance: fetch_and_store_amazon_books.fetch_book_data scheduled__2024-08-01T00:00:00+00:00 [running]> on host 0afc8c4a15bb
[2024-11-10T14:08:06.990+0000] {taskinstance.py:3132} INFO - Exporting env vars: AIRFLOW_CTX_DAG_OWNER='***' AIRFLOW_CTX_DAG_ID='fetch_and_store_amazon_books' AIRFLOW_CTX_TASK_ID='fetch_book_data' AIRFLOW_CTX_EXECUTION_DATE='2024-08-01T00:00:00+00:00' AIRFLOW_CTX_TRY_NUMBER='1' AIRFLOW_CTX_DAG_RUN_ID='scheduled__2024-08-01T00:00:00+00:00'
[2024-11-10T14:08:06.992+0000] {logging_mixin.py:190} INFO - Task instance is in running state
[2024-11-10T14:08:06.993+0000] {logging_mixin.py:190} INFO -  Previous state of the Task instance: queued
[2024-11-10T14:08:06.993+0000] {logging_mixin.py:190} INFO - Current task name:fetch_book_data state:running start_date:2024-11-10 14:08:06.445767+00:00
[2024-11-10T14:08:06.993+0000] {logging_mixin.py:190} INFO - Dag name:fetch_and_store_amazon_books and current dag run status:running
[2024-11-10T14:08:06.994+0000] {taskinstance.py:731} INFO - ::endgroup::
[2024-11-10T14:08:09.249+0000] {python.py:240} INFO - Done. Returned value was: None
[2024-11-10T14:08:09.266+0000] {taskinstance.py:340} INFO - ::group::Post task execution logs
[2024-11-10T14:08:09.266+0000] {taskinstance.py:352} INFO - Marking task as SUCCESS. dag_id=fetch_and_store_amazon_books, task_id=fetch_book_data, run_id=scheduled__2024-08-01T00:00:00+00:00, execution_date=20240801T000000, start_date=20241110T140806, end_date=20241110T140809
[2024-11-10T14:08:09.358+0000] {logging_mixin.py:190} INFO - Task instance in success state
[2024-11-10T14:08:09.358+0000] {logging_mixin.py:190} INFO -  Previous state of the Task instance: running
[2024-11-10T14:08:09.359+0000] {logging_mixin.py:190} INFO - Dag name:fetch_and_store_amazon_books queued_at:2024-11-10 14:08:01.908215+00:00
[2024-11-10T14:08:09.359+0000] {logging_mixin.py:190} INFO - Task hostname:0afc8c4a15bb operator:PythonOperator
[2024-11-10T14:08:09.397+0000] {local_task_job_runner.py:266} INFO - Task exited with return code 0
[2024-11-10T14:08:09.444+0000] {taskinstance.py:3895} INFO - 1 downstream tasks scheduled from follow-on schedule check
[2024-11-10T14:08:09.448+0000] {local_task_job_runner.py:245} INFO - ::endgroup::
