[2024-11-10T11:48:35.115+0000] {local_task_job_runner.py:123} INFO - ::group::Pre task execution logs
[2024-11-10T11:48:35.163+0000] {taskinstance.py:2613} INFO - Dependencies all met for dep_context=non-requeueable deps ti=<TaskInstance: fetch_and_store_amazon_books.create_table scheduled__2024-08-08T00:00:00+00:00 [queued]>
[2024-11-10T11:48:35.187+0000] {taskinstance.py:2613} INFO - Dependencies all met for dep_context=requeueable deps ti=<TaskInstance: fetch_and_store_amazon_books.create_table scheduled__2024-08-08T00:00:00+00:00 [queued]>
[2024-11-10T11:48:35.187+0000] {taskinstance.py:2866} INFO - Starting attempt 1 of 2
[2024-11-10T11:48:35.226+0000] {taskinstance.py:2889} INFO - Executing <Task(PostgresOperator): create_table> on 2024-08-08 00:00:00+00:00
[2024-11-10T11:48:35.249+0000] {warnings.py:112} WARNING - /home/***/.local/lib/python3.12/site-packages/***/task/task_runner/standard_task_runner.py:70: DeprecationWarning: This process (pid=1985) is multi-threaded, use of fork() may lead to deadlocks in the child.
  pid = os.fork()

[2024-11-10T11:48:35.253+0000] {standard_task_runner.py:72} INFO - Started process 2007 to run task
[2024-11-10T11:48:35.261+0000] {standard_task_runner.py:104} INFO - Running: ['***', 'tasks', 'run', 'fetch_and_store_amazon_books', 'create_table', 'scheduled__2024-08-08T00:00:00+00:00', '--job-id', '195', '--raw', '--subdir', 'DAGS_FOLDER/app.py', '--cfg-path', '/tmp/tmp9uv6pmkg']
[2024-11-10T11:48:35.263+0000] {standard_task_runner.py:105} INFO - Job 195: Subtask create_table
[2024-11-10T11:48:35.428+0000] {task_command.py:467} INFO - Running <TaskInstance: fetch_and_store_amazon_books.create_table scheduled__2024-08-08T00:00:00+00:00 [running]> on host 0afc8c4a15bb
[2024-11-10T11:48:35.681+0000] {taskinstance.py:3132} INFO - Exporting env vars: AIRFLOW_CTX_DAG_OWNER='***' AIRFLOW_CTX_DAG_ID='fetch_and_store_amazon_books' AIRFLOW_CTX_TASK_ID='create_table' AIRFLOW_CTX_EXECUTION_DATE='2024-08-08T00:00:00+00:00' AIRFLOW_CTX_TRY_NUMBER='1' AIRFLOW_CTX_DAG_RUN_ID='scheduled__2024-08-08T00:00:00+00:00'
[2024-11-10T11:48:35.684+0000] {logging_mixin.py:190} INFO - Task instance is in running state
[2024-11-10T11:48:35.685+0000] {logging_mixin.py:190} INFO -  Previous state of the Task instance: queued
[2024-11-10T11:48:35.685+0000] {logging_mixin.py:190} INFO - Current task name:create_table state:running start_date:2024-11-10 11:48:35.164170+00:00
[2024-11-10T11:48:35.686+0000] {logging_mixin.py:190} INFO - Dag name:fetch_and_store_amazon_books and current dag run status:running
[2024-11-10T11:48:35.686+0000] {taskinstance.py:731} INFO - ::endgroup::
[2024-11-10T11:48:35.688+0000] {sql.py:278} INFO - Executing: 
    CREATE TABLE IF NOT EXISTS books (
        id SERIAL PRIMARY KEY,
        title TEXT NOT NULL,
        authors TEXT,
        price TEXT,
        rating TEXT
    );
    
[2024-11-10T11:48:35.712+0000] {base.py:84} INFO - Retrieving connection 'books_connection'
[2024-11-10T11:48:35.738+0000] {base.py:84} INFO - Retrieving connection 'books_connection'
[2024-11-10T11:48:35.765+0000] {sql.py:544} INFO - Running statement: 
    CREATE TABLE IF NOT EXISTS books (
        id SERIAL PRIMARY KEY,
        title TEXT NOT NULL,
        authors TEXT,
        price TEXT,
        rating TEXT
    );
    , parameters: None
[2024-11-10T11:48:35.807+0000] {taskinstance.py:340} INFO - ::group::Post task execution logs
[2024-11-10T11:48:35.807+0000] {taskinstance.py:352} INFO - Marking task as SUCCESS. dag_id=fetch_and_store_amazon_books, task_id=create_table, run_id=scheduled__2024-08-08T00:00:00+00:00, execution_date=20240808T000000, start_date=20241110T114835, end_date=20241110T114835
[2024-11-10T11:48:35.829+0000] {logging_mixin.py:190} INFO - Task instance in success state
[2024-11-10T11:48:35.830+0000] {logging_mixin.py:190} INFO -  Previous state of the Task instance: running
[2024-11-10T11:48:35.830+0000] {logging_mixin.py:190} INFO - Dag name:fetch_and_store_amazon_books queued_at:2024-11-10 11:48:25.734974+00:00
[2024-11-10T11:48:35.831+0000] {logging_mixin.py:190} INFO - Task hostname:0afc8c4a15bb operator:PostgresOperator
[2024-11-10T11:48:35.885+0000] {local_task_job_runner.py:266} INFO - Task exited with return code 0
[2024-11-10T11:48:35.917+0000] {local_task_job_runner.py:245} INFO - ::endgroup::
[2024-11-10T14:08:20.102+0000] {local_task_job_runner.py:123} INFO - ::group::Pre task execution logs
[2024-11-10T14:08:20.200+0000] {taskinstance.py:2613} INFO - Dependencies all met for dep_context=non-requeueable deps ti=<TaskInstance: fetch_and_store_amazon_books.create_table scheduled__2024-08-08T00:00:00+00:00 [queued]>
[2024-11-10T14:08:20.230+0000] {taskinstance.py:2613} INFO - Dependencies all met for dep_context=requeueable deps ti=<TaskInstance: fetch_and_store_amazon_books.create_table scheduled__2024-08-08T00:00:00+00:00 [queued]>
[2024-11-10T14:08:20.231+0000] {taskinstance.py:2866} INFO - Starting attempt 1 of 2
[2024-11-10T14:08:20.275+0000] {taskinstance.py:2889} INFO - Executing <Task(PostgresOperator): create_table> on 2024-08-08 00:00:00+00:00
[2024-11-10T14:08:20.306+0000] {warnings.py:112} WARNING - /home/***/.local/lib/python3.12/site-packages/***/task/task_runner/standard_task_runner.py:70: DeprecationWarning: This process (pid=4486) is multi-threaded, use of fork() may lead to deadlocks in the child.
  pid = os.fork()

[2024-11-10T14:08:20.315+0000] {standard_task_runner.py:72} INFO - Started process 4514 to run task
[2024-11-10T14:08:20.327+0000] {standard_task_runner.py:104} INFO - Running: ['***', 'tasks', 'run', 'fetch_and_store_amazon_books', 'create_table', 'scheduled__2024-08-08T00:00:00+00:00', '--job-id', '387', '--raw', '--subdir', 'DAGS_FOLDER/app.py', '--cfg-path', '/tmp/tmpr5ecl224']
[2024-11-10T14:08:20.329+0000] {standard_task_runner.py:105} INFO - Job 387: Subtask create_table
[2024-11-10T14:08:20.509+0000] {task_command.py:467} INFO - Running <TaskInstance: fetch_and_store_amazon_books.create_table scheduled__2024-08-08T00:00:00+00:00 [running]> on host 0afc8c4a15bb
[2024-11-10T14:08:20.829+0000] {taskinstance.py:3132} INFO - Exporting env vars: AIRFLOW_CTX_DAG_OWNER='***' AIRFLOW_CTX_DAG_ID='fetch_and_store_amazon_books' AIRFLOW_CTX_TASK_ID='create_table' AIRFLOW_CTX_EXECUTION_DATE='2024-08-08T00:00:00+00:00' AIRFLOW_CTX_TRY_NUMBER='1' AIRFLOW_CTX_DAG_RUN_ID='scheduled__2024-08-08T00:00:00+00:00'
[2024-11-10T14:08:20.832+0000] {logging_mixin.py:190} INFO - Task instance is in running state
[2024-11-10T14:08:20.833+0000] {logging_mixin.py:190} INFO -  Previous state of the Task instance: queued
[2024-11-10T14:08:20.834+0000] {logging_mixin.py:190} INFO - Current task name:create_table state:running start_date:2024-11-10 14:08:20.201727+00:00
[2024-11-10T14:08:20.834+0000] {logging_mixin.py:190} INFO - Dag name:fetch_and_store_amazon_books and current dag run status:running
[2024-11-10T14:08:20.834+0000] {taskinstance.py:731} INFO - ::endgroup::
[2024-11-10T14:08:20.835+0000] {sql.py:278} INFO - Executing: 
    CREATE TABLE IF NOT EXISTS books (
        id SERIAL PRIMARY KEY,
        title TEXT NOT NULL,
        authors TEXT,
        price TEXT,
        rating TEXT
    );
    
[2024-11-10T14:08:20.861+0000] {base.py:84} INFO - Retrieving connection 'books_connection'
[2024-11-10T14:08:20.886+0000] {base.py:84} INFO - Retrieving connection 'books_connection'
[2024-11-10T14:08:20.903+0000] {sql.py:544} INFO - Running statement: 
    CREATE TABLE IF NOT EXISTS books (
        id SERIAL PRIMARY KEY,
        title TEXT NOT NULL,
        authors TEXT,
        price TEXT,
        rating TEXT
    );
    , parameters: None
[2024-11-10T14:08:20.932+0000] {taskinstance.py:340} INFO - ::group::Post task execution logs
[2024-11-10T14:08:20.933+0000] {taskinstance.py:352} INFO - Marking task as SUCCESS. dag_id=fetch_and_store_amazon_books, task_id=create_table, run_id=scheduled__2024-08-08T00:00:00+00:00, execution_date=20240808T000000, start_date=20241110T140820, end_date=20241110T140820
[2024-11-10T14:08:20.959+0000] {logging_mixin.py:190} INFO - Task instance in success state
[2024-11-10T14:08:20.960+0000] {logging_mixin.py:190} INFO -  Previous state of the Task instance: running
[2024-11-10T14:08:20.960+0000] {logging_mixin.py:190} INFO - Dag name:fetch_and_store_amazon_books queued_at:2024-11-10 14:08:03.738947+00:00
[2024-11-10T14:08:20.960+0000] {logging_mixin.py:190} INFO - Task hostname:0afc8c4a15bb operator:PostgresOperator
[2024-11-10T14:08:21.039+0000] {local_task_job_runner.py:266} INFO - Task exited with return code 0
[2024-11-10T14:08:21.092+0000] {taskinstance.py:3895} INFO - 1 downstream tasks scheduled from follow-on schedule check
[2024-11-10T14:08:21.100+0000] {local_task_job_runner.py:245} INFO - ::endgroup::
