[2024-11-10T11:43:11.817+0000] {local_task_job_runner.py:123} INFO - ::group::Pre task execution logs
[2024-11-10T11:43:11.851+0000] {taskinstance.py:2613} INFO - Dependencies all met for dep_context=non-requeueable deps ti=<TaskInstance: fetch_and_store_amazon_books.fetch_book_data scheduled__2024-07-29T00:00:00+00:00 [queued]>
[2024-11-10T11:43:11.870+0000] {taskinstance.py:2613} INFO - Dependencies all met for dep_context=requeueable deps ti=<TaskInstance: fetch_and_store_amazon_books.fetch_book_data scheduled__2024-07-29T00:00:00+00:00 [queued]>
[2024-11-10T11:43:11.871+0000] {taskinstance.py:2866} INFO - Starting attempt 1 of 2
[2024-11-10T11:43:11.895+0000] {taskinstance.py:2889} INFO - Executing <Task(PythonOperator): fetch_book_data> on 2024-07-29 00:00:00+00:00
[2024-11-10T11:43:11.919+0000] {warnings.py:112} WARNING - /home/***/.local/lib/python3.12/site-packages/***/task/task_runner/standard_task_runner.py:70: DeprecationWarning: This process (pid=1734) is multi-threaded, use of fork() may lead to deadlocks in the child.
  pid = os.fork()

[2024-11-10T11:43:11.922+0000] {standard_task_runner.py:72} INFO - Started process 1759 to run task
[2024-11-10T11:43:11.923+0000] {standard_task_runner.py:104} INFO - Running: ['***', 'tasks', 'run', 'fetch_and_store_amazon_books', 'fetch_book_data', 'scheduled__2024-07-29T00:00:00+00:00', '--job-id', '151', '--raw', '--subdir', 'DAGS_FOLDER/app.py', '--cfg-path', '/tmp/tmposia6loc']
[2024-11-10T11:43:11.925+0000] {standard_task_runner.py:105} INFO - Job 151: Subtask fetch_book_data
[2024-11-10T11:43:12.043+0000] {task_command.py:467} INFO - Running <TaskInstance: fetch_and_store_amazon_books.fetch_book_data scheduled__2024-07-29T00:00:00+00:00 [running]> on host 0afc8c4a15bb
[2024-11-10T11:43:12.350+0000] {taskinstance.py:3132} INFO - Exporting env vars: AIRFLOW_CTX_DAG_OWNER='***' AIRFLOW_CTX_DAG_ID='fetch_and_store_amazon_books' AIRFLOW_CTX_TASK_ID='fetch_book_data' AIRFLOW_CTX_EXECUTION_DATE='2024-07-29T00:00:00+00:00' AIRFLOW_CTX_TRY_NUMBER='1' AIRFLOW_CTX_DAG_RUN_ID='scheduled__2024-07-29T00:00:00+00:00'
[2024-11-10T11:43:12.352+0000] {logging_mixin.py:190} INFO - Task instance is in running state
[2024-11-10T11:43:12.353+0000] {logging_mixin.py:190} INFO -  Previous state of the Task instance: queued
[2024-11-10T11:43:12.353+0000] {logging_mixin.py:190} INFO - Current task name:fetch_book_data state:running start_date:2024-11-10 11:43:11.851665+00:00
[2024-11-10T11:43:12.353+0000] {logging_mixin.py:190} INFO - Dag name:fetch_and_store_amazon_books and current dag run status:running
[2024-11-10T11:43:12.354+0000] {taskinstance.py:731} INFO - ::endgroup::
[2024-11-10T11:43:13.783+0000] {logging_mixin.py:190} INFO - Failed to retrieve the page
[2024-11-10T11:43:13.812+0000] {python.py:240} INFO - Done. Returned value was: None
[2024-11-10T11:43:13.828+0000] {taskinstance.py:340} INFO - ::group::Post task execution logs
[2024-11-10T11:43:13.828+0000] {taskinstance.py:352} INFO - Marking task as SUCCESS. dag_id=fetch_and_store_amazon_books, task_id=fetch_book_data, run_id=scheduled__2024-07-29T00:00:00+00:00, execution_date=20240729T000000, start_date=20241110T114311, end_date=20241110T114313
[2024-11-10T11:43:13.845+0000] {logging_mixin.py:190} INFO - Task instance in success state
[2024-11-10T11:43:13.846+0000] {logging_mixin.py:190} INFO -  Previous state of the Task instance: running
[2024-11-10T11:43:13.846+0000] {logging_mixin.py:190} INFO - Dag name:fetch_and_store_amazon_books queued_at:2024-11-10 11:43:05.133794+00:00
[2024-11-10T11:43:13.846+0000] {logging_mixin.py:190} INFO - Task hostname:0afc8c4a15bb operator:PythonOperator
[2024-11-10T11:43:13.876+0000] {local_task_job_runner.py:266} INFO - Task exited with return code 0
[2024-11-10T11:43:13.912+0000] {taskinstance.py:3895} INFO - 1 downstream tasks scheduled from follow-on schedule check
[2024-11-10T11:43:13.914+0000] {local_task_job_runner.py:245} INFO - ::endgroup::
[2024-11-10T14:07:40.168+0000] {local_task_job_runner.py:123} INFO - ::group::Pre task execution logs
[2024-11-10T14:07:40.210+0000] {taskinstance.py:2613} INFO - Dependencies all met for dep_context=non-requeueable deps ti=<TaskInstance: fetch_and_store_amazon_books.fetch_book_data scheduled__2024-07-29T00:00:00+00:00 [queued]>
[2024-11-10T14:07:40.230+0000] {taskinstance.py:2613} INFO - Dependencies all met for dep_context=requeueable deps ti=<TaskInstance: fetch_and_store_amazon_books.fetch_book_data scheduled__2024-07-29T00:00:00+00:00 [queued]>
[2024-11-10T14:07:40.230+0000] {taskinstance.py:2866} INFO - Starting attempt 1 of 2
[2024-11-10T14:07:40.257+0000] {taskinstance.py:2889} INFO - Executing <Task(PythonOperator): fetch_book_data> on 2024-07-29 00:00:00+00:00
[2024-11-10T14:07:40.283+0000] {warnings.py:112} WARNING - /home/***/.local/lib/python3.12/site-packages/***/task/task_runner/standard_task_runner.py:70: DeprecationWarning: This process (pid=4290) is multi-threaded, use of fork() may lead to deadlocks in the child.
  pid = os.fork()

[2024-11-10T14:07:40.287+0000] {standard_task_runner.py:72} INFO - Started process 4310 to run task
[2024-11-10T14:07:40.287+0000] {standard_task_runner.py:104} INFO - Running: ['***', 'tasks', 'run', 'fetch_and_store_amazon_books', 'fetch_book_data', 'scheduled__2024-07-29T00:00:00+00:00', '--job-id', '336', '--raw', '--subdir', 'DAGS_FOLDER/app.py', '--cfg-path', '/tmp/tmpta5nzct_']
[2024-11-10T14:07:40.288+0000] {standard_task_runner.py:105} INFO - Job 336: Subtask fetch_book_data
[2024-11-10T14:07:40.372+0000] {task_command.py:467} INFO - Running <TaskInstance: fetch_and_store_amazon_books.fetch_book_data scheduled__2024-07-29T00:00:00+00:00 [running]> on host 0afc8c4a15bb
[2024-11-10T14:07:40.519+0000] {taskinstance.py:3132} INFO - Exporting env vars: AIRFLOW_CTX_DAG_OWNER='***' AIRFLOW_CTX_DAG_ID='fetch_and_store_amazon_books' AIRFLOW_CTX_TASK_ID='fetch_book_data' AIRFLOW_CTX_EXECUTION_DATE='2024-07-29T00:00:00+00:00' AIRFLOW_CTX_TRY_NUMBER='1' AIRFLOW_CTX_DAG_RUN_ID='scheduled__2024-07-29T00:00:00+00:00'
[2024-11-10T14:07:40.522+0000] {logging_mixin.py:190} INFO - Task instance is in running state
[2024-11-10T14:07:40.522+0000] {logging_mixin.py:190} INFO -  Previous state of the Task instance: queued
[2024-11-10T14:07:40.523+0000] {logging_mixin.py:190} INFO - Current task name:fetch_book_data state:running start_date:2024-11-10 14:07:40.210802+00:00
[2024-11-10T14:07:40.523+0000] {logging_mixin.py:190} INFO - Dag name:fetch_and_store_amazon_books and current dag run status:running
[2024-11-10T14:07:40.524+0000] {taskinstance.py:731} INFO - ::endgroup::
[2024-11-10T14:07:42.889+0000] {python.py:240} INFO - Done. Returned value was: None
[2024-11-10T14:07:42.912+0000] {taskinstance.py:340} INFO - ::group::Post task execution logs
[2024-11-10T14:07:42.913+0000] {taskinstance.py:352} INFO - Marking task as SUCCESS. dag_id=fetch_and_store_amazon_books, task_id=fetch_book_data, run_id=scheduled__2024-07-29T00:00:00+00:00, execution_date=20240729T000000, start_date=20241110T140740, end_date=20241110T140742
[2024-11-10T14:07:43.046+0000] {logging_mixin.py:190} INFO - Task instance in success state
[2024-11-10T14:07:43.053+0000] {logging_mixin.py:190} INFO -  Previous state of the Task instance: running
[2024-11-10T14:07:43.057+0000] {logging_mixin.py:190} INFO - Dag name:fetch_and_store_amazon_books queued_at:2024-11-10 14:07:32.587884+00:00
[2024-11-10T14:07:43.057+0000] {logging_mixin.py:190} INFO - Task hostname:0afc8c4a15bb operator:PythonOperator
[2024-11-10T14:07:43.139+0000] {local_task_job_runner.py:266} INFO - Task exited with return code 0
[2024-11-10T14:07:43.197+0000] {taskinstance.py:3895} INFO - 1 downstream tasks scheduled from follow-on schedule check
[2024-11-10T14:07:43.202+0000] {local_task_job_runner.py:245} INFO - ::endgroup::
