[2024-11-10T11:48:59.838+0000] {local_task_job_runner.py:123} INFO - ::group::Pre task execution logs
[2024-11-10T11:48:59.883+0000] {taskinstance.py:2613} INFO - Dependencies all met for dep_context=non-requeueable deps ti=<TaskInstance: fetch_and_store_amazon_books.fetch_book_data scheduled__2024-08-10T00:00:00+00:00 [queued]>
[2024-11-10T11:48:59.905+0000] {taskinstance.py:2613} INFO - Dependencies all met for dep_context=requeueable deps ti=<TaskInstance: fetch_and_store_amazon_books.fetch_book_data scheduled__2024-08-10T00:00:00+00:00 [queued]>
[2024-11-10T11:48:59.906+0000] {taskinstance.py:2866} INFO - Starting attempt 1 of 2
[2024-11-10T11:48:59.943+0000] {taskinstance.py:2889} INFO - Executing <Task(PythonOperator): fetch_book_data> on 2024-08-10 00:00:00+00:00
[2024-11-10T11:48:59.977+0000] {warnings.py:112} WARNING - /home/***/.local/lib/python3.12/site-packages/***/task/task_runner/standard_task_runner.py:70: DeprecationWarning: This process (pid=2064) is multi-threaded, use of fork() may lead to deadlocks in the child.
  pid = os.fork()

[2024-11-10T11:48:59.981+0000] {standard_task_runner.py:72} INFO - Started process 2082 to run task
[2024-11-10T11:48:59.986+0000] {standard_task_runner.py:104} INFO - Running: ['***', 'tasks', 'run', 'fetch_and_store_amazon_books', 'fetch_book_data', 'scheduled__2024-08-10T00:00:00+00:00', '--job-id', '214', '--raw', '--subdir', 'DAGS_FOLDER/app.py', '--cfg-path', '/tmp/tmpkbl8y8xp']
[2024-11-10T11:48:59.991+0000] {standard_task_runner.py:105} INFO - Job 214: Subtask fetch_book_data
[2024-11-10T11:49:00.109+0000] {task_command.py:467} INFO - Running <TaskInstance: fetch_and_store_amazon_books.fetch_book_data scheduled__2024-08-10T00:00:00+00:00 [running]> on host 0afc8c4a15bb
[2024-11-10T11:49:00.289+0000] {taskinstance.py:3132} INFO - Exporting env vars: AIRFLOW_CTX_DAG_OWNER='***' AIRFLOW_CTX_DAG_ID='fetch_and_store_amazon_books' AIRFLOW_CTX_TASK_ID='fetch_book_data' AIRFLOW_CTX_EXECUTION_DATE='2024-08-10T00:00:00+00:00' AIRFLOW_CTX_TRY_NUMBER='1' AIRFLOW_CTX_DAG_RUN_ID='scheduled__2024-08-10T00:00:00+00:00'
[2024-11-10T11:49:00.292+0000] {logging_mixin.py:190} INFO - Task instance is in running state
[2024-11-10T11:49:00.293+0000] {logging_mixin.py:190} INFO -  Previous state of the Task instance: queued
[2024-11-10T11:49:00.293+0000] {logging_mixin.py:190} INFO - Current task name:fetch_book_data state:running start_date:2024-11-10 11:48:59.884039+00:00
[2024-11-10T11:49:00.294+0000] {logging_mixin.py:190} INFO - Dag name:fetch_and_store_amazon_books and current dag run status:running
[2024-11-10T11:49:00.294+0000] {taskinstance.py:731} INFO - ::endgroup::
[2024-11-10T11:49:02.068+0000] {app.py:32} ERROR - Failed to retrieve page 1: 503 Server Error: Service Unavailable for url: https://www.amazon.com/s?k=data+engineering+books&page=1
[2024-11-10T11:49:02.107+0000] {python.py:240} INFO - Done. Returned value was: None
[2024-11-10T11:49:02.127+0000] {taskinstance.py:340} INFO - ::group::Post task execution logs
[2024-11-10T11:49:02.127+0000] {taskinstance.py:352} INFO - Marking task as SUCCESS. dag_id=fetch_and_store_amazon_books, task_id=fetch_book_data, run_id=scheduled__2024-08-10T00:00:00+00:00, execution_date=20240810T000000, start_date=20241110T114859, end_date=20241110T114902
[2024-11-10T11:49:02.192+0000] {logging_mixin.py:190} INFO - Task instance in success state
[2024-11-10T11:49:02.193+0000] {logging_mixin.py:190} INFO -  Previous state of the Task instance: running
[2024-11-10T11:49:02.193+0000] {logging_mixin.py:190} INFO - Dag name:fetch_and_store_amazon_books queued_at:2024-11-10 11:48:55.513949+00:00
[2024-11-10T11:49:02.193+0000] {logging_mixin.py:190} INFO - Task hostname:0afc8c4a15bb operator:PythonOperator
[2024-11-10T11:49:02.250+0000] {local_task_job_runner.py:266} INFO - Task exited with return code 0
[2024-11-10T11:49:02.298+0000] {taskinstance.py:3895} INFO - 1 downstream tasks scheduled from follow-on schedule check
[2024-11-10T11:49:02.300+0000] {local_task_job_runner.py:245} INFO - ::endgroup::
[2024-11-10T14:08:29.398+0000] {local_task_job_runner.py:123} INFO - ::group::Pre task execution logs
[2024-11-10T14:08:29.459+0000] {taskinstance.py:2613} INFO - Dependencies all met for dep_context=non-requeueable deps ti=<TaskInstance: fetch_and_store_amazon_books.fetch_book_data scheduled__2024-08-10T00:00:00+00:00 [queued]>
[2024-11-10T14:08:29.486+0000] {taskinstance.py:2613} INFO - Dependencies all met for dep_context=requeueable deps ti=<TaskInstance: fetch_and_store_amazon_books.fetch_book_data scheduled__2024-08-10T00:00:00+00:00 [queued]>
[2024-11-10T14:08:29.487+0000] {taskinstance.py:2866} INFO - Starting attempt 1 of 2
[2024-11-10T14:08:29.534+0000] {taskinstance.py:2889} INFO - Executing <Task(PythonOperator): fetch_book_data> on 2024-08-10 00:00:00+00:00
[2024-11-10T14:08:29.569+0000] {warnings.py:112} WARNING - /home/***/.local/lib/python3.12/site-packages/***/task/task_runner/standard_task_runner.py:70: DeprecationWarning: This process (pid=4534) is multi-threaded, use of fork() may lead to deadlocks in the child.
  pid = os.fork()

[2024-11-10T14:08:29.573+0000] {standard_task_runner.py:72} INFO - Started process 4561 to run task
[2024-11-10T14:08:29.574+0000] {standard_task_runner.py:104} INFO - Running: ['***', 'tasks', 'run', 'fetch_and_store_amazon_books', 'fetch_book_data', 'scheduled__2024-08-10T00:00:00+00:00', '--job-id', '394', '--raw', '--subdir', 'DAGS_FOLDER/app.py', '--cfg-path', '/tmp/tmpji996cxj']
[2024-11-10T14:08:29.575+0000] {standard_task_runner.py:105} INFO - Job 394: Subtask fetch_book_data
[2024-11-10T14:08:29.781+0000] {task_command.py:467} INFO - Running <TaskInstance: fetch_and_store_amazon_books.fetch_book_data scheduled__2024-08-10T00:00:00+00:00 [running]> on host 0afc8c4a15bb
[2024-11-10T14:08:30.069+0000] {taskinstance.py:3132} INFO - Exporting env vars: AIRFLOW_CTX_DAG_OWNER='***' AIRFLOW_CTX_DAG_ID='fetch_and_store_amazon_books' AIRFLOW_CTX_TASK_ID='fetch_book_data' AIRFLOW_CTX_EXECUTION_DATE='2024-08-10T00:00:00+00:00' AIRFLOW_CTX_TRY_NUMBER='1' AIRFLOW_CTX_DAG_RUN_ID='scheduled__2024-08-10T00:00:00+00:00'
[2024-11-10T14:08:30.072+0000] {logging_mixin.py:190} INFO - Task instance is in running state
[2024-11-10T14:08:30.075+0000] {logging_mixin.py:190} INFO -  Previous state of the Task instance: queued
[2024-11-10T14:08:30.075+0000] {logging_mixin.py:190} INFO - Current task name:fetch_book_data state:running start_date:2024-11-10 14:08:29.461486+00:00
[2024-11-10T14:08:30.075+0000] {logging_mixin.py:190} INFO - Dag name:fetch_and_store_amazon_books and current dag run status:running
[2024-11-10T14:08:30.076+0000] {taskinstance.py:731} INFO - ::endgroup::
[2024-11-10T14:08:32.455+0000] {python.py:240} INFO - Done. Returned value was: None
[2024-11-10T14:08:32.475+0000] {taskinstance.py:340} INFO - ::group::Post task execution logs
[2024-11-10T14:08:32.475+0000] {taskinstance.py:352} INFO - Marking task as SUCCESS. dag_id=fetch_and_store_amazon_books, task_id=fetch_book_data, run_id=scheduled__2024-08-10T00:00:00+00:00, execution_date=20240810T000000, start_date=20241110T140829, end_date=20241110T140832
[2024-11-10T14:08:32.496+0000] {logging_mixin.py:190} INFO - Task instance in success state
[2024-11-10T14:08:32.497+0000] {logging_mixin.py:190} INFO -  Previous state of the Task instance: running
[2024-11-10T14:08:32.497+0000] {logging_mixin.py:190} INFO - Dag name:fetch_and_store_amazon_books queued_at:2024-11-10 14:08:26.090617+00:00
[2024-11-10T14:08:32.498+0000] {logging_mixin.py:190} INFO - Task hostname:0afc8c4a15bb operator:PythonOperator
[2024-11-10T14:08:32.552+0000] {local_task_job_runner.py:266} INFO - Task exited with return code 0
[2024-11-10T14:08:32.598+0000] {taskinstance.py:3895} INFO - 1 downstream tasks scheduled from follow-on schedule check
[2024-11-10T14:08:32.603+0000] {local_task_job_runner.py:245} INFO - ::endgroup::
