[2024-11-10T11:30:54.710+0000] {local_task_job_runner.py:123} INFO - ::group::Pre task execution logs
[2024-11-10T11:30:54.801+0000] {taskinstance.py:2613} INFO - Dependencies all met for dep_context=non-requeueable deps ti=<TaskInstance: fetch_and_store_amazon_books.fetch_book_data scheduled__2024-06-26T00:00:00+00:00 [queued]>
[2024-11-10T11:30:54.844+0000] {taskinstance.py:2613} INFO - Dependencies all met for dep_context=requeueable deps ti=<TaskInstance: fetch_and_store_amazon_books.fetch_book_data scheduled__2024-06-26T00:00:00+00:00 [queued]>
[2024-11-10T11:30:54.846+0000] {taskinstance.py:2866} INFO - Starting attempt 1 of 2
[2024-11-10T11:30:54.899+0000] {taskinstance.py:2889} INFO - Executing <Task(PythonOperator): fetch_book_data> on 2024-06-26 00:00:00+00:00
[2024-11-10T11:30:54.958+0000] {warnings.py:112} WARNING - /home/***/.local/lib/python3.12/site-packages/***/task/task_runner/standard_task_runner.py:70: DeprecationWarning: This process (pid=1022) is multi-threaded, use of fork() may lead to deadlocks in the child.
  pid = os.fork()

[2024-11-10T11:30:54.968+0000] {standard_task_runner.py:72} INFO - Started process 1088 to run task
[2024-11-10T11:30:54.975+0000] {standard_task_runner.py:104} INFO - Running: ['***', 'tasks', 'run', 'fetch_and_store_amazon_books', 'fetch_book_data', 'scheduled__2024-06-26T00:00:00+00:00', '--job-id', '16', '--raw', '--subdir', 'DAGS_FOLDER/app.py', '--cfg-path', '/tmp/tmp94sssodd']
[2024-11-10T11:30:54.981+0000] {standard_task_runner.py:105} INFO - Job 16: Subtask fetch_book_data
[2024-11-10T11:30:55.269+0000] {task_command.py:467} INFO - Running <TaskInstance: fetch_and_store_amazon_books.fetch_book_data scheduled__2024-06-26T00:00:00+00:00 [running]> on host 0afc8c4a15bb
[2024-11-10T11:30:55.757+0000] {taskinstance.py:3132} INFO - Exporting env vars: AIRFLOW_CTX_DAG_OWNER='***' AIRFLOW_CTX_DAG_ID='fetch_and_store_amazon_books' AIRFLOW_CTX_TASK_ID='fetch_book_data' AIRFLOW_CTX_EXECUTION_DATE='2024-06-26T00:00:00+00:00' AIRFLOW_CTX_TRY_NUMBER='1' AIRFLOW_CTX_DAG_RUN_ID='scheduled__2024-06-26T00:00:00+00:00'
[2024-11-10T11:30:55.764+0000] {logging_mixin.py:190} INFO - Task instance is in running state
[2024-11-10T11:30:55.765+0000] {logging_mixin.py:190} INFO -  Previous state of the Task instance: queued
[2024-11-10T11:30:55.765+0000] {logging_mixin.py:190} INFO - Current task name:fetch_book_data state:running start_date:2024-11-10 11:30:54.801836+00:00
[2024-11-10T11:30:55.765+0000] {logging_mixin.py:190} INFO - Dag name:fetch_and_store_amazon_books and current dag run status:running
[2024-11-10T11:30:55.766+0000] {taskinstance.py:731} INFO - ::endgroup::
[2024-11-10T11:30:56.450+0000] {logging_mixin.py:190} INFO - Failed to retrieve the page
[2024-11-10T11:30:56.562+0000] {python.py:240} INFO - Done. Returned value was: None
[2024-11-10T11:30:56.593+0000] {taskinstance.py:340} INFO - ::group::Post task execution logs
[2024-11-10T11:30:56.594+0000] {taskinstance.py:352} INFO - Marking task as SUCCESS. dag_id=fetch_and_store_amazon_books, task_id=fetch_book_data, run_id=scheduled__2024-06-26T00:00:00+00:00, execution_date=20240626T000000, start_date=20241110T113054, end_date=20241110T113056
[2024-11-10T11:30:56.698+0000] {logging_mixin.py:190} INFO - Task instance in success state
[2024-11-10T11:30:56.698+0000] {logging_mixin.py:190} INFO -  Previous state of the Task instance: running
[2024-11-10T11:30:56.698+0000] {logging_mixin.py:190} INFO - Dag name:fetch_and_store_amazon_books queued_at:2024-11-10 11:30:17.498212+00:00
[2024-11-10T11:30:56.699+0000] {logging_mixin.py:190} INFO - Task hostname:0afc8c4a15bb operator:PythonOperator
[2024-11-10T11:30:56.806+0000] {local_task_job_runner.py:266} INFO - Task exited with return code 0
[2024-11-10T11:30:56.911+0000] {taskinstance.py:3895} INFO - 1 downstream tasks scheduled from follow-on schedule check
[2024-11-10T11:30:56.920+0000] {local_task_job_runner.py:245} INFO - ::endgroup::
[2024-11-10T14:06:05.527+0000] {local_task_job_runner.py:123} INFO - ::group::Pre task execution logs
[2024-11-10T14:06:05.729+0000] {taskinstance.py:2613} INFO - Dependencies all met for dep_context=non-requeueable deps ti=<TaskInstance: fetch_and_store_amazon_books.fetch_book_data scheduled__2024-06-26T00:00:00+00:00 [queued]>
[2024-11-10T14:06:05.853+0000] {taskinstance.py:2613} INFO - Dependencies all met for dep_context=requeueable deps ti=<TaskInstance: fetch_and_store_amazon_books.fetch_book_data scheduled__2024-06-26T00:00:00+00:00 [queued]>
[2024-11-10T14:06:05.853+0000] {taskinstance.py:2866} INFO - Starting attempt 1 of 2
[2024-11-10T14:06:05.984+0000] {taskinstance.py:2889} INFO - Executing <Task(PythonOperator): fetch_book_data> on 2024-06-26 00:00:00+00:00
[2024-11-10T14:06:06.059+0000] {warnings.py:112} WARNING - /home/***/.local/lib/python3.12/site-packages/***/task/task_runner/standard_task_runner.py:70: DeprecationWarning: This process (pid=3894) is multi-threaded, use of fork() may lead to deadlocks in the child.
  pid = os.fork()

[2024-11-10T14:06:06.083+0000] {standard_task_runner.py:72} INFO - Started process 3924 to run task
[2024-11-10T14:06:06.090+0000] {standard_task_runner.py:104} INFO - Running: ['***', 'tasks', 'run', 'fetch_and_store_amazon_books', 'fetch_book_data', 'scheduled__2024-06-26T00:00:00+00:00', '--job-id', '239', '--raw', '--subdir', 'DAGS_FOLDER/app.py', '--cfg-path', '/tmp/tmpjow5mkay']
[2024-11-10T14:06:06.093+0000] {standard_task_runner.py:105} INFO - Job 239: Subtask fetch_book_data
[2024-11-10T14:06:06.423+0000] {task_command.py:467} INFO - Running <TaskInstance: fetch_and_store_amazon_books.fetch_book_data scheduled__2024-06-26T00:00:00+00:00 [running]> on host 0afc8c4a15bb
[2024-11-10T14:06:06.909+0000] {taskinstance.py:3132} INFO - Exporting env vars: AIRFLOW_CTX_DAG_OWNER='***' AIRFLOW_CTX_DAG_ID='fetch_and_store_amazon_books' AIRFLOW_CTX_TASK_ID='fetch_book_data' AIRFLOW_CTX_EXECUTION_DATE='2024-06-26T00:00:00+00:00' AIRFLOW_CTX_TRY_NUMBER='1' AIRFLOW_CTX_DAG_RUN_ID='scheduled__2024-06-26T00:00:00+00:00'
[2024-11-10T14:06:06.921+0000] {logging_mixin.py:190} INFO - Task instance is in running state
[2024-11-10T14:06:06.922+0000] {logging_mixin.py:190} INFO -  Previous state of the Task instance: queued
[2024-11-10T14:06:06.923+0000] {logging_mixin.py:190} INFO - Current task name:fetch_book_data state:running start_date:2024-11-10 14:06:05.750752+00:00
[2024-11-10T14:06:06.923+0000] {logging_mixin.py:190} INFO - Dag name:fetch_and_store_amazon_books and current dag run status:running
[2024-11-10T14:06:06.923+0000] {taskinstance.py:731} INFO - ::endgroup::
[2024-11-10T14:06:10.387+0000] {python.py:240} INFO - Done. Returned value was: None
[2024-11-10T14:06:10.470+0000] {taskinstance.py:340} INFO - ::group::Post task execution logs
[2024-11-10T14:06:10.474+0000] {taskinstance.py:352} INFO - Marking task as SUCCESS. dag_id=fetch_and_store_amazon_books, task_id=fetch_book_data, run_id=scheduled__2024-06-26T00:00:00+00:00, execution_date=20240626T000000, start_date=20241110T140605, end_date=20241110T140610
[2024-11-10T14:06:10.519+0000] {logging_mixin.py:190} INFO - Task instance in success state
[2024-11-10T14:06:10.520+0000] {logging_mixin.py:190} INFO -  Previous state of the Task instance: running
[2024-11-10T14:06:10.521+0000] {logging_mixin.py:190} INFO - Dag name:fetch_and_store_amazon_books queued_at:2024-11-10 14:05:19.483118+00:00
[2024-11-10T14:06:10.522+0000] {logging_mixin.py:190} INFO - Task hostname:0afc8c4a15bb operator:PythonOperator
[2024-11-10T14:06:10.579+0000] {local_task_job_runner.py:266} INFO - Task exited with return code 0
[2024-11-10T14:06:10.768+0000] {taskinstance.py:3895} INFO - 1 downstream tasks scheduled from follow-on schedule check
[2024-11-10T14:06:10.775+0000] {local_task_job_runner.py:245} INFO - ::endgroup::
