[2024-11-10T14:13:35.132+0000] {local_task_job_runner.py:123} INFO - ::group::Pre task execution logs
[2024-11-10T14:13:35.153+0000] {taskinstance.py:2613} INFO - Dependencies all met for dep_context=non-requeueable deps ti=<TaskInstance: fetch_and_store_amazon_books.fetch_book_data scheduled__2024-09-28T00:00:00+00:00 [queued]>
[2024-11-10T14:13:35.163+0000] {taskinstance.py:2613} INFO - Dependencies all met for dep_context=requeueable deps ti=<TaskInstance: fetch_and_store_amazon_books.fetch_book_data scheduled__2024-09-28T00:00:00+00:00 [queued]>
[2024-11-10T14:13:35.164+0000] {taskinstance.py:2866} INFO - Starting attempt 1 of 2
[2024-11-10T14:13:35.256+0000] {taskinstance.py:2889} INFO - Executing <Task(PythonOperator): fetch_book_data> on 2024-09-28 00:00:00+00:00
[2024-11-10T14:13:35.271+0000] {warnings.py:112} WARNING - /home/***/.local/lib/python3.12/site-packages/***/task/task_runner/standard_task_runner.py:70: DeprecationWarning: This process (pid=5209) is multi-threaded, use of fork() may lead to deadlocks in the child.
  pid = os.fork()

[2024-11-10T14:13:35.274+0000] {standard_task_runner.py:72} INFO - Started process 5220 to run task
[2024-11-10T14:13:35.275+0000] {standard_task_runner.py:104} INFO - Running: ['***', 'tasks', 'run', 'fetch_and_store_amazon_books', 'fetch_book_data', 'scheduled__2024-09-28T00:00:00+00:00', '--job-id', '547', '--raw', '--subdir', 'DAGS_FOLDER/app.py', '--cfg-path', '/tmp/tmps1o3lkms']
[2024-11-10T14:13:35.276+0000] {standard_task_runner.py:105} INFO - Job 547: Subtask fetch_book_data
[2024-11-10T14:13:35.340+0000] {task_command.py:467} INFO - Running <TaskInstance: fetch_and_store_amazon_books.fetch_book_data scheduled__2024-09-28T00:00:00+00:00 [running]> on host 0afc8c4a15bb
[2024-11-10T14:13:35.453+0000] {taskinstance.py:3132} INFO - Exporting env vars: AIRFLOW_CTX_DAG_OWNER='***' AIRFLOW_CTX_DAG_ID='fetch_and_store_amazon_books' AIRFLOW_CTX_TASK_ID='fetch_book_data' AIRFLOW_CTX_EXECUTION_DATE='2024-09-28T00:00:00+00:00' AIRFLOW_CTX_TRY_NUMBER='1' AIRFLOW_CTX_DAG_RUN_ID='scheduled__2024-09-28T00:00:00+00:00'
[2024-11-10T14:13:35.456+0000] {logging_mixin.py:190} INFO - Task instance is in running state
[2024-11-10T14:13:35.457+0000] {logging_mixin.py:190} INFO -  Previous state of the Task instance: queued
[2024-11-10T14:13:35.457+0000] {logging_mixin.py:190} INFO - Current task name:fetch_book_data state:running start_date:2024-11-10 14:13:35.154060+00:00
[2024-11-10T14:13:35.457+0000] {logging_mixin.py:190} INFO - Dag name:fetch_and_store_amazon_books and current dag run status:running
[2024-11-10T14:13:35.458+0000] {taskinstance.py:731} INFO - ::endgroup::
[2024-11-10T14:13:39.048+0000] {python.py:240} INFO - Done. Returned value was: None
[2024-11-10T14:13:39.064+0000] {taskinstance.py:340} INFO - ::group::Post task execution logs
[2024-11-10T14:13:39.065+0000] {taskinstance.py:352} INFO - Marking task as SUCCESS. dag_id=fetch_and_store_amazon_books, task_id=fetch_book_data, run_id=scheduled__2024-09-28T00:00:00+00:00, execution_date=20240928T000000, start_date=20241110T141335, end_date=20241110T141339
[2024-11-10T14:13:39.079+0000] {logging_mixin.py:190} INFO - Task instance in success state
[2024-11-10T14:13:39.080+0000] {logging_mixin.py:190} INFO -  Previous state of the Task instance: running
[2024-11-10T14:13:39.080+0000] {logging_mixin.py:190} INFO - Dag name:fetch_and_store_amazon_books queued_at:2024-11-10 14:13:33.196459+00:00
[2024-11-10T14:13:39.080+0000] {logging_mixin.py:190} INFO - Task hostname:0afc8c4a15bb operator:PythonOperator
[2024-11-10T14:13:39.102+0000] {local_task_job_runner.py:266} INFO - Task exited with return code 0
[2024-11-10T14:13:39.136+0000] {taskinstance.py:3895} INFO - 1 downstream tasks scheduled from follow-on schedule check
[2024-11-10T14:13:39.138+0000] {local_task_job_runner.py:245} INFO - ::endgroup::
