[2024-11-11T09:27:39.984+0000] {processor.py:186} INFO - Started process (PID=122) to work on /home/airflow/.local/lib/python3.12/site-packages/airflow/example_dags/example_branch_labels.py
[2024-11-11T09:27:39.985+0000] {processor.py:914} INFO - Processing file /home/airflow/.local/lib/python3.12/site-packages/airflow/example_dags/example_branch_labels.py for tasks to queue
[2024-11-11T09:27:39.987+0000] {logging_mixin.py:190} INFO - [2024-11-11T09:27:39.987+0000] {dagbag.py:588} INFO - Filling up the DagBag from /home/airflow/.local/lib/python3.12/site-packages/airflow/example_dags/example_branch_labels.py
[2024-11-11T09:27:40.000+0000] {processor.py:925} INFO - DAG(s) 'example_branch_labels' retrieved from /home/airflow/.local/lib/python3.12/site-packages/airflow/example_dags/example_branch_labels.py
[2024-11-11T09:27:40.029+0000] {logging_mixin.py:190} INFO - [2024-11-11T09:27:40.029+0000] {dag.py:3239} INFO - Sync 1 DAGs
[2024-11-11T09:27:40.064+0000] {logging_mixin.py:190} INFO - [2024-11-11T09:27:40.063+0000] {dag.py:4180} INFO - Setting next_dagrun for example_branch_labels to 2024-11-10 00:00:00+00:00, run_after=2024-11-11 00:00:00+00:00
[2024-11-11T09:27:40.085+0000] {processor.py:208} INFO - Processing /home/airflow/.local/lib/python3.12/site-packages/airflow/example_dags/example_branch_labels.py took 0.107 seconds
[2024-11-11T09:28:10.769+0000] {processor.py:186} INFO - Started process (PID=186) to work on /home/airflow/.local/lib/python3.12/site-packages/airflow/example_dags/example_branch_labels.py
[2024-11-11T09:28:10.771+0000] {processor.py:914} INFO - Processing file /home/airflow/.local/lib/python3.12/site-packages/airflow/example_dags/example_branch_labels.py for tasks to queue
[2024-11-11T09:28:10.773+0000] {logging_mixin.py:190} INFO - [2024-11-11T09:28:10.773+0000] {dagbag.py:588} INFO - Filling up the DagBag from /home/airflow/.local/lib/python3.12/site-packages/airflow/example_dags/example_branch_labels.py
[2024-11-11T09:28:10.787+0000] {processor.py:925} INFO - DAG(s) 'example_branch_labels' retrieved from /home/airflow/.local/lib/python3.12/site-packages/airflow/example_dags/example_branch_labels.py
[2024-11-11T09:28:10.812+0000] {logging_mixin.py:190} INFO - [2024-11-11T09:28:10.812+0000] {dag.py:3239} INFO - Sync 1 DAGs
[2024-11-11T09:28:10.845+0000] {logging_mixin.py:190} INFO - [2024-11-11T09:28:10.845+0000] {dag.py:4180} INFO - Setting next_dagrun for example_branch_labels to 2024-11-10 00:00:00+00:00, run_after=2024-11-11 00:00:00+00:00
[2024-11-11T09:28:10.873+0000] {processor.py:208} INFO - Processing /home/airflow/.local/lib/python3.12/site-packages/airflow/example_dags/example_branch_labels.py took 0.110 seconds
[2024-11-11T09:28:41.393+0000] {processor.py:186} INFO - Started process (PID=249) to work on /home/airflow/.local/lib/python3.12/site-packages/airflow/example_dags/example_branch_labels.py
[2024-11-11T09:28:41.394+0000] {processor.py:914} INFO - Processing file /home/airflow/.local/lib/python3.12/site-packages/airflow/example_dags/example_branch_labels.py for tasks to queue
[2024-11-11T09:28:41.398+0000] {logging_mixin.py:190} INFO - [2024-11-11T09:28:41.397+0000] {dagbag.py:588} INFO - Filling up the DagBag from /home/airflow/.local/lib/python3.12/site-packages/airflow/example_dags/example_branch_labels.py
[2024-11-11T09:28:41.409+0000] {processor.py:925} INFO - DAG(s) 'example_branch_labels' retrieved from /home/airflow/.local/lib/python3.12/site-packages/airflow/example_dags/example_branch_labels.py
[2024-11-11T09:28:41.436+0000] {logging_mixin.py:190} INFO - [2024-11-11T09:28:41.436+0000] {dag.py:3239} INFO - Sync 1 DAGs
[2024-11-11T09:28:41.463+0000] {logging_mixin.py:190} INFO - [2024-11-11T09:28:41.463+0000] {dag.py:4180} INFO - Setting next_dagrun for example_branch_labels to 2024-11-10 00:00:00+00:00, run_after=2024-11-11 00:00:00+00:00
[2024-11-11T09:28:41.487+0000] {processor.py:208} INFO - Processing /home/airflow/.local/lib/python3.12/site-packages/airflow/example_dags/example_branch_labels.py took 0.101 seconds
[2024-11-11T09:29:12.864+0000] {processor.py:186} INFO - Started process (PID=312) to work on /home/airflow/.local/lib/python3.12/site-packages/airflow/example_dags/example_branch_labels.py
[2024-11-11T09:29:12.866+0000] {processor.py:914} INFO - Processing file /home/airflow/.local/lib/python3.12/site-packages/airflow/example_dags/example_branch_labels.py for tasks to queue
[2024-11-11T09:29:12.869+0000] {logging_mixin.py:190} INFO - [2024-11-11T09:29:12.869+0000] {dagbag.py:588} INFO - Filling up the DagBag from /home/airflow/.local/lib/python3.12/site-packages/airflow/example_dags/example_branch_labels.py
[2024-11-11T09:29:12.883+0000] {processor.py:925} INFO - DAG(s) 'example_branch_labels' retrieved from /home/airflow/.local/lib/python3.12/site-packages/airflow/example_dags/example_branch_labels.py
[2024-11-11T09:29:12.912+0000] {logging_mixin.py:190} INFO - [2024-11-11T09:29:12.912+0000] {dag.py:3239} INFO - Sync 1 DAGs
[2024-11-11T09:29:12.954+0000] {logging_mixin.py:190} INFO - [2024-11-11T09:29:12.953+0000] {dag.py:4180} INFO - Setting next_dagrun for example_branch_labels to 2024-11-10 00:00:00+00:00, run_after=2024-11-11 00:00:00+00:00
[2024-11-11T09:29:12.981+0000] {processor.py:208} INFO - Processing /home/airflow/.local/lib/python3.12/site-packages/airflow/example_dags/example_branch_labels.py took 0.125 seconds
[2024-11-11T09:29:45.390+0000] {processor.py:186} INFO - Started process (PID=376) to work on /home/airflow/.local/lib/python3.12/site-packages/airflow/example_dags/example_branch_labels.py
[2024-11-11T09:29:45.391+0000] {processor.py:914} INFO - Processing file /home/airflow/.local/lib/python3.12/site-packages/airflow/example_dags/example_branch_labels.py for tasks to queue
[2024-11-11T09:29:45.395+0000] {logging_mixin.py:190} INFO - [2024-11-11T09:29:45.394+0000] {dagbag.py:588} INFO - Filling up the DagBag from /home/airflow/.local/lib/python3.12/site-packages/airflow/example_dags/example_branch_labels.py
[2024-11-11T09:29:45.411+0000] {processor.py:925} INFO - DAG(s) 'example_branch_labels' retrieved from /home/airflow/.local/lib/python3.12/site-packages/airflow/example_dags/example_branch_labels.py
[2024-11-11T09:29:45.446+0000] {logging_mixin.py:190} INFO - [2024-11-11T09:29:45.445+0000] {dag.py:3239} INFO - Sync 1 DAGs
[2024-11-11T09:29:45.480+0000] {logging_mixin.py:190} INFO - [2024-11-11T09:29:45.480+0000] {dag.py:4180} INFO - Setting next_dagrun for example_branch_labels to 2024-11-10 00:00:00+00:00, run_after=2024-11-11 00:00:00+00:00
[2024-11-11T09:29:45.506+0000] {processor.py:208} INFO - Processing /home/airflow/.local/lib/python3.12/site-packages/airflow/example_dags/example_branch_labels.py took 0.126 seconds
[2024-11-11T09:30:17.697+0000] {processor.py:186} INFO - Started process (PID=440) to work on /home/airflow/.local/lib/python3.12/site-packages/airflow/example_dags/example_branch_labels.py
[2024-11-11T09:30:17.698+0000] {processor.py:914} INFO - Processing file /home/airflow/.local/lib/python3.12/site-packages/airflow/example_dags/example_branch_labels.py for tasks to queue
[2024-11-11T09:30:17.702+0000] {logging_mixin.py:190} INFO - [2024-11-11T09:30:17.701+0000] {dagbag.py:588} INFO - Filling up the DagBag from /home/airflow/.local/lib/python3.12/site-packages/airflow/example_dags/example_branch_labels.py
[2024-11-11T09:30:17.719+0000] {processor.py:925} INFO - DAG(s) 'example_branch_labels' retrieved from /home/airflow/.local/lib/python3.12/site-packages/airflow/example_dags/example_branch_labels.py
[2024-11-11T09:30:17.753+0000] {logging_mixin.py:190} INFO - [2024-11-11T09:30:17.752+0000] {dag.py:3239} INFO - Sync 1 DAGs
[2024-11-11T09:30:17.793+0000] {logging_mixin.py:190} INFO - [2024-11-11T09:30:17.792+0000] {dag.py:4180} INFO - Setting next_dagrun for example_branch_labels to 2024-11-10 00:00:00+00:00, run_after=2024-11-11 00:00:00+00:00
[2024-11-11T09:30:17.822+0000] {processor.py:208} INFO - Processing /home/airflow/.local/lib/python3.12/site-packages/airflow/example_dags/example_branch_labels.py took 0.135 seconds
[2024-11-11T09:30:48.564+0000] {processor.py:186} INFO - Started process (PID=504) to work on /home/airflow/.local/lib/python3.12/site-packages/airflow/example_dags/example_branch_labels.py
[2024-11-11T09:30:48.565+0000] {processor.py:914} INFO - Processing file /home/airflow/.local/lib/python3.12/site-packages/airflow/example_dags/example_branch_labels.py for tasks to queue
[2024-11-11T09:30:48.569+0000] {logging_mixin.py:190} INFO - [2024-11-11T09:30:48.569+0000] {dagbag.py:588} INFO - Filling up the DagBag from /home/airflow/.local/lib/python3.12/site-packages/airflow/example_dags/example_branch_labels.py
[2024-11-11T09:30:48.587+0000] {processor.py:925} INFO - DAG(s) 'example_branch_labels' retrieved from /home/airflow/.local/lib/python3.12/site-packages/airflow/example_dags/example_branch_labels.py
[2024-11-11T09:30:48.626+0000] {logging_mixin.py:190} INFO - [2024-11-11T09:30:48.625+0000] {dag.py:3239} INFO - Sync 1 DAGs
[2024-11-11T09:30:48.662+0000] {logging_mixin.py:190} INFO - [2024-11-11T09:30:48.662+0000] {dag.py:4180} INFO - Setting next_dagrun for example_branch_labels to 2024-11-10 00:00:00+00:00, run_after=2024-11-11 00:00:00+00:00
[2024-11-11T09:30:48.689+0000] {processor.py:208} INFO - Processing /home/airflow/.local/lib/python3.12/site-packages/airflow/example_dags/example_branch_labels.py took 0.135 seconds
[2024-11-11T09:31:20.195+0000] {processor.py:186} INFO - Started process (PID=568) to work on /home/airflow/.local/lib/python3.12/site-packages/airflow/example_dags/example_branch_labels.py
[2024-11-11T09:31:20.196+0000] {processor.py:914} INFO - Processing file /home/airflow/.local/lib/python3.12/site-packages/airflow/example_dags/example_branch_labels.py for tasks to queue
[2024-11-11T09:31:20.200+0000] {logging_mixin.py:190} INFO - [2024-11-11T09:31:20.199+0000] {dagbag.py:588} INFO - Filling up the DagBag from /home/airflow/.local/lib/python3.12/site-packages/airflow/example_dags/example_branch_labels.py
[2024-11-11T09:31:20.216+0000] {processor.py:925} INFO - DAG(s) 'example_branch_labels' retrieved from /home/airflow/.local/lib/python3.12/site-packages/airflow/example_dags/example_branch_labels.py
[2024-11-11T09:31:20.249+0000] {logging_mixin.py:190} INFO - [2024-11-11T09:31:20.249+0000] {dag.py:3239} INFO - Sync 1 DAGs
[2024-11-11T09:31:20.287+0000] {logging_mixin.py:190} INFO - [2024-11-11T09:31:20.287+0000] {dag.py:4180} INFO - Setting next_dagrun for example_branch_labels to 2024-11-10 00:00:00+00:00, run_after=2024-11-11 00:00:00+00:00
[2024-11-11T09:31:20.313+0000] {processor.py:208} INFO - Processing /home/airflow/.local/lib/python3.12/site-packages/airflow/example_dags/example_branch_labels.py took 0.128 seconds
[2024-11-11T09:31:51.604+0000] {processor.py:186} INFO - Started process (PID=632) to work on /home/airflow/.local/lib/python3.12/site-packages/airflow/example_dags/example_branch_labels.py
[2024-11-11T09:31:51.606+0000] {processor.py:914} INFO - Processing file /home/airflow/.local/lib/python3.12/site-packages/airflow/example_dags/example_branch_labels.py for tasks to queue
[2024-11-11T09:31:51.610+0000] {logging_mixin.py:190} INFO - [2024-11-11T09:31:51.609+0000] {dagbag.py:588} INFO - Filling up the DagBag from /home/airflow/.local/lib/python3.12/site-packages/airflow/example_dags/example_branch_labels.py
[2024-11-11T09:31:51.629+0000] {processor.py:925} INFO - DAG(s) 'example_branch_labels' retrieved from /home/airflow/.local/lib/python3.12/site-packages/airflow/example_dags/example_branch_labels.py
[2024-11-11T09:31:51.667+0000] {logging_mixin.py:190} INFO - [2024-11-11T09:31:51.667+0000] {dag.py:3239} INFO - Sync 1 DAGs
[2024-11-11T09:31:51.702+0000] {logging_mixin.py:190} INFO - [2024-11-11T09:31:51.702+0000] {dag.py:4180} INFO - Setting next_dagrun for example_branch_labels to 2024-11-10 00:00:00+00:00, run_after=2024-11-11 00:00:00+00:00
[2024-11-11T09:31:51.731+0000] {processor.py:208} INFO - Processing /home/airflow/.local/lib/python3.12/site-packages/airflow/example_dags/example_branch_labels.py took 0.136 seconds
[2024-11-11T09:32:23.076+0000] {processor.py:186} INFO - Started process (PID=696) to work on /home/airflow/.local/lib/python3.12/site-packages/airflow/example_dags/example_branch_labels.py
[2024-11-11T09:32:23.077+0000] {processor.py:914} INFO - Processing file /home/airflow/.local/lib/python3.12/site-packages/airflow/example_dags/example_branch_labels.py for tasks to queue
[2024-11-11T09:32:23.081+0000] {logging_mixin.py:190} INFO - [2024-11-11T09:32:23.080+0000] {dagbag.py:588} INFO - Filling up the DagBag from /home/airflow/.local/lib/python3.12/site-packages/airflow/example_dags/example_branch_labels.py
[2024-11-11T09:32:23.098+0000] {processor.py:925} INFO - DAG(s) 'example_branch_labels' retrieved from /home/airflow/.local/lib/python3.12/site-packages/airflow/example_dags/example_branch_labels.py
[2024-11-11T09:32:23.135+0000] {logging_mixin.py:190} INFO - [2024-11-11T09:32:23.135+0000] {dag.py:3239} INFO - Sync 1 DAGs
[2024-11-11T09:32:23.174+0000] {logging_mixin.py:190} INFO - [2024-11-11T09:32:23.174+0000] {dag.py:4180} INFO - Setting next_dagrun for example_branch_labels to 2024-11-10 00:00:00+00:00, run_after=2024-11-11 00:00:00+00:00
[2024-11-11T09:32:23.203+0000] {processor.py:208} INFO - Processing /home/airflow/.local/lib/python3.12/site-packages/airflow/example_dags/example_branch_labels.py took 0.137 seconds
[2024-11-11T09:32:55.577+0000] {processor.py:186} INFO - Started process (PID=759) to work on /home/airflow/.local/lib/python3.12/site-packages/airflow/example_dags/example_branch_labels.py
[2024-11-11T09:32:55.579+0000] {processor.py:914} INFO - Processing file /home/airflow/.local/lib/python3.12/site-packages/airflow/example_dags/example_branch_labels.py for tasks to queue
[2024-11-11T09:32:55.585+0000] {logging_mixin.py:190} INFO - [2024-11-11T09:32:55.584+0000] {dagbag.py:588} INFO - Filling up the DagBag from /home/airflow/.local/lib/python3.12/site-packages/airflow/example_dags/example_branch_labels.py
[2024-11-11T09:32:55.612+0000] {processor.py:925} INFO - DAG(s) 'example_branch_labels' retrieved from /home/airflow/.local/lib/python3.12/site-packages/airflow/example_dags/example_branch_labels.py
[2024-11-11T09:32:55.654+0000] {logging_mixin.py:190} INFO - [2024-11-11T09:32:55.653+0000] {dag.py:3239} INFO - Sync 1 DAGs
[2024-11-11T09:32:55.718+0000] {logging_mixin.py:190} INFO - [2024-11-11T09:32:55.717+0000] {dag.py:4180} INFO - Setting next_dagrun for example_branch_labels to 2024-11-10 00:00:00+00:00, run_after=2024-11-11 00:00:00+00:00
[2024-11-11T09:32:55.755+0000] {processor.py:208} INFO - Processing /home/airflow/.local/lib/python3.12/site-packages/airflow/example_dags/example_branch_labels.py took 0.190 seconds
[2024-11-11T09:33:26.268+0000] {processor.py:186} INFO - Started process (PID=823) to work on /home/airflow/.local/lib/python3.12/site-packages/airflow/example_dags/example_branch_labels.py
[2024-11-11T09:33:26.269+0000] {processor.py:914} INFO - Processing file /home/airflow/.local/lib/python3.12/site-packages/airflow/example_dags/example_branch_labels.py for tasks to queue
[2024-11-11T09:33:26.273+0000] {logging_mixin.py:190} INFO - [2024-11-11T09:33:26.273+0000] {dagbag.py:588} INFO - Filling up the DagBag from /home/airflow/.local/lib/python3.12/site-packages/airflow/example_dags/example_branch_labels.py
[2024-11-11T09:33:26.291+0000] {processor.py:925} INFO - DAG(s) 'example_branch_labels' retrieved from /home/airflow/.local/lib/python3.12/site-packages/airflow/example_dags/example_branch_labels.py
[2024-11-11T09:33:26.325+0000] {logging_mixin.py:190} INFO - [2024-11-11T09:33:26.325+0000] {dag.py:3239} INFO - Sync 1 DAGs
[2024-11-11T09:33:26.362+0000] {logging_mixin.py:190} INFO - [2024-11-11T09:33:26.362+0000] {dag.py:4180} INFO - Setting next_dagrun for example_branch_labels to 2024-11-10 00:00:00+00:00, run_after=2024-11-11 00:00:00+00:00
[2024-11-11T09:33:26.388+0000] {processor.py:208} INFO - Processing /home/airflow/.local/lib/python3.12/site-packages/airflow/example_dags/example_branch_labels.py took 0.130 seconds
[2024-11-11T09:33:59.043+0000] {processor.py:186} INFO - Started process (PID=887) to work on /home/airflow/.local/lib/python3.12/site-packages/airflow/example_dags/example_branch_labels.py
[2024-11-11T09:33:59.045+0000] {processor.py:914} INFO - Processing file /home/airflow/.local/lib/python3.12/site-packages/airflow/example_dags/example_branch_labels.py for tasks to queue
[2024-11-11T09:33:59.049+0000] {logging_mixin.py:190} INFO - [2024-11-11T09:33:59.048+0000] {dagbag.py:588} INFO - Filling up the DagBag from /home/airflow/.local/lib/python3.12/site-packages/airflow/example_dags/example_branch_labels.py
[2024-11-11T09:33:59.066+0000] {processor.py:925} INFO - DAG(s) 'example_branch_labels' retrieved from /home/airflow/.local/lib/python3.12/site-packages/airflow/example_dags/example_branch_labels.py
[2024-11-11T09:33:59.098+0000] {logging_mixin.py:190} INFO - [2024-11-11T09:33:59.098+0000] {dag.py:3239} INFO - Sync 1 DAGs
[2024-11-11T09:33:59.134+0000] {logging_mixin.py:190} INFO - [2024-11-11T09:33:59.134+0000] {dag.py:4180} INFO - Setting next_dagrun for example_branch_labels to 2024-11-10 00:00:00+00:00, run_after=2024-11-11 00:00:00+00:00
[2024-11-11T09:33:59.158+0000] {processor.py:208} INFO - Processing /home/airflow/.local/lib/python3.12/site-packages/airflow/example_dags/example_branch_labels.py took 0.124 seconds
[2024-11-11T09:34:30.333+0000] {processor.py:186} INFO - Started process (PID=951) to work on /home/airflow/.local/lib/python3.12/site-packages/airflow/example_dags/example_branch_labels.py
[2024-11-11T09:34:30.334+0000] {processor.py:914} INFO - Processing file /home/airflow/.local/lib/python3.12/site-packages/airflow/example_dags/example_branch_labels.py for tasks to queue
[2024-11-11T09:34:30.338+0000] {logging_mixin.py:190} INFO - [2024-11-11T09:34:30.337+0000] {dagbag.py:588} INFO - Filling up the DagBag from /home/airflow/.local/lib/python3.12/site-packages/airflow/example_dags/example_branch_labels.py
[2024-11-11T09:34:30.354+0000] {processor.py:925} INFO - DAG(s) 'example_branch_labels' retrieved from /home/airflow/.local/lib/python3.12/site-packages/airflow/example_dags/example_branch_labels.py
[2024-11-11T09:34:30.387+0000] {logging_mixin.py:190} INFO - [2024-11-11T09:34:30.387+0000] {dag.py:3239} INFO - Sync 1 DAGs
[2024-11-11T09:34:30.422+0000] {logging_mixin.py:190} INFO - [2024-11-11T09:34:30.422+0000] {dag.py:4180} INFO - Setting next_dagrun for example_branch_labels to 2024-11-10 00:00:00+00:00, run_after=2024-11-11 00:00:00+00:00
[2024-11-11T09:34:30.447+0000] {processor.py:208} INFO - Processing /home/airflow/.local/lib/python3.12/site-packages/airflow/example_dags/example_branch_labels.py took 0.124 seconds
[2024-11-11T09:35:01.364+0000] {processor.py:186} INFO - Started process (PID=1015) to work on /home/airflow/.local/lib/python3.12/site-packages/airflow/example_dags/example_branch_labels.py
[2024-11-11T09:35:01.365+0000] {processor.py:914} INFO - Processing file /home/airflow/.local/lib/python3.12/site-packages/airflow/example_dags/example_branch_labels.py for tasks to queue
[2024-11-11T09:35:01.369+0000] {logging_mixin.py:190} INFO - [2024-11-11T09:35:01.368+0000] {dagbag.py:588} INFO - Filling up the DagBag from /home/airflow/.local/lib/python3.12/site-packages/airflow/example_dags/example_branch_labels.py
[2024-11-11T09:35:01.385+0000] {processor.py:925} INFO - DAG(s) 'example_branch_labels' retrieved from /home/airflow/.local/lib/python3.12/site-packages/airflow/example_dags/example_branch_labels.py
[2024-11-11T09:35:01.419+0000] {logging_mixin.py:190} INFO - [2024-11-11T09:35:01.419+0000] {dag.py:3239} INFO - Sync 1 DAGs
[2024-11-11T09:35:01.454+0000] {logging_mixin.py:190} INFO - [2024-11-11T09:35:01.454+0000] {dag.py:4180} INFO - Setting next_dagrun for example_branch_labels to 2024-11-10 00:00:00+00:00, run_after=2024-11-11 00:00:00+00:00
[2024-11-11T09:35:01.481+0000] {processor.py:208} INFO - Processing /home/airflow/.local/lib/python3.12/site-packages/airflow/example_dags/example_branch_labels.py took 0.128 seconds
[2024-11-11T09:35:35.829+0000] {processor.py:186} INFO - Started process (PID=1081) to work on /home/airflow/.local/lib/python3.12/site-packages/airflow/example_dags/example_branch_labels.py
[2024-11-11T09:35:35.830+0000] {processor.py:914} INFO - Processing file /home/airflow/.local/lib/python3.12/site-packages/airflow/example_dags/example_branch_labels.py for tasks to queue
[2024-11-11T09:35:35.833+0000] {logging_mixin.py:190} INFO - [2024-11-11T09:35:35.832+0000] {dagbag.py:588} INFO - Filling up the DagBag from /home/airflow/.local/lib/python3.12/site-packages/airflow/example_dags/example_branch_labels.py
[2024-11-11T09:35:35.844+0000] {processor.py:925} INFO - DAG(s) 'example_branch_labels' retrieved from /home/airflow/.local/lib/python3.12/site-packages/airflow/example_dags/example_branch_labels.py
[2024-11-11T09:35:35.868+0000] {logging_mixin.py:190} INFO - [2024-11-11T09:35:35.868+0000] {dag.py:3239} INFO - Sync 1 DAGs
[2024-11-11T09:35:35.894+0000] {logging_mixin.py:190} INFO - [2024-11-11T09:35:35.894+0000] {dag.py:4180} INFO - Setting next_dagrun for example_branch_labels to 2024-11-10 00:00:00+00:00, run_after=2024-11-11 00:00:00+00:00
[2024-11-11T09:35:35.914+0000] {processor.py:208} INFO - Processing /home/airflow/.local/lib/python3.12/site-packages/airflow/example_dags/example_branch_labels.py took 0.092 seconds
[2024-11-11T09:36:11.477+0000] {processor.py:186} INFO - Started process (PID=1151) to work on /home/airflow/.local/lib/python3.12/site-packages/airflow/example_dags/example_branch_labels.py
[2024-11-11T09:36:11.479+0000] {processor.py:914} INFO - Processing file /home/airflow/.local/lib/python3.12/site-packages/airflow/example_dags/example_branch_labels.py for tasks to queue
[2024-11-11T09:36:11.486+0000] {logging_mixin.py:190} INFO - [2024-11-11T09:36:11.485+0000] {dagbag.py:588} INFO - Filling up the DagBag from /home/airflow/.local/lib/python3.12/site-packages/airflow/example_dags/example_branch_labels.py
[2024-11-11T09:36:11.508+0000] {processor.py:925} INFO - DAG(s) 'example_branch_labels' retrieved from /home/airflow/.local/lib/python3.12/site-packages/airflow/example_dags/example_branch_labels.py
[2024-11-11T09:36:11.552+0000] {logging_mixin.py:190} INFO - [2024-11-11T09:36:11.552+0000] {dag.py:3239} INFO - Sync 1 DAGs
[2024-11-11T09:36:11.602+0000] {logging_mixin.py:190} INFO - [2024-11-11T09:36:11.601+0000] {dag.py:4180} INFO - Setting next_dagrun for example_branch_labels to 2024-11-10 00:00:00+00:00, run_after=2024-11-11 00:00:00+00:00
[2024-11-11T09:36:11.642+0000] {processor.py:208} INFO - Processing /home/airflow/.local/lib/python3.12/site-packages/airflow/example_dags/example_branch_labels.py took 0.183 seconds
[2024-11-11T09:36:43.703+0000] {processor.py:186} INFO - Started process (PID=1215) to work on /home/airflow/.local/lib/python3.12/site-packages/airflow/example_dags/example_branch_labels.py
[2024-11-11T09:36:43.704+0000] {processor.py:914} INFO - Processing file /home/airflow/.local/lib/python3.12/site-packages/airflow/example_dags/example_branch_labels.py for tasks to queue
[2024-11-11T09:36:43.709+0000] {logging_mixin.py:190} INFO - [2024-11-11T09:36:43.708+0000] {dagbag.py:588} INFO - Filling up the DagBag from /home/airflow/.local/lib/python3.12/site-packages/airflow/example_dags/example_branch_labels.py
[2024-11-11T09:36:43.734+0000] {processor.py:925} INFO - DAG(s) 'example_branch_labels' retrieved from /home/airflow/.local/lib/python3.12/site-packages/airflow/example_dags/example_branch_labels.py
[2024-11-11T09:36:43.791+0000] {logging_mixin.py:190} INFO - [2024-11-11T09:36:43.790+0000] {dag.py:3239} INFO - Sync 1 DAGs
[2024-11-11T09:36:43.844+0000] {logging_mixin.py:190} INFO - [2024-11-11T09:36:43.844+0000] {dag.py:4180} INFO - Setting next_dagrun for example_branch_labels to 2024-11-10 00:00:00+00:00, run_after=2024-11-11 00:00:00+00:00
[2024-11-11T09:36:43.883+0000] {processor.py:208} INFO - Processing /home/airflow/.local/lib/python3.12/site-packages/airflow/example_dags/example_branch_labels.py took 0.193 seconds
[2024-11-11T09:37:14.838+0000] {processor.py:186} INFO - Started process (PID=1279) to work on /home/airflow/.local/lib/python3.12/site-packages/airflow/example_dags/example_branch_labels.py
[2024-11-11T09:37:14.839+0000] {processor.py:914} INFO - Processing file /home/airflow/.local/lib/python3.12/site-packages/airflow/example_dags/example_branch_labels.py for tasks to queue
[2024-11-11T09:37:14.843+0000] {logging_mixin.py:190} INFO - [2024-11-11T09:37:14.842+0000] {dagbag.py:588} INFO - Filling up the DagBag from /home/airflow/.local/lib/python3.12/site-packages/airflow/example_dags/example_branch_labels.py
[2024-11-11T09:37:14.859+0000] {processor.py:925} INFO - DAG(s) 'example_branch_labels' retrieved from /home/airflow/.local/lib/python3.12/site-packages/airflow/example_dags/example_branch_labels.py
[2024-11-11T09:37:14.893+0000] {logging_mixin.py:190} INFO - [2024-11-11T09:37:14.892+0000] {dag.py:3239} INFO - Sync 1 DAGs
[2024-11-11T09:37:14.928+0000] {logging_mixin.py:190} INFO - [2024-11-11T09:37:14.927+0000] {dag.py:4180} INFO - Setting next_dagrun for example_branch_labels to 2024-11-10 00:00:00+00:00, run_after=2024-11-11 00:00:00+00:00
[2024-11-11T09:37:14.955+0000] {processor.py:208} INFO - Processing /home/airflow/.local/lib/python3.12/site-packages/airflow/example_dags/example_branch_labels.py took 0.127 seconds
[2024-11-11T09:37:46.934+0000] {processor.py:186} INFO - Started process (PID=1349) to work on /home/airflow/.local/lib/python3.12/site-packages/airflow/example_dags/example_branch_labels.py
[2024-11-11T09:37:46.935+0000] {processor.py:914} INFO - Processing file /home/airflow/.local/lib/python3.12/site-packages/airflow/example_dags/example_branch_labels.py for tasks to queue
[2024-11-11T09:37:46.939+0000] {logging_mixin.py:190} INFO - [2024-11-11T09:37:46.938+0000] {dagbag.py:588} INFO - Filling up the DagBag from /home/airflow/.local/lib/python3.12/site-packages/airflow/example_dags/example_branch_labels.py
[2024-11-11T09:37:46.955+0000] {processor.py:925} INFO - DAG(s) 'example_branch_labels' retrieved from /home/airflow/.local/lib/python3.12/site-packages/airflow/example_dags/example_branch_labels.py
[2024-11-11T09:37:46.990+0000] {logging_mixin.py:190} INFO - [2024-11-11T09:37:46.990+0000] {dag.py:3239} INFO - Sync 1 DAGs
[2024-11-11T09:37:47.025+0000] {logging_mixin.py:190} INFO - [2024-11-11T09:37:47.024+0000] {dag.py:4180} INFO - Setting next_dagrun for example_branch_labels to 2024-11-10 00:00:00+00:00, run_after=2024-11-11 00:00:00+00:00
[2024-11-11T09:37:47.053+0000] {processor.py:208} INFO - Processing /home/airflow/.local/lib/python3.12/site-packages/airflow/example_dags/example_branch_labels.py took 0.130 seconds
[2024-11-11T09:38:19.816+0000] {processor.py:186} INFO - Started process (PID=1421) to work on /home/airflow/.local/lib/python3.12/site-packages/airflow/example_dags/example_branch_labels.py
[2024-11-11T09:38:19.817+0000] {processor.py:914} INFO - Processing file /home/airflow/.local/lib/python3.12/site-packages/airflow/example_dags/example_branch_labels.py for tasks to queue
[2024-11-11T09:38:19.821+0000] {logging_mixin.py:190} INFO - [2024-11-11T09:38:19.820+0000] {dagbag.py:588} INFO - Filling up the DagBag from /home/airflow/.local/lib/python3.12/site-packages/airflow/example_dags/example_branch_labels.py
[2024-11-11T09:38:19.840+0000] {processor.py:925} INFO - DAG(s) 'example_branch_labels' retrieved from /home/airflow/.local/lib/python3.12/site-packages/airflow/example_dags/example_branch_labels.py
[2024-11-11T09:38:19.878+0000] {logging_mixin.py:190} INFO - [2024-11-11T09:38:19.877+0000] {dag.py:3239} INFO - Sync 1 DAGs
[2024-11-11T09:38:19.916+0000] {logging_mixin.py:190} INFO - [2024-11-11T09:38:19.916+0000] {dag.py:4180} INFO - Setting next_dagrun for example_branch_labels to 2024-11-10 00:00:00+00:00, run_after=2024-11-11 00:00:00+00:00
[2024-11-11T09:38:19.944+0000] {processor.py:208} INFO - Processing /home/airflow/.local/lib/python3.12/site-packages/airflow/example_dags/example_branch_labels.py took 0.138 seconds
[2024-11-11T09:38:52.187+0000] {processor.py:186} INFO - Started process (PID=1488) to work on /home/airflow/.local/lib/python3.12/site-packages/airflow/example_dags/example_branch_labels.py
[2024-11-11T09:38:52.188+0000] {processor.py:914} INFO - Processing file /home/airflow/.local/lib/python3.12/site-packages/airflow/example_dags/example_branch_labels.py for tasks to queue
[2024-11-11T09:38:52.192+0000] {logging_mixin.py:190} INFO - [2024-11-11T09:38:52.191+0000] {dagbag.py:588} INFO - Filling up the DagBag from /home/airflow/.local/lib/python3.12/site-packages/airflow/example_dags/example_branch_labels.py
[2024-11-11T09:38:52.208+0000] {processor.py:925} INFO - DAG(s) 'example_branch_labels' retrieved from /home/airflow/.local/lib/python3.12/site-packages/airflow/example_dags/example_branch_labels.py
[2024-11-11T09:38:52.242+0000] {logging_mixin.py:190} INFO - [2024-11-11T09:38:52.241+0000] {dag.py:3239} INFO - Sync 1 DAGs
[2024-11-11T09:38:52.277+0000] {logging_mixin.py:190} INFO - [2024-11-11T09:38:52.277+0000] {dag.py:4180} INFO - Setting next_dagrun for example_branch_labels to 2024-11-10 00:00:00+00:00, run_after=2024-11-11 00:00:00+00:00
[2024-11-11T09:38:52.302+0000] {processor.py:208} INFO - Processing /home/airflow/.local/lib/python3.12/site-packages/airflow/example_dags/example_branch_labels.py took 0.125 seconds
[2024-11-11T09:39:25.156+0000] {processor.py:186} INFO - Started process (PID=1552) to work on /home/airflow/.local/lib/python3.12/site-packages/airflow/example_dags/example_branch_labels.py
[2024-11-11T09:39:25.157+0000] {processor.py:914} INFO - Processing file /home/airflow/.local/lib/python3.12/site-packages/airflow/example_dags/example_branch_labels.py for tasks to queue
[2024-11-11T09:39:25.161+0000] {logging_mixin.py:190} INFO - [2024-11-11T09:39:25.160+0000] {dagbag.py:588} INFO - Filling up the DagBag from /home/airflow/.local/lib/python3.12/site-packages/airflow/example_dags/example_branch_labels.py
[2024-11-11T09:39:25.178+0000] {processor.py:925} INFO - DAG(s) 'example_branch_labels' retrieved from /home/airflow/.local/lib/python3.12/site-packages/airflow/example_dags/example_branch_labels.py
[2024-11-11T09:39:25.210+0000] {logging_mixin.py:190} INFO - [2024-11-11T09:39:25.210+0000] {dag.py:3239} INFO - Sync 1 DAGs
[2024-11-11T09:39:25.247+0000] {logging_mixin.py:190} INFO - [2024-11-11T09:39:25.247+0000] {dag.py:4180} INFO - Setting next_dagrun for example_branch_labels to 2024-11-10 00:00:00+00:00, run_after=2024-11-11 00:00:00+00:00
[2024-11-11T09:39:25.273+0000] {processor.py:208} INFO - Processing /home/airflow/.local/lib/python3.12/site-packages/airflow/example_dags/example_branch_labels.py took 0.127 seconds
[2024-11-11T09:39:57.660+0000] {processor.py:186} INFO - Started process (PID=1616) to work on /home/airflow/.local/lib/python3.12/site-packages/airflow/example_dags/example_branch_labels.py
[2024-11-11T09:39:57.663+0000] {processor.py:914} INFO - Processing file /home/airflow/.local/lib/python3.12/site-packages/airflow/example_dags/example_branch_labels.py for tasks to queue
[2024-11-11T09:39:57.672+0000] {logging_mixin.py:190} INFO - [2024-11-11T09:39:57.671+0000] {dagbag.py:588} INFO - Filling up the DagBag from /home/airflow/.local/lib/python3.12/site-packages/airflow/example_dags/example_branch_labels.py
[2024-11-11T09:39:57.701+0000] {processor.py:925} INFO - DAG(s) 'example_branch_labels' retrieved from /home/airflow/.local/lib/python3.12/site-packages/airflow/example_dags/example_branch_labels.py
[2024-11-11T09:39:57.755+0000] {logging_mixin.py:190} INFO - [2024-11-11T09:39:57.754+0000] {dag.py:3239} INFO - Sync 1 DAGs
[2024-11-11T09:39:57.818+0000] {logging_mixin.py:190} INFO - [2024-11-11T09:39:57.817+0000] {dag.py:4180} INFO - Setting next_dagrun for example_branch_labels to 2024-11-10 00:00:00+00:00, run_after=2024-11-11 00:00:00+00:00
[2024-11-11T09:39:57.857+0000] {processor.py:208} INFO - Processing /home/airflow/.local/lib/python3.12/site-packages/airflow/example_dags/example_branch_labels.py took 0.213 seconds
[2024-11-11T09:40:31.025+0000] {processor.py:186} INFO - Started process (PID=1680) to work on /home/airflow/.local/lib/python3.12/site-packages/airflow/example_dags/example_branch_labels.py
[2024-11-11T09:40:31.026+0000] {processor.py:914} INFO - Processing file /home/airflow/.local/lib/python3.12/site-packages/airflow/example_dags/example_branch_labels.py for tasks to queue
[2024-11-11T09:40:31.029+0000] {logging_mixin.py:190} INFO - [2024-11-11T09:40:31.028+0000] {dagbag.py:588} INFO - Filling up the DagBag from /home/airflow/.local/lib/python3.12/site-packages/airflow/example_dags/example_branch_labels.py
[2024-11-11T09:40:31.043+0000] {processor.py:925} INFO - DAG(s) 'example_branch_labels' retrieved from /home/airflow/.local/lib/python3.12/site-packages/airflow/example_dags/example_branch_labels.py
[2024-11-11T09:40:31.071+0000] {logging_mixin.py:190} INFO - [2024-11-11T09:40:31.071+0000] {dag.py:3239} INFO - Sync 1 DAGs
[2024-11-11T09:40:31.101+0000] {logging_mixin.py:190} INFO - [2024-11-11T09:40:31.101+0000] {dag.py:4180} INFO - Setting next_dagrun for example_branch_labels to 2024-11-10 00:00:00+00:00, run_after=2024-11-11 00:00:00+00:00
[2024-11-11T09:40:31.122+0000] {processor.py:208} INFO - Processing /home/airflow/.local/lib/python3.12/site-packages/airflow/example_dags/example_branch_labels.py took 0.105 seconds
[2024-11-11T09:41:02.493+0000] {processor.py:186} INFO - Started process (PID=1744) to work on /home/airflow/.local/lib/python3.12/site-packages/airflow/example_dags/example_branch_labels.py
[2024-11-11T09:41:02.494+0000] {processor.py:914} INFO - Processing file /home/airflow/.local/lib/python3.12/site-packages/airflow/example_dags/example_branch_labels.py for tasks to queue
[2024-11-11T09:41:02.499+0000] {logging_mixin.py:190} INFO - [2024-11-11T09:41:02.499+0000] {dagbag.py:588} INFO - Filling up the DagBag from /home/airflow/.local/lib/python3.12/site-packages/airflow/example_dags/example_branch_labels.py
[2024-11-11T09:41:02.520+0000] {processor.py:925} INFO - DAG(s) 'example_branch_labels' retrieved from /home/airflow/.local/lib/python3.12/site-packages/airflow/example_dags/example_branch_labels.py
[2024-11-11T09:41:02.550+0000] {logging_mixin.py:190} INFO - [2024-11-11T09:41:02.550+0000] {dag.py:3239} INFO - Sync 1 DAGs
[2024-11-11T09:41:02.584+0000] {logging_mixin.py:190} INFO - [2024-11-11T09:41:02.584+0000] {dag.py:4180} INFO - Setting next_dagrun for example_branch_labels to 2024-11-10 00:00:00+00:00, run_after=2024-11-11 00:00:00+00:00
[2024-11-11T09:41:02.609+0000] {processor.py:208} INFO - Processing /home/airflow/.local/lib/python3.12/site-packages/airflow/example_dags/example_branch_labels.py took 0.126 seconds
[2024-11-11T09:41:34.083+0000] {processor.py:186} INFO - Started process (PID=1808) to work on /home/airflow/.local/lib/python3.12/site-packages/airflow/example_dags/example_branch_labels.py
[2024-11-11T09:41:34.084+0000] {processor.py:914} INFO - Processing file /home/airflow/.local/lib/python3.12/site-packages/airflow/example_dags/example_branch_labels.py for tasks to queue
[2024-11-11T09:41:34.089+0000] {logging_mixin.py:190} INFO - [2024-11-11T09:41:34.088+0000] {dagbag.py:588} INFO - Filling up the DagBag from /home/airflow/.local/lib/python3.12/site-packages/airflow/example_dags/example_branch_labels.py
[2024-11-11T09:41:34.105+0000] {processor.py:925} INFO - DAG(s) 'example_branch_labels' retrieved from /home/airflow/.local/lib/python3.12/site-packages/airflow/example_dags/example_branch_labels.py
[2024-11-11T09:41:34.136+0000] {logging_mixin.py:190} INFO - [2024-11-11T09:41:34.136+0000] {dag.py:3239} INFO - Sync 1 DAGs
[2024-11-11T09:41:34.171+0000] {logging_mixin.py:190} INFO - [2024-11-11T09:41:34.170+0000] {dag.py:4180} INFO - Setting next_dagrun for example_branch_labels to 2024-11-10 00:00:00+00:00, run_after=2024-11-11 00:00:00+00:00
[2024-11-11T09:41:34.197+0000] {processor.py:208} INFO - Processing /home/airflow/.local/lib/python3.12/site-packages/airflow/example_dags/example_branch_labels.py took 0.124 seconds
[2024-11-11T09:42:05.526+0000] {processor.py:186} INFO - Started process (PID=1872) to work on /home/airflow/.local/lib/python3.12/site-packages/airflow/example_dags/example_branch_labels.py
[2024-11-11T09:42:05.527+0000] {processor.py:914} INFO - Processing file /home/airflow/.local/lib/python3.12/site-packages/airflow/example_dags/example_branch_labels.py for tasks to queue
[2024-11-11T09:42:05.529+0000] {logging_mixin.py:190} INFO - [2024-11-11T09:42:05.529+0000] {dagbag.py:588} INFO - Filling up the DagBag from /home/airflow/.local/lib/python3.12/site-packages/airflow/example_dags/example_branch_labels.py
[2024-11-11T09:42:05.541+0000] {processor.py:925} INFO - DAG(s) 'example_branch_labels' retrieved from /home/airflow/.local/lib/python3.12/site-packages/airflow/example_dags/example_branch_labels.py
[2024-11-11T09:42:05.567+0000] {logging_mixin.py:190} INFO - [2024-11-11T09:42:05.567+0000] {dag.py:3239} INFO - Sync 1 DAGs
[2024-11-11T09:42:05.597+0000] {logging_mixin.py:190} INFO - [2024-11-11T09:42:05.596+0000] {dag.py:4180} INFO - Setting next_dagrun for example_branch_labels to 2024-11-10 00:00:00+00:00, run_after=2024-11-11 00:00:00+00:00
[2024-11-11T09:42:05.616+0000] {processor.py:208} INFO - Processing /home/airflow/.local/lib/python3.12/site-packages/airflow/example_dags/example_branch_labels.py took 0.097 seconds
[2024-11-11T09:42:36.869+0000] {processor.py:186} INFO - Started process (PID=1936) to work on /home/airflow/.local/lib/python3.12/site-packages/airflow/example_dags/example_branch_labels.py
[2024-11-11T09:42:36.870+0000] {processor.py:914} INFO - Processing file /home/airflow/.local/lib/python3.12/site-packages/airflow/example_dags/example_branch_labels.py for tasks to queue
[2024-11-11T09:42:36.874+0000] {logging_mixin.py:190} INFO - [2024-11-11T09:42:36.874+0000] {dagbag.py:588} INFO - Filling up the DagBag from /home/airflow/.local/lib/python3.12/site-packages/airflow/example_dags/example_branch_labels.py
[2024-11-11T09:42:36.891+0000] {processor.py:925} INFO - DAG(s) 'example_branch_labels' retrieved from /home/airflow/.local/lib/python3.12/site-packages/airflow/example_dags/example_branch_labels.py
[2024-11-11T09:42:36.922+0000] {logging_mixin.py:190} INFO - [2024-11-11T09:42:36.922+0000] {dag.py:3239} INFO - Sync 1 DAGs
[2024-11-11T09:42:36.959+0000] {logging_mixin.py:190} INFO - [2024-11-11T09:42:36.958+0000] {dag.py:4180} INFO - Setting next_dagrun for example_branch_labels to 2024-11-10 00:00:00+00:00, run_after=2024-11-11 00:00:00+00:00
[2024-11-11T09:42:36.985+0000] {processor.py:208} INFO - Processing /home/airflow/.local/lib/python3.12/site-packages/airflow/example_dags/example_branch_labels.py took 0.125 seconds
[2024-11-11T09:43:09.562+0000] {processor.py:186} INFO - Started process (PID=2006) to work on /home/airflow/.local/lib/python3.12/site-packages/airflow/example_dags/example_branch_labels.py
[2024-11-11T09:43:09.563+0000] {processor.py:914} INFO - Processing file /home/airflow/.local/lib/python3.12/site-packages/airflow/example_dags/example_branch_labels.py for tasks to queue
[2024-11-11T09:43:09.568+0000] {logging_mixin.py:190} INFO - [2024-11-11T09:43:09.567+0000] {dagbag.py:588} INFO - Filling up the DagBag from /home/airflow/.local/lib/python3.12/site-packages/airflow/example_dags/example_branch_labels.py
[2024-11-11T09:43:09.586+0000] {processor.py:925} INFO - DAG(s) 'example_branch_labels' retrieved from /home/airflow/.local/lib/python3.12/site-packages/airflow/example_dags/example_branch_labels.py
[2024-11-11T09:43:09.622+0000] {logging_mixin.py:190} INFO - [2024-11-11T09:43:09.622+0000] {dag.py:3239} INFO - Sync 1 DAGs
[2024-11-11T09:43:09.669+0000] {logging_mixin.py:190} INFO - [2024-11-11T09:43:09.668+0000] {dag.py:4180} INFO - Setting next_dagrun for example_branch_labels to 2024-11-10 00:00:00+00:00, run_after=2024-11-11 00:00:00+00:00
[2024-11-11T09:43:09.699+0000] {processor.py:208} INFO - Processing /home/airflow/.local/lib/python3.12/site-packages/airflow/example_dags/example_branch_labels.py took 0.147 seconds
[2024-11-11T09:43:41.410+0000] {processor.py:186} INFO - Started process (PID=2070) to work on /home/airflow/.local/lib/python3.12/site-packages/airflow/example_dags/example_branch_labels.py
[2024-11-11T09:43:41.411+0000] {processor.py:914} INFO - Processing file /home/airflow/.local/lib/python3.12/site-packages/airflow/example_dags/example_branch_labels.py for tasks to queue
[2024-11-11T09:43:41.416+0000] {logging_mixin.py:190} INFO - [2024-11-11T09:43:41.415+0000] {dagbag.py:588} INFO - Filling up the DagBag from /home/airflow/.local/lib/python3.12/site-packages/airflow/example_dags/example_branch_labels.py
[2024-11-11T09:43:41.437+0000] {processor.py:925} INFO - DAG(s) 'example_branch_labels' retrieved from /home/airflow/.local/lib/python3.12/site-packages/airflow/example_dags/example_branch_labels.py
[2024-11-11T09:43:41.474+0000] {logging_mixin.py:190} INFO - [2024-11-11T09:43:41.474+0000] {dag.py:3239} INFO - Sync 1 DAGs
[2024-11-11T09:43:41.512+0000] {logging_mixin.py:190} INFO - [2024-11-11T09:43:41.511+0000] {dag.py:4180} INFO - Setting next_dagrun for example_branch_labels to 2024-11-10 00:00:00+00:00, run_after=2024-11-11 00:00:00+00:00
[2024-11-11T09:43:41.543+0000] {processor.py:208} INFO - Processing /home/airflow/.local/lib/python3.12/site-packages/airflow/example_dags/example_branch_labels.py took 0.146 seconds
[2024-11-11T09:44:12.608+0000] {processor.py:186} INFO - Started process (PID=2134) to work on /home/airflow/.local/lib/python3.12/site-packages/airflow/example_dags/example_branch_labels.py
[2024-11-11T09:44:12.609+0000] {processor.py:914} INFO - Processing file /home/airflow/.local/lib/python3.12/site-packages/airflow/example_dags/example_branch_labels.py for tasks to queue
[2024-11-11T09:44:12.613+0000] {logging_mixin.py:190} INFO - [2024-11-11T09:44:12.613+0000] {dagbag.py:588} INFO - Filling up the DagBag from /home/airflow/.local/lib/python3.12/site-packages/airflow/example_dags/example_branch_labels.py
[2024-11-11T09:44:12.630+0000] {processor.py:925} INFO - DAG(s) 'example_branch_labels' retrieved from /home/airflow/.local/lib/python3.12/site-packages/airflow/example_dags/example_branch_labels.py
[2024-11-11T09:44:12.667+0000] {logging_mixin.py:190} INFO - [2024-11-11T09:44:12.666+0000] {dag.py:3239} INFO - Sync 1 DAGs
[2024-11-11T09:44:12.702+0000] {logging_mixin.py:190} INFO - [2024-11-11T09:44:12.702+0000] {dag.py:4180} INFO - Setting next_dagrun for example_branch_labels to 2024-11-10 00:00:00+00:00, run_after=2024-11-11 00:00:00+00:00
[2024-11-11T09:44:12.729+0000] {processor.py:208} INFO - Processing /home/airflow/.local/lib/python3.12/site-packages/airflow/example_dags/example_branch_labels.py took 0.130 seconds
[2024-11-11T09:44:43.692+0000] {processor.py:186} INFO - Started process (PID=2198) to work on /home/airflow/.local/lib/python3.12/site-packages/airflow/example_dags/example_branch_labels.py
[2024-11-11T09:44:43.693+0000] {processor.py:914} INFO - Processing file /home/airflow/.local/lib/python3.12/site-packages/airflow/example_dags/example_branch_labels.py for tasks to queue
[2024-11-11T09:44:43.697+0000] {logging_mixin.py:190} INFO - [2024-11-11T09:44:43.696+0000] {dagbag.py:588} INFO - Filling up the DagBag from /home/airflow/.local/lib/python3.12/site-packages/airflow/example_dags/example_branch_labels.py
[2024-11-11T09:44:43.714+0000] {processor.py:925} INFO - DAG(s) 'example_branch_labels' retrieved from /home/airflow/.local/lib/python3.12/site-packages/airflow/example_dags/example_branch_labels.py
[2024-11-11T09:44:43.749+0000] {logging_mixin.py:190} INFO - [2024-11-11T09:44:43.749+0000] {dag.py:3239} INFO - Sync 1 DAGs
[2024-11-11T09:44:43.786+0000] {logging_mixin.py:190} INFO - [2024-11-11T09:44:43.785+0000] {dag.py:4180} INFO - Setting next_dagrun for example_branch_labels to 2024-11-10 00:00:00+00:00, run_after=2024-11-11 00:00:00+00:00
[2024-11-11T09:44:43.810+0000] {processor.py:208} INFO - Processing /home/airflow/.local/lib/python3.12/site-packages/airflow/example_dags/example_branch_labels.py took 0.128 seconds
[2024-11-11T09:45:15.274+0000] {processor.py:186} INFO - Started process (PID=2262) to work on /home/airflow/.local/lib/python3.12/site-packages/airflow/example_dags/example_branch_labels.py
[2024-11-11T09:45:15.276+0000] {processor.py:914} INFO - Processing file /home/airflow/.local/lib/python3.12/site-packages/airflow/example_dags/example_branch_labels.py for tasks to queue
[2024-11-11T09:45:15.280+0000] {logging_mixin.py:190} INFO - [2024-11-11T09:45:15.279+0000] {dagbag.py:588} INFO - Filling up the DagBag from /home/airflow/.local/lib/python3.12/site-packages/airflow/example_dags/example_branch_labels.py
[2024-11-11T09:45:15.297+0000] {processor.py:925} INFO - DAG(s) 'example_branch_labels' retrieved from /home/airflow/.local/lib/python3.12/site-packages/airflow/example_dags/example_branch_labels.py
[2024-11-11T09:45:15.333+0000] {logging_mixin.py:190} INFO - [2024-11-11T09:45:15.332+0000] {dag.py:3239} INFO - Sync 1 DAGs
[2024-11-11T09:45:15.367+0000] {logging_mixin.py:190} INFO - [2024-11-11T09:45:15.367+0000] {dag.py:4180} INFO - Setting next_dagrun for example_branch_labels to 2024-11-10 00:00:00+00:00, run_after=2024-11-11 00:00:00+00:00
[2024-11-11T09:45:15.391+0000] {processor.py:208} INFO - Processing /home/airflow/.local/lib/python3.12/site-packages/airflow/example_dags/example_branch_labels.py took 0.126 seconds
[2024-11-11T09:45:47.062+0000] {processor.py:186} INFO - Started process (PID=2326) to work on /home/airflow/.local/lib/python3.12/site-packages/airflow/example_dags/example_branch_labels.py
[2024-11-11T09:45:47.063+0000] {processor.py:914} INFO - Processing file /home/airflow/.local/lib/python3.12/site-packages/airflow/example_dags/example_branch_labels.py for tasks to queue
[2024-11-11T09:45:47.067+0000] {logging_mixin.py:190} INFO - [2024-11-11T09:45:47.066+0000] {dagbag.py:588} INFO - Filling up the DagBag from /home/airflow/.local/lib/python3.12/site-packages/airflow/example_dags/example_branch_labels.py
[2024-11-11T09:45:47.084+0000] {processor.py:925} INFO - DAG(s) 'example_branch_labels' retrieved from /home/airflow/.local/lib/python3.12/site-packages/airflow/example_dags/example_branch_labels.py
[2024-11-11T09:45:47.117+0000] {logging_mixin.py:190} INFO - [2024-11-11T09:45:47.117+0000] {dag.py:3239} INFO - Sync 1 DAGs
[2024-11-11T09:45:47.155+0000] {logging_mixin.py:190} INFO - [2024-11-11T09:45:47.155+0000] {dag.py:4180} INFO - Setting next_dagrun for example_branch_labels to 2024-11-10 00:00:00+00:00, run_after=2024-11-11 00:00:00+00:00
[2024-11-11T09:45:47.180+0000] {processor.py:208} INFO - Processing /home/airflow/.local/lib/python3.12/site-packages/airflow/example_dags/example_branch_labels.py took 0.128 seconds
[2024-11-11T09:46:18.546+0000] {processor.py:186} INFO - Started process (PID=2390) to work on /home/airflow/.local/lib/python3.12/site-packages/airflow/example_dags/example_branch_labels.py
[2024-11-11T09:46:18.547+0000] {processor.py:914} INFO - Processing file /home/airflow/.local/lib/python3.12/site-packages/airflow/example_dags/example_branch_labels.py for tasks to queue
[2024-11-11T09:46:18.551+0000] {logging_mixin.py:190} INFO - [2024-11-11T09:46:18.551+0000] {dagbag.py:588} INFO - Filling up the DagBag from /home/airflow/.local/lib/python3.12/site-packages/airflow/example_dags/example_branch_labels.py
[2024-11-11T09:46:18.568+0000] {processor.py:925} INFO - DAG(s) 'example_branch_labels' retrieved from /home/airflow/.local/lib/python3.12/site-packages/airflow/example_dags/example_branch_labels.py
[2024-11-11T09:46:18.602+0000] {logging_mixin.py:190} INFO - [2024-11-11T09:46:18.602+0000] {dag.py:3239} INFO - Sync 1 DAGs
[2024-11-11T09:46:18.640+0000] {logging_mixin.py:190} INFO - [2024-11-11T09:46:18.640+0000] {dag.py:4180} INFO - Setting next_dagrun for example_branch_labels to 2024-11-10 00:00:00+00:00, run_after=2024-11-11 00:00:00+00:00
[2024-11-11T09:46:18.667+0000] {processor.py:208} INFO - Processing /home/airflow/.local/lib/python3.12/site-packages/airflow/example_dags/example_branch_labels.py took 0.130 seconds
[2024-11-11T09:46:50.978+0000] {processor.py:186} INFO - Started process (PID=2454) to work on /home/airflow/.local/lib/python3.12/site-packages/airflow/example_dags/example_branch_labels.py
[2024-11-11T09:46:50.979+0000] {processor.py:914} INFO - Processing file /home/airflow/.local/lib/python3.12/site-packages/airflow/example_dags/example_branch_labels.py for tasks to queue
[2024-11-11T09:46:50.983+0000] {logging_mixin.py:190} INFO - [2024-11-11T09:46:50.982+0000] {dagbag.py:588} INFO - Filling up the DagBag from /home/airflow/.local/lib/python3.12/site-packages/airflow/example_dags/example_branch_labels.py
[2024-11-11T09:46:50.999+0000] {processor.py:925} INFO - DAG(s) 'example_branch_labels' retrieved from /home/airflow/.local/lib/python3.12/site-packages/airflow/example_dags/example_branch_labels.py
[2024-11-11T09:46:51.029+0000] {logging_mixin.py:190} INFO - [2024-11-11T09:46:51.029+0000] {dag.py:3239} INFO - Sync 1 DAGs
[2024-11-11T09:46:51.068+0000] {logging_mixin.py:190} INFO - [2024-11-11T09:46:51.067+0000] {dag.py:4180} INFO - Setting next_dagrun for example_branch_labels to 2024-11-10 00:00:00+00:00, run_after=2024-11-11 00:00:00+00:00
[2024-11-11T09:46:51.094+0000] {processor.py:208} INFO - Processing /home/airflow/.local/lib/python3.12/site-packages/airflow/example_dags/example_branch_labels.py took 0.127 seconds
[2024-11-11T09:47:22.403+0000] {processor.py:186} INFO - Started process (PID=2518) to work on /home/airflow/.local/lib/python3.12/site-packages/airflow/example_dags/example_branch_labels.py
[2024-11-11T09:47:22.404+0000] {processor.py:914} INFO - Processing file /home/airflow/.local/lib/python3.12/site-packages/airflow/example_dags/example_branch_labels.py for tasks to queue
[2024-11-11T09:47:22.409+0000] {logging_mixin.py:190} INFO - [2024-11-11T09:47:22.408+0000] {dagbag.py:588} INFO - Filling up the DagBag from /home/airflow/.local/lib/python3.12/site-packages/airflow/example_dags/example_branch_labels.py
[2024-11-11T09:47:22.426+0000] {processor.py:925} INFO - DAG(s) 'example_branch_labels' retrieved from /home/airflow/.local/lib/python3.12/site-packages/airflow/example_dags/example_branch_labels.py
[2024-11-11T09:47:22.463+0000] {logging_mixin.py:190} INFO - [2024-11-11T09:47:22.463+0000] {dag.py:3239} INFO - Sync 1 DAGs
[2024-11-11T09:47:22.502+0000] {logging_mixin.py:190} INFO - [2024-11-11T09:47:22.502+0000] {dag.py:4180} INFO - Setting next_dagrun for example_branch_labels to 2024-11-10 00:00:00+00:00, run_after=2024-11-11 00:00:00+00:00
[2024-11-11T09:47:22.530+0000] {processor.py:208} INFO - Processing /home/airflow/.local/lib/python3.12/site-packages/airflow/example_dags/example_branch_labels.py took 0.137 seconds
[2024-11-11T09:47:55.068+0000] {processor.py:186} INFO - Started process (PID=2582) to work on /home/airflow/.local/lib/python3.12/site-packages/airflow/example_dags/example_branch_labels.py
[2024-11-11T09:47:55.069+0000] {processor.py:914} INFO - Processing file /home/airflow/.local/lib/python3.12/site-packages/airflow/example_dags/example_branch_labels.py for tasks to queue
[2024-11-11T09:47:55.072+0000] {logging_mixin.py:190} INFO - [2024-11-11T09:47:55.071+0000] {dagbag.py:588} INFO - Filling up the DagBag from /home/airflow/.local/lib/python3.12/site-packages/airflow/example_dags/example_branch_labels.py
[2024-11-11T09:47:55.084+0000] {processor.py:925} INFO - DAG(s) 'example_branch_labels' retrieved from /home/airflow/.local/lib/python3.12/site-packages/airflow/example_dags/example_branch_labels.py
[2024-11-11T09:47:55.112+0000] {logging_mixin.py:190} INFO - [2024-11-11T09:47:55.111+0000] {dag.py:3239} INFO - Sync 1 DAGs
[2024-11-11T09:47:55.143+0000] {logging_mixin.py:190} INFO - [2024-11-11T09:47:55.143+0000] {dag.py:4180} INFO - Setting next_dagrun for example_branch_labels to 2024-11-10 00:00:00+00:00, run_after=2024-11-11 00:00:00+00:00
[2024-11-11T09:47:55.167+0000] {processor.py:208} INFO - Processing /home/airflow/.local/lib/python3.12/site-packages/airflow/example_dags/example_branch_labels.py took 0.107 seconds
[2024-11-11T09:48:27.123+0000] {processor.py:186} INFO - Started process (PID=2646) to work on /home/airflow/.local/lib/python3.12/site-packages/airflow/example_dags/example_branch_labels.py
[2024-11-11T09:48:27.124+0000] {processor.py:914} INFO - Processing file /home/airflow/.local/lib/python3.12/site-packages/airflow/example_dags/example_branch_labels.py for tasks to queue
[2024-11-11T09:48:27.127+0000] {logging_mixin.py:190} INFO - [2024-11-11T09:48:27.127+0000] {dagbag.py:588} INFO - Filling up the DagBag from /home/airflow/.local/lib/python3.12/site-packages/airflow/example_dags/example_branch_labels.py
[2024-11-11T09:48:27.139+0000] {processor.py:925} INFO - DAG(s) 'example_branch_labels' retrieved from /home/airflow/.local/lib/python3.12/site-packages/airflow/example_dags/example_branch_labels.py
[2024-11-11T09:48:27.168+0000] {logging_mixin.py:190} INFO - [2024-11-11T09:48:27.168+0000] {dag.py:3239} INFO - Sync 1 DAGs
[2024-11-11T09:48:27.195+0000] {logging_mixin.py:190} INFO - [2024-11-11T09:48:27.195+0000] {dag.py:4180} INFO - Setting next_dagrun for example_branch_labels to 2024-11-10 00:00:00+00:00, run_after=2024-11-11 00:00:00+00:00
[2024-11-11T09:48:27.218+0000] {processor.py:208} INFO - Processing /home/airflow/.local/lib/python3.12/site-packages/airflow/example_dags/example_branch_labels.py took 0.102 seconds
[2024-11-11T09:49:00.328+0000] {processor.py:186} INFO - Started process (PID=2710) to work on /home/airflow/.local/lib/python3.12/site-packages/airflow/example_dags/example_branch_labels.py
[2024-11-11T09:49:00.329+0000] {processor.py:914} INFO - Processing file /home/airflow/.local/lib/python3.12/site-packages/airflow/example_dags/example_branch_labels.py for tasks to queue
[2024-11-11T09:49:00.333+0000] {logging_mixin.py:190} INFO - [2024-11-11T09:49:00.332+0000] {dagbag.py:588} INFO - Filling up the DagBag from /home/airflow/.local/lib/python3.12/site-packages/airflow/example_dags/example_branch_labels.py
[2024-11-11T09:49:00.347+0000] {processor.py:925} INFO - DAG(s) 'example_branch_labels' retrieved from /home/airflow/.local/lib/python3.12/site-packages/airflow/example_dags/example_branch_labels.py
[2024-11-11T09:49:00.377+0000] {logging_mixin.py:190} INFO - [2024-11-11T09:49:00.377+0000] {dag.py:3239} INFO - Sync 1 DAGs
[2024-11-11T09:49:00.411+0000] {logging_mixin.py:190} INFO - [2024-11-11T09:49:00.410+0000] {dag.py:4180} INFO - Setting next_dagrun for example_branch_labels to 2024-11-10 00:00:00+00:00, run_after=2024-11-11 00:00:00+00:00
[2024-11-11T09:49:00.433+0000] {processor.py:208} INFO - Processing /home/airflow/.local/lib/python3.12/site-packages/airflow/example_dags/example_branch_labels.py took 0.112 seconds
[2024-11-11T09:49:32.157+0000] {processor.py:186} INFO - Started process (PID=2774) to work on /home/airflow/.local/lib/python3.12/site-packages/airflow/example_dags/example_branch_labels.py
[2024-11-11T09:49:32.159+0000] {processor.py:914} INFO - Processing file /home/airflow/.local/lib/python3.12/site-packages/airflow/example_dags/example_branch_labels.py for tasks to queue
[2024-11-11T09:49:32.164+0000] {logging_mixin.py:190} INFO - [2024-11-11T09:49:32.163+0000] {dagbag.py:588} INFO - Filling up the DagBag from /home/airflow/.local/lib/python3.12/site-packages/airflow/example_dags/example_branch_labels.py
[2024-11-11T09:49:32.182+0000] {processor.py:925} INFO - DAG(s) 'example_branch_labels' retrieved from /home/airflow/.local/lib/python3.12/site-packages/airflow/example_dags/example_branch_labels.py
[2024-11-11T09:49:32.216+0000] {logging_mixin.py:190} INFO - [2024-11-11T09:49:32.215+0000] {dag.py:3239} INFO - Sync 1 DAGs
[2024-11-11T09:49:32.254+0000] {logging_mixin.py:190} INFO - [2024-11-11T09:49:32.254+0000] {dag.py:4180} INFO - Setting next_dagrun for example_branch_labels to 2024-11-10 00:00:00+00:00, run_after=2024-11-11 00:00:00+00:00
[2024-11-11T09:49:32.289+0000] {processor.py:208} INFO - Processing /home/airflow/.local/lib/python3.12/site-packages/airflow/example_dags/example_branch_labels.py took 0.143 seconds
[2024-11-11T09:50:02.998+0000] {processor.py:186} INFO - Started process (PID=2838) to work on /home/airflow/.local/lib/python3.12/site-packages/airflow/example_dags/example_branch_labels.py
[2024-11-11T09:50:03.000+0000] {processor.py:914} INFO - Processing file /home/airflow/.local/lib/python3.12/site-packages/airflow/example_dags/example_branch_labels.py for tasks to queue
[2024-11-11T09:50:03.004+0000] {logging_mixin.py:190} INFO - [2024-11-11T09:50:03.003+0000] {dagbag.py:588} INFO - Filling up the DagBag from /home/airflow/.local/lib/python3.12/site-packages/airflow/example_dags/example_branch_labels.py
[2024-11-11T09:50:03.021+0000] {processor.py:925} INFO - DAG(s) 'example_branch_labels' retrieved from /home/airflow/.local/lib/python3.12/site-packages/airflow/example_dags/example_branch_labels.py
[2024-11-11T09:50:03.054+0000] {logging_mixin.py:190} INFO - [2024-11-11T09:50:03.053+0000] {dag.py:3239} INFO - Sync 1 DAGs
[2024-11-11T09:50:03.092+0000] {logging_mixin.py:190} INFO - [2024-11-11T09:50:03.092+0000] {dag.py:4180} INFO - Setting next_dagrun for example_branch_labels to 2024-11-10 00:00:00+00:00, run_after=2024-11-11 00:00:00+00:00
[2024-11-11T09:50:03.119+0000] {processor.py:208} INFO - Processing /home/airflow/.local/lib/python3.12/site-packages/airflow/example_dags/example_branch_labels.py took 0.133 seconds
[2024-11-11T09:50:34.799+0000] {processor.py:186} INFO - Started process (PID=2903) to work on /home/airflow/.local/lib/python3.12/site-packages/airflow/example_dags/example_branch_labels.py
[2024-11-11T09:50:34.800+0000] {processor.py:914} INFO - Processing file /home/airflow/.local/lib/python3.12/site-packages/airflow/example_dags/example_branch_labels.py for tasks to queue
[2024-11-11T09:50:34.804+0000] {logging_mixin.py:190} INFO - [2024-11-11T09:50:34.804+0000] {dagbag.py:588} INFO - Filling up the DagBag from /home/airflow/.local/lib/python3.12/site-packages/airflow/example_dags/example_branch_labels.py
[2024-11-11T09:50:34.821+0000] {processor.py:925} INFO - DAG(s) 'example_branch_labels' retrieved from /home/airflow/.local/lib/python3.12/site-packages/airflow/example_dags/example_branch_labels.py
[2024-11-11T09:50:34.854+0000] {logging_mixin.py:190} INFO - [2024-11-11T09:50:34.854+0000] {dag.py:3239} INFO - Sync 1 DAGs
[2024-11-11T09:50:34.889+0000] {logging_mixin.py:190} INFO - [2024-11-11T09:50:34.889+0000] {dag.py:4180} INFO - Setting next_dagrun for example_branch_labels to 2024-11-10 00:00:00+00:00, run_after=2024-11-11 00:00:00+00:00
[2024-11-11T09:50:34.914+0000] {processor.py:208} INFO - Processing /home/airflow/.local/lib/python3.12/site-packages/airflow/example_dags/example_branch_labels.py took 0.126 seconds
[2024-11-11T09:51:07.566+0000] {processor.py:186} INFO - Started process (PID=2972) to work on /home/airflow/.local/lib/python3.12/site-packages/airflow/example_dags/example_branch_labels.py
[2024-11-11T09:51:07.568+0000] {processor.py:914} INFO - Processing file /home/airflow/.local/lib/python3.12/site-packages/airflow/example_dags/example_branch_labels.py for tasks to queue
[2024-11-11T09:51:07.572+0000] {logging_mixin.py:190} INFO - [2024-11-11T09:51:07.571+0000] {dagbag.py:588} INFO - Filling up the DagBag from /home/airflow/.local/lib/python3.12/site-packages/airflow/example_dags/example_branch_labels.py
[2024-11-11T09:51:07.588+0000] {processor.py:925} INFO - DAG(s) 'example_branch_labels' retrieved from /home/airflow/.local/lib/python3.12/site-packages/airflow/example_dags/example_branch_labels.py
[2024-11-11T09:51:07.623+0000] {logging_mixin.py:190} INFO - [2024-11-11T09:51:07.622+0000] {dag.py:3239} INFO - Sync 1 DAGs
[2024-11-11T09:51:07.660+0000] {logging_mixin.py:190} INFO - [2024-11-11T09:51:07.659+0000] {dag.py:4180} INFO - Setting next_dagrun for example_branch_labels to 2024-11-10 00:00:00+00:00, run_after=2024-11-11 00:00:00+00:00
[2024-11-11T09:51:07.685+0000] {processor.py:208} INFO - Processing /home/airflow/.local/lib/python3.12/site-packages/airflow/example_dags/example_branch_labels.py took 0.128 seconds
[2024-11-11T09:51:39.163+0000] {processor.py:186} INFO - Started process (PID=3036) to work on /home/airflow/.local/lib/python3.12/site-packages/airflow/example_dags/example_branch_labels.py
[2024-11-11T09:51:39.164+0000] {processor.py:914} INFO - Processing file /home/airflow/.local/lib/python3.12/site-packages/airflow/example_dags/example_branch_labels.py for tasks to queue
[2024-11-11T09:51:39.168+0000] {logging_mixin.py:190} INFO - [2024-11-11T09:51:39.167+0000] {dagbag.py:588} INFO - Filling up the DagBag from /home/airflow/.local/lib/python3.12/site-packages/airflow/example_dags/example_branch_labels.py
[2024-11-11T09:51:39.184+0000] {processor.py:925} INFO - DAG(s) 'example_branch_labels' retrieved from /home/airflow/.local/lib/python3.12/site-packages/airflow/example_dags/example_branch_labels.py
[2024-11-11T09:51:39.218+0000] {logging_mixin.py:190} INFO - [2024-11-11T09:51:39.218+0000] {dag.py:3239} INFO - Sync 1 DAGs
[2024-11-11T09:51:39.255+0000] {logging_mixin.py:190} INFO - [2024-11-11T09:51:39.255+0000] {dag.py:4180} INFO - Setting next_dagrun for example_branch_labels to 2024-11-10 00:00:00+00:00, run_after=2024-11-11 00:00:00+00:00
[2024-11-11T09:51:39.282+0000] {processor.py:208} INFO - Processing /home/airflow/.local/lib/python3.12/site-packages/airflow/example_dags/example_branch_labels.py took 0.130 seconds
[2024-11-11T09:52:12.796+0000] {processor.py:186} INFO - Started process (PID=3105) to work on /home/airflow/.local/lib/python3.12/site-packages/airflow/example_dags/example_branch_labels.py
[2024-11-11T09:52:12.797+0000] {processor.py:914} INFO - Processing file /home/airflow/.local/lib/python3.12/site-packages/airflow/example_dags/example_branch_labels.py for tasks to queue
[2024-11-11T09:52:12.801+0000] {logging_mixin.py:190} INFO - [2024-11-11T09:52:12.800+0000] {dagbag.py:588} INFO - Filling up the DagBag from /home/airflow/.local/lib/python3.12/site-packages/airflow/example_dags/example_branch_labels.py
[2024-11-11T09:52:12.813+0000] {processor.py:925} INFO - DAG(s) 'example_branch_labels' retrieved from /home/airflow/.local/lib/python3.12/site-packages/airflow/example_dags/example_branch_labels.py
[2024-11-11T09:52:12.846+0000] {logging_mixin.py:190} INFO - [2024-11-11T09:52:12.846+0000] {dag.py:3239} INFO - Sync 1 DAGs
[2024-11-11T09:52:12.879+0000] {logging_mixin.py:190} INFO - [2024-11-11T09:52:12.879+0000] {dag.py:4180} INFO - Setting next_dagrun for example_branch_labels to 2024-11-10 00:00:00+00:00, run_after=2024-11-11 00:00:00+00:00
[2024-11-11T09:52:12.903+0000] {processor.py:208} INFO - Processing /home/airflow/.local/lib/python3.12/site-packages/airflow/example_dags/example_branch_labels.py took 0.115 seconds
[2024-11-11T09:52:44.888+0000] {processor.py:186} INFO - Started process (PID=3175) to work on /home/airflow/.local/lib/python3.12/site-packages/airflow/example_dags/example_branch_labels.py
[2024-11-11T09:52:44.890+0000] {processor.py:914} INFO - Processing file /home/airflow/.local/lib/python3.12/site-packages/airflow/example_dags/example_branch_labels.py for tasks to queue
[2024-11-11T09:52:44.893+0000] {logging_mixin.py:190} INFO - [2024-11-11T09:52:44.892+0000] {dagbag.py:588} INFO - Filling up the DagBag from /home/airflow/.local/lib/python3.12/site-packages/airflow/example_dags/example_branch_labels.py
[2024-11-11T09:52:44.907+0000] {processor.py:925} INFO - DAG(s) 'example_branch_labels' retrieved from /home/airflow/.local/lib/python3.12/site-packages/airflow/example_dags/example_branch_labels.py
[2024-11-11T09:52:44.936+0000] {logging_mixin.py:190} INFO - [2024-11-11T09:52:44.936+0000] {dag.py:3239} INFO - Sync 1 DAGs
[2024-11-11T09:52:44.970+0000] {logging_mixin.py:190} INFO - [2024-11-11T09:52:44.970+0000] {dag.py:4180} INFO - Setting next_dagrun for example_branch_labels to 2024-11-10 00:00:00+00:00, run_after=2024-11-11 00:00:00+00:00
[2024-11-11T09:52:44.996+0000] {processor.py:208} INFO - Processing /home/airflow/.local/lib/python3.12/site-packages/airflow/example_dags/example_branch_labels.py took 0.116 seconds
[2024-11-11T09:53:16.890+0000] {processor.py:186} INFO - Started process (PID=3243) to work on /home/airflow/.local/lib/python3.12/site-packages/airflow/example_dags/example_branch_labels.py
[2024-11-11T09:53:16.891+0000] {processor.py:914} INFO - Processing file /home/airflow/.local/lib/python3.12/site-packages/airflow/example_dags/example_branch_labels.py for tasks to queue
[2024-11-11T09:53:16.894+0000] {logging_mixin.py:190} INFO - [2024-11-11T09:53:16.893+0000] {dagbag.py:588} INFO - Filling up the DagBag from /home/airflow/.local/lib/python3.12/site-packages/airflow/example_dags/example_branch_labels.py
[2024-11-11T09:53:16.908+0000] {processor.py:925} INFO - DAG(s) 'example_branch_labels' retrieved from /home/airflow/.local/lib/python3.12/site-packages/airflow/example_dags/example_branch_labels.py
[2024-11-11T09:53:16.940+0000] {logging_mixin.py:190} INFO - [2024-11-11T09:53:16.940+0000] {dag.py:3239} INFO - Sync 1 DAGs
[2024-11-11T09:53:16.974+0000] {logging_mixin.py:190} INFO - [2024-11-11T09:53:16.974+0000] {dag.py:4180} INFO - Setting next_dagrun for example_branch_labels to 2024-11-10 00:00:00+00:00, run_after=2024-11-11 00:00:00+00:00
[2024-11-11T09:53:16.999+0000] {processor.py:208} INFO - Processing /home/airflow/.local/lib/python3.12/site-packages/airflow/example_dags/example_branch_labels.py took 0.117 seconds
[2024-11-11T09:53:48.124+0000] {processor.py:186} INFO - Started process (PID=3307) to work on /home/airflow/.local/lib/python3.12/site-packages/airflow/example_dags/example_branch_labels.py
[2024-11-11T09:53:48.125+0000] {processor.py:914} INFO - Processing file /home/airflow/.local/lib/python3.12/site-packages/airflow/example_dags/example_branch_labels.py for tasks to queue
[2024-11-11T09:53:48.128+0000] {logging_mixin.py:190} INFO - [2024-11-11T09:53:48.128+0000] {dagbag.py:588} INFO - Filling up the DagBag from /home/airflow/.local/lib/python3.12/site-packages/airflow/example_dags/example_branch_labels.py
[2024-11-11T09:53:48.143+0000] {processor.py:925} INFO - DAG(s) 'example_branch_labels' retrieved from /home/airflow/.local/lib/python3.12/site-packages/airflow/example_dags/example_branch_labels.py
[2024-11-11T09:53:48.178+0000] {logging_mixin.py:190} INFO - [2024-11-11T09:53:48.178+0000] {dag.py:3239} INFO - Sync 1 DAGs
[2024-11-11T09:53:48.215+0000] {logging_mixin.py:190} INFO - [2024-11-11T09:53:48.215+0000] {dag.py:4180} INFO - Setting next_dagrun for example_branch_labels to 2024-11-10 00:00:00+00:00, run_after=2024-11-11 00:00:00+00:00
[2024-11-11T09:53:48.241+0000] {processor.py:208} INFO - Processing /home/airflow/.local/lib/python3.12/site-packages/airflow/example_dags/example_branch_labels.py took 0.125 seconds
[2024-11-11T09:54:20.492+0000] {processor.py:186} INFO - Started process (PID=3374) to work on /home/airflow/.local/lib/python3.12/site-packages/airflow/example_dags/example_branch_labels.py
[2024-11-11T09:54:20.493+0000] {processor.py:914} INFO - Processing file /home/airflow/.local/lib/python3.12/site-packages/airflow/example_dags/example_branch_labels.py for tasks to queue
[2024-11-11T09:54:20.497+0000] {logging_mixin.py:190} INFO - [2024-11-11T09:54:20.496+0000] {dagbag.py:588} INFO - Filling up the DagBag from /home/airflow/.local/lib/python3.12/site-packages/airflow/example_dags/example_branch_labels.py
[2024-11-11T09:54:20.518+0000] {processor.py:925} INFO - DAG(s) 'example_branch_labels' retrieved from /home/airflow/.local/lib/python3.12/site-packages/airflow/example_dags/example_branch_labels.py
[2024-11-11T09:54:20.551+0000] {logging_mixin.py:190} INFO - [2024-11-11T09:54:20.550+0000] {dag.py:3239} INFO - Sync 1 DAGs
[2024-11-11T09:54:20.584+0000] {logging_mixin.py:190} INFO - [2024-11-11T09:54:20.584+0000] {dag.py:4180} INFO - Setting next_dagrun for example_branch_labels to 2024-11-10 00:00:00+00:00, run_after=2024-11-11 00:00:00+00:00
[2024-11-11T09:54:20.608+0000] {processor.py:208} INFO - Processing /home/airflow/.local/lib/python3.12/site-packages/airflow/example_dags/example_branch_labels.py took 0.126 seconds
[2024-11-11T09:54:52.270+0000] {processor.py:186} INFO - Started process (PID=3441) to work on /home/airflow/.local/lib/python3.12/site-packages/airflow/example_dags/example_branch_labels.py
[2024-11-11T09:54:52.271+0000] {processor.py:914} INFO - Processing file /home/airflow/.local/lib/python3.12/site-packages/airflow/example_dags/example_branch_labels.py for tasks to queue
[2024-11-11T09:54:52.275+0000] {logging_mixin.py:190} INFO - [2024-11-11T09:54:52.275+0000] {dagbag.py:588} INFO - Filling up the DagBag from /home/airflow/.local/lib/python3.12/site-packages/airflow/example_dags/example_branch_labels.py
[2024-11-11T09:54:52.292+0000] {processor.py:925} INFO - DAG(s) 'example_branch_labels' retrieved from /home/airflow/.local/lib/python3.12/site-packages/airflow/example_dags/example_branch_labels.py
[2024-11-11T09:54:52.323+0000] {logging_mixin.py:190} INFO - [2024-11-11T09:54:52.323+0000] {dag.py:3239} INFO - Sync 1 DAGs
[2024-11-11T09:54:52.361+0000] {logging_mixin.py:190} INFO - [2024-11-11T09:54:52.361+0000] {dag.py:4180} INFO - Setting next_dagrun for example_branch_labels to 2024-11-10 00:00:00+00:00, run_after=2024-11-11 00:00:00+00:00
[2024-11-11T09:54:52.386+0000] {processor.py:208} INFO - Processing /home/airflow/.local/lib/python3.12/site-packages/airflow/example_dags/example_branch_labels.py took 0.126 seconds
[2024-11-11T09:55:23.668+0000] {processor.py:186} INFO - Started process (PID=3505) to work on /home/airflow/.local/lib/python3.12/site-packages/airflow/example_dags/example_branch_labels.py
[2024-11-11T09:55:23.669+0000] {processor.py:914} INFO - Processing file /home/airflow/.local/lib/python3.12/site-packages/airflow/example_dags/example_branch_labels.py for tasks to queue
[2024-11-11T09:55:23.673+0000] {logging_mixin.py:190} INFO - [2024-11-11T09:55:23.673+0000] {dagbag.py:588} INFO - Filling up the DagBag from /home/airflow/.local/lib/python3.12/site-packages/airflow/example_dags/example_branch_labels.py
[2024-11-11T09:55:23.689+0000] {processor.py:925} INFO - DAG(s) 'example_branch_labels' retrieved from /home/airflow/.local/lib/python3.12/site-packages/airflow/example_dags/example_branch_labels.py
[2024-11-11T09:55:23.723+0000] {logging_mixin.py:190} INFO - [2024-11-11T09:55:23.722+0000] {dag.py:3239} INFO - Sync 1 DAGs
[2024-11-11T09:55:23.760+0000] {logging_mixin.py:190} INFO - [2024-11-11T09:55:23.760+0000] {dag.py:4180} INFO - Setting next_dagrun for example_branch_labels to 2024-11-10 00:00:00+00:00, run_after=2024-11-11 00:00:00+00:00
[2024-11-11T09:55:23.785+0000] {processor.py:208} INFO - Processing /home/airflow/.local/lib/python3.12/site-packages/airflow/example_dags/example_branch_labels.py took 0.127 seconds
[2024-11-11T09:55:55.353+0000] {processor.py:186} INFO - Started process (PID=3570) to work on /home/airflow/.local/lib/python3.12/site-packages/airflow/example_dags/example_branch_labels.py
[2024-11-11T09:55:55.353+0000] {processor.py:914} INFO - Processing file /home/airflow/.local/lib/python3.12/site-packages/airflow/example_dags/example_branch_labels.py for tasks to queue
[2024-11-11T09:55:55.356+0000] {logging_mixin.py:190} INFO - [2024-11-11T09:55:55.356+0000] {dagbag.py:588} INFO - Filling up the DagBag from /home/airflow/.local/lib/python3.12/site-packages/airflow/example_dags/example_branch_labels.py
[2024-11-11T09:55:55.369+0000] {processor.py:925} INFO - DAG(s) 'example_branch_labels' retrieved from /home/airflow/.local/lib/python3.12/site-packages/airflow/example_dags/example_branch_labels.py
[2024-11-11T09:55:55.397+0000] {logging_mixin.py:190} INFO - [2024-11-11T09:55:55.397+0000] {dag.py:3239} INFO - Sync 1 DAGs
[2024-11-11T09:55:55.425+0000] {logging_mixin.py:190} INFO - [2024-11-11T09:55:55.424+0000] {dag.py:4180} INFO - Setting next_dagrun for example_branch_labels to 2024-11-10 00:00:00+00:00, run_after=2024-11-11 00:00:00+00:00
[2024-11-11T09:55:55.443+0000] {processor.py:208} INFO - Processing /home/airflow/.local/lib/python3.12/site-packages/airflow/example_dags/example_branch_labels.py took 0.098 seconds
[2024-11-11T09:56:26.779+0000] {processor.py:186} INFO - Started process (PID=3634) to work on /home/airflow/.local/lib/python3.12/site-packages/airflow/example_dags/example_branch_labels.py
[2024-11-11T09:56:26.782+0000] {processor.py:914} INFO - Processing file /home/airflow/.local/lib/python3.12/site-packages/airflow/example_dags/example_branch_labels.py for tasks to queue
[2024-11-11T09:56:26.789+0000] {logging_mixin.py:190} INFO - [2024-11-11T09:56:26.788+0000] {dagbag.py:588} INFO - Filling up the DagBag from /home/airflow/.local/lib/python3.12/site-packages/airflow/example_dags/example_branch_labels.py
[2024-11-11T09:56:26.813+0000] {processor.py:925} INFO - DAG(s) 'example_branch_labels' retrieved from /home/airflow/.local/lib/python3.12/site-packages/airflow/example_dags/example_branch_labels.py
[2024-11-11T09:56:26.860+0000] {logging_mixin.py:190} INFO - [2024-11-11T09:56:26.860+0000] {dag.py:3239} INFO - Sync 1 DAGs
[2024-11-11T09:56:26.911+0000] {logging_mixin.py:190} INFO - [2024-11-11T09:56:26.911+0000] {dag.py:4180} INFO - Setting next_dagrun for example_branch_labels to 2024-11-10 00:00:00+00:00, run_after=2024-11-11 00:00:00+00:00
[2024-11-11T09:56:26.943+0000] {processor.py:208} INFO - Processing /home/airflow/.local/lib/python3.12/site-packages/airflow/example_dags/example_branch_labels.py took 0.178 seconds
[2024-11-11T09:56:57.942+0000] {processor.py:186} INFO - Started process (PID=3698) to work on /home/airflow/.local/lib/python3.12/site-packages/airflow/example_dags/example_branch_labels.py
[2024-11-11T09:56:57.943+0000] {processor.py:914} INFO - Processing file /home/airflow/.local/lib/python3.12/site-packages/airflow/example_dags/example_branch_labels.py for tasks to queue
[2024-11-11T09:56:57.948+0000] {logging_mixin.py:190} INFO - [2024-11-11T09:56:57.948+0000] {dagbag.py:588} INFO - Filling up the DagBag from /home/airflow/.local/lib/python3.12/site-packages/airflow/example_dags/example_branch_labels.py
[2024-11-11T09:56:57.970+0000] {processor.py:925} INFO - DAG(s) 'example_branch_labels' retrieved from /home/airflow/.local/lib/python3.12/site-packages/airflow/example_dags/example_branch_labels.py
[2024-11-11T09:56:58.004+0000] {logging_mixin.py:190} INFO - [2024-11-11T09:56:58.004+0000] {dag.py:3239} INFO - Sync 1 DAGs
[2024-11-11T09:56:58.042+0000] {logging_mixin.py:190} INFO - [2024-11-11T09:56:58.042+0000] {dag.py:4180} INFO - Setting next_dagrun for example_branch_labels to 2024-11-10 00:00:00+00:00, run_after=2024-11-11 00:00:00+00:00
[2024-11-11T09:56:58.068+0000] {processor.py:208} INFO - Processing /home/airflow/.local/lib/python3.12/site-packages/airflow/example_dags/example_branch_labels.py took 0.137 seconds
[2024-11-11T09:57:28.764+0000] {processor.py:186} INFO - Started process (PID=3762) to work on /home/airflow/.local/lib/python3.12/site-packages/airflow/example_dags/example_branch_labels.py
[2024-11-11T09:57:28.765+0000] {processor.py:914} INFO - Processing file /home/airflow/.local/lib/python3.12/site-packages/airflow/example_dags/example_branch_labels.py for tasks to queue
[2024-11-11T09:57:28.769+0000] {logging_mixin.py:190} INFO - [2024-11-11T09:57:28.769+0000] {dagbag.py:588} INFO - Filling up the DagBag from /home/airflow/.local/lib/python3.12/site-packages/airflow/example_dags/example_branch_labels.py
[2024-11-11T09:57:28.788+0000] {processor.py:925} INFO - DAG(s) 'example_branch_labels' retrieved from /home/airflow/.local/lib/python3.12/site-packages/airflow/example_dags/example_branch_labels.py
[2024-11-11T09:57:28.819+0000] {logging_mixin.py:190} INFO - [2024-11-11T09:57:28.819+0000] {dag.py:3239} INFO - Sync 1 DAGs
[2024-11-11T09:57:28.858+0000] {logging_mixin.py:190} INFO - [2024-11-11T09:57:28.857+0000] {dag.py:4180} INFO - Setting next_dagrun for example_branch_labels to 2024-11-10 00:00:00+00:00, run_after=2024-11-11 00:00:00+00:00
[2024-11-11T09:57:28.883+0000] {processor.py:208} INFO - Processing /home/airflow/.local/lib/python3.12/site-packages/airflow/example_dags/example_branch_labels.py took 0.129 seconds
[2024-11-11T09:58:00.048+0000] {processor.py:186} INFO - Started process (PID=3826) to work on /home/airflow/.local/lib/python3.12/site-packages/airflow/example_dags/example_branch_labels.py
[2024-11-11T09:58:00.049+0000] {processor.py:914} INFO - Processing file /home/airflow/.local/lib/python3.12/site-packages/airflow/example_dags/example_branch_labels.py for tasks to queue
[2024-11-11T09:58:00.053+0000] {logging_mixin.py:190} INFO - [2024-11-11T09:58:00.052+0000] {dagbag.py:588} INFO - Filling up the DagBag from /home/airflow/.local/lib/python3.12/site-packages/airflow/example_dags/example_branch_labels.py
[2024-11-11T09:58:00.069+0000] {processor.py:925} INFO - DAG(s) 'example_branch_labels' retrieved from /home/airflow/.local/lib/python3.12/site-packages/airflow/example_dags/example_branch_labels.py
[2024-11-11T09:58:00.101+0000] {logging_mixin.py:190} INFO - [2024-11-11T09:58:00.101+0000] {dag.py:3239} INFO - Sync 1 DAGs
[2024-11-11T09:58:00.138+0000] {logging_mixin.py:190} INFO - [2024-11-11T09:58:00.138+0000] {dag.py:4180} INFO - Setting next_dagrun for example_branch_labels to 2024-11-10 00:00:00+00:00, run_after=2024-11-11 00:00:00+00:00
[2024-11-11T09:58:00.161+0000] {processor.py:208} INFO - Processing /home/airflow/.local/lib/python3.12/site-packages/airflow/example_dags/example_branch_labels.py took 0.123 seconds
[2024-11-11T09:58:31.664+0000] {processor.py:186} INFO - Started process (PID=3891) to work on /home/airflow/.local/lib/python3.12/site-packages/airflow/example_dags/example_branch_labels.py
[2024-11-11T09:58:31.666+0000] {processor.py:914} INFO - Processing file /home/airflow/.local/lib/python3.12/site-packages/airflow/example_dags/example_branch_labels.py for tasks to queue
[2024-11-11T09:58:31.671+0000] {logging_mixin.py:190} INFO - [2024-11-11T09:58:31.670+0000] {dagbag.py:588} INFO - Filling up the DagBag from /home/airflow/.local/lib/python3.12/site-packages/airflow/example_dags/example_branch_labels.py
[2024-11-11T09:58:31.691+0000] {processor.py:925} INFO - DAG(s) 'example_branch_labels' retrieved from /home/airflow/.local/lib/python3.12/site-packages/airflow/example_dags/example_branch_labels.py
[2024-11-11T09:58:31.728+0000] {logging_mixin.py:190} INFO - [2024-11-11T09:58:31.727+0000] {dag.py:3239} INFO - Sync 1 DAGs
[2024-11-11T09:58:31.769+0000] {logging_mixin.py:190} INFO - [2024-11-11T09:58:31.768+0000] {dag.py:4180} INFO - Setting next_dagrun for example_branch_labels to 2024-11-10 00:00:00+00:00, run_after=2024-11-11 00:00:00+00:00
[2024-11-11T09:58:31.800+0000] {processor.py:208} INFO - Processing /home/airflow/.local/lib/python3.12/site-packages/airflow/example_dags/example_branch_labels.py took 0.147 seconds
[2024-11-11T09:59:03.437+0000] {processor.py:186} INFO - Started process (PID=3955) to work on /home/airflow/.local/lib/python3.12/site-packages/airflow/example_dags/example_branch_labels.py
[2024-11-11T09:59:03.438+0000] {processor.py:914} INFO - Processing file /home/airflow/.local/lib/python3.12/site-packages/airflow/example_dags/example_branch_labels.py for tasks to queue
[2024-11-11T09:59:03.443+0000] {logging_mixin.py:190} INFO - [2024-11-11T09:59:03.442+0000] {dagbag.py:588} INFO - Filling up the DagBag from /home/airflow/.local/lib/python3.12/site-packages/airflow/example_dags/example_branch_labels.py
[2024-11-11T09:59:03.462+0000] {processor.py:925} INFO - DAG(s) 'example_branch_labels' retrieved from /home/airflow/.local/lib/python3.12/site-packages/airflow/example_dags/example_branch_labels.py
[2024-11-11T09:59:03.497+0000] {logging_mixin.py:190} INFO - [2024-11-11T09:59:03.497+0000] {dag.py:3239} INFO - Sync 1 DAGs
[2024-11-11T09:59:03.533+0000] {logging_mixin.py:190} INFO - [2024-11-11T09:59:03.532+0000] {dag.py:4180} INFO - Setting next_dagrun for example_branch_labels to 2024-11-10 00:00:00+00:00, run_after=2024-11-11 00:00:00+00:00
[2024-11-11T09:59:03.559+0000] {processor.py:208} INFO - Processing /home/airflow/.local/lib/python3.12/site-packages/airflow/example_dags/example_branch_labels.py took 0.134 seconds
[2024-11-11T09:59:34.670+0000] {processor.py:186} INFO - Started process (PID=4019) to work on /home/airflow/.local/lib/python3.12/site-packages/airflow/example_dags/example_branch_labels.py
[2024-11-11T09:59:34.671+0000] {processor.py:914} INFO - Processing file /home/airflow/.local/lib/python3.12/site-packages/airflow/example_dags/example_branch_labels.py for tasks to queue
[2024-11-11T09:59:34.676+0000] {logging_mixin.py:190} INFO - [2024-11-11T09:59:34.675+0000] {dagbag.py:588} INFO - Filling up the DagBag from /home/airflow/.local/lib/python3.12/site-packages/airflow/example_dags/example_branch_labels.py
[2024-11-11T09:59:34.696+0000] {processor.py:925} INFO - DAG(s) 'example_branch_labels' retrieved from /home/airflow/.local/lib/python3.12/site-packages/airflow/example_dags/example_branch_labels.py
[2024-11-11T09:59:34.733+0000] {logging_mixin.py:190} INFO - [2024-11-11T09:59:34.732+0000] {dag.py:3239} INFO - Sync 1 DAGs
[2024-11-11T09:59:34.773+0000] {logging_mixin.py:190} INFO - [2024-11-11T09:59:34.773+0000] {dag.py:4180} INFO - Setting next_dagrun for example_branch_labels to 2024-11-10 00:00:00+00:00, run_after=2024-11-11 00:00:00+00:00
[2024-11-11T09:59:34.804+0000] {processor.py:208} INFO - Processing /home/airflow/.local/lib/python3.12/site-packages/airflow/example_dags/example_branch_labels.py took 0.145 seconds
[2024-11-11T10:00:06.135+0000] {processor.py:186} INFO - Started process (PID=4083) to work on /home/airflow/.local/lib/python3.12/site-packages/airflow/example_dags/example_branch_labels.py
[2024-11-11T10:00:06.136+0000] {processor.py:914} INFO - Processing file /home/airflow/.local/lib/python3.12/site-packages/airflow/example_dags/example_branch_labels.py for tasks to queue
[2024-11-11T10:00:06.140+0000] {logging_mixin.py:190} INFO - [2024-11-11T10:00:06.139+0000] {dagbag.py:588} INFO - Filling up the DagBag from /home/airflow/.local/lib/python3.12/site-packages/airflow/example_dags/example_branch_labels.py
[2024-11-11T10:00:06.157+0000] {processor.py:925} INFO - DAG(s) 'example_branch_labels' retrieved from /home/airflow/.local/lib/python3.12/site-packages/airflow/example_dags/example_branch_labels.py
[2024-11-11T10:00:06.195+0000] {logging_mixin.py:190} INFO - [2024-11-11T10:00:06.194+0000] {dag.py:3239} INFO - Sync 1 DAGs
[2024-11-11T10:00:06.236+0000] {logging_mixin.py:190} INFO - [2024-11-11T10:00:06.236+0000] {dag.py:4180} INFO - Setting next_dagrun for example_branch_labels to 2024-11-10 00:00:00+00:00, run_after=2024-11-11 00:00:00+00:00
[2024-11-11T10:00:06.262+0000] {processor.py:208} INFO - Processing /home/airflow/.local/lib/python3.12/site-packages/airflow/example_dags/example_branch_labels.py took 0.137 seconds
[2024-11-11T10:00:36.936+0000] {processor.py:186} INFO - Started process (PID=4147) to work on /home/airflow/.local/lib/python3.12/site-packages/airflow/example_dags/example_branch_labels.py
[2024-11-11T10:00:36.938+0000] {processor.py:914} INFO - Processing file /home/airflow/.local/lib/python3.12/site-packages/airflow/example_dags/example_branch_labels.py for tasks to queue
[2024-11-11T10:00:36.944+0000] {logging_mixin.py:190} INFO - [2024-11-11T10:00:36.943+0000] {dagbag.py:588} INFO - Filling up the DagBag from /home/airflow/.local/lib/python3.12/site-packages/airflow/example_dags/example_branch_labels.py
[2024-11-11T10:00:36.971+0000] {processor.py:925} INFO - DAG(s) 'example_branch_labels' retrieved from /home/airflow/.local/lib/python3.12/site-packages/airflow/example_dags/example_branch_labels.py
[2024-11-11T10:00:37.013+0000] {logging_mixin.py:190} INFO - [2024-11-11T10:00:37.012+0000] {dag.py:3239} INFO - Sync 1 DAGs
[2024-11-11T10:00:37.056+0000] {logging_mixin.py:190} INFO - [2024-11-11T10:00:37.056+0000] {dag.py:4180} INFO - Setting next_dagrun for example_branch_labels to 2024-11-10 00:00:00+00:00, run_after=2024-11-11 00:00:00+00:00
[2024-11-11T10:00:37.083+0000] {processor.py:208} INFO - Processing /home/airflow/.local/lib/python3.12/site-packages/airflow/example_dags/example_branch_labels.py took 0.160 seconds
[2024-11-11T10:01:07.777+0000] {processor.py:186} INFO - Started process (PID=4211) to work on /home/airflow/.local/lib/python3.12/site-packages/airflow/example_dags/example_branch_labels.py
[2024-11-11T10:01:07.778+0000] {processor.py:914} INFO - Processing file /home/airflow/.local/lib/python3.12/site-packages/airflow/example_dags/example_branch_labels.py for tasks to queue
[2024-11-11T10:01:07.781+0000] {logging_mixin.py:190} INFO - [2024-11-11T10:01:07.781+0000] {dagbag.py:588} INFO - Filling up the DagBag from /home/airflow/.local/lib/python3.12/site-packages/airflow/example_dags/example_branch_labels.py
[2024-11-11T10:01:07.796+0000] {processor.py:925} INFO - DAG(s) 'example_branch_labels' retrieved from /home/airflow/.local/lib/python3.12/site-packages/airflow/example_dags/example_branch_labels.py
[2024-11-11T10:01:07.821+0000] {logging_mixin.py:190} INFO - [2024-11-11T10:01:07.821+0000] {dag.py:3239} INFO - Sync 1 DAGs
[2024-11-11T10:01:07.851+0000] {logging_mixin.py:190} INFO - [2024-11-11T10:01:07.850+0000] {dag.py:4180} INFO - Setting next_dagrun for example_branch_labels to 2024-11-10 00:00:00+00:00, run_after=2024-11-11 00:00:00+00:00
[2024-11-11T10:01:07.874+0000] {processor.py:208} INFO - Processing /home/airflow/.local/lib/python3.12/site-packages/airflow/example_dags/example_branch_labels.py took 0.104 seconds
[2024-11-11T10:01:39.050+0000] {processor.py:186} INFO - Started process (PID=4275) to work on /home/airflow/.local/lib/python3.12/site-packages/airflow/example_dags/example_branch_labels.py
[2024-11-11T10:01:39.052+0000] {processor.py:914} INFO - Processing file /home/airflow/.local/lib/python3.12/site-packages/airflow/example_dags/example_branch_labels.py for tasks to queue
[2024-11-11T10:01:39.056+0000] {logging_mixin.py:190} INFO - [2024-11-11T10:01:39.055+0000] {dagbag.py:588} INFO - Filling up the DagBag from /home/airflow/.local/lib/python3.12/site-packages/airflow/example_dags/example_branch_labels.py
[2024-11-11T10:01:39.072+0000] {processor.py:925} INFO - DAG(s) 'example_branch_labels' retrieved from /home/airflow/.local/lib/python3.12/site-packages/airflow/example_dags/example_branch_labels.py
[2024-11-11T10:01:39.098+0000] {logging_mixin.py:190} INFO - [2024-11-11T10:01:39.098+0000] {dag.py:3239} INFO - Sync 1 DAGs
[2024-11-11T10:01:39.130+0000] {logging_mixin.py:190} INFO - [2024-11-11T10:01:39.129+0000] {dag.py:4180} INFO - Setting next_dagrun for example_branch_labels to 2024-11-10 00:00:00+00:00, run_after=2024-11-11 00:00:00+00:00
[2024-11-11T10:01:39.153+0000] {processor.py:208} INFO - Processing /home/airflow/.local/lib/python3.12/site-packages/airflow/example_dags/example_branch_labels.py took 0.109 seconds
[2024-11-11T10:02:10.145+0000] {processor.py:186} INFO - Started process (PID=4340) to work on /home/airflow/.local/lib/python3.12/site-packages/airflow/example_dags/example_branch_labels.py
[2024-11-11T10:02:10.147+0000] {processor.py:914} INFO - Processing file /home/airflow/.local/lib/python3.12/site-packages/airflow/example_dags/example_branch_labels.py for tasks to queue
[2024-11-11T10:02:10.151+0000] {logging_mixin.py:190} INFO - [2024-11-11T10:02:10.150+0000] {dagbag.py:588} INFO - Filling up the DagBag from /home/airflow/.local/lib/python3.12/site-packages/airflow/example_dags/example_branch_labels.py
[2024-11-11T10:02:10.168+0000] {processor.py:925} INFO - DAG(s) 'example_branch_labels' retrieved from /home/airflow/.local/lib/python3.12/site-packages/airflow/example_dags/example_branch_labels.py
[2024-11-11T10:02:10.204+0000] {logging_mixin.py:190} INFO - [2024-11-11T10:02:10.203+0000] {dag.py:3239} INFO - Sync 1 DAGs
[2024-11-11T10:02:10.243+0000] {logging_mixin.py:190} INFO - [2024-11-11T10:02:10.243+0000] {dag.py:4180} INFO - Setting next_dagrun for example_branch_labels to 2024-11-10 00:00:00+00:00, run_after=2024-11-11 00:00:00+00:00
[2024-11-11T10:02:10.272+0000] {processor.py:208} INFO - Processing /home/airflow/.local/lib/python3.12/site-packages/airflow/example_dags/example_branch_labels.py took 0.137 seconds
[2024-11-11T10:02:41.903+0000] {processor.py:186} INFO - Started process (PID=4404) to work on /home/airflow/.local/lib/python3.12/site-packages/airflow/example_dags/example_branch_labels.py
[2024-11-11T10:02:41.904+0000] {processor.py:914} INFO - Processing file /home/airflow/.local/lib/python3.12/site-packages/airflow/example_dags/example_branch_labels.py for tasks to queue
[2024-11-11T10:02:41.909+0000] {logging_mixin.py:190} INFO - [2024-11-11T10:02:41.909+0000] {dagbag.py:588} INFO - Filling up the DagBag from /home/airflow/.local/lib/python3.12/site-packages/airflow/example_dags/example_branch_labels.py
[2024-11-11T10:02:41.928+0000] {processor.py:925} INFO - DAG(s) 'example_branch_labels' retrieved from /home/airflow/.local/lib/python3.12/site-packages/airflow/example_dags/example_branch_labels.py
[2024-11-11T10:02:41.960+0000] {logging_mixin.py:190} INFO - [2024-11-11T10:02:41.960+0000] {dag.py:3239} INFO - Sync 1 DAGs
[2024-11-11T10:02:41.997+0000] {logging_mixin.py:190} INFO - [2024-11-11T10:02:41.997+0000] {dag.py:4180} INFO - Setting next_dagrun for example_branch_labels to 2024-11-10 00:00:00+00:00, run_after=2024-11-11 00:00:00+00:00
[2024-11-11T10:02:42.024+0000] {processor.py:208} INFO - Processing /home/airflow/.local/lib/python3.12/site-packages/airflow/example_dags/example_branch_labels.py took 0.131 seconds
[2024-11-11T10:03:12.969+0000] {processor.py:186} INFO - Started process (PID=4474) to work on /home/airflow/.local/lib/python3.12/site-packages/airflow/example_dags/example_branch_labels.py
[2024-11-11T10:03:12.971+0000] {processor.py:914} INFO - Processing file /home/airflow/.local/lib/python3.12/site-packages/airflow/example_dags/example_branch_labels.py for tasks to queue
[2024-11-11T10:03:12.975+0000] {logging_mixin.py:190} INFO - [2024-11-11T10:03:12.974+0000] {dagbag.py:588} INFO - Filling up the DagBag from /home/airflow/.local/lib/python3.12/site-packages/airflow/example_dags/example_branch_labels.py
[2024-11-11T10:03:12.991+0000] {processor.py:925} INFO - DAG(s) 'example_branch_labels' retrieved from /home/airflow/.local/lib/python3.12/site-packages/airflow/example_dags/example_branch_labels.py
[2024-11-11T10:03:13.024+0000] {logging_mixin.py:190} INFO - [2024-11-11T10:03:13.024+0000] {dag.py:3239} INFO - Sync 1 DAGs
[2024-11-11T10:03:13.064+0000] {logging_mixin.py:190} INFO - [2024-11-11T10:03:13.063+0000] {dag.py:4180} INFO - Setting next_dagrun for example_branch_labels to 2024-11-10 00:00:00+00:00, run_after=2024-11-11 00:00:00+00:00
[2024-11-11T10:03:13.095+0000] {processor.py:208} INFO - Processing /home/airflow/.local/lib/python3.12/site-packages/airflow/example_dags/example_branch_labels.py took 0.135 seconds
[2024-11-11T10:03:44.123+0000] {processor.py:186} INFO - Started process (PID=4538) to work on /home/airflow/.local/lib/python3.12/site-packages/airflow/example_dags/example_branch_labels.py
[2024-11-11T10:03:44.124+0000] {processor.py:914} INFO - Processing file /home/airflow/.local/lib/python3.12/site-packages/airflow/example_dags/example_branch_labels.py for tasks to queue
[2024-11-11T10:03:44.128+0000] {logging_mixin.py:190} INFO - [2024-11-11T10:03:44.128+0000] {dagbag.py:588} INFO - Filling up the DagBag from /home/airflow/.local/lib/python3.12/site-packages/airflow/example_dags/example_branch_labels.py
[2024-11-11T10:03:44.144+0000] {processor.py:925} INFO - DAG(s) 'example_branch_labels' retrieved from /home/airflow/.local/lib/python3.12/site-packages/airflow/example_dags/example_branch_labels.py
[2024-11-11T10:03:44.176+0000] {logging_mixin.py:190} INFO - [2024-11-11T10:03:44.175+0000] {dag.py:3239} INFO - Sync 1 DAGs
[2024-11-11T10:03:44.212+0000] {logging_mixin.py:190} INFO - [2024-11-11T10:03:44.212+0000] {dag.py:4180} INFO - Setting next_dagrun for example_branch_labels to 2024-11-10 00:00:00+00:00, run_after=2024-11-11 00:00:00+00:00
[2024-11-11T10:03:44.237+0000] {processor.py:208} INFO - Processing /home/airflow/.local/lib/python3.12/site-packages/airflow/example_dags/example_branch_labels.py took 0.123 seconds
[2024-11-11T10:04:15.986+0000] {processor.py:186} INFO - Started process (PID=4602) to work on /home/airflow/.local/lib/python3.12/site-packages/airflow/example_dags/example_branch_labels.py
[2024-11-11T10:04:15.987+0000] {processor.py:914} INFO - Processing file /home/airflow/.local/lib/python3.12/site-packages/airflow/example_dags/example_branch_labels.py for tasks to queue
[2024-11-11T10:04:15.991+0000] {logging_mixin.py:190} INFO - [2024-11-11T10:04:15.990+0000] {dagbag.py:588} INFO - Filling up the DagBag from /home/airflow/.local/lib/python3.12/site-packages/airflow/example_dags/example_branch_labels.py
[2024-11-11T10:04:16.008+0000] {processor.py:925} INFO - DAG(s) 'example_branch_labels' retrieved from /home/airflow/.local/lib/python3.12/site-packages/airflow/example_dags/example_branch_labels.py
[2024-11-11T10:04:16.041+0000] {logging_mixin.py:190} INFO - [2024-11-11T10:04:16.041+0000] {dag.py:3239} INFO - Sync 1 DAGs
[2024-11-11T10:04:16.077+0000] {logging_mixin.py:190} INFO - [2024-11-11T10:04:16.077+0000] {dag.py:4180} INFO - Setting next_dagrun for example_branch_labels to 2024-11-10 00:00:00+00:00, run_after=2024-11-11 00:00:00+00:00
[2024-11-11T10:04:16.103+0000] {processor.py:208} INFO - Processing /home/airflow/.local/lib/python3.12/site-packages/airflow/example_dags/example_branch_labels.py took 0.127 seconds
[2024-11-11T10:04:48.054+0000] {processor.py:186} INFO - Started process (PID=4666) to work on /home/airflow/.local/lib/python3.12/site-packages/airflow/example_dags/example_branch_labels.py
[2024-11-11T10:04:48.055+0000] {processor.py:914} INFO - Processing file /home/airflow/.local/lib/python3.12/site-packages/airflow/example_dags/example_branch_labels.py for tasks to queue
[2024-11-11T10:04:48.059+0000] {logging_mixin.py:190} INFO - [2024-11-11T10:04:48.059+0000] {dagbag.py:588} INFO - Filling up the DagBag from /home/airflow/.local/lib/python3.12/site-packages/airflow/example_dags/example_branch_labels.py
[2024-11-11T10:04:48.077+0000] {processor.py:925} INFO - DAG(s) 'example_branch_labels' retrieved from /home/airflow/.local/lib/python3.12/site-packages/airflow/example_dags/example_branch_labels.py
[2024-11-11T10:04:48.111+0000] {logging_mixin.py:190} INFO - [2024-11-11T10:04:48.111+0000] {dag.py:3239} INFO - Sync 1 DAGs
[2024-11-11T10:04:48.148+0000] {logging_mixin.py:190} INFO - [2024-11-11T10:04:48.147+0000] {dag.py:4180} INFO - Setting next_dagrun for example_branch_labels to 2024-11-10 00:00:00+00:00, run_after=2024-11-11 00:00:00+00:00
[2024-11-11T10:04:48.175+0000] {processor.py:208} INFO - Processing /home/airflow/.local/lib/python3.12/site-packages/airflow/example_dags/example_branch_labels.py took 0.131 seconds
[2024-11-11T10:05:19.857+0000] {processor.py:186} INFO - Started process (PID=4730) to work on /home/airflow/.local/lib/python3.12/site-packages/airflow/example_dags/example_branch_labels.py
[2024-11-11T10:05:19.858+0000] {processor.py:914} INFO - Processing file /home/airflow/.local/lib/python3.12/site-packages/airflow/example_dags/example_branch_labels.py for tasks to queue
[2024-11-11T10:05:19.862+0000] {logging_mixin.py:190} INFO - [2024-11-11T10:05:19.862+0000] {dagbag.py:588} INFO - Filling up the DagBag from /home/airflow/.local/lib/python3.12/site-packages/airflow/example_dags/example_branch_labels.py
[2024-11-11T10:05:19.878+0000] {processor.py:925} INFO - DAG(s) 'example_branch_labels' retrieved from /home/airflow/.local/lib/python3.12/site-packages/airflow/example_dags/example_branch_labels.py
[2024-11-11T10:05:19.909+0000] {logging_mixin.py:190} INFO - [2024-11-11T10:05:19.909+0000] {dag.py:3239} INFO - Sync 1 DAGs
[2024-11-11T10:05:19.949+0000] {logging_mixin.py:190} INFO - [2024-11-11T10:05:19.949+0000] {dag.py:4180} INFO - Setting next_dagrun for example_branch_labels to 2024-11-10 00:00:00+00:00, run_after=2024-11-11 00:00:00+00:00
[2024-11-11T10:05:19.981+0000] {processor.py:208} INFO - Processing /home/airflow/.local/lib/python3.12/site-packages/airflow/example_dags/example_branch_labels.py took 0.134 seconds
[2024-11-11T10:05:50.791+0000] {processor.py:186} INFO - Started process (PID=4793) to work on /home/airflow/.local/lib/python3.12/site-packages/airflow/example_dags/example_branch_labels.py
[2024-11-11T10:05:50.794+0000] {processor.py:914} INFO - Processing file /home/airflow/.local/lib/python3.12/site-packages/airflow/example_dags/example_branch_labels.py for tasks to queue
[2024-11-11T10:05:50.802+0000] {logging_mixin.py:190} INFO - [2024-11-11T10:05:50.801+0000] {dagbag.py:588} INFO - Filling up the DagBag from /home/airflow/.local/lib/python3.12/site-packages/airflow/example_dags/example_branch_labels.py
[2024-11-11T10:05:50.823+0000] {processor.py:925} INFO - DAG(s) 'example_branch_labels' retrieved from /home/airflow/.local/lib/python3.12/site-packages/airflow/example_dags/example_branch_labels.py
[2024-11-11T10:05:50.859+0000] {logging_mixin.py:190} INFO - [2024-11-11T10:05:50.858+0000] {dag.py:3239} INFO - Sync 1 DAGs
[2024-11-11T10:05:50.896+0000] {logging_mixin.py:190} INFO - [2024-11-11T10:05:50.896+0000] {dag.py:4180} INFO - Setting next_dagrun for example_branch_labels to 2024-11-10 00:00:00+00:00, run_after=2024-11-11 00:00:00+00:00
[2024-11-11T10:05:50.923+0000] {processor.py:208} INFO - Processing /home/airflow/.local/lib/python3.12/site-packages/airflow/example_dags/example_branch_labels.py took 0.144 seconds
[2024-11-11T10:06:21.534+0000] {processor.py:186} INFO - Started process (PID=4856) to work on /home/airflow/.local/lib/python3.12/site-packages/airflow/example_dags/example_branch_labels.py
[2024-11-11T10:06:21.535+0000] {processor.py:914} INFO - Processing file /home/airflow/.local/lib/python3.12/site-packages/airflow/example_dags/example_branch_labels.py for tasks to queue
[2024-11-11T10:06:21.539+0000] {logging_mixin.py:190} INFO - [2024-11-11T10:06:21.538+0000] {dagbag.py:588} INFO - Filling up the DagBag from /home/airflow/.local/lib/python3.12/site-packages/airflow/example_dags/example_branch_labels.py
[2024-11-11T10:06:21.555+0000] {processor.py:925} INFO - DAG(s) 'example_branch_labels' retrieved from /home/airflow/.local/lib/python3.12/site-packages/airflow/example_dags/example_branch_labels.py
[2024-11-11T10:06:21.595+0000] {logging_mixin.py:190} INFO - [2024-11-11T10:06:21.594+0000] {dag.py:3239} INFO - Sync 1 DAGs
[2024-11-11T10:06:21.650+0000] {logging_mixin.py:190} INFO - [2024-11-11T10:06:21.649+0000] {dag.py:4180} INFO - Setting next_dagrun for example_branch_labels to 2024-11-10 00:00:00+00:00, run_after=2024-11-11 00:00:00+00:00
[2024-11-11T10:06:21.684+0000] {processor.py:208} INFO - Processing /home/airflow/.local/lib/python3.12/site-packages/airflow/example_dags/example_branch_labels.py took 0.160 seconds
