[2024-11-11T09:27:36.754+0000] {processor.py:186} INFO - Started process (PID=107) to work on /home/airflow/.local/lib/python3.12/site-packages/airflow/example_dags/example_skip_dag.py
[2024-11-11T09:27:36.756+0000] {processor.py:914} INFO - Processing file /home/airflow/.local/lib/python3.12/site-packages/airflow/example_dags/example_skip_dag.py for tasks to queue
[2024-11-11T09:27:36.762+0000] {logging_mixin.py:190} INFO - [2024-11-11T09:27:36.761+0000] {dagbag.py:588} INFO - Filling up the DagBag from /home/airflow/.local/lib/python3.12/site-packages/airflow/example_dags/example_skip_dag.py
[2024-11-11T09:27:36.791+0000] {processor.py:925} INFO - DAG(s) 'example_skip_dag' retrieved from /home/airflow/.local/lib/python3.12/site-packages/airflow/example_dags/example_skip_dag.py
[2024-11-11T09:27:36.840+0000] {logging_mixin.py:190} INFO - [2024-11-11T09:27:36.840+0000] {dag.py:3239} INFO - Sync 1 DAGs
[2024-11-11T09:27:36.886+0000] {logging_mixin.py:190} INFO - [2024-11-11T09:27:36.885+0000] {dag.py:4180} INFO - Setting next_dagrun for example_skip_dag to 2024-11-10 00:00:00+00:00, run_after=2024-11-11 00:00:00+00:00
[2024-11-11T09:27:36.921+0000] {processor.py:208} INFO - Processing /home/airflow/.local/lib/python3.12/site-packages/airflow/example_dags/example_skip_dag.py took 0.180 seconds
[2024-11-11T09:28:07.932+0000] {processor.py:186} INFO - Started process (PID=171) to work on /home/airflow/.local/lib/python3.12/site-packages/airflow/example_dags/example_skip_dag.py
[2024-11-11T09:28:07.933+0000] {processor.py:914} INFO - Processing file /home/airflow/.local/lib/python3.12/site-packages/airflow/example_dags/example_skip_dag.py for tasks to queue
[2024-11-11T09:28:07.936+0000] {logging_mixin.py:190} INFO - [2024-11-11T09:28:07.935+0000] {dagbag.py:588} INFO - Filling up the DagBag from /home/airflow/.local/lib/python3.12/site-packages/airflow/example_dags/example_skip_dag.py
[2024-11-11T09:28:07.947+0000] {processor.py:925} INFO - DAG(s) 'example_skip_dag' retrieved from /home/airflow/.local/lib/python3.12/site-packages/airflow/example_dags/example_skip_dag.py
[2024-11-11T09:28:07.978+0000] {logging_mixin.py:190} INFO - [2024-11-11T09:28:07.977+0000] {dag.py:3239} INFO - Sync 1 DAGs
[2024-11-11T09:28:08.017+0000] {logging_mixin.py:190} INFO - [2024-11-11T09:28:08.016+0000] {dag.py:4180} INFO - Setting next_dagrun for example_skip_dag to 2024-11-10 00:00:00+00:00, run_after=2024-11-11 00:00:00+00:00
[2024-11-11T09:28:08.044+0000] {processor.py:208} INFO - Processing /home/airflow/.local/lib/python3.12/site-packages/airflow/example_dags/example_skip_dag.py took 0.120 seconds
[2024-11-11T09:28:39.029+0000] {processor.py:186} INFO - Started process (PID=235) to work on /home/airflow/.local/lib/python3.12/site-packages/airflow/example_dags/example_skip_dag.py
[2024-11-11T09:28:39.029+0000] {processor.py:914} INFO - Processing file /home/airflow/.local/lib/python3.12/site-packages/airflow/example_dags/example_skip_dag.py for tasks to queue
[2024-11-11T09:28:39.032+0000] {logging_mixin.py:190} INFO - [2024-11-11T09:28:39.032+0000] {dagbag.py:588} INFO - Filling up the DagBag from /home/airflow/.local/lib/python3.12/site-packages/airflow/example_dags/example_skip_dag.py
[2024-11-11T09:28:39.041+0000] {processor.py:925} INFO - DAG(s) 'example_skip_dag' retrieved from /home/airflow/.local/lib/python3.12/site-packages/airflow/example_dags/example_skip_dag.py
[2024-11-11T09:28:39.067+0000] {logging_mixin.py:190} INFO - [2024-11-11T09:28:39.067+0000] {dag.py:3239} INFO - Sync 1 DAGs
[2024-11-11T09:28:39.091+0000] {logging_mixin.py:190} INFO - [2024-11-11T09:28:39.091+0000] {dag.py:4180} INFO - Setting next_dagrun for example_skip_dag to 2024-11-10 00:00:00+00:00, run_after=2024-11-11 00:00:00+00:00
[2024-11-11T09:28:39.115+0000] {processor.py:208} INFO - Processing /home/airflow/.local/lib/python3.12/site-packages/airflow/example_dags/example_skip_dag.py took 0.093 seconds
[2024-11-11T09:29:11.458+0000] {processor.py:186} INFO - Started process (PID=298) to work on /home/airflow/.local/lib/python3.12/site-packages/airflow/example_dags/example_skip_dag.py
[2024-11-11T09:29:11.461+0000] {processor.py:914} INFO - Processing file /home/airflow/.local/lib/python3.12/site-packages/airflow/example_dags/example_skip_dag.py for tasks to queue
[2024-11-11T09:29:11.465+0000] {logging_mixin.py:190} INFO - [2024-11-11T09:29:11.464+0000] {dagbag.py:588} INFO - Filling up the DagBag from /home/airflow/.local/lib/python3.12/site-packages/airflow/example_dags/example_skip_dag.py
[2024-11-11T09:29:11.477+0000] {processor.py:925} INFO - DAG(s) 'example_skip_dag' retrieved from /home/airflow/.local/lib/python3.12/site-packages/airflow/example_dags/example_skip_dag.py
[2024-11-11T09:29:11.509+0000] {logging_mixin.py:190} INFO - [2024-11-11T09:29:11.508+0000] {dag.py:3239} INFO - Sync 1 DAGs
[2024-11-11T09:29:11.544+0000] {logging_mixin.py:190} INFO - [2024-11-11T09:29:11.544+0000] {dag.py:4180} INFO - Setting next_dagrun for example_skip_dag to 2024-11-10 00:00:00+00:00, run_after=2024-11-11 00:00:00+00:00
[2024-11-11T09:29:11.578+0000] {processor.py:208} INFO - Processing /home/airflow/.local/lib/python3.12/site-packages/airflow/example_dags/example_skip_dag.py took 0.130 seconds
[2024-11-11T09:29:43.047+0000] {processor.py:186} INFO - Started process (PID=362) to work on /home/airflow/.local/lib/python3.12/site-packages/airflow/example_dags/example_skip_dag.py
[2024-11-11T09:29:43.048+0000] {processor.py:914} INFO - Processing file /home/airflow/.local/lib/python3.12/site-packages/airflow/example_dags/example_skip_dag.py for tasks to queue
[2024-11-11T09:29:43.053+0000] {logging_mixin.py:190} INFO - [2024-11-11T09:29:43.052+0000] {dagbag.py:588} INFO - Filling up the DagBag from /home/airflow/.local/lib/python3.12/site-packages/airflow/example_dags/example_skip_dag.py
[2024-11-11T09:29:43.067+0000] {processor.py:925} INFO - DAG(s) 'example_skip_dag' retrieved from /home/airflow/.local/lib/python3.12/site-packages/airflow/example_dags/example_skip_dag.py
[2024-11-11T09:29:43.103+0000] {logging_mixin.py:190} INFO - [2024-11-11T09:29:43.103+0000] {dag.py:3239} INFO - Sync 1 DAGs
[2024-11-11T09:29:43.140+0000] {logging_mixin.py:190} INFO - [2024-11-11T09:29:43.140+0000] {dag.py:4180} INFO - Setting next_dagrun for example_skip_dag to 2024-11-10 00:00:00+00:00, run_after=2024-11-11 00:00:00+00:00
[2024-11-11T09:29:43.169+0000] {processor.py:208} INFO - Processing /home/airflow/.local/lib/python3.12/site-packages/airflow/example_dags/example_skip_dag.py took 0.132 seconds
[2024-11-11T09:30:15.811+0000] {processor.py:186} INFO - Started process (PID=426) to work on /home/airflow/.local/lib/python3.12/site-packages/airflow/example_dags/example_skip_dag.py
[2024-11-11T09:30:15.813+0000] {processor.py:914} INFO - Processing file /home/airflow/.local/lib/python3.12/site-packages/airflow/example_dags/example_skip_dag.py for tasks to queue
[2024-11-11T09:30:15.817+0000] {logging_mixin.py:190} INFO - [2024-11-11T09:30:15.817+0000] {dagbag.py:588} INFO - Filling up the DagBag from /home/airflow/.local/lib/python3.12/site-packages/airflow/example_dags/example_skip_dag.py
[2024-11-11T09:30:15.832+0000] {processor.py:925} INFO - DAG(s) 'example_skip_dag' retrieved from /home/airflow/.local/lib/python3.12/site-packages/airflow/example_dags/example_skip_dag.py
[2024-11-11T09:30:15.871+0000] {logging_mixin.py:190} INFO - [2024-11-11T09:30:15.871+0000] {dag.py:3239} INFO - Sync 1 DAGs
[2024-11-11T09:30:15.912+0000] {logging_mixin.py:190} INFO - [2024-11-11T09:30:15.911+0000] {dag.py:4180} INFO - Setting next_dagrun for example_skip_dag to 2024-11-10 00:00:00+00:00, run_after=2024-11-11 00:00:00+00:00
[2024-11-11T09:30:15.940+0000] {processor.py:208} INFO - Processing /home/airflow/.local/lib/python3.12/site-packages/airflow/example_dags/example_skip_dag.py took 0.140 seconds
[2024-11-11T09:30:47.070+0000] {processor.py:186} INFO - Started process (PID=490) to work on /home/airflow/.local/lib/python3.12/site-packages/airflow/example_dags/example_skip_dag.py
[2024-11-11T09:30:47.071+0000] {processor.py:914} INFO - Processing file /home/airflow/.local/lib/python3.12/site-packages/airflow/example_dags/example_skip_dag.py for tasks to queue
[2024-11-11T09:30:47.075+0000] {logging_mixin.py:190} INFO - [2024-11-11T09:30:47.075+0000] {dagbag.py:588} INFO - Filling up the DagBag from /home/airflow/.local/lib/python3.12/site-packages/airflow/example_dags/example_skip_dag.py
[2024-11-11T09:30:47.089+0000] {processor.py:925} INFO - DAG(s) 'example_skip_dag' retrieved from /home/airflow/.local/lib/python3.12/site-packages/airflow/example_dags/example_skip_dag.py
[2024-11-11T09:30:47.123+0000] {logging_mixin.py:190} INFO - [2024-11-11T09:30:47.122+0000] {dag.py:3239} INFO - Sync 1 DAGs
[2024-11-11T09:30:47.158+0000] {logging_mixin.py:190} INFO - [2024-11-11T09:30:47.157+0000] {dag.py:4180} INFO - Setting next_dagrun for example_skip_dag to 2024-11-10 00:00:00+00:00, run_after=2024-11-11 00:00:00+00:00
[2024-11-11T09:30:47.186+0000] {processor.py:208} INFO - Processing /home/airflow/.local/lib/python3.12/site-packages/airflow/example_dags/example_skip_dag.py took 0.127 seconds
[2024-11-11T09:31:18.121+0000] {processor.py:186} INFO - Started process (PID=554) to work on /home/airflow/.local/lib/python3.12/site-packages/airflow/example_dags/example_skip_dag.py
[2024-11-11T09:31:18.122+0000] {processor.py:914} INFO - Processing file /home/airflow/.local/lib/python3.12/site-packages/airflow/example_dags/example_skip_dag.py for tasks to queue
[2024-11-11T09:31:18.126+0000] {logging_mixin.py:190} INFO - [2024-11-11T09:31:18.126+0000] {dagbag.py:588} INFO - Filling up the DagBag from /home/airflow/.local/lib/python3.12/site-packages/airflow/example_dags/example_skip_dag.py
[2024-11-11T09:31:18.139+0000] {processor.py:925} INFO - DAG(s) 'example_skip_dag' retrieved from /home/airflow/.local/lib/python3.12/site-packages/airflow/example_dags/example_skip_dag.py
[2024-11-11T09:31:18.174+0000] {logging_mixin.py:190} INFO - [2024-11-11T09:31:18.174+0000] {dag.py:3239} INFO - Sync 1 DAGs
[2024-11-11T09:31:18.210+0000] {logging_mixin.py:190} INFO - [2024-11-11T09:31:18.210+0000] {dag.py:4180} INFO - Setting next_dagrun for example_skip_dag to 2024-11-10 00:00:00+00:00, run_after=2024-11-11 00:00:00+00:00
[2024-11-11T09:31:18.237+0000] {processor.py:208} INFO - Processing /home/airflow/.local/lib/python3.12/site-packages/airflow/example_dags/example_skip_dag.py took 0.125 seconds
[2024-11-11T09:31:49.563+0000] {processor.py:186} INFO - Started process (PID=617) to work on /home/airflow/.local/lib/python3.12/site-packages/airflow/example_dags/example_skip_dag.py
[2024-11-11T09:31:49.564+0000] {processor.py:914} INFO - Processing file /home/airflow/.local/lib/python3.12/site-packages/airflow/example_dags/example_skip_dag.py for tasks to queue
[2024-11-11T09:31:49.569+0000] {logging_mixin.py:190} INFO - [2024-11-11T09:31:49.568+0000] {dagbag.py:588} INFO - Filling up the DagBag from /home/airflow/.local/lib/python3.12/site-packages/airflow/example_dags/example_skip_dag.py
[2024-11-11T09:31:49.583+0000] {processor.py:925} INFO - DAG(s) 'example_skip_dag' retrieved from /home/airflow/.local/lib/python3.12/site-packages/airflow/example_dags/example_skip_dag.py
[2024-11-11T09:31:49.618+0000] {logging_mixin.py:190} INFO - [2024-11-11T09:31:49.618+0000] {dag.py:3239} INFO - Sync 1 DAGs
[2024-11-11T09:31:49.652+0000] {logging_mixin.py:190} INFO - [2024-11-11T09:31:49.652+0000] {dag.py:4180} INFO - Setting next_dagrun for example_skip_dag to 2024-11-10 00:00:00+00:00, run_after=2024-11-11 00:00:00+00:00
[2024-11-11T09:31:49.678+0000] {processor.py:208} INFO - Processing /home/airflow/.local/lib/python3.12/site-packages/airflow/example_dags/example_skip_dag.py took 0.126 seconds
[2024-11-11T09:32:20.982+0000] {processor.py:186} INFO - Started process (PID=681) to work on /home/airflow/.local/lib/python3.12/site-packages/airflow/example_dags/example_skip_dag.py
[2024-11-11T09:32:20.983+0000] {processor.py:914} INFO - Processing file /home/airflow/.local/lib/python3.12/site-packages/airflow/example_dags/example_skip_dag.py for tasks to queue
[2024-11-11T09:32:20.988+0000] {logging_mixin.py:190} INFO - [2024-11-11T09:32:20.987+0000] {dagbag.py:588} INFO - Filling up the DagBag from /home/airflow/.local/lib/python3.12/site-packages/airflow/example_dags/example_skip_dag.py
[2024-11-11T09:32:21.004+0000] {processor.py:925} INFO - DAG(s) 'example_skip_dag' retrieved from /home/airflow/.local/lib/python3.12/site-packages/airflow/example_dags/example_skip_dag.py
[2024-11-11T09:32:21.043+0000] {logging_mixin.py:190} INFO - [2024-11-11T09:32:21.042+0000] {dag.py:3239} INFO - Sync 1 DAGs
[2024-11-11T09:32:21.077+0000] {logging_mixin.py:190} INFO - [2024-11-11T09:32:21.077+0000] {dag.py:4180} INFO - Setting next_dagrun for example_skip_dag to 2024-11-10 00:00:00+00:00, run_after=2024-11-11 00:00:00+00:00
[2024-11-11T09:32:21.102+0000] {processor.py:208} INFO - Processing /home/airflow/.local/lib/python3.12/site-packages/airflow/example_dags/example_skip_dag.py took 0.130 seconds
[2024-11-11T09:32:52.800+0000] {processor.py:186} INFO - Started process (PID=745) to work on /home/airflow/.local/lib/python3.12/site-packages/airflow/example_dags/example_skip_dag.py
[2024-11-11T09:32:52.801+0000] {processor.py:914} INFO - Processing file /home/airflow/.local/lib/python3.12/site-packages/airflow/example_dags/example_skip_dag.py for tasks to queue
[2024-11-11T09:32:52.806+0000] {logging_mixin.py:190} INFO - [2024-11-11T09:32:52.805+0000] {dagbag.py:588} INFO - Filling up the DagBag from /home/airflow/.local/lib/python3.12/site-packages/airflow/example_dags/example_skip_dag.py
[2024-11-11T09:32:52.819+0000] {processor.py:925} INFO - DAG(s) 'example_skip_dag' retrieved from /home/airflow/.local/lib/python3.12/site-packages/airflow/example_dags/example_skip_dag.py
[2024-11-11T09:32:52.855+0000] {logging_mixin.py:190} INFO - [2024-11-11T09:32:52.855+0000] {dag.py:3239} INFO - Sync 1 DAGs
[2024-11-11T09:32:52.893+0000] {logging_mixin.py:190} INFO - [2024-11-11T09:32:52.892+0000] {dag.py:4180} INFO - Setting next_dagrun for example_skip_dag to 2024-11-10 00:00:00+00:00, run_after=2024-11-11 00:00:00+00:00
[2024-11-11T09:32:52.918+0000] {processor.py:208} INFO - Processing /home/airflow/.local/lib/python3.12/site-packages/airflow/example_dags/example_skip_dag.py took 0.128 seconds
[2024-11-11T09:33:24.445+0000] {processor.py:186} INFO - Started process (PID=809) to work on /home/airflow/.local/lib/python3.12/site-packages/airflow/example_dags/example_skip_dag.py
[2024-11-11T09:33:24.446+0000] {processor.py:914} INFO - Processing file /home/airflow/.local/lib/python3.12/site-packages/airflow/example_dags/example_skip_dag.py for tasks to queue
[2024-11-11T09:33:24.452+0000] {logging_mixin.py:190} INFO - [2024-11-11T09:33:24.451+0000] {dagbag.py:588} INFO - Filling up the DagBag from /home/airflow/.local/lib/python3.12/site-packages/airflow/example_dags/example_skip_dag.py
[2024-11-11T09:33:24.469+0000] {processor.py:925} INFO - DAG(s) 'example_skip_dag' retrieved from /home/airflow/.local/lib/python3.12/site-packages/airflow/example_dags/example_skip_dag.py
[2024-11-11T09:33:24.504+0000] {logging_mixin.py:190} INFO - [2024-11-11T09:33:24.504+0000] {dag.py:3239} INFO - Sync 1 DAGs
[2024-11-11T09:33:24.540+0000] {logging_mixin.py:190} INFO - [2024-11-11T09:33:24.540+0000] {dag.py:4180} INFO - Setting next_dagrun for example_skip_dag to 2024-11-10 00:00:00+00:00, run_after=2024-11-11 00:00:00+00:00
[2024-11-11T09:33:24.568+0000] {processor.py:208} INFO - Processing /home/airflow/.local/lib/python3.12/site-packages/airflow/example_dags/example_skip_dag.py took 0.133 seconds
[2024-11-11T09:33:57.466+0000] {processor.py:186} INFO - Started process (PID=874) to work on /home/airflow/.local/lib/python3.12/site-packages/airflow/example_dags/example_skip_dag.py
[2024-11-11T09:33:57.467+0000] {processor.py:914} INFO - Processing file /home/airflow/.local/lib/python3.12/site-packages/airflow/example_dags/example_skip_dag.py for tasks to queue
[2024-11-11T09:33:57.471+0000] {logging_mixin.py:190} INFO - [2024-11-11T09:33:57.470+0000] {dagbag.py:588} INFO - Filling up the DagBag from /home/airflow/.local/lib/python3.12/site-packages/airflow/example_dags/example_skip_dag.py
[2024-11-11T09:33:57.484+0000] {processor.py:925} INFO - DAG(s) 'example_skip_dag' retrieved from /home/airflow/.local/lib/python3.12/site-packages/airflow/example_dags/example_skip_dag.py
[2024-11-11T09:33:57.518+0000] {logging_mixin.py:190} INFO - [2024-11-11T09:33:57.518+0000] {dag.py:3239} INFO - Sync 1 DAGs
[2024-11-11T09:33:57.554+0000] {logging_mixin.py:190} INFO - [2024-11-11T09:33:57.554+0000] {dag.py:4180} INFO - Setting next_dagrun for example_skip_dag to 2024-11-10 00:00:00+00:00, run_after=2024-11-11 00:00:00+00:00
[2024-11-11T09:33:57.582+0000] {processor.py:208} INFO - Processing /home/airflow/.local/lib/python3.12/site-packages/airflow/example_dags/example_skip_dag.py took 0.125 seconds
[2024-11-11T09:34:29.023+0000] {processor.py:186} INFO - Started process (PID=938) to work on /home/airflow/.local/lib/python3.12/site-packages/airflow/example_dags/example_skip_dag.py
[2024-11-11T09:34:29.024+0000] {processor.py:914} INFO - Processing file /home/airflow/.local/lib/python3.12/site-packages/airflow/example_dags/example_skip_dag.py for tasks to queue
[2024-11-11T09:34:29.029+0000] {logging_mixin.py:190} INFO - [2024-11-11T09:34:29.028+0000] {dagbag.py:588} INFO - Filling up the DagBag from /home/airflow/.local/lib/python3.12/site-packages/airflow/example_dags/example_skip_dag.py
[2024-11-11T09:34:29.042+0000] {processor.py:925} INFO - DAG(s) 'example_skip_dag' retrieved from /home/airflow/.local/lib/python3.12/site-packages/airflow/example_dags/example_skip_dag.py
[2024-11-11T09:34:29.081+0000] {logging_mixin.py:190} INFO - [2024-11-11T09:34:29.081+0000] {dag.py:3239} INFO - Sync 1 DAGs
[2024-11-11T09:34:29.117+0000] {logging_mixin.py:190} INFO - [2024-11-11T09:34:29.117+0000] {dag.py:4180} INFO - Setting next_dagrun for example_skip_dag to 2024-11-10 00:00:00+00:00, run_after=2024-11-11 00:00:00+00:00
[2024-11-11T09:34:29.150+0000] {processor.py:208} INFO - Processing /home/airflow/.local/lib/python3.12/site-packages/airflow/example_dags/example_skip_dag.py took 0.139 seconds
[2024-11-11T09:34:59.490+0000] {processor.py:186} INFO - Started process (PID=1001) to work on /home/airflow/.local/lib/python3.12/site-packages/airflow/example_dags/example_skip_dag.py
[2024-11-11T09:34:59.491+0000] {processor.py:914} INFO - Processing file /home/airflow/.local/lib/python3.12/site-packages/airflow/example_dags/example_skip_dag.py for tasks to queue
[2024-11-11T09:34:59.495+0000] {logging_mixin.py:190} INFO - [2024-11-11T09:34:59.495+0000] {dagbag.py:588} INFO - Filling up the DagBag from /home/airflow/.local/lib/python3.12/site-packages/airflow/example_dags/example_skip_dag.py
[2024-11-11T09:34:59.510+0000] {processor.py:925} INFO - DAG(s) 'example_skip_dag' retrieved from /home/airflow/.local/lib/python3.12/site-packages/airflow/example_dags/example_skip_dag.py
[2024-11-11T09:34:59.543+0000] {logging_mixin.py:190} INFO - [2024-11-11T09:34:59.543+0000] {dag.py:3239} INFO - Sync 1 DAGs
[2024-11-11T09:34:59.578+0000] {logging_mixin.py:190} INFO - [2024-11-11T09:34:59.577+0000] {dag.py:4180} INFO - Setting next_dagrun for example_skip_dag to 2024-11-10 00:00:00+00:00, run_after=2024-11-11 00:00:00+00:00
[2024-11-11T09:34:59.603+0000] {processor.py:208} INFO - Processing /home/airflow/.local/lib/python3.12/site-packages/airflow/example_dags/example_skip_dag.py took 0.122 seconds
[2024-11-11T09:35:33.156+0000] {processor.py:186} INFO - Started process (PID=1066) to work on /home/airflow/.local/lib/python3.12/site-packages/airflow/example_dags/example_skip_dag.py
[2024-11-11T09:35:33.158+0000] {processor.py:914} INFO - Processing file /home/airflow/.local/lib/python3.12/site-packages/airflow/example_dags/example_skip_dag.py for tasks to queue
[2024-11-11T09:35:33.164+0000] {logging_mixin.py:190} INFO - [2024-11-11T09:35:33.164+0000] {dagbag.py:588} INFO - Filling up the DagBag from /home/airflow/.local/lib/python3.12/site-packages/airflow/example_dags/example_skip_dag.py
[2024-11-11T09:35:33.192+0000] {processor.py:925} INFO - DAG(s) 'example_skip_dag' retrieved from /home/airflow/.local/lib/python3.12/site-packages/airflow/example_dags/example_skip_dag.py
[2024-11-11T09:35:33.241+0000] {logging_mixin.py:190} INFO - [2024-11-11T09:35:33.241+0000] {dag.py:3239} INFO - Sync 1 DAGs
[2024-11-11T09:35:33.290+0000] {logging_mixin.py:190} INFO - [2024-11-11T09:35:33.290+0000] {dag.py:4180} INFO - Setting next_dagrun for example_skip_dag to 2024-11-10 00:00:00+00:00, run_after=2024-11-11 00:00:00+00:00
[2024-11-11T09:35:33.328+0000] {processor.py:208} INFO - Processing /home/airflow/.local/lib/python3.12/site-packages/airflow/example_dags/example_skip_dag.py took 0.187 seconds
[2024-11-11T09:36:08.394+0000] {processor.py:186} INFO - Started process (PID=1136) to work on /home/airflow/.local/lib/python3.12/site-packages/airflow/example_dags/example_skip_dag.py
[2024-11-11T09:36:08.395+0000] {processor.py:914} INFO - Processing file /home/airflow/.local/lib/python3.12/site-packages/airflow/example_dags/example_skip_dag.py for tasks to queue
[2024-11-11T09:36:08.400+0000] {logging_mixin.py:190} INFO - [2024-11-11T09:36:08.399+0000] {dagbag.py:588} INFO - Filling up the DagBag from /home/airflow/.local/lib/python3.12/site-packages/airflow/example_dags/example_skip_dag.py
[2024-11-11T09:36:08.420+0000] {processor.py:925} INFO - DAG(s) 'example_skip_dag' retrieved from /home/airflow/.local/lib/python3.12/site-packages/airflow/example_dags/example_skip_dag.py
[2024-11-11T09:36:08.465+0000] {logging_mixin.py:190} INFO - [2024-11-11T09:36:08.464+0000] {dag.py:3239} INFO - Sync 1 DAGs
[2024-11-11T09:36:08.511+0000] {logging_mixin.py:190} INFO - [2024-11-11T09:36:08.511+0000] {dag.py:4180} INFO - Setting next_dagrun for example_skip_dag to 2024-11-10 00:00:00+00:00, run_after=2024-11-11 00:00:00+00:00
[2024-11-11T09:36:08.550+0000] {processor.py:208} INFO - Processing /home/airflow/.local/lib/python3.12/site-packages/airflow/example_dags/example_skip_dag.py took 0.167 seconds
[2024-11-11T09:36:39.593+0000] {processor.py:186} INFO - Started process (PID=1199) to work on /home/airflow/.local/lib/python3.12/site-packages/airflow/example_dags/example_skip_dag.py
[2024-11-11T09:36:39.595+0000] {processor.py:914} INFO - Processing file /home/airflow/.local/lib/python3.12/site-packages/airflow/example_dags/example_skip_dag.py for tasks to queue
[2024-11-11T09:36:39.600+0000] {logging_mixin.py:190} INFO - [2024-11-11T09:36:39.600+0000] {dagbag.py:588} INFO - Filling up the DagBag from /home/airflow/.local/lib/python3.12/site-packages/airflow/example_dags/example_skip_dag.py
[2024-11-11T09:36:39.619+0000] {processor.py:925} INFO - DAG(s) 'example_skip_dag' retrieved from /home/airflow/.local/lib/python3.12/site-packages/airflow/example_dags/example_skip_dag.py
[2024-11-11T09:36:39.663+0000] {logging_mixin.py:190} INFO - [2024-11-11T09:36:39.663+0000] {dag.py:3239} INFO - Sync 1 DAGs
[2024-11-11T09:36:39.710+0000] {logging_mixin.py:190} INFO - [2024-11-11T09:36:39.710+0000] {dag.py:4180} INFO - Setting next_dagrun for example_skip_dag to 2024-11-10 00:00:00+00:00, run_after=2024-11-11 00:00:00+00:00
[2024-11-11T09:36:39.748+0000] {processor.py:208} INFO - Processing /home/airflow/.local/lib/python3.12/site-packages/airflow/example_dags/example_skip_dag.py took 0.168 seconds
[2024-11-11T09:37:11.140+0000] {processor.py:186} INFO - Started process (PID=1263) to work on /home/airflow/.local/lib/python3.12/site-packages/airflow/example_dags/example_skip_dag.py
[2024-11-11T09:37:11.141+0000] {processor.py:914} INFO - Processing file /home/airflow/.local/lib/python3.12/site-packages/airflow/example_dags/example_skip_dag.py for tasks to queue
[2024-11-11T09:37:11.145+0000] {logging_mixin.py:190} INFO - [2024-11-11T09:37:11.145+0000] {dagbag.py:588} INFO - Filling up the DagBag from /home/airflow/.local/lib/python3.12/site-packages/airflow/example_dags/example_skip_dag.py
[2024-11-11T09:37:11.160+0000] {processor.py:925} INFO - DAG(s) 'example_skip_dag' retrieved from /home/airflow/.local/lib/python3.12/site-packages/airflow/example_dags/example_skip_dag.py
[2024-11-11T09:37:11.196+0000] {logging_mixin.py:190} INFO - [2024-11-11T09:37:11.195+0000] {dag.py:3239} INFO - Sync 1 DAGs
[2024-11-11T09:37:11.229+0000] {logging_mixin.py:190} INFO - [2024-11-11T09:37:11.229+0000] {dag.py:4180} INFO - Setting next_dagrun for example_skip_dag to 2024-11-10 00:00:00+00:00, run_after=2024-11-11 00:00:00+00:00
[2024-11-11T09:37:11.255+0000] {processor.py:208} INFO - Processing /home/airflow/.local/lib/python3.12/site-packages/airflow/example_dags/example_skip_dag.py took 0.125 seconds
[2024-11-11T09:37:43.144+0000] {processor.py:186} INFO - Started process (PID=1327) to work on /home/airflow/.local/lib/python3.12/site-packages/airflow/example_dags/example_skip_dag.py
[2024-11-11T09:37:43.145+0000] {processor.py:914} INFO - Processing file /home/airflow/.local/lib/python3.12/site-packages/airflow/example_dags/example_skip_dag.py for tasks to queue
[2024-11-11T09:37:43.150+0000] {logging_mixin.py:190} INFO - [2024-11-11T09:37:43.149+0000] {dagbag.py:588} INFO - Filling up the DagBag from /home/airflow/.local/lib/python3.12/site-packages/airflow/example_dags/example_skip_dag.py
[2024-11-11T09:37:43.164+0000] {processor.py:925} INFO - DAG(s) 'example_skip_dag' retrieved from /home/airflow/.local/lib/python3.12/site-packages/airflow/example_dags/example_skip_dag.py
[2024-11-11T09:37:43.199+0000] {logging_mixin.py:190} INFO - [2024-11-11T09:37:43.198+0000] {dag.py:3239} INFO - Sync 1 DAGs
[2024-11-11T09:37:43.235+0000] {logging_mixin.py:190} INFO - [2024-11-11T09:37:43.235+0000] {dag.py:4180} INFO - Setting next_dagrun for example_skip_dag to 2024-11-10 00:00:00+00:00, run_after=2024-11-11 00:00:00+00:00
[2024-11-11T09:37:43.264+0000] {processor.py:208} INFO - Processing /home/airflow/.local/lib/python3.12/site-packages/airflow/example_dags/example_skip_dag.py took 0.131 seconds
[2024-11-11T09:38:15.951+0000] {processor.py:186} INFO - Started process (PID=1392) to work on /home/airflow/.local/lib/python3.12/site-packages/airflow/example_dags/example_skip_dag.py
[2024-11-11T09:38:15.952+0000] {processor.py:914} INFO - Processing file /home/airflow/.local/lib/python3.12/site-packages/airflow/example_dags/example_skip_dag.py for tasks to queue
[2024-11-11T09:38:15.957+0000] {logging_mixin.py:190} INFO - [2024-11-11T09:38:15.956+0000] {dagbag.py:588} INFO - Filling up the DagBag from /home/airflow/.local/lib/python3.12/site-packages/airflow/example_dags/example_skip_dag.py
[2024-11-11T09:38:15.970+0000] {processor.py:925} INFO - DAG(s) 'example_skip_dag' retrieved from /home/airflow/.local/lib/python3.12/site-packages/airflow/example_dags/example_skip_dag.py
[2024-11-11T09:38:16.006+0000] {logging_mixin.py:190} INFO - [2024-11-11T09:38:16.006+0000] {dag.py:3239} INFO - Sync 1 DAGs
[2024-11-11T09:38:16.046+0000] {logging_mixin.py:190} INFO - [2024-11-11T09:38:16.045+0000] {dag.py:4180} INFO - Setting next_dagrun for example_skip_dag to 2024-11-10 00:00:00+00:00, run_after=2024-11-11 00:00:00+00:00
[2024-11-11T09:38:16.078+0000] {processor.py:208} INFO - Processing /home/airflow/.local/lib/python3.12/site-packages/airflow/example_dags/example_skip_dag.py took 0.137 seconds
[2024-11-11T09:38:48.520+0000] {processor.py:186} INFO - Started process (PID=1458) to work on /home/airflow/.local/lib/python3.12/site-packages/airflow/example_dags/example_skip_dag.py
[2024-11-11T09:38:48.521+0000] {processor.py:914} INFO - Processing file /home/airflow/.local/lib/python3.12/site-packages/airflow/example_dags/example_skip_dag.py for tasks to queue
[2024-11-11T09:38:48.525+0000] {logging_mixin.py:190} INFO - [2024-11-11T09:38:48.524+0000] {dagbag.py:588} INFO - Filling up the DagBag from /home/airflow/.local/lib/python3.12/site-packages/airflow/example_dags/example_skip_dag.py
[2024-11-11T09:38:48.538+0000] {processor.py:925} INFO - DAG(s) 'example_skip_dag' retrieved from /home/airflow/.local/lib/python3.12/site-packages/airflow/example_dags/example_skip_dag.py
[2024-11-11T09:38:48.578+0000] {logging_mixin.py:190} INFO - [2024-11-11T09:38:48.578+0000] {dag.py:3239} INFO - Sync 1 DAGs
[2024-11-11T09:38:48.618+0000] {logging_mixin.py:190} INFO - [2024-11-11T09:38:48.618+0000] {dag.py:4180} INFO - Setting next_dagrun for example_skip_dag to 2024-11-10 00:00:00+00:00, run_after=2024-11-11 00:00:00+00:00
[2024-11-11T09:38:48.647+0000] {processor.py:208} INFO - Processing /home/airflow/.local/lib/python3.12/site-packages/airflow/example_dags/example_skip_dag.py took 0.137 seconds
[2024-11-11T09:39:21.502+0000] {processor.py:186} INFO - Started process (PID=1526) to work on /home/airflow/.local/lib/python3.12/site-packages/airflow/example_dags/example_skip_dag.py
[2024-11-11T09:39:21.504+0000] {processor.py:914} INFO - Processing file /home/airflow/.local/lib/python3.12/site-packages/airflow/example_dags/example_skip_dag.py for tasks to queue
[2024-11-11T09:39:21.511+0000] {logging_mixin.py:190} INFO - [2024-11-11T09:39:21.510+0000] {dagbag.py:588} INFO - Filling up the DagBag from /home/airflow/.local/lib/python3.12/site-packages/airflow/example_dags/example_skip_dag.py
[2024-11-11T09:39:21.526+0000] {processor.py:925} INFO - DAG(s) 'example_skip_dag' retrieved from /home/airflow/.local/lib/python3.12/site-packages/airflow/example_dags/example_skip_dag.py
[2024-11-11T09:39:21.560+0000] {logging_mixin.py:190} INFO - [2024-11-11T09:39:21.560+0000] {dag.py:3239} INFO - Sync 1 DAGs
[2024-11-11T09:39:21.597+0000] {logging_mixin.py:190} INFO - [2024-11-11T09:39:21.596+0000] {dag.py:4180} INFO - Setting next_dagrun for example_skip_dag to 2024-11-10 00:00:00+00:00, run_after=2024-11-11 00:00:00+00:00
[2024-11-11T09:39:21.628+0000] {processor.py:208} INFO - Processing /home/airflow/.local/lib/python3.12/site-packages/airflow/example_dags/example_skip_dag.py took 0.137 seconds
[2024-11-11T09:39:53.770+0000] {processor.py:186} INFO - Started process (PID=1590) to work on /home/airflow/.local/lib/python3.12/site-packages/airflow/example_dags/example_skip_dag.py
[2024-11-11T09:39:53.771+0000] {processor.py:914} INFO - Processing file /home/airflow/.local/lib/python3.12/site-packages/airflow/example_dags/example_skip_dag.py for tasks to queue
[2024-11-11T09:39:53.776+0000] {logging_mixin.py:190} INFO - [2024-11-11T09:39:53.776+0000] {dagbag.py:588} INFO - Filling up the DagBag from /home/airflow/.local/lib/python3.12/site-packages/airflow/example_dags/example_skip_dag.py
[2024-11-11T09:39:53.797+0000] {processor.py:925} INFO - DAG(s) 'example_skip_dag' retrieved from /home/airflow/.local/lib/python3.12/site-packages/airflow/example_dags/example_skip_dag.py
[2024-11-11T09:39:53.858+0000] {logging_mixin.py:190} INFO - [2024-11-11T09:39:53.857+0000] {dag.py:3239} INFO - Sync 1 DAGs
[2024-11-11T09:39:53.904+0000] {logging_mixin.py:190} INFO - [2024-11-11T09:39:53.904+0000] {dag.py:4180} INFO - Setting next_dagrun for example_skip_dag to 2024-11-10 00:00:00+00:00, run_after=2024-11-11 00:00:00+00:00
[2024-11-11T09:39:53.940+0000] {processor.py:208} INFO - Processing /home/airflow/.local/lib/python3.12/site-packages/airflow/example_dags/example_skip_dag.py took 0.182 seconds
[2024-11-11T09:40:26.333+0000] {processor.py:186} INFO - Started process (PID=1656) to work on /home/airflow/.local/lib/python3.12/site-packages/airflow/example_dags/example_skip_dag.py
[2024-11-11T09:40:26.335+0000] {processor.py:914} INFO - Processing file /home/airflow/.local/lib/python3.12/site-packages/airflow/example_dags/example_skip_dag.py for tasks to queue
[2024-11-11T09:40:26.339+0000] {logging_mixin.py:190} INFO - [2024-11-11T09:40:26.339+0000] {dagbag.py:588} INFO - Filling up the DagBag from /home/airflow/.local/lib/python3.12/site-packages/airflow/example_dags/example_skip_dag.py
[2024-11-11T09:40:26.356+0000] {processor.py:925} INFO - DAG(s) 'example_skip_dag' retrieved from /home/airflow/.local/lib/python3.12/site-packages/airflow/example_dags/example_skip_dag.py
[2024-11-11T09:40:26.391+0000] {logging_mixin.py:190} INFO - [2024-11-11T09:40:26.390+0000] {dag.py:3239} INFO - Sync 1 DAGs
[2024-11-11T09:40:26.425+0000] {logging_mixin.py:190} INFO - [2024-11-11T09:40:26.425+0000] {dag.py:4180} INFO - Setting next_dagrun for example_skip_dag to 2024-11-10 00:00:00+00:00, run_after=2024-11-11 00:00:00+00:00
[2024-11-11T09:40:26.454+0000] {processor.py:208} INFO - Processing /home/airflow/.local/lib/python3.12/site-packages/airflow/example_dags/example_skip_dag.py took 0.132 seconds
[2024-11-11T09:40:57.748+0000] {processor.py:186} INFO - Started process (PID=1721) to work on /home/airflow/.local/lib/python3.12/site-packages/airflow/example_dags/example_skip_dag.py
[2024-11-11T09:40:57.749+0000] {processor.py:914} INFO - Processing file /home/airflow/.local/lib/python3.12/site-packages/airflow/example_dags/example_skip_dag.py for tasks to queue
[2024-11-11T09:40:57.753+0000] {logging_mixin.py:190} INFO - [2024-11-11T09:40:57.753+0000] {dagbag.py:588} INFO - Filling up the DagBag from /home/airflow/.local/lib/python3.12/site-packages/airflow/example_dags/example_skip_dag.py
[2024-11-11T09:40:57.767+0000] {processor.py:925} INFO - DAG(s) 'example_skip_dag' retrieved from /home/airflow/.local/lib/python3.12/site-packages/airflow/example_dags/example_skip_dag.py
[2024-11-11T09:40:57.805+0000] {logging_mixin.py:190} INFO - [2024-11-11T09:40:57.805+0000] {dag.py:3239} INFO - Sync 1 DAGs
[2024-11-11T09:40:57.842+0000] {logging_mixin.py:190} INFO - [2024-11-11T09:40:57.842+0000] {dag.py:4180} INFO - Setting next_dagrun for example_skip_dag to 2024-11-10 00:00:00+00:00, run_after=2024-11-11 00:00:00+00:00
[2024-11-11T09:40:57.868+0000] {processor.py:208} INFO - Processing /home/airflow/.local/lib/python3.12/site-packages/airflow/example_dags/example_skip_dag.py took 0.130 seconds
[2024-11-11T09:41:28.558+0000] {processor.py:186} INFO - Started process (PID=1784) to work on /home/airflow/.local/lib/python3.12/site-packages/airflow/example_dags/example_skip_dag.py
[2024-11-11T09:41:28.559+0000] {processor.py:914} INFO - Processing file /home/airflow/.local/lib/python3.12/site-packages/airflow/example_dags/example_skip_dag.py for tasks to queue
[2024-11-11T09:41:28.564+0000] {logging_mixin.py:190} INFO - [2024-11-11T09:41:28.563+0000] {dagbag.py:588} INFO - Filling up the DagBag from /home/airflow/.local/lib/python3.12/site-packages/airflow/example_dags/example_skip_dag.py
[2024-11-11T09:41:28.577+0000] {processor.py:925} INFO - DAG(s) 'example_skip_dag' retrieved from /home/airflow/.local/lib/python3.12/site-packages/airflow/example_dags/example_skip_dag.py
[2024-11-11T09:41:28.612+0000] {logging_mixin.py:190} INFO - [2024-11-11T09:41:28.612+0000] {dag.py:3239} INFO - Sync 1 DAGs
[2024-11-11T09:41:28.647+0000] {logging_mixin.py:190} INFO - [2024-11-11T09:41:28.647+0000] {dag.py:4180} INFO - Setting next_dagrun for example_skip_dag to 2024-11-10 00:00:00+00:00, run_after=2024-11-11 00:00:00+00:00
[2024-11-11T09:41:28.672+0000] {processor.py:208} INFO - Processing /home/airflow/.local/lib/python3.12/site-packages/airflow/example_dags/example_skip_dag.py took 0.125 seconds
[2024-11-11T09:42:03.451+0000] {processor.py:186} INFO - Started process (PID=1857) to work on /home/airflow/.local/lib/python3.12/site-packages/airflow/example_dags/example_skip_dag.py
[2024-11-11T09:42:03.452+0000] {processor.py:914} INFO - Processing file /home/airflow/.local/lib/python3.12/site-packages/airflow/example_dags/example_skip_dag.py for tasks to queue
[2024-11-11T09:42:03.455+0000] {logging_mixin.py:190} INFO - [2024-11-11T09:42:03.455+0000] {dagbag.py:588} INFO - Filling up the DagBag from /home/airflow/.local/lib/python3.12/site-packages/airflow/example_dags/example_skip_dag.py
[2024-11-11T09:42:03.466+0000] {processor.py:925} INFO - DAG(s) 'example_skip_dag' retrieved from /home/airflow/.local/lib/python3.12/site-packages/airflow/example_dags/example_skip_dag.py
[2024-11-11T09:42:03.494+0000] {logging_mixin.py:190} INFO - [2024-11-11T09:42:03.494+0000] {dag.py:3239} INFO - Sync 1 DAGs
[2024-11-11T09:42:03.523+0000] {logging_mixin.py:190} INFO - [2024-11-11T09:42:03.523+0000] {dag.py:4180} INFO - Setting next_dagrun for example_skip_dag to 2024-11-10 00:00:00+00:00, run_after=2024-11-11 00:00:00+00:00
[2024-11-11T09:42:03.545+0000] {processor.py:208} INFO - Processing /home/airflow/.local/lib/python3.12/site-packages/airflow/example_dags/example_skip_dag.py took 0.102 seconds
[2024-11-11T09:42:34.620+0000] {processor.py:186} INFO - Started process (PID=1921) to work on /home/airflow/.local/lib/python3.12/site-packages/airflow/example_dags/example_skip_dag.py
[2024-11-11T09:42:34.622+0000] {processor.py:914} INFO - Processing file /home/airflow/.local/lib/python3.12/site-packages/airflow/example_dags/example_skip_dag.py for tasks to queue
[2024-11-11T09:42:34.626+0000] {logging_mixin.py:190} INFO - [2024-11-11T09:42:34.625+0000] {dagbag.py:588} INFO - Filling up the DagBag from /home/airflow/.local/lib/python3.12/site-packages/airflow/example_dags/example_skip_dag.py
[2024-11-11T09:42:34.643+0000] {processor.py:925} INFO - DAG(s) 'example_skip_dag' retrieved from /home/airflow/.local/lib/python3.12/site-packages/airflow/example_dags/example_skip_dag.py
[2024-11-11T09:42:34.676+0000] {logging_mixin.py:190} INFO - [2024-11-11T09:42:34.675+0000] {dag.py:3239} INFO - Sync 1 DAGs
[2024-11-11T09:42:34.711+0000] {logging_mixin.py:190} INFO - [2024-11-11T09:42:34.710+0000] {dag.py:4180} INFO - Setting next_dagrun for example_skip_dag to 2024-11-10 00:00:00+00:00, run_after=2024-11-11 00:00:00+00:00
[2024-11-11T09:42:34.739+0000] {processor.py:208} INFO - Processing /home/airflow/.local/lib/python3.12/site-packages/airflow/example_dags/example_skip_dag.py took 0.129 seconds
[2024-11-11T09:43:06.977+0000] {processor.py:186} INFO - Started process (PID=1985) to work on /home/airflow/.local/lib/python3.12/site-packages/airflow/example_dags/example_skip_dag.py
[2024-11-11T09:43:06.978+0000] {processor.py:914} INFO - Processing file /home/airflow/.local/lib/python3.12/site-packages/airflow/example_dags/example_skip_dag.py for tasks to queue
[2024-11-11T09:43:06.983+0000] {logging_mixin.py:190} INFO - [2024-11-11T09:43:06.982+0000] {dagbag.py:588} INFO - Filling up the DagBag from /home/airflow/.local/lib/python3.12/site-packages/airflow/example_dags/example_skip_dag.py
[2024-11-11T09:43:06.999+0000] {processor.py:925} INFO - DAG(s) 'example_skip_dag' retrieved from /home/airflow/.local/lib/python3.12/site-packages/airflow/example_dags/example_skip_dag.py
[2024-11-11T09:43:07.034+0000] {logging_mixin.py:190} INFO - [2024-11-11T09:43:07.033+0000] {dag.py:3239} INFO - Sync 1 DAGs
[2024-11-11T09:43:07.073+0000] {logging_mixin.py:190} INFO - [2024-11-11T09:43:07.072+0000] {dag.py:4180} INFO - Setting next_dagrun for example_skip_dag to 2024-11-10 00:00:00+00:00, run_after=2024-11-11 00:00:00+00:00
[2024-11-11T09:43:07.104+0000] {processor.py:208} INFO - Processing /home/airflow/.local/lib/python3.12/site-packages/airflow/example_dags/example_skip_dag.py took 0.137 seconds
[2024-11-11T09:43:37.595+0000] {processor.py:186} INFO - Started process (PID=2049) to work on /home/airflow/.local/lib/python3.12/site-packages/airflow/example_dags/example_skip_dag.py
[2024-11-11T09:43:37.596+0000] {processor.py:914} INFO - Processing file /home/airflow/.local/lib/python3.12/site-packages/airflow/example_dags/example_skip_dag.py for tasks to queue
[2024-11-11T09:43:37.600+0000] {logging_mixin.py:190} INFO - [2024-11-11T09:43:37.599+0000] {dagbag.py:588} INFO - Filling up the DagBag from /home/airflow/.local/lib/python3.12/site-packages/airflow/example_dags/example_skip_dag.py
[2024-11-11T09:43:37.613+0000] {processor.py:925} INFO - DAG(s) 'example_skip_dag' retrieved from /home/airflow/.local/lib/python3.12/site-packages/airflow/example_dags/example_skip_dag.py
[2024-11-11T09:43:37.648+0000] {logging_mixin.py:190} INFO - [2024-11-11T09:43:37.648+0000] {dag.py:3239} INFO - Sync 1 DAGs
[2024-11-11T09:43:37.681+0000] {logging_mixin.py:190} INFO - [2024-11-11T09:43:37.681+0000] {dag.py:4180} INFO - Setting next_dagrun for example_skip_dag to 2024-11-10 00:00:00+00:00, run_after=2024-11-11 00:00:00+00:00
[2024-11-11T09:43:37.706+0000] {processor.py:208} INFO - Processing /home/airflow/.local/lib/python3.12/site-packages/airflow/example_dags/example_skip_dag.py took 0.121 seconds
[2024-11-11T09:44:08.717+0000] {processor.py:186} INFO - Started process (PID=2118) to work on /home/airflow/.local/lib/python3.12/site-packages/airflow/example_dags/example_skip_dag.py
[2024-11-11T09:44:08.719+0000] {processor.py:914} INFO - Processing file /home/airflow/.local/lib/python3.12/site-packages/airflow/example_dags/example_skip_dag.py for tasks to queue
[2024-11-11T09:44:08.724+0000] {logging_mixin.py:190} INFO - [2024-11-11T09:44:08.723+0000] {dagbag.py:588} INFO - Filling up the DagBag from /home/airflow/.local/lib/python3.12/site-packages/airflow/example_dags/example_skip_dag.py
[2024-11-11T09:44:08.738+0000] {processor.py:925} INFO - DAG(s) 'example_skip_dag' retrieved from /home/airflow/.local/lib/python3.12/site-packages/airflow/example_dags/example_skip_dag.py
[2024-11-11T09:44:08.772+0000] {logging_mixin.py:190} INFO - [2024-11-11T09:44:08.772+0000] {dag.py:3239} INFO - Sync 1 DAGs
[2024-11-11T09:44:08.808+0000] {logging_mixin.py:190} INFO - [2024-11-11T09:44:08.808+0000] {dag.py:4180} INFO - Setting next_dagrun for example_skip_dag to 2024-11-10 00:00:00+00:00, run_after=2024-11-11 00:00:00+00:00
[2024-11-11T09:44:08.834+0000] {processor.py:208} INFO - Processing /home/airflow/.local/lib/python3.12/site-packages/airflow/example_dags/example_skip_dag.py took 0.126 seconds
[2024-11-11T09:44:40.245+0000] {processor.py:186} INFO - Started process (PID=2182) to work on /home/airflow/.local/lib/python3.12/site-packages/airflow/example_dags/example_skip_dag.py
[2024-11-11T09:44:40.246+0000] {processor.py:914} INFO - Processing file /home/airflow/.local/lib/python3.12/site-packages/airflow/example_dags/example_skip_dag.py for tasks to queue
[2024-11-11T09:44:40.251+0000] {logging_mixin.py:190} INFO - [2024-11-11T09:44:40.250+0000] {dagbag.py:588} INFO - Filling up the DagBag from /home/airflow/.local/lib/python3.12/site-packages/airflow/example_dags/example_skip_dag.py
[2024-11-11T09:44:40.265+0000] {processor.py:925} INFO - DAG(s) 'example_skip_dag' retrieved from /home/airflow/.local/lib/python3.12/site-packages/airflow/example_dags/example_skip_dag.py
[2024-11-11T09:44:40.298+0000] {logging_mixin.py:190} INFO - [2024-11-11T09:44:40.298+0000] {dag.py:3239} INFO - Sync 1 DAGs
[2024-11-11T09:44:40.334+0000] {logging_mixin.py:190} INFO - [2024-11-11T09:44:40.333+0000] {dag.py:4180} INFO - Setting next_dagrun for example_skip_dag to 2024-11-10 00:00:00+00:00, run_after=2024-11-11 00:00:00+00:00
[2024-11-11T09:44:40.359+0000] {processor.py:208} INFO - Processing /home/airflow/.local/lib/python3.12/site-packages/airflow/example_dags/example_skip_dag.py took 0.124 seconds
[2024-11-11T09:45:12.075+0000] {processor.py:186} INFO - Started process (PID=2246) to work on /home/airflow/.local/lib/python3.12/site-packages/airflow/example_dags/example_skip_dag.py
[2024-11-11T09:45:12.076+0000] {processor.py:914} INFO - Processing file /home/airflow/.local/lib/python3.12/site-packages/airflow/example_dags/example_skip_dag.py for tasks to queue
[2024-11-11T09:45:12.081+0000] {logging_mixin.py:190} INFO - [2024-11-11T09:45:12.081+0000] {dagbag.py:588} INFO - Filling up the DagBag from /home/airflow/.local/lib/python3.12/site-packages/airflow/example_dags/example_skip_dag.py
[2024-11-11T09:45:12.099+0000] {processor.py:925} INFO - DAG(s) 'example_skip_dag' retrieved from /home/airflow/.local/lib/python3.12/site-packages/airflow/example_dags/example_skip_dag.py
[2024-11-11T09:45:12.134+0000] {logging_mixin.py:190} INFO - [2024-11-11T09:45:12.134+0000] {dag.py:3239} INFO - Sync 1 DAGs
[2024-11-11T09:45:12.172+0000] {logging_mixin.py:190} INFO - [2024-11-11T09:45:12.172+0000] {dag.py:4180} INFO - Setting next_dagrun for example_skip_dag to 2024-11-10 00:00:00+00:00, run_after=2024-11-11 00:00:00+00:00
[2024-11-11T09:45:12.199+0000] {processor.py:208} INFO - Processing /home/airflow/.local/lib/python3.12/site-packages/airflow/example_dags/example_skip_dag.py took 0.138 seconds
[2024-11-11T09:45:43.690+0000] {processor.py:186} INFO - Started process (PID=2310) to work on /home/airflow/.local/lib/python3.12/site-packages/airflow/example_dags/example_skip_dag.py
[2024-11-11T09:45:43.691+0000] {processor.py:914} INFO - Processing file /home/airflow/.local/lib/python3.12/site-packages/airflow/example_dags/example_skip_dag.py for tasks to queue
[2024-11-11T09:45:43.696+0000] {logging_mixin.py:190} INFO - [2024-11-11T09:45:43.695+0000] {dagbag.py:588} INFO - Filling up the DagBag from /home/airflow/.local/lib/python3.12/site-packages/airflow/example_dags/example_skip_dag.py
[2024-11-11T09:45:43.710+0000] {processor.py:925} INFO - DAG(s) 'example_skip_dag' retrieved from /home/airflow/.local/lib/python3.12/site-packages/airflow/example_dags/example_skip_dag.py
[2024-11-11T09:45:43.748+0000] {logging_mixin.py:190} INFO - [2024-11-11T09:45:43.748+0000] {dag.py:3239} INFO - Sync 1 DAGs
[2024-11-11T09:45:43.790+0000] {logging_mixin.py:190} INFO - [2024-11-11T09:45:43.790+0000] {dag.py:4180} INFO - Setting next_dagrun for example_skip_dag to 2024-11-10 00:00:00+00:00, run_after=2024-11-11 00:00:00+00:00
[2024-11-11T09:45:43.823+0000] {processor.py:208} INFO - Processing /home/airflow/.local/lib/python3.12/site-packages/airflow/example_dags/example_skip_dag.py took 0.143 seconds
[2024-11-11T09:46:16.144+0000] {processor.py:186} INFO - Started process (PID=2375) to work on /home/airflow/.local/lib/python3.12/site-packages/airflow/example_dags/example_skip_dag.py
[2024-11-11T09:46:16.145+0000] {processor.py:914} INFO - Processing file /home/airflow/.local/lib/python3.12/site-packages/airflow/example_dags/example_skip_dag.py for tasks to queue
[2024-11-11T09:46:16.151+0000] {logging_mixin.py:190} INFO - [2024-11-11T09:46:16.150+0000] {dagbag.py:588} INFO - Filling up the DagBag from /home/airflow/.local/lib/python3.12/site-packages/airflow/example_dags/example_skip_dag.py
[2024-11-11T09:46:16.164+0000] {processor.py:925} INFO - DAG(s) 'example_skip_dag' retrieved from /home/airflow/.local/lib/python3.12/site-packages/airflow/example_dags/example_skip_dag.py
[2024-11-11T09:46:16.200+0000] {logging_mixin.py:190} INFO - [2024-11-11T09:46:16.199+0000] {dag.py:3239} INFO - Sync 1 DAGs
[2024-11-11T09:46:16.237+0000] {logging_mixin.py:190} INFO - [2024-11-11T09:46:16.237+0000] {dag.py:4180} INFO - Setting next_dagrun for example_skip_dag to 2024-11-10 00:00:00+00:00, run_after=2024-11-11 00:00:00+00:00
[2024-11-11T09:46:16.266+0000] {processor.py:208} INFO - Processing /home/airflow/.local/lib/python3.12/site-packages/airflow/example_dags/example_skip_dag.py took 0.131 seconds
[2024-11-11T09:46:48.342+0000] {processor.py:186} INFO - Started process (PID=2439) to work on /home/airflow/.local/lib/python3.12/site-packages/airflow/example_dags/example_skip_dag.py
[2024-11-11T09:46:48.343+0000] {processor.py:914} INFO - Processing file /home/airflow/.local/lib/python3.12/site-packages/airflow/example_dags/example_skip_dag.py for tasks to queue
[2024-11-11T09:46:48.347+0000] {logging_mixin.py:190} INFO - [2024-11-11T09:46:48.347+0000] {dagbag.py:588} INFO - Filling up the DagBag from /home/airflow/.local/lib/python3.12/site-packages/airflow/example_dags/example_skip_dag.py
[2024-11-11T09:46:48.362+0000] {processor.py:925} INFO - DAG(s) 'example_skip_dag' retrieved from /home/airflow/.local/lib/python3.12/site-packages/airflow/example_dags/example_skip_dag.py
[2024-11-11T09:46:48.397+0000] {logging_mixin.py:190} INFO - [2024-11-11T09:46:48.396+0000] {dag.py:3239} INFO - Sync 1 DAGs
[2024-11-11T09:46:48.432+0000] {logging_mixin.py:190} INFO - [2024-11-11T09:46:48.432+0000] {dag.py:4180} INFO - Setting next_dagrun for example_skip_dag to 2024-11-10 00:00:00+00:00, run_after=2024-11-11 00:00:00+00:00
[2024-11-11T09:46:48.459+0000] {processor.py:208} INFO - Processing /home/airflow/.local/lib/python3.12/site-packages/airflow/example_dags/example_skip_dag.py took 0.128 seconds
[2024-11-11T09:47:19.770+0000] {processor.py:186} INFO - Started process (PID=2503) to work on /home/airflow/.local/lib/python3.12/site-packages/airflow/example_dags/example_skip_dag.py
[2024-11-11T09:47:19.771+0000] {processor.py:914} INFO - Processing file /home/airflow/.local/lib/python3.12/site-packages/airflow/example_dags/example_skip_dag.py for tasks to queue
[2024-11-11T09:47:19.776+0000] {logging_mixin.py:190} INFO - [2024-11-11T09:47:19.775+0000] {dagbag.py:588} INFO - Filling up the DagBag from /home/airflow/.local/lib/python3.12/site-packages/airflow/example_dags/example_skip_dag.py
[2024-11-11T09:47:19.790+0000] {processor.py:925} INFO - DAG(s) 'example_skip_dag' retrieved from /home/airflow/.local/lib/python3.12/site-packages/airflow/example_dags/example_skip_dag.py
[2024-11-11T09:47:19.825+0000] {logging_mixin.py:190} INFO - [2024-11-11T09:47:19.824+0000] {dag.py:3239} INFO - Sync 1 DAGs
[2024-11-11T09:47:19.862+0000] {logging_mixin.py:190} INFO - [2024-11-11T09:47:19.862+0000] {dag.py:4180} INFO - Setting next_dagrun for example_skip_dag to 2024-11-10 00:00:00+00:00, run_after=2024-11-11 00:00:00+00:00
[2024-11-11T09:47:19.889+0000] {processor.py:208} INFO - Processing /home/airflow/.local/lib/python3.12/site-packages/airflow/example_dags/example_skip_dag.py took 0.129 seconds
[2024-11-11T09:47:51.996+0000] {processor.py:186} INFO - Started process (PID=2567) to work on /home/airflow/.local/lib/python3.12/site-packages/airflow/example_dags/example_skip_dag.py
[2024-11-11T09:47:51.997+0000] {processor.py:914} INFO - Processing file /home/airflow/.local/lib/python3.12/site-packages/airflow/example_dags/example_skip_dag.py for tasks to queue
[2024-11-11T09:47:52.001+0000] {logging_mixin.py:190} INFO - [2024-11-11T09:47:52.000+0000] {dagbag.py:588} INFO - Filling up the DagBag from /home/airflow/.local/lib/python3.12/site-packages/airflow/example_dags/example_skip_dag.py
[2024-11-11T09:47:52.014+0000] {processor.py:925} INFO - DAG(s) 'example_skip_dag' retrieved from /home/airflow/.local/lib/python3.12/site-packages/airflow/example_dags/example_skip_dag.py
[2024-11-11T09:47:52.054+0000] {logging_mixin.py:190} INFO - [2024-11-11T09:47:52.053+0000] {dag.py:3239} INFO - Sync 1 DAGs
[2024-11-11T09:47:52.098+0000] {logging_mixin.py:190} INFO - [2024-11-11T09:47:52.098+0000] {dag.py:4180} INFO - Setting next_dagrun for example_skip_dag to 2024-11-10 00:00:00+00:00, run_after=2024-11-11 00:00:00+00:00
[2024-11-11T09:47:52.129+0000] {processor.py:208} INFO - Processing /home/airflow/.local/lib/python3.12/site-packages/airflow/example_dags/example_skip_dag.py took 0.143 seconds
[2024-11-11T09:48:24.806+0000] {processor.py:186} INFO - Started process (PID=2631) to work on /home/airflow/.local/lib/python3.12/site-packages/airflow/example_dags/example_skip_dag.py
[2024-11-11T09:48:24.807+0000] {processor.py:914} INFO - Processing file /home/airflow/.local/lib/python3.12/site-packages/airflow/example_dags/example_skip_dag.py for tasks to queue
[2024-11-11T09:48:24.811+0000] {logging_mixin.py:190} INFO - [2024-11-11T09:48:24.811+0000] {dagbag.py:588} INFO - Filling up the DagBag from /home/airflow/.local/lib/python3.12/site-packages/airflow/example_dags/example_skip_dag.py
[2024-11-11T09:48:24.825+0000] {processor.py:925} INFO - DAG(s) 'example_skip_dag' retrieved from /home/airflow/.local/lib/python3.12/site-packages/airflow/example_dags/example_skip_dag.py
[2024-11-11T09:48:24.866+0000] {logging_mixin.py:190} INFO - [2024-11-11T09:48:24.865+0000] {dag.py:3239} INFO - Sync 1 DAGs
[2024-11-11T09:48:24.905+0000] {logging_mixin.py:190} INFO - [2024-11-11T09:48:24.905+0000] {dag.py:4180} INFO - Setting next_dagrun for example_skip_dag to 2024-11-10 00:00:00+00:00, run_after=2024-11-11 00:00:00+00:00
[2024-11-11T09:48:24.933+0000] {processor.py:208} INFO - Processing /home/airflow/.local/lib/python3.12/site-packages/airflow/example_dags/example_skip_dag.py took 0.137 seconds
[2024-11-11T09:48:56.953+0000] {processor.py:186} INFO - Started process (PID=2695) to work on /home/airflow/.local/lib/python3.12/site-packages/airflow/example_dags/example_skip_dag.py
[2024-11-11T09:48:56.954+0000] {processor.py:914} INFO - Processing file /home/airflow/.local/lib/python3.12/site-packages/airflow/example_dags/example_skip_dag.py for tasks to queue
[2024-11-11T09:48:56.960+0000] {logging_mixin.py:190} INFO - [2024-11-11T09:48:56.959+0000] {dagbag.py:588} INFO - Filling up the DagBag from /home/airflow/.local/lib/python3.12/site-packages/airflow/example_dags/example_skip_dag.py
[2024-11-11T09:48:56.978+0000] {processor.py:925} INFO - DAG(s) 'example_skip_dag' retrieved from /home/airflow/.local/lib/python3.12/site-packages/airflow/example_dags/example_skip_dag.py
[2024-11-11T09:48:57.021+0000] {logging_mixin.py:190} INFO - [2024-11-11T09:48:57.021+0000] {dag.py:3239} INFO - Sync 1 DAGs
[2024-11-11T09:48:57.058+0000] {logging_mixin.py:190} INFO - [2024-11-11T09:48:57.058+0000] {dag.py:4180} INFO - Setting next_dagrun for example_skip_dag to 2024-11-10 00:00:00+00:00, run_after=2024-11-11 00:00:00+00:00
[2024-11-11T09:48:57.086+0000] {processor.py:208} INFO - Processing /home/airflow/.local/lib/python3.12/site-packages/airflow/example_dags/example_skip_dag.py took 0.146 seconds
[2024-11-11T09:49:28.258+0000] {processor.py:186} INFO - Started process (PID=2758) to work on /home/airflow/.local/lib/python3.12/site-packages/airflow/example_dags/example_skip_dag.py
[2024-11-11T09:49:28.259+0000] {processor.py:914} INFO - Processing file /home/airflow/.local/lib/python3.12/site-packages/airflow/example_dags/example_skip_dag.py for tasks to queue
[2024-11-11T09:49:28.264+0000] {logging_mixin.py:190} INFO - [2024-11-11T09:49:28.263+0000] {dagbag.py:588} INFO - Filling up the DagBag from /home/airflow/.local/lib/python3.12/site-packages/airflow/example_dags/example_skip_dag.py
[2024-11-11T09:49:28.279+0000] {processor.py:925} INFO - DAG(s) 'example_skip_dag' retrieved from /home/airflow/.local/lib/python3.12/site-packages/airflow/example_dags/example_skip_dag.py
[2024-11-11T09:49:28.312+0000] {logging_mixin.py:190} INFO - [2024-11-11T09:49:28.312+0000] {dag.py:3239} INFO - Sync 1 DAGs
[2024-11-11T09:49:28.350+0000] {logging_mixin.py:190} INFO - [2024-11-11T09:49:28.350+0000] {dag.py:4180} INFO - Setting next_dagrun for example_skip_dag to 2024-11-10 00:00:00+00:00, run_after=2024-11-11 00:00:00+00:00
[2024-11-11T09:49:28.382+0000] {processor.py:208} INFO - Processing /home/airflow/.local/lib/python3.12/site-packages/airflow/example_dags/example_skip_dag.py took 0.135 seconds
[2024-11-11T09:49:59.665+0000] {processor.py:186} INFO - Started process (PID=2822) to work on /home/airflow/.local/lib/python3.12/site-packages/airflow/example_dags/example_skip_dag.py
[2024-11-11T09:49:59.666+0000] {processor.py:914} INFO - Processing file /home/airflow/.local/lib/python3.12/site-packages/airflow/example_dags/example_skip_dag.py for tasks to queue
[2024-11-11T09:49:59.671+0000] {logging_mixin.py:190} INFO - [2024-11-11T09:49:59.670+0000] {dagbag.py:588} INFO - Filling up the DagBag from /home/airflow/.local/lib/python3.12/site-packages/airflow/example_dags/example_skip_dag.py
[2024-11-11T09:49:59.684+0000] {processor.py:925} INFO - DAG(s) 'example_skip_dag' retrieved from /home/airflow/.local/lib/python3.12/site-packages/airflow/example_dags/example_skip_dag.py
[2024-11-11T09:49:59.718+0000] {logging_mixin.py:190} INFO - [2024-11-11T09:49:59.718+0000] {dag.py:3239} INFO - Sync 1 DAGs
[2024-11-11T09:49:59.754+0000] {logging_mixin.py:190} INFO - [2024-11-11T09:49:59.753+0000] {dag.py:4180} INFO - Setting next_dagrun for example_skip_dag to 2024-11-10 00:00:00+00:00, run_after=2024-11-11 00:00:00+00:00
[2024-11-11T09:49:59.780+0000] {processor.py:208} INFO - Processing /home/airflow/.local/lib/python3.12/site-packages/airflow/example_dags/example_skip_dag.py took 0.124 seconds
[2024-11-11T09:50:32.369+0000] {processor.py:186} INFO - Started process (PID=2887) to work on /home/airflow/.local/lib/python3.12/site-packages/airflow/example_dags/example_skip_dag.py
[2024-11-11T09:50:32.370+0000] {processor.py:914} INFO - Processing file /home/airflow/.local/lib/python3.12/site-packages/airflow/example_dags/example_skip_dag.py for tasks to queue
[2024-11-11T09:50:32.374+0000] {logging_mixin.py:190} INFO - [2024-11-11T09:50:32.374+0000] {dagbag.py:588} INFO - Filling up the DagBag from /home/airflow/.local/lib/python3.12/site-packages/airflow/example_dags/example_skip_dag.py
[2024-11-11T09:50:32.388+0000] {processor.py:925} INFO - DAG(s) 'example_skip_dag' retrieved from /home/airflow/.local/lib/python3.12/site-packages/airflow/example_dags/example_skip_dag.py
[2024-11-11T09:50:32.426+0000] {logging_mixin.py:190} INFO - [2024-11-11T09:50:32.426+0000] {dag.py:3239} INFO - Sync 1 DAGs
[2024-11-11T09:50:32.464+0000] {logging_mixin.py:190} INFO - [2024-11-11T09:50:32.464+0000] {dag.py:4180} INFO - Setting next_dagrun for example_skip_dag to 2024-11-10 00:00:00+00:00, run_after=2024-11-11 00:00:00+00:00
[2024-11-11T09:50:32.491+0000] {processor.py:208} INFO - Processing /home/airflow/.local/lib/python3.12/site-packages/airflow/example_dags/example_skip_dag.py took 0.132 seconds
[2024-11-11T09:51:03.428+0000] {processor.py:186} INFO - Started process (PID=2951) to work on /home/airflow/.local/lib/python3.12/site-packages/airflow/example_dags/example_skip_dag.py
[2024-11-11T09:51:03.429+0000] {processor.py:914} INFO - Processing file /home/airflow/.local/lib/python3.12/site-packages/airflow/example_dags/example_skip_dag.py for tasks to queue
[2024-11-11T09:51:03.433+0000] {logging_mixin.py:190} INFO - [2024-11-11T09:51:03.432+0000] {dagbag.py:588} INFO - Filling up the DagBag from /home/airflow/.local/lib/python3.12/site-packages/airflow/example_dags/example_skip_dag.py
[2024-11-11T09:51:03.447+0000] {processor.py:925} INFO - DAG(s) 'example_skip_dag' retrieved from /home/airflow/.local/lib/python3.12/site-packages/airflow/example_dags/example_skip_dag.py
[2024-11-11T09:51:03.484+0000] {logging_mixin.py:190} INFO - [2024-11-11T09:51:03.483+0000] {dag.py:3239} INFO - Sync 1 DAGs
[2024-11-11T09:51:03.521+0000] {logging_mixin.py:190} INFO - [2024-11-11T09:51:03.521+0000] {dag.py:4180} INFO - Setting next_dagrun for example_skip_dag to 2024-11-10 00:00:00+00:00, run_after=2024-11-11 00:00:00+00:00
[2024-11-11T09:51:03.549+0000] {processor.py:208} INFO - Processing /home/airflow/.local/lib/python3.12/site-packages/airflow/example_dags/example_skip_dag.py took 0.131 seconds
[2024-11-11T09:51:35.156+0000] {processor.py:186} INFO - Started process (PID=3015) to work on /home/airflow/.local/lib/python3.12/site-packages/airflow/example_dags/example_skip_dag.py
[2024-11-11T09:51:35.157+0000] {processor.py:914} INFO - Processing file /home/airflow/.local/lib/python3.12/site-packages/airflow/example_dags/example_skip_dag.py for tasks to queue
[2024-11-11T09:51:35.162+0000] {logging_mixin.py:190} INFO - [2024-11-11T09:51:35.161+0000] {dagbag.py:588} INFO - Filling up the DagBag from /home/airflow/.local/lib/python3.12/site-packages/airflow/example_dags/example_skip_dag.py
[2024-11-11T09:51:35.175+0000] {processor.py:925} INFO - DAG(s) 'example_skip_dag' retrieved from /home/airflow/.local/lib/python3.12/site-packages/airflow/example_dags/example_skip_dag.py
[2024-11-11T09:51:35.209+0000] {logging_mixin.py:190} INFO - [2024-11-11T09:51:35.209+0000] {dag.py:3239} INFO - Sync 1 DAGs
[2024-11-11T09:51:35.245+0000] {logging_mixin.py:190} INFO - [2024-11-11T09:51:35.244+0000] {dag.py:4180} INFO - Setting next_dagrun for example_skip_dag to 2024-11-10 00:00:00+00:00, run_after=2024-11-11 00:00:00+00:00
[2024-11-11T09:51:35.273+0000] {processor.py:208} INFO - Processing /home/airflow/.local/lib/python3.12/site-packages/airflow/example_dags/example_skip_dag.py took 0.127 seconds
[2024-11-11T09:52:07.857+0000] {processor.py:186} INFO - Started process (PID=3079) to work on /home/airflow/.local/lib/python3.12/site-packages/airflow/example_dags/example_skip_dag.py
[2024-11-11T09:52:07.858+0000] {processor.py:914} INFO - Processing file /home/airflow/.local/lib/python3.12/site-packages/airflow/example_dags/example_skip_dag.py for tasks to queue
[2024-11-11T09:52:07.862+0000] {logging_mixin.py:190} INFO - [2024-11-11T09:52:07.862+0000] {dagbag.py:588} INFO - Filling up the DagBag from /home/airflow/.local/lib/python3.12/site-packages/airflow/example_dags/example_skip_dag.py
[2024-11-11T09:52:07.876+0000] {processor.py:925} INFO - DAG(s) 'example_skip_dag' retrieved from /home/airflow/.local/lib/python3.12/site-packages/airflow/example_dags/example_skip_dag.py
[2024-11-11T09:52:07.913+0000] {logging_mixin.py:190} INFO - [2024-11-11T09:52:07.912+0000] {dag.py:3239} INFO - Sync 1 DAGs
[2024-11-11T09:52:07.947+0000] {logging_mixin.py:190} INFO - [2024-11-11T09:52:07.946+0000] {dag.py:4180} INFO - Setting next_dagrun for example_skip_dag to 2024-11-10 00:00:00+00:00, run_after=2024-11-11 00:00:00+00:00
[2024-11-11T09:52:07.973+0000] {processor.py:208} INFO - Processing /home/airflow/.local/lib/python3.12/site-packages/airflow/example_dags/example_skip_dag.py took 0.127 seconds
[2024-11-11T09:52:38.205+0000] {processor.py:186} INFO - Started process (PID=3141) to work on /home/airflow/.local/lib/python3.12/site-packages/airflow/example_dags/example_skip_dag.py
[2024-11-11T09:52:38.206+0000] {processor.py:914} INFO - Processing file /home/airflow/.local/lib/python3.12/site-packages/airflow/example_dags/example_skip_dag.py for tasks to queue
[2024-11-11T09:52:38.209+0000] {logging_mixin.py:190} INFO - [2024-11-11T09:52:38.209+0000] {dagbag.py:588} INFO - Filling up the DagBag from /home/airflow/.local/lib/python3.12/site-packages/airflow/example_dags/example_skip_dag.py
[2024-11-11T09:52:38.220+0000] {processor.py:925} INFO - DAG(s) 'example_skip_dag' retrieved from /home/airflow/.local/lib/python3.12/site-packages/airflow/example_dags/example_skip_dag.py
[2024-11-11T09:52:38.252+0000] {logging_mixin.py:190} INFO - [2024-11-11T09:52:38.252+0000] {dag.py:3239} INFO - Sync 1 DAGs
[2024-11-11T09:52:38.285+0000] {logging_mixin.py:190} INFO - [2024-11-11T09:52:38.285+0000] {dag.py:4180} INFO - Setting next_dagrun for example_skip_dag to 2024-11-10 00:00:00+00:00, run_after=2024-11-11 00:00:00+00:00
[2024-11-11T09:52:38.309+0000] {processor.py:208} INFO - Processing /home/airflow/.local/lib/python3.12/site-packages/airflow/example_dags/example_skip_dag.py took 0.112 seconds
[2024-11-11T09:53:10.322+0000] {processor.py:186} INFO - Started process (PID=3205) to work on /home/airflow/.local/lib/python3.12/site-packages/airflow/example_dags/example_skip_dag.py
[2024-11-11T09:53:10.323+0000] {processor.py:914} INFO - Processing file /home/airflow/.local/lib/python3.12/site-packages/airflow/example_dags/example_skip_dag.py for tasks to queue
[2024-11-11T09:53:10.327+0000] {logging_mixin.py:190} INFO - [2024-11-11T09:53:10.327+0000] {dagbag.py:588} INFO - Filling up the DagBag from /home/airflow/.local/lib/python3.12/site-packages/airflow/example_dags/example_skip_dag.py
[2024-11-11T09:53:10.340+0000] {processor.py:925} INFO - DAG(s) 'example_skip_dag' retrieved from /home/airflow/.local/lib/python3.12/site-packages/airflow/example_dags/example_skip_dag.py
[2024-11-11T09:53:10.374+0000] {logging_mixin.py:190} INFO - [2024-11-11T09:53:10.373+0000] {dag.py:3239} INFO - Sync 1 DAGs
[2024-11-11T09:53:10.413+0000] {logging_mixin.py:190} INFO - [2024-11-11T09:53:10.412+0000] {dag.py:4180} INFO - Setting next_dagrun for example_skip_dag to 2024-11-10 00:00:00+00:00, run_after=2024-11-11 00:00:00+00:00
[2024-11-11T09:53:10.447+0000] {processor.py:208} INFO - Processing /home/airflow/.local/lib/python3.12/site-packages/airflow/example_dags/example_skip_dag.py took 0.135 seconds
[2024-11-11T09:53:41.820+0000] {processor.py:186} INFO - Started process (PID=3277) to work on /home/airflow/.local/lib/python3.12/site-packages/airflow/example_dags/example_skip_dag.py
[2024-11-11T09:53:41.821+0000] {processor.py:914} INFO - Processing file /home/airflow/.local/lib/python3.12/site-packages/airflow/example_dags/example_skip_dag.py for tasks to queue
[2024-11-11T09:53:41.824+0000] {logging_mixin.py:190} INFO - [2024-11-11T09:53:41.824+0000] {dagbag.py:588} INFO - Filling up the DagBag from /home/airflow/.local/lib/python3.12/site-packages/airflow/example_dags/example_skip_dag.py
[2024-11-11T09:53:41.835+0000] {processor.py:925} INFO - DAG(s) 'example_skip_dag' retrieved from /home/airflow/.local/lib/python3.12/site-packages/airflow/example_dags/example_skip_dag.py
[2024-11-11T09:53:41.867+0000] {logging_mixin.py:190} INFO - [2024-11-11T09:53:41.867+0000] {dag.py:3239} INFO - Sync 1 DAGs
[2024-11-11T09:53:41.899+0000] {logging_mixin.py:190} INFO - [2024-11-11T09:53:41.899+0000] {dag.py:4180} INFO - Setting next_dagrun for example_skip_dag to 2024-11-10 00:00:00+00:00, run_after=2024-11-11 00:00:00+00:00
[2024-11-11T09:53:41.924+0000] {processor.py:208} INFO - Processing /home/airflow/.local/lib/python3.12/site-packages/airflow/example_dags/example_skip_dag.py took 0.112 seconds
[2024-11-11T09:54:13.407+0000] {processor.py:186} INFO - Started process (PID=3341) to work on /home/airflow/.local/lib/python3.12/site-packages/airflow/example_dags/example_skip_dag.py
[2024-11-11T09:54:13.408+0000] {processor.py:914} INFO - Processing file /home/airflow/.local/lib/python3.12/site-packages/airflow/example_dags/example_skip_dag.py for tasks to queue
[2024-11-11T09:54:13.412+0000] {logging_mixin.py:190} INFO - [2024-11-11T09:54:13.412+0000] {dagbag.py:588} INFO - Filling up the DagBag from /home/airflow/.local/lib/python3.12/site-packages/airflow/example_dags/example_skip_dag.py
[2024-11-11T09:54:13.426+0000] {processor.py:925} INFO - DAG(s) 'example_skip_dag' retrieved from /home/airflow/.local/lib/python3.12/site-packages/airflow/example_dags/example_skip_dag.py
[2024-11-11T09:54:13.467+0000] {logging_mixin.py:190} INFO - [2024-11-11T09:54:13.467+0000] {dag.py:3239} INFO - Sync 1 DAGs
[2024-11-11T09:54:13.515+0000] {logging_mixin.py:190} INFO - [2024-11-11T09:54:13.514+0000] {dag.py:4180} INFO - Setting next_dagrun for example_skip_dag to 2024-11-10 00:00:00+00:00, run_after=2024-11-11 00:00:00+00:00
[2024-11-11T09:54:13.545+0000] {processor.py:208} INFO - Processing /home/airflow/.local/lib/python3.12/site-packages/airflow/example_dags/example_skip_dag.py took 0.148 seconds
[2024-11-11T09:54:45.059+0000] {processor.py:186} INFO - Started process (PID=3406) to work on /home/airflow/.local/lib/python3.12/site-packages/airflow/example_dags/example_skip_dag.py
[2024-11-11T09:54:45.060+0000] {processor.py:914} INFO - Processing file /home/airflow/.local/lib/python3.12/site-packages/airflow/example_dags/example_skip_dag.py for tasks to queue
[2024-11-11T09:54:45.066+0000] {logging_mixin.py:190} INFO - [2024-11-11T09:54:45.065+0000] {dagbag.py:588} INFO - Filling up the DagBag from /home/airflow/.local/lib/python3.12/site-packages/airflow/example_dags/example_skip_dag.py
[2024-11-11T09:54:45.085+0000] {processor.py:925} INFO - DAG(s) 'example_skip_dag' retrieved from /home/airflow/.local/lib/python3.12/site-packages/airflow/example_dags/example_skip_dag.py
[2024-11-11T09:54:45.120+0000] {logging_mixin.py:190} INFO - [2024-11-11T09:54:45.120+0000] {dag.py:3239} INFO - Sync 1 DAGs
[2024-11-11T09:54:45.160+0000] {logging_mixin.py:190} INFO - [2024-11-11T09:54:45.160+0000] {dag.py:4180} INFO - Setting next_dagrun for example_skip_dag to 2024-11-10 00:00:00+00:00, run_after=2024-11-11 00:00:00+00:00
[2024-11-11T09:54:45.200+0000] {processor.py:208} INFO - Processing /home/airflow/.local/lib/python3.12/site-packages/airflow/example_dags/example_skip_dag.py took 0.156 seconds
[2024-11-11T09:55:17.406+0000] {processor.py:186} INFO - Started process (PID=3473) to work on /home/airflow/.local/lib/python3.12/site-packages/airflow/example_dags/example_skip_dag.py
[2024-11-11T09:55:17.408+0000] {processor.py:914} INFO - Processing file /home/airflow/.local/lib/python3.12/site-packages/airflow/example_dags/example_skip_dag.py for tasks to queue
[2024-11-11T09:55:17.416+0000] {logging_mixin.py:190} INFO - [2024-11-11T09:55:17.415+0000] {dagbag.py:588} INFO - Filling up the DagBag from /home/airflow/.local/lib/python3.12/site-packages/airflow/example_dags/example_skip_dag.py
[2024-11-11T09:55:17.437+0000] {processor.py:925} INFO - DAG(s) 'example_skip_dag' retrieved from /home/airflow/.local/lib/python3.12/site-packages/airflow/example_dags/example_skip_dag.py
[2024-11-11T09:55:17.475+0000] {logging_mixin.py:190} INFO - [2024-11-11T09:55:17.474+0000] {dag.py:3239} INFO - Sync 1 DAGs
[2024-11-11T09:55:17.518+0000] {logging_mixin.py:190} INFO - [2024-11-11T09:55:17.517+0000] {dag.py:4180} INFO - Setting next_dagrun for example_skip_dag to 2024-11-10 00:00:00+00:00, run_after=2024-11-11 00:00:00+00:00
[2024-11-11T09:55:17.544+0000] {processor.py:208} INFO - Processing /home/airflow/.local/lib/python3.12/site-packages/airflow/example_dags/example_skip_dag.py took 0.148 seconds
[2024-11-11T09:55:47.904+0000] {processor.py:186} INFO - Started process (PID=3537) to work on /home/airflow/.local/lib/python3.12/site-packages/airflow/example_dags/example_skip_dag.py
[2024-11-11T09:55:47.905+0000] {processor.py:914} INFO - Processing file /home/airflow/.local/lib/python3.12/site-packages/airflow/example_dags/example_skip_dag.py for tasks to queue
[2024-11-11T09:55:47.909+0000] {logging_mixin.py:190} INFO - [2024-11-11T09:55:47.908+0000] {dagbag.py:588} INFO - Filling up the DagBag from /home/airflow/.local/lib/python3.12/site-packages/airflow/example_dags/example_skip_dag.py
[2024-11-11T09:55:47.922+0000] {processor.py:925} INFO - DAG(s) 'example_skip_dag' retrieved from /home/airflow/.local/lib/python3.12/site-packages/airflow/example_dags/example_skip_dag.py
[2024-11-11T09:55:47.956+0000] {logging_mixin.py:190} INFO - [2024-11-11T09:55:47.956+0000] {dag.py:3239} INFO - Sync 1 DAGs
[2024-11-11T09:55:47.992+0000] {logging_mixin.py:190} INFO - [2024-11-11T09:55:47.992+0000] {dag.py:4180} INFO - Setting next_dagrun for example_skip_dag to 2024-11-10 00:00:00+00:00, run_after=2024-11-11 00:00:00+00:00
[2024-11-11T09:55:48.022+0000] {processor.py:208} INFO - Processing /home/airflow/.local/lib/python3.12/site-packages/airflow/example_dags/example_skip_dag.py took 0.128 seconds
[2024-11-11T09:56:19.040+0000] {processor.py:186} INFO - Started process (PID=3600) to work on /home/airflow/.local/lib/python3.12/site-packages/airflow/example_dags/example_skip_dag.py
[2024-11-11T09:56:19.041+0000] {processor.py:914} INFO - Processing file /home/airflow/.local/lib/python3.12/site-packages/airflow/example_dags/example_skip_dag.py for tasks to queue
[2024-11-11T09:56:19.045+0000] {logging_mixin.py:190} INFO - [2024-11-11T09:56:19.044+0000] {dagbag.py:588} INFO - Filling up the DagBag from /home/airflow/.local/lib/python3.12/site-packages/airflow/example_dags/example_skip_dag.py
[2024-11-11T09:56:19.058+0000] {processor.py:925} INFO - DAG(s) 'example_skip_dag' retrieved from /home/airflow/.local/lib/python3.12/site-packages/airflow/example_dags/example_skip_dag.py
[2024-11-11T09:56:19.094+0000] {logging_mixin.py:190} INFO - [2024-11-11T09:56:19.094+0000] {dag.py:3239} INFO - Sync 1 DAGs
[2024-11-11T09:56:19.129+0000] {logging_mixin.py:190} INFO - [2024-11-11T09:56:19.129+0000] {dag.py:4180} INFO - Setting next_dagrun for example_skip_dag to 2024-11-10 00:00:00+00:00, run_after=2024-11-11 00:00:00+00:00
[2024-11-11T09:56:19.155+0000] {processor.py:208} INFO - Processing /home/airflow/.local/lib/python3.12/site-packages/airflow/example_dags/example_skip_dag.py took 0.126 seconds
[2024-11-11T09:56:50.262+0000] {processor.py:186} INFO - Started process (PID=3664) to work on /home/airflow/.local/lib/python3.12/site-packages/airflow/example_dags/example_skip_dag.py
[2024-11-11T09:56:50.263+0000] {processor.py:914} INFO - Processing file /home/airflow/.local/lib/python3.12/site-packages/airflow/example_dags/example_skip_dag.py for tasks to queue
[2024-11-11T09:56:50.267+0000] {logging_mixin.py:190} INFO - [2024-11-11T09:56:50.266+0000] {dagbag.py:588} INFO - Filling up the DagBag from /home/airflow/.local/lib/python3.12/site-packages/airflow/example_dags/example_skip_dag.py
[2024-11-11T09:56:50.281+0000] {processor.py:925} INFO - DAG(s) 'example_skip_dag' retrieved from /home/airflow/.local/lib/python3.12/site-packages/airflow/example_dags/example_skip_dag.py
[2024-11-11T09:56:50.312+0000] {logging_mixin.py:190} INFO - [2024-11-11T09:56:50.312+0000] {dag.py:3239} INFO - Sync 1 DAGs
[2024-11-11T09:56:50.347+0000] {logging_mixin.py:190} INFO - [2024-11-11T09:56:50.347+0000] {dag.py:4180} INFO - Setting next_dagrun for example_skip_dag to 2024-11-10 00:00:00+00:00, run_after=2024-11-11 00:00:00+00:00
[2024-11-11T09:56:50.371+0000] {processor.py:208} INFO - Processing /home/airflow/.local/lib/python3.12/site-packages/airflow/example_dags/example_skip_dag.py took 0.119 seconds
[2024-11-11T09:57:21.390+0000] {processor.py:186} INFO - Started process (PID=3730) to work on /home/airflow/.local/lib/python3.12/site-packages/airflow/example_dags/example_skip_dag.py
[2024-11-11T09:57:21.391+0000] {processor.py:914} INFO - Processing file /home/airflow/.local/lib/python3.12/site-packages/airflow/example_dags/example_skip_dag.py for tasks to queue
[2024-11-11T09:57:21.395+0000] {logging_mixin.py:190} INFO - [2024-11-11T09:57:21.394+0000] {dagbag.py:588} INFO - Filling up the DagBag from /home/airflow/.local/lib/python3.12/site-packages/airflow/example_dags/example_skip_dag.py
[2024-11-11T09:57:21.408+0000] {processor.py:925} INFO - DAG(s) 'example_skip_dag' retrieved from /home/airflow/.local/lib/python3.12/site-packages/airflow/example_dags/example_skip_dag.py
[2024-11-11T09:57:21.440+0000] {logging_mixin.py:190} INFO - [2024-11-11T09:57:21.439+0000] {dag.py:3239} INFO - Sync 1 DAGs
[2024-11-11T09:57:21.474+0000] {logging_mixin.py:190} INFO - [2024-11-11T09:57:21.473+0000] {dag.py:4180} INFO - Setting next_dagrun for example_skip_dag to 2024-11-10 00:00:00+00:00, run_after=2024-11-11 00:00:00+00:00
[2024-11-11T09:57:21.502+0000] {processor.py:208} INFO - Processing /home/airflow/.local/lib/python3.12/site-packages/airflow/example_dags/example_skip_dag.py took 0.121 seconds
[2024-11-11T09:57:53.292+0000] {processor.py:186} INFO - Started process (PID=3796) to work on /home/airflow/.local/lib/python3.12/site-packages/airflow/example_dags/example_skip_dag.py
[2024-11-11T09:57:53.293+0000] {processor.py:914} INFO - Processing file /home/airflow/.local/lib/python3.12/site-packages/airflow/example_dags/example_skip_dag.py for tasks to queue
[2024-11-11T09:57:53.297+0000] {logging_mixin.py:190} INFO - [2024-11-11T09:57:53.296+0000] {dagbag.py:588} INFO - Filling up the DagBag from /home/airflow/.local/lib/python3.12/site-packages/airflow/example_dags/example_skip_dag.py
[2024-11-11T09:57:53.310+0000] {processor.py:925} INFO - DAG(s) 'example_skip_dag' retrieved from /home/airflow/.local/lib/python3.12/site-packages/airflow/example_dags/example_skip_dag.py
[2024-11-11T09:57:53.346+0000] {logging_mixin.py:190} INFO - [2024-11-11T09:57:53.345+0000] {dag.py:3239} INFO - Sync 1 DAGs
[2024-11-11T09:57:53.381+0000] {logging_mixin.py:190} INFO - [2024-11-11T09:57:53.381+0000] {dag.py:4180} INFO - Setting next_dagrun for example_skip_dag to 2024-11-10 00:00:00+00:00, run_after=2024-11-11 00:00:00+00:00
[2024-11-11T09:57:53.407+0000] {processor.py:208} INFO - Processing /home/airflow/.local/lib/python3.12/site-packages/airflow/example_dags/example_skip_dag.py took 0.126 seconds
[2024-11-11T09:58:24.806+0000] {processor.py:186} INFO - Started process (PID=3861) to work on /home/airflow/.local/lib/python3.12/site-packages/airflow/example_dags/example_skip_dag.py
[2024-11-11T09:58:24.808+0000] {processor.py:914} INFO - Processing file /home/airflow/.local/lib/python3.12/site-packages/airflow/example_dags/example_skip_dag.py for tasks to queue
[2024-11-11T09:58:24.815+0000] {logging_mixin.py:190} INFO - [2024-11-11T09:58:24.814+0000] {dagbag.py:588} INFO - Filling up the DagBag from /home/airflow/.local/lib/python3.12/site-packages/airflow/example_dags/example_skip_dag.py
[2024-11-11T09:58:24.835+0000] {processor.py:925} INFO - DAG(s) 'example_skip_dag' retrieved from /home/airflow/.local/lib/python3.12/site-packages/airflow/example_dags/example_skip_dag.py
[2024-11-11T09:58:24.877+0000] {logging_mixin.py:190} INFO - [2024-11-11T09:58:24.877+0000] {dag.py:3239} INFO - Sync 1 DAGs
[2024-11-11T09:58:24.918+0000] {logging_mixin.py:190} INFO - [2024-11-11T09:58:24.917+0000] {dag.py:4180} INFO - Setting next_dagrun for example_skip_dag to 2024-11-10 00:00:00+00:00, run_after=2024-11-11 00:00:00+00:00
[2024-11-11T09:58:24.945+0000] {processor.py:208} INFO - Processing /home/airflow/.local/lib/python3.12/site-packages/airflow/example_dags/example_skip_dag.py took 0.154 seconds
[2024-11-11T09:58:57.533+0000] {processor.py:186} INFO - Started process (PID=3929) to work on /home/airflow/.local/lib/python3.12/site-packages/airflow/example_dags/example_skip_dag.py
[2024-11-11T09:58:57.534+0000] {processor.py:914} INFO - Processing file /home/airflow/.local/lib/python3.12/site-packages/airflow/example_dags/example_skip_dag.py for tasks to queue
[2024-11-11T09:58:57.538+0000] {logging_mixin.py:190} INFO - [2024-11-11T09:58:57.538+0000] {dagbag.py:588} INFO - Filling up the DagBag from /home/airflow/.local/lib/python3.12/site-packages/airflow/example_dags/example_skip_dag.py
[2024-11-11T09:58:57.552+0000] {processor.py:925} INFO - DAG(s) 'example_skip_dag' retrieved from /home/airflow/.local/lib/python3.12/site-packages/airflow/example_dags/example_skip_dag.py
[2024-11-11T09:58:57.593+0000] {logging_mixin.py:190} INFO - [2024-11-11T09:58:57.593+0000] {dag.py:3239} INFO - Sync 1 DAGs
[2024-11-11T09:58:57.630+0000] {logging_mixin.py:190} INFO - [2024-11-11T09:58:57.630+0000] {dag.py:4180} INFO - Setting next_dagrun for example_skip_dag to 2024-11-10 00:00:00+00:00, run_after=2024-11-11 00:00:00+00:00
[2024-11-11T09:58:57.656+0000] {processor.py:208} INFO - Processing /home/airflow/.local/lib/python3.12/site-packages/airflow/example_dags/example_skip_dag.py took 0.136 seconds
[2024-11-11T09:59:28.444+0000] {processor.py:186} INFO - Started process (PID=3993) to work on /home/airflow/.local/lib/python3.12/site-packages/airflow/example_dags/example_skip_dag.py
[2024-11-11T09:59:28.445+0000] {processor.py:914} INFO - Processing file /home/airflow/.local/lib/python3.12/site-packages/airflow/example_dags/example_skip_dag.py for tasks to queue
[2024-11-11T09:59:28.449+0000] {logging_mixin.py:190} INFO - [2024-11-11T09:59:28.448+0000] {dagbag.py:588} INFO - Filling up the DagBag from /home/airflow/.local/lib/python3.12/site-packages/airflow/example_dags/example_skip_dag.py
[2024-11-11T09:59:28.462+0000] {processor.py:925} INFO - DAG(s) 'example_skip_dag' retrieved from /home/airflow/.local/lib/python3.12/site-packages/airflow/example_dags/example_skip_dag.py
[2024-11-11T09:59:28.495+0000] {logging_mixin.py:190} INFO - [2024-11-11T09:59:28.495+0000] {dag.py:3239} INFO - Sync 1 DAGs
[2024-11-11T09:59:28.527+0000] {logging_mixin.py:190} INFO - [2024-11-11T09:59:28.527+0000] {dag.py:4180} INFO - Setting next_dagrun for example_skip_dag to 2024-11-10 00:00:00+00:00, run_after=2024-11-11 00:00:00+00:00
[2024-11-11T09:59:28.553+0000] {processor.py:208} INFO - Processing /home/airflow/.local/lib/python3.12/site-packages/airflow/example_dags/example_skip_dag.py took 0.119 seconds
[2024-11-11T09:59:59.912+0000] {processor.py:186} INFO - Started process (PID=4061) to work on /home/airflow/.local/lib/python3.12/site-packages/airflow/example_dags/example_skip_dag.py
[2024-11-11T09:59:59.914+0000] {processor.py:914} INFO - Processing file /home/airflow/.local/lib/python3.12/site-packages/airflow/example_dags/example_skip_dag.py for tasks to queue
[2024-11-11T09:59:59.918+0000] {logging_mixin.py:190} INFO - [2024-11-11T09:59:59.917+0000] {dagbag.py:588} INFO - Filling up the DagBag from /home/airflow/.local/lib/python3.12/site-packages/airflow/example_dags/example_skip_dag.py
[2024-11-11T09:59:59.931+0000] {processor.py:925} INFO - DAG(s) 'example_skip_dag' retrieved from /home/airflow/.local/lib/python3.12/site-packages/airflow/example_dags/example_skip_dag.py
[2024-11-11T09:59:59.964+0000] {logging_mixin.py:190} INFO - [2024-11-11T09:59:59.963+0000] {dag.py:3239} INFO - Sync 1 DAGs
[2024-11-11T10:00:00.000+0000] {logging_mixin.py:190} INFO - [2024-11-11T10:00:00.000+0000] {dag.py:4180} INFO - Setting next_dagrun for example_skip_dag to 2024-11-10 00:00:00+00:00, run_after=2024-11-11 00:00:00+00:00
[2024-11-11T10:00:00.027+0000] {processor.py:208} INFO - Processing /home/airflow/.local/lib/python3.12/site-packages/airflow/example_dags/example_skip_dag.py took 0.124 seconds
[2024-11-11T10:00:31.697+0000] {processor.py:186} INFO - Started process (PID=4124) to work on /home/airflow/.local/lib/python3.12/site-packages/airflow/example_dags/example_skip_dag.py
[2024-11-11T10:00:31.698+0000] {processor.py:914} INFO - Processing file /home/airflow/.local/lib/python3.12/site-packages/airflow/example_dags/example_skip_dag.py for tasks to queue
[2024-11-11T10:00:31.702+0000] {logging_mixin.py:190} INFO - [2024-11-11T10:00:31.702+0000] {dagbag.py:588} INFO - Filling up the DagBag from /home/airflow/.local/lib/python3.12/site-packages/airflow/example_dags/example_skip_dag.py
[2024-11-11T10:00:31.718+0000] {processor.py:925} INFO - DAG(s) 'example_skip_dag' retrieved from /home/airflow/.local/lib/python3.12/site-packages/airflow/example_dags/example_skip_dag.py
[2024-11-11T10:00:31.759+0000] {logging_mixin.py:190} INFO - [2024-11-11T10:00:31.759+0000] {dag.py:3239} INFO - Sync 1 DAGs
[2024-11-11T10:00:31.801+0000] {logging_mixin.py:190} INFO - [2024-11-11T10:00:31.801+0000] {dag.py:4180} INFO - Setting next_dagrun for example_skip_dag to 2024-11-10 00:00:00+00:00, run_after=2024-11-11 00:00:00+00:00
[2024-11-11T10:00:31.833+0000] {processor.py:208} INFO - Processing /home/airflow/.local/lib/python3.12/site-packages/airflow/example_dags/example_skip_dag.py took 0.145 seconds
[2024-11-11T10:01:02.953+0000] {processor.py:186} INFO - Started process (PID=4191) to work on /home/airflow/.local/lib/python3.12/site-packages/airflow/example_dags/example_skip_dag.py
[2024-11-11T10:01:02.954+0000] {processor.py:914} INFO - Processing file /home/airflow/.local/lib/python3.12/site-packages/airflow/example_dags/example_skip_dag.py for tasks to queue
[2024-11-11T10:01:02.959+0000] {logging_mixin.py:190} INFO - [2024-11-11T10:01:02.959+0000] {dagbag.py:588} INFO - Filling up the DagBag from /home/airflow/.local/lib/python3.12/site-packages/airflow/example_dags/example_skip_dag.py
[2024-11-11T10:01:02.978+0000] {processor.py:925} INFO - DAG(s) 'example_skip_dag' retrieved from /home/airflow/.local/lib/python3.12/site-packages/airflow/example_dags/example_skip_dag.py
[2024-11-11T10:01:03.020+0000] {logging_mixin.py:190} INFO - [2024-11-11T10:01:03.019+0000] {dag.py:3239} INFO - Sync 1 DAGs
[2024-11-11T10:01:03.069+0000] {logging_mixin.py:190} INFO - [2024-11-11T10:01:03.069+0000] {dag.py:4180} INFO - Setting next_dagrun for example_skip_dag to 2024-11-10 00:00:00+00:00, run_after=2024-11-11 00:00:00+00:00
[2024-11-11T10:01:03.106+0000] {processor.py:208} INFO - Processing /home/airflow/.local/lib/python3.12/site-packages/airflow/example_dags/example_skip_dag.py took 0.164 seconds
[2024-11-11T10:01:34.145+0000] {processor.py:186} INFO - Started process (PID=4258) to work on /home/airflow/.local/lib/python3.12/site-packages/airflow/example_dags/example_skip_dag.py
[2024-11-11T10:01:34.147+0000] {processor.py:914} INFO - Processing file /home/airflow/.local/lib/python3.12/site-packages/airflow/example_dags/example_skip_dag.py for tasks to queue
[2024-11-11T10:01:34.152+0000] {logging_mixin.py:190} INFO - [2024-11-11T10:01:34.151+0000] {dagbag.py:588} INFO - Filling up the DagBag from /home/airflow/.local/lib/python3.12/site-packages/airflow/example_dags/example_skip_dag.py
[2024-11-11T10:01:34.169+0000] {processor.py:925} INFO - DAG(s) 'example_skip_dag' retrieved from /home/airflow/.local/lib/python3.12/site-packages/airflow/example_dags/example_skip_dag.py
[2024-11-11T10:01:34.205+0000] {logging_mixin.py:190} INFO - [2024-11-11T10:01:34.205+0000] {dag.py:3239} INFO - Sync 1 DAGs
[2024-11-11T10:01:34.242+0000] {logging_mixin.py:190} INFO - [2024-11-11T10:01:34.241+0000] {dag.py:4180} INFO - Setting next_dagrun for example_skip_dag to 2024-11-10 00:00:00+00:00, run_after=2024-11-11 00:00:00+00:00
[2024-11-11T10:01:34.268+0000] {processor.py:208} INFO - Processing /home/airflow/.local/lib/python3.12/site-packages/airflow/example_dags/example_skip_dag.py took 0.136 seconds
[2024-11-11T10:02:04.666+0000] {processor.py:186} INFO - Started process (PID=4323) to work on /home/airflow/.local/lib/python3.12/site-packages/airflow/example_dags/example_skip_dag.py
[2024-11-11T10:02:04.667+0000] {processor.py:914} INFO - Processing file /home/airflow/.local/lib/python3.12/site-packages/airflow/example_dags/example_skip_dag.py for tasks to queue
[2024-11-11T10:02:04.672+0000] {logging_mixin.py:190} INFO - [2024-11-11T10:02:04.672+0000] {dagbag.py:588} INFO - Filling up the DagBag from /home/airflow/.local/lib/python3.12/site-packages/airflow/example_dags/example_skip_dag.py
[2024-11-11T10:02:04.688+0000] {processor.py:925} INFO - DAG(s) 'example_skip_dag' retrieved from /home/airflow/.local/lib/python3.12/site-packages/airflow/example_dags/example_skip_dag.py
[2024-11-11T10:02:04.721+0000] {logging_mixin.py:190} INFO - [2024-11-11T10:02:04.721+0000] {dag.py:3239} INFO - Sync 1 DAGs
[2024-11-11T10:02:04.758+0000] {logging_mixin.py:190} INFO - [2024-11-11T10:02:04.758+0000] {dag.py:4180} INFO - Setting next_dagrun for example_skip_dag to 2024-11-10 00:00:00+00:00, run_after=2024-11-11 00:00:00+00:00
[2024-11-11T10:02:04.788+0000] {processor.py:208} INFO - Processing /home/airflow/.local/lib/python3.12/site-packages/airflow/example_dags/example_skip_dag.py took 0.133 seconds
[2024-11-11T10:02:35.802+0000] {processor.py:186} INFO - Started process (PID=4388) to work on /home/airflow/.local/lib/python3.12/site-packages/airflow/example_dags/example_skip_dag.py
[2024-11-11T10:02:35.804+0000] {processor.py:914} INFO - Processing file /home/airflow/.local/lib/python3.12/site-packages/airflow/example_dags/example_skip_dag.py for tasks to queue
[2024-11-11T10:02:35.810+0000] {logging_mixin.py:190} INFO - [2024-11-11T10:02:35.809+0000] {dagbag.py:588} INFO - Filling up the DagBag from /home/airflow/.local/lib/python3.12/site-packages/airflow/example_dags/example_skip_dag.py
[2024-11-11T10:02:35.823+0000] {processor.py:925} INFO - DAG(s) 'example_skip_dag' retrieved from /home/airflow/.local/lib/python3.12/site-packages/airflow/example_dags/example_skip_dag.py
[2024-11-11T10:02:35.857+0000] {logging_mixin.py:190} INFO - [2024-11-11T10:02:35.857+0000] {dag.py:3239} INFO - Sync 1 DAGs
[2024-11-11T10:02:35.894+0000] {logging_mixin.py:190} INFO - [2024-11-11T10:02:35.894+0000] {dag.py:4180} INFO - Setting next_dagrun for example_skip_dag to 2024-11-10 00:00:00+00:00, run_after=2024-11-11 00:00:00+00:00
[2024-11-11T10:02:35.919+0000] {processor.py:208} INFO - Processing /home/airflow/.local/lib/python3.12/site-packages/airflow/example_dags/example_skip_dag.py took 0.130 seconds
[2024-11-11T10:03:06.996+0000] {processor.py:186} INFO - Started process (PID=4452) to work on /home/airflow/.local/lib/python3.12/site-packages/airflow/example_dags/example_skip_dag.py
[2024-11-11T10:03:06.997+0000] {processor.py:914} INFO - Processing file /home/airflow/.local/lib/python3.12/site-packages/airflow/example_dags/example_skip_dag.py for tasks to queue
[2024-11-11T10:03:07.001+0000] {logging_mixin.py:190} INFO - [2024-11-11T10:03:07.001+0000] {dagbag.py:588} INFO - Filling up the DagBag from /home/airflow/.local/lib/python3.12/site-packages/airflow/example_dags/example_skip_dag.py
[2024-11-11T10:03:07.015+0000] {processor.py:925} INFO - DAG(s) 'example_skip_dag' retrieved from /home/airflow/.local/lib/python3.12/site-packages/airflow/example_dags/example_skip_dag.py
[2024-11-11T10:03:07.047+0000] {logging_mixin.py:190} INFO - [2024-11-11T10:03:07.046+0000] {dag.py:3239} INFO - Sync 1 DAGs
[2024-11-11T10:03:07.082+0000] {logging_mixin.py:190} INFO - [2024-11-11T10:03:07.081+0000] {dag.py:4180} INFO - Setting next_dagrun for example_skip_dag to 2024-11-10 00:00:00+00:00, run_after=2024-11-11 00:00:00+00:00
[2024-11-11T10:03:07.113+0000] {processor.py:208} INFO - Processing /home/airflow/.local/lib/python3.12/site-packages/airflow/example_dags/example_skip_dag.py took 0.127 seconds
[2024-11-11T10:03:38.230+0000] {processor.py:186} INFO - Started process (PID=4516) to work on /home/airflow/.local/lib/python3.12/site-packages/airflow/example_dags/example_skip_dag.py
[2024-11-11T10:03:38.231+0000] {processor.py:914} INFO - Processing file /home/airflow/.local/lib/python3.12/site-packages/airflow/example_dags/example_skip_dag.py for tasks to queue
[2024-11-11T10:03:38.235+0000] {logging_mixin.py:190} INFO - [2024-11-11T10:03:38.235+0000] {dagbag.py:588} INFO - Filling up the DagBag from /home/airflow/.local/lib/python3.12/site-packages/airflow/example_dags/example_skip_dag.py
[2024-11-11T10:03:38.249+0000] {processor.py:925} INFO - DAG(s) 'example_skip_dag' retrieved from /home/airflow/.local/lib/python3.12/site-packages/airflow/example_dags/example_skip_dag.py
[2024-11-11T10:03:38.281+0000] {logging_mixin.py:190} INFO - [2024-11-11T10:03:38.281+0000] {dag.py:3239} INFO - Sync 1 DAGs
[2024-11-11T10:03:38.317+0000] {logging_mixin.py:190} INFO - [2024-11-11T10:03:38.316+0000] {dag.py:4180} INFO - Setting next_dagrun for example_skip_dag to 2024-11-10 00:00:00+00:00, run_after=2024-11-11 00:00:00+00:00
[2024-11-11T10:03:38.341+0000] {processor.py:208} INFO - Processing /home/airflow/.local/lib/python3.12/site-packages/airflow/example_dags/example_skip_dag.py took 0.122 seconds
[2024-11-11T10:04:09.823+0000] {processor.py:186} INFO - Started process (PID=4580) to work on /home/airflow/.local/lib/python3.12/site-packages/airflow/example_dags/example_skip_dag.py
[2024-11-11T10:04:09.824+0000] {processor.py:914} INFO - Processing file /home/airflow/.local/lib/python3.12/site-packages/airflow/example_dags/example_skip_dag.py for tasks to queue
[2024-11-11T10:04:09.828+0000] {logging_mixin.py:190} INFO - [2024-11-11T10:04:09.827+0000] {dagbag.py:588} INFO - Filling up the DagBag from /home/airflow/.local/lib/python3.12/site-packages/airflow/example_dags/example_skip_dag.py
[2024-11-11T10:04:09.841+0000] {processor.py:925} INFO - DAG(s) 'example_skip_dag' retrieved from /home/airflow/.local/lib/python3.12/site-packages/airflow/example_dags/example_skip_dag.py
[2024-11-11T10:04:09.877+0000] {logging_mixin.py:190} INFO - [2024-11-11T10:04:09.876+0000] {dag.py:3239} INFO - Sync 1 DAGs
[2024-11-11T10:04:09.913+0000] {logging_mixin.py:190} INFO - [2024-11-11T10:04:09.912+0000] {dag.py:4180} INFO - Setting next_dagrun for example_skip_dag to 2024-11-10 00:00:00+00:00, run_after=2024-11-11 00:00:00+00:00
[2024-11-11T10:04:09.937+0000] {processor.py:208} INFO - Processing /home/airflow/.local/lib/python3.12/site-packages/airflow/example_dags/example_skip_dag.py took 0.124 seconds
[2024-11-11T10:04:42.046+0000] {processor.py:186} INFO - Started process (PID=4644) to work on /home/airflow/.local/lib/python3.12/site-packages/airflow/example_dags/example_skip_dag.py
[2024-11-11T10:04:42.047+0000] {processor.py:914} INFO - Processing file /home/airflow/.local/lib/python3.12/site-packages/airflow/example_dags/example_skip_dag.py for tasks to queue
[2024-11-11T10:04:42.052+0000] {logging_mixin.py:190} INFO - [2024-11-11T10:04:42.051+0000] {dagbag.py:588} INFO - Filling up the DagBag from /home/airflow/.local/lib/python3.12/site-packages/airflow/example_dags/example_skip_dag.py
[2024-11-11T10:04:42.066+0000] {processor.py:925} INFO - DAG(s) 'example_skip_dag' retrieved from /home/airflow/.local/lib/python3.12/site-packages/airflow/example_dags/example_skip_dag.py
[2024-11-11T10:04:42.100+0000] {logging_mixin.py:190} INFO - [2024-11-11T10:04:42.100+0000] {dag.py:3239} INFO - Sync 1 DAGs
[2024-11-11T10:04:42.133+0000] {logging_mixin.py:190} INFO - [2024-11-11T10:04:42.133+0000] {dag.py:4180} INFO - Setting next_dagrun for example_skip_dag to 2024-11-10 00:00:00+00:00, run_after=2024-11-11 00:00:00+00:00
[2024-11-11T10:04:42.166+0000] {processor.py:208} INFO - Processing /home/airflow/.local/lib/python3.12/site-packages/airflow/example_dags/example_skip_dag.py took 0.129 seconds
[2024-11-11T10:05:13.272+0000] {processor.py:186} INFO - Started process (PID=4714) to work on /home/airflow/.local/lib/python3.12/site-packages/airflow/example_dags/example_skip_dag.py
[2024-11-11T10:05:13.273+0000] {processor.py:914} INFO - Processing file /home/airflow/.local/lib/python3.12/site-packages/airflow/example_dags/example_skip_dag.py for tasks to queue
[2024-11-11T10:05:13.277+0000] {logging_mixin.py:190} INFO - [2024-11-11T10:05:13.277+0000] {dagbag.py:588} INFO - Filling up the DagBag from /home/airflow/.local/lib/python3.12/site-packages/airflow/example_dags/example_skip_dag.py
[2024-11-11T10:05:13.291+0000] {processor.py:925} INFO - DAG(s) 'example_skip_dag' retrieved from /home/airflow/.local/lib/python3.12/site-packages/airflow/example_dags/example_skip_dag.py
[2024-11-11T10:05:13.326+0000] {logging_mixin.py:190} INFO - [2024-11-11T10:05:13.326+0000] {dag.py:3239} INFO - Sync 1 DAGs
[2024-11-11T10:05:13.362+0000] {logging_mixin.py:190} INFO - [2024-11-11T10:05:13.362+0000] {dag.py:4180} INFO - Setting next_dagrun for example_skip_dag to 2024-11-10 00:00:00+00:00, run_after=2024-11-11 00:00:00+00:00
[2024-11-11T10:05:13.390+0000] {processor.py:208} INFO - Processing /home/airflow/.local/lib/python3.12/site-packages/airflow/example_dags/example_skip_dag.py took 0.128 seconds
[2024-11-11T10:05:44.613+0000] {processor.py:186} INFO - Started process (PID=4778) to work on /home/airflow/.local/lib/python3.12/site-packages/airflow/example_dags/example_skip_dag.py
[2024-11-11T10:05:44.614+0000] {processor.py:914} INFO - Processing file /home/airflow/.local/lib/python3.12/site-packages/airflow/example_dags/example_skip_dag.py for tasks to queue
[2024-11-11T10:05:44.617+0000] {logging_mixin.py:190} INFO - [2024-11-11T10:05:44.617+0000] {dagbag.py:588} INFO - Filling up the DagBag from /home/airflow/.local/lib/python3.12/site-packages/airflow/example_dags/example_skip_dag.py
[2024-11-11T10:05:44.628+0000] {processor.py:925} INFO - DAG(s) 'example_skip_dag' retrieved from /home/airflow/.local/lib/python3.12/site-packages/airflow/example_dags/example_skip_dag.py
[2024-11-11T10:05:44.654+0000] {logging_mixin.py:190} INFO - [2024-11-11T10:05:44.653+0000] {dag.py:3239} INFO - Sync 1 DAGs
[2024-11-11T10:05:44.682+0000] {logging_mixin.py:190} INFO - [2024-11-11T10:05:44.681+0000] {dag.py:4180} INFO - Setting next_dagrun for example_skip_dag to 2024-11-10 00:00:00+00:00, run_after=2024-11-11 00:00:00+00:00
[2024-11-11T10:05:44.706+0000] {processor.py:208} INFO - Processing /home/airflow/.local/lib/python3.12/site-packages/airflow/example_dags/example_skip_dag.py took 0.103 seconds
[2024-11-11T10:06:18.115+0000] {processor.py:186} INFO - Started process (PID=4842) to work on /home/airflow/.local/lib/python3.12/site-packages/airflow/example_dags/example_skip_dag.py
[2024-11-11T10:06:18.116+0000] {processor.py:914} INFO - Processing file /home/airflow/.local/lib/python3.12/site-packages/airflow/example_dags/example_skip_dag.py for tasks to queue
[2024-11-11T10:06:18.119+0000] {logging_mixin.py:190} INFO - [2024-11-11T10:06:18.119+0000] {dagbag.py:588} INFO - Filling up the DagBag from /home/airflow/.local/lib/python3.12/site-packages/airflow/example_dags/example_skip_dag.py
[2024-11-11T10:06:18.130+0000] {processor.py:925} INFO - DAG(s) 'example_skip_dag' retrieved from /home/airflow/.local/lib/python3.12/site-packages/airflow/example_dags/example_skip_dag.py
[2024-11-11T10:06:18.161+0000] {logging_mixin.py:190} INFO - [2024-11-11T10:06:18.161+0000] {dag.py:3239} INFO - Sync 1 DAGs
[2024-11-11T10:06:18.196+0000] {logging_mixin.py:190} INFO - [2024-11-11T10:06:18.195+0000] {dag.py:4180} INFO - Setting next_dagrun for example_skip_dag to 2024-11-10 00:00:00+00:00, run_after=2024-11-11 00:00:00+00:00
[2024-11-11T10:06:18.217+0000] {processor.py:208} INFO - Processing /home/airflow/.local/lib/python3.12/site-packages/airflow/example_dags/example_skip_dag.py took 0.109 seconds
