[2024-11-11T09:27:36.428+0000] {processor.py:186} INFO - Started process (PID=105) to work on /home/airflow/.local/lib/python3.12/site-packages/airflow/example_dags/example_task_group.py
[2024-11-11T09:27:36.429+0000] {processor.py:914} INFO - Processing file /home/airflow/.local/lib/python3.12/site-packages/airflow/example_dags/example_task_group.py for tasks to queue
[2024-11-11T09:27:36.435+0000] {logging_mixin.py:190} INFO - [2024-11-11T09:27:36.435+0000] {dagbag.py:588} INFO - Filling up the DagBag from /home/airflow/.local/lib/python3.12/site-packages/airflow/example_dags/example_task_group.py
[2024-11-11T09:27:36.455+0000] {processor.py:925} INFO - DAG(s) 'example_task_group' retrieved from /home/airflow/.local/lib/python3.12/site-packages/airflow/example_dags/example_task_group.py
[2024-11-11T09:27:36.511+0000] {logging_mixin.py:190} INFO - [2024-11-11T09:27:36.511+0000] {dag.py:3239} INFO - Sync 1 DAGs
[2024-11-11T09:27:36.547+0000] {logging_mixin.py:190} INFO - [2024-11-11T09:27:36.546+0000] {dag.py:4180} INFO - Setting next_dagrun for example_task_group to None, run_after=None
[2024-11-11T09:27:36.605+0000] {processor.py:208} INFO - Processing /home/airflow/.local/lib/python3.12/site-packages/airflow/example_dags/example_task_group.py took 0.188 seconds
[2024-11-11T09:28:06.821+0000] {processor.py:186} INFO - Started process (PID=169) to work on /home/airflow/.local/lib/python3.12/site-packages/airflow/example_dags/example_task_group.py
[2024-11-11T09:28:06.822+0000] {processor.py:914} INFO - Processing file /home/airflow/.local/lib/python3.12/site-packages/airflow/example_dags/example_task_group.py for tasks to queue
[2024-11-11T09:28:06.825+0000] {logging_mixin.py:190} INFO - [2024-11-11T09:28:06.825+0000] {dagbag.py:588} INFO - Filling up the DagBag from /home/airflow/.local/lib/python3.12/site-packages/airflow/example_dags/example_task_group.py
[2024-11-11T09:28:06.840+0000] {processor.py:925} INFO - DAG(s) 'example_task_group' retrieved from /home/airflow/.local/lib/python3.12/site-packages/airflow/example_dags/example_task_group.py
[2024-11-11T09:28:06.873+0000] {logging_mixin.py:190} INFO - [2024-11-11T09:28:06.873+0000] {dag.py:3239} INFO - Sync 1 DAGs
[2024-11-11T09:28:06.895+0000] {logging_mixin.py:190} INFO - [2024-11-11T09:28:06.894+0000] {dag.py:4180} INFO - Setting next_dagrun for example_task_group to None, run_after=None
[2024-11-11T09:28:06.920+0000] {processor.py:208} INFO - Processing /home/airflow/.local/lib/python3.12/site-packages/airflow/example_dags/example_task_group.py took 0.108 seconds
[2024-11-11T09:28:38.145+0000] {processor.py:186} INFO - Started process (PID=232) to work on /home/airflow/.local/lib/python3.12/site-packages/airflow/example_dags/example_task_group.py
[2024-11-11T09:28:38.146+0000] {processor.py:914} INFO - Processing file /home/airflow/.local/lib/python3.12/site-packages/airflow/example_dags/example_task_group.py for tasks to queue
[2024-11-11T09:28:38.149+0000] {logging_mixin.py:190} INFO - [2024-11-11T09:28:38.149+0000] {dagbag.py:588} INFO - Filling up the DagBag from /home/airflow/.local/lib/python3.12/site-packages/airflow/example_dags/example_task_group.py
[2024-11-11T09:28:38.159+0000] {processor.py:925} INFO - DAG(s) 'example_task_group' retrieved from /home/airflow/.local/lib/python3.12/site-packages/airflow/example_dags/example_task_group.py
[2024-11-11T09:28:38.188+0000] {logging_mixin.py:190} INFO - [2024-11-11T09:28:38.188+0000] {dag.py:3239} INFO - Sync 1 DAGs
[2024-11-11T09:28:38.204+0000] {logging_mixin.py:190} INFO - [2024-11-11T09:28:38.204+0000] {dag.py:4180} INFO - Setting next_dagrun for example_task_group to None, run_after=None
[2024-11-11T09:28:38.225+0000] {processor.py:208} INFO - Processing /home/airflow/.local/lib/python3.12/site-packages/airflow/example_dags/example_task_group.py took 0.088 seconds
[2024-11-11T09:29:10.213+0000] {processor.py:186} INFO - Started process (PID=295) to work on /home/airflow/.local/lib/python3.12/site-packages/airflow/example_dags/example_task_group.py
[2024-11-11T09:29:10.215+0000] {processor.py:914} INFO - Processing file /home/airflow/.local/lib/python3.12/site-packages/airflow/example_dags/example_task_group.py for tasks to queue
[2024-11-11T09:29:10.219+0000] {logging_mixin.py:190} INFO - [2024-11-11T09:29:10.218+0000] {dagbag.py:588} INFO - Filling up the DagBag from /home/airflow/.local/lib/python3.12/site-packages/airflow/example_dags/example_task_group.py
[2024-11-11T09:29:10.236+0000] {processor.py:925} INFO - DAG(s) 'example_task_group' retrieved from /home/airflow/.local/lib/python3.12/site-packages/airflow/example_dags/example_task_group.py
[2024-11-11T09:29:10.277+0000] {logging_mixin.py:190} INFO - [2024-11-11T09:29:10.277+0000] {dag.py:3239} INFO - Sync 1 DAGs
[2024-11-11T09:29:10.303+0000] {logging_mixin.py:190} INFO - [2024-11-11T09:29:10.303+0000] {dag.py:4180} INFO - Setting next_dagrun for example_task_group to None, run_after=None
[2024-11-11T09:29:10.338+0000] {processor.py:208} INFO - Processing /home/airflow/.local/lib/python3.12/site-packages/airflow/example_dags/example_task_group.py took 0.137 seconds
[2024-11-11T09:29:42.686+0000] {processor.py:186} INFO - Started process (PID=360) to work on /home/airflow/.local/lib/python3.12/site-packages/airflow/example_dags/example_task_group.py
[2024-11-11T09:29:42.687+0000] {processor.py:914} INFO - Processing file /home/airflow/.local/lib/python3.12/site-packages/airflow/example_dags/example_task_group.py for tasks to queue
[2024-11-11T09:29:42.692+0000] {logging_mixin.py:190} INFO - [2024-11-11T09:29:42.691+0000] {dagbag.py:588} INFO - Filling up the DagBag from /home/airflow/.local/lib/python3.12/site-packages/airflow/example_dags/example_task_group.py
[2024-11-11T09:29:42.708+0000] {processor.py:925} INFO - DAG(s) 'example_task_group' retrieved from /home/airflow/.local/lib/python3.12/site-packages/airflow/example_dags/example_task_group.py
[2024-11-11T09:29:42.745+0000] {logging_mixin.py:190} INFO - [2024-11-11T09:29:42.745+0000] {dag.py:3239} INFO - Sync 1 DAGs
[2024-11-11T09:29:42.765+0000] {logging_mixin.py:190} INFO - [2024-11-11T09:29:42.765+0000] {dag.py:4180} INFO - Setting next_dagrun for example_task_group to None, run_after=None
[2024-11-11T09:29:42.794+0000] {processor.py:208} INFO - Processing /home/airflow/.local/lib/python3.12/site-packages/airflow/example_dags/example_task_group.py took 0.119 seconds
[2024-11-11T09:30:15.646+0000] {processor.py:186} INFO - Started process (PID=424) to work on /home/airflow/.local/lib/python3.12/site-packages/airflow/example_dags/example_task_group.py
[2024-11-11T09:30:15.647+0000] {processor.py:914} INFO - Processing file /home/airflow/.local/lib/python3.12/site-packages/airflow/example_dags/example_task_group.py for tasks to queue
[2024-11-11T09:30:15.652+0000] {logging_mixin.py:190} INFO - [2024-11-11T09:30:15.651+0000] {dagbag.py:588} INFO - Filling up the DagBag from /home/airflow/.local/lib/python3.12/site-packages/airflow/example_dags/example_task_group.py
[2024-11-11T09:30:15.668+0000] {processor.py:925} INFO - DAG(s) 'example_task_group' retrieved from /home/airflow/.local/lib/python3.12/site-packages/airflow/example_dags/example_task_group.py
[2024-11-11T09:30:15.701+0000] {logging_mixin.py:190} INFO - [2024-11-11T09:30:15.700+0000] {dag.py:3239} INFO - Sync 1 DAGs
[2024-11-11T09:30:15.722+0000] {logging_mixin.py:190} INFO - [2024-11-11T09:30:15.722+0000] {dag.py:4180} INFO - Setting next_dagrun for example_task_group to None, run_after=None
[2024-11-11T09:30:15.749+0000] {processor.py:208} INFO - Processing /home/airflow/.local/lib/python3.12/site-packages/airflow/example_dags/example_task_group.py took 0.112 seconds
[2024-11-11T09:30:46.664+0000] {processor.py:186} INFO - Started process (PID=488) to work on /home/airflow/.local/lib/python3.12/site-packages/airflow/example_dags/example_task_group.py
[2024-11-11T09:30:46.665+0000] {processor.py:914} INFO - Processing file /home/airflow/.local/lib/python3.12/site-packages/airflow/example_dags/example_task_group.py for tasks to queue
[2024-11-11T09:30:46.669+0000] {logging_mixin.py:190} INFO - [2024-11-11T09:30:46.669+0000] {dagbag.py:588} INFO - Filling up the DagBag from /home/airflow/.local/lib/python3.12/site-packages/airflow/example_dags/example_task_group.py
[2024-11-11T09:30:46.684+0000] {processor.py:925} INFO - DAG(s) 'example_task_group' retrieved from /home/airflow/.local/lib/python3.12/site-packages/airflow/example_dags/example_task_group.py
[2024-11-11T09:30:46.718+0000] {logging_mixin.py:190} INFO - [2024-11-11T09:30:46.718+0000] {dag.py:3239} INFO - Sync 1 DAGs
[2024-11-11T09:30:46.737+0000] {logging_mixin.py:190} INFO - [2024-11-11T09:30:46.737+0000] {dag.py:4180} INFO - Setting next_dagrun for example_task_group to None, run_after=None
[2024-11-11T09:30:46.760+0000] {processor.py:208} INFO - Processing /home/airflow/.local/lib/python3.12/site-packages/airflow/example_dags/example_task_group.py took 0.106 seconds
[2024-11-11T09:31:17.775+0000] {processor.py:186} INFO - Started process (PID=551) to work on /home/airflow/.local/lib/python3.12/site-packages/airflow/example_dags/example_task_group.py
[2024-11-11T09:31:17.776+0000] {processor.py:914} INFO - Processing file /home/airflow/.local/lib/python3.12/site-packages/airflow/example_dags/example_task_group.py for tasks to queue
[2024-11-11T09:31:17.780+0000] {logging_mixin.py:190} INFO - [2024-11-11T09:31:17.780+0000] {dagbag.py:588} INFO - Filling up the DagBag from /home/airflow/.local/lib/python3.12/site-packages/airflow/example_dags/example_task_group.py
[2024-11-11T09:31:17.797+0000] {processor.py:925} INFO - DAG(s) 'example_task_group' retrieved from /home/airflow/.local/lib/python3.12/site-packages/airflow/example_dags/example_task_group.py
[2024-11-11T09:31:17.829+0000] {logging_mixin.py:190} INFO - [2024-11-11T09:31:17.829+0000] {dag.py:3239} INFO - Sync 1 DAGs
[2024-11-11T09:31:17.852+0000] {logging_mixin.py:190} INFO - [2024-11-11T09:31:17.852+0000] {dag.py:4180} INFO - Setting next_dagrun for example_task_group to None, run_after=None
[2024-11-11T09:31:17.880+0000] {processor.py:208} INFO - Processing /home/airflow/.local/lib/python3.12/site-packages/airflow/example_dags/example_task_group.py took 0.114 seconds
[2024-11-11T09:31:49.392+0000] {processor.py:186} INFO - Started process (PID=615) to work on /home/airflow/.local/lib/python3.12/site-packages/airflow/example_dags/example_task_group.py
[2024-11-11T09:31:49.393+0000] {processor.py:914} INFO - Processing file /home/airflow/.local/lib/python3.12/site-packages/airflow/example_dags/example_task_group.py for tasks to queue
[2024-11-11T09:31:49.398+0000] {logging_mixin.py:190} INFO - [2024-11-11T09:31:49.398+0000] {dagbag.py:588} INFO - Filling up the DagBag from /home/airflow/.local/lib/python3.12/site-packages/airflow/example_dags/example_task_group.py
[2024-11-11T09:31:49.415+0000] {processor.py:925} INFO - DAG(s) 'example_task_group' retrieved from /home/airflow/.local/lib/python3.12/site-packages/airflow/example_dags/example_task_group.py
[2024-11-11T09:31:49.452+0000] {logging_mixin.py:190} INFO - [2024-11-11T09:31:49.452+0000] {dag.py:3239} INFO - Sync 1 DAGs
[2024-11-11T09:31:49.476+0000] {logging_mixin.py:190} INFO - [2024-11-11T09:31:49.475+0000] {dag.py:4180} INFO - Setting next_dagrun for example_task_group to None, run_after=None
[2024-11-11T09:31:49.501+0000] {processor.py:208} INFO - Processing /home/airflow/.local/lib/python3.12/site-packages/airflow/example_dags/example_task_group.py took 0.118 seconds
[2024-11-11T09:32:20.811+0000] {processor.py:186} INFO - Started process (PID=679) to work on /home/airflow/.local/lib/python3.12/site-packages/airflow/example_dags/example_task_group.py
[2024-11-11T09:32:20.812+0000] {processor.py:914} INFO - Processing file /home/airflow/.local/lib/python3.12/site-packages/airflow/example_dags/example_task_group.py for tasks to queue
[2024-11-11T09:32:20.817+0000] {logging_mixin.py:190} INFO - [2024-11-11T09:32:20.817+0000] {dagbag.py:588} INFO - Filling up the DagBag from /home/airflow/.local/lib/python3.12/site-packages/airflow/example_dags/example_task_group.py
[2024-11-11T09:32:20.832+0000] {processor.py:925} INFO - DAG(s) 'example_task_group' retrieved from /home/airflow/.local/lib/python3.12/site-packages/airflow/example_dags/example_task_group.py
[2024-11-11T09:32:20.868+0000] {logging_mixin.py:190} INFO - [2024-11-11T09:32:20.868+0000] {dag.py:3239} INFO - Sync 1 DAGs
[2024-11-11T09:32:20.891+0000] {logging_mixin.py:190} INFO - [2024-11-11T09:32:20.891+0000] {dag.py:4180} INFO - Setting next_dagrun for example_task_group to None, run_after=None
[2024-11-11T09:32:20.924+0000] {processor.py:208} INFO - Processing /home/airflow/.local/lib/python3.12/site-packages/airflow/example_dags/example_task_group.py took 0.123 seconds
[2024-11-11T09:32:52.637+0000] {processor.py:186} INFO - Started process (PID=743) to work on /home/airflow/.local/lib/python3.12/site-packages/airflow/example_dags/example_task_group.py
[2024-11-11T09:32:52.638+0000] {processor.py:914} INFO - Processing file /home/airflow/.local/lib/python3.12/site-packages/airflow/example_dags/example_task_group.py for tasks to queue
[2024-11-11T09:32:52.643+0000] {logging_mixin.py:190} INFO - [2024-11-11T09:32:52.642+0000] {dagbag.py:588} INFO - Filling up the DagBag from /home/airflow/.local/lib/python3.12/site-packages/airflow/example_dags/example_task_group.py
[2024-11-11T09:32:52.658+0000] {processor.py:925} INFO - DAG(s) 'example_task_group' retrieved from /home/airflow/.local/lib/python3.12/site-packages/airflow/example_dags/example_task_group.py
[2024-11-11T09:32:52.697+0000] {logging_mixin.py:190} INFO - [2024-11-11T09:32:52.696+0000] {dag.py:3239} INFO - Sync 1 DAGs
[2024-11-11T09:32:52.718+0000] {logging_mixin.py:190} INFO - [2024-11-11T09:32:52.718+0000] {dag.py:4180} INFO - Setting next_dagrun for example_task_group to None, run_after=None
[2024-11-11T09:32:52.746+0000] {processor.py:208} INFO - Processing /home/airflow/.local/lib/python3.12/site-packages/airflow/example_dags/example_task_group.py took 0.120 seconds
[2024-11-11T09:33:24.283+0000] {processor.py:186} INFO - Started process (PID=807) to work on /home/airflow/.local/lib/python3.12/site-packages/airflow/example_dags/example_task_group.py
[2024-11-11T09:33:24.284+0000] {processor.py:914} INFO - Processing file /home/airflow/.local/lib/python3.12/site-packages/airflow/example_dags/example_task_group.py for tasks to queue
[2024-11-11T09:33:24.289+0000] {logging_mixin.py:190} INFO - [2024-11-11T09:33:24.288+0000] {dagbag.py:588} INFO - Filling up the DagBag from /home/airflow/.local/lib/python3.12/site-packages/airflow/example_dags/example_task_group.py
[2024-11-11T09:33:24.303+0000] {processor.py:925} INFO - DAG(s) 'example_task_group' retrieved from /home/airflow/.local/lib/python3.12/site-packages/airflow/example_dags/example_task_group.py
[2024-11-11T09:33:24.339+0000] {logging_mixin.py:190} INFO - [2024-11-11T09:33:24.339+0000] {dag.py:3239} INFO - Sync 1 DAGs
[2024-11-11T09:33:24.362+0000] {logging_mixin.py:190} INFO - [2024-11-11T09:33:24.361+0000] {dag.py:4180} INFO - Setting next_dagrun for example_task_group to None, run_after=None
[2024-11-11T09:33:24.389+0000] {processor.py:208} INFO - Processing /home/airflow/.local/lib/python3.12/site-packages/airflow/example_dags/example_task_group.py took 0.116 seconds
[2024-11-11T09:33:57.032+0000] {processor.py:186} INFO - Started process (PID=872) to work on /home/airflow/.local/lib/python3.12/site-packages/airflow/example_dags/example_task_group.py
[2024-11-11T09:33:57.034+0000] {processor.py:914} INFO - Processing file /home/airflow/.local/lib/python3.12/site-packages/airflow/example_dags/example_task_group.py for tasks to queue
[2024-11-11T09:33:57.039+0000] {logging_mixin.py:190} INFO - [2024-11-11T09:33:57.038+0000] {dagbag.py:588} INFO - Filling up the DagBag from /home/airflow/.local/lib/python3.12/site-packages/airflow/example_dags/example_task_group.py
[2024-11-11T09:33:57.055+0000] {processor.py:925} INFO - DAG(s) 'example_task_group' retrieved from /home/airflow/.local/lib/python3.12/site-packages/airflow/example_dags/example_task_group.py
[2024-11-11T09:33:57.091+0000] {logging_mixin.py:190} INFO - [2024-11-11T09:33:57.090+0000] {dag.py:3239} INFO - Sync 1 DAGs
[2024-11-11T09:33:57.115+0000] {logging_mixin.py:190} INFO - [2024-11-11T09:33:57.114+0000] {dag.py:4180} INFO - Setting next_dagrun for example_task_group to None, run_after=None
[2024-11-11T09:33:57.151+0000] {processor.py:208} INFO - Processing /home/airflow/.local/lib/python3.12/site-packages/airflow/example_dags/example_task_group.py took 0.131 seconds
[2024-11-11T09:34:28.590+0000] {processor.py:186} INFO - Started process (PID=936) to work on /home/airflow/.local/lib/python3.12/site-packages/airflow/example_dags/example_task_group.py
[2024-11-11T09:34:28.591+0000] {processor.py:914} INFO - Processing file /home/airflow/.local/lib/python3.12/site-packages/airflow/example_dags/example_task_group.py for tasks to queue
[2024-11-11T09:34:28.595+0000] {logging_mixin.py:190} INFO - [2024-11-11T09:34:28.595+0000] {dagbag.py:588} INFO - Filling up the DagBag from /home/airflow/.local/lib/python3.12/site-packages/airflow/example_dags/example_task_group.py
[2024-11-11T09:34:28.610+0000] {processor.py:925} INFO - DAG(s) 'example_task_group' retrieved from /home/airflow/.local/lib/python3.12/site-packages/airflow/example_dags/example_task_group.py
[2024-11-11T09:34:28.648+0000] {logging_mixin.py:190} INFO - [2024-11-11T09:34:28.648+0000] {dag.py:3239} INFO - Sync 1 DAGs
[2024-11-11T09:34:28.669+0000] {logging_mixin.py:190} INFO - [2024-11-11T09:34:28.668+0000] {dag.py:4180} INFO - Setting next_dagrun for example_task_group to None, run_after=None
[2024-11-11T09:34:28.697+0000] {processor.py:208} INFO - Processing /home/airflow/.local/lib/python3.12/site-packages/airflow/example_dags/example_task_group.py took 0.116 seconds
[2024-11-11T09:34:59.336+0000] {processor.py:186} INFO - Started process (PID=999) to work on /home/airflow/.local/lib/python3.12/site-packages/airflow/example_dags/example_task_group.py
[2024-11-11T09:34:59.337+0000] {processor.py:914} INFO - Processing file /home/airflow/.local/lib/python3.12/site-packages/airflow/example_dags/example_task_group.py for tasks to queue
[2024-11-11T09:34:59.341+0000] {logging_mixin.py:190} INFO - [2024-11-11T09:34:59.340+0000] {dagbag.py:588} INFO - Filling up the DagBag from /home/airflow/.local/lib/python3.12/site-packages/airflow/example_dags/example_task_group.py
[2024-11-11T09:34:59.355+0000] {processor.py:925} INFO - DAG(s) 'example_task_group' retrieved from /home/airflow/.local/lib/python3.12/site-packages/airflow/example_dags/example_task_group.py
[2024-11-11T09:34:59.388+0000] {logging_mixin.py:190} INFO - [2024-11-11T09:34:59.387+0000] {dag.py:3239} INFO - Sync 1 DAGs
[2024-11-11T09:34:59.408+0000] {logging_mixin.py:190} INFO - [2024-11-11T09:34:59.408+0000] {dag.py:4180} INFO - Setting next_dagrun for example_task_group to None, run_after=None
[2024-11-11T09:34:59.434+0000] {processor.py:208} INFO - Processing /home/airflow/.local/lib/python3.12/site-packages/airflow/example_dags/example_task_group.py took 0.108 seconds
[2024-11-11T09:35:32.842+0000] {processor.py:186} INFO - Started process (PID=1064) to work on /home/airflow/.local/lib/python3.12/site-packages/airflow/example_dags/example_task_group.py
[2024-11-11T09:35:32.843+0000] {processor.py:914} INFO - Processing file /home/airflow/.local/lib/python3.12/site-packages/airflow/example_dags/example_task_group.py for tasks to queue
[2024-11-11T09:35:32.848+0000] {logging_mixin.py:190} INFO - [2024-11-11T09:35:32.847+0000] {dagbag.py:588} INFO - Filling up the DagBag from /home/airflow/.local/lib/python3.12/site-packages/airflow/example_dags/example_task_group.py
[2024-11-11T09:35:32.864+0000] {processor.py:925} INFO - DAG(s) 'example_task_group' retrieved from /home/airflow/.local/lib/python3.12/site-packages/airflow/example_dags/example_task_group.py
[2024-11-11T09:35:32.909+0000] {logging_mixin.py:190} INFO - [2024-11-11T09:35:32.908+0000] {dag.py:3239} INFO - Sync 1 DAGs
[2024-11-11T09:35:32.940+0000] {logging_mixin.py:190} INFO - [2024-11-11T09:35:32.940+0000] {dag.py:4180} INFO - Setting next_dagrun for example_task_group to None, run_after=None
[2024-11-11T09:35:32.975+0000] {processor.py:208} INFO - Processing /home/airflow/.local/lib/python3.12/site-packages/airflow/example_dags/example_task_group.py took 0.143 seconds
[2024-11-11T09:36:08.159+0000] {processor.py:186} INFO - Started process (PID=1134) to work on /home/airflow/.local/lib/python3.12/site-packages/airflow/example_dags/example_task_group.py
[2024-11-11T09:36:08.160+0000] {processor.py:914} INFO - Processing file /home/airflow/.local/lib/python3.12/site-packages/airflow/example_dags/example_task_group.py for tasks to queue
[2024-11-11T09:36:08.166+0000] {logging_mixin.py:190} INFO - [2024-11-11T09:36:08.165+0000] {dagbag.py:588} INFO - Filling up the DagBag from /home/airflow/.local/lib/python3.12/site-packages/airflow/example_dags/example_task_group.py
[2024-11-11T09:36:08.194+0000] {processor.py:925} INFO - DAG(s) 'example_task_group' retrieved from /home/airflow/.local/lib/python3.12/site-packages/airflow/example_dags/example_task_group.py
[2024-11-11T09:36:08.278+0000] {logging_mixin.py:190} INFO - [2024-11-11T09:36:08.277+0000] {dag.py:3239} INFO - Sync 1 DAGs
[2024-11-11T09:36:08.305+0000] {logging_mixin.py:190} INFO - [2024-11-11T09:36:08.304+0000] {dag.py:4180} INFO - Setting next_dagrun for example_task_group to None, run_after=None
[2024-11-11T09:36:08.336+0000] {processor.py:208} INFO - Processing /home/airflow/.local/lib/python3.12/site-packages/airflow/example_dags/example_task_group.py took 0.189 seconds
[2024-11-11T09:36:39.385+0000] {processor.py:186} INFO - Started process (PID=1198) to work on /home/airflow/.local/lib/python3.12/site-packages/airflow/example_dags/example_task_group.py
[2024-11-11T09:36:39.387+0000] {processor.py:914} INFO - Processing file /home/airflow/.local/lib/python3.12/site-packages/airflow/example_dags/example_task_group.py for tasks to queue
[2024-11-11T09:36:39.405+0000] {logging_mixin.py:190} INFO - [2024-11-11T09:36:39.403+0000] {dagbag.py:588} INFO - Filling up the DagBag from /home/airflow/.local/lib/python3.12/site-packages/airflow/example_dags/example_task_group.py
[2024-11-11T09:36:39.444+0000] {processor.py:925} INFO - DAG(s) 'example_task_group' retrieved from /home/airflow/.local/lib/python3.12/site-packages/airflow/example_dags/example_task_group.py
[2024-11-11T09:36:39.482+0000] {logging_mixin.py:190} INFO - [2024-11-11T09:36:39.482+0000] {dag.py:3239} INFO - Sync 1 DAGs
[2024-11-11T09:36:39.504+0000] {logging_mixin.py:190} INFO - [2024-11-11T09:36:39.504+0000] {dag.py:4180} INFO - Setting next_dagrun for example_task_group to None, run_after=None
[2024-11-11T09:36:39.530+0000] {processor.py:208} INFO - Processing /home/airflow/.local/lib/python3.12/site-packages/airflow/example_dags/example_task_group.py took 0.177 seconds
[2024-11-11T09:37:10.727+0000] {processor.py:186} INFO - Started process (PID=1261) to work on /home/airflow/.local/lib/python3.12/site-packages/airflow/example_dags/example_task_group.py
[2024-11-11T09:37:10.728+0000] {processor.py:914} INFO - Processing file /home/airflow/.local/lib/python3.12/site-packages/airflow/example_dags/example_task_group.py for tasks to queue
[2024-11-11T09:37:10.733+0000] {logging_mixin.py:190} INFO - [2024-11-11T09:37:10.732+0000] {dagbag.py:588} INFO - Filling up the DagBag from /home/airflow/.local/lib/python3.12/site-packages/airflow/example_dags/example_task_group.py
[2024-11-11T09:37:10.749+0000] {processor.py:925} INFO - DAG(s) 'example_task_group' retrieved from /home/airflow/.local/lib/python3.12/site-packages/airflow/example_dags/example_task_group.py
[2024-11-11T09:37:10.785+0000] {logging_mixin.py:190} INFO - [2024-11-11T09:37:10.784+0000] {dag.py:3239} INFO - Sync 1 DAGs
[2024-11-11T09:37:10.809+0000] {logging_mixin.py:190} INFO - [2024-11-11T09:37:10.809+0000] {dag.py:4180} INFO - Setting next_dagrun for example_task_group to None, run_after=None
[2024-11-11T09:37:10.837+0000] {processor.py:208} INFO - Processing /home/airflow/.local/lib/python3.12/site-packages/airflow/example_dags/example_task_group.py took 0.119 seconds
[2024-11-11T09:37:42.985+0000] {processor.py:186} INFO - Started process (PID=1325) to work on /home/airflow/.local/lib/python3.12/site-packages/airflow/example_dags/example_task_group.py
[2024-11-11T09:37:42.987+0000] {processor.py:914} INFO - Processing file /home/airflow/.local/lib/python3.12/site-packages/airflow/example_dags/example_task_group.py for tasks to queue
[2024-11-11T09:37:42.991+0000] {logging_mixin.py:190} INFO - [2024-11-11T09:37:42.991+0000] {dagbag.py:588} INFO - Filling up the DagBag from /home/airflow/.local/lib/python3.12/site-packages/airflow/example_dags/example_task_group.py
[2024-11-11T09:37:43.006+0000] {processor.py:925} INFO - DAG(s) 'example_task_group' retrieved from /home/airflow/.local/lib/python3.12/site-packages/airflow/example_dags/example_task_group.py
[2024-11-11T09:37:43.038+0000] {logging_mixin.py:190} INFO - [2024-11-11T09:37:43.038+0000] {dag.py:3239} INFO - Sync 1 DAGs
[2024-11-11T09:37:43.060+0000] {logging_mixin.py:190} INFO - [2024-11-11T09:37:43.060+0000] {dag.py:4180} INFO - Setting next_dagrun for example_task_group to None, run_after=None
[2024-11-11T09:37:43.088+0000] {processor.py:208} INFO - Processing /home/airflow/.local/lib/python3.12/site-packages/airflow/example_dags/example_task_group.py took 0.112 seconds
[2024-11-11T09:38:15.517+0000] {processor.py:186} INFO - Started process (PID=1390) to work on /home/airflow/.local/lib/python3.12/site-packages/airflow/example_dags/example_task_group.py
[2024-11-11T09:38:15.518+0000] {processor.py:914} INFO - Processing file /home/airflow/.local/lib/python3.12/site-packages/airflow/example_dags/example_task_group.py for tasks to queue
[2024-11-11T09:38:15.522+0000] {logging_mixin.py:190} INFO - [2024-11-11T09:38:15.521+0000] {dagbag.py:588} INFO - Filling up the DagBag from /home/airflow/.local/lib/python3.12/site-packages/airflow/example_dags/example_task_group.py
[2024-11-11T09:38:15.536+0000] {processor.py:925} INFO - DAG(s) 'example_task_group' retrieved from /home/airflow/.local/lib/python3.12/site-packages/airflow/example_dags/example_task_group.py
[2024-11-11T09:38:15.572+0000] {logging_mixin.py:190} INFO - [2024-11-11T09:38:15.572+0000] {dag.py:3239} INFO - Sync 1 DAGs
[2024-11-11T09:38:15.595+0000] {logging_mixin.py:190} INFO - [2024-11-11T09:38:15.594+0000] {dag.py:4180} INFO - Setting next_dagrun for example_task_group to None, run_after=None
[2024-11-11T09:38:15.622+0000] {processor.py:208} INFO - Processing /home/airflow/.local/lib/python3.12/site-packages/airflow/example_dags/example_task_group.py took 0.115 seconds
[2024-11-11T09:38:48.158+0000] {processor.py:186} INFO - Started process (PID=1456) to work on /home/airflow/.local/lib/python3.12/site-packages/airflow/example_dags/example_task_group.py
[2024-11-11T09:38:48.159+0000] {processor.py:914} INFO - Processing file /home/airflow/.local/lib/python3.12/site-packages/airflow/example_dags/example_task_group.py for tasks to queue
[2024-11-11T09:38:48.163+0000] {logging_mixin.py:190} INFO - [2024-11-11T09:38:48.163+0000] {dagbag.py:588} INFO - Filling up the DagBag from /home/airflow/.local/lib/python3.12/site-packages/airflow/example_dags/example_task_group.py
[2024-11-11T09:38:48.178+0000] {processor.py:925} INFO - DAG(s) 'example_task_group' retrieved from /home/airflow/.local/lib/python3.12/site-packages/airflow/example_dags/example_task_group.py
[2024-11-11T09:38:48.211+0000] {logging_mixin.py:190} INFO - [2024-11-11T09:38:48.210+0000] {dag.py:3239} INFO - Sync 1 DAGs
[2024-11-11T09:38:48.232+0000] {logging_mixin.py:190} INFO - [2024-11-11T09:38:48.232+0000] {dag.py:4180} INFO - Setting next_dagrun for example_task_group to None, run_after=None
[2024-11-11T09:38:48.258+0000] {processor.py:208} INFO - Processing /home/airflow/.local/lib/python3.12/site-packages/airflow/example_dags/example_task_group.py took 0.109 seconds
[2024-11-11T09:39:21.272+0000] {processor.py:186} INFO - Started process (PID=1524) to work on /home/airflow/.local/lib/python3.12/site-packages/airflow/example_dags/example_task_group.py
[2024-11-11T09:39:21.273+0000] {processor.py:914} INFO - Processing file /home/airflow/.local/lib/python3.12/site-packages/airflow/example_dags/example_task_group.py for tasks to queue
[2024-11-11T09:39:21.279+0000] {logging_mixin.py:190} INFO - [2024-11-11T09:39:21.279+0000] {dagbag.py:588} INFO - Filling up the DagBag from /home/airflow/.local/lib/python3.12/site-packages/airflow/example_dags/example_task_group.py
[2024-11-11T09:39:21.295+0000] {processor.py:925} INFO - DAG(s) 'example_task_group' retrieved from /home/airflow/.local/lib/python3.12/site-packages/airflow/example_dags/example_task_group.py
[2024-11-11T09:39:21.330+0000] {logging_mixin.py:190} INFO - [2024-11-11T09:39:21.329+0000] {dag.py:3239} INFO - Sync 1 DAGs
[2024-11-11T09:39:21.352+0000] {logging_mixin.py:190} INFO - [2024-11-11T09:39:21.352+0000] {dag.py:4180} INFO - Setting next_dagrun for example_task_group to None, run_after=None
[2024-11-11T09:39:21.381+0000] {processor.py:208} INFO - Processing /home/airflow/.local/lib/python3.12/site-packages/airflow/example_dags/example_task_group.py took 0.119 seconds
[2024-11-11T09:39:53.518+0000] {processor.py:186} INFO - Started process (PID=1588) to work on /home/airflow/.local/lib/python3.12/site-packages/airflow/example_dags/example_task_group.py
[2024-11-11T09:39:53.520+0000] {processor.py:914} INFO - Processing file /home/airflow/.local/lib/python3.12/site-packages/airflow/example_dags/example_task_group.py for tasks to queue
[2024-11-11T09:39:53.524+0000] {logging_mixin.py:190} INFO - [2024-11-11T09:39:53.523+0000] {dagbag.py:588} INFO - Filling up the DagBag from /home/airflow/.local/lib/python3.12/site-packages/airflow/example_dags/example_task_group.py
[2024-11-11T09:39:53.539+0000] {processor.py:925} INFO - DAG(s) 'example_task_group' retrieved from /home/airflow/.local/lib/python3.12/site-packages/airflow/example_dags/example_task_group.py
[2024-11-11T09:39:53.575+0000] {logging_mixin.py:190} INFO - [2024-11-11T09:39:53.574+0000] {dag.py:3239} INFO - Sync 1 DAGs
[2024-11-11T09:39:53.600+0000] {logging_mixin.py:190} INFO - [2024-11-11T09:39:53.599+0000] {dag.py:4180} INFO - Setting next_dagrun for example_task_group to None, run_after=None
[2024-11-11T09:39:53.628+0000] {processor.py:208} INFO - Processing /home/airflow/.local/lib/python3.12/site-packages/airflow/example_dags/example_task_group.py took 0.120 seconds
[2024-11-11T09:40:25.931+0000] {processor.py:186} INFO - Started process (PID=1654) to work on /home/airflow/.local/lib/python3.12/site-packages/airflow/example_dags/example_task_group.py
[2024-11-11T09:40:25.932+0000] {processor.py:914} INFO - Processing file /home/airflow/.local/lib/python3.12/site-packages/airflow/example_dags/example_task_group.py for tasks to queue
[2024-11-11T09:40:25.937+0000] {logging_mixin.py:190} INFO - [2024-11-11T09:40:25.936+0000] {dagbag.py:588} INFO - Filling up the DagBag from /home/airflow/.local/lib/python3.12/site-packages/airflow/example_dags/example_task_group.py
[2024-11-11T09:40:25.953+0000] {processor.py:925} INFO - DAG(s) 'example_task_group' retrieved from /home/airflow/.local/lib/python3.12/site-packages/airflow/example_dags/example_task_group.py
[2024-11-11T09:40:25.987+0000] {logging_mixin.py:190} INFO - [2024-11-11T09:40:25.987+0000] {dag.py:3239} INFO - Sync 1 DAGs
[2024-11-11T09:40:26.009+0000] {logging_mixin.py:190} INFO - [2024-11-11T09:40:26.009+0000] {dag.py:4180} INFO - Setting next_dagrun for example_task_group to None, run_after=None
[2024-11-11T09:40:26.037+0000] {processor.py:208} INFO - Processing /home/airflow/.local/lib/python3.12/site-packages/airflow/example_dags/example_task_group.py took 0.116 seconds
[2024-11-11T09:40:57.368+0000] {processor.py:186} INFO - Started process (PID=1719) to work on /home/airflow/.local/lib/python3.12/site-packages/airflow/example_dags/example_task_group.py
[2024-11-11T09:40:57.369+0000] {processor.py:914} INFO - Processing file /home/airflow/.local/lib/python3.12/site-packages/airflow/example_dags/example_task_group.py for tasks to queue
[2024-11-11T09:40:57.373+0000] {logging_mixin.py:190} INFO - [2024-11-11T09:40:57.372+0000] {dagbag.py:588} INFO - Filling up the DagBag from /home/airflow/.local/lib/python3.12/site-packages/airflow/example_dags/example_task_group.py
[2024-11-11T09:40:57.387+0000] {processor.py:925} INFO - DAG(s) 'example_task_group' retrieved from /home/airflow/.local/lib/python3.12/site-packages/airflow/example_dags/example_task_group.py
[2024-11-11T09:40:57.422+0000] {logging_mixin.py:190} INFO - [2024-11-11T09:40:57.422+0000] {dag.py:3239} INFO - Sync 1 DAGs
[2024-11-11T09:40:57.444+0000] {logging_mixin.py:190} INFO - [2024-11-11T09:40:57.444+0000] {dag.py:4180} INFO - Setting next_dagrun for example_task_group to None, run_after=None
[2024-11-11T09:40:57.471+0000] {processor.py:208} INFO - Processing /home/airflow/.local/lib/python3.12/site-packages/airflow/example_dags/example_task_group.py took 0.113 seconds
[2024-11-11T09:41:28.396+0000] {processor.py:186} INFO - Started process (PID=1782) to work on /home/airflow/.local/lib/python3.12/site-packages/airflow/example_dags/example_task_group.py
[2024-11-11T09:41:28.397+0000] {processor.py:914} INFO - Processing file /home/airflow/.local/lib/python3.12/site-packages/airflow/example_dags/example_task_group.py for tasks to queue
[2024-11-11T09:41:28.401+0000] {logging_mixin.py:190} INFO - [2024-11-11T09:41:28.400+0000] {dagbag.py:588} INFO - Filling up the DagBag from /home/airflow/.local/lib/python3.12/site-packages/airflow/example_dags/example_task_group.py
[2024-11-11T09:41:28.417+0000] {processor.py:925} INFO - DAG(s) 'example_task_group' retrieved from /home/airflow/.local/lib/python3.12/site-packages/airflow/example_dags/example_task_group.py
[2024-11-11T09:41:28.451+0000] {logging_mixin.py:190} INFO - [2024-11-11T09:41:28.450+0000] {dag.py:3239} INFO - Sync 1 DAGs
[2024-11-11T09:41:28.472+0000] {logging_mixin.py:190} INFO - [2024-11-11T09:41:28.472+0000] {dag.py:4180} INFO - Setting next_dagrun for example_task_group to None, run_after=None
[2024-11-11T09:41:28.499+0000] {processor.py:208} INFO - Processing /home/airflow/.local/lib/python3.12/site-packages/airflow/example_dags/example_task_group.py took 0.113 seconds
[2024-11-11T09:42:03.121+0000] {processor.py:186} INFO - Started process (PID=1855) to work on /home/airflow/.local/lib/python3.12/site-packages/airflow/example_dags/example_task_group.py
[2024-11-11T09:42:03.122+0000] {processor.py:914} INFO - Processing file /home/airflow/.local/lib/python3.12/site-packages/airflow/example_dags/example_task_group.py for tasks to queue
[2024-11-11T09:42:03.126+0000] {logging_mixin.py:190} INFO - [2024-11-11T09:42:03.126+0000] {dagbag.py:588} INFO - Filling up the DagBag from /home/airflow/.local/lib/python3.12/site-packages/airflow/example_dags/example_task_group.py
[2024-11-11T09:42:03.144+0000] {processor.py:925} INFO - DAG(s) 'example_task_group' retrieved from /home/airflow/.local/lib/python3.12/site-packages/airflow/example_dags/example_task_group.py
[2024-11-11T09:42:03.175+0000] {logging_mixin.py:190} INFO - [2024-11-11T09:42:03.175+0000] {dag.py:3239} INFO - Sync 1 DAGs
[2024-11-11T09:42:03.196+0000] {logging_mixin.py:190} INFO - [2024-11-11T09:42:03.195+0000] {dag.py:4180} INFO - Setting next_dagrun for example_task_group to None, run_after=None
[2024-11-11T09:42:03.220+0000] {processor.py:208} INFO - Processing /home/airflow/.local/lib/python3.12/site-packages/airflow/example_dags/example_task_group.py took 0.108 seconds
[2024-11-11T09:42:34.208+0000] {processor.py:186} INFO - Started process (PID=1919) to work on /home/airflow/.local/lib/python3.12/site-packages/airflow/example_dags/example_task_group.py
[2024-11-11T09:42:34.209+0000] {processor.py:914} INFO - Processing file /home/airflow/.local/lib/python3.12/site-packages/airflow/example_dags/example_task_group.py for tasks to queue
[2024-11-11T09:42:34.213+0000] {logging_mixin.py:190} INFO - [2024-11-11T09:42:34.213+0000] {dagbag.py:588} INFO - Filling up the DagBag from /home/airflow/.local/lib/python3.12/site-packages/airflow/example_dags/example_task_group.py
[2024-11-11T09:42:34.231+0000] {processor.py:925} INFO - DAG(s) 'example_task_group' retrieved from /home/airflow/.local/lib/python3.12/site-packages/airflow/example_dags/example_task_group.py
[2024-11-11T09:42:34.269+0000] {logging_mixin.py:190} INFO - [2024-11-11T09:42:34.269+0000] {dag.py:3239} INFO - Sync 1 DAGs
[2024-11-11T09:42:34.291+0000] {logging_mixin.py:190} INFO - [2024-11-11T09:42:34.290+0000] {dag.py:4180} INFO - Setting next_dagrun for example_task_group to None, run_after=None
[2024-11-11T09:42:34.318+0000] {processor.py:208} INFO - Processing /home/airflow/.local/lib/python3.12/site-packages/airflow/example_dags/example_task_group.py took 0.121 seconds
[2024-11-11T09:43:05.725+0000] {processor.py:186} INFO - Started process (PID=1982) to work on /home/airflow/.local/lib/python3.12/site-packages/airflow/example_dags/example_task_group.py
[2024-11-11T09:43:05.726+0000] {processor.py:914} INFO - Processing file /home/airflow/.local/lib/python3.12/site-packages/airflow/example_dags/example_task_group.py for tasks to queue
[2024-11-11T09:43:05.731+0000] {logging_mixin.py:190} INFO - [2024-11-11T09:43:05.731+0000] {dagbag.py:588} INFO - Filling up the DagBag from /home/airflow/.local/lib/python3.12/site-packages/airflow/example_dags/example_task_group.py
[2024-11-11T09:43:05.746+0000] {processor.py:925} INFO - DAG(s) 'example_task_group' retrieved from /home/airflow/.local/lib/python3.12/site-packages/airflow/example_dags/example_task_group.py
[2024-11-11T09:43:05.781+0000] {logging_mixin.py:190} INFO - [2024-11-11T09:43:05.780+0000] {dag.py:3239} INFO - Sync 1 DAGs
[2024-11-11T09:43:05.807+0000] {logging_mixin.py:190} INFO - [2024-11-11T09:43:05.807+0000] {dag.py:4180} INFO - Setting next_dagrun for example_task_group to None, run_after=None
[2024-11-11T09:43:05.831+0000] {processor.py:208} INFO - Processing /home/airflow/.local/lib/python3.12/site-packages/airflow/example_dags/example_task_group.py took 0.116 seconds
[2024-11-11T09:43:37.206+0000] {processor.py:186} INFO - Started process (PID=2046) to work on /home/airflow/.local/lib/python3.12/site-packages/airflow/example_dags/example_task_group.py
[2024-11-11T09:43:37.208+0000] {processor.py:914} INFO - Processing file /home/airflow/.local/lib/python3.12/site-packages/airflow/example_dags/example_task_group.py for tasks to queue
[2024-11-11T09:43:37.213+0000] {logging_mixin.py:190} INFO - [2024-11-11T09:43:37.212+0000] {dagbag.py:588} INFO - Filling up the DagBag from /home/airflow/.local/lib/python3.12/site-packages/airflow/example_dags/example_task_group.py
[2024-11-11T09:43:37.227+0000] {processor.py:925} INFO - DAG(s) 'example_task_group' retrieved from /home/airflow/.local/lib/python3.12/site-packages/airflow/example_dags/example_task_group.py
[2024-11-11T09:43:37.263+0000] {logging_mixin.py:190} INFO - [2024-11-11T09:43:37.262+0000] {dag.py:3239} INFO - Sync 1 DAGs
[2024-11-11T09:43:37.288+0000] {logging_mixin.py:190} INFO - [2024-11-11T09:43:37.287+0000] {dag.py:4180} INFO - Setting next_dagrun for example_task_group to None, run_after=None
[2024-11-11T09:43:37.314+0000] {processor.py:208} INFO - Processing /home/airflow/.local/lib/python3.12/site-packages/airflow/example_dags/example_task_group.py took 0.117 seconds
[2024-11-11T09:44:08.556+0000] {processor.py:186} INFO - Started process (PID=2116) to work on /home/airflow/.local/lib/python3.12/site-packages/airflow/example_dags/example_task_group.py
[2024-11-11T09:44:08.557+0000] {processor.py:914} INFO - Processing file /home/airflow/.local/lib/python3.12/site-packages/airflow/example_dags/example_task_group.py for tasks to queue
[2024-11-11T09:44:08.562+0000] {logging_mixin.py:190} INFO - [2024-11-11T09:44:08.561+0000] {dagbag.py:588} INFO - Filling up the DagBag from /home/airflow/.local/lib/python3.12/site-packages/airflow/example_dags/example_task_group.py
[2024-11-11T09:44:08.577+0000] {processor.py:925} INFO - DAG(s) 'example_task_group' retrieved from /home/airflow/.local/lib/python3.12/site-packages/airflow/example_dags/example_task_group.py
[2024-11-11T09:44:08.612+0000] {logging_mixin.py:190} INFO - [2024-11-11T09:44:08.612+0000] {dag.py:3239} INFO - Sync 1 DAGs
[2024-11-11T09:44:08.637+0000] {logging_mixin.py:190} INFO - [2024-11-11T09:44:08.636+0000] {dag.py:4180} INFO - Setting next_dagrun for example_task_group to None, run_after=None
[2024-11-11T09:44:08.664+0000] {processor.py:208} INFO - Processing /home/airflow/.local/lib/python3.12/site-packages/airflow/example_dags/example_task_group.py took 0.118 seconds
[2024-11-11T09:44:40.089+0000] {processor.py:186} INFO - Started process (PID=2180) to work on /home/airflow/.local/lib/python3.12/site-packages/airflow/example_dags/example_task_group.py
[2024-11-11T09:44:40.091+0000] {processor.py:914} INFO - Processing file /home/airflow/.local/lib/python3.12/site-packages/airflow/example_dags/example_task_group.py for tasks to queue
[2024-11-11T09:44:40.095+0000] {logging_mixin.py:190} INFO - [2024-11-11T09:44:40.094+0000] {dagbag.py:588} INFO - Filling up the DagBag from /home/airflow/.local/lib/python3.12/site-packages/airflow/example_dags/example_task_group.py
[2024-11-11T09:44:40.109+0000] {processor.py:925} INFO - DAG(s) 'example_task_group' retrieved from /home/airflow/.local/lib/python3.12/site-packages/airflow/example_dags/example_task_group.py
[2024-11-11T09:44:40.143+0000] {logging_mixin.py:190} INFO - [2024-11-11T09:44:40.143+0000] {dag.py:3239} INFO - Sync 1 DAGs
[2024-11-11T09:44:40.165+0000] {logging_mixin.py:190} INFO - [2024-11-11T09:44:40.164+0000] {dag.py:4180} INFO - Setting next_dagrun for example_task_group to None, run_after=None
[2024-11-11T09:44:40.193+0000] {processor.py:208} INFO - Processing /home/airflow/.local/lib/python3.12/site-packages/airflow/example_dags/example_task_group.py took 0.114 seconds
[2024-11-11T09:45:11.919+0000] {processor.py:186} INFO - Started process (PID=2244) to work on /home/airflow/.local/lib/python3.12/site-packages/airflow/example_dags/example_task_group.py
[2024-11-11T09:45:11.920+0000] {processor.py:914} INFO - Processing file /home/airflow/.local/lib/python3.12/site-packages/airflow/example_dags/example_task_group.py for tasks to queue
[2024-11-11T09:45:11.925+0000] {logging_mixin.py:190} INFO - [2024-11-11T09:45:11.924+0000] {dagbag.py:588} INFO - Filling up the DagBag from /home/airflow/.local/lib/python3.12/site-packages/airflow/example_dags/example_task_group.py
[2024-11-11T09:45:11.940+0000] {processor.py:925} INFO - DAG(s) 'example_task_group' retrieved from /home/airflow/.local/lib/python3.12/site-packages/airflow/example_dags/example_task_group.py
[2024-11-11T09:45:11.972+0000] {logging_mixin.py:190} INFO - [2024-11-11T09:45:11.971+0000] {dag.py:3239} INFO - Sync 1 DAGs
[2024-11-11T09:45:11.993+0000] {logging_mixin.py:190} INFO - [2024-11-11T09:45:11.992+0000] {dag.py:4180} INFO - Setting next_dagrun for example_task_group to None, run_after=None
[2024-11-11T09:45:12.017+0000] {processor.py:208} INFO - Processing /home/airflow/.local/lib/python3.12/site-packages/airflow/example_dags/example_task_group.py took 0.108 seconds
[2024-11-11T09:45:43.313+0000] {processor.py:186} INFO - Started process (PID=2308) to work on /home/airflow/.local/lib/python3.12/site-packages/airflow/example_dags/example_task_group.py
[2024-11-11T09:45:43.314+0000] {processor.py:914} INFO - Processing file /home/airflow/.local/lib/python3.12/site-packages/airflow/example_dags/example_task_group.py for tasks to queue
[2024-11-11T09:45:43.318+0000] {logging_mixin.py:190} INFO - [2024-11-11T09:45:43.318+0000] {dagbag.py:588} INFO - Filling up the DagBag from /home/airflow/.local/lib/python3.12/site-packages/airflow/example_dags/example_task_group.py
[2024-11-11T09:45:43.334+0000] {processor.py:925} INFO - DAG(s) 'example_task_group' retrieved from /home/airflow/.local/lib/python3.12/site-packages/airflow/example_dags/example_task_group.py
[2024-11-11T09:45:43.369+0000] {logging_mixin.py:190} INFO - [2024-11-11T09:45:43.368+0000] {dag.py:3239} INFO - Sync 1 DAGs
[2024-11-11T09:45:43.390+0000] {logging_mixin.py:190} INFO - [2024-11-11T09:45:43.390+0000] {dag.py:4180} INFO - Setting next_dagrun for example_task_group to None, run_after=None
[2024-11-11T09:45:43.415+0000] {processor.py:208} INFO - Processing /home/airflow/.local/lib/python3.12/site-packages/airflow/example_dags/example_task_group.py took 0.113 seconds
[2024-11-11T09:46:15.759+0000] {processor.py:186} INFO - Started process (PID=2373) to work on /home/airflow/.local/lib/python3.12/site-packages/airflow/example_dags/example_task_group.py
[2024-11-11T09:46:15.760+0000] {processor.py:914} INFO - Processing file /home/airflow/.local/lib/python3.12/site-packages/airflow/example_dags/example_task_group.py for tasks to queue
[2024-11-11T09:46:15.764+0000] {logging_mixin.py:190} INFO - [2024-11-11T09:46:15.764+0000] {dagbag.py:588} INFO - Filling up the DagBag from /home/airflow/.local/lib/python3.12/site-packages/airflow/example_dags/example_task_group.py
[2024-11-11T09:46:15.779+0000] {processor.py:925} INFO - DAG(s) 'example_task_group' retrieved from /home/airflow/.local/lib/python3.12/site-packages/airflow/example_dags/example_task_group.py
[2024-11-11T09:46:15.819+0000] {logging_mixin.py:190} INFO - [2024-11-11T09:46:15.818+0000] {dag.py:3239} INFO - Sync 1 DAGs
[2024-11-11T09:46:15.841+0000] {logging_mixin.py:190} INFO - [2024-11-11T09:46:15.840+0000] {dag.py:4180} INFO - Setting next_dagrun for example_task_group to None, run_after=None
[2024-11-11T09:46:15.869+0000] {processor.py:208} INFO - Processing /home/airflow/.local/lib/python3.12/site-packages/airflow/example_dags/example_task_group.py took 0.120 seconds
[2024-11-11T09:46:47.954+0000] {processor.py:186} INFO - Started process (PID=2436) to work on /home/airflow/.local/lib/python3.12/site-packages/airflow/example_dags/example_task_group.py
[2024-11-11T09:46:47.955+0000] {processor.py:914} INFO - Processing file /home/airflow/.local/lib/python3.12/site-packages/airflow/example_dags/example_task_group.py for tasks to queue
[2024-11-11T09:46:47.959+0000] {logging_mixin.py:190} INFO - [2024-11-11T09:46:47.959+0000] {dagbag.py:588} INFO - Filling up the DagBag from /home/airflow/.local/lib/python3.12/site-packages/airflow/example_dags/example_task_group.py
[2024-11-11T09:46:47.974+0000] {processor.py:925} INFO - DAG(s) 'example_task_group' retrieved from /home/airflow/.local/lib/python3.12/site-packages/airflow/example_dags/example_task_group.py
[2024-11-11T09:46:48.009+0000] {logging_mixin.py:190} INFO - [2024-11-11T09:46:48.009+0000] {dag.py:3239} INFO - Sync 1 DAGs
[2024-11-11T09:46:48.032+0000] {logging_mixin.py:190} INFO - [2024-11-11T09:46:48.032+0000] {dag.py:4180} INFO - Setting next_dagrun for example_task_group to None, run_after=None
[2024-11-11T09:46:48.059+0000] {processor.py:208} INFO - Processing /home/airflow/.local/lib/python3.12/site-packages/airflow/example_dags/example_task_group.py took 0.114 seconds
[2024-11-11T09:47:19.478+0000] {processor.py:186} INFO - Started process (PID=2500) to work on /home/airflow/.local/lib/python3.12/site-packages/airflow/example_dags/example_task_group.py
[2024-11-11T09:47:19.479+0000] {processor.py:914} INFO - Processing file /home/airflow/.local/lib/python3.12/site-packages/airflow/example_dags/example_task_group.py for tasks to queue
[2024-11-11T09:47:19.483+0000] {logging_mixin.py:190} INFO - [2024-11-11T09:47:19.483+0000] {dagbag.py:588} INFO - Filling up the DagBag from /home/airflow/.local/lib/python3.12/site-packages/airflow/example_dags/example_task_group.py
[2024-11-11T09:47:19.498+0000] {processor.py:925} INFO - DAG(s) 'example_task_group' retrieved from /home/airflow/.local/lib/python3.12/site-packages/airflow/example_dags/example_task_group.py
[2024-11-11T09:47:19.530+0000] {logging_mixin.py:190} INFO - [2024-11-11T09:47:19.530+0000] {dag.py:3239} INFO - Sync 1 DAGs
[2024-11-11T09:47:19.551+0000] {logging_mixin.py:190} INFO - [2024-11-11T09:47:19.551+0000] {dag.py:4180} INFO - Setting next_dagrun for example_task_group to None, run_after=None
[2024-11-11T09:47:19.585+0000] {processor.py:208} INFO - Processing /home/airflow/.local/lib/python3.12/site-packages/airflow/example_dags/example_task_group.py took 0.117 seconds
[2024-11-11T09:47:51.761+0000] {processor.py:186} INFO - Started process (PID=2564) to work on /home/airflow/.local/lib/python3.12/site-packages/airflow/example_dags/example_task_group.py
[2024-11-11T09:47:51.762+0000] {processor.py:914} INFO - Processing file /home/airflow/.local/lib/python3.12/site-packages/airflow/example_dags/example_task_group.py for tasks to queue
[2024-11-11T09:47:51.767+0000] {logging_mixin.py:190} INFO - [2024-11-11T09:47:51.766+0000] {dagbag.py:588} INFO - Filling up the DagBag from /home/airflow/.local/lib/python3.12/site-packages/airflow/example_dags/example_task_group.py
[2024-11-11T09:47:51.781+0000] {processor.py:925} INFO - DAG(s) 'example_task_group' retrieved from /home/airflow/.local/lib/python3.12/site-packages/airflow/example_dags/example_task_group.py
[2024-11-11T09:47:51.817+0000] {logging_mixin.py:190} INFO - [2024-11-11T09:47:51.816+0000] {dag.py:3239} INFO - Sync 1 DAGs
[2024-11-11T09:47:51.838+0000] {logging_mixin.py:190} INFO - [2024-11-11T09:47:51.837+0000] {dag.py:4180} INFO - Setting next_dagrun for example_task_group to None, run_after=None
[2024-11-11T09:47:51.863+0000] {processor.py:208} INFO - Processing /home/airflow/.local/lib/python3.12/site-packages/airflow/example_dags/example_task_group.py took 0.111 seconds
[2024-11-11T09:48:24.595+0000] {processor.py:186} INFO - Started process (PID=2629) to work on /home/airflow/.local/lib/python3.12/site-packages/airflow/example_dags/example_task_group.py
[2024-11-11T09:48:24.596+0000] {processor.py:914} INFO - Processing file /home/airflow/.local/lib/python3.12/site-packages/airflow/example_dags/example_task_group.py for tasks to queue
[2024-11-11T09:48:24.600+0000] {logging_mixin.py:190} INFO - [2024-11-11T09:48:24.600+0000] {dagbag.py:588} INFO - Filling up the DagBag from /home/airflow/.local/lib/python3.12/site-packages/airflow/example_dags/example_task_group.py
[2024-11-11T09:48:24.615+0000] {processor.py:925} INFO - DAG(s) 'example_task_group' retrieved from /home/airflow/.local/lib/python3.12/site-packages/airflow/example_dags/example_task_group.py
[2024-11-11T09:48:24.648+0000] {logging_mixin.py:190} INFO - [2024-11-11T09:48:24.647+0000] {dag.py:3239} INFO - Sync 1 DAGs
[2024-11-11T09:48:24.670+0000] {logging_mixin.py:190} INFO - [2024-11-11T09:48:24.670+0000] {dag.py:4180} INFO - Setting next_dagrun for example_task_group to None, run_after=None
[2024-11-11T09:48:24.696+0000] {processor.py:208} INFO - Processing /home/airflow/.local/lib/python3.12/site-packages/airflow/example_dags/example_task_group.py took 0.111 seconds
[2024-11-11T09:48:56.448+0000] {processor.py:186} INFO - Started process (PID=2693) to work on /home/airflow/.local/lib/python3.12/site-packages/airflow/example_dags/example_task_group.py
[2024-11-11T09:48:56.449+0000] {processor.py:914} INFO - Processing file /home/airflow/.local/lib/python3.12/site-packages/airflow/example_dags/example_task_group.py for tasks to queue
[2024-11-11T09:48:56.454+0000] {logging_mixin.py:190} INFO - [2024-11-11T09:48:56.454+0000] {dagbag.py:588} INFO - Filling up the DagBag from /home/airflow/.local/lib/python3.12/site-packages/airflow/example_dags/example_task_group.py
[2024-11-11T09:48:56.474+0000] {processor.py:925} INFO - DAG(s) 'example_task_group' retrieved from /home/airflow/.local/lib/python3.12/site-packages/airflow/example_dags/example_task_group.py
[2024-11-11T09:48:56.518+0000] {logging_mixin.py:190} INFO - [2024-11-11T09:48:56.518+0000] {dag.py:3239} INFO - Sync 1 DAGs
[2024-11-11T09:48:56.548+0000] {logging_mixin.py:190} INFO - [2024-11-11T09:48:56.548+0000] {dag.py:4180} INFO - Setting next_dagrun for example_task_group to None, run_after=None
[2024-11-11T09:48:56.585+0000] {processor.py:208} INFO - Processing /home/airflow/.local/lib/python3.12/site-packages/airflow/example_dags/example_task_group.py took 0.149 seconds
[2024-11-11T09:49:28.098+0000] {processor.py:186} INFO - Started process (PID=2756) to work on /home/airflow/.local/lib/python3.12/site-packages/airflow/example_dags/example_task_group.py
[2024-11-11T09:49:28.099+0000] {processor.py:914} INFO - Processing file /home/airflow/.local/lib/python3.12/site-packages/airflow/example_dags/example_task_group.py for tasks to queue
[2024-11-11T09:49:28.103+0000] {logging_mixin.py:190} INFO - [2024-11-11T09:49:28.103+0000] {dagbag.py:588} INFO - Filling up the DagBag from /home/airflow/.local/lib/python3.12/site-packages/airflow/example_dags/example_task_group.py
[2024-11-11T09:49:28.119+0000] {processor.py:925} INFO - DAG(s) 'example_task_group' retrieved from /home/airflow/.local/lib/python3.12/site-packages/airflow/example_dags/example_task_group.py
[2024-11-11T09:49:28.153+0000] {logging_mixin.py:190} INFO - [2024-11-11T09:49:28.153+0000] {dag.py:3239} INFO - Sync 1 DAGs
[2024-11-11T09:49:28.175+0000] {logging_mixin.py:190} INFO - [2024-11-11T09:49:28.175+0000] {dag.py:4180} INFO - Setting next_dagrun for example_task_group to None, run_after=None
[2024-11-11T09:49:28.203+0000] {processor.py:208} INFO - Processing /home/airflow/.local/lib/python3.12/site-packages/airflow/example_dags/example_task_group.py took 0.117 seconds
[2024-11-11T09:49:59.468+0000] {processor.py:186} INFO - Started process (PID=2820) to work on /home/airflow/.local/lib/python3.12/site-packages/airflow/example_dags/example_task_group.py
[2024-11-11T09:49:59.470+0000] {processor.py:914} INFO - Processing file /home/airflow/.local/lib/python3.12/site-packages/airflow/example_dags/example_task_group.py for tasks to queue
[2024-11-11T09:49:59.478+0000] {logging_mixin.py:190} INFO - [2024-11-11T09:49:59.477+0000] {dagbag.py:588} INFO - Filling up the DagBag from /home/airflow/.local/lib/python3.12/site-packages/airflow/example_dags/example_task_group.py
[2024-11-11T09:49:59.509+0000] {processor.py:925} INFO - DAG(s) 'example_task_group' retrieved from /home/airflow/.local/lib/python3.12/site-packages/airflow/example_dags/example_task_group.py
[2024-11-11T09:49:59.560+0000] {logging_mixin.py:190} INFO - [2024-11-11T09:49:59.559+0000] {dag.py:3239} INFO - Sync 1 DAGs
[2024-11-11T09:49:59.585+0000] {logging_mixin.py:190} INFO - [2024-11-11T09:49:59.584+0000] {dag.py:4180} INFO - Setting next_dagrun for example_task_group to None, run_after=None
[2024-11-11T09:49:59.614+0000] {processor.py:208} INFO - Processing /home/airflow/.local/lib/python3.12/site-packages/airflow/example_dags/example_task_group.py took 0.161 seconds
[2024-11-11T09:50:32.213+0000] {processor.py:186} INFO - Started process (PID=2885) to work on /home/airflow/.local/lib/python3.12/site-packages/airflow/example_dags/example_task_group.py
[2024-11-11T09:50:32.215+0000] {processor.py:914} INFO - Processing file /home/airflow/.local/lib/python3.12/site-packages/airflow/example_dags/example_task_group.py for tasks to queue
[2024-11-11T09:50:32.219+0000] {logging_mixin.py:190} INFO - [2024-11-11T09:50:32.218+0000] {dagbag.py:588} INFO - Filling up the DagBag from /home/airflow/.local/lib/python3.12/site-packages/airflow/example_dags/example_task_group.py
[2024-11-11T09:50:32.234+0000] {processor.py:925} INFO - DAG(s) 'example_task_group' retrieved from /home/airflow/.local/lib/python3.12/site-packages/airflow/example_dags/example_task_group.py
[2024-11-11T09:50:32.266+0000] {logging_mixin.py:190} INFO - [2024-11-11T09:50:32.266+0000] {dag.py:3239} INFO - Sync 1 DAGs
[2024-11-11T09:50:32.289+0000] {logging_mixin.py:190} INFO - [2024-11-11T09:50:32.288+0000] {dag.py:4180} INFO - Setting next_dagrun for example_task_group to None, run_after=None
[2024-11-11T09:50:32.313+0000] {processor.py:208} INFO - Processing /home/airflow/.local/lib/python3.12/site-packages/airflow/example_dags/example_task_group.py took 0.110 seconds
[2024-11-11T09:51:03.014+0000] {processor.py:186} INFO - Started process (PID=2949) to work on /home/airflow/.local/lib/python3.12/site-packages/airflow/example_dags/example_task_group.py
[2024-11-11T09:51:03.015+0000] {processor.py:914} INFO - Processing file /home/airflow/.local/lib/python3.12/site-packages/airflow/example_dags/example_task_group.py for tasks to queue
[2024-11-11T09:51:03.019+0000] {logging_mixin.py:190} INFO - [2024-11-11T09:51:03.019+0000] {dagbag.py:588} INFO - Filling up the DagBag from /home/airflow/.local/lib/python3.12/site-packages/airflow/example_dags/example_task_group.py
[2024-11-11T09:51:03.036+0000] {processor.py:925} INFO - DAG(s) 'example_task_group' retrieved from /home/airflow/.local/lib/python3.12/site-packages/airflow/example_dags/example_task_group.py
[2024-11-11T09:51:03.077+0000] {logging_mixin.py:190} INFO - [2024-11-11T09:51:03.076+0000] {dag.py:3239} INFO - Sync 1 DAGs
[2024-11-11T09:51:03.100+0000] {logging_mixin.py:190} INFO - [2024-11-11T09:51:03.099+0000] {dag.py:4180} INFO - Setting next_dagrun for example_task_group to None, run_after=None
[2024-11-11T09:51:03.129+0000] {processor.py:208} INFO - Processing /home/airflow/.local/lib/python3.12/site-packages/airflow/example_dags/example_task_group.py took 0.125 seconds
[2024-11-11T09:51:34.699+0000] {processor.py:186} INFO - Started process (PID=3013) to work on /home/airflow/.local/lib/python3.12/site-packages/airflow/example_dags/example_task_group.py
[2024-11-11T09:51:34.700+0000] {processor.py:914} INFO - Processing file /home/airflow/.local/lib/python3.12/site-packages/airflow/example_dags/example_task_group.py for tasks to queue
[2024-11-11T09:51:34.704+0000] {logging_mixin.py:190} INFO - [2024-11-11T09:51:34.704+0000] {dagbag.py:588} INFO - Filling up the DagBag from /home/airflow/.local/lib/python3.12/site-packages/airflow/example_dags/example_task_group.py
[2024-11-11T09:51:34.719+0000] {processor.py:925} INFO - DAG(s) 'example_task_group' retrieved from /home/airflow/.local/lib/python3.12/site-packages/airflow/example_dags/example_task_group.py
[2024-11-11T09:51:34.756+0000] {logging_mixin.py:190} INFO - [2024-11-11T09:51:34.755+0000] {dag.py:3239} INFO - Sync 1 DAGs
[2024-11-11T09:51:34.781+0000] {logging_mixin.py:190} INFO - [2024-11-11T09:51:34.781+0000] {dag.py:4180} INFO - Setting next_dagrun for example_task_group to None, run_after=None
[2024-11-11T09:51:34.813+0000] {processor.py:208} INFO - Processing /home/airflow/.local/lib/python3.12/site-packages/airflow/example_dags/example_task_group.py took 0.124 seconds
[2024-11-11T09:52:07.391+0000] {processor.py:186} INFO - Started process (PID=3077) to work on /home/airflow/.local/lib/python3.12/site-packages/airflow/example_dags/example_task_group.py
[2024-11-11T09:52:07.392+0000] {processor.py:914} INFO - Processing file /home/airflow/.local/lib/python3.12/site-packages/airflow/example_dags/example_task_group.py for tasks to queue
[2024-11-11T09:52:07.396+0000] {logging_mixin.py:190} INFO - [2024-11-11T09:52:07.396+0000] {dagbag.py:588} INFO - Filling up the DagBag from /home/airflow/.local/lib/python3.12/site-packages/airflow/example_dags/example_task_group.py
[2024-11-11T09:52:07.411+0000] {processor.py:925} INFO - DAG(s) 'example_task_group' retrieved from /home/airflow/.local/lib/python3.12/site-packages/airflow/example_dags/example_task_group.py
[2024-11-11T09:52:07.751+0000] {logging_mixin.py:190} INFO - [2024-11-11T09:52:07.751+0000] {dag.py:3239} INFO - Sync 1 DAGs
[2024-11-11T09:52:07.768+0000] {logging_mixin.py:190} INFO - [2024-11-11T09:52:07.768+0000] {dag.py:4180} INFO - Setting next_dagrun for example_task_group to None, run_after=None
[2024-11-11T09:52:07.793+0000] {processor.py:208} INFO - Processing /home/airflow/.local/lib/python3.12/site-packages/airflow/example_dags/example_task_group.py took 0.412 seconds
[2024-11-11T09:52:38.044+0000] {processor.py:186} INFO - Started process (PID=3140) to work on /home/airflow/.local/lib/python3.12/site-packages/airflow/example_dags/example_task_group.py
[2024-11-11T09:52:38.045+0000] {processor.py:914} INFO - Processing file /home/airflow/.local/lib/python3.12/site-packages/airflow/example_dags/example_task_group.py for tasks to queue
[2024-11-11T09:52:38.049+0000] {logging_mixin.py:190} INFO - [2024-11-11T09:52:38.048+0000] {dagbag.py:588} INFO - Filling up the DagBag from /home/airflow/.local/lib/python3.12/site-packages/airflow/example_dags/example_task_group.py
[2024-11-11T09:52:38.063+0000] {processor.py:925} INFO - DAG(s) 'example_task_group' retrieved from /home/airflow/.local/lib/python3.12/site-packages/airflow/example_dags/example_task_group.py
[2024-11-11T09:52:38.099+0000] {logging_mixin.py:190} INFO - [2024-11-11T09:52:38.099+0000] {dag.py:3239} INFO - Sync 1 DAGs
[2024-11-11T09:52:38.122+0000] {logging_mixin.py:190} INFO - [2024-11-11T09:52:38.121+0000] {dag.py:4180} INFO - Setting next_dagrun for example_task_group to None, run_after=None
[2024-11-11T09:52:38.151+0000] {processor.py:208} INFO - Processing /home/airflow/.local/lib/python3.12/site-packages/airflow/example_dags/example_task_group.py took 0.116 seconds
[2024-11-11T09:53:09.974+0000] {processor.py:186} INFO - Started process (PID=3203) to work on /home/airflow/.local/lib/python3.12/site-packages/airflow/example_dags/example_task_group.py
[2024-11-11T09:53:09.975+0000] {processor.py:914} INFO - Processing file /home/airflow/.local/lib/python3.12/site-packages/airflow/example_dags/example_task_group.py for tasks to queue
[2024-11-11T09:53:09.978+0000] {logging_mixin.py:190} INFO - [2024-11-11T09:53:09.977+0000] {dagbag.py:588} INFO - Filling up the DagBag from /home/airflow/.local/lib/python3.12/site-packages/airflow/example_dags/example_task_group.py
[2024-11-11T09:53:09.989+0000] {processor.py:925} INFO - DAG(s) 'example_task_group' retrieved from /home/airflow/.local/lib/python3.12/site-packages/airflow/example_dags/example_task_group.py
[2024-11-11T09:53:10.019+0000] {logging_mixin.py:190} INFO - [2024-11-11T09:53:10.019+0000] {dag.py:3239} INFO - Sync 1 DAGs
[2024-11-11T09:53:10.039+0000] {logging_mixin.py:190} INFO - [2024-11-11T09:53:10.039+0000] {dag.py:4180} INFO - Setting next_dagrun for example_task_group to None, run_after=None
[2024-11-11T09:53:10.069+0000] {processor.py:208} INFO - Processing /home/airflow/.local/lib/python3.12/site-packages/airflow/example_dags/example_task_group.py took 0.105 seconds
[2024-11-11T09:53:41.354+0000] {processor.py:186} INFO - Started process (PID=3273) to work on /home/airflow/.local/lib/python3.12/site-packages/airflow/example_dags/example_task_group.py
[2024-11-11T09:53:41.355+0000] {processor.py:914} INFO - Processing file /home/airflow/.local/lib/python3.12/site-packages/airflow/example_dags/example_task_group.py for tasks to queue
[2024-11-11T09:53:41.358+0000] {logging_mixin.py:190} INFO - [2024-11-11T09:53:41.357+0000] {dagbag.py:588} INFO - Filling up the DagBag from /home/airflow/.local/lib/python3.12/site-packages/airflow/example_dags/example_task_group.py
[2024-11-11T09:53:41.370+0000] {processor.py:925} INFO - DAG(s) 'example_task_group' retrieved from /home/airflow/.local/lib/python3.12/site-packages/airflow/example_dags/example_task_group.py
[2024-11-11T09:53:41.401+0000] {logging_mixin.py:190} INFO - [2024-11-11T09:53:41.400+0000] {dag.py:3239} INFO - Sync 1 DAGs
[2024-11-11T09:53:41.420+0000] {logging_mixin.py:190} INFO - [2024-11-11T09:53:41.420+0000] {dag.py:4180} INFO - Setting next_dagrun for example_task_group to None, run_after=None
[2024-11-11T09:53:41.444+0000] {processor.py:208} INFO - Processing /home/airflow/.local/lib/python3.12/site-packages/airflow/example_dags/example_task_group.py took 0.098 seconds
[2024-11-11T09:54:12.869+0000] {processor.py:186} INFO - Started process (PID=3339) to work on /home/airflow/.local/lib/python3.12/site-packages/airflow/example_dags/example_task_group.py
[2024-11-11T09:54:12.871+0000] {processor.py:914} INFO - Processing file /home/airflow/.local/lib/python3.12/site-packages/airflow/example_dags/example_task_group.py for tasks to queue
[2024-11-11T09:54:12.878+0000] {logging_mixin.py:190} INFO - [2024-11-11T09:54:12.876+0000] {dagbag.py:588} INFO - Filling up the DagBag from /home/airflow/.local/lib/python3.12/site-packages/airflow/example_dags/example_task_group.py
[2024-11-11T09:54:12.907+0000] {processor.py:925} INFO - DAG(s) 'example_task_group' retrieved from /home/airflow/.local/lib/python3.12/site-packages/airflow/example_dags/example_task_group.py
[2024-11-11T09:54:12.961+0000] {logging_mixin.py:190} INFO - [2024-11-11T09:54:12.961+0000] {dag.py:3239} INFO - Sync 1 DAGs
[2024-11-11T09:54:12.993+0000] {logging_mixin.py:190} INFO - [2024-11-11T09:54:12.992+0000] {dag.py:4180} INFO - Setting next_dagrun for example_task_group to None, run_after=None
[2024-11-11T09:54:13.028+0000] {processor.py:208} INFO - Processing /home/airflow/.local/lib/python3.12/site-packages/airflow/example_dags/example_task_group.py took 0.169 seconds
[2024-11-11T09:54:44.632+0000] {processor.py:186} INFO - Started process (PID=3404) to work on /home/airflow/.local/lib/python3.12/site-packages/airflow/example_dags/example_task_group.py
[2024-11-11T09:54:44.633+0000] {processor.py:914} INFO - Processing file /home/airflow/.local/lib/python3.12/site-packages/airflow/example_dags/example_task_group.py for tasks to queue
[2024-11-11T09:54:44.637+0000] {logging_mixin.py:190} INFO - [2024-11-11T09:54:44.637+0000] {dagbag.py:588} INFO - Filling up the DagBag from /home/airflow/.local/lib/python3.12/site-packages/airflow/example_dags/example_task_group.py
[2024-11-11T09:54:44.652+0000] {processor.py:925} INFO - DAG(s) 'example_task_group' retrieved from /home/airflow/.local/lib/python3.12/site-packages/airflow/example_dags/example_task_group.py
[2024-11-11T09:54:44.686+0000] {logging_mixin.py:190} INFO - [2024-11-11T09:54:44.686+0000] {dag.py:3239} INFO - Sync 1 DAGs
[2024-11-11T09:54:44.708+0000] {logging_mixin.py:190} INFO - [2024-11-11T09:54:44.708+0000] {dag.py:4180} INFO - Setting next_dagrun for example_task_group to None, run_after=None
[2024-11-11T09:54:44.739+0000] {processor.py:208} INFO - Processing /home/airflow/.local/lib/python3.12/site-packages/airflow/example_dags/example_task_group.py took 0.117 seconds
[2024-11-11T09:55:16.988+0000] {processor.py:186} INFO - Started process (PID=3471) to work on /home/airflow/.local/lib/python3.12/site-packages/airflow/example_dags/example_task_group.py
[2024-11-11T09:55:16.990+0000] {processor.py:914} INFO - Processing file /home/airflow/.local/lib/python3.12/site-packages/airflow/example_dags/example_task_group.py for tasks to queue
[2024-11-11T09:55:16.995+0000] {logging_mixin.py:190} INFO - [2024-11-11T09:55:16.994+0000] {dagbag.py:588} INFO - Filling up the DagBag from /home/airflow/.local/lib/python3.12/site-packages/airflow/example_dags/example_task_group.py
[2024-11-11T09:55:17.011+0000] {processor.py:925} INFO - DAG(s) 'example_task_group' retrieved from /home/airflow/.local/lib/python3.12/site-packages/airflow/example_dags/example_task_group.py
[2024-11-11T09:55:17.052+0000] {logging_mixin.py:190} INFO - [2024-11-11T09:55:17.051+0000] {dag.py:3239} INFO - Sync 1 DAGs
[2024-11-11T09:55:17.081+0000] {logging_mixin.py:190} INFO - [2024-11-11T09:55:17.081+0000] {dag.py:4180} INFO - Setting next_dagrun for example_task_group to None, run_after=None
[2024-11-11T09:55:17.109+0000] {processor.py:208} INFO - Processing /home/airflow/.local/lib/python3.12/site-packages/airflow/example_dags/example_task_group.py took 0.132 seconds
[2024-11-11T09:55:47.502+0000] {processor.py:186} INFO - Started process (PID=3534) to work on /home/airflow/.local/lib/python3.12/site-packages/airflow/example_dags/example_task_group.py
[2024-11-11T09:55:47.504+0000] {processor.py:914} INFO - Processing file /home/airflow/.local/lib/python3.12/site-packages/airflow/example_dags/example_task_group.py for tasks to queue
[2024-11-11T09:55:47.507+0000] {logging_mixin.py:190} INFO - [2024-11-11T09:55:47.507+0000] {dagbag.py:588} INFO - Filling up the DagBag from /home/airflow/.local/lib/python3.12/site-packages/airflow/example_dags/example_task_group.py
[2024-11-11T09:55:47.522+0000] {processor.py:925} INFO - DAG(s) 'example_task_group' retrieved from /home/airflow/.local/lib/python3.12/site-packages/airflow/example_dags/example_task_group.py
[2024-11-11T09:55:47.559+0000] {logging_mixin.py:190} INFO - [2024-11-11T09:55:47.558+0000] {dag.py:3239} INFO - Sync 1 DAGs
[2024-11-11T09:55:47.581+0000] {logging_mixin.py:190} INFO - [2024-11-11T09:55:47.580+0000] {dag.py:4180} INFO - Setting next_dagrun for example_task_group to None, run_after=None
[2024-11-11T09:55:47.609+0000] {processor.py:208} INFO - Processing /home/airflow/.local/lib/python3.12/site-packages/airflow/example_dags/example_task_group.py took 0.115 seconds
[2024-11-11T09:56:18.886+0000] {processor.py:186} INFO - Started process (PID=3598) to work on /home/airflow/.local/lib/python3.12/site-packages/airflow/example_dags/example_task_group.py
[2024-11-11T09:56:18.887+0000] {processor.py:914} INFO - Processing file /home/airflow/.local/lib/python3.12/site-packages/airflow/example_dags/example_task_group.py for tasks to queue
[2024-11-11T09:56:18.891+0000] {logging_mixin.py:190} INFO - [2024-11-11T09:56:18.891+0000] {dagbag.py:588} INFO - Filling up the DagBag from /home/airflow/.local/lib/python3.12/site-packages/airflow/example_dags/example_task_group.py
[2024-11-11T09:56:18.906+0000] {processor.py:925} INFO - DAG(s) 'example_task_group' retrieved from /home/airflow/.local/lib/python3.12/site-packages/airflow/example_dags/example_task_group.py
[2024-11-11T09:56:18.940+0000] {logging_mixin.py:190} INFO - [2024-11-11T09:56:18.940+0000] {dag.py:3239} INFO - Sync 1 DAGs
[2024-11-11T09:56:18.963+0000] {logging_mixin.py:190} INFO - [2024-11-11T09:56:18.963+0000] {dag.py:4180} INFO - Setting next_dagrun for example_task_group to None, run_after=None
[2024-11-11T09:56:18.989+0000] {processor.py:208} INFO - Processing /home/airflow/.local/lib/python3.12/site-packages/airflow/example_dags/example_task_group.py took 0.112 seconds
[2024-11-11T09:56:50.108+0000] {processor.py:186} INFO - Started process (PID=3662) to work on /home/airflow/.local/lib/python3.12/site-packages/airflow/example_dags/example_task_group.py
[2024-11-11T09:56:50.109+0000] {processor.py:914} INFO - Processing file /home/airflow/.local/lib/python3.12/site-packages/airflow/example_dags/example_task_group.py for tasks to queue
[2024-11-11T09:56:50.113+0000] {logging_mixin.py:190} INFO - [2024-11-11T09:56:50.113+0000] {dagbag.py:588} INFO - Filling up the DagBag from /home/airflow/.local/lib/python3.12/site-packages/airflow/example_dags/example_task_group.py
[2024-11-11T09:56:50.129+0000] {processor.py:925} INFO - DAG(s) 'example_task_group' retrieved from /home/airflow/.local/lib/python3.12/site-packages/airflow/example_dags/example_task_group.py
[2024-11-11T09:56:50.162+0000] {logging_mixin.py:190} INFO - [2024-11-11T09:56:50.162+0000] {dag.py:3239} INFO - Sync 1 DAGs
[2024-11-11T09:56:50.186+0000] {logging_mixin.py:190} INFO - [2024-11-11T09:56:50.186+0000] {dag.py:4180} INFO - Setting next_dagrun for example_task_group to None, run_after=None
[2024-11-11T09:56:50.211+0000] {processor.py:208} INFO - Processing /home/airflow/.local/lib/python3.12/site-packages/airflow/example_dags/example_task_group.py took 0.112 seconds
[2024-11-11T09:57:21.080+0000] {processor.py:186} INFO - Started process (PID=3726) to work on /home/airflow/.local/lib/python3.12/site-packages/airflow/example_dags/example_task_group.py
[2024-11-11T09:57:21.081+0000] {processor.py:914} INFO - Processing file /home/airflow/.local/lib/python3.12/site-packages/airflow/example_dags/example_task_group.py for tasks to queue
[2024-11-11T09:57:21.086+0000] {logging_mixin.py:190} INFO - [2024-11-11T09:57:21.085+0000] {dagbag.py:588} INFO - Filling up the DagBag from /home/airflow/.local/lib/python3.12/site-packages/airflow/example_dags/example_task_group.py
[2024-11-11T09:57:21.100+0000] {processor.py:925} INFO - DAG(s) 'example_task_group' retrieved from /home/airflow/.local/lib/python3.12/site-packages/airflow/example_dags/example_task_group.py
[2024-11-11T09:57:21.131+0000] {logging_mixin.py:190} INFO - [2024-11-11T09:57:21.131+0000] {dag.py:3239} INFO - Sync 1 DAGs
[2024-11-11T09:57:21.152+0000] {logging_mixin.py:190} INFO - [2024-11-11T09:57:21.151+0000] {dag.py:4180} INFO - Setting next_dagrun for example_task_group to None, run_after=None
[2024-11-11T09:57:21.181+0000] {processor.py:208} INFO - Processing /home/airflow/.local/lib/python3.12/site-packages/airflow/example_dags/example_task_group.py took 0.110 seconds
[2024-11-11T09:57:52.666+0000] {processor.py:186} INFO - Started process (PID=3792) to work on /home/airflow/.local/lib/python3.12/site-packages/airflow/example_dags/example_task_group.py
[2024-11-11T09:57:52.668+0000] {processor.py:914} INFO - Processing file /home/airflow/.local/lib/python3.12/site-packages/airflow/example_dags/example_task_group.py for tasks to queue
[2024-11-11T09:57:52.672+0000] {logging_mixin.py:190} INFO - [2024-11-11T09:57:52.672+0000] {dagbag.py:588} INFO - Filling up the DagBag from /home/airflow/.local/lib/python3.12/site-packages/airflow/example_dags/example_task_group.py
[2024-11-11T09:57:52.689+0000] {processor.py:925} INFO - DAG(s) 'example_task_group' retrieved from /home/airflow/.local/lib/python3.12/site-packages/airflow/example_dags/example_task_group.py
[2024-11-11T09:57:52.730+0000] {logging_mixin.py:190} INFO - [2024-11-11T09:57:52.729+0000] {dag.py:3239} INFO - Sync 1 DAGs
[2024-11-11T09:57:52.753+0000] {logging_mixin.py:190} INFO - [2024-11-11T09:57:52.753+0000] {dag.py:4180} INFO - Setting next_dagrun for example_task_group to None, run_after=None
[2024-11-11T09:57:52.794+0000] {processor.py:208} INFO - Processing /home/airflow/.local/lib/python3.12/site-packages/airflow/example_dags/example_task_group.py took 0.138 seconds
[2024-11-11T09:58:24.336+0000] {processor.py:186} INFO - Started process (PID=3859) to work on /home/airflow/.local/lib/python3.12/site-packages/airflow/example_dags/example_task_group.py
[2024-11-11T09:58:24.337+0000] {processor.py:914} INFO - Processing file /home/airflow/.local/lib/python3.12/site-packages/airflow/example_dags/example_task_group.py for tasks to queue
[2024-11-11T09:58:24.342+0000] {logging_mixin.py:190} INFO - [2024-11-11T09:58:24.341+0000] {dagbag.py:588} INFO - Filling up the DagBag from /home/airflow/.local/lib/python3.12/site-packages/airflow/example_dags/example_task_group.py
[2024-11-11T09:58:24.361+0000] {processor.py:925} INFO - DAG(s) 'example_task_group' retrieved from /home/airflow/.local/lib/python3.12/site-packages/airflow/example_dags/example_task_group.py
[2024-11-11T09:58:24.408+0000] {logging_mixin.py:190} INFO - [2024-11-11T09:58:24.408+0000] {dag.py:3239} INFO - Sync 1 DAGs
[2024-11-11T09:58:24.433+0000] {logging_mixin.py:190} INFO - [2024-11-11T09:58:24.433+0000] {dag.py:4180} INFO - Setting next_dagrun for example_task_group to None, run_after=None
[2024-11-11T09:58:24.470+0000] {processor.py:208} INFO - Processing /home/airflow/.local/lib/python3.12/site-packages/airflow/example_dags/example_task_group.py took 0.146 seconds
[2024-11-11T09:58:56.952+0000] {processor.py:186} INFO - Started process (PID=3927) to work on /home/airflow/.local/lib/python3.12/site-packages/airflow/example_dags/example_task_group.py
[2024-11-11T09:58:56.955+0000] {processor.py:914} INFO - Processing file /home/airflow/.local/lib/python3.12/site-packages/airflow/example_dags/example_task_group.py for tasks to queue
[2024-11-11T09:58:56.962+0000] {logging_mixin.py:190} INFO - [2024-11-11T09:58:56.961+0000] {dagbag.py:588} INFO - Filling up the DagBag from /home/airflow/.local/lib/python3.12/site-packages/airflow/example_dags/example_task_group.py
[2024-11-11T09:58:56.994+0000] {processor.py:925} INFO - DAG(s) 'example_task_group' retrieved from /home/airflow/.local/lib/python3.12/site-packages/airflow/example_dags/example_task_group.py
[2024-11-11T09:58:57.052+0000] {logging_mixin.py:190} INFO - [2024-11-11T09:58:57.051+0000] {dag.py:3239} INFO - Sync 1 DAGs
[2024-11-11T09:58:57.085+0000] {logging_mixin.py:190} INFO - [2024-11-11T09:58:57.085+0000] {dag.py:4180} INFO - Setting next_dagrun for example_task_group to None, run_after=None
[2024-11-11T09:58:57.129+0000] {processor.py:208} INFO - Processing /home/airflow/.local/lib/python3.12/site-packages/airflow/example_dags/example_task_group.py took 0.189 seconds
[2024-11-11T09:59:28.056+0000] {processor.py:186} INFO - Started process (PID=3990) to work on /home/airflow/.local/lib/python3.12/site-packages/airflow/example_dags/example_task_group.py
[2024-11-11T09:59:28.057+0000] {processor.py:914} INFO - Processing file /home/airflow/.local/lib/python3.12/site-packages/airflow/example_dags/example_task_group.py for tasks to queue
[2024-11-11T09:59:28.061+0000] {logging_mixin.py:190} INFO - [2024-11-11T09:59:28.060+0000] {dagbag.py:588} INFO - Filling up the DagBag from /home/airflow/.local/lib/python3.12/site-packages/airflow/example_dags/example_task_group.py
[2024-11-11T09:59:28.075+0000] {processor.py:925} INFO - DAG(s) 'example_task_group' retrieved from /home/airflow/.local/lib/python3.12/site-packages/airflow/example_dags/example_task_group.py
[2024-11-11T09:59:28.109+0000] {logging_mixin.py:190} INFO - [2024-11-11T09:59:28.109+0000] {dag.py:3239} INFO - Sync 1 DAGs
[2024-11-11T09:59:28.132+0000] {logging_mixin.py:190} INFO - [2024-11-11T09:59:28.131+0000] {dag.py:4180} INFO - Setting next_dagrun for example_task_group to None, run_after=None
[2024-11-11T09:59:28.160+0000] {processor.py:208} INFO - Processing /home/airflow/.local/lib/python3.12/site-packages/airflow/example_dags/example_task_group.py took 0.113 seconds
[2024-11-11T09:59:59.356+0000] {processor.py:186} INFO - Started process (PID=4054) to work on /home/airflow/.local/lib/python3.12/site-packages/airflow/example_dags/example_task_group.py
[2024-11-11T09:59:59.357+0000] {processor.py:914} INFO - Processing file /home/airflow/.local/lib/python3.12/site-packages/airflow/example_dags/example_task_group.py for tasks to queue
[2024-11-11T09:59:59.362+0000] {logging_mixin.py:190} INFO - [2024-11-11T09:59:59.361+0000] {dagbag.py:588} INFO - Filling up the DagBag from /home/airflow/.local/lib/python3.12/site-packages/airflow/example_dags/example_task_group.py
[2024-11-11T09:59:59.376+0000] {processor.py:925} INFO - DAG(s) 'example_task_group' retrieved from /home/airflow/.local/lib/python3.12/site-packages/airflow/example_dags/example_task_group.py
[2024-11-11T09:59:59.409+0000] {logging_mixin.py:190} INFO - [2024-11-11T09:59:59.409+0000] {dag.py:3239} INFO - Sync 1 DAGs
[2024-11-11T09:59:59.431+0000] {logging_mixin.py:190} INFO - [2024-11-11T09:59:59.431+0000] {dag.py:4180} INFO - Setting next_dagrun for example_task_group to None, run_after=None
[2024-11-11T09:59:59.457+0000] {processor.py:208} INFO - Processing /home/airflow/.local/lib/python3.12/site-packages/airflow/example_dags/example_task_group.py took 0.113 seconds
[2024-11-11T10:00:31.248+0000] {processor.py:186} INFO - Started process (PID=4122) to work on /home/airflow/.local/lib/python3.12/site-packages/airflow/example_dags/example_task_group.py
[2024-11-11T10:00:31.250+0000] {processor.py:914} INFO - Processing file /home/airflow/.local/lib/python3.12/site-packages/airflow/example_dags/example_task_group.py for tasks to queue
[2024-11-11T10:00:31.255+0000] {logging_mixin.py:190} INFO - [2024-11-11T10:00:31.254+0000] {dagbag.py:588} INFO - Filling up the DagBag from /home/airflow/.local/lib/python3.12/site-packages/airflow/example_dags/example_task_group.py
[2024-11-11T10:00:31.277+0000] {processor.py:925} INFO - DAG(s) 'example_task_group' retrieved from /home/airflow/.local/lib/python3.12/site-packages/airflow/example_dags/example_task_group.py
[2024-11-11T10:00:31.318+0000] {logging_mixin.py:190} INFO - [2024-11-11T10:00:31.317+0000] {dag.py:3239} INFO - Sync 1 DAGs
[2024-11-11T10:00:31.342+0000] {logging_mixin.py:190} INFO - [2024-11-11T10:00:31.341+0000] {dag.py:4180} INFO - Setting next_dagrun for example_task_group to None, run_after=None
[2024-11-11T10:00:31.384+0000] {processor.py:208} INFO - Processing /home/airflow/.local/lib/python3.12/site-packages/airflow/example_dags/example_task_group.py took 0.146 seconds
[2024-11-11T10:01:02.271+0000] {processor.py:186} INFO - Started process (PID=4186) to work on /home/airflow/.local/lib/python3.12/site-packages/airflow/example_dags/example_task_group.py
[2024-11-11T10:01:02.273+0000] {processor.py:914} INFO - Processing file /home/airflow/.local/lib/python3.12/site-packages/airflow/example_dags/example_task_group.py for tasks to queue
[2024-11-11T10:01:02.279+0000] {logging_mixin.py:190} INFO - [2024-11-11T10:01:02.278+0000] {dagbag.py:588} INFO - Filling up the DagBag from /home/airflow/.local/lib/python3.12/site-packages/airflow/example_dags/example_task_group.py
[2024-11-11T10:01:02.302+0000] {processor.py:925} INFO - DAG(s) 'example_task_group' retrieved from /home/airflow/.local/lib/python3.12/site-packages/airflow/example_dags/example_task_group.py
[2024-11-11T10:01:02.349+0000] {logging_mixin.py:190} INFO - [2024-11-11T10:01:02.349+0000] {dag.py:3239} INFO - Sync 1 DAGs
[2024-11-11T10:01:02.380+0000] {logging_mixin.py:190} INFO - [2024-11-11T10:01:02.379+0000] {dag.py:4180} INFO - Setting next_dagrun for example_task_group to None, run_after=None
[2024-11-11T10:01:02.412+0000] {processor.py:208} INFO - Processing /home/airflow/.local/lib/python3.12/site-packages/airflow/example_dags/example_task_group.py took 0.152 seconds
[2024-11-11T10:01:32.990+0000] {processor.py:186} INFO - Started process (PID=4250) to work on /home/airflow/.local/lib/python3.12/site-packages/airflow/example_dags/example_task_group.py
[2024-11-11T10:01:32.991+0000] {processor.py:914} INFO - Processing file /home/airflow/.local/lib/python3.12/site-packages/airflow/example_dags/example_task_group.py for tasks to queue
[2024-11-11T10:01:32.997+0000] {logging_mixin.py:190} INFO - [2024-11-11T10:01:32.996+0000] {dagbag.py:588} INFO - Filling up the DagBag from /home/airflow/.local/lib/python3.12/site-packages/airflow/example_dags/example_task_group.py
[2024-11-11T10:01:33.011+0000] {processor.py:925} INFO - DAG(s) 'example_task_group' retrieved from /home/airflow/.local/lib/python3.12/site-packages/airflow/example_dags/example_task_group.py
[2024-11-11T10:01:33.051+0000] {logging_mixin.py:190} INFO - [2024-11-11T10:01:33.051+0000] {dag.py:3239} INFO - Sync 1 DAGs
[2024-11-11T10:01:33.082+0000] {logging_mixin.py:190} INFO - [2024-11-11T10:01:33.081+0000] {dag.py:4180} INFO - Setting next_dagrun for example_task_group to None, run_after=None
[2024-11-11T10:01:33.108+0000] {processor.py:208} INFO - Processing /home/airflow/.local/lib/python3.12/site-packages/airflow/example_dags/example_task_group.py took 0.128 seconds
[2024-11-11T10:02:03.514+0000] {processor.py:186} INFO - Started process (PID=4315) to work on /home/airflow/.local/lib/python3.12/site-packages/airflow/example_dags/example_task_group.py
[2024-11-11T10:02:03.515+0000] {processor.py:914} INFO - Processing file /home/airflow/.local/lib/python3.12/site-packages/airflow/example_dags/example_task_group.py for tasks to queue
[2024-11-11T10:02:03.522+0000] {logging_mixin.py:190} INFO - [2024-11-11T10:02:03.521+0000] {dagbag.py:588} INFO - Filling up the DagBag from /home/airflow/.local/lib/python3.12/site-packages/airflow/example_dags/example_task_group.py
[2024-11-11T10:02:03.536+0000] {processor.py:925} INFO - DAG(s) 'example_task_group' retrieved from /home/airflow/.local/lib/python3.12/site-packages/airflow/example_dags/example_task_group.py
[2024-11-11T10:02:03.570+0000] {logging_mixin.py:190} INFO - [2024-11-11T10:02:03.570+0000] {dag.py:3239} INFO - Sync 1 DAGs
[2024-11-11T10:02:03.592+0000] {logging_mixin.py:190} INFO - [2024-11-11T10:02:03.592+0000] {dag.py:4180} INFO - Setting next_dagrun for example_task_group to None, run_after=None
[2024-11-11T10:02:03.618+0000] {processor.py:208} INFO - Processing /home/airflow/.local/lib/python3.12/site-packages/airflow/example_dags/example_task_group.py took 0.115 seconds
[2024-11-11T10:02:35.260+0000] {processor.py:186} INFO - Started process (PID=4382) to work on /home/airflow/.local/lib/python3.12/site-packages/airflow/example_dags/example_task_group.py
[2024-11-11T10:02:35.262+0000] {processor.py:914} INFO - Processing file /home/airflow/.local/lib/python3.12/site-packages/airflow/example_dags/example_task_group.py for tasks to queue
[2024-11-11T10:02:35.269+0000] {logging_mixin.py:190} INFO - [2024-11-11T10:02:35.268+0000] {dagbag.py:588} INFO - Filling up the DagBag from /home/airflow/.local/lib/python3.12/site-packages/airflow/example_dags/example_task_group.py
[2024-11-11T10:02:35.289+0000] {processor.py:925} INFO - DAG(s) 'example_task_group' retrieved from /home/airflow/.local/lib/python3.12/site-packages/airflow/example_dags/example_task_group.py
[2024-11-11T10:02:35.327+0000] {logging_mixin.py:190} INFO - [2024-11-11T10:02:35.326+0000] {dag.py:3239} INFO - Sync 1 DAGs
[2024-11-11T10:02:35.352+0000] {logging_mixin.py:190} INFO - [2024-11-11T10:02:35.352+0000] {dag.py:4180} INFO - Setting next_dagrun for example_task_group to None, run_after=None
[2024-11-11T10:02:35.388+0000] {processor.py:208} INFO - Processing /home/airflow/.local/lib/python3.12/site-packages/airflow/example_dags/example_task_group.py took 0.141 seconds
[2024-11-11T10:03:06.596+0000] {processor.py:186} INFO - Started process (PID=4447) to work on /home/airflow/.local/lib/python3.12/site-packages/airflow/example_dags/example_task_group.py
[2024-11-11T10:03:06.598+0000] {processor.py:914} INFO - Processing file /home/airflow/.local/lib/python3.12/site-packages/airflow/example_dags/example_task_group.py for tasks to queue
[2024-11-11T10:03:06.602+0000] {logging_mixin.py:190} INFO - [2024-11-11T10:03:06.602+0000] {dagbag.py:588} INFO - Filling up the DagBag from /home/airflow/.local/lib/python3.12/site-packages/airflow/example_dags/example_task_group.py
[2024-11-11T10:03:06.617+0000] {processor.py:925} INFO - DAG(s) 'example_task_group' retrieved from /home/airflow/.local/lib/python3.12/site-packages/airflow/example_dags/example_task_group.py
[2024-11-11T10:03:06.650+0000] {logging_mixin.py:190} INFO - [2024-11-11T10:03:06.650+0000] {dag.py:3239} INFO - Sync 1 DAGs
[2024-11-11T10:03:06.672+0000] {logging_mixin.py:190} INFO - [2024-11-11T10:03:06.672+0000] {dag.py:4180} INFO - Setting next_dagrun for example_task_group to None, run_after=None
[2024-11-11T10:03:06.697+0000] {processor.py:208} INFO - Processing /home/airflow/.local/lib/python3.12/site-packages/airflow/example_dags/example_task_group.py took 0.110 seconds
[2024-11-11T10:03:38.058+0000] {processor.py:186} INFO - Started process (PID=4514) to work on /home/airflow/.local/lib/python3.12/site-packages/airflow/example_dags/example_task_group.py
[2024-11-11T10:03:38.059+0000] {processor.py:914} INFO - Processing file /home/airflow/.local/lib/python3.12/site-packages/airflow/example_dags/example_task_group.py for tasks to queue
[2024-11-11T10:03:38.063+0000] {logging_mixin.py:190} INFO - [2024-11-11T10:03:38.063+0000] {dagbag.py:588} INFO - Filling up the DagBag from /home/airflow/.local/lib/python3.12/site-packages/airflow/example_dags/example_task_group.py
[2024-11-11T10:03:38.079+0000] {processor.py:925} INFO - DAG(s) 'example_task_group' retrieved from /home/airflow/.local/lib/python3.12/site-packages/airflow/example_dags/example_task_group.py
[2024-11-11T10:03:38.117+0000] {logging_mixin.py:190} INFO - [2024-11-11T10:03:38.117+0000] {dag.py:3239} INFO - Sync 1 DAGs
[2024-11-11T10:03:38.141+0000] {logging_mixin.py:190} INFO - [2024-11-11T10:03:38.140+0000] {dag.py:4180} INFO - Setting next_dagrun for example_task_group to None, run_after=None
[2024-11-11T10:03:38.171+0000] {processor.py:208} INFO - Processing /home/airflow/.local/lib/python3.12/site-packages/airflow/example_dags/example_task_group.py took 0.124 seconds
[2024-11-11T10:04:09.664+0000] {processor.py:186} INFO - Started process (PID=4578) to work on /home/airflow/.local/lib/python3.12/site-packages/airflow/example_dags/example_task_group.py
[2024-11-11T10:04:09.665+0000] {processor.py:914} INFO - Processing file /home/airflow/.local/lib/python3.12/site-packages/airflow/example_dags/example_task_group.py for tasks to queue
[2024-11-11T10:04:09.669+0000] {logging_mixin.py:190} INFO - [2024-11-11T10:04:09.668+0000] {dagbag.py:588} INFO - Filling up the DagBag from /home/airflow/.local/lib/python3.12/site-packages/airflow/example_dags/example_task_group.py
[2024-11-11T10:04:09.683+0000] {processor.py:925} INFO - DAG(s) 'example_task_group' retrieved from /home/airflow/.local/lib/python3.12/site-packages/airflow/example_dags/example_task_group.py
[2024-11-11T10:04:09.717+0000] {logging_mixin.py:190} INFO - [2024-11-11T10:04:09.717+0000] {dag.py:3239} INFO - Sync 1 DAGs
[2024-11-11T10:04:09.743+0000] {logging_mixin.py:190} INFO - [2024-11-11T10:04:09.743+0000] {dag.py:4180} INFO - Setting next_dagrun for example_task_group to None, run_after=None
[2024-11-11T10:04:09.768+0000] {processor.py:208} INFO - Processing /home/airflow/.local/lib/python3.12/site-packages/airflow/example_dags/example_task_group.py took 0.115 seconds
[2024-11-11T10:04:41.681+0000] {processor.py:186} INFO - Started process (PID=4642) to work on /home/airflow/.local/lib/python3.12/site-packages/airflow/example_dags/example_task_group.py
[2024-11-11T10:04:41.683+0000] {processor.py:914} INFO - Processing file /home/airflow/.local/lib/python3.12/site-packages/airflow/example_dags/example_task_group.py for tasks to queue
[2024-11-11T10:04:41.687+0000] {logging_mixin.py:190} INFO - [2024-11-11T10:04:41.686+0000] {dagbag.py:588} INFO - Filling up the DagBag from /home/airflow/.local/lib/python3.12/site-packages/airflow/example_dags/example_task_group.py
[2024-11-11T10:04:41.701+0000] {processor.py:925} INFO - DAG(s) 'example_task_group' retrieved from /home/airflow/.local/lib/python3.12/site-packages/airflow/example_dags/example_task_group.py
[2024-11-11T10:04:41.736+0000] {logging_mixin.py:190} INFO - [2024-11-11T10:04:41.736+0000] {dag.py:3239} INFO - Sync 1 DAGs
[2024-11-11T10:04:41.759+0000] {logging_mixin.py:190} INFO - [2024-11-11T10:04:41.759+0000] {dag.py:4180} INFO - Setting next_dagrun for example_task_group to None, run_after=None
[2024-11-11T10:04:41.783+0000] {processor.py:208} INFO - Processing /home/airflow/.local/lib/python3.12/site-packages/airflow/example_dags/example_task_group.py took 0.111 seconds
[2024-11-11T10:05:12.938+0000] {processor.py:186} INFO - Started process (PID=4711) to work on /home/airflow/.local/lib/python3.12/site-packages/airflow/example_dags/example_task_group.py
[2024-11-11T10:05:12.939+0000] {processor.py:914} INFO - Processing file /home/airflow/.local/lib/python3.12/site-packages/airflow/example_dags/example_task_group.py for tasks to queue
[2024-11-11T10:05:12.944+0000] {logging_mixin.py:190} INFO - [2024-11-11T10:05:12.943+0000] {dagbag.py:588} INFO - Filling up the DagBag from /home/airflow/.local/lib/python3.12/site-packages/airflow/example_dags/example_task_group.py
[2024-11-11T10:05:12.959+0000] {processor.py:925} INFO - DAG(s) 'example_task_group' retrieved from /home/airflow/.local/lib/python3.12/site-packages/airflow/example_dags/example_task_group.py
[2024-11-11T10:05:12.992+0000] {logging_mixin.py:190} INFO - [2024-11-11T10:05:12.991+0000] {dag.py:3239} INFO - Sync 1 DAGs
[2024-11-11T10:05:13.015+0000] {logging_mixin.py:190} INFO - [2024-11-11T10:05:13.015+0000] {dag.py:4180} INFO - Setting next_dagrun for example_task_group to None, run_after=None
[2024-11-11T10:05:13.042+0000] {processor.py:208} INFO - Processing /home/airflow/.local/lib/python3.12/site-packages/airflow/example_dags/example_task_group.py took 0.114 seconds
[2024-11-11T10:05:44.470+0000] {processor.py:186} INFO - Started process (PID=4776) to work on /home/airflow/.local/lib/python3.12/site-packages/airflow/example_dags/example_task_group.py
[2024-11-11T10:05:44.471+0000] {processor.py:914} INFO - Processing file /home/airflow/.local/lib/python3.12/site-packages/airflow/example_dags/example_task_group.py for tasks to queue
[2024-11-11T10:05:44.475+0000] {logging_mixin.py:190} INFO - [2024-11-11T10:05:44.474+0000] {dagbag.py:588} INFO - Filling up the DagBag from /home/airflow/.local/lib/python3.12/site-packages/airflow/example_dags/example_task_group.py
[2024-11-11T10:05:44.491+0000] {processor.py:925} INFO - DAG(s) 'example_task_group' retrieved from /home/airflow/.local/lib/python3.12/site-packages/airflow/example_dags/example_task_group.py
[2024-11-11T10:05:44.523+0000] {logging_mixin.py:190} INFO - [2024-11-11T10:05:44.522+0000] {dag.py:3239} INFO - Sync 1 DAGs
[2024-11-11T10:05:44.544+0000] {logging_mixin.py:190} INFO - [2024-11-11T10:05:44.544+0000] {dag.py:4180} INFO - Setting next_dagrun for example_task_group to None, run_after=None
[2024-11-11T10:05:44.567+0000] {processor.py:208} INFO - Processing /home/airflow/.local/lib/python3.12/site-packages/airflow/example_dags/example_task_group.py took 0.108 seconds
[2024-11-11T10:06:17.680+0000] {processor.py:186} INFO - Started process (PID=4840) to work on /home/airflow/.local/lib/python3.12/site-packages/airflow/example_dags/example_task_group.py
[2024-11-11T10:06:17.682+0000] {processor.py:914} INFO - Processing file /home/airflow/.local/lib/python3.12/site-packages/airflow/example_dags/example_task_group.py for tasks to queue
[2024-11-11T10:06:17.688+0000] {logging_mixin.py:190} INFO - [2024-11-11T10:06:17.688+0000] {dagbag.py:588} INFO - Filling up the DagBag from /home/airflow/.local/lib/python3.12/site-packages/airflow/example_dags/example_task_group.py
[2024-11-11T10:06:17.713+0000] {processor.py:925} INFO - DAG(s) 'example_task_group' retrieved from /home/airflow/.local/lib/python3.12/site-packages/airflow/example_dags/example_task_group.py
[2024-11-11T10:06:17.764+0000] {logging_mixin.py:190} INFO - [2024-11-11T10:06:17.764+0000] {dag.py:3239} INFO - Sync 1 DAGs
[2024-11-11T10:06:17.793+0000] {logging_mixin.py:190} INFO - [2024-11-11T10:06:17.792+0000] {dag.py:4180} INFO - Setting next_dagrun for example_task_group to None, run_after=None
[2024-11-11T10:06:17.821+0000] {processor.py:208} INFO - Processing /home/airflow/.local/lib/python3.12/site-packages/airflow/example_dags/example_task_group.py took 0.159 seconds
