[2024-11-11T09:27:40.123+0000] {processor.py:186} INFO - Started process (PID=124) to work on /home/airflow/.local/lib/python3.12/site-packages/airflow/example_dags/example_complex.py
[2024-11-11T09:27:40.124+0000] {processor.py:914} INFO - Processing file /home/airflow/.local/lib/python3.12/site-packages/airflow/example_dags/example_complex.py for tasks to queue
[2024-11-11T09:27:40.126+0000] {logging_mixin.py:190} INFO - [2024-11-11T09:27:40.126+0000] {dagbag.py:588} INFO - Filling up the DagBag from /home/airflow/.local/lib/python3.12/site-packages/airflow/example_dags/example_complex.py
[2024-11-11T09:27:40.143+0000] {processor.py:925} INFO - DAG(s) 'example_complex' retrieved from /home/airflow/.local/lib/python3.12/site-packages/airflow/example_dags/example_complex.py
[2024-11-11T09:27:40.184+0000] {logging_mixin.py:190} INFO - [2024-11-11T09:27:40.183+0000] {dag.py:3239} INFO - Sync 1 DAGs
[2024-11-11T09:27:40.203+0000] {logging_mixin.py:190} INFO - [2024-11-11T09:27:40.203+0000] {dag.py:4180} INFO - Setting next_dagrun for example_complex to None, run_after=None
[2024-11-11T09:27:40.227+0000] {processor.py:208} INFO - Processing /home/airflow/.local/lib/python3.12/site-packages/airflow/example_dags/example_complex.py took 0.109 seconds
[2024-11-11T09:28:11.052+0000] {processor.py:186} INFO - Started process (PID=188) to work on /home/airflow/.local/lib/python3.12/site-packages/airflow/example_dags/example_complex.py
[2024-11-11T09:28:11.054+0000] {processor.py:914} INFO - Processing file /home/airflow/.local/lib/python3.12/site-packages/airflow/example_dags/example_complex.py for tasks to queue
[2024-11-11T09:28:11.059+0000] {logging_mixin.py:190} INFO - [2024-11-11T09:28:11.058+0000] {dagbag.py:588} INFO - Filling up the DagBag from /home/airflow/.local/lib/python3.12/site-packages/airflow/example_dags/example_complex.py
[2024-11-11T09:28:11.077+0000] {processor.py:925} INFO - DAG(s) 'example_complex' retrieved from /home/airflow/.local/lib/python3.12/site-packages/airflow/example_dags/example_complex.py
[2024-11-11T09:28:11.125+0000] {logging_mixin.py:190} INFO - [2024-11-11T09:28:11.124+0000] {dag.py:3239} INFO - Sync 1 DAGs
[2024-11-11T09:28:11.144+0000] {logging_mixin.py:190} INFO - [2024-11-11T09:28:11.143+0000] {dag.py:4180} INFO - Setting next_dagrun for example_complex to None, run_after=None
[2024-11-11T09:28:11.170+0000] {processor.py:208} INFO - Processing /home/airflow/.local/lib/python3.12/site-packages/airflow/example_dags/example_complex.py took 0.127 seconds
[2024-11-11T09:28:42.317+0000] {processor.py:186} INFO - Started process (PID=252) to work on /home/airflow/.local/lib/python3.12/site-packages/airflow/example_dags/example_complex.py
[2024-11-11T09:28:42.318+0000] {processor.py:914} INFO - Processing file /home/airflow/.local/lib/python3.12/site-packages/airflow/example_dags/example_complex.py for tasks to queue
[2024-11-11T09:28:42.321+0000] {logging_mixin.py:190} INFO - [2024-11-11T09:28:42.320+0000] {dagbag.py:588} INFO - Filling up the DagBag from /home/airflow/.local/lib/python3.12/site-packages/airflow/example_dags/example_complex.py
[2024-11-11T09:28:42.335+0000] {processor.py:925} INFO - DAG(s) 'example_complex' retrieved from /home/airflow/.local/lib/python3.12/site-packages/airflow/example_dags/example_complex.py
[2024-11-11T09:28:42.374+0000] {logging_mixin.py:190} INFO - [2024-11-11T09:28:42.373+0000] {dag.py:3239} INFO - Sync 1 DAGs
[2024-11-11T09:28:42.392+0000] {logging_mixin.py:190} INFO - [2024-11-11T09:28:42.392+0000] {dag.py:4180} INFO - Setting next_dagrun for example_complex to None, run_after=None
[2024-11-11T09:28:42.415+0000] {processor.py:208} INFO - Processing /home/airflow/.local/lib/python3.12/site-packages/airflow/example_dags/example_complex.py took 0.105 seconds
[2024-11-11T09:29:13.130+0000] {processor.py:186} INFO - Started process (PID=315) to work on /home/airflow/.local/lib/python3.12/site-packages/airflow/example_dags/example_complex.py
[2024-11-11T09:29:13.131+0000] {processor.py:914} INFO - Processing file /home/airflow/.local/lib/python3.12/site-packages/airflow/example_dags/example_complex.py for tasks to queue
[2024-11-11T09:29:13.134+0000] {logging_mixin.py:190} INFO - [2024-11-11T09:29:13.134+0000] {dagbag.py:588} INFO - Filling up the DagBag from /home/airflow/.local/lib/python3.12/site-packages/airflow/example_dags/example_complex.py
[2024-11-11T09:29:13.149+0000] {processor.py:925} INFO - DAG(s) 'example_complex' retrieved from /home/airflow/.local/lib/python3.12/site-packages/airflow/example_dags/example_complex.py
[2024-11-11T09:29:13.186+0000] {logging_mixin.py:190} INFO - [2024-11-11T09:29:13.185+0000] {dag.py:3239} INFO - Sync 1 DAGs
[2024-11-11T09:29:13.202+0000] {logging_mixin.py:190} INFO - [2024-11-11T09:29:13.202+0000] {dag.py:4180} INFO - Setting next_dagrun for example_complex to None, run_after=None
[2024-11-11T09:29:13.228+0000] {processor.py:208} INFO - Processing /home/airflow/.local/lib/python3.12/site-packages/airflow/example_dags/example_complex.py took 0.105 seconds
[2024-11-11T09:29:45.728+0000] {processor.py:186} INFO - Started process (PID=379) to work on /home/airflow/.local/lib/python3.12/site-packages/airflow/example_dags/example_complex.py
[2024-11-11T09:29:45.729+0000] {processor.py:914} INFO - Processing file /home/airflow/.local/lib/python3.12/site-packages/airflow/example_dags/example_complex.py for tasks to queue
[2024-11-11T09:29:45.733+0000] {logging_mixin.py:190} INFO - [2024-11-11T09:29:45.733+0000] {dagbag.py:588} INFO - Filling up the DagBag from /home/airflow/.local/lib/python3.12/site-packages/airflow/example_dags/example_complex.py
[2024-11-11T09:29:45.752+0000] {processor.py:925} INFO - DAG(s) 'example_complex' retrieved from /home/airflow/.local/lib/python3.12/site-packages/airflow/example_dags/example_complex.py
[2024-11-11T09:29:45.799+0000] {logging_mixin.py:190} INFO - [2024-11-11T09:29:45.798+0000] {dag.py:3239} INFO - Sync 1 DAGs
[2024-11-11T09:29:45.821+0000] {logging_mixin.py:190} INFO - [2024-11-11T09:29:45.821+0000] {dag.py:4180} INFO - Setting next_dagrun for example_complex to None, run_after=None
[2024-11-11T09:29:45.848+0000] {processor.py:208} INFO - Processing /home/airflow/.local/lib/python3.12/site-packages/airflow/example_dags/example_complex.py took 0.130 seconds
[2024-11-11T09:30:17.892+0000] {processor.py:186} INFO - Started process (PID=442) to work on /home/airflow/.local/lib/python3.12/site-packages/airflow/example_dags/example_complex.py
[2024-11-11T09:30:17.893+0000] {processor.py:914} INFO - Processing file /home/airflow/.local/lib/python3.12/site-packages/airflow/example_dags/example_complex.py for tasks to queue
[2024-11-11T09:30:17.897+0000] {logging_mixin.py:190} INFO - [2024-11-11T09:30:17.897+0000] {dagbag.py:588} INFO - Filling up the DagBag from /home/airflow/.local/lib/python3.12/site-packages/airflow/example_dags/example_complex.py
[2024-11-11T09:30:17.917+0000] {processor.py:925} INFO - DAG(s) 'example_complex' retrieved from /home/airflow/.local/lib/python3.12/site-packages/airflow/example_dags/example_complex.py
[2024-11-11T09:30:17.963+0000] {logging_mixin.py:190} INFO - [2024-11-11T09:30:17.963+0000] {dag.py:3239} INFO - Sync 1 DAGs
[2024-11-11T09:30:17.984+0000] {logging_mixin.py:190} INFO - [2024-11-11T09:30:17.984+0000] {dag.py:4180} INFO - Setting next_dagrun for example_complex to None, run_after=None
[2024-11-11T09:30:18.011+0000] {processor.py:208} INFO - Processing /home/airflow/.local/lib/python3.12/site-packages/airflow/example_dags/example_complex.py took 0.129 seconds
[2024-11-11T09:30:48.903+0000] {processor.py:186} INFO - Started process (PID=506) to work on /home/airflow/.local/lib/python3.12/site-packages/airflow/example_dags/example_complex.py
[2024-11-11T09:30:48.904+0000] {processor.py:914} INFO - Processing file /home/airflow/.local/lib/python3.12/site-packages/airflow/example_dags/example_complex.py for tasks to queue
[2024-11-11T09:30:48.908+0000] {logging_mixin.py:190} INFO - [2024-11-11T09:30:48.907+0000] {dagbag.py:588} INFO - Filling up the DagBag from /home/airflow/.local/lib/python3.12/site-packages/airflow/example_dags/example_complex.py
[2024-11-11T09:30:48.928+0000] {processor.py:925} INFO - DAG(s) 'example_complex' retrieved from /home/airflow/.local/lib/python3.12/site-packages/airflow/example_dags/example_complex.py
[2024-11-11T09:30:48.984+0000] {logging_mixin.py:190} INFO - [2024-11-11T09:30:48.983+0000] {dag.py:3239} INFO - Sync 1 DAGs
[2024-11-11T09:30:49.008+0000] {logging_mixin.py:190} INFO - [2024-11-11T09:30:49.008+0000] {dag.py:4180} INFO - Setting next_dagrun for example_complex to None, run_after=None
[2024-11-11T09:30:49.036+0000] {processor.py:208} INFO - Processing /home/airflow/.local/lib/python3.12/site-packages/airflow/example_dags/example_complex.py took 0.143 seconds
[2024-11-11T09:31:20.371+0000] {processor.py:186} INFO - Started process (PID=570) to work on /home/airflow/.local/lib/python3.12/site-packages/airflow/example_dags/example_complex.py
[2024-11-11T09:31:20.372+0000] {processor.py:914} INFO - Processing file /home/airflow/.local/lib/python3.12/site-packages/airflow/example_dags/example_complex.py for tasks to queue
[2024-11-11T09:31:20.376+0000] {logging_mixin.py:190} INFO - [2024-11-11T09:31:20.375+0000] {dagbag.py:588} INFO - Filling up the DagBag from /home/airflow/.local/lib/python3.12/site-packages/airflow/example_dags/example_complex.py
[2024-11-11T09:31:20.395+0000] {processor.py:925} INFO - DAG(s) 'example_complex' retrieved from /home/airflow/.local/lib/python3.12/site-packages/airflow/example_dags/example_complex.py
[2024-11-11T09:31:20.444+0000] {logging_mixin.py:190} INFO - [2024-11-11T09:31:20.444+0000] {dag.py:3239} INFO - Sync 1 DAGs
[2024-11-11T09:31:20.467+0000] {logging_mixin.py:190} INFO - [2024-11-11T09:31:20.466+0000] {dag.py:4180} INFO - Setting next_dagrun for example_complex to None, run_after=None
[2024-11-11T09:31:20.491+0000] {processor.py:208} INFO - Processing /home/airflow/.local/lib/python3.12/site-packages/airflow/example_dags/example_complex.py took 0.130 seconds
[2024-11-11T09:31:51.949+0000] {processor.py:186} INFO - Started process (PID=634) to work on /home/airflow/.local/lib/python3.12/site-packages/airflow/example_dags/example_complex.py
[2024-11-11T09:31:51.950+0000] {processor.py:914} INFO - Processing file /home/airflow/.local/lib/python3.12/site-packages/airflow/example_dags/example_complex.py for tasks to queue
[2024-11-11T09:31:51.954+0000] {logging_mixin.py:190} INFO - [2024-11-11T09:31:51.954+0000] {dagbag.py:588} INFO - Filling up the DagBag from /home/airflow/.local/lib/python3.12/site-packages/airflow/example_dags/example_complex.py
[2024-11-11T09:31:51.973+0000] {processor.py:925} INFO - DAG(s) 'example_complex' retrieved from /home/airflow/.local/lib/python3.12/site-packages/airflow/example_dags/example_complex.py
[2024-11-11T09:31:52.020+0000] {logging_mixin.py:190} INFO - [2024-11-11T09:31:52.020+0000] {dag.py:3239} INFO - Sync 1 DAGs
[2024-11-11T09:31:52.040+0000] {logging_mixin.py:190} INFO - [2024-11-11T09:31:52.039+0000] {dag.py:4180} INFO - Setting next_dagrun for example_complex to None, run_after=None
[2024-11-11T09:31:52.067+0000] {processor.py:208} INFO - Processing /home/airflow/.local/lib/python3.12/site-packages/airflow/example_dags/example_complex.py took 0.127 seconds
[2024-11-11T09:32:23.405+0000] {processor.py:186} INFO - Started process (PID=698) to work on /home/airflow/.local/lib/python3.12/site-packages/airflow/example_dags/example_complex.py
[2024-11-11T09:32:23.407+0000] {processor.py:914} INFO - Processing file /home/airflow/.local/lib/python3.12/site-packages/airflow/example_dags/example_complex.py for tasks to queue
[2024-11-11T09:32:23.411+0000] {logging_mixin.py:190} INFO - [2024-11-11T09:32:23.410+0000] {dagbag.py:588} INFO - Filling up the DagBag from /home/airflow/.local/lib/python3.12/site-packages/airflow/example_dags/example_complex.py
[2024-11-11T09:32:23.429+0000] {processor.py:925} INFO - DAG(s) 'example_complex' retrieved from /home/airflow/.local/lib/python3.12/site-packages/airflow/example_dags/example_complex.py
[2024-11-11T09:32:23.473+0000] {logging_mixin.py:190} INFO - [2024-11-11T09:32:23.473+0000] {dag.py:3239} INFO - Sync 1 DAGs
[2024-11-11T09:32:23.495+0000] {logging_mixin.py:190} INFO - [2024-11-11T09:32:23.494+0000] {dag.py:4180} INFO - Setting next_dagrun for example_complex to None, run_after=None
[2024-11-11T09:32:23.521+0000] {processor.py:208} INFO - Processing /home/airflow/.local/lib/python3.12/site-packages/airflow/example_dags/example_complex.py took 0.125 seconds
[2024-11-11T09:32:56.074+0000] {processor.py:186} INFO - Started process (PID=762) to work on /home/airflow/.local/lib/python3.12/site-packages/airflow/example_dags/example_complex.py
[2024-11-11T09:32:56.075+0000] {processor.py:914} INFO - Processing file /home/airflow/.local/lib/python3.12/site-packages/airflow/example_dags/example_complex.py for tasks to queue
[2024-11-11T09:32:56.080+0000] {logging_mixin.py:190} INFO - [2024-11-11T09:32:56.080+0000] {dagbag.py:588} INFO - Filling up the DagBag from /home/airflow/.local/lib/python3.12/site-packages/airflow/example_dags/example_complex.py
[2024-11-11T09:32:56.101+0000] {processor.py:925} INFO - DAG(s) 'example_complex' retrieved from /home/airflow/.local/lib/python3.12/site-packages/airflow/example_dags/example_complex.py
[2024-11-11T09:32:56.163+0000] {logging_mixin.py:190} INFO - [2024-11-11T09:32:56.163+0000] {dag.py:3239} INFO - Sync 1 DAGs
[2024-11-11T09:32:56.191+0000] {logging_mixin.py:190} INFO - [2024-11-11T09:32:56.191+0000] {dag.py:4180} INFO - Setting next_dagrun for example_complex to None, run_after=None
[2024-11-11T09:32:56.226+0000] {processor.py:208} INFO - Processing /home/airflow/.local/lib/python3.12/site-packages/airflow/example_dags/example_complex.py took 0.163 seconds
[2024-11-11T09:33:26.452+0000] {processor.py:186} INFO - Started process (PID=825) to work on /home/airflow/.local/lib/python3.12/site-packages/airflow/example_dags/example_complex.py
[2024-11-11T09:33:26.453+0000] {processor.py:914} INFO - Processing file /home/airflow/.local/lib/python3.12/site-packages/airflow/example_dags/example_complex.py for tasks to queue
[2024-11-11T09:33:26.460+0000] {logging_mixin.py:190} INFO - [2024-11-11T09:33:26.459+0000] {dagbag.py:588} INFO - Filling up the DagBag from /home/airflow/.local/lib/python3.12/site-packages/airflow/example_dags/example_complex.py
[2024-11-11T09:33:26.488+0000] {processor.py:925} INFO - DAG(s) 'example_complex' retrieved from /home/airflow/.local/lib/python3.12/site-packages/airflow/example_dags/example_complex.py
[2024-11-11T09:33:26.540+0000] {logging_mixin.py:190} INFO - [2024-11-11T09:33:26.539+0000] {dag.py:3239} INFO - Sync 1 DAGs
[2024-11-11T09:33:26.560+0000] {logging_mixin.py:190} INFO - [2024-11-11T09:33:26.560+0000] {dag.py:4180} INFO - Setting next_dagrun for example_complex to None, run_after=None
[2024-11-11T09:33:26.587+0000] {processor.py:208} INFO - Processing /home/airflow/.local/lib/python3.12/site-packages/airflow/example_dags/example_complex.py took 0.146 seconds
[2024-11-11T09:33:59.212+0000] {processor.py:186} INFO - Started process (PID=889) to work on /home/airflow/.local/lib/python3.12/site-packages/airflow/example_dags/example_complex.py
[2024-11-11T09:33:59.213+0000] {processor.py:914} INFO - Processing file /home/airflow/.local/lib/python3.12/site-packages/airflow/example_dags/example_complex.py for tasks to queue
[2024-11-11T09:33:59.221+0000] {logging_mixin.py:190} INFO - [2024-11-11T09:33:59.220+0000] {dagbag.py:588} INFO - Filling up the DagBag from /home/airflow/.local/lib/python3.12/site-packages/airflow/example_dags/example_complex.py
[2024-11-11T09:33:59.245+0000] {processor.py:925} INFO - DAG(s) 'example_complex' retrieved from /home/airflow/.local/lib/python3.12/site-packages/airflow/example_dags/example_complex.py
[2024-11-11T09:33:59.290+0000] {logging_mixin.py:190} INFO - [2024-11-11T09:33:59.290+0000] {dag.py:3239} INFO - Sync 1 DAGs
[2024-11-11T09:33:59.311+0000] {logging_mixin.py:190} INFO - [2024-11-11T09:33:59.310+0000] {dag.py:4180} INFO - Setting next_dagrun for example_complex to None, run_after=None
[2024-11-11T09:33:59.335+0000] {processor.py:208} INFO - Processing /home/airflow/.local/lib/python3.12/site-packages/airflow/example_dags/example_complex.py took 0.133 seconds
[2024-11-11T09:34:30.503+0000] {processor.py:186} INFO - Started process (PID=953) to work on /home/airflow/.local/lib/python3.12/site-packages/airflow/example_dags/example_complex.py
[2024-11-11T09:34:30.504+0000] {processor.py:914} INFO - Processing file /home/airflow/.local/lib/python3.12/site-packages/airflow/example_dags/example_complex.py for tasks to queue
[2024-11-11T09:34:30.508+0000] {logging_mixin.py:190} INFO - [2024-11-11T09:34:30.508+0000] {dagbag.py:588} INFO - Filling up the DagBag from /home/airflow/.local/lib/python3.12/site-packages/airflow/example_dags/example_complex.py
[2024-11-11T09:34:30.527+0000] {processor.py:925} INFO - DAG(s) 'example_complex' retrieved from /home/airflow/.local/lib/python3.12/site-packages/airflow/example_dags/example_complex.py
[2024-11-11T09:34:30.573+0000] {logging_mixin.py:190} INFO - [2024-11-11T09:34:30.573+0000] {dag.py:3239} INFO - Sync 1 DAGs
[2024-11-11T09:34:30.594+0000] {logging_mixin.py:190} INFO - [2024-11-11T09:34:30.594+0000] {dag.py:4180} INFO - Setting next_dagrun for example_complex to None, run_after=None
[2024-11-11T09:34:30.626+0000] {processor.py:208} INFO - Processing /home/airflow/.local/lib/python3.12/site-packages/airflow/example_dags/example_complex.py took 0.133 seconds
[2024-11-11T09:35:01.535+0000] {processor.py:186} INFO - Started process (PID=1017) to work on /home/airflow/.local/lib/python3.12/site-packages/airflow/example_dags/example_complex.py
[2024-11-11T09:35:01.536+0000] {processor.py:914} INFO - Processing file /home/airflow/.local/lib/python3.12/site-packages/airflow/example_dags/example_complex.py for tasks to queue
[2024-11-11T09:35:01.540+0000] {logging_mixin.py:190} INFO - [2024-11-11T09:35:01.540+0000] {dagbag.py:588} INFO - Filling up the DagBag from /home/airflow/.local/lib/python3.12/site-packages/airflow/example_dags/example_complex.py
[2024-11-11T09:35:01.561+0000] {processor.py:925} INFO - DAG(s) 'example_complex' retrieved from /home/airflow/.local/lib/python3.12/site-packages/airflow/example_dags/example_complex.py
[2024-11-11T09:35:01.607+0000] {logging_mixin.py:190} INFO - [2024-11-11T09:35:01.607+0000] {dag.py:3239} INFO - Sync 1 DAGs
[2024-11-11T09:35:01.627+0000] {logging_mixin.py:190} INFO - [2024-11-11T09:35:01.627+0000] {dag.py:4180} INFO - Setting next_dagrun for example_complex to None, run_after=None
[2024-11-11T09:35:01.653+0000] {processor.py:208} INFO - Processing /home/airflow/.local/lib/python3.12/site-packages/airflow/example_dags/example_complex.py took 0.128 seconds
[2024-11-11T09:35:35.955+0000] {processor.py:186} INFO - Started process (PID=1083) to work on /home/airflow/.local/lib/python3.12/site-packages/airflow/example_dags/example_complex.py
[2024-11-11T09:35:35.956+0000] {processor.py:914} INFO - Processing file /home/airflow/.local/lib/python3.12/site-packages/airflow/example_dags/example_complex.py for tasks to queue
[2024-11-11T09:35:35.959+0000] {logging_mixin.py:190} INFO - [2024-11-11T09:35:35.959+0000] {dagbag.py:588} INFO - Filling up the DagBag from /home/airflow/.local/lib/python3.12/site-packages/airflow/example_dags/example_complex.py
[2024-11-11T09:35:35.972+0000] {processor.py:925} INFO - DAG(s) 'example_complex' retrieved from /home/airflow/.local/lib/python3.12/site-packages/airflow/example_dags/example_complex.py
[2024-11-11T09:35:36.006+0000] {logging_mixin.py:190} INFO - [2024-11-11T09:35:36.005+0000] {dag.py:3239} INFO - Sync 1 DAGs
[2024-11-11T09:35:36.022+0000] {logging_mixin.py:190} INFO - [2024-11-11T09:35:36.022+0000] {dag.py:4180} INFO - Setting next_dagrun for example_complex to None, run_after=None
[2024-11-11T09:35:36.043+0000] {processor.py:208} INFO - Processing /home/airflow/.local/lib/python3.12/site-packages/airflow/example_dags/example_complex.py took 0.094 seconds
[2024-11-11T09:36:11.718+0000] {processor.py:186} INFO - Started process (PID=1153) to work on /home/airflow/.local/lib/python3.12/site-packages/airflow/example_dags/example_complex.py
[2024-11-11T09:36:11.720+0000] {processor.py:914} INFO - Processing file /home/airflow/.local/lib/python3.12/site-packages/airflow/example_dags/example_complex.py for tasks to queue
[2024-11-11T09:36:11.727+0000] {logging_mixin.py:190} INFO - [2024-11-11T09:36:11.726+0000] {dagbag.py:588} INFO - Filling up the DagBag from /home/airflow/.local/lib/python3.12/site-packages/airflow/example_dags/example_complex.py
[2024-11-11T09:36:11.753+0000] {processor.py:925} INFO - DAG(s) 'example_complex' retrieved from /home/airflow/.local/lib/python3.12/site-packages/airflow/example_dags/example_complex.py
[2024-11-11T09:36:11.825+0000] {logging_mixin.py:190} INFO - [2024-11-11T09:36:11.824+0000] {dag.py:3239} INFO - Sync 1 DAGs
[2024-11-11T09:36:11.860+0000] {logging_mixin.py:190} INFO - [2024-11-11T09:36:11.859+0000] {dag.py:4180} INFO - Setting next_dagrun for example_complex to None, run_after=None
[2024-11-11T09:36:11.911+0000] {processor.py:208} INFO - Processing /home/airflow/.local/lib/python3.12/site-packages/airflow/example_dags/example_complex.py took 0.207 seconds
[2024-11-11T09:36:43.951+0000] {processor.py:186} INFO - Started process (PID=1217) to work on /home/airflow/.local/lib/python3.12/site-packages/airflow/example_dags/example_complex.py
[2024-11-11T09:36:43.953+0000] {processor.py:914} INFO - Processing file /home/airflow/.local/lib/python3.12/site-packages/airflow/example_dags/example_complex.py for tasks to queue
[2024-11-11T09:36:43.958+0000] {logging_mixin.py:190} INFO - [2024-11-11T09:36:43.957+0000] {dagbag.py:588} INFO - Filling up the DagBag from /home/airflow/.local/lib/python3.12/site-packages/airflow/example_dags/example_complex.py
[2024-11-11T09:36:43.980+0000] {processor.py:925} INFO - DAG(s) 'example_complex' retrieved from /home/airflow/.local/lib/python3.12/site-packages/airflow/example_dags/example_complex.py
[2024-11-11T09:36:44.037+0000] {logging_mixin.py:190} INFO - [2024-11-11T09:36:44.037+0000] {dag.py:3239} INFO - Sync 1 DAGs
[2024-11-11T09:36:44.068+0000] {logging_mixin.py:190} INFO - [2024-11-11T09:36:44.068+0000] {dag.py:4180} INFO - Setting next_dagrun for example_complex to None, run_after=None
[2024-11-11T09:36:44.106+0000] {processor.py:208} INFO - Processing /home/airflow/.local/lib/python3.12/site-packages/airflow/example_dags/example_complex.py took 0.169 seconds
[2024-11-11T09:37:15.008+0000] {processor.py:186} INFO - Started process (PID=1281) to work on /home/airflow/.local/lib/python3.12/site-packages/airflow/example_dags/example_complex.py
[2024-11-11T09:37:15.009+0000] {processor.py:914} INFO - Processing file /home/airflow/.local/lib/python3.12/site-packages/airflow/example_dags/example_complex.py for tasks to queue
[2024-11-11T09:37:15.013+0000] {logging_mixin.py:190} INFO - [2024-11-11T09:37:15.012+0000] {dagbag.py:588} INFO - Filling up the DagBag from /home/airflow/.local/lib/python3.12/site-packages/airflow/example_dags/example_complex.py
[2024-11-11T09:37:15.031+0000] {processor.py:925} INFO - DAG(s) 'example_complex' retrieved from /home/airflow/.local/lib/python3.12/site-packages/airflow/example_dags/example_complex.py
[2024-11-11T09:37:15.081+0000] {logging_mixin.py:190} INFO - [2024-11-11T09:37:15.081+0000] {dag.py:3239} INFO - Sync 1 DAGs
[2024-11-11T09:37:15.103+0000] {logging_mixin.py:190} INFO - [2024-11-11T09:37:15.102+0000] {dag.py:4180} INFO - Setting next_dagrun for example_complex to None, run_after=None
[2024-11-11T09:37:15.129+0000] {processor.py:208} INFO - Processing /home/airflow/.local/lib/python3.12/site-packages/airflow/example_dags/example_complex.py took 0.130 seconds
[2024-11-11T09:37:47.113+0000] {processor.py:186} INFO - Started process (PID=1351) to work on /home/airflow/.local/lib/python3.12/site-packages/airflow/example_dags/example_complex.py
[2024-11-11T09:37:47.114+0000] {processor.py:914} INFO - Processing file /home/airflow/.local/lib/python3.12/site-packages/airflow/example_dags/example_complex.py for tasks to queue
[2024-11-11T09:37:47.119+0000] {logging_mixin.py:190} INFO - [2024-11-11T09:37:47.118+0000] {dagbag.py:588} INFO - Filling up the DagBag from /home/airflow/.local/lib/python3.12/site-packages/airflow/example_dags/example_complex.py
[2024-11-11T09:37:47.139+0000] {processor.py:925} INFO - DAG(s) 'example_complex' retrieved from /home/airflow/.local/lib/python3.12/site-packages/airflow/example_dags/example_complex.py
[2024-11-11T09:37:47.186+0000] {logging_mixin.py:190} INFO - [2024-11-11T09:37:47.186+0000] {dag.py:3239} INFO - Sync 1 DAGs
[2024-11-11T09:37:47.209+0000] {logging_mixin.py:190} INFO - [2024-11-11T09:37:47.208+0000] {dag.py:4180} INFO - Setting next_dagrun for example_complex to None, run_after=None
[2024-11-11T09:37:47.236+0000] {processor.py:208} INFO - Processing /home/airflow/.local/lib/python3.12/site-packages/airflow/example_dags/example_complex.py took 0.133 seconds
[2024-11-11T09:38:20.000+0000] {processor.py:186} INFO - Started process (PID=1423) to work on /home/airflow/.local/lib/python3.12/site-packages/airflow/example_dags/example_complex.py
[2024-11-11T09:38:20.001+0000] {processor.py:914} INFO - Processing file /home/airflow/.local/lib/python3.12/site-packages/airflow/example_dags/example_complex.py for tasks to queue
[2024-11-11T09:38:20.005+0000] {logging_mixin.py:190} INFO - [2024-11-11T09:38:20.004+0000] {dagbag.py:588} INFO - Filling up the DagBag from /home/airflow/.local/lib/python3.12/site-packages/airflow/example_dags/example_complex.py
[2024-11-11T09:38:20.023+0000] {processor.py:925} INFO - DAG(s) 'example_complex' retrieved from /home/airflow/.local/lib/python3.12/site-packages/airflow/example_dags/example_complex.py
[2024-11-11T09:38:20.076+0000] {logging_mixin.py:190} INFO - [2024-11-11T09:38:20.075+0000] {dag.py:3239} INFO - Sync 1 DAGs
[2024-11-11T09:38:20.100+0000] {logging_mixin.py:190} INFO - [2024-11-11T09:38:20.099+0000] {dag.py:4180} INFO - Setting next_dagrun for example_complex to None, run_after=None
[2024-11-11T09:38:20.130+0000] {processor.py:208} INFO - Processing /home/airflow/.local/lib/python3.12/site-packages/airflow/example_dags/example_complex.py took 0.140 seconds
[2024-11-11T09:38:52.359+0000] {processor.py:186} INFO - Started process (PID=1490) to work on /home/airflow/.local/lib/python3.12/site-packages/airflow/example_dags/example_complex.py
[2024-11-11T09:38:52.360+0000] {processor.py:914} INFO - Processing file /home/airflow/.local/lib/python3.12/site-packages/airflow/example_dags/example_complex.py for tasks to queue
[2024-11-11T09:38:52.364+0000] {logging_mixin.py:190} INFO - [2024-11-11T09:38:52.363+0000] {dagbag.py:588} INFO - Filling up the DagBag from /home/airflow/.local/lib/python3.12/site-packages/airflow/example_dags/example_complex.py
[2024-11-11T09:38:52.383+0000] {processor.py:925} INFO - DAG(s) 'example_complex' retrieved from /home/airflow/.local/lib/python3.12/site-packages/airflow/example_dags/example_complex.py
[2024-11-11T09:38:52.432+0000] {logging_mixin.py:190} INFO - [2024-11-11T09:38:52.432+0000] {dag.py:3239} INFO - Sync 1 DAGs
[2024-11-11T09:38:52.454+0000] {logging_mixin.py:190} INFO - [2024-11-11T09:38:52.454+0000] {dag.py:4180} INFO - Setting next_dagrun for example_complex to None, run_after=None
[2024-11-11T09:38:52.481+0000] {processor.py:208} INFO - Processing /home/airflow/.local/lib/python3.12/site-packages/airflow/example_dags/example_complex.py took 0.132 seconds
[2024-11-11T09:39:25.329+0000] {processor.py:186} INFO - Started process (PID=1554) to work on /home/airflow/.local/lib/python3.12/site-packages/airflow/example_dags/example_complex.py
[2024-11-11T09:39:25.330+0000] {processor.py:914} INFO - Processing file /home/airflow/.local/lib/python3.12/site-packages/airflow/example_dags/example_complex.py for tasks to queue
[2024-11-11T09:39:25.334+0000] {logging_mixin.py:190} INFO - [2024-11-11T09:39:25.334+0000] {dagbag.py:588} INFO - Filling up the DagBag from /home/airflow/.local/lib/python3.12/site-packages/airflow/example_dags/example_complex.py
[2024-11-11T09:39:25.354+0000] {processor.py:925} INFO - DAG(s) 'example_complex' retrieved from /home/airflow/.local/lib/python3.12/site-packages/airflow/example_dags/example_complex.py
[2024-11-11T09:39:25.402+0000] {logging_mixin.py:190} INFO - [2024-11-11T09:39:25.401+0000] {dag.py:3239} INFO - Sync 1 DAGs
[2024-11-11T09:39:25.424+0000] {logging_mixin.py:190} INFO - [2024-11-11T09:39:25.423+0000] {dag.py:4180} INFO - Setting next_dagrun for example_complex to None, run_after=None
[2024-11-11T09:39:25.448+0000] {processor.py:208} INFO - Processing /home/airflow/.local/lib/python3.12/site-packages/airflow/example_dags/example_complex.py took 0.129 seconds
[2024-11-11T09:39:57.915+0000] {processor.py:186} INFO - Started process (PID=1618) to work on /home/airflow/.local/lib/python3.12/site-packages/airflow/example_dags/example_complex.py
[2024-11-11T09:39:57.916+0000] {processor.py:914} INFO - Processing file /home/airflow/.local/lib/python3.12/site-packages/airflow/example_dags/example_complex.py for tasks to queue
[2024-11-11T09:39:57.920+0000] {logging_mixin.py:190} INFO - [2024-11-11T09:39:57.920+0000] {dagbag.py:588} INFO - Filling up the DagBag from /home/airflow/.local/lib/python3.12/site-packages/airflow/example_dags/example_complex.py
[2024-11-11T09:39:57.940+0000] {processor.py:925} INFO - DAG(s) 'example_complex' retrieved from /home/airflow/.local/lib/python3.12/site-packages/airflow/example_dags/example_complex.py
[2024-11-11T09:39:57.991+0000] {logging_mixin.py:190} INFO - [2024-11-11T09:39:57.990+0000] {dag.py:3239} INFO - Sync 1 DAGs
[2024-11-11T09:39:58.012+0000] {logging_mixin.py:190} INFO - [2024-11-11T09:39:58.011+0000] {dag.py:4180} INFO - Setting next_dagrun for example_complex to None, run_after=None
[2024-11-11T09:39:58.036+0000] {processor.py:208} INFO - Processing /home/airflow/.local/lib/python3.12/site-packages/airflow/example_dags/example_complex.py took 0.132 seconds
[2024-11-11T09:40:31.175+0000] {processor.py:186} INFO - Started process (PID=1682) to work on /home/airflow/.local/lib/python3.12/site-packages/airflow/example_dags/example_complex.py
[2024-11-11T09:40:31.176+0000] {processor.py:914} INFO - Processing file /home/airflow/.local/lib/python3.12/site-packages/airflow/example_dags/example_complex.py for tasks to queue
[2024-11-11T09:40:31.179+0000] {logging_mixin.py:190} INFO - [2024-11-11T09:40:31.179+0000] {dagbag.py:588} INFO - Filling up the DagBag from /home/airflow/.local/lib/python3.12/site-packages/airflow/example_dags/example_complex.py
[2024-11-11T09:40:31.195+0000] {processor.py:925} INFO - DAG(s) 'example_complex' retrieved from /home/airflow/.local/lib/python3.12/site-packages/airflow/example_dags/example_complex.py
[2024-11-11T09:40:31.233+0000] {logging_mixin.py:190} INFO - [2024-11-11T09:40:31.233+0000] {dag.py:3239} INFO - Sync 1 DAGs
[2024-11-11T09:40:31.250+0000] {logging_mixin.py:190} INFO - [2024-11-11T09:40:31.250+0000] {dag.py:4180} INFO - Setting next_dagrun for example_complex to None, run_after=None
[2024-11-11T09:40:31.273+0000] {processor.py:208} INFO - Processing /home/airflow/.local/lib/python3.12/site-packages/airflow/example_dags/example_complex.py took 0.104 seconds
[2024-11-11T09:41:02.663+0000] {processor.py:186} INFO - Started process (PID=1746) to work on /home/airflow/.local/lib/python3.12/site-packages/airflow/example_dags/example_complex.py
[2024-11-11T09:41:02.664+0000] {processor.py:914} INFO - Processing file /home/airflow/.local/lib/python3.12/site-packages/airflow/example_dags/example_complex.py for tasks to queue
[2024-11-11T09:41:02.668+0000] {logging_mixin.py:190} INFO - [2024-11-11T09:41:02.668+0000] {dagbag.py:588} INFO - Filling up the DagBag from /home/airflow/.local/lib/python3.12/site-packages/airflow/example_dags/example_complex.py
[2024-11-11T09:41:02.687+0000] {processor.py:925} INFO - DAG(s) 'example_complex' retrieved from /home/airflow/.local/lib/python3.12/site-packages/airflow/example_dags/example_complex.py
[2024-11-11T09:41:02.734+0000] {logging_mixin.py:190} INFO - [2024-11-11T09:41:02.733+0000] {dag.py:3239} INFO - Sync 1 DAGs
[2024-11-11T09:41:02.755+0000] {logging_mixin.py:190} INFO - [2024-11-11T09:41:02.755+0000] {dag.py:4180} INFO - Setting next_dagrun for example_complex to None, run_after=None
[2024-11-11T09:41:02.781+0000] {processor.py:208} INFO - Processing /home/airflow/.local/lib/python3.12/site-packages/airflow/example_dags/example_complex.py took 0.128 seconds
[2024-11-11T09:41:34.252+0000] {processor.py:186} INFO - Started process (PID=1810) to work on /home/airflow/.local/lib/python3.12/site-packages/airflow/example_dags/example_complex.py
[2024-11-11T09:41:34.253+0000] {processor.py:914} INFO - Processing file /home/airflow/.local/lib/python3.12/site-packages/airflow/example_dags/example_complex.py for tasks to queue
[2024-11-11T09:41:34.258+0000] {logging_mixin.py:190} INFO - [2024-11-11T09:41:34.257+0000] {dagbag.py:588} INFO - Filling up the DagBag from /home/airflow/.local/lib/python3.12/site-packages/airflow/example_dags/example_complex.py
[2024-11-11T09:41:34.281+0000] {processor.py:925} INFO - DAG(s) 'example_complex' retrieved from /home/airflow/.local/lib/python3.12/site-packages/airflow/example_dags/example_complex.py
[2024-11-11T09:41:34.328+0000] {logging_mixin.py:190} INFO - [2024-11-11T09:41:34.327+0000] {dag.py:3239} INFO - Sync 1 DAGs
[2024-11-11T09:41:34.350+0000] {logging_mixin.py:190} INFO - [2024-11-11T09:41:34.350+0000] {dag.py:4180} INFO - Setting next_dagrun for example_complex to None, run_after=None
[2024-11-11T09:41:34.377+0000] {processor.py:208} INFO - Processing /home/airflow/.local/lib/python3.12/site-packages/airflow/example_dags/example_complex.py took 0.134 seconds
[2024-11-11T09:42:05.763+0000] {processor.py:186} INFO - Started process (PID=1874) to work on /home/airflow/.local/lib/python3.12/site-packages/airflow/example_dags/example_complex.py
[2024-11-11T09:42:05.764+0000] {processor.py:914} INFO - Processing file /home/airflow/.local/lib/python3.12/site-packages/airflow/example_dags/example_complex.py for tasks to queue
[2024-11-11T09:42:05.767+0000] {logging_mixin.py:190} INFO - [2024-11-11T09:42:05.766+0000] {dagbag.py:588} INFO - Filling up the DagBag from /home/airflow/.local/lib/python3.12/site-packages/airflow/example_dags/example_complex.py
[2024-11-11T09:42:05.780+0000] {processor.py:925} INFO - DAG(s) 'example_complex' retrieved from /home/airflow/.local/lib/python3.12/site-packages/airflow/example_dags/example_complex.py
[2024-11-11T09:42:05.812+0000] {logging_mixin.py:190} INFO - [2024-11-11T09:42:05.811+0000] {dag.py:3239} INFO - Sync 1 DAGs
[2024-11-11T09:42:05.828+0000] {logging_mixin.py:190} INFO - [2024-11-11T09:42:05.828+0000] {dag.py:4180} INFO - Setting next_dagrun for example_complex to None, run_after=None
[2024-11-11T09:42:05.850+0000] {processor.py:208} INFO - Processing /home/airflow/.local/lib/python3.12/site-packages/airflow/example_dags/example_complex.py took 0.094 seconds
[2024-11-11T09:42:37.172+0000] {processor.py:186} INFO - Started process (PID=1938) to work on /home/airflow/.local/lib/python3.12/site-packages/airflow/example_dags/example_complex.py
[2024-11-11T09:42:37.173+0000] {processor.py:914} INFO - Processing file /home/airflow/.local/lib/python3.12/site-packages/airflow/example_dags/example_complex.py for tasks to queue
[2024-11-11T09:42:37.176+0000] {logging_mixin.py:190} INFO - [2024-11-11T09:42:37.176+0000] {dagbag.py:588} INFO - Filling up the DagBag from /home/airflow/.local/lib/python3.12/site-packages/airflow/example_dags/example_complex.py
[2024-11-11T09:42:37.192+0000] {processor.py:925} INFO - DAG(s) 'example_complex' retrieved from /home/airflow/.local/lib/python3.12/site-packages/airflow/example_dags/example_complex.py
[2024-11-11T09:42:37.235+0000] {logging_mixin.py:190} INFO - [2024-11-11T09:42:37.234+0000] {dag.py:3239} INFO - Sync 1 DAGs
[2024-11-11T09:42:37.255+0000] {logging_mixin.py:190} INFO - [2024-11-11T09:42:37.254+0000] {dag.py:4180} INFO - Setting next_dagrun for example_complex to None, run_after=None
[2024-11-11T09:42:37.280+0000] {processor.py:208} INFO - Processing /home/airflow/.local/lib/python3.12/site-packages/airflow/example_dags/example_complex.py took 0.116 seconds
[2024-11-11T09:43:09.763+0000] {processor.py:186} INFO - Started process (PID=2008) to work on /home/airflow/.local/lib/python3.12/site-packages/airflow/example_dags/example_complex.py
[2024-11-11T09:43:09.764+0000] {processor.py:914} INFO - Processing file /home/airflow/.local/lib/python3.12/site-packages/airflow/example_dags/example_complex.py for tasks to queue
[2024-11-11T09:43:09.770+0000] {logging_mixin.py:190} INFO - [2024-11-11T09:43:09.769+0000] {dagbag.py:588} INFO - Filling up the DagBag from /home/airflow/.local/lib/python3.12/site-packages/airflow/example_dags/example_complex.py
[2024-11-11T09:43:09.799+0000] {processor.py:925} INFO - DAG(s) 'example_complex' retrieved from /home/airflow/.local/lib/python3.12/site-packages/airflow/example_dags/example_complex.py
[2024-11-11T09:43:09.856+0000] {logging_mixin.py:190} INFO - [2024-11-11T09:43:09.855+0000] {dag.py:3239} INFO - Sync 1 DAGs
[2024-11-11T09:43:09.877+0000] {logging_mixin.py:190} INFO - [2024-11-11T09:43:09.877+0000] {dag.py:4180} INFO - Setting next_dagrun for example_complex to None, run_after=None
[2024-11-11T09:43:09.903+0000] {processor.py:208} INFO - Processing /home/airflow/.local/lib/python3.12/site-packages/airflow/example_dags/example_complex.py took 0.150 seconds
[2024-11-11T09:43:41.609+0000] {processor.py:186} INFO - Started process (PID=2072) to work on /home/airflow/.local/lib/python3.12/site-packages/airflow/example_dags/example_complex.py
[2024-11-11T09:43:41.611+0000] {processor.py:914} INFO - Processing file /home/airflow/.local/lib/python3.12/site-packages/airflow/example_dags/example_complex.py for tasks to queue
[2024-11-11T09:43:41.615+0000] {logging_mixin.py:190} INFO - [2024-11-11T09:43:41.615+0000] {dagbag.py:588} INFO - Filling up the DagBag from /home/airflow/.local/lib/python3.12/site-packages/airflow/example_dags/example_complex.py
[2024-11-11T09:43:41.635+0000] {processor.py:925} INFO - DAG(s) 'example_complex' retrieved from /home/airflow/.local/lib/python3.12/site-packages/airflow/example_dags/example_complex.py
[2024-11-11T09:43:41.689+0000] {logging_mixin.py:190} INFO - [2024-11-11T09:43:41.688+0000] {dag.py:3239} INFO - Sync 1 DAGs
[2024-11-11T09:43:41.717+0000] {logging_mixin.py:190} INFO - [2024-11-11T09:43:41.717+0000] {dag.py:4180} INFO - Setting next_dagrun for example_complex to None, run_after=None
[2024-11-11T09:43:41.749+0000] {processor.py:208} INFO - Processing /home/airflow/.local/lib/python3.12/site-packages/airflow/example_dags/example_complex.py took 0.150 seconds
[2024-11-11T09:44:12.787+0000] {processor.py:186} INFO - Started process (PID=2136) to work on /home/airflow/.local/lib/python3.12/site-packages/airflow/example_dags/example_complex.py
[2024-11-11T09:44:12.789+0000] {processor.py:914} INFO - Processing file /home/airflow/.local/lib/python3.12/site-packages/airflow/example_dags/example_complex.py for tasks to queue
[2024-11-11T09:44:12.794+0000] {logging_mixin.py:190} INFO - [2024-11-11T09:44:12.793+0000] {dagbag.py:588} INFO - Filling up the DagBag from /home/airflow/.local/lib/python3.12/site-packages/airflow/example_dags/example_complex.py
[2024-11-11T09:44:12.813+0000] {processor.py:925} INFO - DAG(s) 'example_complex' retrieved from /home/airflow/.local/lib/python3.12/site-packages/airflow/example_dags/example_complex.py
[2024-11-11T09:44:12.858+0000] {logging_mixin.py:190} INFO - [2024-11-11T09:44:12.857+0000] {dag.py:3239} INFO - Sync 1 DAGs
[2024-11-11T09:44:12.881+0000] {logging_mixin.py:190} INFO - [2024-11-11T09:44:12.880+0000] {dag.py:4180} INFO - Setting next_dagrun for example_complex to None, run_after=None
[2024-11-11T09:44:12.907+0000] {processor.py:208} INFO - Processing /home/airflow/.local/lib/python3.12/site-packages/airflow/example_dags/example_complex.py took 0.131 seconds
[2024-11-11T09:44:43.866+0000] {processor.py:186} INFO - Started process (PID=2200) to work on /home/airflow/.local/lib/python3.12/site-packages/airflow/example_dags/example_complex.py
[2024-11-11T09:44:43.867+0000] {processor.py:914} INFO - Processing file /home/airflow/.local/lib/python3.12/site-packages/airflow/example_dags/example_complex.py for tasks to queue
[2024-11-11T09:44:43.872+0000] {logging_mixin.py:190} INFO - [2024-11-11T09:44:43.871+0000] {dagbag.py:588} INFO - Filling up the DagBag from /home/airflow/.local/lib/python3.12/site-packages/airflow/example_dags/example_complex.py
[2024-11-11T09:44:43.891+0000] {processor.py:925} INFO - DAG(s) 'example_complex' retrieved from /home/airflow/.local/lib/python3.12/site-packages/airflow/example_dags/example_complex.py
[2024-11-11T09:44:43.935+0000] {logging_mixin.py:190} INFO - [2024-11-11T09:44:43.934+0000] {dag.py:3239} INFO - Sync 1 DAGs
[2024-11-11T09:44:43.956+0000] {logging_mixin.py:190} INFO - [2024-11-11T09:44:43.956+0000] {dag.py:4180} INFO - Setting next_dagrun for example_complex to None, run_after=None
[2024-11-11T09:44:43.983+0000] {processor.py:208} INFO - Processing /home/airflow/.local/lib/python3.12/site-packages/airflow/example_dags/example_complex.py took 0.127 seconds
[2024-11-11T09:45:15.453+0000] {processor.py:186} INFO - Started process (PID=2264) to work on /home/airflow/.local/lib/python3.12/site-packages/airflow/example_dags/example_complex.py
[2024-11-11T09:45:15.454+0000] {processor.py:914} INFO - Processing file /home/airflow/.local/lib/python3.12/site-packages/airflow/example_dags/example_complex.py for tasks to queue
[2024-11-11T09:45:15.459+0000] {logging_mixin.py:190} INFO - [2024-11-11T09:45:15.458+0000] {dagbag.py:588} INFO - Filling up the DagBag from /home/airflow/.local/lib/python3.12/site-packages/airflow/example_dags/example_complex.py
[2024-11-11T09:45:15.478+0000] {processor.py:925} INFO - DAG(s) 'example_complex' retrieved from /home/airflow/.local/lib/python3.12/site-packages/airflow/example_dags/example_complex.py
[2024-11-11T09:45:15.523+0000] {logging_mixin.py:190} INFO - [2024-11-11T09:45:15.523+0000] {dag.py:3239} INFO - Sync 1 DAGs
[2024-11-11T09:45:15.546+0000] {logging_mixin.py:190} INFO - [2024-11-11T09:45:15.545+0000] {dag.py:4180} INFO - Setting next_dagrun for example_complex to None, run_after=None
[2024-11-11T09:45:15.573+0000] {processor.py:208} INFO - Processing /home/airflow/.local/lib/python3.12/site-packages/airflow/example_dags/example_complex.py took 0.130 seconds
[2024-11-11T09:45:47.240+0000] {processor.py:186} INFO - Started process (PID=2328) to work on /home/airflow/.local/lib/python3.12/site-packages/airflow/example_dags/example_complex.py
[2024-11-11T09:45:47.241+0000] {processor.py:914} INFO - Processing file /home/airflow/.local/lib/python3.12/site-packages/airflow/example_dags/example_complex.py for tasks to queue
[2024-11-11T09:45:47.245+0000] {logging_mixin.py:190} INFO - [2024-11-11T09:45:47.245+0000] {dagbag.py:588} INFO - Filling up the DagBag from /home/airflow/.local/lib/python3.12/site-packages/airflow/example_dags/example_complex.py
[2024-11-11T09:45:47.265+0000] {processor.py:925} INFO - DAG(s) 'example_complex' retrieved from /home/airflow/.local/lib/python3.12/site-packages/airflow/example_dags/example_complex.py
[2024-11-11T09:45:47.314+0000] {logging_mixin.py:190} INFO - [2024-11-11T09:45:47.314+0000] {dag.py:3239} INFO - Sync 1 DAGs
[2024-11-11T09:45:47.337+0000] {logging_mixin.py:190} INFO - [2024-11-11T09:45:47.336+0000] {dag.py:4180} INFO - Setting next_dagrun for example_complex to None, run_after=None
[2024-11-11T09:45:47.365+0000] {processor.py:208} INFO - Processing /home/airflow/.local/lib/python3.12/site-packages/airflow/example_dags/example_complex.py took 0.135 seconds
[2024-11-11T09:46:18.724+0000] {processor.py:186} INFO - Started process (PID=2392) to work on /home/airflow/.local/lib/python3.12/site-packages/airflow/example_dags/example_complex.py
[2024-11-11T09:46:18.726+0000] {processor.py:914} INFO - Processing file /home/airflow/.local/lib/python3.12/site-packages/airflow/example_dags/example_complex.py for tasks to queue
[2024-11-11T09:46:18.730+0000] {logging_mixin.py:190} INFO - [2024-11-11T09:46:18.729+0000] {dagbag.py:588} INFO - Filling up the DagBag from /home/airflow/.local/lib/python3.12/site-packages/airflow/example_dags/example_complex.py
[2024-11-11T09:46:18.749+0000] {processor.py:925} INFO - DAG(s) 'example_complex' retrieved from /home/airflow/.local/lib/python3.12/site-packages/airflow/example_dags/example_complex.py
[2024-11-11T09:46:18.794+0000] {logging_mixin.py:190} INFO - [2024-11-11T09:46:18.794+0000] {dag.py:3239} INFO - Sync 1 DAGs
[2024-11-11T09:46:18.818+0000] {logging_mixin.py:190} INFO - [2024-11-11T09:46:18.817+0000] {dag.py:4180} INFO - Setting next_dagrun for example_complex to None, run_after=None
[2024-11-11T09:46:18.848+0000] {processor.py:208} INFO - Processing /home/airflow/.local/lib/python3.12/site-packages/airflow/example_dags/example_complex.py took 0.133 seconds
[2024-11-11T09:46:51.146+0000] {processor.py:186} INFO - Started process (PID=2456) to work on /home/airflow/.local/lib/python3.12/site-packages/airflow/example_dags/example_complex.py
[2024-11-11T09:46:51.147+0000] {processor.py:914} INFO - Processing file /home/airflow/.local/lib/python3.12/site-packages/airflow/example_dags/example_complex.py for tasks to queue
[2024-11-11T09:46:51.151+0000] {logging_mixin.py:190} INFO - [2024-11-11T09:46:51.150+0000] {dagbag.py:588} INFO - Filling up the DagBag from /home/airflow/.local/lib/python3.12/site-packages/airflow/example_dags/example_complex.py
[2024-11-11T09:46:51.170+0000] {processor.py:925} INFO - DAG(s) 'example_complex' retrieved from /home/airflow/.local/lib/python3.12/site-packages/airflow/example_dags/example_complex.py
[2024-11-11T09:46:51.217+0000] {logging_mixin.py:190} INFO - [2024-11-11T09:46:51.217+0000] {dag.py:3239} INFO - Sync 1 DAGs
[2024-11-11T09:46:51.239+0000] {logging_mixin.py:190} INFO - [2024-11-11T09:46:51.239+0000] {dag.py:4180} INFO - Setting next_dagrun for example_complex to None, run_after=None
[2024-11-11T09:46:51.265+0000] {processor.py:208} INFO - Processing /home/airflow/.local/lib/python3.12/site-packages/airflow/example_dags/example_complex.py took 0.129 seconds
[2024-11-11T09:47:22.588+0000] {processor.py:186} INFO - Started process (PID=2520) to work on /home/airflow/.local/lib/python3.12/site-packages/airflow/example_dags/example_complex.py
[2024-11-11T09:47:22.589+0000] {processor.py:914} INFO - Processing file /home/airflow/.local/lib/python3.12/site-packages/airflow/example_dags/example_complex.py for tasks to queue
[2024-11-11T09:47:22.593+0000] {logging_mixin.py:190} INFO - [2024-11-11T09:47:22.592+0000] {dagbag.py:588} INFO - Filling up the DagBag from /home/airflow/.local/lib/python3.12/site-packages/airflow/example_dags/example_complex.py
[2024-11-11T09:47:22.612+0000] {processor.py:925} INFO - DAG(s) 'example_complex' retrieved from /home/airflow/.local/lib/python3.12/site-packages/airflow/example_dags/example_complex.py
[2024-11-11T09:47:22.665+0000] {logging_mixin.py:190} INFO - [2024-11-11T09:47:22.664+0000] {dag.py:3239} INFO - Sync 1 DAGs
[2024-11-11T09:47:22.688+0000] {logging_mixin.py:190} INFO - [2024-11-11T09:47:22.687+0000] {dag.py:4180} INFO - Setting next_dagrun for example_complex to None, run_after=None
[2024-11-11T09:47:22.714+0000] {processor.py:208} INFO - Processing /home/airflow/.local/lib/python3.12/site-packages/airflow/example_dags/example_complex.py took 0.136 seconds
[2024-11-11T09:47:55.224+0000] {processor.py:186} INFO - Started process (PID=2584) to work on /home/airflow/.local/lib/python3.12/site-packages/airflow/example_dags/example_complex.py
[2024-11-11T09:47:55.225+0000] {processor.py:914} INFO - Processing file /home/airflow/.local/lib/python3.12/site-packages/airflow/example_dags/example_complex.py for tasks to queue
[2024-11-11T09:47:55.229+0000] {logging_mixin.py:190} INFO - [2024-11-11T09:47:55.228+0000] {dagbag.py:588} INFO - Filling up the DagBag from /home/airflow/.local/lib/python3.12/site-packages/airflow/example_dags/example_complex.py
[2024-11-11T09:47:55.243+0000] {processor.py:925} INFO - DAG(s) 'example_complex' retrieved from /home/airflow/.local/lib/python3.12/site-packages/airflow/example_dags/example_complex.py
[2024-11-11T09:47:55.280+0000] {logging_mixin.py:190} INFO - [2024-11-11T09:47:55.280+0000] {dag.py:3239} INFO - Sync 1 DAGs
[2024-11-11T09:47:55.298+0000] {logging_mixin.py:190} INFO - [2024-11-11T09:47:55.298+0000] {dag.py:4180} INFO - Setting next_dagrun for example_complex to None, run_after=None
[2024-11-11T09:47:55.319+0000] {processor.py:208} INFO - Processing /home/airflow/.local/lib/python3.12/site-packages/airflow/example_dags/example_complex.py took 0.102 seconds
[2024-11-11T09:48:27.262+0000] {processor.py:186} INFO - Started process (PID=2648) to work on /home/airflow/.local/lib/python3.12/site-packages/airflow/example_dags/example_complex.py
[2024-11-11T09:48:27.263+0000] {processor.py:914} INFO - Processing file /home/airflow/.local/lib/python3.12/site-packages/airflow/example_dags/example_complex.py for tasks to queue
[2024-11-11T09:48:27.266+0000] {logging_mixin.py:190} INFO - [2024-11-11T09:48:27.266+0000] {dagbag.py:588} INFO - Filling up the DagBag from /home/airflow/.local/lib/python3.12/site-packages/airflow/example_dags/example_complex.py
[2024-11-11T09:48:27.279+0000] {processor.py:925} INFO - DAG(s) 'example_complex' retrieved from /home/airflow/.local/lib/python3.12/site-packages/airflow/example_dags/example_complex.py
[2024-11-11T09:48:27.313+0000] {logging_mixin.py:190} INFO - [2024-11-11T09:48:27.312+0000] {dag.py:3239} INFO - Sync 1 DAGs
[2024-11-11T09:48:27.331+0000] {logging_mixin.py:190} INFO - [2024-11-11T09:48:27.331+0000] {dag.py:4180} INFO - Setting next_dagrun for example_complex to None, run_after=None
[2024-11-11T09:48:27.351+0000] {processor.py:208} INFO - Processing /home/airflow/.local/lib/python3.12/site-packages/airflow/example_dags/example_complex.py took 0.096 seconds
[2024-11-11T09:49:00.482+0000] {processor.py:186} INFO - Started process (PID=2712) to work on /home/airflow/.local/lib/python3.12/site-packages/airflow/example_dags/example_complex.py
[2024-11-11T09:49:00.483+0000] {processor.py:914} INFO - Processing file /home/airflow/.local/lib/python3.12/site-packages/airflow/example_dags/example_complex.py for tasks to queue
[2024-11-11T09:49:00.486+0000] {logging_mixin.py:190} INFO - [2024-11-11T09:49:00.485+0000] {dagbag.py:588} INFO - Filling up the DagBag from /home/airflow/.local/lib/python3.12/site-packages/airflow/example_dags/example_complex.py
[2024-11-11T09:49:00.503+0000] {processor.py:925} INFO - DAG(s) 'example_complex' retrieved from /home/airflow/.local/lib/python3.12/site-packages/airflow/example_dags/example_complex.py
[2024-11-11T09:49:00.540+0000] {logging_mixin.py:190} INFO - [2024-11-11T09:49:00.540+0000] {dag.py:3239} INFO - Sync 1 DAGs
[2024-11-11T09:49:00.557+0000] {logging_mixin.py:190} INFO - [2024-11-11T09:49:00.556+0000] {dag.py:4180} INFO - Setting next_dagrun for example_complex to None, run_after=None
[2024-11-11T09:49:00.850+0000] {processor.py:208} INFO - Processing /home/airflow/.local/lib/python3.12/site-packages/airflow/example_dags/example_complex.py took 0.376 seconds
[2024-11-11T09:49:32.355+0000] {processor.py:186} INFO - Started process (PID=2776) to work on /home/airflow/.local/lib/python3.12/site-packages/airflow/example_dags/example_complex.py
[2024-11-11T09:49:32.356+0000] {processor.py:914} INFO - Processing file /home/airflow/.local/lib/python3.12/site-packages/airflow/example_dags/example_complex.py for tasks to queue
[2024-11-11T09:49:32.361+0000] {logging_mixin.py:190} INFO - [2024-11-11T09:49:32.360+0000] {dagbag.py:588} INFO - Filling up the DagBag from /home/airflow/.local/lib/python3.12/site-packages/airflow/example_dags/example_complex.py
[2024-11-11T09:49:32.382+0000] {processor.py:925} INFO - DAG(s) 'example_complex' retrieved from /home/airflow/.local/lib/python3.12/site-packages/airflow/example_dags/example_complex.py
[2024-11-11T09:49:32.430+0000] {logging_mixin.py:190} INFO - [2024-11-11T09:49:32.430+0000] {dag.py:3239} INFO - Sync 1 DAGs
[2024-11-11T09:49:32.453+0000] {logging_mixin.py:190} INFO - [2024-11-11T09:49:32.452+0000] {dag.py:4180} INFO - Setting next_dagrun for example_complex to None, run_after=None
[2024-11-11T09:49:32.844+0000] {processor.py:208} INFO - Processing /home/airflow/.local/lib/python3.12/site-packages/airflow/example_dags/example_complex.py took 0.500 seconds
[2024-11-11T09:50:03.179+0000] {processor.py:186} INFO - Started process (PID=2840) to work on /home/airflow/.local/lib/python3.12/site-packages/airflow/example_dags/example_complex.py
[2024-11-11T09:50:03.181+0000] {processor.py:914} INFO - Processing file /home/airflow/.local/lib/python3.12/site-packages/airflow/example_dags/example_complex.py for tasks to queue
[2024-11-11T09:50:03.185+0000] {logging_mixin.py:190} INFO - [2024-11-11T09:50:03.185+0000] {dagbag.py:588} INFO - Filling up the DagBag from /home/airflow/.local/lib/python3.12/site-packages/airflow/example_dags/example_complex.py
[2024-11-11T09:50:03.209+0000] {processor.py:925} INFO - DAG(s) 'example_complex' retrieved from /home/airflow/.local/lib/python3.12/site-packages/airflow/example_dags/example_complex.py
[2024-11-11T09:50:03.263+0000] {logging_mixin.py:190} INFO - [2024-11-11T09:50:03.263+0000] {dag.py:3239} INFO - Sync 1 DAGs
[2024-11-11T09:50:03.287+0000] {logging_mixin.py:190} INFO - [2024-11-11T09:50:03.287+0000] {dag.py:4180} INFO - Setting next_dagrun for example_complex to None, run_after=None
[2024-11-11T09:50:03.316+0000] {processor.py:208} INFO - Processing /home/airflow/.local/lib/python3.12/site-packages/airflow/example_dags/example_complex.py took 0.148 seconds
[2024-11-11T09:50:34.968+0000] {processor.py:186} INFO - Started process (PID=2905) to work on /home/airflow/.local/lib/python3.12/site-packages/airflow/example_dags/example_complex.py
[2024-11-11T09:50:34.969+0000] {processor.py:914} INFO - Processing file /home/airflow/.local/lib/python3.12/site-packages/airflow/example_dags/example_complex.py for tasks to queue
[2024-11-11T09:50:34.973+0000] {logging_mixin.py:190} INFO - [2024-11-11T09:50:34.973+0000] {dagbag.py:588} INFO - Filling up the DagBag from /home/airflow/.local/lib/python3.12/site-packages/airflow/example_dags/example_complex.py
[2024-11-11T09:50:34.993+0000] {processor.py:925} INFO - DAG(s) 'example_complex' retrieved from /home/airflow/.local/lib/python3.12/site-packages/airflow/example_dags/example_complex.py
[2024-11-11T09:50:35.039+0000] {logging_mixin.py:190} INFO - [2024-11-11T09:50:35.038+0000] {dag.py:3239} INFO - Sync 1 DAGs
[2024-11-11T09:50:35.061+0000] {logging_mixin.py:190} INFO - [2024-11-11T09:50:35.060+0000] {dag.py:4180} INFO - Setting next_dagrun for example_complex to None, run_after=None
[2024-11-11T09:50:35.087+0000] {processor.py:208} INFO - Processing /home/airflow/.local/lib/python3.12/site-packages/airflow/example_dags/example_complex.py took 0.130 seconds
[2024-11-11T09:51:07.737+0000] {processor.py:186} INFO - Started process (PID=2974) to work on /home/airflow/.local/lib/python3.12/site-packages/airflow/example_dags/example_complex.py
[2024-11-11T09:51:07.739+0000] {processor.py:914} INFO - Processing file /home/airflow/.local/lib/python3.12/site-packages/airflow/example_dags/example_complex.py for tasks to queue
[2024-11-11T09:51:07.743+0000] {logging_mixin.py:190} INFO - [2024-11-11T09:51:07.742+0000] {dagbag.py:588} INFO - Filling up the DagBag from /home/airflow/.local/lib/python3.12/site-packages/airflow/example_dags/example_complex.py
[2024-11-11T09:51:07.762+0000] {processor.py:925} INFO - DAG(s) 'example_complex' retrieved from /home/airflow/.local/lib/python3.12/site-packages/airflow/example_dags/example_complex.py
[2024-11-11T09:51:07.811+0000] {logging_mixin.py:190} INFO - [2024-11-11T09:51:07.810+0000] {dag.py:3239} INFO - Sync 1 DAGs
[2024-11-11T09:51:07.834+0000] {logging_mixin.py:190} INFO - [2024-11-11T09:51:07.833+0000] {dag.py:4180} INFO - Setting next_dagrun for example_complex to None, run_after=None
[2024-11-11T09:51:07.859+0000] {processor.py:208} INFO - Processing /home/airflow/.local/lib/python3.12/site-packages/airflow/example_dags/example_complex.py took 0.131 seconds
[2024-11-11T09:51:39.336+0000] {processor.py:186} INFO - Started process (PID=3038) to work on /home/airflow/.local/lib/python3.12/site-packages/airflow/example_dags/example_complex.py
[2024-11-11T09:51:39.337+0000] {processor.py:914} INFO - Processing file /home/airflow/.local/lib/python3.12/site-packages/airflow/example_dags/example_complex.py for tasks to queue
[2024-11-11T09:51:39.341+0000] {logging_mixin.py:190} INFO - [2024-11-11T09:51:39.341+0000] {dagbag.py:588} INFO - Filling up the DagBag from /home/airflow/.local/lib/python3.12/site-packages/airflow/example_dags/example_complex.py
[2024-11-11T09:51:39.361+0000] {processor.py:925} INFO - DAG(s) 'example_complex' retrieved from /home/airflow/.local/lib/python3.12/site-packages/airflow/example_dags/example_complex.py
[2024-11-11T09:51:39.409+0000] {logging_mixin.py:190} INFO - [2024-11-11T09:51:39.409+0000] {dag.py:3239} INFO - Sync 1 DAGs
[2024-11-11T09:51:39.430+0000] {logging_mixin.py:190} INFO - [2024-11-11T09:51:39.430+0000] {dag.py:4180} INFO - Setting next_dagrun for example_complex to None, run_after=None
[2024-11-11T09:51:39.457+0000] {processor.py:208} INFO - Processing /home/airflow/.local/lib/python3.12/site-packages/airflow/example_dags/example_complex.py took 0.131 seconds
[2024-11-11T09:52:12.958+0000] {processor.py:186} INFO - Started process (PID=3107) to work on /home/airflow/.local/lib/python3.12/site-packages/airflow/example_dags/example_complex.py
[2024-11-11T09:52:12.959+0000] {processor.py:914} INFO - Processing file /home/airflow/.local/lib/python3.12/site-packages/airflow/example_dags/example_complex.py for tasks to queue
[2024-11-11T09:52:12.963+0000] {logging_mixin.py:190} INFO - [2024-11-11T09:52:12.963+0000] {dagbag.py:588} INFO - Filling up the DagBag from /home/airflow/.local/lib/python3.12/site-packages/airflow/example_dags/example_complex.py
[2024-11-11T09:52:12.983+0000] {processor.py:925} INFO - DAG(s) 'example_complex' retrieved from /home/airflow/.local/lib/python3.12/site-packages/airflow/example_dags/example_complex.py
[2024-11-11T09:52:13.036+0000] {logging_mixin.py:190} INFO - [2024-11-11T09:52:13.035+0000] {dag.py:3239} INFO - Sync 1 DAGs
[2024-11-11T09:52:13.058+0000] {logging_mixin.py:190} INFO - [2024-11-11T09:52:13.058+0000] {dag.py:4180} INFO - Setting next_dagrun for example_complex to None, run_after=None
[2024-11-11T09:52:13.081+0000] {processor.py:208} INFO - Processing /home/airflow/.local/lib/python3.12/site-packages/airflow/example_dags/example_complex.py took 0.133 seconds
[2024-11-11T09:52:45.048+0000] {processor.py:186} INFO - Started process (PID=3177) to work on /home/airflow/.local/lib/python3.12/site-packages/airflow/example_dags/example_complex.py
[2024-11-11T09:52:45.049+0000] {processor.py:914} INFO - Processing file /home/airflow/.local/lib/python3.12/site-packages/airflow/example_dags/example_complex.py for tasks to queue
[2024-11-11T09:52:45.052+0000] {logging_mixin.py:190} INFO - [2024-11-11T09:52:45.051+0000] {dagbag.py:588} INFO - Filling up the DagBag from /home/airflow/.local/lib/python3.12/site-packages/airflow/example_dags/example_complex.py
[2024-11-11T09:52:45.067+0000] {processor.py:925} INFO - DAG(s) 'example_complex' retrieved from /home/airflow/.local/lib/python3.12/site-packages/airflow/example_dags/example_complex.py
[2024-11-11T09:52:45.116+0000] {logging_mixin.py:190} INFO - [2024-11-11T09:52:45.115+0000] {dag.py:3239} INFO - Sync 1 DAGs
[2024-11-11T09:52:45.137+0000] {logging_mixin.py:190} INFO - [2024-11-11T09:52:45.136+0000] {dag.py:4180} INFO - Setting next_dagrun for example_complex to None, run_after=None
[2024-11-11T09:52:45.165+0000] {processor.py:208} INFO - Processing /home/airflow/.local/lib/python3.12/site-packages/airflow/example_dags/example_complex.py took 0.126 seconds
[2024-11-11T09:53:17.052+0000] {processor.py:186} INFO - Started process (PID=3245) to work on /home/airflow/.local/lib/python3.12/site-packages/airflow/example_dags/example_complex.py
[2024-11-11T09:53:17.053+0000] {processor.py:914} INFO - Processing file /home/airflow/.local/lib/python3.12/site-packages/airflow/example_dags/example_complex.py for tasks to queue
[2024-11-11T09:53:17.056+0000] {logging_mixin.py:190} INFO - [2024-11-11T09:53:17.055+0000] {dagbag.py:588} INFO - Filling up the DagBag from /home/airflow/.local/lib/python3.12/site-packages/airflow/example_dags/example_complex.py
[2024-11-11T09:53:17.072+0000] {processor.py:925} INFO - DAG(s) 'example_complex' retrieved from /home/airflow/.local/lib/python3.12/site-packages/airflow/example_dags/example_complex.py
[2024-11-11T09:53:17.115+0000] {logging_mixin.py:190} INFO - [2024-11-11T09:53:17.115+0000] {dag.py:3239} INFO - Sync 1 DAGs
[2024-11-11T09:53:17.136+0000] {logging_mixin.py:190} INFO - [2024-11-11T09:53:17.135+0000] {dag.py:4180} INFO - Setting next_dagrun for example_complex to None, run_after=None
[2024-11-11T09:53:17.162+0000] {processor.py:208} INFO - Processing /home/airflow/.local/lib/python3.12/site-packages/airflow/example_dags/example_complex.py took 0.118 seconds
[2024-11-11T09:53:48.298+0000] {processor.py:186} INFO - Started process (PID=3309) to work on /home/airflow/.local/lib/python3.12/site-packages/airflow/example_dags/example_complex.py
[2024-11-11T09:53:48.299+0000] {processor.py:914} INFO - Processing file /home/airflow/.local/lib/python3.12/site-packages/airflow/example_dags/example_complex.py for tasks to queue
[2024-11-11T09:53:48.302+0000] {logging_mixin.py:190} INFO - [2024-11-11T09:53:48.302+0000] {dagbag.py:588} INFO - Filling up the DagBag from /home/airflow/.local/lib/python3.12/site-packages/airflow/example_dags/example_complex.py
[2024-11-11T09:53:48.318+0000] {processor.py:925} INFO - DAG(s) 'example_complex' retrieved from /home/airflow/.local/lib/python3.12/site-packages/airflow/example_dags/example_complex.py
[2024-11-11T09:53:48.362+0000] {logging_mixin.py:190} INFO - [2024-11-11T09:53:48.362+0000] {dag.py:3239} INFO - Sync 1 DAGs
[2024-11-11T09:53:48.381+0000] {logging_mixin.py:190} INFO - [2024-11-11T09:53:48.381+0000] {dag.py:4180} INFO - Setting next_dagrun for example_complex to None, run_after=None
[2024-11-11T09:53:48.406+0000] {processor.py:208} INFO - Processing /home/airflow/.local/lib/python3.12/site-packages/airflow/example_dags/example_complex.py took 0.116 seconds
[2024-11-11T09:54:20.667+0000] {processor.py:186} INFO - Started process (PID=3376) to work on /home/airflow/.local/lib/python3.12/site-packages/airflow/example_dags/example_complex.py
[2024-11-11T09:54:20.668+0000] {processor.py:914} INFO - Processing file /home/airflow/.local/lib/python3.12/site-packages/airflow/example_dags/example_complex.py for tasks to queue
[2024-11-11T09:54:20.672+0000] {logging_mixin.py:190} INFO - [2024-11-11T09:54:20.672+0000] {dagbag.py:588} INFO - Filling up the DagBag from /home/airflow/.local/lib/python3.12/site-packages/airflow/example_dags/example_complex.py
[2024-11-11T09:54:20.691+0000] {processor.py:925} INFO - DAG(s) 'example_complex' retrieved from /home/airflow/.local/lib/python3.12/site-packages/airflow/example_dags/example_complex.py
[2024-11-11T09:54:20.738+0000] {logging_mixin.py:190} INFO - [2024-11-11T09:54:20.738+0000] {dag.py:3239} INFO - Sync 1 DAGs
[2024-11-11T09:54:20.760+0000] {logging_mixin.py:190} INFO - [2024-11-11T09:54:20.760+0000] {dag.py:4180} INFO - Setting next_dagrun for example_complex to None, run_after=None
[2024-11-11T09:54:20.788+0000] {processor.py:208} INFO - Processing /home/airflow/.local/lib/python3.12/site-packages/airflow/example_dags/example_complex.py took 0.131 seconds
[2024-11-11T09:54:52.442+0000] {processor.py:186} INFO - Started process (PID=3443) to work on /home/airflow/.local/lib/python3.12/site-packages/airflow/example_dags/example_complex.py
[2024-11-11T09:54:52.443+0000] {processor.py:914} INFO - Processing file /home/airflow/.local/lib/python3.12/site-packages/airflow/example_dags/example_complex.py for tasks to queue
[2024-11-11T09:54:52.447+0000] {logging_mixin.py:190} INFO - [2024-11-11T09:54:52.446+0000] {dagbag.py:588} INFO - Filling up the DagBag from /home/airflow/.local/lib/python3.12/site-packages/airflow/example_dags/example_complex.py
[2024-11-11T09:54:52.466+0000] {processor.py:925} INFO - DAG(s) 'example_complex' retrieved from /home/airflow/.local/lib/python3.12/site-packages/airflow/example_dags/example_complex.py
[2024-11-11T09:54:52.517+0000] {logging_mixin.py:190} INFO - [2024-11-11T09:54:52.516+0000] {dag.py:3239} INFO - Sync 1 DAGs
[2024-11-11T09:54:52.537+0000] {logging_mixin.py:190} INFO - [2024-11-11T09:54:52.537+0000] {dag.py:4180} INFO - Setting next_dagrun for example_complex to None, run_after=None
[2024-11-11T09:54:52.563+0000] {processor.py:208} INFO - Processing /home/airflow/.local/lib/python3.12/site-packages/airflow/example_dags/example_complex.py took 0.131 seconds
[2024-11-11T09:55:23.846+0000] {processor.py:186} INFO - Started process (PID=3507) to work on /home/airflow/.local/lib/python3.12/site-packages/airflow/example_dags/example_complex.py
[2024-11-11T09:55:23.848+0000] {processor.py:914} INFO - Processing file /home/airflow/.local/lib/python3.12/site-packages/airflow/example_dags/example_complex.py for tasks to queue
[2024-11-11T09:55:23.852+0000] {logging_mixin.py:190} INFO - [2024-11-11T09:55:23.852+0000] {dagbag.py:588} INFO - Filling up the DagBag from /home/airflow/.local/lib/python3.12/site-packages/airflow/example_dags/example_complex.py
[2024-11-11T09:55:23.871+0000] {processor.py:925} INFO - DAG(s) 'example_complex' retrieved from /home/airflow/.local/lib/python3.12/site-packages/airflow/example_dags/example_complex.py
[2024-11-11T09:55:23.918+0000] {logging_mixin.py:190} INFO - [2024-11-11T09:55:23.918+0000] {dag.py:3239} INFO - Sync 1 DAGs
[2024-11-11T09:55:23.939+0000] {logging_mixin.py:190} INFO - [2024-11-11T09:55:23.938+0000] {dag.py:4180} INFO - Setting next_dagrun for example_complex to None, run_after=None
[2024-11-11T09:55:23.966+0000] {processor.py:208} INFO - Processing /home/airflow/.local/lib/python3.12/site-packages/airflow/example_dags/example_complex.py took 0.131 seconds
[2024-11-11T09:55:55.480+0000] {processor.py:186} INFO - Started process (PID=3572) to work on /home/airflow/.local/lib/python3.12/site-packages/airflow/example_dags/example_complex.py
[2024-11-11T09:55:55.481+0000] {processor.py:914} INFO - Processing file /home/airflow/.local/lib/python3.12/site-packages/airflow/example_dags/example_complex.py for tasks to queue
[2024-11-11T09:55:55.483+0000] {logging_mixin.py:190} INFO - [2024-11-11T09:55:55.483+0000] {dagbag.py:588} INFO - Filling up the DagBag from /home/airflow/.local/lib/python3.12/site-packages/airflow/example_dags/example_complex.py
[2024-11-11T09:55:55.496+0000] {processor.py:925} INFO - DAG(s) 'example_complex' retrieved from /home/airflow/.local/lib/python3.12/site-packages/airflow/example_dags/example_complex.py
[2024-11-11T09:55:55.529+0000] {logging_mixin.py:190} INFO - [2024-11-11T09:55:55.528+0000] {dag.py:3239} INFO - Sync 1 DAGs
[2024-11-11T09:55:55.545+0000] {logging_mixin.py:190} INFO - [2024-11-11T09:55:55.545+0000] {dag.py:4180} INFO - Setting next_dagrun for example_complex to None, run_after=None
[2024-11-11T09:55:55.565+0000] {processor.py:208} INFO - Processing /home/airflow/.local/lib/python3.12/site-packages/airflow/example_dags/example_complex.py took 0.092 seconds
[2024-11-11T09:56:27.009+0000] {processor.py:186} INFO - Started process (PID=3636) to work on /home/airflow/.local/lib/python3.12/site-packages/airflow/example_dags/example_complex.py
[2024-11-11T09:56:27.011+0000] {processor.py:914} INFO - Processing file /home/airflow/.local/lib/python3.12/site-packages/airflow/example_dags/example_complex.py for tasks to queue
[2024-11-11T09:56:27.017+0000] {logging_mixin.py:190} INFO - [2024-11-11T09:56:27.016+0000] {dagbag.py:588} INFO - Filling up the DagBag from /home/airflow/.local/lib/python3.12/site-packages/airflow/example_dags/example_complex.py
[2024-11-11T09:56:27.041+0000] {processor.py:925} INFO - DAG(s) 'example_complex' retrieved from /home/airflow/.local/lib/python3.12/site-packages/airflow/example_dags/example_complex.py
[2024-11-11T09:56:27.109+0000] {logging_mixin.py:190} INFO - [2024-11-11T09:56:27.108+0000] {dag.py:3239} INFO - Sync 1 DAGs
[2024-11-11T09:56:27.143+0000] {logging_mixin.py:190} INFO - [2024-11-11T09:56:27.143+0000] {dag.py:4180} INFO - Setting next_dagrun for example_complex to None, run_after=None
[2024-11-11T09:56:27.195+0000] {processor.py:208} INFO - Processing /home/airflow/.local/lib/python3.12/site-packages/airflow/example_dags/example_complex.py took 0.199 seconds
[2024-11-11T09:56:58.127+0000] {processor.py:186} INFO - Started process (PID=3700) to work on /home/airflow/.local/lib/python3.12/site-packages/airflow/example_dags/example_complex.py
[2024-11-11T09:56:58.128+0000] {processor.py:914} INFO - Processing file /home/airflow/.local/lib/python3.12/site-packages/airflow/example_dags/example_complex.py for tasks to queue
[2024-11-11T09:56:58.132+0000] {logging_mixin.py:190} INFO - [2024-11-11T09:56:58.131+0000] {dagbag.py:588} INFO - Filling up the DagBag from /home/airflow/.local/lib/python3.12/site-packages/airflow/example_dags/example_complex.py
[2024-11-11T09:56:58.153+0000] {processor.py:925} INFO - DAG(s) 'example_complex' retrieved from /home/airflow/.local/lib/python3.12/site-packages/airflow/example_dags/example_complex.py
[2024-11-11T09:56:58.202+0000] {logging_mixin.py:190} INFO - [2024-11-11T09:56:58.201+0000] {dag.py:3239} INFO - Sync 1 DAGs
[2024-11-11T09:56:58.226+0000] {logging_mixin.py:190} INFO - [2024-11-11T09:56:58.225+0000] {dag.py:4180} INFO - Setting next_dagrun for example_complex to None, run_after=None
[2024-11-11T09:56:58.257+0000] {processor.py:208} INFO - Processing /home/airflow/.local/lib/python3.12/site-packages/airflow/example_dags/example_complex.py took 0.141 seconds
[2024-11-11T09:57:28.937+0000] {processor.py:186} INFO - Started process (PID=3764) to work on /home/airflow/.local/lib/python3.12/site-packages/airflow/example_dags/example_complex.py
[2024-11-11T09:57:28.938+0000] {processor.py:914} INFO - Processing file /home/airflow/.local/lib/python3.12/site-packages/airflow/example_dags/example_complex.py for tasks to queue
[2024-11-11T09:57:28.942+0000] {logging_mixin.py:190} INFO - [2024-11-11T09:57:28.941+0000] {dagbag.py:588} INFO - Filling up the DagBag from /home/airflow/.local/lib/python3.12/site-packages/airflow/example_dags/example_complex.py
[2024-11-11T09:57:28.961+0000] {processor.py:925} INFO - DAG(s) 'example_complex' retrieved from /home/airflow/.local/lib/python3.12/site-packages/airflow/example_dags/example_complex.py
[2024-11-11T09:57:29.008+0000] {logging_mixin.py:190} INFO - [2024-11-11T09:57:29.008+0000] {dag.py:3239} INFO - Sync 1 DAGs
[2024-11-11T09:57:29.028+0000] {logging_mixin.py:190} INFO - [2024-11-11T09:57:29.027+0000] {dag.py:4180} INFO - Setting next_dagrun for example_complex to None, run_after=None
[2024-11-11T09:57:29.055+0000] {processor.py:208} INFO - Processing /home/airflow/.local/lib/python3.12/site-packages/airflow/example_dags/example_complex.py took 0.127 seconds
[2024-11-11T09:58:00.221+0000] {processor.py:186} INFO - Started process (PID=3828) to work on /home/airflow/.local/lib/python3.12/site-packages/airflow/example_dags/example_complex.py
[2024-11-11T09:58:00.222+0000] {processor.py:914} INFO - Processing file /home/airflow/.local/lib/python3.12/site-packages/airflow/example_dags/example_complex.py for tasks to queue
[2024-11-11T09:58:00.226+0000] {logging_mixin.py:190} INFO - [2024-11-11T09:58:00.226+0000] {dagbag.py:588} INFO - Filling up the DagBag from /home/airflow/.local/lib/python3.12/site-packages/airflow/example_dags/example_complex.py
[2024-11-11T09:58:00.245+0000] {processor.py:925} INFO - DAG(s) 'example_complex' retrieved from /home/airflow/.local/lib/python3.12/site-packages/airflow/example_dags/example_complex.py
[2024-11-11T09:58:00.289+0000] {logging_mixin.py:190} INFO - [2024-11-11T09:58:00.289+0000] {dag.py:3239} INFO - Sync 1 DAGs
[2024-11-11T09:58:00.311+0000] {logging_mixin.py:190} INFO - [2024-11-11T09:58:00.310+0000] {dag.py:4180} INFO - Setting next_dagrun for example_complex to None, run_after=None
[2024-11-11T09:58:00.338+0000] {processor.py:208} INFO - Processing /home/airflow/.local/lib/python3.12/site-packages/airflow/example_dags/example_complex.py took 0.127 seconds
[2024-11-11T09:58:31.874+0000] {processor.py:186} INFO - Started process (PID=3893) to work on /home/airflow/.local/lib/python3.12/site-packages/airflow/example_dags/example_complex.py
[2024-11-11T09:58:31.875+0000] {processor.py:914} INFO - Processing file /home/airflow/.local/lib/python3.12/site-packages/airflow/example_dags/example_complex.py for tasks to queue
[2024-11-11T09:58:31.880+0000] {logging_mixin.py:190} INFO - [2024-11-11T09:58:31.880+0000] {dagbag.py:588} INFO - Filling up the DagBag from /home/airflow/.local/lib/python3.12/site-packages/airflow/example_dags/example_complex.py
[2024-11-11T09:58:31.903+0000] {processor.py:925} INFO - DAG(s) 'example_complex' retrieved from /home/airflow/.local/lib/python3.12/site-packages/airflow/example_dags/example_complex.py
[2024-11-11T09:58:31.955+0000] {logging_mixin.py:190} INFO - [2024-11-11T09:58:31.955+0000] {dag.py:3239} INFO - Sync 1 DAGs
[2024-11-11T09:58:31.981+0000] {logging_mixin.py:190} INFO - [2024-11-11T09:58:31.981+0000] {dag.py:4180} INFO - Setting next_dagrun for example_complex to None, run_after=None
[2024-11-11T09:58:32.013+0000] {processor.py:208} INFO - Processing /home/airflow/.local/lib/python3.12/site-packages/airflow/example_dags/example_complex.py took 0.151 seconds
[2024-11-11T09:59:03.612+0000] {processor.py:186} INFO - Started process (PID=3957) to work on /home/airflow/.local/lib/python3.12/site-packages/airflow/example_dags/example_complex.py
[2024-11-11T09:59:03.613+0000] {processor.py:914} INFO - Processing file /home/airflow/.local/lib/python3.12/site-packages/airflow/example_dags/example_complex.py for tasks to queue
[2024-11-11T09:59:03.617+0000] {logging_mixin.py:190} INFO - [2024-11-11T09:59:03.617+0000] {dagbag.py:588} INFO - Filling up the DagBag from /home/airflow/.local/lib/python3.12/site-packages/airflow/example_dags/example_complex.py
[2024-11-11T09:59:03.636+0000] {processor.py:925} INFO - DAG(s) 'example_complex' retrieved from /home/airflow/.local/lib/python3.12/site-packages/airflow/example_dags/example_complex.py
[2024-11-11T09:59:03.682+0000] {logging_mixin.py:190} INFO - [2024-11-11T09:59:03.681+0000] {dag.py:3239} INFO - Sync 1 DAGs
[2024-11-11T09:59:03.703+0000] {logging_mixin.py:190} INFO - [2024-11-11T09:59:03.703+0000] {dag.py:4180} INFO - Setting next_dagrun for example_complex to None, run_after=None
[2024-11-11T09:59:03.729+0000] {processor.py:208} INFO - Processing /home/airflow/.local/lib/python3.12/site-packages/airflow/example_dags/example_complex.py took 0.127 seconds
[2024-11-11T09:59:34.874+0000] {processor.py:186} INFO - Started process (PID=4021) to work on /home/airflow/.local/lib/python3.12/site-packages/airflow/example_dags/example_complex.py
[2024-11-11T09:59:34.876+0000] {processor.py:914} INFO - Processing file /home/airflow/.local/lib/python3.12/site-packages/airflow/example_dags/example_complex.py for tasks to queue
[2024-11-11T09:59:34.880+0000] {logging_mixin.py:190} INFO - [2024-11-11T09:59:34.880+0000] {dagbag.py:588} INFO - Filling up the DagBag from /home/airflow/.local/lib/python3.12/site-packages/airflow/example_dags/example_complex.py
[2024-11-11T09:59:34.902+0000] {processor.py:925} INFO - DAG(s) 'example_complex' retrieved from /home/airflow/.local/lib/python3.12/site-packages/airflow/example_dags/example_complex.py
[2024-11-11T09:59:34.951+0000] {logging_mixin.py:190} INFO - [2024-11-11T09:59:34.951+0000] {dag.py:3239} INFO - Sync 1 DAGs
[2024-11-11T09:59:34.971+0000] {logging_mixin.py:190} INFO - [2024-11-11T09:59:34.971+0000] {dag.py:4180} INFO - Setting next_dagrun for example_complex to None, run_after=None
[2024-11-11T09:59:34.999+0000] {processor.py:208} INFO - Processing /home/airflow/.local/lib/python3.12/site-packages/airflow/example_dags/example_complex.py took 0.137 seconds
[2024-11-11T10:00:06.316+0000] {processor.py:186} INFO - Started process (PID=4085) to work on /home/airflow/.local/lib/python3.12/site-packages/airflow/example_dags/example_complex.py
[2024-11-11T10:00:06.317+0000] {processor.py:914} INFO - Processing file /home/airflow/.local/lib/python3.12/site-packages/airflow/example_dags/example_complex.py for tasks to queue
[2024-11-11T10:00:06.321+0000] {logging_mixin.py:190} INFO - [2024-11-11T10:00:06.321+0000] {dagbag.py:588} INFO - Filling up the DagBag from /home/airflow/.local/lib/python3.12/site-packages/airflow/example_dags/example_complex.py
[2024-11-11T10:00:06.341+0000] {processor.py:925} INFO - DAG(s) 'example_complex' retrieved from /home/airflow/.local/lib/python3.12/site-packages/airflow/example_dags/example_complex.py
[2024-11-11T10:00:06.385+0000] {logging_mixin.py:190} INFO - [2024-11-11T10:00:06.385+0000] {dag.py:3239} INFO - Sync 1 DAGs
[2024-11-11T10:00:06.408+0000] {logging_mixin.py:190} INFO - [2024-11-11T10:00:06.407+0000] {dag.py:4180} INFO - Setting next_dagrun for example_complex to None, run_after=None
[2024-11-11T10:00:06.434+0000] {processor.py:208} INFO - Processing /home/airflow/.local/lib/python3.12/site-packages/airflow/example_dags/example_complex.py took 0.127 seconds
[2024-11-11T10:00:37.144+0000] {processor.py:186} INFO - Started process (PID=4149) to work on /home/airflow/.local/lib/python3.12/site-packages/airflow/example_dags/example_complex.py
[2024-11-11T10:00:37.145+0000] {processor.py:914} INFO - Processing file /home/airflow/.local/lib/python3.12/site-packages/airflow/example_dags/example_complex.py for tasks to queue
[2024-11-11T10:00:37.149+0000] {logging_mixin.py:190} INFO - [2024-11-11T10:00:37.149+0000] {dagbag.py:588} INFO - Filling up the DagBag from /home/airflow/.local/lib/python3.12/site-packages/airflow/example_dags/example_complex.py
[2024-11-11T10:00:37.169+0000] {processor.py:925} INFO - DAG(s) 'example_complex' retrieved from /home/airflow/.local/lib/python3.12/site-packages/airflow/example_dags/example_complex.py
[2024-11-11T10:00:37.217+0000] {logging_mixin.py:190} INFO - [2024-11-11T10:00:37.216+0000] {dag.py:3239} INFO - Sync 1 DAGs
[2024-11-11T10:00:37.238+0000] {logging_mixin.py:190} INFO - [2024-11-11T10:00:37.238+0000] {dag.py:4180} INFO - Setting next_dagrun for example_complex to None, run_after=None
[2024-11-11T10:00:37.265+0000] {processor.py:208} INFO - Processing /home/airflow/.local/lib/python3.12/site-packages/airflow/example_dags/example_complex.py took 0.132 seconds
[2024-11-11T10:01:07.913+0000] {processor.py:186} INFO - Started process (PID=4213) to work on /home/airflow/.local/lib/python3.12/site-packages/airflow/example_dags/example_complex.py
[2024-11-11T10:01:07.914+0000] {processor.py:914} INFO - Processing file /home/airflow/.local/lib/python3.12/site-packages/airflow/example_dags/example_complex.py for tasks to queue
[2024-11-11T10:01:07.917+0000] {logging_mixin.py:190} INFO - [2024-11-11T10:01:07.917+0000] {dagbag.py:588} INFO - Filling up the DagBag from /home/airflow/.local/lib/python3.12/site-packages/airflow/example_dags/example_complex.py
[2024-11-11T10:01:07.930+0000] {processor.py:925} INFO - DAG(s) 'example_complex' retrieved from /home/airflow/.local/lib/python3.12/site-packages/airflow/example_dags/example_complex.py
[2024-11-11T10:01:07.967+0000] {logging_mixin.py:190} INFO - [2024-11-11T10:01:07.967+0000] {dag.py:3239} INFO - Sync 1 DAGs
[2024-11-11T10:01:07.985+0000] {logging_mixin.py:190} INFO - [2024-11-11T10:01:07.985+0000] {dag.py:4180} INFO - Setting next_dagrun for example_complex to None, run_after=None
[2024-11-11T10:01:08.008+0000] {processor.py:208} INFO - Processing /home/airflow/.local/lib/python3.12/site-packages/airflow/example_dags/example_complex.py took 0.102 seconds
[2024-11-11T10:01:39.194+0000] {processor.py:186} INFO - Started process (PID=4277) to work on /home/airflow/.local/lib/python3.12/site-packages/airflow/example_dags/example_complex.py
[2024-11-11T10:01:39.195+0000] {processor.py:914} INFO - Processing file /home/airflow/.local/lib/python3.12/site-packages/airflow/example_dags/example_complex.py for tasks to queue
[2024-11-11T10:01:39.198+0000] {logging_mixin.py:190} INFO - [2024-11-11T10:01:39.198+0000] {dagbag.py:588} INFO - Filling up the DagBag from /home/airflow/.local/lib/python3.12/site-packages/airflow/example_dags/example_complex.py
[2024-11-11T10:01:39.212+0000] {processor.py:925} INFO - DAG(s) 'example_complex' retrieved from /home/airflow/.local/lib/python3.12/site-packages/airflow/example_dags/example_complex.py
[2024-11-11T10:01:39.249+0000] {logging_mixin.py:190} INFO - [2024-11-11T10:01:39.249+0000] {dag.py:3239} INFO - Sync 1 DAGs
[2024-11-11T10:01:39.267+0000] {logging_mixin.py:190} INFO - [2024-11-11T10:01:39.267+0000] {dag.py:4180} INFO - Setting next_dagrun for example_complex to None, run_after=None
[2024-11-11T10:01:39.289+0000] {processor.py:208} INFO - Processing /home/airflow/.local/lib/python3.12/site-packages/airflow/example_dags/example_complex.py took 0.102 seconds
[2024-11-11T10:02:10.344+0000] {processor.py:186} INFO - Started process (PID=4342) to work on /home/airflow/.local/lib/python3.12/site-packages/airflow/example_dags/example_complex.py
[2024-11-11T10:02:10.345+0000] {processor.py:914} INFO - Processing file /home/airflow/.local/lib/python3.12/site-packages/airflow/example_dags/example_complex.py for tasks to queue
[2024-11-11T10:02:10.352+0000] {logging_mixin.py:190} INFO - [2024-11-11T10:02:10.351+0000] {dagbag.py:588} INFO - Filling up the DagBag from /home/airflow/.local/lib/python3.12/site-packages/airflow/example_dags/example_complex.py
[2024-11-11T10:02:10.373+0000] {processor.py:925} INFO - DAG(s) 'example_complex' retrieved from /home/airflow/.local/lib/python3.12/site-packages/airflow/example_dags/example_complex.py
[2024-11-11T10:02:10.423+0000] {logging_mixin.py:190} INFO - [2024-11-11T10:02:10.423+0000] {dag.py:3239} INFO - Sync 1 DAGs
[2024-11-11T10:02:10.446+0000] {logging_mixin.py:190} INFO - [2024-11-11T10:02:10.446+0000] {dag.py:4180} INFO - Setting next_dagrun for example_complex to None, run_after=None
[2024-11-11T10:02:10.478+0000] {processor.py:208} INFO - Processing /home/airflow/.local/lib/python3.12/site-packages/airflow/example_dags/example_complex.py took 0.148 seconds
[2024-11-11T10:02:42.081+0000] {processor.py:186} INFO - Started process (PID=4406) to work on /home/airflow/.local/lib/python3.12/site-packages/airflow/example_dags/example_complex.py
[2024-11-11T10:02:42.082+0000] {processor.py:914} INFO - Processing file /home/airflow/.local/lib/python3.12/site-packages/airflow/example_dags/example_complex.py for tasks to queue
[2024-11-11T10:02:42.086+0000] {logging_mixin.py:190} INFO - [2024-11-11T10:02:42.085+0000] {dagbag.py:588} INFO - Filling up the DagBag from /home/airflow/.local/lib/python3.12/site-packages/airflow/example_dags/example_complex.py
[2024-11-11T10:02:42.106+0000] {processor.py:925} INFO - DAG(s) 'example_complex' retrieved from /home/airflow/.local/lib/python3.12/site-packages/airflow/example_dags/example_complex.py
[2024-11-11T10:02:42.150+0000] {logging_mixin.py:190} INFO - [2024-11-11T10:02:42.150+0000] {dag.py:3239} INFO - Sync 1 DAGs
[2024-11-11T10:02:42.173+0000] {logging_mixin.py:190} INFO - [2024-11-11T10:02:42.172+0000] {dag.py:4180} INFO - Setting next_dagrun for example_complex to None, run_after=None
[2024-11-11T10:02:42.199+0000] {processor.py:208} INFO - Processing /home/airflow/.local/lib/python3.12/site-packages/airflow/example_dags/example_complex.py took 0.128 seconds
[2024-11-11T10:03:13.157+0000] {processor.py:186} INFO - Started process (PID=4476) to work on /home/airflow/.local/lib/python3.12/site-packages/airflow/example_dags/example_complex.py
[2024-11-11T10:03:13.158+0000] {processor.py:914} INFO - Processing file /home/airflow/.local/lib/python3.12/site-packages/airflow/example_dags/example_complex.py for tasks to queue
[2024-11-11T10:03:13.162+0000] {logging_mixin.py:190} INFO - [2024-11-11T10:03:13.162+0000] {dagbag.py:588} INFO - Filling up the DagBag from /home/airflow/.local/lib/python3.12/site-packages/airflow/example_dags/example_complex.py
[2024-11-11T10:03:13.182+0000] {processor.py:925} INFO - DAG(s) 'example_complex' retrieved from /home/airflow/.local/lib/python3.12/site-packages/airflow/example_dags/example_complex.py
[2024-11-11T10:03:13.228+0000] {logging_mixin.py:190} INFO - [2024-11-11T10:03:13.227+0000] {dag.py:3239} INFO - Sync 1 DAGs
[2024-11-11T10:03:13.250+0000] {logging_mixin.py:190} INFO - [2024-11-11T10:03:13.250+0000] {dag.py:4180} INFO - Setting next_dagrun for example_complex to None, run_after=None
[2024-11-11T10:03:13.275+0000] {processor.py:208} INFO - Processing /home/airflow/.local/lib/python3.12/site-packages/airflow/example_dags/example_complex.py took 0.128 seconds
[2024-11-11T10:03:44.296+0000] {processor.py:186} INFO - Started process (PID=4540) to work on /home/airflow/.local/lib/python3.12/site-packages/airflow/example_dags/example_complex.py
[2024-11-11T10:03:44.297+0000] {processor.py:914} INFO - Processing file /home/airflow/.local/lib/python3.12/site-packages/airflow/example_dags/example_complex.py for tasks to queue
[2024-11-11T10:03:44.301+0000] {logging_mixin.py:190} INFO - [2024-11-11T10:03:44.301+0000] {dagbag.py:588} INFO - Filling up the DagBag from /home/airflow/.local/lib/python3.12/site-packages/airflow/example_dags/example_complex.py
[2024-11-11T10:03:44.320+0000] {processor.py:925} INFO - DAG(s) 'example_complex' retrieved from /home/airflow/.local/lib/python3.12/site-packages/airflow/example_dags/example_complex.py
[2024-11-11T10:03:44.366+0000] {logging_mixin.py:190} INFO - [2024-11-11T10:03:44.365+0000] {dag.py:3239} INFO - Sync 1 DAGs
[2024-11-11T10:03:44.387+0000] {logging_mixin.py:190} INFO - [2024-11-11T10:03:44.387+0000] {dag.py:4180} INFO - Setting next_dagrun for example_complex to None, run_after=None
[2024-11-11T10:03:44.413+0000] {processor.py:208} INFO - Processing /home/airflow/.local/lib/python3.12/site-packages/airflow/example_dags/example_complex.py took 0.128 seconds
[2024-11-11T10:04:16.205+0000] {processor.py:186} INFO - Started process (PID=4604) to work on /home/airflow/.local/lib/python3.12/site-packages/airflow/example_dags/example_complex.py
[2024-11-11T10:04:16.206+0000] {processor.py:914} INFO - Processing file /home/airflow/.local/lib/python3.12/site-packages/airflow/example_dags/example_complex.py for tasks to queue
[2024-11-11T10:04:16.211+0000] {logging_mixin.py:190} INFO - [2024-11-11T10:04:16.210+0000] {dagbag.py:588} INFO - Filling up the DagBag from /home/airflow/.local/lib/python3.12/site-packages/airflow/example_dags/example_complex.py
[2024-11-11T10:04:16.230+0000] {processor.py:925} INFO - DAG(s) 'example_complex' retrieved from /home/airflow/.local/lib/python3.12/site-packages/airflow/example_dags/example_complex.py
[2024-11-11T10:04:16.277+0000] {logging_mixin.py:190} INFO - [2024-11-11T10:04:16.277+0000] {dag.py:3239} INFO - Sync 1 DAGs
[2024-11-11T10:04:16.304+0000] {logging_mixin.py:190} INFO - [2024-11-11T10:04:16.304+0000] {dag.py:4180} INFO - Setting next_dagrun for example_complex to None, run_after=None
[2024-11-11T10:04:16.336+0000] {processor.py:208} INFO - Processing /home/airflow/.local/lib/python3.12/site-packages/airflow/example_dags/example_complex.py took 0.141 seconds
[2024-11-11T10:04:48.380+0000] {processor.py:186} INFO - Started process (PID=4668) to work on /home/airflow/.local/lib/python3.12/site-packages/airflow/example_dags/example_complex.py
[2024-11-11T10:04:48.381+0000] {processor.py:914} INFO - Processing file /home/airflow/.local/lib/python3.12/site-packages/airflow/example_dags/example_complex.py for tasks to queue
[2024-11-11T10:04:48.385+0000] {logging_mixin.py:190} INFO - [2024-11-11T10:04:48.385+0000] {dagbag.py:588} INFO - Filling up the DagBag from /home/airflow/.local/lib/python3.12/site-packages/airflow/example_dags/example_complex.py
[2024-11-11T10:04:48.404+0000] {processor.py:925} INFO - DAG(s) 'example_complex' retrieved from /home/airflow/.local/lib/python3.12/site-packages/airflow/example_dags/example_complex.py
[2024-11-11T10:04:48.452+0000] {logging_mixin.py:190} INFO - [2024-11-11T10:04:48.451+0000] {dag.py:3239} INFO - Sync 1 DAGs
[2024-11-11T10:04:48.473+0000] {logging_mixin.py:190} INFO - [2024-11-11T10:04:48.473+0000] {dag.py:4180} INFO - Setting next_dagrun for example_complex to None, run_after=None
[2024-11-11T10:04:48.499+0000] {processor.py:208} INFO - Processing /home/airflow/.local/lib/python3.12/site-packages/airflow/example_dags/example_complex.py took 0.128 seconds
[2024-11-11T10:05:20.190+0000] {processor.py:186} INFO - Started process (PID=4732) to work on /home/airflow/.local/lib/python3.12/site-packages/airflow/example_dags/example_complex.py
[2024-11-11T10:05:20.191+0000] {processor.py:914} INFO - Processing file /home/airflow/.local/lib/python3.12/site-packages/airflow/example_dags/example_complex.py for tasks to queue
[2024-11-11T10:05:20.196+0000] {logging_mixin.py:190} INFO - [2024-11-11T10:05:20.195+0000] {dagbag.py:588} INFO - Filling up the DagBag from /home/airflow/.local/lib/python3.12/site-packages/airflow/example_dags/example_complex.py
[2024-11-11T10:05:20.214+0000] {processor.py:925} INFO - DAG(s) 'example_complex' retrieved from /home/airflow/.local/lib/python3.12/site-packages/airflow/example_dags/example_complex.py
[2024-11-11T10:05:20.270+0000] {logging_mixin.py:190} INFO - [2024-11-11T10:05:20.270+0000] {dag.py:3239} INFO - Sync 1 DAGs
[2024-11-11T10:05:20.292+0000] {logging_mixin.py:190} INFO - [2024-11-11T10:05:20.292+0000] {dag.py:4180} INFO - Setting next_dagrun for example_complex to None, run_after=None
[2024-11-11T10:05:20.322+0000] {processor.py:208} INFO - Processing /home/airflow/.local/lib/python3.12/site-packages/airflow/example_dags/example_complex.py took 0.142 seconds
[2024-11-11T10:05:51.184+0000] {processor.py:186} INFO - Started process (PID=4795) to work on /home/airflow/.local/lib/python3.12/site-packages/airflow/example_dags/example_complex.py
[2024-11-11T10:05:51.185+0000] {processor.py:914} INFO - Processing file /home/airflow/.local/lib/python3.12/site-packages/airflow/example_dags/example_complex.py for tasks to queue
[2024-11-11T10:05:51.189+0000] {logging_mixin.py:190} INFO - [2024-11-11T10:05:51.189+0000] {dagbag.py:588} INFO - Filling up the DagBag from /home/airflow/.local/lib/python3.12/site-packages/airflow/example_dags/example_complex.py
[2024-11-11T10:05:51.244+0000] {processor.py:925} INFO - DAG(s) 'example_complex' retrieved from /home/airflow/.local/lib/python3.12/site-packages/airflow/example_dags/example_complex.py
[2024-11-11T10:05:51.346+0000] {logging_mixin.py:190} INFO - [2024-11-11T10:05:51.345+0000] {dag.py:3239} INFO - Sync 1 DAGs
[2024-11-11T10:05:51.389+0000] {logging_mixin.py:190} INFO - [2024-11-11T10:05:51.389+0000] {dag.py:4180} INFO - Setting next_dagrun for example_complex to None, run_after=None
[2024-11-11T10:05:51.435+0000] {processor.py:208} INFO - Processing /home/airflow/.local/lib/python3.12/site-packages/airflow/example_dags/example_complex.py took 0.261 seconds
[2024-11-11T10:06:21.924+0000] {processor.py:186} INFO - Started process (PID=4858) to work on /home/airflow/.local/lib/python3.12/site-packages/airflow/example_dags/example_complex.py
[2024-11-11T10:06:21.925+0000] {processor.py:914} INFO - Processing file /home/airflow/.local/lib/python3.12/site-packages/airflow/example_dags/example_complex.py for tasks to queue
[2024-11-11T10:06:21.929+0000] {logging_mixin.py:190} INFO - [2024-11-11T10:06:21.928+0000] {dagbag.py:588} INFO - Filling up the DagBag from /home/airflow/.local/lib/python3.12/site-packages/airflow/example_dags/example_complex.py
[2024-11-11T10:06:21.946+0000] {processor.py:925} INFO - DAG(s) 'example_complex' retrieved from /home/airflow/.local/lib/python3.12/site-packages/airflow/example_dags/example_complex.py
[2024-11-11T10:06:21.989+0000] {logging_mixin.py:190} INFO - [2024-11-11T10:06:21.989+0000] {dag.py:3239} INFO - Sync 1 DAGs
[2024-11-11T10:06:22.011+0000] {logging_mixin.py:190} INFO - [2024-11-11T10:06:22.011+0000] {dag.py:4180} INFO - Setting next_dagrun for example_complex to None, run_after=None
[2024-11-11T10:06:22.046+0000] {processor.py:208} INFO - Processing /home/airflow/.local/lib/python3.12/site-packages/airflow/example_dags/example_complex.py took 0.131 seconds
