[2024-11-10T14:10:05.054+0000] {local_task_job_runner.py:123} INFO - ::group::Pre task execution logs
[2024-11-10T14:10:05.079+0000] {taskinstance.py:2613} INFO - Dependencies all met for dep_context=non-requeueable deps ti=<TaskInstance: fetch_and_store_amazon_books.create_table scheduled__2024-09-08T00:00:00+00:00 [queued]>
[2024-11-10T14:10:05.090+0000] {taskinstance.py:2613} INFO - Dependencies all met for dep_context=requeueable deps ti=<TaskInstance: fetch_and_store_amazon_books.create_table scheduled__2024-09-08T00:00:00+00:00 [queued]>
[2024-11-10T14:10:05.091+0000] {taskinstance.py:2866} INFO - Starting attempt 1 of 2
[2024-11-10T14:10:05.108+0000] {taskinstance.py:2889} INFO - Executing <Task(PostgresOperator): create_table> on 2024-09-08 00:00:00+00:00
[2024-11-10T14:10:05.123+0000] {warnings.py:112} WARNING - /home/***/.local/lib/python3.12/site-packages/***/task/task_runner/standard_task_runner.py:70: DeprecationWarning: This process (pid=4900) is multi-threaded, use of fork() may lead to deadlocks in the child.
  pid = os.fork()

[2024-11-10T14:10:05.124+0000] {standard_task_runner.py:72} INFO - Started process 4903 to run task
[2024-11-10T14:10:05.126+0000] {standard_task_runner.py:104} INFO - Running: ['***', 'tasks', 'run', 'fetch_and_store_amazon_books', 'create_table', 'scheduled__2024-09-08T00:00:00+00:00', '--job-id', '480', '--raw', '--subdir', 'DAGS_FOLDER/app.py', '--cfg-path', '/tmp/tmpu4nkynfh']
[2024-11-10T14:10:05.128+0000] {standard_task_runner.py:105} INFO - Job 480: Subtask create_table
[2024-11-10T14:10:05.195+0000] {task_command.py:467} INFO - Running <TaskInstance: fetch_and_store_amazon_books.create_table scheduled__2024-09-08T00:00:00+00:00 [running]> on host 0afc8c4a15bb
[2024-11-10T14:10:05.311+0000] {taskinstance.py:3132} INFO - Exporting env vars: AIRFLOW_CTX_DAG_OWNER='***' AIRFLOW_CTX_DAG_ID='fetch_and_store_amazon_books' AIRFLOW_CTX_TASK_ID='create_table' AIRFLOW_CTX_EXECUTION_DATE='2024-09-08T00:00:00+00:00' AIRFLOW_CTX_TRY_NUMBER='1' AIRFLOW_CTX_DAG_RUN_ID='scheduled__2024-09-08T00:00:00+00:00'
[2024-11-10T14:10:05.314+0000] {logging_mixin.py:190} INFO - Task instance is in running state
[2024-11-10T14:10:05.314+0000] {logging_mixin.py:190} INFO -  Previous state of the Task instance: queued
[2024-11-10T14:10:05.314+0000] {logging_mixin.py:190} INFO - Current task name:create_table state:running start_date:2024-11-10 14:10:05.080350+00:00
[2024-11-10T14:10:05.314+0000] {logging_mixin.py:190} INFO - Dag name:fetch_and_store_amazon_books and current dag run status:running
[2024-11-10T14:10:05.314+0000] {taskinstance.py:731} INFO - ::endgroup::
[2024-11-10T14:10:05.315+0000] {sql.py:278} INFO - Executing: 
    CREATE TABLE IF NOT EXISTS books (
        id SERIAL PRIMARY KEY,
        title TEXT NOT NULL,
        authors TEXT,
        price TEXT,
        rating TEXT
    );
    
[2024-11-10T14:10:05.326+0000] {base.py:84} INFO - Retrieving connection 'books_connection'
[2024-11-10T14:10:05.338+0000] {base.py:84} INFO - Retrieving connection 'books_connection'
[2024-11-10T14:10:05.343+0000] {sql.py:544} INFO - Running statement: 
    CREATE TABLE IF NOT EXISTS books (
        id SERIAL PRIMARY KEY,
        title TEXT NOT NULL,
        authors TEXT,
        price TEXT,
        rating TEXT
    );
    , parameters: None
[2024-11-10T14:10:05.361+0000] {taskinstance.py:340} INFO - ::group::Post task execution logs
[2024-11-10T14:10:05.362+0000] {taskinstance.py:352} INFO - Marking task as SUCCESS. dag_id=fetch_and_store_amazon_books, task_id=create_table, run_id=scheduled__2024-09-08T00:00:00+00:00, execution_date=20240908T000000, start_date=20241110T141005, end_date=20241110T141005
[2024-11-10T14:10:05.376+0000] {logging_mixin.py:190} INFO - Task instance in success state
[2024-11-10T14:10:05.377+0000] {logging_mixin.py:190} INFO -  Previous state of the Task instance: running
[2024-11-10T14:10:05.377+0000] {logging_mixin.py:190} INFO - Dag name:fetch_and_store_amazon_books queued_at:2024-11-10 14:09:57.387500+00:00
[2024-11-10T14:10:05.377+0000] {logging_mixin.py:190} INFO - Task hostname:0afc8c4a15bb operator:PostgresOperator
[2024-11-10T14:10:05.420+0000] {local_task_job_runner.py:266} INFO - Task exited with return code 0
[2024-11-10T14:10:05.446+0000] {taskinstance.py:3895} INFO - 1 downstream tasks scheduled from follow-on schedule check
[2024-11-10T14:10:05.450+0000] {local_task_job_runner.py:245} INFO - ::endgroup::
