[2024-11-10T11:37:16.703+0000] {local_task_job_runner.py:123} INFO - ::group::Pre task execution logs
[2024-11-10T11:37:16.767+0000] {taskinstance.py:2613} INFO - Dependencies all met for dep_context=non-requeueable deps ti=<TaskInstance: fetch_and_store_amazon_books.fetch_book_data scheduled__2024-07-10T00:00:00+00:00 [queued]>
[2024-11-10T11:37:16.798+0000] {taskinstance.py:2613} INFO - Dependencies all met for dep_context=requeueable deps ti=<TaskInstance: fetch_and_store_amazon_books.fetch_book_data scheduled__2024-07-10T00:00:00+00:00 [queued]>
[2024-11-10T11:37:16.798+0000] {taskinstance.py:2866} INFO - Starting attempt 1 of 2
[2024-11-10T11:37:16.831+0000] {taskinstance.py:2889} INFO - Executing <Task(PythonOperator): fetch_book_data> on 2024-07-10 00:00:00+00:00
[2024-11-10T11:37:16.902+0000] {warnings.py:112} WARNING - /home/***/.local/lib/python3.12/site-packages/***/task/task_runner/standard_task_runner.py:70: DeprecationWarning: This process (pid=1372) is multi-threaded, use of fork() may lead to deadlocks in the child.
  pid = os.fork()

[2024-11-10T11:37:16.913+0000] {standard_task_runner.py:72} INFO - Started process 1402 to run task
[2024-11-10T11:37:16.921+0000] {standard_task_runner.py:104} INFO - Running: ['***', 'tasks', 'run', 'fetch_and_store_amazon_books', 'fetch_book_data', 'scheduled__2024-07-10T00:00:00+00:00', '--job-id', '78', '--raw', '--subdir', 'DAGS_FOLDER/app.py', '--cfg-path', '/tmp/tmp8y4xbvaz']
[2024-11-10T11:37:16.928+0000] {standard_task_runner.py:105} INFO - Job 78: Subtask fetch_book_data
[2024-11-10T11:37:17.163+0000] {task_command.py:467} INFO - Running <TaskInstance: fetch_and_store_amazon_books.fetch_book_data scheduled__2024-07-10T00:00:00+00:00 [running]> on host 0afc8c4a15bb
[2024-11-10T11:37:17.450+0000] {taskinstance.py:3132} INFO - Exporting env vars: AIRFLOW_CTX_DAG_OWNER='***' AIRFLOW_CTX_DAG_ID='fetch_and_store_amazon_books' AIRFLOW_CTX_TASK_ID='fetch_book_data' AIRFLOW_CTX_EXECUTION_DATE='2024-07-10T00:00:00+00:00' AIRFLOW_CTX_TRY_NUMBER='1' AIRFLOW_CTX_DAG_RUN_ID='scheduled__2024-07-10T00:00:00+00:00'
[2024-11-10T11:37:17.458+0000] {logging_mixin.py:190} INFO - Task instance is in running state
[2024-11-10T11:37:17.459+0000] {logging_mixin.py:190} INFO -  Previous state of the Task instance: queued
[2024-11-10T11:37:17.459+0000] {logging_mixin.py:190} INFO - Current task name:fetch_book_data state:running start_date:2024-11-10 11:37:16.768083+00:00
[2024-11-10T11:37:17.459+0000] {logging_mixin.py:190} INFO - Dag name:fetch_and_store_amazon_books and current dag run status:running
[2024-11-10T11:37:17.459+0000] {taskinstance.py:731} INFO - ::endgroup::
[2024-11-10T11:37:19.213+0000] {logging_mixin.py:190} INFO - Failed to retrieve the page
[2024-11-10T11:37:19.265+0000] {python.py:240} INFO - Done. Returned value was: None
[2024-11-10T11:37:19.298+0000] {taskinstance.py:340} INFO - ::group::Post task execution logs
[2024-11-10T11:37:19.301+0000] {taskinstance.py:352} INFO - Marking task as SUCCESS. dag_id=fetch_and_store_amazon_books, task_id=fetch_book_data, run_id=scheduled__2024-07-10T00:00:00+00:00, execution_date=20240710T000000, start_date=20241110T113716, end_date=20241110T113719
[2024-11-10T11:37:19.334+0000] {logging_mixin.py:190} INFO - Task instance in success state
[2024-11-10T11:37:19.334+0000] {logging_mixin.py:190} INFO -  Previous state of the Task instance: running
[2024-11-10T11:37:19.335+0000] {logging_mixin.py:190} INFO - Dag name:fetch_and_store_amazon_books queued_at:2024-11-10 11:37:03.929693+00:00
[2024-11-10T11:37:19.335+0000] {logging_mixin.py:190} INFO - Task hostname:0afc8c4a15bb operator:PythonOperator
[2024-11-10T11:37:19.388+0000] {local_task_job_runner.py:266} INFO - Task exited with return code 0
[2024-11-10T11:37:19.446+0000] {taskinstance.py:3895} INFO - 1 downstream tasks scheduled from follow-on schedule check
[2024-11-10T11:37:19.449+0000] {local_task_job_runner.py:245} INFO - ::endgroup::
[2024-11-10T14:06:59.184+0000] {local_task_job_runner.py:123} INFO - ::group::Pre task execution logs
[2024-11-10T14:06:59.261+0000] {taskinstance.py:2613} INFO - Dependencies all met for dep_context=non-requeueable deps ti=<TaskInstance: fetch_and_store_amazon_books.fetch_book_data scheduled__2024-07-10T00:00:00+00:00 [queued]>
[2024-11-10T14:06:59.287+0000] {taskinstance.py:2613} INFO - Dependencies all met for dep_context=requeueable deps ti=<TaskInstance: fetch_and_store_amazon_books.fetch_book_data scheduled__2024-07-10T00:00:00+00:00 [queued]>
[2024-11-10T14:06:59.288+0000] {taskinstance.py:2866} INFO - Starting attempt 1 of 2
[2024-11-10T14:06:59.335+0000] {taskinstance.py:2889} INFO - Executing <Task(PythonOperator): fetch_book_data> on 2024-07-10 00:00:00+00:00
[2024-11-10T14:06:59.373+0000] {warnings.py:112} WARNING - /home/***/.local/lib/python3.12/site-packages/***/task/task_runner/standard_task_runner.py:70: DeprecationWarning: This process (pid=4097) is multi-threaded, use of fork() may lead to deadlocks in the child.
  pid = os.fork()

[2024-11-10T14:06:59.377+0000] {standard_task_runner.py:72} INFO - Started process 4125 to run task
[2024-11-10T14:06:59.383+0000] {standard_task_runner.py:104} INFO - Running: ['***', 'tasks', 'run', 'fetch_and_store_amazon_books', 'fetch_book_data', 'scheduled__2024-07-10T00:00:00+00:00', '--job-id', '290', '--raw', '--subdir', 'DAGS_FOLDER/app.py', '--cfg-path', '/tmp/tmp7ffz3l4q']
[2024-11-10T14:06:59.388+0000] {standard_task_runner.py:105} INFO - Job 290: Subtask fetch_book_data
[2024-11-10T14:06:59.628+0000] {task_command.py:467} INFO - Running <TaskInstance: fetch_and_store_amazon_books.fetch_book_data scheduled__2024-07-10T00:00:00+00:00 [running]> on host 0afc8c4a15bb
[2024-11-10T14:06:59.975+0000] {taskinstance.py:3132} INFO - Exporting env vars: AIRFLOW_CTX_DAG_OWNER='***' AIRFLOW_CTX_DAG_ID='fetch_and_store_amazon_books' AIRFLOW_CTX_TASK_ID='fetch_book_data' AIRFLOW_CTX_EXECUTION_DATE='2024-07-10T00:00:00+00:00' AIRFLOW_CTX_TRY_NUMBER='1' AIRFLOW_CTX_DAG_RUN_ID='scheduled__2024-07-10T00:00:00+00:00'
[2024-11-10T14:06:59.985+0000] {logging_mixin.py:190} INFO - Task instance is in running state
[2024-11-10T14:06:59.989+0000] {logging_mixin.py:190} INFO -  Previous state of the Task instance: queued
[2024-11-10T14:06:59.990+0000] {logging_mixin.py:190} INFO - Current task name:fetch_book_data state:running start_date:2024-11-10 14:06:59.262593+00:00
[2024-11-10T14:06:59.992+0000] {logging_mixin.py:190} INFO - Dag name:fetch_and_store_amazon_books and current dag run status:running
[2024-11-10T14:06:59.993+0000] {taskinstance.py:731} INFO - ::endgroup::
[2024-11-10T14:07:03.171+0000] {python.py:240} INFO - Done. Returned value was: None
[2024-11-10T14:07:03.187+0000] {taskinstance.py:340} INFO - ::group::Post task execution logs
[2024-11-10T14:07:03.188+0000] {taskinstance.py:352} INFO - Marking task as SUCCESS. dag_id=fetch_and_store_amazon_books, task_id=fetch_book_data, run_id=scheduled__2024-07-10T00:00:00+00:00, execution_date=20240710T000000, start_date=20241110T140659, end_date=20241110T140703
[2024-11-10T14:07:03.208+0000] {logging_mixin.py:190} INFO - Task instance in success state
[2024-11-10T14:07:03.209+0000] {logging_mixin.py:190} INFO -  Previous state of the Task instance: running
[2024-11-10T14:07:03.209+0000] {logging_mixin.py:190} INFO - Dag name:fetch_and_store_amazon_books queued_at:2024-11-10 14:06:49.831401+00:00
[2024-11-10T14:07:03.209+0000] {logging_mixin.py:190} INFO - Task hostname:0afc8c4a15bb operator:PythonOperator
[2024-11-10T14:07:03.257+0000] {local_task_job_runner.py:266} INFO - Task exited with return code 0
[2024-11-10T14:07:03.320+0000] {taskinstance.py:3895} INFO - 1 downstream tasks scheduled from follow-on schedule check
[2024-11-10T14:07:03.324+0000] {local_task_job_runner.py:245} INFO - ::endgroup::
