[2024-11-10T11:48:28.094+0000] {local_task_job_runner.py:123} INFO - ::group::Pre task execution logs
[2024-11-10T11:48:28.120+0000] {taskinstance.py:2613} INFO - Dependencies all met for dep_context=non-requeueable deps ti=<TaskInstance: fetch_and_store_amazon_books.fetch_book_data scheduled__2024-08-06T00:00:00+00:00 [queued]>
[2024-11-10T11:48:28.129+0000] {taskinstance.py:2613} INFO - Dependencies all met for dep_context=requeueable deps ti=<TaskInstance: fetch_and_store_amazon_books.fetch_book_data scheduled__2024-08-06T00:00:00+00:00 [queued]>
[2024-11-10T11:48:28.129+0000] {taskinstance.py:2866} INFO - Starting attempt 1 of 2
[2024-11-10T11:48:28.144+0000] {taskinstance.py:2889} INFO - Executing <Task(PythonOperator): fetch_book_data> on 2024-08-06 00:00:00+00:00
[2024-11-10T11:48:28.160+0000] {warnings.py:112} WARNING - /home/***/.local/lib/python3.12/site-packages/***/task/task_runner/standard_task_runner.py:70: DeprecationWarning: This process (pid=1967) is multi-threaded, use of fork() may lead to deadlocks in the child.
  pid = os.fork()

[2024-11-10T11:48:28.162+0000] {standard_task_runner.py:72} INFO - Started process 1975 to run task
[2024-11-10T11:48:28.164+0000] {standard_task_runner.py:104} INFO - Running: ['***', 'tasks', 'run', 'fetch_and_store_amazon_books', 'fetch_book_data', 'scheduled__2024-08-06T00:00:00+00:00', '--job-id', '191', '--raw', '--subdir', 'DAGS_FOLDER/app.py', '--cfg-path', '/tmp/tmpvba_s2y0']
[2024-11-10T11:48:28.165+0000] {standard_task_runner.py:105} INFO - Job 191: Subtask fetch_book_data
[2024-11-10T11:48:28.234+0000] {task_command.py:467} INFO - Running <TaskInstance: fetch_and_store_amazon_books.fetch_book_data scheduled__2024-08-06T00:00:00+00:00 [running]> on host 0afc8c4a15bb
[2024-11-10T11:48:28.355+0000] {taskinstance.py:3132} INFO - Exporting env vars: AIRFLOW_CTX_DAG_OWNER='***' AIRFLOW_CTX_DAG_ID='fetch_and_store_amazon_books' AIRFLOW_CTX_TASK_ID='fetch_book_data' AIRFLOW_CTX_EXECUTION_DATE='2024-08-06T00:00:00+00:00' AIRFLOW_CTX_TRY_NUMBER='1' AIRFLOW_CTX_DAG_RUN_ID='scheduled__2024-08-06T00:00:00+00:00'
[2024-11-10T11:48:28.358+0000] {logging_mixin.py:190} INFO - Task instance is in running state
[2024-11-10T11:48:28.359+0000] {logging_mixin.py:190} INFO -  Previous state of the Task instance: queued
[2024-11-10T11:48:28.360+0000] {logging_mixin.py:190} INFO - Current task name:fetch_book_data state:running start_date:2024-11-10 11:48:28.120931+00:00
[2024-11-10T11:48:28.360+0000] {logging_mixin.py:190} INFO - Dag name:fetch_and_store_amazon_books and current dag run status:running
[2024-11-10T11:48:28.361+0000] {taskinstance.py:731} INFO - ::endgroup::
[2024-11-10T11:48:30.259+0000] {app.py:32} ERROR - Failed to retrieve page 1: 503 Server Error: Service Unavailable for url: https://www.amazon.com/s?k=data+engineering+books&page=1
[2024-11-10T11:48:30.297+0000] {python.py:240} INFO - Done. Returned value was: None
[2024-11-10T11:48:30.313+0000] {taskinstance.py:340} INFO - ::group::Post task execution logs
[2024-11-10T11:48:30.314+0000] {taskinstance.py:352} INFO - Marking task as SUCCESS. dag_id=fetch_and_store_amazon_books, task_id=fetch_book_data, run_id=scheduled__2024-08-06T00:00:00+00:00, execution_date=20240806T000000, start_date=20241110T114828, end_date=20241110T114830
[2024-11-10T11:48:30.329+0000] {logging_mixin.py:190} INFO - Task instance in success state
[2024-11-10T11:48:30.330+0000] {logging_mixin.py:190} INFO -  Previous state of the Task instance: running
[2024-11-10T11:48:30.330+0000] {logging_mixin.py:190} INFO - Dag name:fetch_and_store_amazon_books queued_at:2024-11-10 11:48:25.312552+00:00
[2024-11-10T11:48:30.330+0000] {logging_mixin.py:190} INFO - Task hostname:0afc8c4a15bb operator:PythonOperator
[2024-11-10T11:48:30.383+0000] {local_task_job_runner.py:266} INFO - Task exited with return code 0
[2024-11-10T11:48:30.398+0000] {local_task_job_runner.py:245} INFO - ::endgroup::
[2024-11-10T14:08:07.963+0000] {local_task_job_runner.py:123} INFO - ::group::Pre task execution logs
[2024-11-10T14:08:07.997+0000] {taskinstance.py:2613} INFO - Dependencies all met for dep_context=non-requeueable deps ti=<TaskInstance: fetch_and_store_amazon_books.fetch_book_data scheduled__2024-08-06T00:00:00+00:00 [queued]>
[2024-11-10T14:08:08.016+0000] {taskinstance.py:2613} INFO - Dependencies all met for dep_context=requeueable deps ti=<TaskInstance: fetch_and_store_amazon_books.fetch_book_data scheduled__2024-08-06T00:00:00+00:00 [queued]>
[2024-11-10T14:08:08.017+0000] {taskinstance.py:2866} INFO - Starting attempt 1 of 2
[2024-11-10T14:08:08.144+0000] {taskinstance.py:2889} INFO - Executing <Task(PythonOperator): fetch_book_data> on 2024-08-06 00:00:00+00:00
[2024-11-10T14:08:08.167+0000] {warnings.py:112} WARNING - /home/***/.local/lib/python3.12/site-packages/***/task/task_runner/standard_task_runner.py:70: DeprecationWarning: This process (pid=4416) is multi-threaded, use of fork() may lead to deadlocks in the child.
  pid = os.fork()

[2024-11-10T14:08:08.171+0000] {standard_task_runner.py:72} INFO - Started process 4439 to run task
[2024-11-10T14:08:08.172+0000] {standard_task_runner.py:104} INFO - Running: ['***', 'tasks', 'run', 'fetch_and_store_amazon_books', 'fetch_book_data', 'scheduled__2024-08-06T00:00:00+00:00', '--job-id', '368', '--raw', '--subdir', 'DAGS_FOLDER/app.py', '--cfg-path', '/tmp/tmplpu1_nd9']
[2024-11-10T14:08:08.173+0000] {standard_task_runner.py:105} INFO - Job 368: Subtask fetch_book_data
[2024-11-10T14:08:08.258+0000] {task_command.py:467} INFO - Running <TaskInstance: fetch_and_store_amazon_books.fetch_book_data scheduled__2024-08-06T00:00:00+00:00 [running]> on host 0afc8c4a15bb
[2024-11-10T14:08:08.406+0000] {taskinstance.py:3132} INFO - Exporting env vars: AIRFLOW_CTX_DAG_OWNER='***' AIRFLOW_CTX_DAG_ID='fetch_and_store_amazon_books' AIRFLOW_CTX_TASK_ID='fetch_book_data' AIRFLOW_CTX_EXECUTION_DATE='2024-08-06T00:00:00+00:00' AIRFLOW_CTX_TRY_NUMBER='1' AIRFLOW_CTX_DAG_RUN_ID='scheduled__2024-08-06T00:00:00+00:00'
[2024-11-10T14:08:08.409+0000] {logging_mixin.py:190} INFO - Task instance is in running state
[2024-11-10T14:08:08.410+0000] {logging_mixin.py:190} INFO -  Previous state of the Task instance: queued
[2024-11-10T14:08:08.410+0000] {logging_mixin.py:190} INFO - Current task name:fetch_book_data state:running start_date:2024-11-10 14:08:07.997763+00:00
[2024-11-10T14:08:08.410+0000] {logging_mixin.py:190} INFO - Dag name:fetch_and_store_amazon_books and current dag run status:running
[2024-11-10T14:08:08.410+0000] {taskinstance.py:731} INFO - ::endgroup::
[2024-11-10T14:08:10.857+0000] {python.py:240} INFO - Done. Returned value was: None
[2024-11-10T14:08:10.875+0000] {taskinstance.py:340} INFO - ::group::Post task execution logs
[2024-11-10T14:08:10.876+0000] {taskinstance.py:352} INFO - Marking task as SUCCESS. dag_id=fetch_and_store_amazon_books, task_id=fetch_book_data, run_id=scheduled__2024-08-06T00:00:00+00:00, execution_date=20240806T000000, start_date=20241110T140807, end_date=20241110T140810
[2024-11-10T14:08:10.900+0000] {logging_mixin.py:190} INFO - Task instance in success state
[2024-11-10T14:08:10.900+0000] {logging_mixin.py:190} INFO -  Previous state of the Task instance: running
[2024-11-10T14:08:10.901+0000] {logging_mixin.py:190} INFO - Dag name:fetch_and_store_amazon_books queued_at:2024-11-10 14:08:03.053706+00:00
[2024-11-10T14:08:10.901+0000] {logging_mixin.py:190} INFO - Task hostname:0afc8c4a15bb operator:PythonOperator
[2024-11-10T14:08:10.968+0000] {local_task_job_runner.py:266} INFO - Task exited with return code 0
[2024-11-10T14:08:11.009+0000] {taskinstance.py:3895} INFO - 1 downstream tasks scheduled from follow-on schedule check
[2024-11-10T14:08:11.013+0000] {local_task_job_runner.py:245} INFO - ::endgroup::
