[2024-11-10T11:37:25.220+0000] {local_task_job_runner.py:123} INFO - ::group::Pre task execution logs
[2024-11-10T11:37:25.256+0000] {taskinstance.py:2613} INFO - Dependencies all met for dep_context=non-requeueable deps ti=<TaskInstance: fetch_and_store_amazon_books.create_table scheduled__2024-07-09T00:00:00+00:00 [queued]>
[2024-11-10T11:37:25.282+0000] {taskinstance.py:2613} INFO - Dependencies all met for dep_context=requeueable deps ti=<TaskInstance: fetch_and_store_amazon_books.create_table scheduled__2024-07-09T00:00:00+00:00 [queued]>
[2024-11-10T11:37:25.283+0000] {taskinstance.py:2866} INFO - Starting attempt 1 of 2
[2024-11-10T11:37:25.328+0000] {taskinstance.py:2889} INFO - Executing <Task(PostgresOperator): create_table> on 2024-07-09 00:00:00+00:00
[2024-11-10T11:37:25.358+0000] {warnings.py:112} WARNING - /home/***/.local/lib/python3.12/site-packages/***/task/task_runner/standard_task_runner.py:70: DeprecationWarning: This process (pid=1419) is multi-threaded, use of fork() may lead to deadlocks in the child.
  pid = os.fork()

[2024-11-10T11:37:25.362+0000] {standard_task_runner.py:72} INFO - Started process 1452 to run task
[2024-11-10T11:37:25.366+0000] {standard_task_runner.py:104} INFO - Running: ['***', 'tasks', 'run', 'fetch_and_store_amazon_books', 'create_table', 'scheduled__2024-07-09T00:00:00+00:00', '--job-id', '89', '--raw', '--subdir', 'DAGS_FOLDER/app.py', '--cfg-path', '/tmp/tmpl0t0mr67']
[2024-11-10T11:37:25.368+0000] {standard_task_runner.py:105} INFO - Job 89: Subtask create_table
[2024-11-10T11:37:25.483+0000] {task_command.py:467} INFO - Running <TaskInstance: fetch_and_store_amazon_books.create_table scheduled__2024-07-09T00:00:00+00:00 [running]> on host 0afc8c4a15bb
[2024-11-10T11:37:25.649+0000] {taskinstance.py:3132} INFO - Exporting env vars: AIRFLOW_CTX_DAG_OWNER='***' AIRFLOW_CTX_DAG_ID='fetch_and_store_amazon_books' AIRFLOW_CTX_TASK_ID='create_table' AIRFLOW_CTX_EXECUTION_DATE='2024-07-09T00:00:00+00:00' AIRFLOW_CTX_TRY_NUMBER='1' AIRFLOW_CTX_DAG_RUN_ID='scheduled__2024-07-09T00:00:00+00:00'
[2024-11-10T11:37:25.652+0000] {logging_mixin.py:190} INFO - Task instance is in running state
[2024-11-10T11:37:25.653+0000] {logging_mixin.py:190} INFO -  Previous state of the Task instance: queued
[2024-11-10T11:37:25.654+0000] {logging_mixin.py:190} INFO - Current task name:create_table state:running start_date:2024-11-10 11:37:25.257284+00:00
[2024-11-10T11:37:25.654+0000] {logging_mixin.py:190} INFO - Dag name:fetch_and_store_amazon_books and current dag run status:running
[2024-11-10T11:37:25.655+0000] {taskinstance.py:731} INFO - ::endgroup::
[2024-11-10T11:37:25.655+0000] {sql.py:278} INFO - Executing: 
    CREATE TABLE IF NOT EXISTS books (
        id SERIAL PRIMARY KEY,
        title TEXT NOT NULL,
        authors TEXT,
        price TEXT,
        rating TEXT
    );
    
[2024-11-10T11:37:25.673+0000] {base.py:84} INFO - Retrieving connection 'books_connection'
[2024-11-10T11:37:25.689+0000] {base.py:84} INFO - Retrieving connection 'books_connection'
[2024-11-10T11:37:25.699+0000] {sql.py:544} INFO - Running statement: 
    CREATE TABLE IF NOT EXISTS books (
        id SERIAL PRIMARY KEY,
        title TEXT NOT NULL,
        authors TEXT,
        price TEXT,
        rating TEXT
    );
    , parameters: None
[2024-11-10T11:37:25.720+0000] {taskinstance.py:340} INFO - ::group::Post task execution logs
[2024-11-10T11:37:25.720+0000] {taskinstance.py:352} INFO - Marking task as SUCCESS. dag_id=fetch_and_store_amazon_books, task_id=create_table, run_id=scheduled__2024-07-09T00:00:00+00:00, execution_date=20240709T000000, start_date=20241110T113725, end_date=20241110T113725
[2024-11-10T11:37:25.738+0000] {logging_mixin.py:190} INFO - Task instance in success state
[2024-11-10T11:37:25.738+0000] {logging_mixin.py:190} INFO -  Previous state of the Task instance: running
[2024-11-10T11:37:25.739+0000] {logging_mixin.py:190} INFO - Dag name:fetch_and_store_amazon_books queued_at:2024-11-10 11:37:03.732286+00:00
[2024-11-10T11:37:25.739+0000] {logging_mixin.py:190} INFO - Task hostname:0afc8c4a15bb operator:PostgresOperator
[2024-11-10T11:37:25.787+0000] {local_task_job_runner.py:266} INFO - Task exited with return code 0
[2024-11-10T11:37:25.819+0000] {taskinstance.py:3895} INFO - 1 downstream tasks scheduled from follow-on schedule check
[2024-11-10T11:37:25.822+0000] {local_task_job_runner.py:245} INFO - ::endgroup::
[2024-11-10T14:07:14.238+0000] {local_task_job_runner.py:123} INFO - ::group::Pre task execution logs
[2024-11-10T14:07:14.287+0000] {taskinstance.py:2613} INFO - Dependencies all met for dep_context=non-requeueable deps ti=<TaskInstance: fetch_and_store_amazon_books.create_table scheduled__2024-07-09T00:00:00+00:00 [queued]>
[2024-11-10T14:07:14.309+0000] {taskinstance.py:2613} INFO - Dependencies all met for dep_context=requeueable deps ti=<TaskInstance: fetch_and_store_amazon_books.create_table scheduled__2024-07-09T00:00:00+00:00 [queued]>
[2024-11-10T14:07:14.310+0000] {taskinstance.py:2866} INFO - Starting attempt 1 of 2
[2024-11-10T14:07:14.347+0000] {taskinstance.py:2889} INFO - Executing <Task(PostgresOperator): create_table> on 2024-07-09 00:00:00+00:00
[2024-11-10T14:07:14.390+0000] {warnings.py:112} WARNING - /home/***/.local/lib/python3.12/site-packages/***/task/task_runner/standard_task_runner.py:70: DeprecationWarning: This process (pid=4144) is multi-threaded, use of fork() may lead to deadlocks in the child.
  pid = os.fork()

[2024-11-10T14:07:14.399+0000] {standard_task_runner.py:72} INFO - Started process 4196 to run task
[2024-11-10T14:07:14.404+0000] {standard_task_runner.py:104} INFO - Running: ['***', 'tasks', 'run', 'fetch_and_store_amazon_books', 'create_table', 'scheduled__2024-07-09T00:00:00+00:00', '--job-id', '309', '--raw', '--subdir', 'DAGS_FOLDER/app.py', '--cfg-path', '/tmp/tmp2jqlfb55']
[2024-11-10T14:07:14.407+0000] {standard_task_runner.py:105} INFO - Job 309: Subtask create_table
[2024-11-10T14:07:14.598+0000] {task_command.py:467} INFO - Running <TaskInstance: fetch_and_store_amazon_books.create_table scheduled__2024-07-09T00:00:00+00:00 [running]> on host 0afc8c4a15bb
[2024-11-10T14:07:14.875+0000] {taskinstance.py:3132} INFO - Exporting env vars: AIRFLOW_CTX_DAG_OWNER='***' AIRFLOW_CTX_DAG_ID='fetch_and_store_amazon_books' AIRFLOW_CTX_TASK_ID='create_table' AIRFLOW_CTX_EXECUTION_DATE='2024-07-09T00:00:00+00:00' AIRFLOW_CTX_TRY_NUMBER='1' AIRFLOW_CTX_DAG_RUN_ID='scheduled__2024-07-09T00:00:00+00:00'
[2024-11-10T14:07:14.878+0000] {logging_mixin.py:190} INFO - Task instance is in running state
[2024-11-10T14:07:14.880+0000] {logging_mixin.py:190} INFO -  Previous state of the Task instance: queued
[2024-11-10T14:07:14.880+0000] {logging_mixin.py:190} INFO - Current task name:create_table state:running start_date:2024-11-10 14:07:14.288376+00:00
[2024-11-10T14:07:14.880+0000] {logging_mixin.py:190} INFO - Dag name:fetch_and_store_amazon_books and current dag run status:running
[2024-11-10T14:07:14.881+0000] {taskinstance.py:731} INFO - ::endgroup::
[2024-11-10T14:07:14.882+0000] {sql.py:278} INFO - Executing: 
    CREATE TABLE IF NOT EXISTS books (
        id SERIAL PRIMARY KEY,
        title TEXT NOT NULL,
        authors TEXT,
        price TEXT,
        rating TEXT
    );
    
[2024-11-10T14:07:14.916+0000] {base.py:84} INFO - Retrieving connection 'books_connection'
[2024-11-10T14:07:14.938+0000] {base.py:84} INFO - Retrieving connection 'books_connection'
[2024-11-10T14:07:14.950+0000] {sql.py:544} INFO - Running statement: 
    CREATE TABLE IF NOT EXISTS books (
        id SERIAL PRIMARY KEY,
        title TEXT NOT NULL,
        authors TEXT,
        price TEXT,
        rating TEXT
    );
    , parameters: None
[2024-11-10T14:07:14.975+0000] {taskinstance.py:340} INFO - ::group::Post task execution logs
[2024-11-10T14:07:14.976+0000] {taskinstance.py:352} INFO - Marking task as SUCCESS. dag_id=fetch_and_store_amazon_books, task_id=create_table, run_id=scheduled__2024-07-09T00:00:00+00:00, execution_date=20240709T000000, start_date=20241110T140714, end_date=20241110T140714
[2024-11-10T14:07:15.000+0000] {logging_mixin.py:190} INFO - Task instance in success state
[2024-11-10T14:07:15.001+0000] {logging_mixin.py:190} INFO -  Previous state of the Task instance: running
[2024-11-10T14:07:15.002+0000] {logging_mixin.py:190} INFO - Dag name:fetch_and_store_amazon_books queued_at:2024-11-10 14:06:49.634838+00:00
[2024-11-10T14:07:15.005+0000] {logging_mixin.py:190} INFO - Task hostname:0afc8c4a15bb operator:PostgresOperator
[2024-11-10T14:07:15.038+0000] {local_task_job_runner.py:266} INFO - Task exited with return code 0
[2024-11-10T14:07:15.093+0000] {taskinstance.py:3895} INFO - 1 downstream tasks scheduled from follow-on schedule check
[2024-11-10T14:07:15.098+0000] {local_task_job_runner.py:245} INFO - ::endgroup::
