[2024-11-10T11:49:13.161+0000] {local_task_job_runner.py:123} INFO - ::group::Pre task execution logs
[2024-11-10T11:49:13.193+0000] {taskinstance.py:2613} INFO - Dependencies all met for dep_context=non-requeueable deps ti=<TaskInstance: fetch_and_store_amazon_books.create_table scheduled__2024-08-17T00:00:00+00:00 [queued]>
[2024-11-10T11:49:13.211+0000] {taskinstance.py:2613} INFO - Dependencies all met for dep_context=requeueable deps ti=<TaskInstance: fetch_and_store_amazon_books.create_table scheduled__2024-08-17T00:00:00+00:00 [queued]>
[2024-11-10T11:49:13.212+0000] {taskinstance.py:2866} INFO - Starting attempt 1 of 2
[2024-11-10T11:49:13.244+0000] {taskinstance.py:2889} INFO - Executing <Task(PostgresOperator): create_table> on 2024-08-17 00:00:00+00:00
[2024-11-10T11:49:13.269+0000] {warnings.py:112} WARNING - /home/***/.local/lib/python3.12/site-packages/***/task/task_runner/standard_task_runner.py:70: DeprecationWarning: This process (pid=2118) is multi-threaded, use of fork() may lead to deadlocks in the child.
  pid = os.fork()

[2024-11-10T11:49:13.272+0000] {standard_task_runner.py:72} INFO - Started process 2156 to run task
[2024-11-10T11:49:13.279+0000] {standard_task_runner.py:104} INFO - Running: ['***', 'tasks', 'run', 'fetch_and_store_amazon_books', 'create_table', 'scheduled__2024-08-17T00:00:00+00:00', '--job-id', '231', '--raw', '--subdir', 'DAGS_FOLDER/app.py', '--cfg-path', '/tmp/tmpaosmh8ud']
[2024-11-10T11:49:13.281+0000] {standard_task_runner.py:105} INFO - Job 231: Subtask create_table
[2024-11-10T11:49:13.404+0000] {task_command.py:467} INFO - Running <TaskInstance: fetch_and_store_amazon_books.create_table scheduled__2024-08-17T00:00:00+00:00 [running]> on host 0afc8c4a15bb
[2024-11-10T11:49:13.697+0000] {taskinstance.py:3132} INFO - Exporting env vars: AIRFLOW_CTX_DAG_OWNER='***' AIRFLOW_CTX_DAG_ID='fetch_and_store_amazon_books' AIRFLOW_CTX_TASK_ID='create_table' AIRFLOW_CTX_EXECUTION_DATE='2024-08-17T00:00:00+00:00' AIRFLOW_CTX_TRY_NUMBER='1' AIRFLOW_CTX_DAG_RUN_ID='scheduled__2024-08-17T00:00:00+00:00'
[2024-11-10T11:49:13.701+0000] {logging_mixin.py:190} INFO - Task instance is in running state
[2024-11-10T11:49:13.701+0000] {logging_mixin.py:190} INFO -  Previous state of the Task instance: queued
[2024-11-10T11:49:13.702+0000] {logging_mixin.py:190} INFO - Current task name:create_table state:running start_date:2024-11-10 11:49:13.193669+00:00
[2024-11-10T11:49:13.702+0000] {logging_mixin.py:190} INFO - Dag name:fetch_and_store_amazon_books and current dag run status:running
[2024-11-10T11:49:13.702+0000] {taskinstance.py:731} INFO - ::endgroup::
[2024-11-10T11:49:13.703+0000] {sql.py:278} INFO - Executing: 
    CREATE TABLE IF NOT EXISTS books (
        id SERIAL PRIMARY KEY,
        title TEXT NOT NULL,
        authors TEXT,
        price TEXT,
        rating TEXT
    );
    
[2024-11-10T11:49:13.727+0000] {base.py:84} INFO - Retrieving connection 'books_connection'
[2024-11-10T11:49:13.751+0000] {base.py:84} INFO - Retrieving connection 'books_connection'
[2024-11-10T11:49:13.766+0000] {sql.py:544} INFO - Running statement: 
    CREATE TABLE IF NOT EXISTS books (
        id SERIAL PRIMARY KEY,
        title TEXT NOT NULL,
        authors TEXT,
        price TEXT,
        rating TEXT
    );
    , parameters: None
[2024-11-10T11:49:13.803+0000] {taskinstance.py:340} INFO - ::group::Post task execution logs
[2024-11-10T11:49:13.803+0000] {taskinstance.py:352} INFO - Marking task as SUCCESS. dag_id=fetch_and_store_amazon_books, task_id=create_table, run_id=scheduled__2024-08-17T00:00:00+00:00, execution_date=20240817T000000, start_date=20241110T114913, end_date=20241110T114913
[2024-11-10T11:49:13.826+0000] {logging_mixin.py:190} INFO - Task instance in success state
[2024-11-10T11:49:13.832+0000] {logging_mixin.py:190} INFO -  Previous state of the Task instance: running
[2024-11-10T11:49:13.837+0000] {logging_mixin.py:190} INFO - Dag name:fetch_and_store_amazon_books queued_at:2024-11-10 11:48:57.246724+00:00
[2024-11-10T11:49:13.838+0000] {logging_mixin.py:190} INFO - Task hostname:0afc8c4a15bb operator:PostgresOperator
[2024-11-10T11:49:13.912+0000] {local_task_job_runner.py:266} INFO - Task exited with return code 0
[2024-11-10T11:49:13.983+0000] {taskinstance.py:3895} INFO - 1 downstream tasks scheduled from follow-on schedule check
[2024-11-10T11:49:13.988+0000] {local_task_job_runner.py:245} INFO - ::endgroup::
[2024-11-10T14:08:41.828+0000] {local_task_job_runner.py:123} INFO - ::group::Pre task execution logs
[2024-11-10T14:08:41.874+0000] {taskinstance.py:2613} INFO - Dependencies all met for dep_context=non-requeueable deps ti=<TaskInstance: fetch_and_store_amazon_books.create_table scheduled__2024-08-17T00:00:00+00:00 [queued]>
[2024-11-10T14:08:41.895+0000] {taskinstance.py:2613} INFO - Dependencies all met for dep_context=requeueable deps ti=<TaskInstance: fetch_and_store_amazon_books.create_table scheduled__2024-08-17T00:00:00+00:00 [queued]>
[2024-11-10T14:08:41.895+0000] {taskinstance.py:2866} INFO - Starting attempt 1 of 2
[2024-11-10T14:08:41.926+0000] {taskinstance.py:2889} INFO - Executing <Task(PostgresOperator): create_table> on 2024-08-17 00:00:00+00:00
[2024-11-10T14:08:41.956+0000] {warnings.py:112} WARNING - /home/***/.local/lib/python3.12/site-packages/***/task/task_runner/standard_task_runner.py:70: DeprecationWarning: This process (pid=4594) is multi-threaded, use of fork() may lead to deadlocks in the child.
  pid = os.fork()

[2024-11-10T14:08:41.960+0000] {standard_task_runner.py:72} INFO - Started process 4619 to run task
[2024-11-10T14:08:41.968+0000] {standard_task_runner.py:104} INFO - Running: ['***', 'tasks', 'run', 'fetch_and_store_amazon_books', 'create_table', 'scheduled__2024-08-17T00:00:00+00:00', '--job-id', '409', '--raw', '--subdir', 'DAGS_FOLDER/app.py', '--cfg-path', '/tmp/tmps2rf3h1w']
[2024-11-10T14:08:41.970+0000] {standard_task_runner.py:105} INFO - Job 409: Subtask create_table
[2024-11-10T14:08:42.126+0000] {task_command.py:467} INFO - Running <TaskInstance: fetch_and_store_amazon_books.create_table scheduled__2024-08-17T00:00:00+00:00 [running]> on host 0afc8c4a15bb
[2024-11-10T14:08:42.349+0000] {taskinstance.py:3132} INFO - Exporting env vars: AIRFLOW_CTX_DAG_OWNER='***' AIRFLOW_CTX_DAG_ID='fetch_and_store_amazon_books' AIRFLOW_CTX_TASK_ID='create_table' AIRFLOW_CTX_EXECUTION_DATE='2024-08-17T00:00:00+00:00' AIRFLOW_CTX_TRY_NUMBER='1' AIRFLOW_CTX_DAG_RUN_ID='scheduled__2024-08-17T00:00:00+00:00'
[2024-11-10T14:08:42.356+0000] {logging_mixin.py:190} INFO - Task instance is in running state
[2024-11-10T14:08:42.357+0000] {logging_mixin.py:190} INFO -  Previous state of the Task instance: queued
[2024-11-10T14:08:42.357+0000] {logging_mixin.py:190} INFO - Current task name:create_table state:running start_date:2024-11-10 14:08:41.875261+00:00
[2024-11-10T14:08:42.357+0000] {logging_mixin.py:190} INFO - Dag name:fetch_and_store_amazon_books and current dag run status:running
[2024-11-10T14:08:42.358+0000] {taskinstance.py:731} INFO - ::endgroup::
[2024-11-10T14:08:42.358+0000] {sql.py:278} INFO - Executing: 
    CREATE TABLE IF NOT EXISTS books (
        id SERIAL PRIMARY KEY,
        title TEXT NOT NULL,
        authors TEXT,
        price TEXT,
        rating TEXT
    );
    
[2024-11-10T14:08:42.383+0000] {base.py:84} INFO - Retrieving connection 'books_connection'
[2024-11-10T14:08:42.407+0000] {base.py:84} INFO - Retrieving connection 'books_connection'
[2024-11-10T14:08:42.424+0000] {sql.py:544} INFO - Running statement: 
    CREATE TABLE IF NOT EXISTS books (
        id SERIAL PRIMARY KEY,
        title TEXT NOT NULL,
        authors TEXT,
        price TEXT,
        rating TEXT
    );
    , parameters: None
[2024-11-10T14:08:42.453+0000] {taskinstance.py:340} INFO - ::group::Post task execution logs
[2024-11-10T14:08:42.454+0000] {taskinstance.py:352} INFO - Marking task as SUCCESS. dag_id=fetch_and_store_amazon_books, task_id=create_table, run_id=scheduled__2024-08-17T00:00:00+00:00, execution_date=20240817T000000, start_date=20241110T140841, end_date=20241110T140842
[2024-11-10T14:08:42.481+0000] {logging_mixin.py:190} INFO - Task instance in success state
[2024-11-10T14:08:42.481+0000] {logging_mixin.py:190} INFO -  Previous state of the Task instance: running
[2024-11-10T14:08:42.482+0000] {logging_mixin.py:190} INFO - Dag name:fetch_and_store_amazon_books queued_at:2024-11-10 14:08:27.631172+00:00
[2024-11-10T14:08:42.488+0000] {logging_mixin.py:190} INFO - Task hostname:0afc8c4a15bb operator:PostgresOperator
[2024-11-10T14:08:42.527+0000] {local_task_job_runner.py:266} INFO - Task exited with return code 0
[2024-11-10T14:08:42.562+0000] {taskinstance.py:3895} INFO - 1 downstream tasks scheduled from follow-on schedule check
[2024-11-10T14:08:42.568+0000] {local_task_job_runner.py:245} INFO - ::endgroup::
