[2024-11-10T11:37:19.573+0000] {local_task_job_runner.py:123} INFO - ::group::Pre task execution logs
[2024-11-10T11:37:19.602+0000] {taskinstance.py:2613} INFO - Dependencies all met for dep_context=non-requeueable deps ti=<TaskInstance: fetch_and_store_amazon_books.fetch_book_data scheduled__2024-07-16T00:00:00+00:00 [queued]>
[2024-11-10T11:37:19.620+0000] {taskinstance.py:2613} INFO - Dependencies all met for dep_context=requeueable deps ti=<TaskInstance: fetch_and_store_amazon_books.fetch_book_data scheduled__2024-07-16T00:00:00+00:00 [queued]>
[2024-11-10T11:37:19.621+0000] {taskinstance.py:2866} INFO - Starting attempt 1 of 2
[2024-11-10T11:37:19.645+0000] {taskinstance.py:2889} INFO - Executing <Task(PythonOperator): fetch_book_data> on 2024-07-16 00:00:00+00:00
[2024-11-10T11:37:19.670+0000] {warnings.py:112} WARNING - /home/***/.local/lib/python3.12/site-packages/***/task/task_runner/standard_task_runner.py:70: DeprecationWarning: This process (pid=1385) is multi-threaded, use of fork() may lead to deadlocks in the child.
  pid = os.fork()

[2024-11-10T11:37:19.674+0000] {standard_task_runner.py:72} INFO - Started process 1421 to run task
[2024-11-10T11:37:19.675+0000] {standard_task_runner.py:104} INFO - Running: ['***', 'tasks', 'run', 'fetch_and_store_amazon_books', 'fetch_book_data', 'scheduled__2024-07-16T00:00:00+00:00', '--job-id', '84', '--raw', '--subdir', 'DAGS_FOLDER/app.py', '--cfg-path', '/tmp/tmp6oqbfwt6']
[2024-11-10T11:37:19.678+0000] {standard_task_runner.py:105} INFO - Job 84: Subtask fetch_book_data
[2024-11-10T11:37:19.782+0000] {task_command.py:467} INFO - Running <TaskInstance: fetch_and_store_amazon_books.fetch_book_data scheduled__2024-07-16T00:00:00+00:00 [running]> on host 0afc8c4a15bb
[2024-11-10T11:37:19.940+0000] {taskinstance.py:3132} INFO - Exporting env vars: AIRFLOW_CTX_DAG_OWNER='***' AIRFLOW_CTX_DAG_ID='fetch_and_store_amazon_books' AIRFLOW_CTX_TASK_ID='fetch_book_data' AIRFLOW_CTX_EXECUTION_DATE='2024-07-16T00:00:00+00:00' AIRFLOW_CTX_TRY_NUMBER='1' AIRFLOW_CTX_DAG_RUN_ID='scheduled__2024-07-16T00:00:00+00:00'
[2024-11-10T11:37:19.943+0000] {logging_mixin.py:190} INFO - Task instance is in running state
[2024-11-10T11:37:19.943+0000] {logging_mixin.py:190} INFO -  Previous state of the Task instance: queued
[2024-11-10T11:37:19.943+0000] {logging_mixin.py:190} INFO - Current task name:fetch_book_data state:running start_date:2024-11-10 11:37:19.603249+00:00
[2024-11-10T11:37:19.944+0000] {logging_mixin.py:190} INFO - Dag name:fetch_and_store_amazon_books and current dag run status:running
[2024-11-10T11:37:19.944+0000] {taskinstance.py:731} INFO - ::endgroup::
[2024-11-10T11:37:20.666+0000] {logging_mixin.py:190} INFO - Failed to retrieve the page
[2024-11-10T11:37:20.698+0000] {python.py:240} INFO - Done. Returned value was: None
[2024-11-10T11:37:20.713+0000] {taskinstance.py:340} INFO - ::group::Post task execution logs
[2024-11-10T11:37:20.713+0000] {taskinstance.py:352} INFO - Marking task as SUCCESS. dag_id=fetch_and_store_amazon_books, task_id=fetch_book_data, run_id=scheduled__2024-07-16T00:00:00+00:00, execution_date=20240716T000000, start_date=20241110T113719, end_date=20241110T113720
[2024-11-10T11:37:20.729+0000] {logging_mixin.py:190} INFO - Task instance in success state
[2024-11-10T11:37:20.730+0000] {logging_mixin.py:190} INFO -  Previous state of the Task instance: running
[2024-11-10T11:37:20.730+0000] {logging_mixin.py:190} INFO - Dag name:fetch_and_store_amazon_books queued_at:2024-11-10 11:37:05.886672+00:00
[2024-11-10T11:37:20.731+0000] {logging_mixin.py:190} INFO - Task hostname:0afc8c4a15bb operator:PythonOperator
[2024-11-10T11:37:20.780+0000] {local_task_job_runner.py:266} INFO - Task exited with return code 0
[2024-11-10T11:37:20.794+0000] {local_task_job_runner.py:245} INFO - ::endgroup::
[2024-11-10T14:07:01.562+0000] {local_task_job_runner.py:123} INFO - ::group::Pre task execution logs
[2024-11-10T14:07:01.597+0000] {taskinstance.py:2613} INFO - Dependencies all met for dep_context=non-requeueable deps ti=<TaskInstance: fetch_and_store_amazon_books.fetch_book_data scheduled__2024-07-16T00:00:00+00:00 [queued]>
[2024-11-10T14:07:01.619+0000] {taskinstance.py:2613} INFO - Dependencies all met for dep_context=requeueable deps ti=<TaskInstance: fetch_and_store_amazon_books.fetch_book_data scheduled__2024-07-16T00:00:00+00:00 [queued]>
[2024-11-10T14:07:01.620+0000] {taskinstance.py:2866} INFO - Starting attempt 1 of 2
[2024-11-10T14:07:01.649+0000] {taskinstance.py:2889} INFO - Executing <Task(PythonOperator): fetch_book_data> on 2024-07-16 00:00:00+00:00
[2024-11-10T14:07:01.677+0000] {warnings.py:112} WARNING - /home/***/.local/lib/python3.12/site-packages/***/task/task_runner/standard_task_runner.py:70: DeprecationWarning: This process (pid=4109) is multi-threaded, use of fork() may lead to deadlocks in the child.
  pid = os.fork()

[2024-11-10T14:07:01.681+0000] {standard_task_runner.py:72} INFO - Started process 4141 to run task
[2024-11-10T14:07:01.683+0000] {standard_task_runner.py:104} INFO - Running: ['***', 'tasks', 'run', 'fetch_and_store_amazon_books', 'fetch_book_data', 'scheduled__2024-07-16T00:00:00+00:00', '--job-id', '298', '--raw', '--subdir', 'DAGS_FOLDER/app.py', '--cfg-path', '/tmp/tmp5dvjdndc']
[2024-11-10T14:07:01.685+0000] {standard_task_runner.py:105} INFO - Job 298: Subtask fetch_book_data
[2024-11-10T14:07:01.823+0000] {task_command.py:467} INFO - Running <TaskInstance: fetch_and_store_amazon_books.fetch_book_data scheduled__2024-07-16T00:00:00+00:00 [running]> on host 0afc8c4a15bb
[2024-11-10T14:07:01.997+0000] {taskinstance.py:3132} INFO - Exporting env vars: AIRFLOW_CTX_DAG_OWNER='***' AIRFLOW_CTX_DAG_ID='fetch_and_store_amazon_books' AIRFLOW_CTX_TASK_ID='fetch_book_data' AIRFLOW_CTX_EXECUTION_DATE='2024-07-16T00:00:00+00:00' AIRFLOW_CTX_TRY_NUMBER='1' AIRFLOW_CTX_DAG_RUN_ID='scheduled__2024-07-16T00:00:00+00:00'
[2024-11-10T14:07:02.001+0000] {logging_mixin.py:190} INFO - Task instance is in running state
[2024-11-10T14:07:02.001+0000] {logging_mixin.py:190} INFO -  Previous state of the Task instance: queued
[2024-11-10T14:07:02.002+0000] {logging_mixin.py:190} INFO - Current task name:fetch_book_data state:running start_date:2024-11-10 14:07:01.598805+00:00
[2024-11-10T14:07:02.002+0000] {logging_mixin.py:190} INFO - Dag name:fetch_and_store_amazon_books and current dag run status:running
[2024-11-10T14:07:02.002+0000] {taskinstance.py:731} INFO - ::endgroup::
[2024-11-10T14:07:04.801+0000] {python.py:240} INFO - Done. Returned value was: None
[2024-11-10T14:07:04.826+0000] {taskinstance.py:340} INFO - ::group::Post task execution logs
[2024-11-10T14:07:04.827+0000] {taskinstance.py:352} INFO - Marking task as SUCCESS. dag_id=fetch_and_store_amazon_books, task_id=fetch_book_data, run_id=scheduled__2024-07-16T00:00:00+00:00, execution_date=20240716T000000, start_date=20241110T140701, end_date=20241110T140704
[2024-11-10T14:07:05.073+0000] {logging_mixin.py:190} INFO - Task instance in success state
[2024-11-10T14:07:05.077+0000] {logging_mixin.py:190} INFO -  Previous state of the Task instance: running
[2024-11-10T14:07:05.077+0000] {logging_mixin.py:190} INFO - Dag name:fetch_and_store_amazon_books queued_at:2024-11-10 14:06:52.029683+00:00
[2024-11-10T14:07:05.077+0000] {logging_mixin.py:190} INFO - Task hostname:0afc8c4a15bb operator:PythonOperator
[2024-11-10T14:07:05.149+0000] {local_task_job_runner.py:266} INFO - Task exited with return code 0
[2024-11-10T14:07:05.250+0000] {taskinstance.py:3895} INFO - 1 downstream tasks scheduled from follow-on schedule check
[2024-11-10T14:07:05.259+0000] {local_task_job_runner.py:245} INFO - ::endgroup::
