[2024-11-10T11:41:43.969+0000] {local_task_job_runner.py:123} INFO - ::group::Pre task execution logs
[2024-11-10T11:41:43.999+0000] {taskinstance.py:2613} INFO - Dependencies all met for dep_context=non-requeueable deps ti=<TaskInstance: fetch_and_store_amazon_books.create_table scheduled__2024-07-19T00:00:00+00:00 [queued]>
[2024-11-10T11:41:44.013+0000] {taskinstance.py:2613} INFO - Dependencies all met for dep_context=requeueable deps ti=<TaskInstance: fetch_and_store_amazon_books.create_table scheduled__2024-07-19T00:00:00+00:00 [queued]>
[2024-11-10T11:41:44.013+0000] {taskinstance.py:2866} INFO - Starting attempt 1 of 2
[2024-11-10T11:41:44.033+0000] {taskinstance.py:2889} INFO - Executing <Task(PostgresOperator): create_table> on 2024-07-19 00:00:00+00:00
[2024-11-10T11:41:44.054+0000] {warnings.py:112} WARNING - /home/***/.local/lib/python3.12/site-packages/***/task/task_runner/standard_task_runner.py:70: DeprecationWarning: This process (pid=1599) is multi-threaded, use of fork() may lead to deadlocks in the child.
  pid = os.fork()

[2024-11-10T11:41:44.058+0000] {standard_task_runner.py:72} INFO - Started process 1601 to run task
[2024-11-10T11:41:44.061+0000] {standard_task_runner.py:104} INFO - Running: ['***', 'tasks', 'run', 'fetch_and_store_amazon_books', 'create_table', 'scheduled__2024-07-19T00:00:00+00:00', '--job-id', '118', '--raw', '--subdir', 'DAGS_FOLDER/app.py', '--cfg-path', '/tmp/tmpu1azjvhk']
[2024-11-10T11:41:44.064+0000] {standard_task_runner.py:105} INFO - Job 118: Subtask create_table
[2024-11-10T11:41:44.136+0000] {task_command.py:467} INFO - Running <TaskInstance: fetch_and_store_amazon_books.create_table scheduled__2024-07-19T00:00:00+00:00 [running]> on host 0afc8c4a15bb
[2024-11-10T11:41:44.261+0000] {taskinstance.py:3132} INFO - Exporting env vars: AIRFLOW_CTX_DAG_OWNER='***' AIRFLOW_CTX_DAG_ID='fetch_and_store_amazon_books' AIRFLOW_CTX_TASK_ID='create_table' AIRFLOW_CTX_EXECUTION_DATE='2024-07-19T00:00:00+00:00' AIRFLOW_CTX_TRY_NUMBER='1' AIRFLOW_CTX_DAG_RUN_ID='scheduled__2024-07-19T00:00:00+00:00'
[2024-11-10T11:41:44.264+0000] {logging_mixin.py:190} INFO - Task instance is in running state
[2024-11-10T11:41:44.264+0000] {logging_mixin.py:190} INFO -  Previous state of the Task instance: queued
[2024-11-10T11:41:44.265+0000] {logging_mixin.py:190} INFO - Current task name:create_table state:running start_date:2024-11-10 11:41:44.000447+00:00
[2024-11-10T11:41:44.265+0000] {logging_mixin.py:190} INFO - Dag name:fetch_and_store_amazon_books and current dag run status:running
[2024-11-10T11:41:44.265+0000] {taskinstance.py:731} INFO - ::endgroup::
[2024-11-10T11:41:44.266+0000] {sql.py:278} INFO - Executing: 
    CREATE TABLE IF NOT EXISTS books (
        id SERIAL PRIMARY KEY,
        title TEXT NOT NULL,
        authors TEXT,
        price TEXT,
        rating TEXT
    );
    
[2024-11-10T11:41:44.280+0000] {base.py:84} INFO - Retrieving connection 'books_connection'
[2024-11-10T11:41:44.294+0000] {base.py:84} INFO - Retrieving connection 'books_connection'
[2024-11-10T11:41:44.303+0000] {sql.py:544} INFO - Running statement: 
    CREATE TABLE IF NOT EXISTS books (
        id SERIAL PRIMARY KEY,
        title TEXT NOT NULL,
        authors TEXT,
        price TEXT,
        rating TEXT
    );
    , parameters: None
[2024-11-10T11:41:44.324+0000] {taskinstance.py:340} INFO - ::group::Post task execution logs
[2024-11-10T11:41:44.324+0000] {taskinstance.py:352} INFO - Marking task as SUCCESS. dag_id=fetch_and_store_amazon_books, task_id=create_table, run_id=scheduled__2024-07-19T00:00:00+00:00, execution_date=20240719T000000, start_date=20241110T114144, end_date=20241110T114144
[2024-11-10T11:41:44.339+0000] {logging_mixin.py:190} INFO - Task instance in success state
[2024-11-10T11:41:44.340+0000] {logging_mixin.py:190} INFO -  Previous state of the Task instance: running
[2024-11-10T11:41:44.341+0000] {logging_mixin.py:190} INFO - Dag name:fetch_and_store_amazon_books queued_at:2024-11-10 11:41:36.588920+00:00
[2024-11-10T11:41:44.342+0000] {logging_mixin.py:190} INFO - Task hostname:0afc8c4a15bb operator:PostgresOperator
[2024-11-10T11:41:44.398+0000] {local_task_job_runner.py:266} INFO - Task exited with return code 0
[2024-11-10T11:41:44.428+0000] {taskinstance.py:3895} INFO - 1 downstream tasks scheduled from follow-on schedule check
[2024-11-10T11:41:44.431+0000] {local_task_job_runner.py:245} INFO - ::endgroup::
[2024-11-10T14:07:44.037+0000] {local_task_job_runner.py:123} INFO - ::group::Pre task execution logs
[2024-11-10T14:07:44.102+0000] {taskinstance.py:2613} INFO - Dependencies all met for dep_context=non-requeueable deps ti=<TaskInstance: fetch_and_store_amazon_books.create_table scheduled__2024-07-19T00:00:00+00:00 [queued]>
[2024-11-10T14:07:44.123+0000] {taskinstance.py:2613} INFO - Dependencies all met for dep_context=requeueable deps ti=<TaskInstance: fetch_and_store_amazon_books.create_table scheduled__2024-07-19T00:00:00+00:00 [queued]>
[2024-11-10T14:07:44.124+0000] {taskinstance.py:2866} INFO - Starting attempt 1 of 2
[2024-11-10T14:07:44.157+0000] {taskinstance.py:2889} INFO - Executing <Task(PostgresOperator): create_table> on 2024-07-19 00:00:00+00:00
[2024-11-10T14:07:44.202+0000] {warnings.py:112} WARNING - /home/***/.local/lib/python3.12/site-packages/***/task/task_runner/standard_task_runner.py:70: DeprecationWarning: This process (pid=4302) is multi-threaded, use of fork() may lead to deadlocks in the child.
  pid = os.fork()

[2024-11-10T14:07:44.209+0000] {standard_task_runner.py:72} INFO - Started process 4328 to run task
[2024-11-10T14:07:44.214+0000] {standard_task_runner.py:104} INFO - Running: ['***', 'tasks', 'run', 'fetch_and_store_amazon_books', 'create_table', 'scheduled__2024-07-19T00:00:00+00:00', '--job-id', '340', '--raw', '--subdir', 'DAGS_FOLDER/app.py', '--cfg-path', '/tmp/tmp_dpw7cao']
[2024-11-10T14:07:44.216+0000] {standard_task_runner.py:105} INFO - Job 340: Subtask create_table
[2024-11-10T14:07:44.396+0000] {task_command.py:467} INFO - Running <TaskInstance: fetch_and_store_amazon_books.create_table scheduled__2024-07-19T00:00:00+00:00 [running]> on host 0afc8c4a15bb
[2024-11-10T14:07:44.715+0000] {taskinstance.py:3132} INFO - Exporting env vars: AIRFLOW_CTX_DAG_OWNER='***' AIRFLOW_CTX_DAG_ID='fetch_and_store_amazon_books' AIRFLOW_CTX_TASK_ID='create_table' AIRFLOW_CTX_EXECUTION_DATE='2024-07-19T00:00:00+00:00' AIRFLOW_CTX_TRY_NUMBER='1' AIRFLOW_CTX_DAG_RUN_ID='scheduled__2024-07-19T00:00:00+00:00'
[2024-11-10T14:07:44.722+0000] {logging_mixin.py:190} INFO - Task instance is in running state
[2024-11-10T14:07:44.722+0000] {logging_mixin.py:190} INFO -  Previous state of the Task instance: queued
[2024-11-10T14:07:44.723+0000] {logging_mixin.py:190} INFO - Current task name:create_table state:running start_date:2024-11-10 14:07:44.103286+00:00
[2024-11-10T14:07:44.723+0000] {logging_mixin.py:190} INFO - Dag name:fetch_and_store_amazon_books and current dag run status:running
[2024-11-10T14:07:44.724+0000] {taskinstance.py:731} INFO - ::endgroup::
[2024-11-10T14:07:44.724+0000] {sql.py:278} INFO - Executing: 
    CREATE TABLE IF NOT EXISTS books (
        id SERIAL PRIMARY KEY,
        title TEXT NOT NULL,
        authors TEXT,
        price TEXT,
        rating TEXT
    );
    
[2024-11-10T14:07:44.754+0000] {base.py:84} INFO - Retrieving connection 'books_connection'
[2024-11-10T14:07:44.777+0000] {base.py:84} INFO - Retrieving connection 'books_connection'
[2024-11-10T14:07:44.802+0000] {sql.py:544} INFO - Running statement: 
    CREATE TABLE IF NOT EXISTS books (
        id SERIAL PRIMARY KEY,
        title TEXT NOT NULL,
        authors TEXT,
        price TEXT,
        rating TEXT
    );
    , parameters: None
[2024-11-10T14:07:44.858+0000] {taskinstance.py:340} INFO - ::group::Post task execution logs
[2024-11-10T14:07:44.861+0000] {taskinstance.py:352} INFO - Marking task as SUCCESS. dag_id=fetch_and_store_amazon_books, task_id=create_table, run_id=scheduled__2024-07-19T00:00:00+00:00, execution_date=20240719T000000, start_date=20241110T140744, end_date=20241110T140744
[2024-11-10T14:07:44.887+0000] {logging_mixin.py:190} INFO - Task instance in success state
[2024-11-10T14:07:44.888+0000] {logging_mixin.py:190} INFO -  Previous state of the Task instance: running
[2024-11-10T14:07:44.889+0000] {logging_mixin.py:190} INFO - Dag name:fetch_and_store_amazon_books queued_at:2024-11-10 14:07:29.845086+00:00
[2024-11-10T14:07:44.889+0000] {logging_mixin.py:190} INFO - Task hostname:0afc8c4a15bb operator:PostgresOperator
[2024-11-10T14:07:44.936+0000] {local_task_job_runner.py:266} INFO - Task exited with return code 0
[2024-11-10T14:07:44.986+0000] {taskinstance.py:3895} INFO - 1 downstream tasks scheduled from follow-on schedule check
[2024-11-10T14:07:44.995+0000] {local_task_job_runner.py:245} INFO - ::endgroup::
