[2024-11-10T11:37:31.668+0000] {local_task_job_runner.py:123} INFO - ::group::Pre task execution logs
[2024-11-10T11:37:31.709+0000] {taskinstance.py:2613} INFO - Dependencies all met for dep_context=non-requeueable deps ti=<TaskInstance: fetch_and_store_amazon_books.create_table scheduled__2024-07-14T00:00:00+00:00 [queued]>
[2024-11-10T11:37:31.726+0000] {taskinstance.py:2613} INFO - Dependencies all met for dep_context=requeueable deps ti=<TaskInstance: fetch_and_store_amazon_books.create_table scheduled__2024-07-14T00:00:00+00:00 [queued]>
[2024-11-10T11:37:31.728+0000] {taskinstance.py:2866} INFO - Starting attempt 1 of 2
[2024-11-10T11:37:31.759+0000] {taskinstance.py:2889} INFO - Executing <Task(PostgresOperator): create_table> on 2024-07-14 00:00:00+00:00
[2024-11-10T11:37:31.783+0000] {warnings.py:112} WARNING - /home/***/.local/lib/python3.12/site-packages/***/task/task_runner/standard_task_runner.py:70: DeprecationWarning: This process (pid=1431) is multi-threaded, use of fork() may lead to deadlocks in the child.
  pid = os.fork()

[2024-11-10T11:37:31.788+0000] {standard_task_runner.py:72} INFO - Started process 1480 to run task
[2024-11-10T11:37:31.788+0000] {standard_task_runner.py:104} INFO - Running: ['***', 'tasks', 'run', 'fetch_and_store_amazon_books', 'create_table', 'scheduled__2024-07-14T00:00:00+00:00', '--job-id', '100', '--raw', '--subdir', 'DAGS_FOLDER/app.py', '--cfg-path', '/tmp/tmpw7o20hhp']
[2024-11-10T11:37:31.790+0000] {standard_task_runner.py:105} INFO - Job 100: Subtask create_table
[2024-11-10T11:37:31.906+0000] {task_command.py:467} INFO - Running <TaskInstance: fetch_and_store_amazon_books.create_table scheduled__2024-07-14T00:00:00+00:00 [running]> on host 0afc8c4a15bb
[2024-11-10T11:37:32.126+0000] {taskinstance.py:3132} INFO - Exporting env vars: AIRFLOW_CTX_DAG_OWNER='***' AIRFLOW_CTX_DAG_ID='fetch_and_store_amazon_books' AIRFLOW_CTX_TASK_ID='create_table' AIRFLOW_CTX_EXECUTION_DATE='2024-07-14T00:00:00+00:00' AIRFLOW_CTX_TRY_NUMBER='1' AIRFLOW_CTX_DAG_RUN_ID='scheduled__2024-07-14T00:00:00+00:00'
[2024-11-10T11:37:32.129+0000] {logging_mixin.py:190} INFO - Task instance is in running state
[2024-11-10T11:37:32.130+0000] {logging_mixin.py:190} INFO -  Previous state of the Task instance: queued
[2024-11-10T11:37:32.130+0000] {logging_mixin.py:190} INFO - Current task name:create_table state:running start_date:2024-11-10 11:37:31.709773+00:00
[2024-11-10T11:37:32.130+0000] {logging_mixin.py:190} INFO - Dag name:fetch_and_store_amazon_books and current dag run status:running
[2024-11-10T11:37:32.131+0000] {taskinstance.py:731} INFO - ::endgroup::
[2024-11-10T11:37:32.131+0000] {sql.py:278} INFO - Executing: 
    CREATE TABLE IF NOT EXISTS books (
        id SERIAL PRIMARY KEY,
        title TEXT NOT NULL,
        authors TEXT,
        price TEXT,
        rating TEXT
    );
    
[2024-11-10T11:37:32.170+0000] {base.py:84} INFO - Retrieving connection 'books_connection'
[2024-11-10T11:37:32.205+0000] {base.py:84} INFO - Retrieving connection 'books_connection'
[2024-11-10T11:37:32.219+0000] {sql.py:544} INFO - Running statement: 
    CREATE TABLE IF NOT EXISTS books (
        id SERIAL PRIMARY KEY,
        title TEXT NOT NULL,
        authors TEXT,
        price TEXT,
        rating TEXT
    );
    , parameters: None
[2024-11-10T11:37:32.262+0000] {taskinstance.py:340} INFO - ::group::Post task execution logs
[2024-11-10T11:37:32.263+0000] {taskinstance.py:352} INFO - Marking task as SUCCESS. dag_id=fetch_and_store_amazon_books, task_id=create_table, run_id=scheduled__2024-07-14T00:00:00+00:00, execution_date=20240714T000000, start_date=20241110T113731, end_date=20241110T113732
[2024-11-10T11:37:32.288+0000] {logging_mixin.py:190} INFO - Task instance in success state
[2024-11-10T11:37:32.289+0000] {logging_mixin.py:190} INFO -  Previous state of the Task instance: running
[2024-11-10T11:37:32.290+0000] {logging_mixin.py:190} INFO - Dag name:fetch_and_store_amazon_books queued_at:2024-11-10 11:37:05.089866+00:00
[2024-11-10T11:37:32.291+0000] {logging_mixin.py:190} INFO - Task hostname:0afc8c4a15bb operator:PostgresOperator
[2024-11-10T11:37:32.342+0000] {local_task_job_runner.py:266} INFO - Task exited with return code 0
[2024-11-10T11:37:32.371+0000] {local_task_job_runner.py:245} INFO - ::endgroup::
[2024-11-10T14:07:13.031+0000] {local_task_job_runner.py:123} INFO - ::group::Pre task execution logs
[2024-11-10T14:07:13.151+0000] {taskinstance.py:2613} INFO - Dependencies all met for dep_context=non-requeueable deps ti=<TaskInstance: fetch_and_store_amazon_books.create_table scheduled__2024-07-14T00:00:00+00:00 [queued]>
[2024-11-10T14:07:13.207+0000] {taskinstance.py:2613} INFO - Dependencies all met for dep_context=requeueable deps ti=<TaskInstance: fetch_and_store_amazon_books.create_table scheduled__2024-07-14T00:00:00+00:00 [queued]>
[2024-11-10T14:07:13.207+0000] {taskinstance.py:2866} INFO - Starting attempt 1 of 2
[2024-11-10T14:07:13.261+0000] {taskinstance.py:2889} INFO - Executing <Task(PostgresOperator): create_table> on 2024-07-14 00:00:00+00:00
[2024-11-10T14:07:13.323+0000] {warnings.py:112} WARNING - /home/***/.local/lib/python3.12/site-packages/***/task/task_runner/standard_task_runner.py:70: DeprecationWarning: This process (pid=4156) is multi-threaded, use of fork() may lead to deadlocks in the child.
  pid = os.fork()

[2024-11-10T14:07:13.334+0000] {standard_task_runner.py:72} INFO - Started process 4192 to run task
[2024-11-10T14:07:13.337+0000] {standard_task_runner.py:104} INFO - Running: ['***', 'tasks', 'run', 'fetch_and_store_amazon_books', 'create_table', 'scheduled__2024-07-14T00:00:00+00:00', '--job-id', '307', '--raw', '--subdir', 'DAGS_FOLDER/app.py', '--cfg-path', '/tmp/tmp4xw1dlq_']
[2024-11-10T14:07:13.339+0000] {standard_task_runner.py:105} INFO - Job 307: Subtask create_table
[2024-11-10T14:07:13.691+0000] {task_command.py:467} INFO - Running <TaskInstance: fetch_and_store_amazon_books.create_table scheduled__2024-07-14T00:00:00+00:00 [running]> on host 0afc8c4a15bb
[2024-11-10T14:07:14.040+0000] {taskinstance.py:3132} INFO - Exporting env vars: AIRFLOW_CTX_DAG_OWNER='***' AIRFLOW_CTX_DAG_ID='fetch_and_store_amazon_books' AIRFLOW_CTX_TASK_ID='create_table' AIRFLOW_CTX_EXECUTION_DATE='2024-07-14T00:00:00+00:00' AIRFLOW_CTX_TRY_NUMBER='1' AIRFLOW_CTX_DAG_RUN_ID='scheduled__2024-07-14T00:00:00+00:00'
[2024-11-10T14:07:14.065+0000] {logging_mixin.py:190} INFO - Task instance is in running state
[2024-11-10T14:07:14.072+0000] {logging_mixin.py:190} INFO -  Previous state of the Task instance: queued
[2024-11-10T14:07:14.073+0000] {logging_mixin.py:190} INFO - Current task name:create_table state:running start_date:2024-11-10 14:07:13.161532+00:00
[2024-11-10T14:07:14.075+0000] {logging_mixin.py:190} INFO - Dag name:fetch_and_store_amazon_books and current dag run status:running
[2024-11-10T14:07:14.076+0000] {taskinstance.py:731} INFO - ::endgroup::
[2024-11-10T14:07:14.077+0000] {sql.py:278} INFO - Executing: 
    CREATE TABLE IF NOT EXISTS books (
        id SERIAL PRIMARY KEY,
        title TEXT NOT NULL,
        authors TEXT,
        price TEXT,
        rating TEXT
    );
    
[2024-11-10T14:07:14.144+0000] {base.py:84} INFO - Retrieving connection 'books_connection'
[2024-11-10T14:07:14.178+0000] {base.py:84} INFO - Retrieving connection 'books_connection'
[2024-11-10T14:07:14.202+0000] {sql.py:544} INFO - Running statement: 
    CREATE TABLE IF NOT EXISTS books (
        id SERIAL PRIMARY KEY,
        title TEXT NOT NULL,
        authors TEXT,
        price TEXT,
        rating TEXT
    );
    , parameters: None
[2024-11-10T14:07:14.233+0000] {taskinstance.py:340} INFO - ::group::Post task execution logs
[2024-11-10T14:07:14.234+0000] {taskinstance.py:352} INFO - Marking task as SUCCESS. dag_id=fetch_and_store_amazon_books, task_id=create_table, run_id=scheduled__2024-07-14T00:00:00+00:00, execution_date=20240714T000000, start_date=20241110T140713, end_date=20241110T140714
[2024-11-10T14:07:14.258+0000] {logging_mixin.py:190} INFO - Task instance in success state
[2024-11-10T14:07:14.259+0000] {logging_mixin.py:190} INFO -  Previous state of the Task instance: running
[2024-11-10T14:07:14.259+0000] {logging_mixin.py:190} INFO - Dag name:fetch_and_store_amazon_books queued_at:2024-11-10 14:06:51.118242+00:00
[2024-11-10T14:07:14.259+0000] {logging_mixin.py:190} INFO - Task hostname:0afc8c4a15bb operator:PostgresOperator
[2024-11-10T14:07:14.354+0000] {local_task_job_runner.py:266} INFO - Task exited with return code 0
[2024-11-10T14:07:14.410+0000] {taskinstance.py:3895} INFO - 1 downstream tasks scheduled from follow-on schedule check
[2024-11-10T14:07:14.420+0000] {local_task_job_runner.py:245} INFO - ::endgroup::
