[2024-11-10T11:43:08.093+0000] {local_task_job_runner.py:123} INFO - ::group::Pre task execution logs
[2024-11-10T11:43:08.130+0000] {taskinstance.py:2613} INFO - Dependencies all met for dep_context=non-requeueable deps ti=<TaskInstance: fetch_and_store_amazon_books.fetch_book_data scheduled__2024-07-26T00:00:00+00:00 [queued]>
[2024-11-10T11:43:08.152+0000] {taskinstance.py:2613} INFO - Dependencies all met for dep_context=requeueable deps ti=<TaskInstance: fetch_and_store_amazon_books.fetch_book_data scheduled__2024-07-26T00:00:00+00:00 [queued]>
[2024-11-10T11:43:08.153+0000] {taskinstance.py:2866} INFO - Starting attempt 1 of 2
[2024-11-10T11:43:08.182+0000] {taskinstance.py:2889} INFO - Executing <Task(PythonOperator): fetch_book_data> on 2024-07-26 00:00:00+00:00
[2024-11-10T11:43:08.204+0000] {warnings.py:112} WARNING - /home/***/.local/lib/python3.12/site-packages/***/task/task_runner/standard_task_runner.py:70: DeprecationWarning: This process (pid=1729) is multi-threaded, use of fork() may lead to deadlocks in the child.
  pid = os.fork()

[2024-11-10T11:43:08.208+0000] {standard_task_runner.py:72} INFO - Started process 1749 to run task
[2024-11-10T11:43:08.208+0000] {standard_task_runner.py:104} INFO - Running: ['***', 'tasks', 'run', 'fetch_and_store_amazon_books', 'fetch_book_data', 'scheduled__2024-07-26T00:00:00+00:00', '--job-id', '148', '--raw', '--subdir', 'DAGS_FOLDER/app.py', '--cfg-path', '/tmp/tmp_rqezp8l']
[2024-11-10T11:43:08.210+0000] {standard_task_runner.py:105} INFO - Job 148: Subtask fetch_book_data
[2024-11-10T11:43:08.308+0000] {task_command.py:467} INFO - Running <TaskInstance: fetch_and_store_amazon_books.fetch_book_data scheduled__2024-07-26T00:00:00+00:00 [running]> on host 0afc8c4a15bb
[2024-11-10T11:43:08.473+0000] {taskinstance.py:3132} INFO - Exporting env vars: AIRFLOW_CTX_DAG_OWNER='***' AIRFLOW_CTX_DAG_ID='fetch_and_store_amazon_books' AIRFLOW_CTX_TASK_ID='fetch_book_data' AIRFLOW_CTX_EXECUTION_DATE='2024-07-26T00:00:00+00:00' AIRFLOW_CTX_TRY_NUMBER='1' AIRFLOW_CTX_DAG_RUN_ID='scheduled__2024-07-26T00:00:00+00:00'
[2024-11-10T11:43:08.476+0000] {logging_mixin.py:190} INFO - Task instance is in running state
[2024-11-10T11:43:08.477+0000] {logging_mixin.py:190} INFO -  Previous state of the Task instance: queued
[2024-11-10T11:43:08.478+0000] {logging_mixin.py:190} INFO - Current task name:fetch_book_data state:running start_date:2024-11-10 11:43:08.131585+00:00
[2024-11-10T11:43:08.478+0000] {logging_mixin.py:190} INFO - Dag name:fetch_and_store_amazon_books and current dag run status:running
[2024-11-10T11:43:08.478+0000] {taskinstance.py:731} INFO - ::endgroup::
[2024-11-10T11:43:08.924+0000] {logging_mixin.py:190} INFO - Failed to retrieve the page
[2024-11-10T11:43:08.972+0000] {python.py:240} INFO - Done. Returned value was: None
[2024-11-10T11:43:08.992+0000] {taskinstance.py:340} INFO - ::group::Post task execution logs
[2024-11-10T11:43:08.993+0000] {taskinstance.py:352} INFO - Marking task as SUCCESS. dag_id=fetch_and_store_amazon_books, task_id=fetch_book_data, run_id=scheduled__2024-07-26T00:00:00+00:00, execution_date=20240726T000000, start_date=20241110T114308, end_date=20241110T114308
[2024-11-10T11:43:09.011+0000] {logging_mixin.py:190} INFO - Task instance in success state
[2024-11-10T11:43:09.012+0000] {logging_mixin.py:190} INFO -  Previous state of the Task instance: running
[2024-11-10T11:43:09.012+0000] {logging_mixin.py:190} INFO - Dag name:fetch_and_store_amazon_books queued_at:2024-11-10 11:43:04.525667+00:00
[2024-11-10T11:43:09.013+0000] {logging_mixin.py:190} INFO - Task hostname:0afc8c4a15bb operator:PythonOperator
[2024-11-10T11:43:09.067+0000] {local_task_job_runner.py:266} INFO - Task exited with return code 0
[2024-11-10T11:43:09.112+0000] {taskinstance.py:3895} INFO - 1 downstream tasks scheduled from follow-on schedule check
[2024-11-10T11:43:09.116+0000] {local_task_job_runner.py:245} INFO - ::endgroup::
[2024-11-10T14:07:36.735+0000] {local_task_job_runner.py:123} INFO - ::group::Pre task execution logs
[2024-11-10T14:07:36.758+0000] {taskinstance.py:2613} INFO - Dependencies all met for dep_context=non-requeueable deps ti=<TaskInstance: fetch_and_store_amazon_books.fetch_book_data scheduled__2024-07-26T00:00:00+00:00 [queued]>
[2024-11-10T14:07:36.772+0000] {taskinstance.py:2613} INFO - Dependencies all met for dep_context=requeueable deps ti=<TaskInstance: fetch_and_store_amazon_books.fetch_book_data scheduled__2024-07-26T00:00:00+00:00 [queued]>
[2024-11-10T14:07:36.772+0000] {taskinstance.py:2866} INFO - Starting attempt 1 of 2
[2024-11-10T14:07:36.792+0000] {taskinstance.py:2889} INFO - Executing <Task(PythonOperator): fetch_book_data> on 2024-07-26 00:00:00+00:00
[2024-11-10T14:07:36.808+0000] {warnings.py:112} WARNING - /home/***/.local/lib/python3.12/site-packages/***/task/task_runner/standard_task_runner.py:70: DeprecationWarning: This process (pid=4268) is multi-threaded, use of fork() may lead to deadlocks in the child.
  pid = os.fork()

[2024-11-10T14:07:36.810+0000] {standard_task_runner.py:72} INFO - Started process 4292 to run task
[2024-11-10T14:07:36.812+0000] {standard_task_runner.py:104} INFO - Running: ['***', 'tasks', 'run', 'fetch_and_store_amazon_books', 'fetch_book_data', 'scheduled__2024-07-26T00:00:00+00:00', '--job-id', '333', '--raw', '--subdir', 'DAGS_FOLDER/app.py', '--cfg-path', '/tmp/tmp81nj6tvp']
[2024-11-10T14:07:36.814+0000] {standard_task_runner.py:105} INFO - Job 333: Subtask fetch_book_data
[2024-11-10T14:07:36.892+0000] {task_command.py:467} INFO - Running <TaskInstance: fetch_and_store_amazon_books.fetch_book_data scheduled__2024-07-26T00:00:00+00:00 [running]> on host 0afc8c4a15bb
[2024-11-10T14:07:37.027+0000] {taskinstance.py:3132} INFO - Exporting env vars: AIRFLOW_CTX_DAG_OWNER='***' AIRFLOW_CTX_DAG_ID='fetch_and_store_amazon_books' AIRFLOW_CTX_TASK_ID='fetch_book_data' AIRFLOW_CTX_EXECUTION_DATE='2024-07-26T00:00:00+00:00' AIRFLOW_CTX_TRY_NUMBER='1' AIRFLOW_CTX_DAG_RUN_ID='scheduled__2024-07-26T00:00:00+00:00'
[2024-11-10T14:07:37.029+0000] {logging_mixin.py:190} INFO - Task instance is in running state
[2024-11-10T14:07:37.029+0000] {logging_mixin.py:190} INFO -  Previous state of the Task instance: queued
[2024-11-10T14:07:37.030+0000] {logging_mixin.py:190} INFO - Current task name:fetch_book_data state:running start_date:2024-11-10 14:07:36.759414+00:00
[2024-11-10T14:07:37.030+0000] {logging_mixin.py:190} INFO - Dag name:fetch_and_store_amazon_books and current dag run status:running
[2024-11-10T14:07:37.030+0000] {taskinstance.py:731} INFO - ::endgroup::
[2024-11-10T14:07:39.591+0000] {python.py:240} INFO - Done. Returned value was: None
[2024-11-10T14:07:39.609+0000] {taskinstance.py:340} INFO - ::group::Post task execution logs
[2024-11-10T14:07:39.609+0000] {taskinstance.py:352} INFO - Marking task as SUCCESS. dag_id=fetch_and_store_amazon_books, task_id=fetch_book_data, run_id=scheduled__2024-07-26T00:00:00+00:00, execution_date=20240726T000000, start_date=20241110T140736, end_date=20241110T140739
[2024-11-10T14:07:39.628+0000] {logging_mixin.py:190} INFO - Task instance in success state
[2024-11-10T14:07:39.629+0000] {logging_mixin.py:190} INFO -  Previous state of the Task instance: running
[2024-11-10T14:07:39.629+0000] {logging_mixin.py:190} INFO - Dag name:fetch_and_store_amazon_books queued_at:2024-11-10 14:07:31.350376+00:00
[2024-11-10T14:07:39.629+0000] {logging_mixin.py:190} INFO - Task hostname:0afc8c4a15bb operator:PythonOperator
[2024-11-10T14:07:39.675+0000] {local_task_job_runner.py:266} INFO - Task exited with return code 0
[2024-11-10T14:07:39.719+0000] {taskinstance.py:3895} INFO - 1 downstream tasks scheduled from follow-on schedule check
[2024-11-10T14:07:39.723+0000] {local_task_job_runner.py:245} INFO - ::endgroup::
