[2024-11-10T11:37:15.724+0000] {local_task_job_runner.py:123} INFO - ::group::Pre task execution logs
[2024-11-10T11:37:15.783+0000] {taskinstance.py:2613} INFO - Dependencies all met for dep_context=non-requeueable deps ti=<TaskInstance: fetch_and_store_amazon_books.fetch_book_data scheduled__2024-07-07T00:00:00+00:00 [queued]>
[2024-11-10T11:37:15.812+0000] {taskinstance.py:2613} INFO - Dependencies all met for dep_context=requeueable deps ti=<TaskInstance: fetch_and_store_amazon_books.fetch_book_data scheduled__2024-07-07T00:00:00+00:00 [queued]>
[2024-11-10T11:37:15.813+0000] {taskinstance.py:2866} INFO - Starting attempt 1 of 2
[2024-11-10T11:37:15.860+0000] {taskinstance.py:2889} INFO - Executing <Task(PythonOperator): fetch_book_data> on 2024-07-07 00:00:00+00:00
[2024-11-10T11:37:15.922+0000] {standard_task_runner.py:104} INFO - Running: ['***', 'tasks', 'run', 'fetch_and_store_amazon_books', 'fetch_book_data', 'scheduled__2024-07-07T00:00:00+00:00', '--job-id', '76', '--raw', '--subdir', 'DAGS_FOLDER/app.py', '--cfg-path', '/tmp/tmplytkj875']
[2024-11-10T11:37:15.909+0000] {warnings.py:112} WARNING - /home/***/.local/lib/python3.12/site-packages/***/task/task_runner/standard_task_runner.py:70: DeprecationWarning: This process (pid=1367) is multi-threaded, use of fork() may lead to deadlocks in the child.
  pid = os.fork()

[2024-11-10T11:37:15.924+0000] {standard_task_runner.py:105} INFO - Job 76: Subtask fetch_book_data
[2024-11-10T11:37:15.924+0000] {standard_task_runner.py:72} INFO - Started process 1397 to run task
[2024-11-10T11:37:16.040+0000] {task_command.py:467} INFO - Running <TaskInstance: fetch_and_store_amazon_books.fetch_book_data scheduled__2024-07-07T00:00:00+00:00 [running]> on host 0afc8c4a15bb
[2024-11-10T11:37:16.290+0000] {taskinstance.py:3132} INFO - Exporting env vars: AIRFLOW_CTX_DAG_OWNER='***' AIRFLOW_CTX_DAG_ID='fetch_and_store_amazon_books' AIRFLOW_CTX_TASK_ID='fetch_book_data' AIRFLOW_CTX_EXECUTION_DATE='2024-07-07T00:00:00+00:00' AIRFLOW_CTX_TRY_NUMBER='1' AIRFLOW_CTX_DAG_RUN_ID='scheduled__2024-07-07T00:00:00+00:00'
[2024-11-10T11:37:16.294+0000] {logging_mixin.py:190} INFO - Task instance is in running state
[2024-11-10T11:37:16.295+0000] {logging_mixin.py:190} INFO -  Previous state of the Task instance: queued
[2024-11-10T11:37:16.295+0000] {logging_mixin.py:190} INFO - Current task name:fetch_book_data state:running start_date:2024-11-10 11:37:15.784130+00:00
[2024-11-10T11:37:16.296+0000] {logging_mixin.py:190} INFO - Dag name:fetch_and_store_amazon_books and current dag run status:running
[2024-11-10T11:37:16.297+0000] {taskinstance.py:731} INFO - ::endgroup::
[2024-11-10T11:37:17.496+0000] {logging_mixin.py:190} INFO - Failed to retrieve the page
[2024-11-10T11:37:17.552+0000] {python.py:240} INFO - Done. Returned value was: None
[2024-11-10T11:37:17.579+0000] {taskinstance.py:340} INFO - ::group::Post task execution logs
[2024-11-10T11:37:17.580+0000] {taskinstance.py:352} INFO - Marking task as SUCCESS. dag_id=fetch_and_store_amazon_books, task_id=fetch_book_data, run_id=scheduled__2024-07-07T00:00:00+00:00, execution_date=20240707T000000, start_date=20241110T113715, end_date=20241110T113717
[2024-11-10T11:37:17.627+0000] {logging_mixin.py:190} INFO - Task instance in success state
[2024-11-10T11:37:17.628+0000] {logging_mixin.py:190} INFO -  Previous state of the Task instance: running
[2024-11-10T11:37:17.629+0000] {logging_mixin.py:190} INFO - Dag name:fetch_and_store_amazon_books queued_at:2024-11-10 11:37:03.369846+00:00
[2024-11-10T11:37:17.629+0000] {logging_mixin.py:190} INFO - Task hostname:0afc8c4a15bb operator:PythonOperator
[2024-11-10T11:37:17.706+0000] {local_task_job_runner.py:266} INFO - Task exited with return code 0
[2024-11-10T11:37:17.818+0000] {taskinstance.py:3895} INFO - 1 downstream tasks scheduled from follow-on schedule check
[2024-11-10T11:37:17.821+0000] {local_task_job_runner.py:245} INFO - ::endgroup::
[2024-11-10T14:06:59.226+0000] {local_task_job_runner.py:123} INFO - ::group::Pre task execution logs
[2024-11-10T14:06:59.302+0000] {taskinstance.py:2613} INFO - Dependencies all met for dep_context=non-requeueable deps ti=<TaskInstance: fetch_and_store_amazon_books.fetch_book_data scheduled__2024-07-07T00:00:00+00:00 [queued]>
[2024-11-10T14:06:59.350+0000] {taskinstance.py:2613} INFO - Dependencies all met for dep_context=requeueable deps ti=<TaskInstance: fetch_and_store_amazon_books.fetch_book_data scheduled__2024-07-07T00:00:00+00:00 [queued]>
[2024-11-10T14:06:59.351+0000] {taskinstance.py:2866} INFO - Starting attempt 1 of 2
[2024-11-10T14:06:59.404+0000] {taskinstance.py:2889} INFO - Executing <Task(PythonOperator): fetch_book_data> on 2024-07-07 00:00:00+00:00
[2024-11-10T14:06:59.456+0000] {warnings.py:112} WARNING - /home/***/.local/lib/python3.12/site-packages/***/task/task_runner/standard_task_runner.py:70: DeprecationWarning: This process (pid=4092) is multi-threaded, use of fork() may lead to deadlocks in the child.
  pid = os.fork()

[2024-11-10T14:06:59.460+0000] {standard_task_runner.py:104} INFO - Running: ['***', 'tasks', 'run', 'fetch_and_store_amazon_books', 'fetch_book_data', 'scheduled__2024-07-07T00:00:00+00:00', '--job-id', '291', '--raw', '--subdir', 'DAGS_FOLDER/app.py', '--cfg-path', '/tmp/tmptxqimukb']
[2024-11-10T14:06:59.471+0000] {standard_task_runner.py:105} INFO - Job 291: Subtask fetch_book_data
[2024-11-10T14:06:59.471+0000] {standard_task_runner.py:72} INFO - Started process 4127 to run task
[2024-11-10T14:06:59.707+0000] {task_command.py:467} INFO - Running <TaskInstance: fetch_and_store_amazon_books.fetch_book_data scheduled__2024-07-07T00:00:00+00:00 [running]> on host 0afc8c4a15bb
[2024-11-10T14:07:00.122+0000] {taskinstance.py:3132} INFO - Exporting env vars: AIRFLOW_CTX_DAG_OWNER='***' AIRFLOW_CTX_DAG_ID='fetch_and_store_amazon_books' AIRFLOW_CTX_TASK_ID='fetch_book_data' AIRFLOW_CTX_EXECUTION_DATE='2024-07-07T00:00:00+00:00' AIRFLOW_CTX_TRY_NUMBER='1' AIRFLOW_CTX_DAG_RUN_ID='scheduled__2024-07-07T00:00:00+00:00'
[2024-11-10T14:07:00.128+0000] {logging_mixin.py:190} INFO - Task instance is in running state
[2024-11-10T14:07:00.129+0000] {logging_mixin.py:190} INFO -  Previous state of the Task instance: queued
[2024-11-10T14:07:00.129+0000] {logging_mixin.py:190} INFO - Current task name:fetch_book_data state:running start_date:2024-11-10 14:06:59.305171+00:00
[2024-11-10T14:07:00.130+0000] {logging_mixin.py:190} INFO - Dag name:fetch_and_store_amazon_books and current dag run status:running
[2024-11-10T14:07:00.130+0000] {taskinstance.py:731} INFO - ::endgroup::
[2024-11-10T14:07:02.411+0000] {python.py:240} INFO - Done. Returned value was: None
[2024-11-10T14:07:02.429+0000] {taskinstance.py:340} INFO - ::group::Post task execution logs
[2024-11-10T14:07:02.429+0000] {taskinstance.py:352} INFO - Marking task as SUCCESS. dag_id=fetch_and_store_amazon_books, task_id=fetch_book_data, run_id=scheduled__2024-07-07T00:00:00+00:00, execution_date=20240707T000000, start_date=20241110T140659, end_date=20241110T140702
[2024-11-10T14:07:02.449+0000] {logging_mixin.py:190} INFO - Task instance in success state
[2024-11-10T14:07:02.450+0000] {logging_mixin.py:190} INFO -  Previous state of the Task instance: running
[2024-11-10T14:07:02.450+0000] {logging_mixin.py:190} INFO - Dag name:fetch_and_store_amazon_books queued_at:2024-11-10 14:06:49.283580+00:00
[2024-11-10T14:07:02.451+0000] {logging_mixin.py:190} INFO - Task hostname:0afc8c4a15bb operator:PythonOperator
[2024-11-10T14:07:02.494+0000] {local_task_job_runner.py:266} INFO - Task exited with return code 0
[2024-11-10T14:07:02.542+0000] {taskinstance.py:3895} INFO - 1 downstream tasks scheduled from follow-on schedule check
[2024-11-10T14:07:02.547+0000] {local_task_job_runner.py:245} INFO - ::endgroup::
