[2024-11-10T11:43:20.656+0000] {local_task_job_runner.py:123} INFO - ::group::Pre task execution logs
[2024-11-10T11:43:20.695+0000] {taskinstance.py:2613} INFO - Dependencies all met for dep_context=non-requeueable deps ti=<TaskInstance: fetch_and_store_amazon_books.create_table scheduled__2024-07-30T00:00:00+00:00 [queued]>
[2024-11-10T11:43:20.716+0000] {taskinstance.py:2613} INFO - Dependencies all met for dep_context=requeueable deps ti=<TaskInstance: fetch_and_store_amazon_books.create_table scheduled__2024-07-30T00:00:00+00:00 [queued]>
[2024-11-10T11:43:20.716+0000] {taskinstance.py:2866} INFO - Starting attempt 1 of 2
[2024-11-10T11:43:20.745+0000] {taskinstance.py:2889} INFO - Executing <Task(PostgresOperator): create_table> on 2024-07-30 00:00:00+00:00
[2024-11-10T11:43:20.774+0000] {warnings.py:112} WARNING - /home/***/.local/lib/python3.12/site-packages/***/task/task_runner/standard_task_runner.py:70: DeprecationWarning: This process (pid=1774) is multi-threaded, use of fork() may lead to deadlocks in the child.
  pid = os.fork()

[2024-11-10T11:43:20.777+0000] {standard_task_runner.py:72} INFO - Started process 1799 to run task
[2024-11-10T11:43:20.782+0000] {standard_task_runner.py:104} INFO - Running: ['***', 'tasks', 'run', 'fetch_and_store_amazon_books', 'create_table', 'scheduled__2024-07-30T00:00:00+00:00', '--job-id', '160', '--raw', '--subdir', 'DAGS_FOLDER/app.py', '--cfg-path', '/tmp/tmpb7nkbhwk']
[2024-11-10T11:43:20.784+0000] {standard_task_runner.py:105} INFO - Job 160: Subtask create_table
[2024-11-10T11:43:20.947+0000] {task_command.py:467} INFO - Running <TaskInstance: fetch_and_store_amazon_books.create_table scheduled__2024-07-30T00:00:00+00:00 [running]> on host 0afc8c4a15bb
[2024-11-10T11:43:21.439+0000] {taskinstance.py:3132} INFO - Exporting env vars: AIRFLOW_CTX_DAG_OWNER='***' AIRFLOW_CTX_DAG_ID='fetch_and_store_amazon_books' AIRFLOW_CTX_TASK_ID='create_table' AIRFLOW_CTX_EXECUTION_DATE='2024-07-30T00:00:00+00:00' AIRFLOW_CTX_TRY_NUMBER='1' AIRFLOW_CTX_DAG_RUN_ID='scheduled__2024-07-30T00:00:00+00:00'
[2024-11-10T11:43:21.448+0000] {logging_mixin.py:190} INFO - Task instance is in running state
[2024-11-10T11:43:21.450+0000] {logging_mixin.py:190} INFO -  Previous state of the Task instance: queued
[2024-11-10T11:43:21.452+0000] {logging_mixin.py:190} INFO - Current task name:create_table state:running start_date:2024-11-10 11:43:20.696532+00:00
[2024-11-10T11:43:21.452+0000] {logging_mixin.py:190} INFO - Dag name:fetch_and_store_amazon_books and current dag run status:running
[2024-11-10T11:43:21.452+0000] {taskinstance.py:731} INFO - ::endgroup::
[2024-11-10T11:43:21.453+0000] {sql.py:278} INFO - Executing: 
    CREATE TABLE IF NOT EXISTS books (
        id SERIAL PRIMARY KEY,
        title TEXT NOT NULL,
        authors TEXT,
        price TEXT,
        rating TEXT
    );
    
[2024-11-10T11:43:21.499+0000] {base.py:84} INFO - Retrieving connection 'books_connection'
[2024-11-10T11:43:21.547+0000] {base.py:84} INFO - Retrieving connection 'books_connection'
[2024-11-10T11:43:21.574+0000] {sql.py:544} INFO - Running statement: 
    CREATE TABLE IF NOT EXISTS books (
        id SERIAL PRIMARY KEY,
        title TEXT NOT NULL,
        authors TEXT,
        price TEXT,
        rating TEXT
    );
    , parameters: None
[2024-11-10T11:43:21.625+0000] {taskinstance.py:340} INFO - ::group::Post task execution logs
[2024-11-10T11:43:21.626+0000] {taskinstance.py:352} INFO - Marking task as SUCCESS. dag_id=fetch_and_store_amazon_books, task_id=create_table, run_id=scheduled__2024-07-30T00:00:00+00:00, execution_date=20240730T000000, start_date=20241110T114320, end_date=20241110T114321
[2024-11-10T11:43:21.659+0000] {logging_mixin.py:190} INFO - Task instance in success state
[2024-11-10T11:43:21.661+0000] {logging_mixin.py:190} INFO -  Previous state of the Task instance: running
[2024-11-10T11:43:21.663+0000] {logging_mixin.py:190} INFO - Dag name:fetch_and_store_amazon_books queued_at:2024-11-10 11:43:05.424382+00:00
[2024-11-10T11:43:21.665+0000] {logging_mixin.py:190} INFO - Task hostname:0afc8c4a15bb operator:PostgresOperator
[2024-11-10T11:43:21.740+0000] {local_task_job_runner.py:266} INFO - Task exited with return code 0
[2024-11-10T11:43:21.856+0000] {taskinstance.py:3895} INFO - 1 downstream tasks scheduled from follow-on schedule check
[2024-11-10T11:43:21.859+0000] {local_task_job_runner.py:245} INFO - ::endgroup::
[2024-11-10T14:08:11.186+0000] {local_task_job_runner.py:123} INFO - ::group::Pre task execution logs
[2024-11-10T14:08:11.224+0000] {taskinstance.py:2613} INFO - Dependencies all met for dep_context=non-requeueable deps ti=<TaskInstance: fetch_and_store_amazon_books.create_table scheduled__2024-07-30T00:00:00+00:00 [queued]>
[2024-11-10T14:08:11.239+0000] {taskinstance.py:2613} INFO - Dependencies all met for dep_context=requeueable deps ti=<TaskInstance: fetch_and_store_amazon_books.create_table scheduled__2024-07-30T00:00:00+00:00 [queued]>
[2024-11-10T14:08:11.239+0000] {taskinstance.py:2866} INFO - Starting attempt 1 of 2
[2024-11-10T14:08:11.265+0000] {taskinstance.py:2889} INFO - Executing <Task(PostgresOperator): create_table> on 2024-07-30 00:00:00+00:00
[2024-11-10T14:08:11.285+0000] {warnings.py:112} WARNING - /home/***/.local/lib/python3.12/site-packages/***/task/task_runner/standard_task_runner.py:70: DeprecationWarning: This process (pid=4436) is multi-threaded, use of fork() may lead to deadlocks in the child.
  pid = os.fork()

[2024-11-10T14:08:11.289+0000] {standard_task_runner.py:72} INFO - Started process 4458 to run task
[2024-11-10T14:08:11.289+0000] {standard_task_runner.py:104} INFO - Running: ['***', 'tasks', 'run', 'fetch_and_store_amazon_books', 'create_table', 'scheduled__2024-07-30T00:00:00+00:00', '--job-id', '372', '--raw', '--subdir', 'DAGS_FOLDER/app.py', '--cfg-path', '/tmp/tmplruye4fr']
[2024-11-10T14:08:11.291+0000] {standard_task_runner.py:105} INFO - Job 372: Subtask create_table
[2024-11-10T14:08:11.382+0000] {task_command.py:467} INFO - Running <TaskInstance: fetch_and_store_amazon_books.create_table scheduled__2024-07-30T00:00:00+00:00 [running]> on host 0afc8c4a15bb
[2024-11-10T14:08:11.537+0000] {taskinstance.py:3132} INFO - Exporting env vars: AIRFLOW_CTX_DAG_OWNER='***' AIRFLOW_CTX_DAG_ID='fetch_and_store_amazon_books' AIRFLOW_CTX_TASK_ID='create_table' AIRFLOW_CTX_EXECUTION_DATE='2024-07-30T00:00:00+00:00' AIRFLOW_CTX_TRY_NUMBER='1' AIRFLOW_CTX_DAG_RUN_ID='scheduled__2024-07-30T00:00:00+00:00'
[2024-11-10T14:08:11.540+0000] {logging_mixin.py:190} INFO - Task instance is in running state
[2024-11-10T14:08:11.540+0000] {logging_mixin.py:190} INFO -  Previous state of the Task instance: queued
[2024-11-10T14:08:11.541+0000] {logging_mixin.py:190} INFO - Current task name:create_table state:running start_date:2024-11-10 14:08:11.224679+00:00
[2024-11-10T14:08:11.541+0000] {logging_mixin.py:190} INFO - Dag name:fetch_and_store_amazon_books and current dag run status:running
[2024-11-10T14:08:11.541+0000] {taskinstance.py:731} INFO - ::endgroup::
[2024-11-10T14:08:11.542+0000] {sql.py:278} INFO - Executing: 
    CREATE TABLE IF NOT EXISTS books (
        id SERIAL PRIMARY KEY,
        title TEXT NOT NULL,
        authors TEXT,
        price TEXT,
        rating TEXT
    );
    
[2024-11-10T14:08:11.560+0000] {base.py:84} INFO - Retrieving connection 'books_connection'
[2024-11-10T14:08:11.578+0000] {base.py:84} INFO - Retrieving connection 'books_connection'
[2024-11-10T14:08:11.590+0000] {sql.py:544} INFO - Running statement: 
    CREATE TABLE IF NOT EXISTS books (
        id SERIAL PRIMARY KEY,
        title TEXT NOT NULL,
        authors TEXT,
        price TEXT,
        rating TEXT
    );
    , parameters: None
[2024-11-10T14:08:11.610+0000] {taskinstance.py:340} INFO - ::group::Post task execution logs
[2024-11-10T14:08:11.611+0000] {taskinstance.py:352} INFO - Marking task as SUCCESS. dag_id=fetch_and_store_amazon_books, task_id=create_table, run_id=scheduled__2024-07-30T00:00:00+00:00, execution_date=20240730T000000, start_date=20241110T140811, end_date=20241110T140811
[2024-11-10T14:08:11.631+0000] {logging_mixin.py:190} INFO - Task instance in success state
[2024-11-10T14:08:11.631+0000] {logging_mixin.py:190} INFO -  Previous state of the Task instance: running
[2024-11-10T14:08:11.632+0000] {logging_mixin.py:190} INFO - Dag name:fetch_and_store_amazon_books queued_at:2024-11-10 14:08:00.462955+00:00
[2024-11-10T14:08:11.633+0000] {logging_mixin.py:190} INFO - Task hostname:0afc8c4a15bb operator:PostgresOperator
[2024-11-10T14:08:11.666+0000] {local_task_job_runner.py:266} INFO - Task exited with return code 0
[2024-11-10T14:08:11.682+0000] {local_task_job_runner.py:245} INFO - ::endgroup::
