[2024-11-10T11:48:36.638+0000] {local_task_job_runner.py:123} INFO - ::group::Pre task execution logs
[2024-11-10T11:48:36.710+0000] {taskinstance.py:2613} INFO - Dependencies all met for dep_context=non-requeueable deps ti=<TaskInstance: fetch_and_store_amazon_books.create_table scheduled__2024-08-06T00:00:00+00:00 [queued]>
[2024-11-10T11:48:36.732+0000] {taskinstance.py:2613} INFO - Dependencies all met for dep_context=requeueable deps ti=<TaskInstance: fetch_and_store_amazon_books.create_table scheduled__2024-08-06T00:00:00+00:00 [queued]>
[2024-11-10T11:48:36.733+0000] {taskinstance.py:2866} INFO - Starting attempt 1 of 2
[2024-11-10T11:48:36.765+0000] {taskinstance.py:2889} INFO - Executing <Task(PostgresOperator): create_table> on 2024-08-06 00:00:00+00:00
[2024-11-10T11:48:36.794+0000] {warnings.py:112} WARNING - /home/***/.local/lib/python3.12/site-packages/***/task/task_runner/standard_task_runner.py:70: DeprecationWarning: This process (pid=1986) is multi-threaded, use of fork() may lead to deadlocks in the child.
  pid = os.fork()

[2024-11-10T11:48:36.799+0000] {standard_task_runner.py:72} INFO - Started process 2022 to run task
[2024-11-10T11:48:36.811+0000] {standard_task_runner.py:104} INFO - Running: ['***', 'tasks', 'run', 'fetch_and_store_amazon_books', 'create_table', 'scheduled__2024-08-06T00:00:00+00:00', '--job-id', '198', '--raw', '--subdir', 'DAGS_FOLDER/app.py', '--cfg-path', '/tmp/tmp_7i6r4ur']
[2024-11-10T11:48:36.813+0000] {standard_task_runner.py:105} INFO - Job 198: Subtask create_table
[2024-11-10T11:48:37.000+0000] {task_command.py:467} INFO - Running <TaskInstance: fetch_and_store_amazon_books.create_table scheduled__2024-08-06T00:00:00+00:00 [running]> on host 0afc8c4a15bb
[2024-11-10T11:48:37.247+0000] {taskinstance.py:3132} INFO - Exporting env vars: AIRFLOW_CTX_DAG_OWNER='***' AIRFLOW_CTX_DAG_ID='fetch_and_store_amazon_books' AIRFLOW_CTX_TASK_ID='create_table' AIRFLOW_CTX_EXECUTION_DATE='2024-08-06T00:00:00+00:00' AIRFLOW_CTX_TRY_NUMBER='1' AIRFLOW_CTX_DAG_RUN_ID='scheduled__2024-08-06T00:00:00+00:00'
[2024-11-10T11:48:37.254+0000] {logging_mixin.py:190} INFO - Task instance is in running state
[2024-11-10T11:48:37.263+0000] {logging_mixin.py:190} INFO -  Previous state of the Task instance: queued
[2024-11-10T11:48:37.264+0000] {logging_mixin.py:190} INFO - Current task name:create_table state:running start_date:2024-11-10 11:48:36.711257+00:00
[2024-11-10T11:48:37.265+0000] {logging_mixin.py:190} INFO - Dag name:fetch_and_store_amazon_books and current dag run status:running
[2024-11-10T11:48:37.265+0000] {taskinstance.py:731} INFO - ::endgroup::
[2024-11-10T11:48:37.266+0000] {sql.py:278} INFO - Executing: 
    CREATE TABLE IF NOT EXISTS books (
        id SERIAL PRIMARY KEY,
        title TEXT NOT NULL,
        authors TEXT,
        price TEXT,
        rating TEXT
    );
    
[2024-11-10T11:48:37.311+0000] {base.py:84} INFO - Retrieving connection 'books_connection'
[2024-11-10T11:48:37.356+0000] {base.py:84} INFO - Retrieving connection 'books_connection'
[2024-11-10T11:48:37.384+0000] {sql.py:544} INFO - Running statement: 
    CREATE TABLE IF NOT EXISTS books (
        id SERIAL PRIMARY KEY,
        title TEXT NOT NULL,
        authors TEXT,
        price TEXT,
        rating TEXT
    );
    , parameters: None
[2024-11-10T11:48:37.502+0000] {taskinstance.py:340} INFO - ::group::Post task execution logs
[2024-11-10T11:48:37.503+0000] {taskinstance.py:352} INFO - Marking task as SUCCESS. dag_id=fetch_and_store_amazon_books, task_id=create_table, run_id=scheduled__2024-08-06T00:00:00+00:00, execution_date=20240806T000000, start_date=20241110T114836, end_date=20241110T114837
[2024-11-10T11:48:37.549+0000] {logging_mixin.py:190} INFO - Task instance in success state
[2024-11-10T11:48:37.550+0000] {logging_mixin.py:190} INFO -  Previous state of the Task instance: running
[2024-11-10T11:48:37.550+0000] {logging_mixin.py:190} INFO - Dag name:fetch_and_store_amazon_books queued_at:2024-11-10 11:48:25.312552+00:00
[2024-11-10T11:48:37.551+0000] {logging_mixin.py:190} INFO - Task hostname:0afc8c4a15bb operator:PostgresOperator
[2024-11-10T11:48:37.642+0000] {local_task_job_runner.py:266} INFO - Task exited with return code 0
[2024-11-10T11:48:37.772+0000] {taskinstance.py:3895} INFO - 1 downstream tasks scheduled from follow-on schedule check
[2024-11-10T11:48:37.775+0000] {local_task_job_runner.py:245} INFO - ::endgroup::
[2024-11-10T14:08:16.997+0000] {local_task_job_runner.py:123} INFO - ::group::Pre task execution logs
[2024-11-10T14:08:17.073+0000] {taskinstance.py:2613} INFO - Dependencies all met for dep_context=non-requeueable deps ti=<TaskInstance: fetch_and_store_amazon_books.create_table scheduled__2024-08-06T00:00:00+00:00 [queued]>
[2024-11-10T14:08:17.099+0000] {taskinstance.py:2613} INFO - Dependencies all met for dep_context=requeueable deps ti=<TaskInstance: fetch_and_store_amazon_books.create_table scheduled__2024-08-06T00:00:00+00:00 [queued]>
[2024-11-10T14:08:17.100+0000] {taskinstance.py:2866} INFO - Starting attempt 1 of 2
[2024-11-10T14:08:17.138+0000] {taskinstance.py:2889} INFO - Executing <Task(PostgresOperator): create_table> on 2024-08-06 00:00:00+00:00
[2024-11-10T14:08:17.190+0000] {warnings.py:112} WARNING - /home/***/.local/lib/python3.12/site-packages/***/task/task_runner/standard_task_runner.py:70: DeprecationWarning: This process (pid=4461) is multi-threaded, use of fork() may lead to deadlocks in the child.
  pid = os.fork()

[2024-11-10T14:08:17.194+0000] {standard_task_runner.py:72} INFO - Started process 4496 to run task
[2024-11-10T14:08:17.199+0000] {standard_task_runner.py:104} INFO - Running: ['***', 'tasks', 'run', 'fetch_and_store_amazon_books', 'create_table', 'scheduled__2024-08-06T00:00:00+00:00', '--job-id', '380', '--raw', '--subdir', 'DAGS_FOLDER/app.py', '--cfg-path', '/tmp/tmp4wwbpcud']
[2024-11-10T14:08:17.201+0000] {standard_task_runner.py:105} INFO - Job 380: Subtask create_table
[2024-11-10T14:08:17.340+0000] {task_command.py:467} INFO - Running <TaskInstance: fetch_and_store_amazon_books.create_table scheduled__2024-08-06T00:00:00+00:00 [running]> on host 0afc8c4a15bb
[2024-11-10T14:08:17.619+0000] {taskinstance.py:3132} INFO - Exporting env vars: AIRFLOW_CTX_DAG_OWNER='***' AIRFLOW_CTX_DAG_ID='fetch_and_store_amazon_books' AIRFLOW_CTX_TASK_ID='create_table' AIRFLOW_CTX_EXECUTION_DATE='2024-08-06T00:00:00+00:00' AIRFLOW_CTX_TRY_NUMBER='1' AIRFLOW_CTX_DAG_RUN_ID='scheduled__2024-08-06T00:00:00+00:00'
[2024-11-10T14:08:17.623+0000] {logging_mixin.py:190} INFO - Task instance is in running state
[2024-11-10T14:08:17.623+0000] {logging_mixin.py:190} INFO -  Previous state of the Task instance: queued
[2024-11-10T14:08:17.624+0000] {logging_mixin.py:190} INFO - Current task name:create_table state:running start_date:2024-11-10 14:08:17.076094+00:00
[2024-11-10T14:08:17.624+0000] {logging_mixin.py:190} INFO - Dag name:fetch_and_store_amazon_books and current dag run status:running
[2024-11-10T14:08:17.624+0000] {taskinstance.py:731} INFO - ::endgroup::
[2024-11-10T14:08:17.625+0000] {sql.py:278} INFO - Executing: 
    CREATE TABLE IF NOT EXISTS books (
        id SERIAL PRIMARY KEY,
        title TEXT NOT NULL,
        authors TEXT,
        price TEXT,
        rating TEXT
    );
    
[2024-11-10T14:08:17.652+0000] {base.py:84} INFO - Retrieving connection 'books_connection'
[2024-11-10T14:08:17.683+0000] {base.py:84} INFO - Retrieving connection 'books_connection'
[2024-11-10T14:08:17.698+0000] {sql.py:544} INFO - Running statement: 
    CREATE TABLE IF NOT EXISTS books (
        id SERIAL PRIMARY KEY,
        title TEXT NOT NULL,
        authors TEXT,
        price TEXT,
        rating TEXT
    );
    , parameters: None
[2024-11-10T14:08:17.744+0000] {taskinstance.py:340} INFO - ::group::Post task execution logs
[2024-11-10T14:08:17.745+0000] {taskinstance.py:352} INFO - Marking task as SUCCESS. dag_id=fetch_and_store_amazon_books, task_id=create_table, run_id=scheduled__2024-08-06T00:00:00+00:00, execution_date=20240806T000000, start_date=20241110T140817, end_date=20241110T140817
[2024-11-10T14:08:17.774+0000] {logging_mixin.py:190} INFO - Task instance in success state
[2024-11-10T14:08:17.775+0000] {logging_mixin.py:190} INFO -  Previous state of the Task instance: running
[2024-11-10T14:08:17.776+0000] {logging_mixin.py:190} INFO - Dag name:fetch_and_store_amazon_books queued_at:2024-11-10 14:08:03.053706+00:00
[2024-11-10T14:08:17.783+0000] {logging_mixin.py:190} INFO - Task hostname:0afc8c4a15bb operator:PostgresOperator
[2024-11-10T14:08:17.829+0000] {local_task_job_runner.py:266} INFO - Task exited with return code 0
[2024-11-10T14:08:17.886+0000] {taskinstance.py:3895} INFO - 1 downstream tasks scheduled from follow-on schedule check
[2024-11-10T14:08:17.891+0000] {local_task_job_runner.py:245} INFO - ::endgroup::
