[2024-11-10T11:30:54.074+0000] {local_task_job_runner.py:123} INFO - ::group::Pre task execution logs
[2024-11-10T11:30:54.153+0000] {taskinstance.py:2613} INFO - Dependencies all met for dep_context=non-requeueable deps ti=<TaskInstance: fetch_and_store_amazon_books.fetch_book_data scheduled__2024-06-20T00:00:00+00:00 [queued]>
[2024-11-10T11:30:54.216+0000] {taskinstance.py:2613} INFO - Dependencies all met for dep_context=requeueable deps ti=<TaskInstance: fetch_and_store_amazon_books.fetch_book_data scheduled__2024-06-20T00:00:00+00:00 [queued]>
[2024-11-10T11:30:54.218+0000] {taskinstance.py:2866} INFO - Starting attempt 1 of 2
[2024-11-10T11:30:54.310+0000] {taskinstance.py:2889} INFO - Executing <Task(PythonOperator): fetch_book_data> on 2024-06-20 00:00:00+00:00
[2024-11-10T11:30:54.369+0000] {warnings.py:112} WARNING - /home/***/.local/lib/python3.12/site-packages/***/task/task_runner/standard_task_runner.py:70: DeprecationWarning: This process (pid=1010) is multi-threaded, use of fork() may lead to deadlocks in the child.
  pid = os.fork()

[2024-11-10T11:30:54.374+0000] {standard_task_runner.py:72} INFO - Started process 1084 to run task
[2024-11-10T11:30:54.403+0000] {standard_task_runner.py:104} INFO - Running: ['***', 'tasks', 'run', 'fetch_and_store_amazon_books', 'fetch_book_data', 'scheduled__2024-06-20T00:00:00+00:00', '--job-id', '14', '--raw', '--subdir', 'DAGS_FOLDER/app.py', '--cfg-path', '/tmp/tmpp5nfe40i']
[2024-11-10T11:30:54.405+0000] {standard_task_runner.py:105} INFO - Job 14: Subtask fetch_book_data
[2024-11-10T11:30:54.847+0000] {task_command.py:467} INFO - Running <TaskInstance: fetch_and_store_amazon_books.fetch_book_data scheduled__2024-06-20T00:00:00+00:00 [running]> on host 0afc8c4a15bb
[2024-11-10T11:30:55.257+0000] {taskinstance.py:3132} INFO - Exporting env vars: AIRFLOW_CTX_DAG_OWNER='***' AIRFLOW_CTX_DAG_ID='fetch_and_store_amazon_books' AIRFLOW_CTX_TASK_ID='fetch_book_data' AIRFLOW_CTX_EXECUTION_DATE='2024-06-20T00:00:00+00:00' AIRFLOW_CTX_TRY_NUMBER='1' AIRFLOW_CTX_DAG_RUN_ID='scheduled__2024-06-20T00:00:00+00:00'
[2024-11-10T11:30:55.264+0000] {logging_mixin.py:190} INFO - Task instance is in running state
[2024-11-10T11:30:55.265+0000] {logging_mixin.py:190} INFO -  Previous state of the Task instance: queued
[2024-11-10T11:30:55.266+0000] {logging_mixin.py:190} INFO - Current task name:fetch_book_data state:running start_date:2024-11-10 11:30:54.158068+00:00
[2024-11-10T11:30:55.270+0000] {logging_mixin.py:190} INFO - Dag name:fetch_and_store_amazon_books and current dag run status:running
[2024-11-10T11:30:55.271+0000] {taskinstance.py:731} INFO - ::endgroup::
[2024-11-10T11:30:55.971+0000] {logging_mixin.py:190} INFO - Failed to retrieve the page
[2024-11-10T11:30:56.152+0000] {python.py:240} INFO - Done. Returned value was: None
[2024-11-10T11:30:56.188+0000] {taskinstance.py:340} INFO - ::group::Post task execution logs
[2024-11-10T11:30:56.188+0000] {taskinstance.py:352} INFO - Marking task as SUCCESS. dag_id=fetch_and_store_amazon_books, task_id=fetch_book_data, run_id=scheduled__2024-06-20T00:00:00+00:00, execution_date=20240620T000000, start_date=20241110T113054, end_date=20241110T113056
[2024-11-10T11:30:56.214+0000] {logging_mixin.py:190} INFO - Task instance in success state
[2024-11-10T11:30:56.214+0000] {logging_mixin.py:190} INFO -  Previous state of the Task instance: running
[2024-11-10T11:30:56.214+0000] {logging_mixin.py:190} INFO - Dag name:fetch_and_store_amazon_books queued_at:2024-11-10 11:30:15.596560+00:00
[2024-11-10T11:30:56.214+0000] {logging_mixin.py:190} INFO - Task hostname:0afc8c4a15bb operator:PythonOperator
[2024-11-10T11:30:56.293+0000] {local_task_job_runner.py:266} INFO - Task exited with return code 0
[2024-11-10T11:30:56.426+0000] {taskinstance.py:3895} INFO - 1 downstream tasks scheduled from follow-on schedule check
[2024-11-10T11:30:56.433+0000] {local_task_job_runner.py:245} INFO - ::endgroup::
[2024-11-10T14:06:05.298+0000] {local_task_job_runner.py:123} INFO - ::group::Pre task execution logs
[2024-11-10T14:06:05.448+0000] {taskinstance.py:2613} INFO - Dependencies all met for dep_context=non-requeueable deps ti=<TaskInstance: fetch_and_store_amazon_books.fetch_book_data scheduled__2024-06-20T00:00:00+00:00 [queued]>
[2024-11-10T14:06:05.491+0000] {taskinstance.py:2613} INFO - Dependencies all met for dep_context=requeueable deps ti=<TaskInstance: fetch_and_store_amazon_books.fetch_book_data scheduled__2024-06-20T00:00:00+00:00 [queued]>
[2024-11-10T14:06:05.492+0000] {taskinstance.py:2866} INFO - Starting attempt 1 of 2
[2024-11-10T14:06:05.565+0000] {taskinstance.py:2889} INFO - Executing <Task(PythonOperator): fetch_book_data> on 2024-06-20 00:00:00+00:00
[2024-11-10T14:06:05.600+0000] {warnings.py:112} WARNING - /home/***/.local/lib/python3.12/site-packages/***/task/task_runner/standard_task_runner.py:70: DeprecationWarning: This process (pid=3884) is multi-threaded, use of fork() may lead to deadlocks in the child.
  pid = os.fork()

[2024-11-10T14:06:05.608+0000] {standard_task_runner.py:72} INFO - Started process 3922 to run task
[2024-11-10T14:06:05.621+0000] {standard_task_runner.py:104} INFO - Running: ['***', 'tasks', 'run', 'fetch_and_store_amazon_books', 'fetch_book_data', 'scheduled__2024-06-20T00:00:00+00:00', '--job-id', '238', '--raw', '--subdir', 'DAGS_FOLDER/app.py', '--cfg-path', '/tmp/tmpzwn7b4z9']
[2024-11-10T14:06:05.638+0000] {standard_task_runner.py:105} INFO - Job 238: Subtask fetch_book_data
[2024-11-10T14:06:05.937+0000] {task_command.py:467} INFO - Running <TaskInstance: fetch_and_store_amazon_books.fetch_book_data scheduled__2024-06-20T00:00:00+00:00 [running]> on host 0afc8c4a15bb
[2024-11-10T14:06:06.415+0000] {taskinstance.py:3132} INFO - Exporting env vars: AIRFLOW_CTX_DAG_OWNER='***' AIRFLOW_CTX_DAG_ID='fetch_and_store_amazon_books' AIRFLOW_CTX_TASK_ID='fetch_book_data' AIRFLOW_CTX_EXECUTION_DATE='2024-06-20T00:00:00+00:00' AIRFLOW_CTX_TRY_NUMBER='1' AIRFLOW_CTX_DAG_RUN_ID='scheduled__2024-06-20T00:00:00+00:00'
[2024-11-10T14:06:06.419+0000] {logging_mixin.py:190} INFO - Task instance is in running state
[2024-11-10T14:06:06.421+0000] {logging_mixin.py:190} INFO -  Previous state of the Task instance: queued
[2024-11-10T14:06:06.421+0000] {logging_mixin.py:190} INFO - Current task name:fetch_book_data state:running start_date:2024-11-10 14:06:05.449174+00:00
[2024-11-10T14:06:06.422+0000] {logging_mixin.py:190} INFO - Dag name:fetch_and_store_amazon_books and current dag run status:running
[2024-11-10T14:06:06.423+0000] {taskinstance.py:731} INFO - ::endgroup::
[2024-11-10T14:06:12.303+0000] {python.py:240} INFO - Done. Returned value was: None
[2024-11-10T14:06:12.349+0000] {taskinstance.py:340} INFO - ::group::Post task execution logs
[2024-11-10T14:06:12.351+0000] {taskinstance.py:352} INFO - Marking task as SUCCESS. dag_id=fetch_and_store_amazon_books, task_id=fetch_book_data, run_id=scheduled__2024-06-20T00:00:00+00:00, execution_date=20240620T000000, start_date=20241110T140605, end_date=20241110T140612
[2024-11-10T14:06:12.447+0000] {logging_mixin.py:190} INFO - Task instance in success state
[2024-11-10T14:06:12.451+0000] {logging_mixin.py:190} INFO -  Previous state of the Task instance: running
[2024-11-10T14:06:12.451+0000] {logging_mixin.py:190} INFO - Dag name:fetch_and_store_amazon_books queued_at:2024-11-10 14:05:17.243038+00:00
[2024-11-10T14:06:12.452+0000] {logging_mixin.py:190} INFO - Task hostname:0afc8c4a15bb operator:PythonOperator
[2024-11-10T14:06:12.557+0000] {local_task_job_runner.py:266} INFO - Task exited with return code 0
[2024-11-10T14:06:12.733+0000] {taskinstance.py:3895} INFO - 1 downstream tasks scheduled from follow-on schedule check
[2024-11-10T14:06:12.739+0000] {local_task_job_runner.py:245} INFO - ::endgroup::
