[2024-11-10T11:37:18.472+0000] {local_task_job_runner.py:123} INFO - ::group::Pre task execution logs
[2024-11-10T11:37:18.523+0000] {taskinstance.py:2613} INFO - Dependencies all met for dep_context=non-requeueable deps ti=<TaskInstance: fetch_and_store_amazon_books.fetch_book_data scheduled__2024-07-14T00:00:00+00:00 [queued]>
[2024-11-10T11:37:18.543+0000] {taskinstance.py:2613} INFO - Dependencies all met for dep_context=requeueable deps ti=<TaskInstance: fetch_and_store_amazon_books.fetch_book_data scheduled__2024-07-14T00:00:00+00:00 [queued]>
[2024-11-10T11:37:18.544+0000] {taskinstance.py:2866} INFO - Starting attempt 1 of 2
[2024-11-10T11:37:18.578+0000] {taskinstance.py:2889} INFO - Executing <Task(PythonOperator): fetch_book_data> on 2024-07-14 00:00:00+00:00
[2024-11-10T11:37:18.614+0000] {warnings.py:112} WARNING - /home/***/.local/lib/python3.12/site-packages/***/task/task_runner/standard_task_runner.py:70: DeprecationWarning: This process (pid=1381) is multi-threaded, use of fork() may lead to deadlocks in the child.
  pid = os.fork()

[2024-11-10T11:37:18.619+0000] {standard_task_runner.py:72} INFO - Started process 1410 to run task
[2024-11-10T11:37:18.630+0000] {standard_task_runner.py:104} INFO - Running: ['***', 'tasks', 'run', 'fetch_and_store_amazon_books', 'fetch_book_data', 'scheduled__2024-07-14T00:00:00+00:00', '--job-id', '81', '--raw', '--subdir', 'DAGS_FOLDER/app.py', '--cfg-path', '/tmp/tmpal000is2']
[2024-11-10T11:37:18.642+0000] {standard_task_runner.py:105} INFO - Job 81: Subtask fetch_book_data
[2024-11-10T11:37:18.910+0000] {task_command.py:467} INFO - Running <TaskInstance: fetch_and_store_amazon_books.fetch_book_data scheduled__2024-07-14T00:00:00+00:00 [running]> on host 0afc8c4a15bb
[2024-11-10T11:37:19.131+0000] {taskinstance.py:3132} INFO - Exporting env vars: AIRFLOW_CTX_DAG_OWNER='***' AIRFLOW_CTX_DAG_ID='fetch_and_store_amazon_books' AIRFLOW_CTX_TASK_ID='fetch_book_data' AIRFLOW_CTX_EXECUTION_DATE='2024-07-14T00:00:00+00:00' AIRFLOW_CTX_TRY_NUMBER='1' AIRFLOW_CTX_DAG_RUN_ID='scheduled__2024-07-14T00:00:00+00:00'
[2024-11-10T11:37:19.137+0000] {logging_mixin.py:190} INFO - Task instance is in running state
[2024-11-10T11:37:19.140+0000] {logging_mixin.py:190} INFO -  Previous state of the Task instance: queued
[2024-11-10T11:37:19.140+0000] {logging_mixin.py:190} INFO - Current task name:fetch_book_data state:running start_date:2024-11-10 11:37:18.524683+00:00
[2024-11-10T11:37:19.141+0000] {logging_mixin.py:190} INFO - Dag name:fetch_and_store_amazon_books and current dag run status:running
[2024-11-10T11:37:19.141+0000] {taskinstance.py:731} INFO - ::endgroup::
[2024-11-10T11:37:20.428+0000] {logging_mixin.py:190} INFO - Failed to retrieve the page
[2024-11-10T11:37:20.464+0000] {python.py:240} INFO - Done. Returned value was: None
[2024-11-10T11:37:20.482+0000] {taskinstance.py:340} INFO - ::group::Post task execution logs
[2024-11-10T11:37:20.483+0000] {taskinstance.py:352} INFO - Marking task as SUCCESS. dag_id=fetch_and_store_amazon_books, task_id=fetch_book_data, run_id=scheduled__2024-07-14T00:00:00+00:00, execution_date=20240714T000000, start_date=20241110T113718, end_date=20241110T113720
[2024-11-10T11:37:22.052+0000] {logging_mixin.py:190} INFO - Task instance in success state
[2024-11-10T11:37:22.053+0000] {logging_mixin.py:190} INFO -  Previous state of the Task instance: running
[2024-11-10T11:37:22.053+0000] {logging_mixin.py:190} INFO - Dag name:fetch_and_store_amazon_books queued_at:2024-11-10 11:37:05.089866+00:00
[2024-11-10T11:37:22.053+0000] {logging_mixin.py:190} INFO - Task hostname:0afc8c4a15bb operator:PythonOperator
[2024-11-10T11:37:22.114+0000] {local_task_job_runner.py:266} INFO - Task exited with return code 0
[2024-11-10T11:37:22.167+0000] {taskinstance.py:3895} INFO - 1 downstream tasks scheduled from follow-on schedule check
[2024-11-10T11:37:22.171+0000] {local_task_job_runner.py:245} INFO - ::endgroup::
[2024-11-10T14:07:00.857+0000] {local_task_job_runner.py:123} INFO - ::group::Pre task execution logs
[2024-11-10T14:07:00.899+0000] {taskinstance.py:2613} INFO - Dependencies all met for dep_context=non-requeueable deps ti=<TaskInstance: fetch_and_store_amazon_books.fetch_book_data scheduled__2024-07-14T00:00:00+00:00 [queued]>
[2024-11-10T14:07:00.924+0000] {taskinstance.py:2613} INFO - Dependencies all met for dep_context=requeueable deps ti=<TaskInstance: fetch_and_store_amazon_books.fetch_book_data scheduled__2024-07-14T00:00:00+00:00 [queued]>
[2024-11-10T14:07:00.924+0000] {taskinstance.py:2866} INFO - Starting attempt 1 of 2
[2024-11-10T14:07:00.954+0000] {taskinstance.py:2889} INFO - Executing <Task(PythonOperator): fetch_book_data> on 2024-07-14 00:00:00+00:00
[2024-11-10T14:07:00.978+0000] {warnings.py:112} WARNING - /home/***/.local/lib/python3.12/site-packages/***/task/task_runner/standard_task_runner.py:70: DeprecationWarning: This process (pid=4106) is multi-threaded, use of fork() may lead to deadlocks in the child.
  pid = os.fork()

[2024-11-10T14:07:00.982+0000] {standard_task_runner.py:72} INFO - Started process 4135 to run task
[2024-11-10T14:07:00.983+0000] {standard_task_runner.py:104} INFO - Running: ['***', 'tasks', 'run', 'fetch_and_store_amazon_books', 'fetch_book_data', 'scheduled__2024-07-14T00:00:00+00:00', '--job-id', '295', '--raw', '--subdir', 'DAGS_FOLDER/app.py', '--cfg-path', '/tmp/tmpiol055d5']
[2024-11-10T14:07:00.986+0000] {standard_task_runner.py:105} INFO - Job 295: Subtask fetch_book_data
[2024-11-10T14:07:01.103+0000] {task_command.py:467} INFO - Running <TaskInstance: fetch_and_store_amazon_books.fetch_book_data scheduled__2024-07-14T00:00:00+00:00 [running]> on host 0afc8c4a15bb
[2024-11-10T14:07:01.291+0000] {taskinstance.py:3132} INFO - Exporting env vars: AIRFLOW_CTX_DAG_OWNER='***' AIRFLOW_CTX_DAG_ID='fetch_and_store_amazon_books' AIRFLOW_CTX_TASK_ID='fetch_book_data' AIRFLOW_CTX_EXECUTION_DATE='2024-07-14T00:00:00+00:00' AIRFLOW_CTX_TRY_NUMBER='1' AIRFLOW_CTX_DAG_RUN_ID='scheduled__2024-07-14T00:00:00+00:00'
[2024-11-10T14:07:01.294+0000] {logging_mixin.py:190} INFO - Task instance is in running state
[2024-11-10T14:07:01.294+0000] {logging_mixin.py:190} INFO -  Previous state of the Task instance: queued
[2024-11-10T14:07:01.295+0000] {logging_mixin.py:190} INFO - Current task name:fetch_book_data state:running start_date:2024-11-10 14:07:00.900929+00:00
[2024-11-10T14:07:01.295+0000] {logging_mixin.py:190} INFO - Dag name:fetch_and_store_amazon_books and current dag run status:running
[2024-11-10T14:07:01.296+0000] {taskinstance.py:731} INFO - ::endgroup::
[2024-11-10T14:07:03.844+0000] {python.py:240} INFO - Done. Returned value was: None
[2024-11-10T14:07:03.886+0000] {taskinstance.py:340} INFO - ::group::Post task execution logs
[2024-11-10T14:07:03.888+0000] {taskinstance.py:352} INFO - Marking task as SUCCESS. dag_id=fetch_and_store_amazon_books, task_id=fetch_book_data, run_id=scheduled__2024-07-14T00:00:00+00:00, execution_date=20240714T000000, start_date=20241110T140700, end_date=20241110T140703
[2024-11-10T14:07:03.940+0000] {logging_mixin.py:190} INFO - Task instance in success state
[2024-11-10T14:07:03.941+0000] {logging_mixin.py:190} INFO -  Previous state of the Task instance: running
[2024-11-10T14:07:03.942+0000] {logging_mixin.py:190} INFO - Dag name:fetch_and_store_amazon_books queued_at:2024-11-10 14:06:51.118242+00:00
[2024-11-10T14:07:03.942+0000] {logging_mixin.py:190} INFO - Task hostname:0afc8c4a15bb operator:PythonOperator
[2024-11-10T14:07:03.985+0000] {local_task_job_runner.py:266} INFO - Task exited with return code 0
[2024-11-10T14:07:04.062+0000] {taskinstance.py:3895} INFO - 1 downstream tasks scheduled from follow-on schedule check
[2024-11-10T14:07:04.068+0000] {local_task_job_runner.py:245} INFO - ::endgroup::
