[2024-11-10T11:31:10.701+0000] {local_task_job_runner.py:123} INFO - ::group::Pre task execution logs
[2024-11-10T11:31:10.788+0000] {taskinstance.py:2613} INFO - Dependencies all met for dep_context=non-requeueable deps ti=<TaskInstance: fetch_and_store_amazon_books.create_table scheduled__2024-06-29T00:00:00+00:00 [queued]>
[2024-11-10T11:31:10.835+0000] {taskinstance.py:2613} INFO - Dependencies all met for dep_context=requeueable deps ti=<TaskInstance: fetch_and_store_amazon_books.create_table scheduled__2024-06-29T00:00:00+00:00 [queued]>
[2024-11-10T11:31:10.837+0000] {taskinstance.py:2866} INFO - Starting attempt 1 of 2
[2024-11-10T11:31:10.880+0000] {taskinstance.py:2889} INFO - Executing <Task(PostgresOperator): create_table> on 2024-06-29 00:00:00+00:00
[2024-11-10T11:31:10.914+0000] {warnings.py:112} WARNING - /home/***/.local/lib/python3.12/site-packages/***/task/task_runner/standard_task_runner.py:70: DeprecationWarning: This process (pid=1066) is multi-threaded, use of fork() may lead to deadlocks in the child.
  pid = os.fork()

[2024-11-10T11:31:10.934+0000] {standard_task_runner.py:72} INFO - Started process 1118 to run task
[2024-11-10T11:31:10.934+0000] {standard_task_runner.py:104} INFO - Running: ['***', 'tasks', 'run', 'fetch_and_store_amazon_books', 'create_table', 'scheduled__2024-06-29T00:00:00+00:00', '--job-id', '24', '--raw', '--subdir', 'DAGS_FOLDER/app.py', '--cfg-path', '/tmp/tmp16044o40']
[2024-11-10T11:31:10.935+0000] {standard_task_runner.py:105} INFO - Job 24: Subtask create_table
[2024-11-10T11:31:11.153+0000] {task_command.py:467} INFO - Running <TaskInstance: fetch_and_store_amazon_books.create_table scheduled__2024-06-29T00:00:00+00:00 [running]> on host 0afc8c4a15bb
[2024-11-10T11:31:11.600+0000] {taskinstance.py:3132} INFO - Exporting env vars: AIRFLOW_CTX_DAG_OWNER='***' AIRFLOW_CTX_DAG_ID='fetch_and_store_amazon_books' AIRFLOW_CTX_TASK_ID='create_table' AIRFLOW_CTX_EXECUTION_DATE='2024-06-29T00:00:00+00:00' AIRFLOW_CTX_TRY_NUMBER='1' AIRFLOW_CTX_DAG_RUN_ID='scheduled__2024-06-29T00:00:00+00:00'
[2024-11-10T11:31:11.607+0000] {logging_mixin.py:190} INFO - Task instance is in running state
[2024-11-10T11:31:11.608+0000] {logging_mixin.py:190} INFO -  Previous state of the Task instance: queued
[2024-11-10T11:31:11.609+0000] {logging_mixin.py:190} INFO - Current task name:create_table state:running start_date:2024-11-10 11:31:10.788926+00:00
[2024-11-10T11:31:11.611+0000] {logging_mixin.py:190} INFO - Dag name:fetch_and_store_amazon_books and current dag run status:running
[2024-11-10T11:31:11.611+0000] {taskinstance.py:731} INFO - ::endgroup::
[2024-11-10T11:31:11.612+0000] {sql.py:278} INFO - Executing: 
    CREATE TABLE IF NOT EXISTS books (
        id SERIAL PRIMARY KEY,
        title TEXT NOT NULL,
        authors TEXT,
        price TEXT,
        rating TEXT
    );
    
[2024-11-10T11:31:11.653+0000] {base.py:84} INFO - Retrieving connection 'books_connection'
[2024-11-10T11:31:11.705+0000] {base.py:84} INFO - Retrieving connection 'books_connection'
[2024-11-10T11:31:11.738+0000] {sql.py:544} INFO - Running statement: 
    CREATE TABLE IF NOT EXISTS books (
        id SERIAL PRIMARY KEY,
        title TEXT NOT NULL,
        authors TEXT,
        price TEXT,
        rating TEXT
    );
    , parameters: None
[2024-11-10T11:31:11.787+0000] {taskinstance.py:340} INFO - ::group::Post task execution logs
[2024-11-10T11:31:11.788+0000] {taskinstance.py:352} INFO - Marking task as SUCCESS. dag_id=fetch_and_store_amazon_books, task_id=create_table, run_id=scheduled__2024-06-29T00:00:00+00:00, execution_date=20240629T000000, start_date=20241110T113110, end_date=20241110T113111
[2024-11-10T11:31:11.835+0000] {logging_mixin.py:190} INFO - Task instance in success state
[2024-11-10T11:31:11.835+0000] {logging_mixin.py:190} INFO -  Previous state of the Task instance: running
[2024-11-10T11:31:11.836+0000] {logging_mixin.py:190} INFO - Dag name:fetch_and_store_amazon_books queued_at:2024-11-10 11:30:18.071520+00:00
[2024-11-10T11:31:11.837+0000] {logging_mixin.py:190} INFO - Task hostname:0afc8c4a15bb operator:PostgresOperator
[2024-11-10T11:31:11.913+0000] {local_task_job_runner.py:266} INFO - Task exited with return code 0
[2024-11-10T11:31:11.970+0000] {local_task_job_runner.py:245} INFO - ::endgroup::
[2024-11-10T14:06:23.735+0000] {local_task_job_runner.py:123} INFO - ::group::Pre task execution logs
[2024-11-10T14:06:23.816+0000] {taskinstance.py:2613} INFO - Dependencies all met for dep_context=non-requeueable deps ti=<TaskInstance: fetch_and_store_amazon_books.create_table scheduled__2024-06-29T00:00:00+00:00 [queued]>
[2024-11-10T14:06:23.851+0000] {taskinstance.py:2613} INFO - Dependencies all met for dep_context=requeueable deps ti=<TaskInstance: fetch_and_store_amazon_books.create_table scheduled__2024-06-29T00:00:00+00:00 [queued]>
[2024-11-10T14:06:23.852+0000] {taskinstance.py:2866} INFO - Starting attempt 1 of 2
[2024-11-10T14:06:23.925+0000] {taskinstance.py:2889} INFO - Executing <Task(PostgresOperator): create_table> on 2024-06-29 00:00:00+00:00
[2024-11-10T14:06:23.968+0000] {warnings.py:112} WARNING - /home/***/.local/lib/python3.12/site-packages/***/task/task_runner/standard_task_runner.py:70: DeprecationWarning: This process (pid=3965) is multi-threaded, use of fork() may lead to deadlocks in the child.
  pid = os.fork()

[2024-11-10T14:06:23.975+0000] {standard_task_runner.py:72} INFO - Started process 4005 to run task
[2024-11-10T14:06:23.986+0000] {standard_task_runner.py:104} INFO - Running: ['***', 'tasks', 'run', 'fetch_and_store_amazon_books', 'create_table', 'scheduled__2024-06-29T00:00:00+00:00', '--job-id', '264', '--raw', '--subdir', 'DAGS_FOLDER/app.py', '--cfg-path', '/tmp/tmpiwmu6yqg']
[2024-11-10T14:06:23.994+0000] {standard_task_runner.py:105} INFO - Job 264: Subtask create_table
[2024-11-10T14:06:24.249+0000] {task_command.py:467} INFO - Running <TaskInstance: fetch_and_store_amazon_books.create_table scheduled__2024-06-29T00:00:00+00:00 [running]> on host 0afc8c4a15bb
[2024-11-10T14:06:24.500+0000] {taskinstance.py:3132} INFO - Exporting env vars: AIRFLOW_CTX_DAG_OWNER='***' AIRFLOW_CTX_DAG_ID='fetch_and_store_amazon_books' AIRFLOW_CTX_TASK_ID='create_table' AIRFLOW_CTX_EXECUTION_DATE='2024-06-29T00:00:00+00:00' AIRFLOW_CTX_TRY_NUMBER='1' AIRFLOW_CTX_DAG_RUN_ID='scheduled__2024-06-29T00:00:00+00:00'
[2024-11-10T14:06:24.504+0000] {logging_mixin.py:190} INFO - Task instance is in running state
[2024-11-10T14:06:24.505+0000] {logging_mixin.py:190} INFO -  Previous state of the Task instance: queued
[2024-11-10T14:06:24.506+0000] {logging_mixin.py:190} INFO - Current task name:create_table state:running start_date:2024-11-10 14:06:23.817370+00:00
[2024-11-10T14:06:24.506+0000] {logging_mixin.py:190} INFO - Dag name:fetch_and_store_amazon_books and current dag run status:running
[2024-11-10T14:06:24.506+0000] {taskinstance.py:731} INFO - ::endgroup::
[2024-11-10T14:06:24.507+0000] {sql.py:278} INFO - Executing: 
    CREATE TABLE IF NOT EXISTS books (
        id SERIAL PRIMARY KEY,
        title TEXT NOT NULL,
        authors TEXT,
        price TEXT,
        rating TEXT
    );
    
[2024-11-10T14:06:24.526+0000] {base.py:84} INFO - Retrieving connection 'books_connection'
[2024-11-10T14:06:24.544+0000] {base.py:84} INFO - Retrieving connection 'books_connection'
[2024-11-10T14:06:24.554+0000] {sql.py:544} INFO - Running statement: 
    CREATE TABLE IF NOT EXISTS books (
        id SERIAL PRIMARY KEY,
        title TEXT NOT NULL,
        authors TEXT,
        price TEXT,
        rating TEXT
    );
    , parameters: None
[2024-11-10T14:06:24.575+0000] {taskinstance.py:340} INFO - ::group::Post task execution logs
[2024-11-10T14:06:24.576+0000] {taskinstance.py:352} INFO - Marking task as SUCCESS. dag_id=fetch_and_store_amazon_books, task_id=create_table, run_id=scheduled__2024-06-29T00:00:00+00:00, execution_date=20240629T000000, start_date=20241110T140623, end_date=20241110T140624
[2024-11-10T14:06:24.595+0000] {logging_mixin.py:190} INFO - Task instance in success state
[2024-11-10T14:06:24.596+0000] {logging_mixin.py:190} INFO -  Previous state of the Task instance: running
[2024-11-10T14:06:24.597+0000] {logging_mixin.py:190} INFO - Dag name:fetch_and_store_amazon_books queued_at:2024-11-10 14:05:20.248643+00:00
[2024-11-10T14:06:24.597+0000] {logging_mixin.py:190} INFO - Task hostname:0afc8c4a15bb operator:PostgresOperator
[2024-11-10T14:06:24.657+0000] {local_task_job_runner.py:266} INFO - Task exited with return code 0
[2024-11-10T14:06:24.694+0000] {taskinstance.py:3895} INFO - 1 downstream tasks scheduled from follow-on schedule check
[2024-11-10T14:06:24.700+0000] {local_task_job_runner.py:245} INFO - ::endgroup::
