[2024-11-10T11:37:16.600+0000] {local_task_job_runner.py:123} INFO - ::group::Pre task execution logs
[2024-11-10T11:37:16.663+0000] {taskinstance.py:2613} INFO - Dependencies all met for dep_context=non-requeueable deps ti=<TaskInstance: fetch_and_store_amazon_books.fetch_book_data scheduled__2024-07-09T00:00:00+00:00 [queued]>
[2024-11-10T11:37:16.690+0000] {taskinstance.py:2613} INFO - Dependencies all met for dep_context=requeueable deps ti=<TaskInstance: fetch_and_store_amazon_books.fetch_book_data scheduled__2024-07-09T00:00:00+00:00 [queued]>
[2024-11-10T11:37:16.691+0000] {taskinstance.py:2866} INFO - Starting attempt 1 of 2
[2024-11-10T11:37:16.726+0000] {taskinstance.py:2889} INFO - Executing <Task(PythonOperator): fetch_book_data> on 2024-07-09 00:00:00+00:00
[2024-11-10T11:37:16.762+0000] {warnings.py:112} WARNING - /home/***/.local/lib/python3.12/site-packages/***/task/task_runner/standard_task_runner.py:70: DeprecationWarning: This process (pid=1370) is multi-threaded, use of fork() may lead to deadlocks in the child.
  pid = os.fork()

[2024-11-10T11:37:16.766+0000] {standard_task_runner.py:72} INFO - Started process 1400 to run task
[2024-11-10T11:37:16.776+0000] {standard_task_runner.py:104} INFO - Running: ['***', 'tasks', 'run', 'fetch_and_store_amazon_books', 'fetch_book_data', 'scheduled__2024-07-09T00:00:00+00:00', '--job-id', '77', '--raw', '--subdir', 'DAGS_FOLDER/app.py', '--cfg-path', '/tmp/tmpl7nk_sjq']
[2024-11-10T11:37:16.778+0000] {standard_task_runner.py:105} INFO - Job 77: Subtask fetch_book_data
[2024-11-10T11:37:16.984+0000] {task_command.py:467} INFO - Running <TaskInstance: fetch_and_store_amazon_books.fetch_book_data scheduled__2024-07-09T00:00:00+00:00 [running]> on host 0afc8c4a15bb
[2024-11-10T11:37:17.232+0000] {taskinstance.py:3132} INFO - Exporting env vars: AIRFLOW_CTX_DAG_OWNER='***' AIRFLOW_CTX_DAG_ID='fetch_and_store_amazon_books' AIRFLOW_CTX_TASK_ID='fetch_book_data' AIRFLOW_CTX_EXECUTION_DATE='2024-07-09T00:00:00+00:00' AIRFLOW_CTX_TRY_NUMBER='1' AIRFLOW_CTX_DAG_RUN_ID='scheduled__2024-07-09T00:00:00+00:00'
[2024-11-10T11:37:17.235+0000] {logging_mixin.py:190} INFO - Task instance is in running state
[2024-11-10T11:37:17.235+0000] {logging_mixin.py:190} INFO -  Previous state of the Task instance: queued
[2024-11-10T11:37:17.235+0000] {logging_mixin.py:190} INFO - Current task name:fetch_book_data state:running start_date:2024-11-10 11:37:16.664637+00:00
[2024-11-10T11:37:17.236+0000] {logging_mixin.py:190} INFO - Dag name:fetch_and_store_amazon_books and current dag run status:running
[2024-11-10T11:37:17.236+0000] {taskinstance.py:731} INFO - ::endgroup::
[2024-11-10T11:37:18.618+0000] {logging_mixin.py:190} INFO - Failed to retrieve the page
[2024-11-10T11:37:18.718+0000] {python.py:240} INFO - Done. Returned value was: None
[2024-11-10T11:37:18.777+0000] {taskinstance.py:340} INFO - ::group::Post task execution logs
[2024-11-10T11:37:18.778+0000] {taskinstance.py:352} INFO - Marking task as SUCCESS. dag_id=fetch_and_store_amazon_books, task_id=fetch_book_data, run_id=scheduled__2024-07-09T00:00:00+00:00, execution_date=20240709T000000, start_date=20241110T113716, end_date=20241110T113718
[2024-11-10T11:37:18.812+0000] {logging_mixin.py:190} INFO - Task instance in success state
[2024-11-10T11:37:18.813+0000] {logging_mixin.py:190} INFO -  Previous state of the Task instance: running
[2024-11-10T11:37:18.813+0000] {logging_mixin.py:190} INFO - Dag name:fetch_and_store_amazon_books queued_at:2024-11-10 11:37:03.732286+00:00
[2024-11-10T11:37:18.814+0000] {logging_mixin.py:190} INFO - Task hostname:0afc8c4a15bb operator:PythonOperator
[2024-11-10T11:37:18.880+0000] {local_task_job_runner.py:266} INFO - Task exited with return code 0
[2024-11-10T11:37:18.928+0000] {local_task_job_runner.py:245} INFO - ::endgroup::
[2024-11-10T14:06:58.960+0000] {local_task_job_runner.py:123} INFO - ::group::Pre task execution logs
[2024-11-10T14:06:59.034+0000] {taskinstance.py:2613} INFO - Dependencies all met for dep_context=non-requeueable deps ti=<TaskInstance: fetch_and_store_amazon_books.fetch_book_data scheduled__2024-07-09T00:00:00+00:00 [queued]>
[2024-11-10T14:06:59.123+0000] {taskinstance.py:2613} INFO - Dependencies all met for dep_context=requeueable deps ti=<TaskInstance: fetch_and_store_amazon_books.fetch_book_data scheduled__2024-07-09T00:00:00+00:00 [queued]>
[2024-11-10T14:06:59.124+0000] {taskinstance.py:2866} INFO - Starting attempt 1 of 2
[2024-11-10T14:06:59.183+0000] {taskinstance.py:2889} INFO - Executing <Task(PythonOperator): fetch_book_data> on 2024-07-09 00:00:00+00:00
[2024-11-10T14:06:59.234+0000] {warnings.py:112} WARNING - /home/***/.local/lib/python3.12/site-packages/***/task/task_runner/standard_task_runner.py:70: DeprecationWarning: This process (pid=4095) is multi-threaded, use of fork() may lead to deadlocks in the child.
  pid = os.fork()

[2024-11-10T14:06:59.237+0000] {standard_task_runner.py:72} INFO - Started process 4123 to run task
[2024-11-10T14:06:59.223+0000] {standard_task_runner.py:104} INFO - Running: ['***', 'tasks', 'run', 'fetch_and_store_amazon_books', 'fetch_book_data', 'scheduled__2024-07-09T00:00:00+00:00', '--job-id', '289', '--raw', '--subdir', 'DAGS_FOLDER/app.py', '--cfg-path', '/tmp/tmpa13py8f6']
[2024-11-10T14:06:59.238+0000] {standard_task_runner.py:105} INFO - Job 289: Subtask fetch_book_data
[2024-11-10T14:06:59.435+0000] {task_command.py:467} INFO - Running <TaskInstance: fetch_and_store_amazon_books.fetch_book_data scheduled__2024-07-09T00:00:00+00:00 [running]> on host 0afc8c4a15bb
[2024-11-10T14:06:59.994+0000] {taskinstance.py:3132} INFO - Exporting env vars: AIRFLOW_CTX_DAG_OWNER='***' AIRFLOW_CTX_DAG_ID='fetch_and_store_amazon_books' AIRFLOW_CTX_TASK_ID='fetch_book_data' AIRFLOW_CTX_EXECUTION_DATE='2024-07-09T00:00:00+00:00' AIRFLOW_CTX_TRY_NUMBER='1' AIRFLOW_CTX_DAG_RUN_ID='scheduled__2024-07-09T00:00:00+00:00'
[2024-11-10T14:07:00.009+0000] {logging_mixin.py:190} INFO - Task instance is in running state
[2024-11-10T14:07:00.010+0000] {logging_mixin.py:190} INFO -  Previous state of the Task instance: queued
[2024-11-10T14:07:00.010+0000] {logging_mixin.py:190} INFO - Current task name:fetch_book_data state:running start_date:2024-11-10 14:06:59.037796+00:00
[2024-11-10T14:07:00.011+0000] {logging_mixin.py:190} INFO - Dag name:fetch_and_store_amazon_books and current dag run status:running
[2024-11-10T14:07:00.014+0000] {taskinstance.py:731} INFO - ::endgroup::
[2024-11-10T14:07:02.381+0000] {python.py:240} INFO - Done. Returned value was: None
[2024-11-10T14:07:02.396+0000] {taskinstance.py:340} INFO - ::group::Post task execution logs
[2024-11-10T14:07:02.398+0000] {taskinstance.py:352} INFO - Marking task as SUCCESS. dag_id=fetch_and_store_amazon_books, task_id=fetch_book_data, run_id=scheduled__2024-07-09T00:00:00+00:00, execution_date=20240709T000000, start_date=20241110T140659, end_date=20241110T140702
[2024-11-10T14:07:02.423+0000] {logging_mixin.py:190} INFO - Task instance in success state
[2024-11-10T14:07:02.423+0000] {logging_mixin.py:190} INFO -  Previous state of the Task instance: running
[2024-11-10T14:07:02.423+0000] {logging_mixin.py:190} INFO - Dag name:fetch_and_store_amazon_books queued_at:2024-11-10 14:06:49.634838+00:00
[2024-11-10T14:07:02.424+0000] {logging_mixin.py:190} INFO - Task hostname:0afc8c4a15bb operator:PythonOperator
[2024-11-10T14:07:02.449+0000] {local_task_job_runner.py:266} INFO - Task exited with return code 0
[2024-11-10T14:07:02.489+0000] {taskinstance.py:3895} INFO - 1 downstream tasks scheduled from follow-on schedule check
[2024-11-10T14:07:02.494+0000] {local_task_job_runner.py:245} INFO - ::endgroup::
