[2024-11-10T11:49:10.982+0000] {local_task_job_runner.py:123} INFO - ::group::Pre task execution logs
[2024-11-10T11:49:11.027+0000] {taskinstance.py:2613} INFO - Dependencies all met for dep_context=non-requeueable deps ti=<TaskInstance: fetch_and_store_amazon_books.create_table scheduled__2024-08-16T00:00:00+00:00 [queued]>
[2024-11-10T11:49:11.049+0000] {taskinstance.py:2613} INFO - Dependencies all met for dep_context=requeueable deps ti=<TaskInstance: fetch_and_store_amazon_books.create_table scheduled__2024-08-16T00:00:00+00:00 [queued]>
[2024-11-10T11:49:11.050+0000] {taskinstance.py:2866} INFO - Starting attempt 1 of 2
[2024-11-10T11:49:11.071+0000] {taskinstance.py:2889} INFO - Executing <Task(PostgresOperator): create_table> on 2024-08-16 00:00:00+00:00
[2024-11-10T11:49:11.097+0000] {warnings.py:112} WARNING - /home/***/.local/lib/python3.12/site-packages/***/task/task_runner/standard_task_runner.py:70: DeprecationWarning: This process (pid=2114) is multi-threaded, use of fork() may lead to deadlocks in the child.
  pid = os.fork()

[2024-11-10T11:49:11.101+0000] {standard_task_runner.py:72} INFO - Started process 2136 to run task
[2024-11-10T11:49:11.103+0000] {standard_task_runner.py:104} INFO - Running: ['***', 'tasks', 'run', 'fetch_and_store_amazon_books', 'create_table', 'scheduled__2024-08-16T00:00:00+00:00', '--job-id', '229', '--raw', '--subdir', 'DAGS_FOLDER/app.py', '--cfg-path', '/tmp/tmpf4wfovc6']
[2024-11-10T11:49:11.105+0000] {standard_task_runner.py:105} INFO - Job 229: Subtask create_table
[2024-11-10T11:49:11.203+0000] {task_command.py:467} INFO - Running <TaskInstance: fetch_and_store_amazon_books.create_table scheduled__2024-08-16T00:00:00+00:00 [running]> on host 0afc8c4a15bb
[2024-11-10T11:49:11.398+0000] {taskinstance.py:3132} INFO - Exporting env vars: AIRFLOW_CTX_DAG_OWNER='***' AIRFLOW_CTX_DAG_ID='fetch_and_store_amazon_books' AIRFLOW_CTX_TASK_ID='create_table' AIRFLOW_CTX_EXECUTION_DATE='2024-08-16T00:00:00+00:00' AIRFLOW_CTX_TRY_NUMBER='1' AIRFLOW_CTX_DAG_RUN_ID='scheduled__2024-08-16T00:00:00+00:00'
[2024-11-10T11:49:11.403+0000] {logging_mixin.py:190} INFO - Task instance is in running state
[2024-11-10T11:49:11.404+0000] {logging_mixin.py:190} INFO -  Previous state of the Task instance: queued
[2024-11-10T11:49:11.405+0000] {logging_mixin.py:190} INFO - Current task name:create_table state:running start_date:2024-11-10 11:49:11.028368+00:00
[2024-11-10T11:49:11.406+0000] {logging_mixin.py:190} INFO - Dag name:fetch_and_store_amazon_books and current dag run status:running
[2024-11-10T11:49:11.407+0000] {taskinstance.py:731} INFO - ::endgroup::
[2024-11-10T11:49:11.409+0000] {sql.py:278} INFO - Executing: 
    CREATE TABLE IF NOT EXISTS books (
        id SERIAL PRIMARY KEY,
        title TEXT NOT NULL,
        authors TEXT,
        price TEXT,
        rating TEXT
    );
    
[2024-11-10T11:49:11.434+0000] {base.py:84} INFO - Retrieving connection 'books_connection'
[2024-11-10T11:49:11.470+0000] {base.py:84} INFO - Retrieving connection 'books_connection'
[2024-11-10T11:49:11.488+0000] {sql.py:544} INFO - Running statement: 
    CREATE TABLE IF NOT EXISTS books (
        id SERIAL PRIMARY KEY,
        title TEXT NOT NULL,
        authors TEXT,
        price TEXT,
        rating TEXT
    );
    , parameters: None
[2024-11-10T11:49:11.523+0000] {taskinstance.py:340} INFO - ::group::Post task execution logs
[2024-11-10T11:49:11.524+0000] {taskinstance.py:352} INFO - Marking task as SUCCESS. dag_id=fetch_and_store_amazon_books, task_id=create_table, run_id=scheduled__2024-08-16T00:00:00+00:00, execution_date=20240816T000000, start_date=20241110T114911, end_date=20241110T114911
[2024-11-10T11:49:11.544+0000] {logging_mixin.py:190} INFO - Task instance in success state
[2024-11-10T11:49:11.549+0000] {logging_mixin.py:190} INFO -  Previous state of the Task instance: running
[2024-11-10T11:49:11.551+0000] {logging_mixin.py:190} INFO - Dag name:fetch_and_store_amazon_books queued_at:2024-11-10 11:48:56.932031+00:00
[2024-11-10T11:49:11.552+0000] {logging_mixin.py:190} INFO - Task hostname:0afc8c4a15bb operator:PostgresOperator
[2024-11-10T11:49:11.605+0000] {local_task_job_runner.py:266} INFO - Task exited with return code 0
[2024-11-10T11:49:11.628+0000] {local_task_job_runner.py:245} INFO - ::endgroup::
[2024-11-10T14:08:42.474+0000] {local_task_job_runner.py:123} INFO - ::group::Pre task execution logs
[2024-11-10T14:08:42.515+0000] {taskinstance.py:2613} INFO - Dependencies all met for dep_context=non-requeueable deps ti=<TaskInstance: fetch_and_store_amazon_books.create_table scheduled__2024-08-16T00:00:00+00:00 [queued]>
[2024-11-10T14:08:42.535+0000] {taskinstance.py:2613} INFO - Dependencies all met for dep_context=requeueable deps ti=<TaskInstance: fetch_and_store_amazon_books.create_table scheduled__2024-08-16T00:00:00+00:00 [queued]>
[2024-11-10T14:08:42.535+0000] {taskinstance.py:2866} INFO - Starting attempt 1 of 2
[2024-11-10T14:08:42.565+0000] {taskinstance.py:2889} INFO - Executing <Task(PostgresOperator): create_table> on 2024-08-16 00:00:00+00:00
[2024-11-10T14:08:42.589+0000] {warnings.py:112} WARNING - /home/***/.local/lib/python3.12/site-packages/***/task/task_runner/standard_task_runner.py:70: DeprecationWarning: This process (pid=4593) is multi-threaded, use of fork() may lead to deadlocks in the child.
  pid = os.fork()

[2024-11-10T14:08:42.592+0000] {standard_task_runner.py:72} INFO - Started process 4625 to run task
[2024-11-10T14:08:42.594+0000] {standard_task_runner.py:104} INFO - Running: ['***', 'tasks', 'run', 'fetch_and_store_amazon_books', 'create_table', 'scheduled__2024-08-16T00:00:00+00:00', '--job-id', '411', '--raw', '--subdir', 'DAGS_FOLDER/app.py', '--cfg-path', '/tmp/tmp052kb0ru']
[2024-11-10T14:08:42.596+0000] {standard_task_runner.py:105} INFO - Job 411: Subtask create_table
[2024-11-10T14:08:42.713+0000] {task_command.py:467} INFO - Running <TaskInstance: fetch_and_store_amazon_books.create_table scheduled__2024-08-16T00:00:00+00:00 [running]> on host 0afc8c4a15bb
[2024-11-10T14:08:42.958+0000] {taskinstance.py:3132} INFO - Exporting env vars: AIRFLOW_CTX_DAG_OWNER='***' AIRFLOW_CTX_DAG_ID='fetch_and_store_amazon_books' AIRFLOW_CTX_TASK_ID='create_table' AIRFLOW_CTX_EXECUTION_DATE='2024-08-16T00:00:00+00:00' AIRFLOW_CTX_TRY_NUMBER='1' AIRFLOW_CTX_DAG_RUN_ID='scheduled__2024-08-16T00:00:00+00:00'
[2024-11-10T14:08:42.963+0000] {logging_mixin.py:190} INFO - Task instance is in running state
[2024-11-10T14:08:42.964+0000] {logging_mixin.py:190} INFO -  Previous state of the Task instance: queued
[2024-11-10T14:08:42.964+0000] {logging_mixin.py:190} INFO - Current task name:create_table state:running start_date:2024-11-10 14:08:42.515574+00:00
[2024-11-10T14:08:42.965+0000] {logging_mixin.py:190} INFO - Dag name:fetch_and_store_amazon_books and current dag run status:running
[2024-11-10T14:08:42.965+0000] {taskinstance.py:731} INFO - ::endgroup::
[2024-11-10T14:08:42.966+0000] {sql.py:278} INFO - Executing: 
    CREATE TABLE IF NOT EXISTS books (
        id SERIAL PRIMARY KEY,
        title TEXT NOT NULL,
        authors TEXT,
        price TEXT,
        rating TEXT
    );
    
[2024-11-10T14:08:42.990+0000] {base.py:84} INFO - Retrieving connection 'books_connection'
[2024-11-10T14:08:43.016+0000] {base.py:84} INFO - Retrieving connection 'books_connection'
[2024-11-10T14:08:43.030+0000] {sql.py:544} INFO - Running statement: 
    CREATE TABLE IF NOT EXISTS books (
        id SERIAL PRIMARY KEY,
        title TEXT NOT NULL,
        authors TEXT,
        price TEXT,
        rating TEXT
    );
    , parameters: None
[2024-11-10T14:08:43.062+0000] {taskinstance.py:340} INFO - ::group::Post task execution logs
[2024-11-10T14:08:43.063+0000] {taskinstance.py:352} INFO - Marking task as SUCCESS. dag_id=fetch_and_store_amazon_books, task_id=create_table, run_id=scheduled__2024-08-16T00:00:00+00:00, execution_date=20240816T000000, start_date=20241110T140842, end_date=20241110T140843
[2024-11-10T14:08:43.091+0000] {logging_mixin.py:190} INFO - Task instance in success state
[2024-11-10T14:08:43.095+0000] {logging_mixin.py:190} INFO -  Previous state of the Task instance: running
[2024-11-10T14:08:43.096+0000] {logging_mixin.py:190} INFO - Dag name:fetch_and_store_amazon_books queued_at:2024-11-10 14:08:27.315491+00:00
[2024-11-10T14:08:43.097+0000] {logging_mixin.py:190} INFO - Task hostname:0afc8c4a15bb operator:PostgresOperator
[2024-11-10T14:08:43.182+0000] {local_task_job_runner.py:266} INFO - Task exited with return code 0
[2024-11-10T14:08:43.239+0000] {taskinstance.py:3895} INFO - 1 downstream tasks scheduled from follow-on schedule check
[2024-11-10T14:08:43.244+0000] {local_task_job_runner.py:245} INFO - ::endgroup::
