[2024-11-10T11:37:31.242+0000] {local_task_job_runner.py:123} INFO - ::group::Pre task execution logs
[2024-11-10T11:37:31.287+0000] {taskinstance.py:2613} INFO - Dependencies all met for dep_context=non-requeueable deps ti=<TaskInstance: fetch_and_store_amazon_books.create_table scheduled__2024-07-15T00:00:00+00:00 [queued]>
[2024-11-10T11:37:31.306+0000] {taskinstance.py:2613} INFO - Dependencies all met for dep_context=requeueable deps ti=<TaskInstance: fetch_and_store_amazon_books.create_table scheduled__2024-07-15T00:00:00+00:00 [queued]>
[2024-11-10T11:37:31.307+0000] {taskinstance.py:2866} INFO - Starting attempt 1 of 2
[2024-11-10T11:37:31.332+0000] {taskinstance.py:2889} INFO - Executing <Task(PostgresOperator): create_table> on 2024-07-15 00:00:00+00:00
[2024-11-10T11:37:31.356+0000] {warnings.py:112} WARNING - /home/***/.local/lib/python3.12/site-packages/***/task/task_runner/standard_task_runner.py:70: DeprecationWarning: This process (pid=1430) is multi-threaded, use of fork() may lead to deadlocks in the child.
  pid = os.fork()

[2024-11-10T11:37:31.360+0000] {standard_task_runner.py:72} INFO - Started process 1470 to run task
[2024-11-10T11:37:31.361+0000] {standard_task_runner.py:104} INFO - Running: ['***', 'tasks', 'run', 'fetch_and_store_amazon_books', 'create_table', 'scheduled__2024-07-15T00:00:00+00:00', '--job-id', '95', '--raw', '--subdir', 'DAGS_FOLDER/app.py', '--cfg-path', '/tmp/tmpd1toyw2e']
[2024-11-10T11:37:31.363+0000] {standard_task_runner.py:105} INFO - Job 95: Subtask create_table
[2024-11-10T11:37:31.475+0000] {task_command.py:467} INFO - Running <TaskInstance: fetch_and_store_amazon_books.create_table scheduled__2024-07-15T00:00:00+00:00 [running]> on host 0afc8c4a15bb
[2024-11-10T11:37:31.706+0000] {taskinstance.py:3132} INFO - Exporting env vars: AIRFLOW_CTX_DAG_OWNER='***' AIRFLOW_CTX_DAG_ID='fetch_and_store_amazon_books' AIRFLOW_CTX_TASK_ID='create_table' AIRFLOW_CTX_EXECUTION_DATE='2024-07-15T00:00:00+00:00' AIRFLOW_CTX_TRY_NUMBER='1' AIRFLOW_CTX_DAG_RUN_ID='scheduled__2024-07-15T00:00:00+00:00'
[2024-11-10T11:37:31.709+0000] {logging_mixin.py:190} INFO - Task instance is in running state
[2024-11-10T11:37:31.709+0000] {logging_mixin.py:190} INFO -  Previous state of the Task instance: queued
[2024-11-10T11:37:31.710+0000] {logging_mixin.py:190} INFO - Current task name:create_table state:running start_date:2024-11-10 11:37:31.287814+00:00
[2024-11-10T11:37:31.710+0000] {logging_mixin.py:190} INFO - Dag name:fetch_and_store_amazon_books and current dag run status:running
[2024-11-10T11:37:31.710+0000] {taskinstance.py:731} INFO - ::endgroup::
[2024-11-10T11:37:31.710+0000] {sql.py:278} INFO - Executing: 
    CREATE TABLE IF NOT EXISTS books (
        id SERIAL PRIMARY KEY,
        title TEXT NOT NULL,
        authors TEXT,
        price TEXT,
        rating TEXT
    );
    
[2024-11-10T11:37:31.730+0000] {base.py:84} INFO - Retrieving connection 'books_connection'
[2024-11-10T11:37:31.755+0000] {base.py:84} INFO - Retrieving connection 'books_connection'
[2024-11-10T11:37:31.767+0000] {sql.py:544} INFO - Running statement: 
    CREATE TABLE IF NOT EXISTS books (
        id SERIAL PRIMARY KEY,
        title TEXT NOT NULL,
        authors TEXT,
        price TEXT,
        rating TEXT
    );
    , parameters: None
[2024-11-10T11:37:31.795+0000] {taskinstance.py:340} INFO - ::group::Post task execution logs
[2024-11-10T11:37:31.797+0000] {taskinstance.py:352} INFO - Marking task as SUCCESS. dag_id=fetch_and_store_amazon_books, task_id=create_table, run_id=scheduled__2024-07-15T00:00:00+00:00, execution_date=20240715T000000, start_date=20241110T113731, end_date=20241110T113731
[2024-11-10T11:37:31.824+0000] {logging_mixin.py:190} INFO - Task instance in success state
[2024-11-10T11:37:31.824+0000] {logging_mixin.py:190} INFO -  Previous state of the Task instance: running
[2024-11-10T11:37:31.825+0000] {logging_mixin.py:190} INFO - Dag name:fetch_and_store_amazon_books queued_at:2024-11-10 11:37:05.466085+00:00
[2024-11-10T11:37:31.827+0000] {logging_mixin.py:190} INFO - Task hostname:0afc8c4a15bb operator:PostgresOperator
[2024-11-10T11:37:31.872+0000] {local_task_job_runner.py:266} INFO - Task exited with return code 0
[2024-11-10T11:37:31.916+0000] {taskinstance.py:3895} INFO - 1 downstream tasks scheduled from follow-on schedule check
[2024-11-10T11:37:31.922+0000] {local_task_job_runner.py:245} INFO - ::endgroup::
[2024-11-10T14:07:15.060+0000] {local_task_job_runner.py:123} INFO - ::group::Pre task execution logs
[2024-11-10T14:07:15.108+0000] {taskinstance.py:2613} INFO - Dependencies all met for dep_context=non-requeueable deps ti=<TaskInstance: fetch_and_store_amazon_books.create_table scheduled__2024-07-15T00:00:00+00:00 [queued]>
[2024-11-10T14:07:15.129+0000] {taskinstance.py:2613} INFO - Dependencies all met for dep_context=requeueable deps ti=<TaskInstance: fetch_and_store_amazon_books.create_table scheduled__2024-07-15T00:00:00+00:00 [queued]>
[2024-11-10T14:07:15.130+0000] {taskinstance.py:2866} INFO - Starting attempt 1 of 2
[2024-11-10T14:07:15.165+0000] {taskinstance.py:2889} INFO - Executing <Task(PostgresOperator): create_table> on 2024-07-15 00:00:00+00:00
[2024-11-10T14:07:15.198+0000] {warnings.py:112} WARNING - /home/***/.local/lib/python3.12/site-packages/***/task/task_runner/standard_task_runner.py:70: DeprecationWarning: This process (pid=4163) is multi-threaded, use of fork() may lead to deadlocks in the child.
  pid = os.fork()

[2024-11-10T14:07:15.203+0000] {standard_task_runner.py:72} INFO - Started process 4200 to run task
[2024-11-10T14:07:15.204+0000] {standard_task_runner.py:104} INFO - Running: ['***', 'tasks', 'run', 'fetch_and_store_amazon_books', 'create_table', 'scheduled__2024-07-15T00:00:00+00:00', '--job-id', '311', '--raw', '--subdir', 'DAGS_FOLDER/app.py', '--cfg-path', '/tmp/tmp5d7t3wdy']
[2024-11-10T14:07:15.206+0000] {standard_task_runner.py:105} INFO - Job 311: Subtask create_table
[2024-11-10T14:07:15.352+0000] {task_command.py:467} INFO - Running <TaskInstance: fetch_and_store_amazon_books.create_table scheduled__2024-07-15T00:00:00+00:00 [running]> on host 0afc8c4a15bb
[2024-11-10T14:07:15.622+0000] {taskinstance.py:3132} INFO - Exporting env vars: AIRFLOW_CTX_DAG_OWNER='***' AIRFLOW_CTX_DAG_ID='fetch_and_store_amazon_books' AIRFLOW_CTX_TASK_ID='create_table' AIRFLOW_CTX_EXECUTION_DATE='2024-07-15T00:00:00+00:00' AIRFLOW_CTX_TRY_NUMBER='1' AIRFLOW_CTX_DAG_RUN_ID='scheduled__2024-07-15T00:00:00+00:00'
[2024-11-10T14:07:15.625+0000] {logging_mixin.py:190} INFO - Task instance is in running state
[2024-11-10T14:07:15.627+0000] {logging_mixin.py:190} INFO -  Previous state of the Task instance: queued
[2024-11-10T14:07:15.627+0000] {logging_mixin.py:190} INFO - Current task name:create_table state:running start_date:2024-11-10 14:07:15.109026+00:00
[2024-11-10T14:07:15.628+0000] {logging_mixin.py:190} INFO - Dag name:fetch_and_store_amazon_books and current dag run status:running
[2024-11-10T14:07:15.628+0000] {taskinstance.py:731} INFO - ::endgroup::
[2024-11-10T14:07:15.629+0000] {sql.py:278} INFO - Executing: 
    CREATE TABLE IF NOT EXISTS books (
        id SERIAL PRIMARY KEY,
        title TEXT NOT NULL,
        authors TEXT,
        price TEXT,
        rating TEXT
    );
    
[2024-11-10T14:07:15.649+0000] {base.py:84} INFO - Retrieving connection 'books_connection'
[2024-11-10T14:07:15.671+0000] {base.py:84} INFO - Retrieving connection 'books_connection'
[2024-11-10T14:07:15.681+0000] {sql.py:544} INFO - Running statement: 
    CREATE TABLE IF NOT EXISTS books (
        id SERIAL PRIMARY KEY,
        title TEXT NOT NULL,
        authors TEXT,
        price TEXT,
        rating TEXT
    );
    , parameters: None
[2024-11-10T14:07:15.706+0000] {taskinstance.py:340} INFO - ::group::Post task execution logs
[2024-11-10T14:07:15.707+0000] {taskinstance.py:352} INFO - Marking task as SUCCESS. dag_id=fetch_and_store_amazon_books, task_id=create_table, run_id=scheduled__2024-07-15T00:00:00+00:00, execution_date=20240715T000000, start_date=20241110T140715, end_date=20241110T140715
[2024-11-10T14:07:15.730+0000] {logging_mixin.py:190} INFO - Task instance in success state
[2024-11-10T14:07:15.731+0000] {logging_mixin.py:190} INFO -  Previous state of the Task instance: running
[2024-11-10T14:07:15.732+0000] {logging_mixin.py:190} INFO - Dag name:fetch_and_store_amazon_books queued_at:2024-11-10 14:06:51.582205+00:00
[2024-11-10T14:07:15.732+0000] {logging_mixin.py:190} INFO - Task hostname:0afc8c4a15bb operator:PostgresOperator
[2024-11-10T14:07:15.799+0000] {local_task_job_runner.py:266} INFO - Task exited with return code 0
[2024-11-10T14:07:15.851+0000] {taskinstance.py:3895} INFO - 1 downstream tasks scheduled from follow-on schedule check
[2024-11-10T14:07:15.857+0000] {local_task_job_runner.py:245} INFO - ::endgroup::
