[2024-11-10T11:43:01.129+0000] {local_task_job_runner.py:123} INFO - ::group::Pre task execution logs
[2024-11-10T11:43:01.156+0000] {taskinstance.py:2613} INFO - Dependencies all met for dep_context=non-requeueable deps ti=<TaskInstance: fetch_and_store_amazon_books.create_table scheduled__2024-07-23T00:00:00+00:00 [queued]>
[2024-11-10T11:43:01.168+0000] {taskinstance.py:2613} INFO - Dependencies all met for dep_context=requeueable deps ti=<TaskInstance: fetch_and_store_amazon_books.create_table scheduled__2024-07-23T00:00:00+00:00 [queued]>
[2024-11-10T11:43:01.168+0000] {taskinstance.py:2866} INFO - Starting attempt 1 of 2
[2024-11-10T11:43:01.187+0000] {taskinstance.py:2889} INFO - Executing <Task(PostgresOperator): create_table> on 2024-07-23 00:00:00+00:00
[2024-11-10T11:43:01.205+0000] {warnings.py:112} WARNING - /home/***/.local/lib/python3.12/site-packages/***/task/task_runner/standard_task_runner.py:70: DeprecationWarning: This process (pid=1705) is multi-threaded, use of fork() may lead to deadlocks in the child.
  pid = os.fork()

[2024-11-10T11:43:01.208+0000] {standard_task_runner.py:72} INFO - Started process 1715 to run task
[2024-11-10T11:43:01.210+0000] {standard_task_runner.py:104} INFO - Running: ['***', 'tasks', 'run', 'fetch_and_store_amazon_books', 'create_table', 'scheduled__2024-07-23T00:00:00+00:00', '--job-id', '142', '--raw', '--subdir', 'DAGS_FOLDER/app.py', '--cfg-path', '/tmp/tmp_pqz7peh']
[2024-11-10T11:43:01.211+0000] {standard_task_runner.py:105} INFO - Job 142: Subtask create_table
[2024-11-10T11:43:01.288+0000] {task_command.py:467} INFO - Running <TaskInstance: fetch_and_store_amazon_books.create_table scheduled__2024-07-23T00:00:00+00:00 [running]> on host 0afc8c4a15bb
[2024-11-10T11:43:01.396+0000] {taskinstance.py:3132} INFO - Exporting env vars: AIRFLOW_CTX_DAG_OWNER='***' AIRFLOW_CTX_DAG_ID='fetch_and_store_amazon_books' AIRFLOW_CTX_TASK_ID='create_table' AIRFLOW_CTX_EXECUTION_DATE='2024-07-23T00:00:00+00:00' AIRFLOW_CTX_TRY_NUMBER='1' AIRFLOW_CTX_DAG_RUN_ID='scheduled__2024-07-23T00:00:00+00:00'
[2024-11-10T11:43:01.398+0000] {logging_mixin.py:190} INFO - Task instance is in running state
[2024-11-10T11:43:01.399+0000] {logging_mixin.py:190} INFO -  Previous state of the Task instance: queued
[2024-11-10T11:43:01.399+0000] {logging_mixin.py:190} INFO - Current task name:create_table state:running start_date:2024-11-10 11:43:01.157296+00:00
[2024-11-10T11:43:01.400+0000] {logging_mixin.py:190} INFO - Dag name:fetch_and_store_amazon_books and current dag run status:running
[2024-11-10T11:43:01.400+0000] {taskinstance.py:731} INFO - ::endgroup::
[2024-11-10T11:43:01.400+0000] {sql.py:278} INFO - Executing: 
    CREATE TABLE IF NOT EXISTS books (
        id SERIAL PRIMARY KEY,
        title TEXT NOT NULL,
        authors TEXT,
        price TEXT,
        rating TEXT
    );
    
[2024-11-10T11:43:01.414+0000] {base.py:84} INFO - Retrieving connection 'books_connection'
[2024-11-10T11:43:01.425+0000] {base.py:84} INFO - Retrieving connection 'books_connection'
[2024-11-10T11:43:01.431+0000] {sql.py:544} INFO - Running statement: 
    CREATE TABLE IF NOT EXISTS books (
        id SERIAL PRIMARY KEY,
        title TEXT NOT NULL,
        authors TEXT,
        price TEXT,
        rating TEXT
    );
    , parameters: None
[2024-11-10T11:43:01.447+0000] {taskinstance.py:340} INFO - ::group::Post task execution logs
[2024-11-10T11:43:01.447+0000] {taskinstance.py:352} INFO - Marking task as SUCCESS. dag_id=fetch_and_store_amazon_books, task_id=create_table, run_id=scheduled__2024-07-23T00:00:00+00:00, execution_date=20240723T000000, start_date=20241110T114301, end_date=20241110T114301
[2024-11-10T11:43:01.458+0000] {logging_mixin.py:190} INFO - Task instance in success state
[2024-11-10T11:43:01.458+0000] {logging_mixin.py:190} INFO -  Previous state of the Task instance: running
[2024-11-10T11:43:01.458+0000] {logging_mixin.py:190} INFO - Dag name:fetch_and_store_amazon_books queued_at:2024-11-10 11:42:48.947329+00:00
[2024-11-10T11:43:01.459+0000] {logging_mixin.py:190} INFO - Task hostname:0afc8c4a15bb operator:PostgresOperator
[2024-11-10T11:43:01.504+0000] {local_task_job_runner.py:266} INFO - Task exited with return code 0
[2024-11-10T11:43:01.532+0000] {taskinstance.py:3895} INFO - 1 downstream tasks scheduled from follow-on schedule check
[2024-11-10T11:43:01.533+0000] {local_task_job_runner.py:245} INFO - ::endgroup::
[2024-11-10T14:07:47.046+0000] {local_task_job_runner.py:123} INFO - ::group::Pre task execution logs
[2024-11-10T14:07:47.090+0000] {taskinstance.py:2613} INFO - Dependencies all met for dep_context=non-requeueable deps ti=<TaskInstance: fetch_and_store_amazon_books.create_table scheduled__2024-07-23T00:00:00+00:00 [queued]>
[2024-11-10T14:07:47.107+0000] {taskinstance.py:2613} INFO - Dependencies all met for dep_context=requeueable deps ti=<TaskInstance: fetch_and_store_amazon_books.create_table scheduled__2024-07-23T00:00:00+00:00 [queued]>
[2024-11-10T14:07:47.108+0000] {taskinstance.py:2866} INFO - Starting attempt 1 of 2
[2024-11-10T14:07:47.147+0000] {taskinstance.py:2889} INFO - Executing <Task(PostgresOperator): create_table> on 2024-07-23 00:00:00+00:00
[2024-11-10T14:07:47.183+0000] {warnings.py:112} WARNING - /home/***/.local/lib/python3.12/site-packages/***/task/task_runner/standard_task_runner.py:70: DeprecationWarning: This process (pid=4314) is multi-threaded, use of fork() may lead to deadlocks in the child.
  pid = os.fork()

[2024-11-10T14:07:47.188+0000] {standard_task_runner.py:104} INFO - Running: ['***', 'tasks', 'run', 'fetch_and_store_amazon_books', 'create_table', 'scheduled__2024-07-23T00:00:00+00:00', '--job-id', '346', '--raw', '--subdir', 'DAGS_FOLDER/app.py', '--cfg-path', '/tmp/tmpct8o25wq']
[2024-11-10T14:07:47.191+0000] {standard_task_runner.py:72} INFO - Started process 4355 to run task
[2024-11-10T14:07:47.191+0000] {standard_task_runner.py:105} INFO - Job 346: Subtask create_table
[2024-11-10T14:07:47.476+0000] {task_command.py:467} INFO - Running <TaskInstance: fetch_and_store_amazon_books.create_table scheduled__2024-07-23T00:00:00+00:00 [running]> on host 0afc8c4a15bb
[2024-11-10T14:07:47.799+0000] {taskinstance.py:3132} INFO - Exporting env vars: AIRFLOW_CTX_DAG_OWNER='***' AIRFLOW_CTX_DAG_ID='fetch_and_store_amazon_books' AIRFLOW_CTX_TASK_ID='create_table' AIRFLOW_CTX_EXECUTION_DATE='2024-07-23T00:00:00+00:00' AIRFLOW_CTX_TRY_NUMBER='1' AIRFLOW_CTX_DAG_RUN_ID='scheduled__2024-07-23T00:00:00+00:00'
[2024-11-10T14:07:47.806+0000] {logging_mixin.py:190} INFO - Task instance is in running state
[2024-11-10T14:07:47.807+0000] {logging_mixin.py:190} INFO -  Previous state of the Task instance: queued
[2024-11-10T14:07:47.808+0000] {logging_mixin.py:190} INFO - Current task name:create_table state:running start_date:2024-11-10 14:07:47.090637+00:00
[2024-11-10T14:07:47.811+0000] {logging_mixin.py:190} INFO - Dag name:fetch_and_store_amazon_books and current dag run status:running
[2024-11-10T14:07:47.813+0000] {taskinstance.py:731} INFO - ::endgroup::
[2024-11-10T14:07:47.814+0000] {sql.py:278} INFO - Executing: 
    CREATE TABLE IF NOT EXISTS books (
        id SERIAL PRIMARY KEY,
        title TEXT NOT NULL,
        authors TEXT,
        price TEXT,
        rating TEXT
    );
    
[2024-11-10T14:07:47.850+0000] {base.py:84} INFO - Retrieving connection 'books_connection'
[2024-11-10T14:07:47.886+0000] {base.py:84} INFO - Retrieving connection 'books_connection'
[2024-11-10T14:07:47.905+0000] {sql.py:544} INFO - Running statement: 
    CREATE TABLE IF NOT EXISTS books (
        id SERIAL PRIMARY KEY,
        title TEXT NOT NULL,
        authors TEXT,
        price TEXT,
        rating TEXT
    );
    , parameters: None
[2024-11-10T14:07:47.947+0000] {taskinstance.py:340} INFO - ::group::Post task execution logs
[2024-11-10T14:07:47.950+0000] {taskinstance.py:352} INFO - Marking task as SUCCESS. dag_id=fetch_and_store_amazon_books, task_id=create_table, run_id=scheduled__2024-07-23T00:00:00+00:00, execution_date=20240723T000000, start_date=20241110T140747, end_date=20241110T140747
[2024-11-10T14:07:48.018+0000] {logging_mixin.py:190} INFO - Task instance in success state
[2024-11-10T14:07:48.018+0000] {logging_mixin.py:190} INFO -  Previous state of the Task instance: running
[2024-11-10T14:07:48.019+0000] {logging_mixin.py:190} INFO - Dag name:fetch_and_store_amazon_books queued_at:2024-11-10 14:07:30.530601+00:00
[2024-11-10T14:07:48.019+0000] {logging_mixin.py:190} INFO - Task hostname:0afc8c4a15bb operator:PostgresOperator
[2024-11-10T14:07:48.093+0000] {local_task_job_runner.py:266} INFO - Task exited with return code 0
[2024-11-10T14:07:48.172+0000] {taskinstance.py:3895} INFO - 1 downstream tasks scheduled from follow-on schedule check
[2024-11-10T14:07:48.180+0000] {local_task_job_runner.py:245} INFO - ::endgroup::
