[2024-11-10T11:31:29.893+0000] {local_task_job_runner.py:123} INFO - ::group::Pre task execution logs
[2024-11-10T11:31:29.948+0000] {taskinstance.py:2613} INFO - Dependencies all met for dep_context=non-requeueable deps ti=<TaskInstance: fetch_and_store_amazon_books.create_table scheduled__2024-06-26T00:00:00+00:00 [queued]>
[2024-11-10T11:31:29.979+0000] {taskinstance.py:2613} INFO - Dependencies all met for dep_context=requeueable deps ti=<TaskInstance: fetch_and_store_amazon_books.create_table scheduled__2024-06-26T00:00:00+00:00 [queued]>
[2024-11-10T11:31:29.980+0000] {taskinstance.py:2866} INFO - Starting attempt 1 of 2
[2024-11-10T11:31:30.024+0000] {taskinstance.py:2889} INFO - Executing <Task(PostgresOperator): create_table> on 2024-06-26 00:00:00+00:00
[2024-11-10T11:31:30.057+0000] {warnings.py:112} WARNING - /home/***/.local/lib/python3.12/site-packages/***/task/task_runner/standard_task_runner.py:70: DeprecationWarning: This process (pid=1100) is multi-threaded, use of fork() may lead to deadlocks in the child.
  pid = os.fork()

[2024-11-10T11:31:30.060+0000] {standard_task_runner.py:72} INFO - Started process 1169 to run task
[2024-11-10T11:31:30.064+0000] {standard_task_runner.py:104} INFO - Running: ['***', 'tasks', 'run', 'fetch_and_store_amazon_books', 'create_table', 'scheduled__2024-06-26T00:00:00+00:00', '--job-id', '35', '--raw', '--subdir', 'DAGS_FOLDER/app.py', '--cfg-path', '/tmp/tmp_16_tu8_']
[2024-11-10T11:31:30.066+0000] {standard_task_runner.py:105} INFO - Job 35: Subtask create_table
[2024-11-10T11:31:30.235+0000] {task_command.py:467} INFO - Running <TaskInstance: fetch_and_store_amazon_books.create_table scheduled__2024-06-26T00:00:00+00:00 [running]> on host 0afc8c4a15bb
[2024-11-10T11:31:30.494+0000] {taskinstance.py:3132} INFO - Exporting env vars: AIRFLOW_CTX_DAG_OWNER='***' AIRFLOW_CTX_DAG_ID='fetch_and_store_amazon_books' AIRFLOW_CTX_TASK_ID='create_table' AIRFLOW_CTX_EXECUTION_DATE='2024-06-26T00:00:00+00:00' AIRFLOW_CTX_TRY_NUMBER='1' AIRFLOW_CTX_DAG_RUN_ID='scheduled__2024-06-26T00:00:00+00:00'
[2024-11-10T11:31:30.498+0000] {logging_mixin.py:190} INFO - Task instance is in running state
[2024-11-10T11:31:30.498+0000] {logging_mixin.py:190} INFO -  Previous state of the Task instance: queued
[2024-11-10T11:31:30.499+0000] {logging_mixin.py:190} INFO - Current task name:create_table state:running start_date:2024-11-10 11:31:29.950432+00:00
[2024-11-10T11:31:30.499+0000] {logging_mixin.py:190} INFO - Dag name:fetch_and_store_amazon_books and current dag run status:running
[2024-11-10T11:31:30.500+0000] {taskinstance.py:731} INFO - ::endgroup::
[2024-11-10T11:31:30.500+0000] {sql.py:278} INFO - Executing: 
    CREATE TABLE IF NOT EXISTS books (
        id SERIAL PRIMARY KEY,
        title TEXT NOT NULL,
        authors TEXT,
        price TEXT,
        rating TEXT
    );
    
[2024-11-10T11:31:30.542+0000] {base.py:84} INFO - Retrieving connection 'books_connection'
[2024-11-10T11:31:30.565+0000] {base.py:84} INFO - Retrieving connection 'books_connection'
[2024-11-10T11:31:30.577+0000] {sql.py:544} INFO - Running statement: 
    CREATE TABLE IF NOT EXISTS books (
        id SERIAL PRIMARY KEY,
        title TEXT NOT NULL,
        authors TEXT,
        price TEXT,
        rating TEXT
    );
    , parameters: None
[2024-11-10T11:31:30.603+0000] {taskinstance.py:340} INFO - ::group::Post task execution logs
[2024-11-10T11:31:30.604+0000] {taskinstance.py:352} INFO - Marking task as SUCCESS. dag_id=fetch_and_store_amazon_books, task_id=create_table, run_id=scheduled__2024-06-26T00:00:00+00:00, execution_date=20240626T000000, start_date=20241110T113129, end_date=20241110T113130
[2024-11-10T11:31:30.625+0000] {logging_mixin.py:190} INFO - Task instance in success state
[2024-11-10T11:31:30.625+0000] {logging_mixin.py:190} INFO -  Previous state of the Task instance: running
[2024-11-10T11:31:30.626+0000] {logging_mixin.py:190} INFO - Dag name:fetch_and_store_amazon_books queued_at:2024-11-10 11:30:17.498212+00:00
[2024-11-10T11:31:30.626+0000] {logging_mixin.py:190} INFO - Task hostname:0afc8c4a15bb operator:PostgresOperator
[2024-11-10T11:31:30.687+0000] {local_task_job_runner.py:266} INFO - Task exited with return code 0
[2024-11-10T11:31:30.760+0000] {taskinstance.py:3895} INFO - 1 downstream tasks scheduled from follow-on schedule check
[2024-11-10T11:31:30.770+0000] {local_task_job_runner.py:245} INFO - ::endgroup::
[2024-11-10T14:06:22.346+0000] {local_task_job_runner.py:123} INFO - ::group::Pre task execution logs
[2024-11-10T14:06:22.415+0000] {taskinstance.py:2613} INFO - Dependencies all met for dep_context=non-requeueable deps ti=<TaskInstance: fetch_and_store_amazon_books.create_table scheduled__2024-06-26T00:00:00+00:00 [queued]>
[2024-11-10T14:06:22.446+0000] {taskinstance.py:2613} INFO - Dependencies all met for dep_context=requeueable deps ti=<TaskInstance: fetch_and_store_amazon_books.create_table scheduled__2024-06-26T00:00:00+00:00 [queued]>
[2024-11-10T14:06:22.447+0000] {taskinstance.py:2866} INFO - Starting attempt 1 of 2
[2024-11-10T14:06:22.497+0000] {taskinstance.py:2889} INFO - Executing <Task(PostgresOperator): create_table> on 2024-06-26 00:00:00+00:00
[2024-11-10T14:06:22.581+0000] {standard_task_runner.py:104} INFO - Running: ['***', 'tasks', 'run', 'fetch_and_store_amazon_books', 'create_table', 'scheduled__2024-06-26T00:00:00+00:00', '--job-id', '254', '--raw', '--subdir', 'DAGS_FOLDER/app.py', '--cfg-path', '/tmp/tmpbk0_k5ik']
[2024-11-10T14:06:22.581+0000] {warnings.py:112} WARNING - /home/***/.local/lib/python3.12/site-packages/***/task/task_runner/standard_task_runner.py:70: DeprecationWarning: This process (pid=3949) is multi-threaded, use of fork() may lead to deadlocks in the child.
  pid = os.fork()

[2024-11-10T14:06:22.585+0000] {standard_task_runner.py:72} INFO - Started process 3984 to run task
[2024-11-10T14:06:22.584+0000] {standard_task_runner.py:105} INFO - Job 254: Subtask create_table
[2024-11-10T14:06:22.767+0000] {task_command.py:467} INFO - Running <TaskInstance: fetch_and_store_amazon_books.create_table scheduled__2024-06-26T00:00:00+00:00 [running]> on host 0afc8c4a15bb
[2024-11-10T14:06:22.991+0000] {taskinstance.py:3132} INFO - Exporting env vars: AIRFLOW_CTX_DAG_OWNER='***' AIRFLOW_CTX_DAG_ID='fetch_and_store_amazon_books' AIRFLOW_CTX_TASK_ID='create_table' AIRFLOW_CTX_EXECUTION_DATE='2024-06-26T00:00:00+00:00' AIRFLOW_CTX_TRY_NUMBER='1' AIRFLOW_CTX_DAG_RUN_ID='scheduled__2024-06-26T00:00:00+00:00'
[2024-11-10T14:06:23.007+0000] {logging_mixin.py:190} INFO - Task instance is in running state
[2024-11-10T14:06:23.010+0000] {logging_mixin.py:190} INFO -  Previous state of the Task instance: queued
[2024-11-10T14:06:23.014+0000] {logging_mixin.py:190} INFO - Current task name:create_table state:running start_date:2024-11-10 14:06:22.417176+00:00
[2024-11-10T14:06:23.015+0000] {logging_mixin.py:190} INFO - Dag name:fetch_and_store_amazon_books and current dag run status:running
[2024-11-10T14:06:23.016+0000] {taskinstance.py:731} INFO - ::endgroup::
[2024-11-10T14:06:23.020+0000] {sql.py:278} INFO - Executing: 
    CREATE TABLE IF NOT EXISTS books (
        id SERIAL PRIMARY KEY,
        title TEXT NOT NULL,
        authors TEXT,
        price TEXT,
        rating TEXT
    );
    
[2024-11-10T14:06:23.077+0000] {base.py:84} INFO - Retrieving connection 'books_connection'
[2024-11-10T14:06:23.150+0000] {base.py:84} INFO - Retrieving connection 'books_connection'
[2024-11-10T14:06:23.207+0000] {sql.py:544} INFO - Running statement: 
    CREATE TABLE IF NOT EXISTS books (
        id SERIAL PRIMARY KEY,
        title TEXT NOT NULL,
        authors TEXT,
        price TEXT,
        rating TEXT
    );
    , parameters: None
[2024-11-10T14:06:23.297+0000] {taskinstance.py:340} INFO - ::group::Post task execution logs
[2024-11-10T14:06:23.298+0000] {taskinstance.py:352} INFO - Marking task as SUCCESS. dag_id=fetch_and_store_amazon_books, task_id=create_table, run_id=scheduled__2024-06-26T00:00:00+00:00, execution_date=20240626T000000, start_date=20241110T140622, end_date=20241110T140623
[2024-11-10T14:06:23.618+0000] {logging_mixin.py:190} INFO - Task instance in success state
[2024-11-10T14:06:23.619+0000] {logging_mixin.py:190} INFO -  Previous state of the Task instance: running
[2024-11-10T14:06:23.627+0000] {logging_mixin.py:190} INFO - Dag name:fetch_and_store_amazon_books queued_at:2024-11-10 14:05:19.483118+00:00
[2024-11-10T14:06:23.628+0000] {logging_mixin.py:190} INFO - Task hostname:0afc8c4a15bb operator:PostgresOperator
[2024-11-10T14:06:23.722+0000] {local_task_job_runner.py:266} INFO - Task exited with return code 0
[2024-11-10T14:06:23.825+0000] {taskinstance.py:3895} INFO - 1 downstream tasks scheduled from follow-on schedule check
[2024-11-10T14:06:23.836+0000] {local_task_job_runner.py:245} INFO - ::endgroup::
