[2024-11-10T11:30:54.815+0000] {local_task_job_runner.py:123} INFO - ::group::Pre task execution logs
[2024-11-10T11:30:54.875+0000] {taskinstance.py:2613} INFO - Dependencies all met for dep_context=non-requeueable deps ti=<TaskInstance: fetch_and_store_amazon_books.fetch_book_data scheduled__2024-06-30T00:00:00+00:00 [queued]>
[2024-11-10T11:30:54.903+0000] {taskinstance.py:2613} INFO - Dependencies all met for dep_context=requeueable deps ti=<TaskInstance: fetch_and_store_amazon_books.fetch_book_data scheduled__2024-06-30T00:00:00+00:00 [queued]>
[2024-11-10T11:30:54.904+0000] {taskinstance.py:2866} INFO - Starting attempt 1 of 2
[2024-11-10T11:30:54.956+0000] {taskinstance.py:2889} INFO - Executing <Task(PythonOperator): fetch_book_data> on 2024-06-30 00:00:00+00:00
[2024-11-10T11:30:55.008+0000] {standard_task_runner.py:104} INFO - Running: ['***', 'tasks', 'run', 'fetch_and_store_amazon_books', 'fetch_book_data', 'scheduled__2024-06-30T00:00:00+00:00', '--job-id', '17', '--raw', '--subdir', 'DAGS_FOLDER/app.py', '--cfg-path', '/tmp/tmp0f31yuoz']
[2024-11-10T11:30:55.000+0000] {warnings.py:112} WARNING - /home/***/.local/lib/python3.12/site-packages/***/task/task_runner/standard_task_runner.py:70: DeprecationWarning: This process (pid=1031) is multi-threaded, use of fork() may lead to deadlocks in the child.
  pid = os.fork()

[2024-11-10T11:30:55.012+0000] {standard_task_runner.py:72} INFO - Started process 1090 to run task
[2024-11-10T11:30:55.016+0000] {standard_task_runner.py:105} INFO - Job 17: Subtask fetch_book_data
[2024-11-10T11:30:55.317+0000] {task_command.py:467} INFO - Running <TaskInstance: fetch_and_store_amazon_books.fetch_book_data scheduled__2024-06-30T00:00:00+00:00 [running]> on host 0afc8c4a15bb
[2024-11-10T11:30:55.777+0000] {taskinstance.py:3132} INFO - Exporting env vars: AIRFLOW_CTX_DAG_OWNER='***' AIRFLOW_CTX_DAG_ID='fetch_and_store_amazon_books' AIRFLOW_CTX_TASK_ID='fetch_book_data' AIRFLOW_CTX_EXECUTION_DATE='2024-06-30T00:00:00+00:00' AIRFLOW_CTX_TRY_NUMBER='1' AIRFLOW_CTX_DAG_RUN_ID='scheduled__2024-06-30T00:00:00+00:00'
[2024-11-10T11:30:55.780+0000] {logging_mixin.py:190} INFO - Task instance is in running state
[2024-11-10T11:30:55.781+0000] {logging_mixin.py:190} INFO -  Previous state of the Task instance: queued
[2024-11-10T11:30:55.781+0000] {logging_mixin.py:190} INFO - Current task name:fetch_book_data state:running start_date:2024-11-10 11:30:54.876269+00:00
[2024-11-10T11:30:55.781+0000] {logging_mixin.py:190} INFO - Dag name:fetch_and_store_amazon_books and current dag run status:running
[2024-11-10T11:30:55.782+0000] {taskinstance.py:731} INFO - ::endgroup::
[2024-11-10T11:30:56.807+0000] {logging_mixin.py:190} INFO - Failed to retrieve the page
[2024-11-10T11:30:56.932+0000] {python.py:240} INFO - Done. Returned value was: None
[2024-11-10T11:30:56.978+0000] {taskinstance.py:340} INFO - ::group::Post task execution logs
[2024-11-10T11:30:56.985+0000] {taskinstance.py:352} INFO - Marking task as SUCCESS. dag_id=fetch_and_store_amazon_books, task_id=fetch_book_data, run_id=scheduled__2024-06-30T00:00:00+00:00, execution_date=20240630T000000, start_date=20241110T113054, end_date=20241110T113056
[2024-11-10T11:30:57.288+0000] {logging_mixin.py:190} INFO - Task instance in success state
[2024-11-10T11:30:57.288+0000] {logging_mixin.py:190} INFO -  Previous state of the Task instance: running
[2024-11-10T11:30:57.288+0000] {logging_mixin.py:190} INFO - Dag name:fetch_and_store_amazon_books queued_at:2024-11-10 11:30:18.298539+00:00
[2024-11-10T11:30:57.289+0000] {logging_mixin.py:190} INFO - Task hostname:0afc8c4a15bb operator:PythonOperator
[2024-11-10T11:30:57.351+0000] {local_task_job_runner.py:266} INFO - Task exited with return code 0
[2024-11-10T11:30:57.458+0000] {taskinstance.py:3895} INFO - 1 downstream tasks scheduled from follow-on schedule check
[2024-11-10T11:30:57.464+0000] {local_task_job_runner.py:245} INFO - ::endgroup::
[2024-11-10T14:06:11.289+0000] {local_task_job_runner.py:123} INFO - ::group::Pre task execution logs
[2024-11-10T14:06:11.362+0000] {taskinstance.py:2613} INFO - Dependencies all met for dep_context=non-requeueable deps ti=<TaskInstance: fetch_and_store_amazon_books.fetch_book_data scheduled__2024-06-30T00:00:00+00:00 [queued]>
[2024-11-10T14:06:11.378+0000] {taskinstance.py:2613} INFO - Dependencies all met for dep_context=requeueable deps ti=<TaskInstance: fetch_and_store_amazon_books.fetch_book_data scheduled__2024-06-30T00:00:00+00:00 [queued]>
[2024-11-10T14:06:11.379+0000] {taskinstance.py:2866} INFO - Starting attempt 1 of 2
[2024-11-10T14:06:11.409+0000] {taskinstance.py:2889} INFO - Executing <Task(PythonOperator): fetch_book_data> on 2024-06-30 00:00:00+00:00
[2024-11-10T14:06:11.452+0000] {warnings.py:112} WARNING - /home/***/.local/lib/python3.12/site-packages/***/task/task_runner/standard_task_runner.py:70: DeprecationWarning: This process (pid=3903) is multi-threaded, use of fork() may lead to deadlocks in the child.
  pid = os.fork()

[2024-11-10T14:06:11.472+0000] {standard_task_runner.py:72} INFO - Started process 3944 to run task
[2024-11-10T14:06:11.471+0000] {standard_task_runner.py:104} INFO - Running: ['***', 'tasks', 'run', 'fetch_and_store_amazon_books', 'fetch_book_data', 'scheduled__2024-06-30T00:00:00+00:00', '--job-id', '249', '--raw', '--subdir', 'DAGS_FOLDER/app.py', '--cfg-path', '/tmp/tmpwljd0ow2']
[2024-11-10T14:06:11.478+0000] {standard_task_runner.py:105} INFO - Job 249: Subtask fetch_book_data
[2024-11-10T14:06:11.678+0000] {task_command.py:467} INFO - Running <TaskInstance: fetch_and_store_amazon_books.fetch_book_data scheduled__2024-06-30T00:00:00+00:00 [running]> on host 0afc8c4a15bb
[2024-11-10T14:06:11.970+0000] {taskinstance.py:3132} INFO - Exporting env vars: AIRFLOW_CTX_DAG_OWNER='***' AIRFLOW_CTX_DAG_ID='fetch_and_store_amazon_books' AIRFLOW_CTX_TASK_ID='fetch_book_data' AIRFLOW_CTX_EXECUTION_DATE='2024-06-30T00:00:00+00:00' AIRFLOW_CTX_TRY_NUMBER='1' AIRFLOW_CTX_DAG_RUN_ID='scheduled__2024-06-30T00:00:00+00:00'
[2024-11-10T14:06:11.976+0000] {logging_mixin.py:190} INFO - Task instance is in running state
[2024-11-10T14:06:11.977+0000] {logging_mixin.py:190} INFO -  Previous state of the Task instance: queued
[2024-11-10T14:06:11.977+0000] {logging_mixin.py:190} INFO - Current task name:fetch_book_data state:running start_date:2024-11-10 14:06:11.363149+00:00
[2024-11-10T14:06:11.977+0000] {logging_mixin.py:190} INFO - Dag name:fetch_and_store_amazon_books and current dag run status:running
[2024-11-10T14:06:11.978+0000] {taskinstance.py:731} INFO - ::endgroup::
[2024-11-10T14:06:12.072+0000] {app.py:32} ERROR - Failed to retrieve page 1: ('Connection aborted.', ConnectionResetError(104, 'Connection reset by peer'))
[2024-11-10T14:06:12.161+0000] {python.py:240} INFO - Done. Returned value was: None
[2024-11-10T14:06:12.189+0000] {taskinstance.py:340} INFO - ::group::Post task execution logs
[2024-11-10T14:06:12.190+0000] {taskinstance.py:352} INFO - Marking task as SUCCESS. dag_id=fetch_and_store_amazon_books, task_id=fetch_book_data, run_id=scheduled__2024-06-30T00:00:00+00:00, execution_date=20240630T000000, start_date=20241110T140611, end_date=20241110T140612
[2024-11-10T14:06:12.212+0000] {logging_mixin.py:190} INFO - Task instance in success state
[2024-11-10T14:06:12.213+0000] {logging_mixin.py:190} INFO -  Previous state of the Task instance: running
[2024-11-10T14:06:12.214+0000] {logging_mixin.py:190} INFO - Dag name:fetch_and_store_amazon_books queued_at:2024-11-10 14:05:20.612066+00:00
[2024-11-10T14:06:12.214+0000] {logging_mixin.py:190} INFO - Task hostname:0afc8c4a15bb operator:PythonOperator
[2024-11-10T14:06:12.281+0000] {local_task_job_runner.py:266} INFO - Task exited with return code 0
[2024-11-10T14:06:12.312+0000] {local_task_job_runner.py:245} INFO - ::endgroup::
