[2024-11-10T11:31:24.621+0000] {local_task_job_runner.py:123} INFO - ::group::Pre task execution logs
[2024-11-10T11:31:24.793+0000] {taskinstance.py:2613} INFO - Dependencies all met for dep_context=non-requeueable deps ti=<TaskInstance: fetch_and_store_amazon_books.create_table scheduled__2024-06-25T00:00:00+00:00 [queued]>
[2024-11-10T11:31:24.846+0000] {taskinstance.py:2613} INFO - Dependencies all met for dep_context=requeueable deps ti=<TaskInstance: fetch_and_store_amazon_books.create_table scheduled__2024-06-25T00:00:00+00:00 [queued]>
[2024-11-10T11:31:24.848+0000] {taskinstance.py:2866} INFO - Starting attempt 1 of 2
[2024-11-10T11:31:24.906+0000] {taskinstance.py:2889} INFO - Executing <Task(PostgresOperator): create_table> on 2024-06-25 00:00:00+00:00
[2024-11-10T11:31:25.016+0000] {warnings.py:112} WARNING - /home/***/.local/lib/python3.12/site-packages/***/task/task_runner/standard_task_runner.py:70: DeprecationWarning: This process (pid=1103) is multi-threaded, use of fork() may lead to deadlocks in the child.
  pid = os.fork()

[2024-11-10T11:31:25.022+0000] {standard_task_runner.py:72} INFO - Started process 1152 to run task
[2024-11-10T11:31:25.066+0000] {standard_task_runner.py:104} INFO - Running: ['***', 'tasks', 'run', 'fetch_and_store_amazon_books', 'create_table', 'scheduled__2024-06-25T00:00:00+00:00', '--job-id', '31', '--raw', '--subdir', 'DAGS_FOLDER/app.py', '--cfg-path', '/tmp/tmps2s85u84']
[2024-11-10T11:31:25.071+0000] {standard_task_runner.py:105} INFO - Job 31: Subtask create_table
[2024-11-10T11:31:25.331+0000] {task_command.py:467} INFO - Running <TaskInstance: fetch_and_store_amazon_books.create_table scheduled__2024-06-25T00:00:00+00:00 [running]> on host 0afc8c4a15bb
[2024-11-10T11:31:25.741+0000] {taskinstance.py:3132} INFO - Exporting env vars: AIRFLOW_CTX_DAG_OWNER='***' AIRFLOW_CTX_DAG_ID='fetch_and_store_amazon_books' AIRFLOW_CTX_TASK_ID='create_table' AIRFLOW_CTX_EXECUTION_DATE='2024-06-25T00:00:00+00:00' AIRFLOW_CTX_TRY_NUMBER='1' AIRFLOW_CTX_DAG_RUN_ID='scheduled__2024-06-25T00:00:00+00:00'
[2024-11-10T11:31:25.744+0000] {logging_mixin.py:190} INFO - Task instance is in running state
[2024-11-10T11:31:25.745+0000] {logging_mixin.py:190} INFO -  Previous state of the Task instance: queued
[2024-11-10T11:31:25.746+0000] {logging_mixin.py:190} INFO - Current task name:create_table state:running start_date:2024-11-10 11:31:24.794774+00:00
[2024-11-10T11:31:25.746+0000] {logging_mixin.py:190} INFO - Dag name:fetch_and_store_amazon_books and current dag run status:running
[2024-11-10T11:31:25.747+0000] {taskinstance.py:731} INFO - ::endgroup::
[2024-11-10T11:31:25.747+0000] {sql.py:278} INFO - Executing: 
    CREATE TABLE IF NOT EXISTS books (
        id SERIAL PRIMARY KEY,
        title TEXT NOT NULL,
        authors TEXT,
        price TEXT,
        rating TEXT
    );
    
[2024-11-10T11:31:25.818+0000] {base.py:84} INFO - Retrieving connection 'books_connection'
[2024-11-10T11:31:25.891+0000] {base.py:84} INFO - Retrieving connection 'books_connection'
[2024-11-10T11:31:25.915+0000] {sql.py:544} INFO - Running statement: 
    CREATE TABLE IF NOT EXISTS books (
        id SERIAL PRIMARY KEY,
        title TEXT NOT NULL,
        authors TEXT,
        price TEXT,
        rating TEXT
    );
    , parameters: None
[2024-11-10T11:31:25.970+0000] {taskinstance.py:340} INFO - ::group::Post task execution logs
[2024-11-10T11:31:25.971+0000] {taskinstance.py:352} INFO - Marking task as SUCCESS. dag_id=fetch_and_store_amazon_books, task_id=create_table, run_id=scheduled__2024-06-25T00:00:00+00:00, execution_date=20240625T000000, start_date=20241110T113124, end_date=20241110T113125
[2024-11-10T11:31:26.017+0000] {logging_mixin.py:190} INFO - Task instance in success state
[2024-11-10T11:31:26.017+0000] {logging_mixin.py:190} INFO -  Previous state of the Task instance: running
[2024-11-10T11:31:26.018+0000] {logging_mixin.py:190} INFO - Dag name:fetch_and_store_amazon_books queued_at:2024-11-10 11:30:17.312387+00:00
[2024-11-10T11:31:26.018+0000] {logging_mixin.py:190} INFO - Task hostname:0afc8c4a15bb operator:PostgresOperator
[2024-11-10T11:31:26.070+0000] {local_task_job_runner.py:266} INFO - Task exited with return code 0
[2024-11-10T11:31:26.126+0000] {taskinstance.py:3895} INFO - 1 downstream tasks scheduled from follow-on schedule check
[2024-11-10T11:31:26.131+0000] {local_task_job_runner.py:245} INFO - ::endgroup::
[2024-11-10T14:06:22.704+0000] {local_task_job_runner.py:123} INFO - ::group::Pre task execution logs
[2024-11-10T14:06:22.779+0000] {taskinstance.py:2613} INFO - Dependencies all met for dep_context=non-requeueable deps ti=<TaskInstance: fetch_and_store_amazon_books.create_table scheduled__2024-06-25T00:00:00+00:00 [queued]>
[2024-11-10T14:06:22.809+0000] {taskinstance.py:2613} INFO - Dependencies all met for dep_context=requeueable deps ti=<TaskInstance: fetch_and_store_amazon_books.create_table scheduled__2024-06-25T00:00:00+00:00 [queued]>
[2024-11-10T14:06:22.810+0000] {taskinstance.py:2866} INFO - Starting attempt 1 of 2
[2024-11-10T14:06:23.023+0000] {taskinstance.py:2889} INFO - Executing <Task(PostgresOperator): create_table> on 2024-06-25 00:00:00+00:00
[2024-11-10T14:06:23.120+0000] {warnings.py:112} WARNING - /home/***/.local/lib/python3.12/site-packages/***/task/task_runner/standard_task_runner.py:70: DeprecationWarning: This process (pid=3950) is multi-threaded, use of fork() may lead to deadlocks in the child.
  pid = os.fork()

[2024-11-10T14:06:23.143+0000] {standard_task_runner.py:72} INFO - Started process 3997 to run task
[2024-11-10T14:06:23.160+0000] {standard_task_runner.py:104} INFO - Running: ['***', 'tasks', 'run', 'fetch_and_store_amazon_books', 'create_table', 'scheduled__2024-06-25T00:00:00+00:00', '--job-id', '257', '--raw', '--subdir', 'DAGS_FOLDER/app.py', '--cfg-path', '/tmp/tmport1i71b']
[2024-11-10T14:06:23.169+0000] {standard_task_runner.py:105} INFO - Job 257: Subtask create_table
[2024-11-10T14:06:23.586+0000] {task_command.py:467} INFO - Running <TaskInstance: fetch_and_store_amazon_books.create_table scheduled__2024-06-25T00:00:00+00:00 [running]> on host 0afc8c4a15bb
[2024-11-10T14:06:23.915+0000] {taskinstance.py:3132} INFO - Exporting env vars: AIRFLOW_CTX_DAG_OWNER='***' AIRFLOW_CTX_DAG_ID='fetch_and_store_amazon_books' AIRFLOW_CTX_TASK_ID='create_table' AIRFLOW_CTX_EXECUTION_DATE='2024-06-25T00:00:00+00:00' AIRFLOW_CTX_TRY_NUMBER='1' AIRFLOW_CTX_DAG_RUN_ID='scheduled__2024-06-25T00:00:00+00:00'
[2024-11-10T14:06:23.920+0000] {logging_mixin.py:190} INFO - Task instance is in running state
[2024-11-10T14:06:23.921+0000] {logging_mixin.py:190} INFO -  Previous state of the Task instance: queued
[2024-11-10T14:06:23.921+0000] {logging_mixin.py:190} INFO - Current task name:create_table state:running start_date:2024-11-10 14:06:22.780570+00:00
[2024-11-10T14:06:23.922+0000] {logging_mixin.py:190} INFO - Dag name:fetch_and_store_amazon_books and current dag run status:running
[2024-11-10T14:06:23.922+0000] {taskinstance.py:731} INFO - ::endgroup::
[2024-11-10T14:06:23.922+0000] {sql.py:278} INFO - Executing: 
    CREATE TABLE IF NOT EXISTS books (
        id SERIAL PRIMARY KEY,
        title TEXT NOT NULL,
        authors TEXT,
        price TEXT,
        rating TEXT
    );
    
[2024-11-10T14:06:23.972+0000] {base.py:84} INFO - Retrieving connection 'books_connection'
[2024-11-10T14:06:24.021+0000] {base.py:84} INFO - Retrieving connection 'books_connection'
[2024-11-10T14:06:24.052+0000] {sql.py:544} INFO - Running statement: 
    CREATE TABLE IF NOT EXISTS books (
        id SERIAL PRIMARY KEY,
        title TEXT NOT NULL,
        authors TEXT,
        price TEXT,
        rating TEXT
    );
    , parameters: None
[2024-11-10T14:06:24.127+0000] {taskinstance.py:340} INFO - ::group::Post task execution logs
[2024-11-10T14:06:24.132+0000] {taskinstance.py:352} INFO - Marking task as SUCCESS. dag_id=fetch_and_store_amazon_books, task_id=create_table, run_id=scheduled__2024-06-25T00:00:00+00:00, execution_date=20240625T000000, start_date=20241110T140622, end_date=20241110T140624
[2024-11-10T14:06:24.175+0000] {logging_mixin.py:190} INFO - Task instance in success state
[2024-11-10T14:06:24.184+0000] {logging_mixin.py:190} INFO -  Previous state of the Task instance: running
[2024-11-10T14:06:24.187+0000] {logging_mixin.py:190} INFO - Dag name:fetch_and_store_amazon_books queued_at:2024-11-10 14:05:19.239270+00:00
[2024-11-10T14:06:24.190+0000] {logging_mixin.py:190} INFO - Task hostname:0afc8c4a15bb operator:PostgresOperator
[2024-11-10T14:06:24.272+0000] {local_task_job_runner.py:266} INFO - Task exited with return code 0
[2024-11-10T14:06:24.341+0000] {taskinstance.py:3895} INFO - 1 downstream tasks scheduled from follow-on schedule check
[2024-11-10T14:06:24.347+0000] {local_task_job_runner.py:245} INFO - ::endgroup::
